Clock: clk
Sources: clk 
Generated: no
Virtual: yes
Propagated: no
Period: 5.000000

===========================================================================
report_clock_properties
============================================================================
Clock                   Period          Waveform
----------------------------------------------------
clk                   5.000000    0.000000  2.500000

===========================================================================
report_clock_latency
============================================================================
Clock clk
rise -> rise
    min     max
0.000000 0.000000 source latency
0.122850         network latency _295_/CLK
        0.123984 network latency _296_/CLK
---------------
0.122850 0.123984 latency
        0.001135 skew

fall -> fall
    min     max
0.000000 0.000000 source latency
0.134577         network latency _295_/CLK
        0.135740 network latency _296_/CLK
---------------
0.134577 0.135740 latency
        0.001163 skew



===========================================================================
report_clock_min_period
============================================================================
clk period_min = 1.81 fmax = 552.54
