Clock: clk
Sources: clk 
Generated: no
Virtual: yes
Propagated: no
Period: 5.000000

===========================================================================
report_clock_properties
============================================================================
Clock                   Period          Waveform
----------------------------------------------------
clk                   5.000000    0.000000  2.500000

===========================================================================
report_clock_latency
============================================================================
Clock clk
rise -> rise
    min     max
0.000000 0.000000 source latency
0.000310         network latency _299_/CLK
        0.000547 network latency _294_/CLK
---------------
0.000310 0.000547 latency
        0.000237 skew

fall -> fall
    min     max
0.000000 0.000000 source latency
0.000277         network latency _299_/CLK
        0.000488 network latency _294_/CLK
---------------
0.000277 0.000488 latency
        0.000211 skew



===========================================================================
report_clock_min_period
============================================================================
clk period_min = 1.49 fmax = 670.95
