Using 12 threads…
Using a tile size of (500 µm)²…
Reading /home/designer/shared/BASIC/current_generator/digital/DigitalSine/runs/RUN_2026-02-26_20-53-18/57-magic-streamout/DigitalSine.magic.gds ..
Reading /home/designer/shared/BASIC/current_generator/digital/DigitalSine/runs/RUN_2026-02-26_20-53-18/58-klayout-streamout/DigitalSine.klayout.gds ..
--- Running XOR for layer 1/0 ---
"input" in: xor.drc:109
    Polygons (raw): 1343 (flat)  156 (hierarchical)
    Elapsed: 0.000s  Memory: 412.00M
"input" in: xor.drc:109
    Polygons (raw): 1343 (flat)  156 (hierarchical)
    Elapsed: 0.000s  Memory: 412.00M
"^" in: xor.drc:109
    Polygons (raw): 0 (flat)  0 (hierarchical)
    Elapsed: 0.020s  Memory: 415.00M
XOR differences: 0
"output" in: xor.drc:86
    Polygons (raw): 0 (flat)  0 (hierarchical)
    Elapsed: 0.000s  Memory: 415.00M
--- Running XOR for layer 10/0 ---
"input" in: xor.drc:109
    Polygons (raw): 1900 (flat)  1900 (hierarchical)
    Elapsed: 0.000s  Memory: 415.00M
"input" in: xor.drc:109
    Polygons (raw): 2467 (flat)  1138 (hierarchical)
    Elapsed: 0.000s  Memory: 415.00M
"^" in: xor.drc:109
    Polygons (raw): 0 (flat)  0 (hierarchical)
    Elapsed: 0.020s  Memory: 417.00M
XOR differences: 0
"output" in: xor.drc:86
    Polygons (raw): 0 (flat)  0 (hierarchical)
    Elapsed: 0.000s  Memory: 417.00M
--- Running XOR for layer 10/2 ---
"input" in: xor.drc:109
    Polygons (raw): 18 (flat)  18 (hierarchical)
    Elapsed: 0.000s  Memory: 417.00M
"input" in: xor.drc:109
    Polygons (raw): 18 (flat)  18 (hierarchical)
    Elapsed: 0.000s  Memory: 417.00M
"^" in: xor.drc:109
    Polygons (raw): 0 (flat)  0 (hierarchical)
    Elapsed: 0.000s  Memory: 417.00M
XOR differences: 0
"output" in: xor.drc:86
    Polygons (raw): 0 (flat)  0 (hierarchical)
    Elapsed: 0.000s  Memory: 417.00M
--- Running XOR for layer 10/25 ---
"input" in: xor.drc:109
    Polygons (raw): 0 (flat)  0 (hierarchical)
    Elapsed: 0.000s  Memory: 417.00M
"input" in: xor.drc:109
    Polygons (raw): 0 (flat)  0 (hierarchical)
    Elapsed: 0.000s  Memory: 417.00M
"^" in: xor.drc:109
    Polygons (raw): 0 (flat)  0 (hierarchical)
    Elapsed: 0.010s  Memory: 417.00M
XOR differences: 0
"output" in: xor.drc:86
    Polygons (raw): 0 (flat)  0 (hierarchical)
    Elapsed: 0.000s  Memory: 418.00M
--- Running XOR for layer 14/0 ---
"input" in: xor.drc:109
    Polygons (raw): 661 (flat)  67 (hierarchical)
    Elapsed: 0.000s  Memory: 418.00M
"input" in: xor.drc:109
    Polygons (raw): 661 (flat)  67 (hierarchical)
    Elapsed: 0.000s  Memory: 418.00M
"^" in: xor.drc:109
    Polygons (raw): 0 (flat)  0 (hierarchical)
    Elapsed: 0.000s  Memory: 418.00M
XOR differences: 0
"output" in: xor.drc:86
    Polygons (raw): 0 (flat)  0 (hierarchical)
    Elapsed: 0.010s  Memory: 418.00M
--- Running XOR for layer 189/4 ---
"input" in: xor.drc:109
    Polygons (raw): 328 (flat)  34 (hierarchical)
    Elapsed: 0.000s  Memory: 418.00M
"input" in: xor.drc:109
    Polygons (raw): 328 (flat)  34 (hierarchical)
    Elapsed: 0.000s  Memory: 419.00M
"^" in: xor.drc:109
    Polygons (raw): 0 (flat)  0 (hierarchical)
    Elapsed: 0.010s  Memory: 419.00M
XOR differences: 0
"output" in: xor.drc:86
    Polygons (raw): 0 (flat)  0 (hierarchical)
    Elapsed: 0.000s  Memory: 419.00M
--- Running XOR for layer 19/0 ---
"input" in: xor.drc:109
    Polygons (raw): 756 (flat)  756 (hierarchical)
    Elapsed: 0.000s  Memory: 419.00M
"input" in: xor.drc:109
    Polygons (raw): 756 (flat)  7 (hierarchical)
    Elapsed: 0.000s  Memory: 419.00M
"^" in: xor.drc:109
    Polygons (raw): 0 (flat)  0 (hierarchical)
    Elapsed: 0.000s  Memory: 419.00M
XOR differences: 0
"output" in: xor.drc:86
    Polygons (raw): 0 (flat)  0 (hierarchical)
    Elapsed: 0.000s  Memory: 419.00M
--- Running XOR for layer 29/0 ---
"input" in: xor.drc:109
    Polygons (raw): 706 (flat)  706 (hierarchical)
    Elapsed: 0.000s  Memory: 419.00M
"input" in: xor.drc:109
    Polygons (raw): 706 (flat)  6 (hierarchical)
    Elapsed: 0.000s  Memory: 420.00M
"^" in: xor.drc:109
    Polygons (raw): 0 (flat)  0 (hierarchical)
    Elapsed: 0.010s  Memory: 420.00M
XOR differences: 0
"output" in: xor.drc:86
    Polygons (raw): 0 (flat)  0 (hierarchical)
    Elapsed: 0.000s  Memory: 420.00M
--- Running XOR for layer 30/0 ---
"input" in: xor.drc:109
    Polygons (raw): 736 (flat)  736 (hierarchical)
    Elapsed: 0.000s  Memory: 420.00M
"input" in: xor.drc:109
    Polygons (raw): 1319 (flat)  551 (hierarchical)
    Elapsed: 0.000s  Memory: 420.00M
"^" in: xor.drc:109
    Polygons (raw): 0 (flat)  0 (hierarchical)
    Elapsed: 0.010s  Memory: 421.00M
XOR differences: 0
"output" in: xor.drc:86
    Polygons (raw): 0 (flat)  0 (hierarchical)
    Elapsed: 0.000s  Memory: 421.00M
--- Running XOR for layer 30/2 ---
"input" in: xor.drc:109
    Polygons (raw): 4 (flat)  4 (hierarchical)
    Elapsed: 0.000s  Memory: 421.00M
"input" in: xor.drc:109
    Polygons (raw): 4 (flat)  4 (hierarchical)
    Elapsed: 0.000s  Memory: 421.00M
"^" in: xor.drc:109
    Polygons (raw): 0 (flat)  0 (hierarchical)
    Elapsed: 0.000s  Memory: 421.00M
XOR differences: 0
"output" in: xor.drc:86
    Polygons (raw): 0 (flat)  0 (hierarchical)
    Elapsed: 0.000s  Memory: 421.00M
--- Running XOR for layer 30/25 ---
"input" in: xor.drc:109
    Polygons (raw): 0 (flat)  0 (hierarchical)
    Elapsed: 0.000s  Memory: 421.00M
"input" in: xor.drc:109
    Polygons (raw): 0 (flat)  0 (hierarchical)
    Elapsed: 0.000s  Memory: 421.00M
"^" in: xor.drc:109
    Polygons (raw): 0 (flat)  0 (hierarchical)
    Elapsed: 0.000s  Memory: 422.00M
XOR differences: 0
"output" in: xor.drc:86
    Polygons (raw): 0 (flat)  0 (hierarchical)
    Elapsed: 0.000s  Memory: 422.00M
--- Running XOR for layer 31/0 ---
"input" in: xor.drc:109
    Polygons (raw): 327 (flat)  33 (hierarchical)
    Elapsed: 0.000s  Memory: 422.00M
"input" in: xor.drc:109
    Polygons (raw): 327 (flat)  33 (hierarchical)
    Elapsed: 0.000s  Memory: 422.00M
"^" in: xor.drc:109
    Polygons (raw): 0 (flat)  0 (hierarchical)
    Elapsed: 0.010s  Memory: 422.00M
XOR differences: 0
"output" in: xor.drc:86
    Polygons (raw): 0 (flat)  0 (hierarchical)
    Elapsed: 0.000s  Memory: 422.00M
--- Running XOR for layer 49/0 ---
"input" in: xor.drc:109
    Polygons (raw): 194 (flat)  194 (hierarchical)
    Elapsed: 0.000s  Memory: 423.00M
"input" in: xor.drc:109
    Polygons (raw): 194 (flat)  6 (hierarchical)
    Elapsed: 0.000s  Memory: 423.00M
"^" in: xor.drc:109
    Polygons (raw): 0 (flat)  0 (hierarchical)
    Elapsed: 0.010s  Memory: 423.00M
XOR differences: 0
"output" in: xor.drc:86
    Polygons (raw): 0 (flat)  0 (hierarchical)
    Elapsed: 0.000s  Memory: 423.00M
--- Running XOR for layer 5/0 ---
"input" in: xor.drc:109
    Polygons (raw): 866 (flat)  124 (hierarchical)
    Elapsed: 0.000s  Memory: 423.00M
"input" in: xor.drc:109
    Polygons (raw): 866 (flat)  124 (hierarchical)
    Elapsed: 0.000s  Memory: 423.00M
"^" in: xor.drc:109
    Polygons (raw): 0 (flat)  0 (hierarchical)
    Elapsed: 0.010s  Memory: 423.00M
XOR differences: 0
"output" in: xor.drc:86
    Polygons (raw): 0 (flat)  0 (hierarchical)
    Elapsed: 0.000s  Memory: 423.00M
--- Running XOR for layer 50/0 ---
"input" in: xor.drc:109
    Polygons (raw): 102 (flat)  102 (hierarchical)
    Elapsed: 0.000s  Memory: 423.00M
"input" in: xor.drc:109
    Polygons (raw): 265 (flat)  100 (hierarchical)
    Elapsed: 0.000s  Memory: 423.00M
"^" in: xor.drc:109
    Polygons (raw): 0 (flat)  0 (hierarchical)
    Elapsed: 0.000s  Memory: 424.00M
XOR differences: 0
"output" in: xor.drc:86
    Polygons (raw): 0 (flat)  0 (hierarchical)
    Elapsed: 0.000s  Memory: 424.00M
--- Running XOR for layer 50/2 ---
"input" in: xor.drc:109
    Polygons (raw): 6 (flat)  6 (hierarchical)
    Elapsed: 0.000s  Memory: 424.00M
"input" in: xor.drc:109
    Polygons (raw): 6 (flat)  6 (hierarchical)
    Elapsed: 0.000s  Memory: 424.00M
"^" in: xor.drc:109
    Polygons (raw): 0 (flat)  0 (hierarchical)
    Elapsed: 0.000s  Memory: 424.00M
XOR differences: 0
"output" in: xor.drc:86
    Polygons (raw): 0 (flat)  0 (hierarchical)
    Elapsed: 0.000s  Memory: 424.00M
--- Running XOR for layer 50/25 ---
"input" in: xor.drc:109
    Polygons (raw): 0 (flat)  0 (hierarchical)
    Elapsed: 0.000s  Memory: 424.00M
"input" in: xor.drc:109
    Polygons (raw): 0 (flat)  0 (hierarchical)
    Elapsed: 0.000s  Memory: 425.00M
"^" in: xor.drc:109
    Polygons (raw): 0 (flat)  0 (hierarchical)
    Elapsed: 0.000s  Memory: 425.00M
XOR differences: 0
"output" in: xor.drc:86
    Polygons (raw): 0 (flat)  0 (hierarchical)
    Elapsed: 0.000s  Memory: 425.00M
--- Running XOR for layer 6/0 ---
"input" in: xor.drc:109
    Polygons (raw): 10939 (flat)  1433 (hierarchical)
    Elapsed: 0.000s  Memory: 425.00M
"input" in: xor.drc:109
    Polygons (raw): 10939 (flat)  1433 (hierarchical)
    Elapsed: 0.000s  Memory: 425.00M
"^" in: xor.drc:109
    Polygons (raw): 0 (flat)  0 (hierarchical)
    Elapsed: 0.060s  Memory: 425.00M
XOR differences: 0
"output" in: xor.drc:86
    Polygons (raw): 0 (flat)  0 (hierarchical)
    Elapsed: 0.000s  Memory: 425.00M
--- Running XOR for layer 66/0 ---
"input" in: xor.drc:109
    Polygons (raw): 1592 (flat)  1592 (hierarchical)
    Elapsed: 0.000s  Memory: 425.00M
"input" in: xor.drc:109
    Polygons (raw): 1592 (flat)  257 (hierarchical)
    Elapsed: 0.000s  Memory: 425.00M
"^" in: xor.drc:109
    Polygons (raw): 0 (flat)  0 (hierarchical)
    Elapsed: 0.010s  Memory: 425.00M
XOR differences: 0
"output" in: xor.drc:86
    Polygons (raw): 0 (flat)  0 (hierarchical)
    Elapsed: 0.000s  Memory: 426.00M
--- Running XOR for layer 67/0 ---
"input" in: xor.drc:109
    Polygons (raw): 16 (flat)  16 (hierarchical)
    Elapsed: 0.010s  Memory: 426.00M
"input" in: xor.drc:109
    Polygons (raw): 68 (flat)  31 (hierarchical)
    Elapsed: 0.000s  Memory: 426.00M
"^" in: xor.drc:109
    Polygons (raw): 0 (flat)  0 (hierarchical)
    Elapsed: 0.010s  Memory: 426.00M
XOR differences: 0
"output" in: xor.drc:86
    Polygons (raw): 0 (flat)  0 (hierarchical)
    Elapsed: 0.000s  Memory: 426.00M
--- Running XOR for layer 67/2 ---
"input" in: xor.drc:109
    Polygons (raw): 6 (flat)  6 (hierarchical)
    Elapsed: 0.000s  Memory: 426.00M
"input" in: xor.drc:109
    Polygons (raw): 6 (flat)  6 (hierarchical)
    Elapsed: 0.000s  Memory: 426.00M
"^" in: xor.drc:109
    Polygons (raw): 0 (flat)  0 (hierarchical)
    Elapsed: 0.000s  Memory: 426.00M
XOR differences: 0
"output" in: xor.drc:86
    Polygons (raw): 0 (flat)  0 (hierarchical)
    Elapsed: 0.000s  Memory: 426.00M
--- Running XOR for layer 67/25 ---
"input" in: xor.drc:109
    Polygons (raw): 0 (flat)  0 (hierarchical)
    Elapsed: 0.000s  Memory: 426.00M
"input" in: xor.drc:109
    Polygons (raw): 0 (flat)  0 (hierarchical)
    Elapsed: 0.000s  Memory: 426.00M
"^" in: xor.drc:109
    Polygons (raw): 0 (flat)  0 (hierarchical)
    Elapsed: 0.000s  Memory: 426.00M
XOR differences: 0
"output" in: xor.drc:86
    Polygons (raw): 0 (flat)  0 (hierarchical)
    Elapsed: 0.000s  Memory: 426.00M
--- Running XOR for layer 8/0 ---
"input" in: xor.drc:109
    Polygons (raw): 2311 (flat)  911 (hierarchical)
    Elapsed: 0.000s  Memory: 426.00M
"input" in: xor.drc:109
    Polygons (raw): 2327 (flat)  238 (hierarchical)
    Elapsed: 0.000s  Memory: 426.00M
"^" in: xor.drc:109
    Polygons (raw): 0 (flat)  0 (hierarchical)
    Elapsed: 0.030s  Memory: 428.00M
XOR differences: 0
"output" in: xor.drc:86
    Polygons (raw): 0 (flat)  0 (hierarchical)
    Elapsed: 0.000s  Memory: 428.00M
--- Running XOR for layer 8/2 ---
"input" in: xor.drc:109
    Polygons (raw): 1326 (flat)  167 (hierarchical)
    Elapsed: 0.000s  Memory: 428.00M
"input" in: xor.drc:109
    Polygons (raw): 1326 (flat)  167 (hierarchical)
    Elapsed: 0.000s  Memory: 428.00M
"^" in: xor.drc:109
    Polygons (raw): 0 (flat)  0 (hierarchical)
    Elapsed: 0.010s  Memory: 428.00M
XOR differences: 0
"output" in: xor.drc:86
    Polygons (raw): 0 (flat)  0 (hierarchical)
    Elapsed: 0.000s  Memory: 428.00M
--- Running XOR for layer 8/25 ---
"input" in: xor.drc:109
    Polygons (raw): 0 (flat)  0 (hierarchical)
    Elapsed: 0.010s  Memory: 428.00M
"input" in: xor.drc:109
    Polygons (raw): 0 (flat)  0 (hierarchical)
    Elapsed: 0.000s  Memory: 428.00M
"^" in: xor.drc:109
    Polygons (raw): 0 (flat)  0 (hierarchical)
    Elapsed: 0.000s  Memory: 428.00M
XOR differences: 0
"output" in: xor.drc:86
    Polygons (raw): 0 (flat)  0 (hierarchical)
    Elapsed: 0.000s  Memory: 428.00M
---
Total XOR differences: 0
Writing report database: /home/designer/shared/BASIC/current_generator/digital/DigitalSine/runs/RUN_2026-02-26_20-53-18/61-klayout-xor/xor.xml ..
Total elapsed: 0.390s  Memory: 428.00M
/home/designer/shared/BASIC/current_generator/digital/DigitalSine/runs/RUN_2026-02-26_20-53-18/57-magic-streamout/DigitalSine.magic.gds
/home/designer/shared/BASIC/current_generator/digital/DigitalSine/runs/RUN_2026-02-26_20-53-18/58-klayout-streamout/DigitalSine.klayout.gds
%OL_METRIC_I design__xor_difference__count 0
