[WARNING ORD-0039] .openroad ignored with -python
                                Cells by Master                                 
┏━━━━━━━━━━━━━━━━━━━━━━━━━━━━━━━━━━━━━━━━━━━━━━━━━━━━━━━━━━━┳━━━━━━━━━━━━━━━━━━┓
┃ Cell                                                      ┃ Count            ┃
┡━━━━━━━━━━━━━━━━━━━━━━━━━━━━━━━━━━━━━━━━━━━━━━━━━━━━━━━━━━━╇━━━━━━━━━━━━━━━━━━┩
│ sg13g2_a21oi_1                                            │ 24               │
│ sg13g2_a221oi_1                                           │ 2                │
│ sg13g2_a22oi_1                                            │ 3                │
│ sg13g2_and2_1                                             │ 6                │
│ sg13g2_and3_1                                             │ 2                │
│ sg13g2_buf_1                                              │ 8                │
│ sg13g2_buf_2                                              │ 42               │
│ sg13g2_buf_8                                              │ 16               │
│ sg13g2_decap_4                                            │ 6                │
│ sg13g2_decap_8                                            │ 16               │
│ sg13g2_dfrbpq_1                                           │ 9                │
│ sg13g2_dlygate4sd3_1                                      │ 2                │
│ sg13g2_fill_1                                             │ 30               │
│ sg13g2_fill_2                                             │ 37               │
│ sg13g2_inv_1                                              │ 14               │
│ sg13g2_inv_2                                              │ 2                │
│ sg13g2_nand2_1                                            │ 27               │
│ sg13g2_nand2_2                                            │ 2                │
│ sg13g2_nand2b_1                                           │ 3                │
│ sg13g2_nand2b_2                                           │ 1                │
│ sg13g2_nand3_1                                            │ 9                │
│ sg13g2_nor2_1                                             │ 24               │
│ sg13g2_nor2_2                                             │ 3                │
│ sg13g2_nor2b_1                                            │ 3                │
│ sg13g2_nor3_1                                             │ 6                │
│ sg13g2_nor4_1                                             │ 1                │
│ sg13g2_o21ai_1                                            │ 17               │
│ sg13g2_or2_1                                              │ 4                │
│ sg13g2_xnor2_1                                            │ 7                │
│ sg13g2_xor2_1                                             │ 9                │
└───────────────────────────────────────────────────────────┴──────────────────┘
                               Cells by Function                                
┏━━━━━━━━━━━━━━━━━━━━━━━━━━━━━━━━━━━━━━━━━━━━━━━━━━━━━┳━━━━━━━━━━━━━━━━━━━━━━━━┓
┃ Cell Function                                       ┃ Count                  ┃
┡━━━━━━━━━━━━━━━━━━━━━━━━━━━━━━━━━━━━━━━━━━━━━━━━━━━━━╇━━━━━━━━━━━━━━━━━━━━━━━━┩
└─────────────────────────────────────────────────────┴────────────────────────┘
                                  Cells by SCL                                  
┏━━━━━━━━━━━━━━━━━━━━━━━━━━━━━━━━━┳━━━━━━━━━━━━━━━━━━━━━━━━━━━━━━━━━━━━━━━━━━━━┓
┃ SCL                             ┃ Count                                      ┃
┡━━━━━━━━━━━━━━━━━━━━━━━━━━━━━━━━━╇━━━━━━━━━━━━━━━━━━━━━━━━━━━━━━━━━━━━━━━━━━━━┩
└─────────────────────────────────┴────────────────────────────────────────────┘
                             Buffers by Cell Master                             
┏━━━━━━━━━━━━━━━━━━━━━━━━━━━━━━━━━━━━━━━━━━━━━━━━━━━━━━━━━━━┳━━━━━━━━━━━━━━━━━━┓
┃ Buffer                                                    ┃ Count            ┃
┡━━━━━━━━━━━━━━━━━━━━━━━━━━━━━━━━━━━━━━━━━━━━━━━━━━━━━━━━━━━╇━━━━━━━━━━━━━━━━━━┩
│ sg13g2_buf_1                                              │ 8                │
│ sg13g2_buf_2                                              │ 42               │
│ sg13g2_buf_8                                              │ 16               │
│ sg13g2_dlygate4sd3_1                                      │ 2                │
└───────────────────────────────────────────────────────────┴──────────────────┘
