Clock: clk
Sources: clk 
Generated: no
Virtual: yes
Propagated: no
Period: 5.000000

===========================================================================
report_clock_properties
============================================================================
Clock                   Period          Waveform
----------------------------------------------------
clk                   5.000000    0.000000  2.500000

===========================================================================
report_clock_latency
============================================================================
Clock clk
rise -> rise
    min     max
0.000000 0.000000 source latency
0.122141         network latency _298_/CLK
        0.122910 network latency _296_/CLK
---------------
0.122141 0.122910 latency
        0.000769 skew

fall -> fall
    min     max
0.000000 0.000000 source latency
0.133971         network latency _294_/CLK
        0.134718 network latency _296_/CLK
---------------
0.133971 0.134718 latency
        0.000747 skew



===========================================================================
report_clock_min_period
============================================================================
clk period_min = 1.82 fmax = 548.86
