Clock: clk
Sources: clk 
Generated: no
Virtual: yes
Propagated: no
Period: 25.000000

===========================================================================
report_clock_properties
============================================================================
Clock                   Period          Waveform
----------------------------------------------------
clk                  25.000000    0.000000 12.500000

===========================================================================
report_clock_latency
============================================================================
Clock clk
rise -> rise
    min     max
0.000000 0.000000 source latency
0.148017         network latency _296_/CLK
        0.148529 network latency _294_/CLK
---------------
0.148017 0.148529 latency
        0.000511 skew

fall -> fall
    min     max
0.000000 0.000000 source latency
0.154825         network latency _296_/CLK
        0.155279 network latency _294_/CLK
---------------
0.154825 0.155279 latency
        0.000455 skew



===========================================================================
report_clock_min_period
============================================================================
clk period_min = 2.35 fmax = 425.63
