Clock: clk
Sources: clk 
Generated: no
Virtual: yes
Propagated: no
Period: 5.000000

===========================================================================
report_clock_properties
============================================================================
Clock                   Period          Waveform
----------------------------------------------------
clk                   5.000000    0.000000  2.500000

===========================================================================
report_clock_latency
============================================================================
Clock clk
rise -> rise
    min     max
0.000000 0.000000 source latency
0.190534         network latency _290_/CLK
        0.192588 network latency _284_/CLK
---------------
0.190534 0.192588 latency
        0.002055 skew

fall -> fall
    min     max
0.000000 0.000000 source latency
0.206438         network latency _290_/CLK
        0.208173 network latency _284_/CLK
---------------
0.206438 0.208173 latency
        0.001735 skew



===========================================================================
report_clock_min_period
============================================================================
clk period_min = 2.89 fmax = 345.75
