Clock: clk
Sources: clk 
Generated: no
Virtual: yes
Propagated: no
Period: 5.000000

===========================================================================
report_clock_properties
============================================================================
Clock                   Period          Waveform
----------------------------------------------------
clk                   5.000000    0.000000  2.500000

===========================================================================
report_clock_latency
============================================================================
Clock clk
rise -> rise
    min     max
0.000000 0.000000 source latency
0.087397         network latency _299_/CLK
        0.088998 network latency _300_/CLK
---------------
0.087397 0.088998 latency
        0.001601 skew

fall -> fall
    min     max
0.000000 0.000000 source latency
0.092806         network latency _299_/CLK
        0.094223 network latency _300_/CLK
---------------
0.092806 0.094223 latency
        0.001417 skew



===========================================================================
report_clock_min_period
============================================================================
clk period_min = 1.28 fmax = 783.99
