
===========================================================================
report_checks -path_delay max (Setup)
============================================================================
======================= nom_slow_1p08V_125C Corner ===================================

Startpoint: _294_ (rising edge-triggered flip-flop clocked by clockone)
Endpoint: _299_ (rising edge-triggered flip-flop clocked by clockone)
Path Group: clockone
Path Type: max

Fanout         Cap        Slew       Delay        Time   Description
---------------------------------------------------------------------------------------------
                      0.000000    0.000000    0.000000   clock clockone (rise edge)
                                  0.000000    0.000000   clock network delay (ideal)
                      0.000000    0.000000    0.000000 ^ _294_/CLK (sg13g2_dfrbpq_1)
    16    0.050248    0.325417    0.450219    0.450219 ^ _294_/Q (sg13g2_dfrbpq_1)
                                                         DPATH.SUM.fa_1.A (net)
                      0.325417    0.000000    0.450219 ^ _191_/A (sg13g2_xnor2_1)
     2    0.007753    0.134171    0.236228    0.686447 v _191_/Y (sg13g2_xnor2_1)
                                                         _025_ (net)
                      0.134171    0.000000    0.686447 v _193_/A2 (sg13g2_o21ai_1)
     2    0.008246    0.186609    0.211644    0.898091 ^ _193_/Y (sg13g2_o21ai_1)
                                                         _026_ (net)
                      0.186609    0.000000    0.898091 ^ _197_/A1 (sg13g2_a21oi_1)
     2    0.008256    0.132925    0.181973    1.080064 v _197_/Y (sg13g2_a21oi_1)
                                                         _029_ (net)
                      0.132925    0.000000    1.080064 v _203_/A1 (sg13g2_o21ai_1)
     2    0.007810    0.179027    0.217758    1.297822 ^ _203_/Y (sg13g2_o21ai_1)
                                                         _034_ (net)
                      0.179027    0.000000    1.297822 ^ _207_/A2 (sg13g2_a21oi_1)
     2    0.007735    0.129828    0.181797    1.479619 v _207_/Y (sg13g2_a21oi_1)
                                                         _037_ (net)
                      0.129828    0.000000    1.479619 v _209_/A2 (sg13g2_o21ai_1)
     1    0.005247    0.143995    0.176439    1.656058 ^ _209_/Y (sg13g2_o21ai_1)
                                                         _038_ (net)
                      0.143995    0.000000    1.656058 ^ _211_/A (sg13g2_xnor2_1)
     1    0.001335    0.088323    0.169432    1.825490 ^ _211_/Y (sg13g2_xnor2_1)
                                                         DPATH.SUM.fa_6.S (net)
                      0.088323    0.000000    1.825490 ^ _299_/D (sg13g2_dfrbpq_1)
                                              1.825490   data arrival time

                      0.000000    5.000000    5.000000   clock clockone (rise edge)
                                  0.000000    5.000000   clock network delay (ideal)
                                 -0.200000    4.800000   clock uncertainty
                                  0.000000    4.800000   clock reconvergence pessimism
                                              4.800000 ^ _299_/CLK (sg13g2_dfrbpq_1)
                                 -0.223378    4.576622   library setup time
                                              4.576622   data required time
---------------------------------------------------------------------------------------------
                                              4.576622   data required time
                                             -1.825490   data arrival time
---------------------------------------------------------------------------------------------
                                              2.751132   slack (MET)


Startpoint: _294_ (rising edge-triggered flip-flop clocked by clockone)
Endpoint: _298_ (rising edge-triggered flip-flop clocked by clockone)
Path Group: clockone
Path Type: max

Fanout         Cap        Slew       Delay        Time   Description
---------------------------------------------------------------------------------------------
                      0.000000    0.000000    0.000000   clock clockone (rise edge)
                                  0.000000    0.000000   clock network delay (ideal)
                      0.000000    0.000000    0.000000 ^ _294_/CLK (sg13g2_dfrbpq_1)
    16    0.050248    0.325417    0.450219    0.450219 ^ _294_/Q (sg13g2_dfrbpq_1)
                                                         DPATH.SUM.fa_1.A (net)
                      0.325417    0.000000    0.450219 ^ _191_/A (sg13g2_xnor2_1)
     2    0.007753    0.134171    0.236228    0.686447 v _191_/Y (sg13g2_xnor2_1)
                                                         _025_ (net)
                      0.134171    0.000000    0.686447 v _193_/A2 (sg13g2_o21ai_1)
     2    0.008246    0.186609    0.211644    0.898091 ^ _193_/Y (sg13g2_o21ai_1)
                                                         _026_ (net)
                      0.186609    0.000000    0.898091 ^ _197_/A1 (sg13g2_a21oi_1)
     2    0.008256    0.132925    0.181973    1.080064 v _197_/Y (sg13g2_a21oi_1)
                                                         _029_ (net)
                      0.132925    0.000000    1.080064 v _203_/A1 (sg13g2_o21ai_1)
     2    0.007810    0.179027    0.217758    1.297822 ^ _203_/Y (sg13g2_o21ai_1)
                                                         _034_ (net)
                      0.179027    0.000000    1.297822 ^ _207_/A2 (sg13g2_a21oi_1)
     2    0.007735    0.129828    0.181797    1.479619 v _207_/Y (sg13g2_a21oi_1)
                                                         _037_ (net)
                      0.129828    0.000000    1.479619 v _208_/B (sg13g2_xor2_1)
     1    0.001355    0.069531    0.172533    1.652152 v _208_/X (sg13g2_xor2_1)
                                                         DPATH.SUM.fa_5.S (net)
                      0.069531    0.000000    1.652152 v _298_/D (sg13g2_dfrbpq_1)
                                              1.652152   data arrival time

                      0.000000    5.000000    5.000000   clock clockone (rise edge)
                                  0.000000    5.000000   clock network delay (ideal)
                                 -0.200000    4.800000   clock uncertainty
                                  0.000000    4.800000   clock reconvergence pessimism
                                              4.800000 ^ _298_/CLK (sg13g2_dfrbpq_1)
                                 -0.207957    4.592042   library setup time
                                              4.592042   data required time
---------------------------------------------------------------------------------------------
                                              4.592042   data required time
                                             -1.652152   data arrival time
---------------------------------------------------------------------------------------------
                                              2.939890   slack (MET)


Startpoint: _297_ (rising edge-triggered flip-flop clocked by clockone)
Endpoint: _300_ (rising edge-triggered flip-flop clocked by clockone)
Path Group: clockone
Path Type: max

Fanout         Cap        Slew       Delay        Time   Description
---------------------------------------------------------------------------------------------
                      0.000000    0.000000    0.000000   clock clockone (rise edge)
                                  0.000000    0.000000   clock network delay (ideal)
                      0.000000    0.000000    0.000000 ^ _297_/CLK (sg13g2_dfrbpq_1)
    29    0.080498    0.411651    0.531262    0.531262 v _297_/Q (sg13g2_dfrbpq_1)
                                                         DPATH.SUM.fa_4.A (net)
                      0.411651    0.000000    0.531262 v _142_/A (sg13g2_or2_1)
     7    0.018949    0.125666    0.355669    0.886931 v _142_/X (sg13g2_or2_1)
                                                         _111_ (net)
                      0.125666    0.000000    0.886931 v _143_/B (sg13g2_nor2_1)
     2    0.005657    0.137035    0.134072    1.021003 ^ _143_/Y (sg13g2_nor2_1)
                                                         _112_ (net)
                      0.137035    0.000000    1.021003 ^ _144_/B (sg13g2_nand2_1)
     2    0.005385    0.106498    0.128826    1.149828 v _144_/Y (sg13g2_nand2_1)
                                                         _113_ (net)
                      0.106498    0.000000    1.149828 v _212_/B (sg13g2_nor2_1)
     2    0.002883    0.105028    0.101490    1.251319 ^ _212_/Y (sg13g2_nor2_1)
                                                         sine_out[2] (net)
                      0.105028    0.000000    1.251319 ^ _213_/C (sg13g2_nand3_1)
     2    0.007703    0.189205    0.191910    1.443229 v _213_/Y (sg13g2_nand3_1)
                                                         _040_ (net)
                      0.189205    0.000000    1.443229 v _214_/B (sg13g2_xnor2_1)
     1    0.001355    0.052179    0.182650    1.625879 v _214_/Y (sg13g2_xnor2_1)
                                                         CTRL.P1 (net)
                      0.052179    0.000000    1.625879 v _300_/D (sg13g2_dfrbpq_1)
                                              1.625879   data arrival time

                      0.000000    5.000000    5.000000   clock clockone (rise edge)
                                  0.000000    5.000000   clock network delay (ideal)
                                 -0.200000    4.800000   clock uncertainty
                                  0.000000    4.800000   clock reconvergence pessimism
                                              4.800000 ^ _300_/CLK (sg13g2_dfrbpq_1)
                                 -0.200095    4.599905   library setup time
                                              4.599905   data required time
---------------------------------------------------------------------------------------------
                                              4.599905   data required time
                                             -1.625879   data arrival time
---------------------------------------------------------------------------------------------
                                              2.974026   slack (MET)


Startpoint: _297_ (rising edge-triggered flip-flop clocked by clockone)
Endpoint: _301_ (rising edge-triggered flip-flop clocked by clockone)
Path Group: clockone
Path Type: max

Fanout         Cap        Slew       Delay        Time   Description
---------------------------------------------------------------------------------------------
                      0.000000    0.000000    0.000000   clock clockone (rise edge)
                                  0.000000    0.000000   clock network delay (ideal)
                      0.000000    0.000000    0.000000 ^ _297_/CLK (sg13g2_dfrbpq_1)
    29    0.080498    0.411651    0.531262    0.531262 v _297_/Q (sg13g2_dfrbpq_1)
                                                         DPATH.SUM.fa_4.A (net)
                      0.411651    0.000000    0.531262 v _142_/A (sg13g2_or2_1)
     7    0.018949    0.125666    0.355669    0.886931 v _142_/X (sg13g2_or2_1)
                                                         _111_ (net)
                      0.125666    0.000000    0.886931 v _143_/B (sg13g2_nor2_1)
     2    0.005657    0.137035    0.134072    1.021003 ^ _143_/Y (sg13g2_nor2_1)
                                                         _112_ (net)
                      0.137035    0.000000    1.021003 ^ _144_/B (sg13g2_nand2_1)
     2    0.005385    0.106498    0.128826    1.149828 v _144_/Y (sg13g2_nand2_1)
                                                         _113_ (net)
                      0.106498    0.000000    1.149828 v _212_/B (sg13g2_nor2_1)
     2    0.002883    0.105028    0.101490    1.251319 ^ _212_/Y (sg13g2_nor2_1)
                                                         sine_out[2] (net)
                      0.105028    0.000000    1.251319 ^ _213_/C (sg13g2_nand3_1)
     2    0.007703    0.189205    0.191910    1.443229 v _213_/Y (sg13g2_nand3_1)
                                                         _040_ (net)
                      0.189205    0.000000    1.443229 v _218_/B1 (sg13g2_o21ai_1)
     1    0.002759    0.116992    0.101416    1.544646 ^ _218_/Y (sg13g2_o21ai_1)
                                                         _044_ (net)
                      0.116992    0.000000    1.544646 ^ _219_/A (sg13g2_inv_1)
     1    0.001355    0.036783    0.060933    1.605578 v _219_/Y (sg13g2_inv_1)
                                                         CTRL.P0 (net)
                      0.036783    0.000000    1.605578 v _301_/D (sg13g2_dfrbpq_1)
                                              1.605578   data arrival time

                      0.000000    5.000000    5.000000   clock clockone (rise edge)
                                  0.000000    5.000000   clock network delay (ideal)
                                 -0.200000    4.800000   clock uncertainty
                                  0.000000    4.800000   clock reconvergence pessimism
                                              4.800000 ^ _301_/CLK (sg13g2_dfrbpq_1)
                                 -0.193119    4.606881   library setup time
                                              4.606881   data required time
---------------------------------------------------------------------------------------------
                                              4.606881   data required time
                                             -1.605578   data arrival time
---------------------------------------------------------------------------------------------
                                              3.001303   slack (MET)


Startpoint: _294_ (rising edge-triggered flip-flop clocked by clockone)
Endpoint: _297_ (rising edge-triggered flip-flop clocked by clockone)
Path Group: clockone
Path Type: max

Fanout         Cap        Slew       Delay        Time   Description
---------------------------------------------------------------------------------------------
                      0.000000    0.000000    0.000000   clock clockone (rise edge)
                                  0.000000    0.000000   clock network delay (ideal)
                      0.000000    0.000000    0.000000 ^ _294_/CLK (sg13g2_dfrbpq_1)
    16    0.050248    0.325417    0.450219    0.450219 ^ _294_/Q (sg13g2_dfrbpq_1)
                                                         DPATH.SUM.fa_1.A (net)
                      0.325417    0.000000    0.450219 ^ _191_/A (sg13g2_xnor2_1)
     2    0.007753    0.134171    0.236228    0.686447 v _191_/Y (sg13g2_xnor2_1)
                                                         _025_ (net)
                      0.134171    0.000000    0.686447 v _193_/A2 (sg13g2_o21ai_1)
     2    0.008246    0.186609    0.211644    0.898091 ^ _193_/Y (sg13g2_o21ai_1)
                                                         _026_ (net)
                      0.186609    0.000000    0.898091 ^ _197_/A1 (sg13g2_a21oi_1)
     2    0.008256    0.132925    0.181973    1.080064 v _197_/Y (sg13g2_a21oi_1)
                                                         _029_ (net)
                      0.132925    0.000000    1.080064 v _203_/A1 (sg13g2_o21ai_1)
     2    0.007810    0.179027    0.217758    1.297822 ^ _203_/Y (sg13g2_o21ai_1)
                                                         _034_ (net)
                      0.179027    0.000000    1.297822 ^ _204_/B (sg13g2_xor2_1)
     1    0.001335    0.072617    0.185035    1.482858 ^ _204_/X (sg13g2_xor2_1)
                                                         DPATH.SUM.fa_4.S (net)
                      0.072617    0.000000    1.482858 ^ _297_/D (sg13g2_dfrbpq_1)
                                              1.482858   data arrival time

                      0.000000    5.000000    5.000000   clock clockone (rise edge)
                                  0.000000    5.000000   clock network delay (ideal)
                                 -0.200000    4.800000   clock uncertainty
                                  0.000000    4.800000   clock reconvergence pessimism
                                              4.800000 ^ _297_/CLK (sg13g2_dfrbpq_1)
                                 -0.216870    4.583130   library setup time
                                              4.583130   data required time
---------------------------------------------------------------------------------------------
                                              4.583130   data required time
                                             -1.482858   data arrival time
---------------------------------------------------------------------------------------------
                                              3.100273   slack (MET)


Startpoint: _294_ (rising edge-triggered flip-flop clocked by clockone)
Endpoint: _296_ (rising edge-triggered flip-flop clocked by clockone)
Path Group: clockone
Path Type: max

Fanout         Cap        Slew       Delay        Time   Description
---------------------------------------------------------------------------------------------
                      0.000000    0.000000    0.000000   clock clockone (rise edge)
                                  0.000000    0.000000   clock network delay (ideal)
                      0.000000    0.000000    0.000000 ^ _294_/CLK (sg13g2_dfrbpq_1)
    16    0.050248    0.325417    0.450219    0.450219 ^ _294_/Q (sg13g2_dfrbpq_1)
                                                         DPATH.SUM.fa_1.A (net)
                      0.325417    0.000000    0.450219 ^ _191_/A (sg13g2_xnor2_1)
     2    0.007753    0.134171    0.236228    0.686447 v _191_/Y (sg13g2_xnor2_1)
                                                         _025_ (net)
                      0.134171    0.000000    0.686447 v _193_/A2 (sg13g2_o21ai_1)
     2    0.008246    0.186609    0.211644    0.898091 ^ _193_/Y (sg13g2_o21ai_1)
                                                         _026_ (net)
                      0.186609    0.000000    0.898091 ^ _197_/A1 (sg13g2_a21oi_1)
     2    0.008256    0.132925    0.181973    1.080064 v _197_/Y (sg13g2_a21oi_1)
                                                         _029_ (net)
                      0.132925    0.000000    1.080064 v _200_/A (sg13g2_xor2_1)
     1    0.001355    0.077344    0.182391    1.262455 v _200_/X (sg13g2_xor2_1)
                                                         DPATH.SUM.fa_3.S (net)
                      0.077344    0.000000    1.262455 v _296_/D (sg13g2_dfrbpq_1)
                                              1.262455   data arrival time

                      0.000000    5.000000    5.000000   clock clockone (rise edge)
                                  0.000000    5.000000   clock network delay (ideal)
                                 -0.200000    4.800000   clock uncertainty
                                  0.000000    4.800000   clock reconvergence pessimism
                                              4.800000 ^ _296_/CLK (sg13g2_dfrbpq_1)
                                 -0.211498    4.588502   library setup time
                                              4.588502   data required time
---------------------------------------------------------------------------------------------
                                              4.588502   data required time
                                             -1.262455   data arrival time
---------------------------------------------------------------------------------------------
                                              3.326047   slack (MET)


Startpoint: _294_ (rising edge-triggered flip-flop clocked by clockone)
Endpoint: _295_ (rising edge-triggered flip-flop clocked by clockone)
Path Group: clockone
Path Type: max

Fanout         Cap        Slew       Delay        Time   Description
---------------------------------------------------------------------------------------------
                      0.000000    0.000000    0.000000   clock clockone (rise edge)
                                  0.000000    0.000000   clock network delay (ideal)
                      0.000000    0.000000    0.000000 ^ _294_/CLK (sg13g2_dfrbpq_1)
    16    0.050248    0.325417    0.450219    0.450219 ^ _294_/Q (sg13g2_dfrbpq_1)
                                                         DPATH.SUM.fa_1.A (net)
                      0.325417    0.000000    0.450219 ^ _191_/A (sg13g2_xnor2_1)
     2    0.007753    0.134171    0.236228    0.686447 v _191_/Y (sg13g2_xnor2_1)
                                                         _025_ (net)
                      0.134171    0.000000    0.686447 v _193_/A2 (sg13g2_o21ai_1)
     2    0.008246    0.186609    0.211644    0.898091 ^ _193_/Y (sg13g2_o21ai_1)
                                                         _026_ (net)
                      0.186609    0.000000    0.898091 ^ _196_/A (sg13g2_xor2_1)
     1    0.001335    0.071910    0.193779    1.091870 ^ _196_/X (sg13g2_xor2_1)
                                                         DPATH.SUM.fa_2.S (net)
                      0.071910    0.000000    1.091870 ^ _295_/D (sg13g2_dfrbpq_1)
                                              1.091870   data arrival time

                      0.000000    5.000000    5.000000   clock clockone (rise edge)
                                  0.000000    5.000000   clock network delay (ideal)
                                 -0.200000    4.800000   clock uncertainty
                                  0.000000    4.800000   clock reconvergence pessimism
                                              4.800000 ^ _295_/CLK (sg13g2_dfrbpq_1)
                                 -0.216576    4.583424   library setup time
                                              4.583424   data required time
---------------------------------------------------------------------------------------------
                                              4.583424   data required time
                                             -1.091870   data arrival time
---------------------------------------------------------------------------------------------
                                              3.491554   slack (MET)


Startpoint: _294_ (rising edge-triggered flip-flop clocked by clockone)
Endpoint: _294_ (rising edge-triggered flip-flop clocked by clockone)
Path Group: clockone
Path Type: max

Fanout         Cap        Slew       Delay        Time   Description
---------------------------------------------------------------------------------------------
                      0.000000    0.000000    0.000000   clock clockone (rise edge)
                                  0.000000    0.000000   clock network delay (ideal)
                      0.000000    0.000000    0.000000 ^ _294_/CLK (sg13g2_dfrbpq_1)
    16    0.050248    0.325417    0.450219    0.450219 ^ _294_/Q (sg13g2_dfrbpq_1)
                                                         DPATH.SUM.fa_1.A (net)
                      0.325417    0.000000    0.450219 ^ _191_/A (sg13g2_xnor2_1)
     2    0.008105    0.190741    0.259701    0.709920 ^ _191_/Y (sg13g2_xnor2_1)
                                                         _025_ (net)
                      0.190741    0.000000    0.709920 ^ _192_/B (sg13g2_xnor2_1)
     1    0.001335    0.092034    0.178077    0.887997 ^ _192_/Y (sg13g2_xnor2_1)
                                                         DPATH.SUM.fa_1.S (net)
                      0.092034    0.000000    0.887997 ^ _294_/D (sg13g2_dfrbpq_1)
                                              0.887997   data arrival time

                      0.000000    5.000000    5.000000   clock clockone (rise edge)
                                  0.000000    5.000000   clock network delay (ideal)
                                 -0.200000    4.800000   clock uncertainty
                                  0.000000    4.800000   clock reconvergence pessimism
                                              4.800000 ^ _294_/CLK (sg13g2_dfrbpq_1)
                                 -0.224916    4.575084   library setup time
                                              4.575084   data required time
---------------------------------------------------------------------------------------------
                                              4.575084   data required time
                                             -0.887997   data arrival time
---------------------------------------------------------------------------------------------
                                              3.687087   slack (MET)


Startpoint: _293_ (rising edge-triggered flip-flop clocked by clockone)
Endpoint: _293_ (rising edge-triggered flip-flop clocked by clockone)
Path Group: clockone
Path Type: max

Fanout         Cap        Slew       Delay        Time   Description
---------------------------------------------------------------------------------------------
                      0.000000    0.000000    0.000000   clock clockone (rise edge)
                                  0.000000    0.000000   clock network delay (ideal)
                      0.000000    0.000000    0.000000 ^ _293_/CLK (sg13g2_dfrbpq_1)
    14    0.046422    0.301735    0.433626    0.433626 ^ _293_/Q (sg13g2_dfrbpq_1)
                                                         DPATH.SUM.Cout0 (net)
                      0.301735    0.000000    0.433626 ^ _128_/A (sg13g2_inv_1)
     5    0.013086    0.128711    0.183747    0.617372 v _128_/Y (sg13g2_inv_1)
                                                         DPATH.SUM.ha_0.S (net)
                      0.128711    0.000000    0.617372 v _293_/D (sg13g2_dfrbpq_1)
                                              0.617372   data arrival time

                      0.000000    5.000000    5.000000   clock clockone (rise edge)
                                  0.000000    5.000000   clock network delay (ideal)
                                 -0.200000    4.800000   clock uncertainty
                                  0.000000    4.800000   clock reconvergence pessimism
                                              4.800000 ^ _293_/CLK (sg13g2_dfrbpq_1)
                                 -0.234773    4.565227   library setup time
                                              4.565227   data required time
---------------------------------------------------------------------------------------------
                                              4.565227   data required time
                                             -0.617372   data arrival time
---------------------------------------------------------------------------------------------
                                              3.947855   slack (MET)



