
===========================================================================
report_checks -path_delay min (Hold)
============================================================================
======================= nom_slow_1p08V_125C Corner ===================================

Startpoint: _300_ (rising edge-triggered flip-flop clocked by clockone)
Endpoint: _300_ (rising edge-triggered flip-flop clocked by clockone)
Path Group: clockone
Path Type: min

Fanout         Cap        Slew       Delay        Time   Description
---------------------------------------------------------------------------------------------
                      0.000000    0.000000    0.000000   clock clockone (rise edge)
                                  0.000000    0.000000   clock network delay (ideal)
                      0.000000    0.000000    0.000000 ^ _300_/CLK (sg13g2_dfrbpq_1)
     3    0.007792    0.055583    0.257508    0.257508 v _300_/Q (sg13g2_dfrbpq_1)
                                                         sign (net)
                      0.055583    0.000000    0.257508 v _214_/A (sg13g2_xnor2_1)
     1    0.001355    0.041012    0.092749    0.350257 v _214_/Y (sg13g2_xnor2_1)
                                                         CTRL.P1 (net)
                      0.041012    0.000000    0.350257 v _300_/D (sg13g2_dfrbpq_1)
                                              0.350257   data arrival time

                      0.000000    0.000000    0.000000   clock clockone (rise edge)
                                  0.000000    0.000000   clock network delay (ideal)
                                  0.200000    0.200000   clock uncertainty
                                  0.000000    0.200000   clock reconvergence pessimism
                                              0.200000 ^ _300_/CLK (sg13g2_dfrbpq_1)
                                 -0.063289    0.136711   library hold time
                                              0.136711   data required time
---------------------------------------------------------------------------------------------
                                              0.136711   data required time
                                             -0.350257   data arrival time
---------------------------------------------------------------------------------------------
                                              0.213545   slack (MET)


Startpoint: _293_ (rising edge-triggered flip-flop clocked by clockone)
Endpoint: _294_ (rising edge-triggered flip-flop clocked by clockone)
Path Group: clockone
Path Type: min

Fanout         Cap        Slew       Delay        Time   Description
---------------------------------------------------------------------------------------------
                      0.000000    0.000000    0.000000   clock clockone (rise edge)
                                  0.000000    0.000000   clock network delay (ideal)
                      0.000000    0.000000    0.000000 ^ _293_/CLK (sg13g2_dfrbpq_1)
    14    0.044470    0.233368    0.398331    0.398331 v _293_/Q (sg13g2_dfrbpq_1)
                                                         DPATH.SUM.Cout0 (net)
                      0.233368    0.000000    0.398331 v _192_/A (sg13g2_xnor2_1)
     1    0.001355    0.041765    0.154313    0.552643 v _192_/Y (sg13g2_xnor2_1)
                                                         DPATH.SUM.fa_1.S (net)
                      0.041765    0.000000    0.552643 v _294_/D (sg13g2_dfrbpq_1)
                                              0.552643   data arrival time

                      0.000000    0.000000    0.000000   clock clockone (rise edge)
                                  0.000000    0.000000   clock network delay (ideal)
                                  0.200000    0.200000   clock uncertainty
                                  0.000000    0.200000   clock reconvergence pessimism
                                              0.200000 ^ _294_/CLK (sg13g2_dfrbpq_1)
                                 -0.063592    0.136408   library hold time
                                              0.136408   data required time
---------------------------------------------------------------------------------------------
                                              0.136408   data required time
                                             -0.552643   data arrival time
---------------------------------------------------------------------------------------------
                                              0.416235   slack (MET)


Startpoint: _301_ (rising edge-triggered flip-flop clocked by clockone)
Endpoint: _301_ (rising edge-triggered flip-flop clocked by clockone)
Path Group: clockone
Path Type: min

Fanout         Cap        Slew       Delay        Time   Description
---------------------------------------------------------------------------------------------
                      0.000000    0.000000    0.000000   clock clockone (rise edge)
                                  0.000000    0.000000   clock network delay (ideal)
                      0.000000    0.000000    0.000000 ^ _301_/CLK (sg13g2_dfrbpq_1)
    13    0.047381    0.247782    0.409083    0.409083 v _301_/Q (sg13g2_dfrbpq_1)
                                                         CTRL.S0 (net)
                      0.247782    0.000000    0.409083 v _218_/A1 (sg13g2_o21ai_1)
     1    0.002759    0.062540    0.196041    0.605124 ^ _218_/Y (sg13g2_o21ai_1)
                                                         _044_ (net)
                      0.062540    0.000000    0.605124 ^ _219_/A (sg13g2_inv_1)
     1    0.001355    0.025921    0.044451    0.649575 v _219_/Y (sg13g2_inv_1)
                                                         CTRL.P0 (net)
                      0.025921    0.000000    0.649575 v _301_/D (sg13g2_dfrbpq_1)
                                              0.649575   data arrival time

                      0.000000    0.000000    0.000000   clock clockone (rise edge)
                                  0.000000    0.000000   clock network delay (ideal)
                                  0.200000    0.200000   clock uncertainty
                                  0.000000    0.200000   clock reconvergence pessimism
                                              0.200000 ^ _301_/CLK (sg13g2_dfrbpq_1)
                                 -0.057213    0.142787   library hold time
                                              0.142787   data required time
---------------------------------------------------------------------------------------------
                                              0.142787   data required time
                                             -0.649575   data arrival time
---------------------------------------------------------------------------------------------
                                              0.506788   slack (MET)


Startpoint: _293_ (rising edge-triggered flip-flop clocked by clockone)
Endpoint: _293_ (rising edge-triggered flip-flop clocked by clockone)
Path Group: clockone
Path Type: min

Fanout         Cap        Slew       Delay        Time   Description
---------------------------------------------------------------------------------------------
                      0.000000    0.000000    0.000000   clock clockone (rise edge)
                                  0.000000    0.000000   clock network delay (ideal)
                      0.000000    0.000000    0.000000 ^ _293_/CLK (sg13g2_dfrbpq_1)
    14    0.044470    0.233368    0.398331    0.398331 v _293_/Q (sg13g2_dfrbpq_1)
                                                         DPATH.SUM.Cout0 (net)
                      0.233368    0.000000    0.398331 v _128_/A (sg13g2_inv_1)
     5    0.013498    0.132302    0.170622    0.568952 ^ _128_/Y (sg13g2_inv_1)
                                                         DPATH.SUM.ha_0.S (net)
                      0.132302    0.000000    0.568952 ^ _293_/D (sg13g2_dfrbpq_1)
                                              0.568952   data arrival time

                      0.000000    0.000000    0.000000   clock clockone (rise edge)
                                  0.000000    0.000000   clock network delay (ideal)
                                  0.200000    0.200000   clock uncertainty
                                  0.000000    0.200000   clock reconvergence pessimism
                                              0.200000 ^ _293_/CLK (sg13g2_dfrbpq_1)
                                 -0.142188    0.057812   library hold time
                                              0.057812   data required time
---------------------------------------------------------------------------------------------
                                              0.057812   data required time
                                             -0.568952   data arrival time
---------------------------------------------------------------------------------------------
                                              0.511140   slack (MET)


Startpoint: _296_ (rising edge-triggered flip-flop clocked by clockone)
Endpoint: _296_ (rising edge-triggered flip-flop clocked by clockone)
Path Group: clockone
Path Type: min

Fanout         Cap        Slew       Delay        Time   Description
---------------------------------------------------------------------------------------------
                      0.000000    0.000000    0.000000   clock clockone (rise edge)
                                  0.000000    0.000000   clock network delay (ideal)
                      0.000000    0.000000    0.000000 ^ _296_/CLK (sg13g2_dfrbpq_1)
    12    0.035053    0.186907    0.363490    0.363490 v _296_/Q (sg13g2_dfrbpq_1)
                                                         DPATH.SUM.fa_3.A (net)
                      0.186907    0.000000    0.363490 v _199_/A (sg13g2_xnor2_1)
     2    0.007735    0.099718    0.191400    0.554890 v _199_/Y (sg13g2_xnor2_1)
                                                         _031_ (net)
                      0.099718    0.000000    0.554890 v _200_/B (sg13g2_xor2_1)
     1    0.001355    0.036461    0.097518    0.652407 v _200_/X (sg13g2_xor2_1)
                                                         DPATH.SUM.fa_3.S (net)
                      0.036461    0.000000    0.652407 v _296_/D (sg13g2_dfrbpq_1)
                                              0.652407   data arrival time

                      0.000000    0.000000    0.000000   clock clockone (rise edge)
                                  0.000000    0.000000   clock network delay (ideal)
                                  0.200000    0.200000   clock uncertainty
                                  0.000000    0.200000   clock reconvergence pessimism
                                              0.200000 ^ _296_/CLK (sg13g2_dfrbpq_1)
                                 -0.061456    0.138544   library hold time
                                              0.138544   data required time
---------------------------------------------------------------------------------------------
                                              0.138544   data required time
                                             -0.652407   data arrival time
---------------------------------------------------------------------------------------------
                                              0.513864   slack (MET)


Startpoint: _296_ (rising edge-triggered flip-flop clocked by clockone)
Endpoint: _297_ (rising edge-triggered flip-flop clocked by clockone)
Path Group: clockone
Path Type: min

Fanout         Cap        Slew       Delay        Time   Description
---------------------------------------------------------------------------------------------
                      0.000000    0.000000    0.000000   clock clockone (rise edge)
                                  0.000000    0.000000   clock network delay (ideal)
                      0.000000    0.000000    0.000000 ^ _296_/CLK (sg13g2_dfrbpq_1)
    12    0.035053    0.186907    0.363490    0.363490 v _296_/Q (sg13g2_dfrbpq_1)
                                                         DPATH.SUM.fa_3.A (net)
                      0.186907    0.000000    0.363490 v _198_/A (sg13g2_nand2_1)
     1    0.003115    0.068692    0.093750    0.457240 ^ _198_/Y (sg13g2_nand2_1)
                                                         _030_ (net)
                      0.068692    0.000000    0.457240 ^ _203_/B1 (sg13g2_o21ai_1)
     2    0.007525    0.095637    0.111177    0.568417 v _203_/Y (sg13g2_o21ai_1)
                                                         _034_ (net)
                      0.095637    0.000000    0.568417 v _204_/B (sg13g2_xor2_1)
     1    0.001355    0.036512    0.096052    0.664469 v _204_/X (sg13g2_xor2_1)
                                                         DPATH.SUM.fa_4.S (net)
                      0.036512    0.000000    0.664469 v _297_/D (sg13g2_dfrbpq_1)
                                              0.664469   data arrival time

                      0.000000    0.000000    0.000000   clock clockone (rise edge)
                                  0.000000    0.000000   clock network delay (ideal)
                                  0.200000    0.200000   clock uncertainty
                                  0.000000    0.200000   clock reconvergence pessimism
                                              0.200000 ^ _297_/CLK (sg13g2_dfrbpq_1)
                                 -0.061477    0.138523   library hold time
                                              0.138523   data required time
---------------------------------------------------------------------------------------------
                                              0.138523   data required time
                                             -0.664469   data arrival time
---------------------------------------------------------------------------------------------
                                              0.525946   slack (MET)


Startpoint: _295_ (rising edge-triggered flip-flop clocked by clockone)
Endpoint: _295_ (rising edge-triggered flip-flop clocked by clockone)
Path Group: clockone
Path Type: min

Fanout         Cap        Slew       Delay        Time   Description
---------------------------------------------------------------------------------------------
                      0.000000    0.000000    0.000000   clock clockone (rise edge)
                                  0.000000    0.000000   clock network delay (ideal)
                      0.000000    0.000000    0.000000 ^ _295_/CLK (sg13g2_dfrbpq_1)
    15    0.045167    0.236819    0.400905    0.400905 v _295_/Q (sg13g2_dfrbpq_1)
                                                         DPATH.SUM.fa_2.A (net)
                      0.236819    0.000000    0.400905 v _195_/A (sg13g2_xor2_1)
     2    0.007525    0.068749    0.199842    0.600747 v _195_/X (sg13g2_xor2_1)
                                                         _028_ (net)
                      0.068749    0.000000    0.600747 v _196_/B (sg13g2_xor2_1)
     1    0.001355    0.036673    0.083974    0.684721 v _196_/X (sg13g2_xor2_1)
                                                         DPATH.SUM.fa_2.S (net)
                      0.036673    0.000000    0.684721 v _295_/D (sg13g2_dfrbpq_1)
                                              0.684721   data arrival time

                      0.000000    0.000000    0.000000   clock clockone (rise edge)
                                  0.000000    0.000000   clock network delay (ideal)
                                  0.200000    0.200000   clock uncertainty
                                  0.000000    0.200000   clock reconvergence pessimism
                                              0.200000 ^ _295_/CLK (sg13g2_dfrbpq_1)
                                 -0.061542    0.138458   library hold time
                                              0.138458   data required time
---------------------------------------------------------------------------------------------
                                              0.138458   data required time
                                             -0.684721   data arrival time
---------------------------------------------------------------------------------------------
                                              0.546263   slack (MET)


Startpoint: _301_ (rising edge-triggered flip-flop clocked by clockone)
Endpoint: _299_ (rising edge-triggered flip-flop clocked by clockone)
Path Group: clockone
Path Type: min

Fanout         Cap        Slew       Delay        Time   Description
---------------------------------------------------------------------------------------------
                      0.000000    0.000000    0.000000   clock clockone (rise edge)
                                  0.000000    0.000000   clock network delay (ideal)
                      0.000000    0.000000    0.000000 ^ _301_/CLK (sg13g2_dfrbpq_1)
    13    0.047381    0.247782    0.409083    0.409083 v _301_/Q (sg13g2_dfrbpq_1)
                                                         CTRL.S0 (net)
                      0.247782    0.000000    0.409083 v _210_/A (sg13g2_xnor2_1)
     1    0.004766    0.075328    0.186467    0.595550 v _210_/Y (sg13g2_xnor2_1)
                                                         _039_ (net)
                      0.075328    0.000000    0.595550 v _211_/B (sg13g2_xnor2_1)
     1    0.001355    0.040630    0.089782    0.685332 v _211_/Y (sg13g2_xnor2_1)
                                                         DPATH.SUM.fa_6.S (net)
                      0.040630    0.000000    0.685332 v _299_/D (sg13g2_dfrbpq_1)
                                              0.685332   data arrival time

                      0.000000    0.000000    0.000000   clock clockone (rise edge)
                                  0.000000    0.000000   clock network delay (ideal)
                                  0.200000    0.200000   clock uncertainty
                                  0.000000    0.200000   clock reconvergence pessimism
                                              0.200000 ^ _299_/CLK (sg13g2_dfrbpq_1)
                                 -0.063135    0.136865   library hold time
                                              0.136865   data required time
---------------------------------------------------------------------------------------------
                                              0.136865   data required time
                                             -0.685332   data arrival time
---------------------------------------------------------------------------------------------
                                              0.548467   slack (MET)


Startpoint: _301_ (rising edge-triggered flip-flop clocked by clockone)
Endpoint: _298_ (rising edge-triggered flip-flop clocked by clockone)
Path Group: clockone
Path Type: min

Fanout         Cap        Slew       Delay        Time   Description
---------------------------------------------------------------------------------------------
                      0.000000    0.000000    0.000000   clock clockone (rise edge)
                                  0.000000    0.000000   clock network delay (ideal)
                      0.000000    0.000000    0.000000 ^ _301_/CLK (sg13g2_dfrbpq_1)
    13    0.047381    0.247782    0.409083    0.409083 v _301_/Q (sg13g2_dfrbpq_1)
                                                         CTRL.S0 (net)
                      0.247782    0.000000    0.409083 v _206_/B (sg13g2_xnor2_1)
     2    0.008256    0.107834    0.199019    0.608102 v _206_/Y (sg13g2_xnor2_1)
                                                         _036_ (net)
                      0.107834    0.000000    0.608102 v _208_/A (sg13g2_xor2_1)
     1    0.001355    0.036823    0.109016    0.717119 v _208_/X (sg13g2_xor2_1)
                                                         DPATH.SUM.fa_5.S (net)
                      0.036823    0.000000    0.717119 v _298_/D (sg13g2_dfrbpq_1)
                                              0.717119   data arrival time

                      0.000000    0.000000    0.000000   clock clockone (rise edge)
                                  0.000000    0.000000   clock network delay (ideal)
                                  0.200000    0.200000   clock uncertainty
                                  0.000000    0.200000   clock reconvergence pessimism
                                              0.200000 ^ _298_/CLK (sg13g2_dfrbpq_1)
                                 -0.061602    0.138398   library hold time
                                              0.138398   data required time
---------------------------------------------------------------------------------------------
                                              0.138398   data required time
                                             -0.717119   data arrival time
---------------------------------------------------------------------------------------------
                                              0.578721   slack (MET)



