+ define_corners nom_slow_1p08V_125C
Reading timing models for corner nom_slow_1p08V_125C…
Reading cell library for the 'nom_slow_1p08V_125C' corner at '/opt/pdks/ciel/ihp-sg13g2/versions/cb7daaa8901016cf7c5d272dfa322c41f024931f/ihp-sg13g2/libs.ref/sg13g2_stdcell/lib/sg13g2_stdcell_slow_1p08V_125C.lib'…
Reading top-level netlist at '/home/designer/shared/Bioimpedance-ASIC-for-skin-cancer-detection/current_generator/digital/DigitalSine/runs/RUN_2025-12-14_10-41-31/06-yosys-synthesis/DigitalSine.nl.v'…
Linking design 'DigitalSine' from netlist…
Reading design constraints file at '/home/designer/shared/Bioimpedance-ASIC-for-skin-cancer-detection/current_generator/digital/DigitalSine/cons.sdc'…
Warning: cons.sdc line 4, clock arg 'clk' clock not found.
Warning: cons.sdc line 5, clock arg 'clk' clock not found.
[INFO] No information on clock propagation in input SDC file-- unpropagating all clocks.
%OL_CREATE_REPORT min.rpt

===========================================================================
report_checks -path_delay min (Hold)
============================================================================
======================= nom_slow_1p08V_125C Corner ===================================

Startpoint: _300_ (rising edge-triggered flip-flop clocked by clockone)
Endpoint: _300_ (rising edge-triggered flip-flop clocked by clockone)
Path Group: clockone
Path Type: min

Fanout         Cap        Slew       Delay        Time   Description
---------------------------------------------------------------------------------------------
                      0.000000    0.000000    0.000000   clock clockone (rise edge)
                                  0.000000    0.000000   clock network delay (ideal)
                      0.000000    0.000000    0.000000 ^ _300_/CLK (sg13g2_dfrbpq_1)
     3    0.007792    0.055583    0.257508    0.257508 v _300_/Q (sg13g2_dfrbpq_1)
                                                         sign (net)
                      0.055583    0.000000    0.257508 v _214_/A (sg13g2_xnor2_1)
     1    0.001355    0.041012    0.092749    0.350257 v _214_/Y (sg13g2_xnor2_1)
                                                         CTRL.P1 (net)
                      0.041012    0.000000    0.350257 v _300_/D (sg13g2_dfrbpq_1)
                                              0.350257   data arrival time

                      0.000000    0.000000    0.000000   clock clockone (rise edge)
                                  0.000000    0.000000   clock network delay (ideal)
                                  0.200000    0.200000   clock uncertainty
                                  0.000000    0.200000   clock reconvergence pessimism
                                              0.200000 ^ _300_/CLK (sg13g2_dfrbpq_1)
                                 -0.063289    0.136711   library hold time
                                              0.136711   data required time
---------------------------------------------------------------------------------------------
                                              0.136711   data required time
                                             -0.350257   data arrival time
---------------------------------------------------------------------------------------------
                                              0.213545   slack (MET)


Startpoint: _293_ (rising edge-triggered flip-flop clocked by clockone)
Endpoint: _294_ (rising edge-triggered flip-flop clocked by clockone)
Path Group: clockone
Path Type: min

Fanout         Cap        Slew       Delay        Time   Description
---------------------------------------------------------------------------------------------
                      0.000000    0.000000    0.000000   clock clockone (rise edge)
                                  0.000000    0.000000   clock network delay (ideal)
                      0.000000    0.000000    0.000000 ^ _293_/CLK (sg13g2_dfrbpq_1)
    14    0.044470    0.233368    0.398331    0.398331 v _293_/Q (sg13g2_dfrbpq_1)
                                                         DPATH.SUM.Cout0 (net)
                      0.233368    0.000000    0.398331 v _192_/A (sg13g2_xnor2_1)
     1    0.001355    0.041765    0.154313    0.552643 v _192_/Y (sg13g2_xnor2_1)
                                                         DPATH.SUM.fa_1.S (net)
                      0.041765    0.000000    0.552643 v _294_/D (sg13g2_dfrbpq_1)
                                              0.552643   data arrival time

                      0.000000    0.000000    0.000000   clock clockone (rise edge)
                                  0.000000    0.000000   clock network delay (ideal)
                                  0.200000    0.200000   clock uncertainty
                                  0.000000    0.200000   clock reconvergence pessimism
                                              0.200000 ^ _294_/CLK (sg13g2_dfrbpq_1)
                                 -0.063592    0.136408   library hold time
                                              0.136408   data required time
---------------------------------------------------------------------------------------------
                                              0.136408   data required time
                                             -0.552643   data arrival time
---------------------------------------------------------------------------------------------
                                              0.416235   slack (MET)


Startpoint: _301_ (rising edge-triggered flip-flop clocked by clockone)
Endpoint: _301_ (rising edge-triggered flip-flop clocked by clockone)
Path Group: clockone
Path Type: min

Fanout         Cap        Slew       Delay        Time   Description
---------------------------------------------------------------------------------------------
                      0.000000    0.000000    0.000000   clock clockone (rise edge)
                                  0.000000    0.000000   clock network delay (ideal)
                      0.000000    0.000000    0.000000 ^ _301_/CLK (sg13g2_dfrbpq_1)
    13    0.047381    0.247782    0.409083    0.409083 v _301_/Q (sg13g2_dfrbpq_1)
                                                         CTRL.S0 (net)
                      0.247782    0.000000    0.409083 v _218_/A1 (sg13g2_o21ai_1)
     1    0.002759    0.062540    0.196041    0.605124 ^ _218_/Y (sg13g2_o21ai_1)
                                                         _044_ (net)
                      0.062540    0.000000    0.605124 ^ _219_/A (sg13g2_inv_1)
     1    0.001355    0.025921    0.044451    0.649575 v _219_/Y (sg13g2_inv_1)
                                                         CTRL.P0 (net)
                      0.025921    0.000000    0.649575 v _301_/D (sg13g2_dfrbpq_1)
                                              0.649575   data arrival time

                      0.000000    0.000000    0.000000   clock clockone (rise edge)
                                  0.000000    0.000000   clock network delay (ideal)
                                  0.200000    0.200000   clock uncertainty
                                  0.000000    0.200000   clock reconvergence pessimism
                                              0.200000 ^ _301_/CLK (sg13g2_dfrbpq_1)
                                 -0.057213    0.142787   library hold time
                                              0.142787   data required time
---------------------------------------------------------------------------------------------
                                              0.142787   data required time
                                             -0.649575   data arrival time
---------------------------------------------------------------------------------------------
                                              0.506788   slack (MET)


Startpoint: _293_ (rising edge-triggered flip-flop clocked by clockone)
Endpoint: _293_ (rising edge-triggered flip-flop clocked by clockone)
Path Group: clockone
Path Type: min

Fanout         Cap        Slew       Delay        Time   Description
---------------------------------------------------------------------------------------------
                      0.000000    0.000000    0.000000   clock clockone (rise edge)
                                  0.000000    0.000000   clock network delay (ideal)
                      0.000000    0.000000    0.000000 ^ _293_/CLK (sg13g2_dfrbpq_1)
    14    0.044470    0.233368    0.398331    0.398331 v _293_/Q (sg13g2_dfrbpq_1)
                                                         DPATH.SUM.Cout0 (net)
                      0.233368    0.000000    0.398331 v _128_/A (sg13g2_inv_1)
     5    0.013498    0.132302    0.170622    0.568952 ^ _128_/Y (sg13g2_inv_1)
                                                         DPATH.SUM.ha_0.S (net)
                      0.132302    0.000000    0.568952 ^ _293_/D (sg13g2_dfrbpq_1)
                                              0.568952   data arrival time

                      0.000000    0.000000    0.000000   clock clockone (rise edge)
                                  0.000000    0.000000   clock network delay (ideal)
                                  0.200000    0.200000   clock uncertainty
                                  0.000000    0.200000   clock reconvergence pessimism
                                              0.200000 ^ _293_/CLK (sg13g2_dfrbpq_1)
                                 -0.142188    0.057812   library hold time
                                              0.057812   data required time
---------------------------------------------------------------------------------------------
                                              0.057812   data required time
                                             -0.568952   data arrival time
---------------------------------------------------------------------------------------------
                                              0.511140   slack (MET)


Startpoint: _296_ (rising edge-triggered flip-flop clocked by clockone)
Endpoint: _296_ (rising edge-triggered flip-flop clocked by clockone)
Path Group: clockone
Path Type: min

Fanout         Cap        Slew       Delay        Time   Description
---------------------------------------------------------------------------------------------
                      0.000000    0.000000    0.000000   clock clockone (rise edge)
                                  0.000000    0.000000   clock network delay (ideal)
                      0.000000    0.000000    0.000000 ^ _296_/CLK (sg13g2_dfrbpq_1)
    12    0.035053    0.186907    0.363490    0.363490 v _296_/Q (sg13g2_dfrbpq_1)
                                                         DPATH.SUM.fa_3.A (net)
                      0.186907    0.000000    0.363490 v _199_/A (sg13g2_xnor2_1)
     2    0.007735    0.099718    0.191400    0.554890 v _199_/Y (sg13g2_xnor2_1)
                                                         _031_ (net)
                      0.099718    0.000000    0.554890 v _200_/B (sg13g2_xor2_1)
     1    0.001355    0.036461    0.097518    0.652407 v _200_/X (sg13g2_xor2_1)
                                                         DPATH.SUM.fa_3.S (net)
                      0.036461    0.000000    0.652407 v _296_/D (sg13g2_dfrbpq_1)
                                              0.652407   data arrival time

                      0.000000    0.000000    0.000000   clock clockone (rise edge)
                                  0.000000    0.000000   clock network delay (ideal)
                                  0.200000    0.200000   clock uncertainty
                                  0.000000    0.200000   clock reconvergence pessimism
                                              0.200000 ^ _296_/CLK (sg13g2_dfrbpq_1)
                                 -0.061456    0.138544   library hold time
                                              0.138544   data required time
---------------------------------------------------------------------------------------------
                                              0.138544   data required time
                                             -0.652407   data arrival time
---------------------------------------------------------------------------------------------
                                              0.513864   slack (MET)


Startpoint: _296_ (rising edge-triggered flip-flop clocked by clockone)
Endpoint: _297_ (rising edge-triggered flip-flop clocked by clockone)
Path Group: clockone
Path Type: min

Fanout         Cap        Slew       Delay        Time   Description
---------------------------------------------------------------------------------------------
                      0.000000    0.000000    0.000000   clock clockone (rise edge)
                                  0.000000    0.000000   clock network delay (ideal)
                      0.000000    0.000000    0.000000 ^ _296_/CLK (sg13g2_dfrbpq_1)
    12    0.035053    0.186907    0.363490    0.363490 v _296_/Q (sg13g2_dfrbpq_1)
                                                         DPATH.SUM.fa_3.A (net)
                      0.186907    0.000000    0.363490 v _198_/A (sg13g2_nand2_1)
     1    0.003115    0.068692    0.093750    0.457240 ^ _198_/Y (sg13g2_nand2_1)
                                                         _030_ (net)
                      0.068692    0.000000    0.457240 ^ _203_/B1 (sg13g2_o21ai_1)
     2    0.007525    0.095637    0.111177    0.568417 v _203_/Y (sg13g2_o21ai_1)
                                                         _034_ (net)
                      0.095637    0.000000    0.568417 v _204_/B (sg13g2_xor2_1)
     1    0.001355    0.036512    0.096052    0.664469 v _204_/X (sg13g2_xor2_1)
                                                         DPATH.SUM.fa_4.S (net)
                      0.036512    0.000000    0.664469 v _297_/D (sg13g2_dfrbpq_1)
                                              0.664469   data arrival time

                      0.000000    0.000000    0.000000   clock clockone (rise edge)
                                  0.000000    0.000000   clock network delay (ideal)
                                  0.200000    0.200000   clock uncertainty
                                  0.000000    0.200000   clock reconvergence pessimism
                                              0.200000 ^ _297_/CLK (sg13g2_dfrbpq_1)
                                 -0.061477    0.138523   library hold time
                                              0.138523   data required time
---------------------------------------------------------------------------------------------
                                              0.138523   data required time
                                             -0.664469   data arrival time
---------------------------------------------------------------------------------------------
                                              0.525946   slack (MET)


Startpoint: _295_ (rising edge-triggered flip-flop clocked by clockone)
Endpoint: _295_ (rising edge-triggered flip-flop clocked by clockone)
Path Group: clockone
Path Type: min

Fanout         Cap        Slew       Delay        Time   Description
---------------------------------------------------------------------------------------------
                      0.000000    0.000000    0.000000   clock clockone (rise edge)
                                  0.000000    0.000000   clock network delay (ideal)
                      0.000000    0.000000    0.000000 ^ _295_/CLK (sg13g2_dfrbpq_1)
    15    0.045167    0.236819    0.400905    0.400905 v _295_/Q (sg13g2_dfrbpq_1)
                                                         DPATH.SUM.fa_2.A (net)
                      0.236819    0.000000    0.400905 v _195_/A (sg13g2_xor2_1)
     2    0.007525    0.068749    0.199842    0.600747 v _195_/X (sg13g2_xor2_1)
                                                         _028_ (net)
                      0.068749    0.000000    0.600747 v _196_/B (sg13g2_xor2_1)
     1    0.001355    0.036673    0.083974    0.684721 v _196_/X (sg13g2_xor2_1)
                                                         DPATH.SUM.fa_2.S (net)
                      0.036673    0.000000    0.684721 v _295_/D (sg13g2_dfrbpq_1)
                                              0.684721   data arrival time

                      0.000000    0.000000    0.000000   clock clockone (rise edge)
                                  0.000000    0.000000   clock network delay (ideal)
                                  0.200000    0.200000   clock uncertainty
                                  0.000000    0.200000   clock reconvergence pessimism
                                              0.200000 ^ _295_/CLK (sg13g2_dfrbpq_1)
                                 -0.061542    0.138458   library hold time
                                              0.138458   data required time
---------------------------------------------------------------------------------------------
                                              0.138458   data required time
                                             -0.684721   data arrival time
---------------------------------------------------------------------------------------------
                                              0.546263   slack (MET)


Startpoint: _301_ (rising edge-triggered flip-flop clocked by clockone)
Endpoint: _299_ (rising edge-triggered flip-flop clocked by clockone)
Path Group: clockone
Path Type: min

Fanout         Cap        Slew       Delay        Time   Description
---------------------------------------------------------------------------------------------
                      0.000000    0.000000    0.000000   clock clockone (rise edge)
                                  0.000000    0.000000   clock network delay (ideal)
                      0.000000    0.000000    0.000000 ^ _301_/CLK (sg13g2_dfrbpq_1)
    13    0.047381    0.247782    0.409083    0.409083 v _301_/Q (sg13g2_dfrbpq_1)
                                                         CTRL.S0 (net)
                      0.247782    0.000000    0.409083 v _210_/A (sg13g2_xnor2_1)
     1    0.004766    0.075328    0.186467    0.595550 v _210_/Y (sg13g2_xnor2_1)
                                                         _039_ (net)
                      0.075328    0.000000    0.595550 v _211_/B (sg13g2_xnor2_1)
     1    0.001355    0.040630    0.089782    0.685332 v _211_/Y (sg13g2_xnor2_1)
                                                         DPATH.SUM.fa_6.S (net)
                      0.040630    0.000000    0.685332 v _299_/D (sg13g2_dfrbpq_1)
                                              0.685332   data arrival time

                      0.000000    0.000000    0.000000   clock clockone (rise edge)
                                  0.000000    0.000000   clock network delay (ideal)
                                  0.200000    0.200000   clock uncertainty
                                  0.000000    0.200000   clock reconvergence pessimism
                                              0.200000 ^ _299_/CLK (sg13g2_dfrbpq_1)
                                 -0.063135    0.136865   library hold time
                                              0.136865   data required time
---------------------------------------------------------------------------------------------
                                              0.136865   data required time
                                             -0.685332   data arrival time
---------------------------------------------------------------------------------------------
                                              0.548467   slack (MET)


Startpoint: _301_ (rising edge-triggered flip-flop clocked by clockone)
Endpoint: _298_ (rising edge-triggered flip-flop clocked by clockone)
Path Group: clockone
Path Type: min

Fanout         Cap        Slew       Delay        Time   Description
---------------------------------------------------------------------------------------------
                      0.000000    0.000000    0.000000   clock clockone (rise edge)
                                  0.000000    0.000000   clock network delay (ideal)
                      0.000000    0.000000    0.000000 ^ _301_/CLK (sg13g2_dfrbpq_1)
    13    0.047381    0.247782    0.409083    0.409083 v _301_/Q (sg13g2_dfrbpq_1)
                                                         CTRL.S0 (net)
                      0.247782    0.000000    0.409083 v _206_/B (sg13g2_xnor2_1)
     2    0.008256    0.107834    0.199019    0.608102 v _206_/Y (sg13g2_xnor2_1)
                                                         _036_ (net)
                      0.107834    0.000000    0.608102 v _208_/A (sg13g2_xor2_1)
     1    0.001355    0.036823    0.109016    0.717119 v _208_/X (sg13g2_xor2_1)
                                                         DPATH.SUM.fa_5.S (net)
                      0.036823    0.000000    0.717119 v _298_/D (sg13g2_dfrbpq_1)
                                              0.717119   data arrival time

                      0.000000    0.000000    0.000000   clock clockone (rise edge)
                                  0.000000    0.000000   clock network delay (ideal)
                                  0.200000    0.200000   clock uncertainty
                                  0.000000    0.200000   clock reconvergence pessimism
                                              0.200000 ^ _298_/CLK (sg13g2_dfrbpq_1)
                                 -0.061602    0.138398   library hold time
                                              0.138398   data required time
---------------------------------------------------------------------------------------------
                                              0.138398   data required time
                                             -0.717119   data arrival time
---------------------------------------------------------------------------------------------
                                              0.578721   slack (MET)



%OL_END_REPORT
%OL_CREATE_REPORT max.rpt

===========================================================================
report_checks -path_delay max (Setup)
============================================================================
======================= nom_slow_1p08V_125C Corner ===================================

Startpoint: _294_ (rising edge-triggered flip-flop clocked by clockone)
Endpoint: _299_ (rising edge-triggered flip-flop clocked by clockone)
Path Group: clockone
Path Type: max

Fanout         Cap        Slew       Delay        Time   Description
---------------------------------------------------------------------------------------------
                      0.000000    0.000000    0.000000   clock clockone (rise edge)
                                  0.000000    0.000000   clock network delay (ideal)
                      0.000000    0.000000    0.000000 ^ _294_/CLK (sg13g2_dfrbpq_1)
    16    0.050248    0.325417    0.450219    0.450219 ^ _294_/Q (sg13g2_dfrbpq_1)
                                                         DPATH.SUM.fa_1.A (net)
                      0.325417    0.000000    0.450219 ^ _191_/A (sg13g2_xnor2_1)
     2    0.007753    0.134171    0.236228    0.686447 v _191_/Y (sg13g2_xnor2_1)
                                                         _025_ (net)
                      0.134171    0.000000    0.686447 v _193_/A2 (sg13g2_o21ai_1)
     2    0.008246    0.186609    0.211644    0.898091 ^ _193_/Y (sg13g2_o21ai_1)
                                                         _026_ (net)
                      0.186609    0.000000    0.898091 ^ _197_/A1 (sg13g2_a21oi_1)
     2    0.008256    0.132925    0.181973    1.080064 v _197_/Y (sg13g2_a21oi_1)
                                                         _029_ (net)
                      0.132925    0.000000    1.080064 v _203_/A1 (sg13g2_o21ai_1)
     2    0.007810    0.179027    0.217758    1.297822 ^ _203_/Y (sg13g2_o21ai_1)
                                                         _034_ (net)
                      0.179027    0.000000    1.297822 ^ _207_/A2 (sg13g2_a21oi_1)
     2    0.007735    0.129828    0.181797    1.479619 v _207_/Y (sg13g2_a21oi_1)
                                                         _037_ (net)
                      0.129828    0.000000    1.479619 v _209_/A2 (sg13g2_o21ai_1)
     1    0.005247    0.143995    0.176439    1.656058 ^ _209_/Y (sg13g2_o21ai_1)
                                                         _038_ (net)
                      0.143995    0.000000    1.656058 ^ _211_/A (sg13g2_xnor2_1)
     1    0.001335    0.088323    0.169432    1.825490 ^ _211_/Y (sg13g2_xnor2_1)
                                                         DPATH.SUM.fa_6.S (net)
                      0.088323    0.000000    1.825490 ^ _299_/D (sg13g2_dfrbpq_1)
                                              1.825490   data arrival time

                      0.000000    5.000000    5.000000   clock clockone (rise edge)
                                  0.000000    5.000000   clock network delay (ideal)
                                 -0.200000    4.800000   clock uncertainty
                                  0.000000    4.800000   clock reconvergence pessimism
                                              4.800000 ^ _299_/CLK (sg13g2_dfrbpq_1)
                                 -0.223378    4.576622   library setup time
                                              4.576622   data required time
---------------------------------------------------------------------------------------------
                                              4.576622   data required time
                                             -1.825490   data arrival time
---------------------------------------------------------------------------------------------
                                              2.751132   slack (MET)


Startpoint: _294_ (rising edge-triggered flip-flop clocked by clockone)
Endpoint: _298_ (rising edge-triggered flip-flop clocked by clockone)
Path Group: clockone
Path Type: max

Fanout         Cap        Slew       Delay        Time   Description
---------------------------------------------------------------------------------------------
                      0.000000    0.000000    0.000000   clock clockone (rise edge)
                                  0.000000    0.000000   clock network delay (ideal)
                      0.000000    0.000000    0.000000 ^ _294_/CLK (sg13g2_dfrbpq_1)
    16    0.050248    0.325417    0.450219    0.450219 ^ _294_/Q (sg13g2_dfrbpq_1)
                                                         DPATH.SUM.fa_1.A (net)
                      0.325417    0.000000    0.450219 ^ _191_/A (sg13g2_xnor2_1)
     2    0.007753    0.134171    0.236228    0.686447 v _191_/Y (sg13g2_xnor2_1)
                                                         _025_ (net)
                      0.134171    0.000000    0.686447 v _193_/A2 (sg13g2_o21ai_1)
     2    0.008246    0.186609    0.211644    0.898091 ^ _193_/Y (sg13g2_o21ai_1)
                                                         _026_ (net)
                      0.186609    0.000000    0.898091 ^ _197_/A1 (sg13g2_a21oi_1)
     2    0.008256    0.132925    0.181973    1.080064 v _197_/Y (sg13g2_a21oi_1)
                                                         _029_ (net)
                      0.132925    0.000000    1.080064 v _203_/A1 (sg13g2_o21ai_1)
     2    0.007810    0.179027    0.217758    1.297822 ^ _203_/Y (sg13g2_o21ai_1)
                                                         _034_ (net)
                      0.179027    0.000000    1.297822 ^ _207_/A2 (sg13g2_a21oi_1)
     2    0.007735    0.129828    0.181797    1.479619 v _207_/Y (sg13g2_a21oi_1)
                                                         _037_ (net)
                      0.129828    0.000000    1.479619 v _208_/B (sg13g2_xor2_1)
     1    0.001355    0.069531    0.172533    1.652152 v _208_/X (sg13g2_xor2_1)
                                                         DPATH.SUM.fa_5.S (net)
                      0.069531    0.000000    1.652152 v _298_/D (sg13g2_dfrbpq_1)
                                              1.652152   data arrival time

                      0.000000    5.000000    5.000000   clock clockone (rise edge)
                                  0.000000    5.000000   clock network delay (ideal)
                                 -0.200000    4.800000   clock uncertainty
                                  0.000000    4.800000   clock reconvergence pessimism
                                              4.800000 ^ _298_/CLK (sg13g2_dfrbpq_1)
                                 -0.207957    4.592042   library setup time
                                              4.592042   data required time
---------------------------------------------------------------------------------------------
                                              4.592042   data required time
                                             -1.652152   data arrival time
---------------------------------------------------------------------------------------------
                                              2.939890   slack (MET)


Startpoint: _297_ (rising edge-triggered flip-flop clocked by clockone)
Endpoint: _300_ (rising edge-triggered flip-flop clocked by clockone)
Path Group: clockone
Path Type: max

Fanout         Cap        Slew       Delay        Time   Description
---------------------------------------------------------------------------------------------
                      0.000000    0.000000    0.000000   clock clockone (rise edge)
                                  0.000000    0.000000   clock network delay (ideal)
                      0.000000    0.000000    0.000000 ^ _297_/CLK (sg13g2_dfrbpq_1)
    29    0.080498    0.411651    0.531262    0.531262 v _297_/Q (sg13g2_dfrbpq_1)
                                                         DPATH.SUM.fa_4.A (net)
                      0.411651    0.000000    0.531262 v _142_/A (sg13g2_or2_1)
     7    0.018949    0.125666    0.355669    0.886931 v _142_/X (sg13g2_or2_1)
                                                         _111_ (net)
                      0.125666    0.000000    0.886931 v _143_/B (sg13g2_nor2_1)
     2    0.005657    0.137035    0.134072    1.021003 ^ _143_/Y (sg13g2_nor2_1)
                                                         _112_ (net)
                      0.137035    0.000000    1.021003 ^ _144_/B (sg13g2_nand2_1)
     2    0.005385    0.106498    0.128826    1.149828 v _144_/Y (sg13g2_nand2_1)
                                                         _113_ (net)
                      0.106498    0.000000    1.149828 v _212_/B (sg13g2_nor2_1)
     2    0.002883    0.105028    0.101490    1.251319 ^ _212_/Y (sg13g2_nor2_1)
                                                         sine_out[2] (net)
                      0.105028    0.000000    1.251319 ^ _213_/C (sg13g2_nand3_1)
     2    0.007703    0.189205    0.191910    1.443229 v _213_/Y (sg13g2_nand3_1)
                                                         _040_ (net)
                      0.189205    0.000000    1.443229 v _214_/B (sg13g2_xnor2_1)
     1    0.001355    0.052179    0.182650    1.625879 v _214_/Y (sg13g2_xnor2_1)
                                                         CTRL.P1 (net)
                      0.052179    0.000000    1.625879 v _300_/D (sg13g2_dfrbpq_1)
                                              1.625879   data arrival time

                      0.000000    5.000000    5.000000   clock clockone (rise edge)
                                  0.000000    5.000000   clock network delay (ideal)
                                 -0.200000    4.800000   clock uncertainty
                                  0.000000    4.800000   clock reconvergence pessimism
                                              4.800000 ^ _300_/CLK (sg13g2_dfrbpq_1)
                                 -0.200095    4.599905   library setup time
                                              4.599905   data required time
---------------------------------------------------------------------------------------------
                                              4.599905   data required time
                                             -1.625879   data arrival time
---------------------------------------------------------------------------------------------
                                              2.974026   slack (MET)


Startpoint: _297_ (rising edge-triggered flip-flop clocked by clockone)
Endpoint: _301_ (rising edge-triggered flip-flop clocked by clockone)
Path Group: clockone
Path Type: max

Fanout         Cap        Slew       Delay        Time   Description
---------------------------------------------------------------------------------------------
                      0.000000    0.000000    0.000000   clock clockone (rise edge)
                                  0.000000    0.000000   clock network delay (ideal)
                      0.000000    0.000000    0.000000 ^ _297_/CLK (sg13g2_dfrbpq_1)
    29    0.080498    0.411651    0.531262    0.531262 v _297_/Q (sg13g2_dfrbpq_1)
                                                         DPATH.SUM.fa_4.A (net)
                      0.411651    0.000000    0.531262 v _142_/A (sg13g2_or2_1)
     7    0.018949    0.125666    0.355669    0.886931 v _142_/X (sg13g2_or2_1)
                                                         _111_ (net)
                      0.125666    0.000000    0.886931 v _143_/B (sg13g2_nor2_1)
     2    0.005657    0.137035    0.134072    1.021003 ^ _143_/Y (sg13g2_nor2_1)
                                                         _112_ (net)
                      0.137035    0.000000    1.021003 ^ _144_/B (sg13g2_nand2_1)
     2    0.005385    0.106498    0.128826    1.149828 v _144_/Y (sg13g2_nand2_1)
                                                         _113_ (net)
                      0.106498    0.000000    1.149828 v _212_/B (sg13g2_nor2_1)
     2    0.002883    0.105028    0.101490    1.251319 ^ _212_/Y (sg13g2_nor2_1)
                                                         sine_out[2] (net)
                      0.105028    0.000000    1.251319 ^ _213_/C (sg13g2_nand3_1)
     2    0.007703    0.189205    0.191910    1.443229 v _213_/Y (sg13g2_nand3_1)
                                                         _040_ (net)
                      0.189205    0.000000    1.443229 v _218_/B1 (sg13g2_o21ai_1)
     1    0.002759    0.116992    0.101416    1.544646 ^ _218_/Y (sg13g2_o21ai_1)
                                                         _044_ (net)
                      0.116992    0.000000    1.544646 ^ _219_/A (sg13g2_inv_1)
     1    0.001355    0.036783    0.060933    1.605578 v _219_/Y (sg13g2_inv_1)
                                                         CTRL.P0 (net)
                      0.036783    0.000000    1.605578 v _301_/D (sg13g2_dfrbpq_1)
                                              1.605578   data arrival time

                      0.000000    5.000000    5.000000   clock clockone (rise edge)
                                  0.000000    5.000000   clock network delay (ideal)
                                 -0.200000    4.800000   clock uncertainty
                                  0.000000    4.800000   clock reconvergence pessimism
                                              4.800000 ^ _301_/CLK (sg13g2_dfrbpq_1)
                                 -0.193119    4.606881   library setup time
                                              4.606881   data required time
---------------------------------------------------------------------------------------------
                                              4.606881   data required time
                                             -1.605578   data arrival time
---------------------------------------------------------------------------------------------
                                              3.001303   slack (MET)


Startpoint: _294_ (rising edge-triggered flip-flop clocked by clockone)
Endpoint: _297_ (rising edge-triggered flip-flop clocked by clockone)
Path Group: clockone
Path Type: max

Fanout         Cap        Slew       Delay        Time   Description
---------------------------------------------------------------------------------------------
                      0.000000    0.000000    0.000000   clock clockone (rise edge)
                                  0.000000    0.000000   clock network delay (ideal)
                      0.000000    0.000000    0.000000 ^ _294_/CLK (sg13g2_dfrbpq_1)
    16    0.050248    0.325417    0.450219    0.450219 ^ _294_/Q (sg13g2_dfrbpq_1)
                                                         DPATH.SUM.fa_1.A (net)
                      0.325417    0.000000    0.450219 ^ _191_/A (sg13g2_xnor2_1)
     2    0.007753    0.134171    0.236228    0.686447 v _191_/Y (sg13g2_xnor2_1)
                                                         _025_ (net)
                      0.134171    0.000000    0.686447 v _193_/A2 (sg13g2_o21ai_1)
     2    0.008246    0.186609    0.211644    0.898091 ^ _193_/Y (sg13g2_o21ai_1)
                                                         _026_ (net)
                      0.186609    0.000000    0.898091 ^ _197_/A1 (sg13g2_a21oi_1)
     2    0.008256    0.132925    0.181973    1.080064 v _197_/Y (sg13g2_a21oi_1)
                                                         _029_ (net)
                      0.132925    0.000000    1.080064 v _203_/A1 (sg13g2_o21ai_1)
     2    0.007810    0.179027    0.217758    1.297822 ^ _203_/Y (sg13g2_o21ai_1)
                                                         _034_ (net)
                      0.179027    0.000000    1.297822 ^ _204_/B (sg13g2_xor2_1)
     1    0.001335    0.072617    0.185035    1.482858 ^ _204_/X (sg13g2_xor2_1)
                                                         DPATH.SUM.fa_4.S (net)
                      0.072617    0.000000    1.482858 ^ _297_/D (sg13g2_dfrbpq_1)
                                              1.482858   data arrival time

                      0.000000    5.000000    5.000000   clock clockone (rise edge)
                                  0.000000    5.000000   clock network delay (ideal)
                                 -0.200000    4.800000   clock uncertainty
                                  0.000000    4.800000   clock reconvergence pessimism
                                              4.800000 ^ _297_/CLK (sg13g2_dfrbpq_1)
                                 -0.216870    4.583130   library setup time
                                              4.583130   data required time
---------------------------------------------------------------------------------------------
                                              4.583130   data required time
                                             -1.482858   data arrival time
---------------------------------------------------------------------------------------------
                                              3.100273   slack (MET)


Startpoint: _294_ (rising edge-triggered flip-flop clocked by clockone)
Endpoint: _296_ (rising edge-triggered flip-flop clocked by clockone)
Path Group: clockone
Path Type: max

Fanout         Cap        Slew       Delay        Time   Description
---------------------------------------------------------------------------------------------
                      0.000000    0.000000    0.000000   clock clockone (rise edge)
                                  0.000000    0.000000   clock network delay (ideal)
                      0.000000    0.000000    0.000000 ^ _294_/CLK (sg13g2_dfrbpq_1)
    16    0.050248    0.325417    0.450219    0.450219 ^ _294_/Q (sg13g2_dfrbpq_1)
                                                         DPATH.SUM.fa_1.A (net)
                      0.325417    0.000000    0.450219 ^ _191_/A (sg13g2_xnor2_1)
     2    0.007753    0.134171    0.236228    0.686447 v _191_/Y (sg13g2_xnor2_1)
                                                         _025_ (net)
                      0.134171    0.000000    0.686447 v _193_/A2 (sg13g2_o21ai_1)
     2    0.008246    0.186609    0.211644    0.898091 ^ _193_/Y (sg13g2_o21ai_1)
                                                         _026_ (net)
                      0.186609    0.000000    0.898091 ^ _197_/A1 (sg13g2_a21oi_1)
     2    0.008256    0.132925    0.181973    1.080064 v _197_/Y (sg13g2_a21oi_1)
                                                         _029_ (net)
                      0.132925    0.000000    1.080064 v _200_/A (sg13g2_xor2_1)
     1    0.001355    0.077344    0.182391    1.262455 v _200_/X (sg13g2_xor2_1)
                                                         DPATH.SUM.fa_3.S (net)
                      0.077344    0.000000    1.262455 v _296_/D (sg13g2_dfrbpq_1)
                                              1.262455   data arrival time

                      0.000000    5.000000    5.000000   clock clockone (rise edge)
                                  0.000000    5.000000   clock network delay (ideal)
                                 -0.200000    4.800000   clock uncertainty
                                  0.000000    4.800000   clock reconvergence pessimism
                                              4.800000 ^ _296_/CLK (sg13g2_dfrbpq_1)
                                 -0.211498    4.588502   library setup time
                                              4.588502   data required time
---------------------------------------------------------------------------------------------
                                              4.588502   data required time
                                             -1.262455   data arrival time
---------------------------------------------------------------------------------------------
                                              3.326047   slack (MET)


Startpoint: _294_ (rising edge-triggered flip-flop clocked by clockone)
Endpoint: _295_ (rising edge-triggered flip-flop clocked by clockone)
Path Group: clockone
Path Type: max

Fanout         Cap        Slew       Delay        Time   Description
---------------------------------------------------------------------------------------------
                      0.000000    0.000000    0.000000   clock clockone (rise edge)
                                  0.000000    0.000000   clock network delay (ideal)
                      0.000000    0.000000    0.000000 ^ _294_/CLK (sg13g2_dfrbpq_1)
    16    0.050248    0.325417    0.450219    0.450219 ^ _294_/Q (sg13g2_dfrbpq_1)
                                                         DPATH.SUM.fa_1.A (net)
                      0.325417    0.000000    0.450219 ^ _191_/A (sg13g2_xnor2_1)
     2    0.007753    0.134171    0.236228    0.686447 v _191_/Y (sg13g2_xnor2_1)
                                                         _025_ (net)
                      0.134171    0.000000    0.686447 v _193_/A2 (sg13g2_o21ai_1)
     2    0.008246    0.186609    0.211644    0.898091 ^ _193_/Y (sg13g2_o21ai_1)
                                                         _026_ (net)
                      0.186609    0.000000    0.898091 ^ _196_/A (sg13g2_xor2_1)
     1    0.001335    0.071910    0.193779    1.091870 ^ _196_/X (sg13g2_xor2_1)
                                                         DPATH.SUM.fa_2.S (net)
                      0.071910    0.000000    1.091870 ^ _295_/D (sg13g2_dfrbpq_1)
                                              1.091870   data arrival time

                      0.000000    5.000000    5.000000   clock clockone (rise edge)
                                  0.000000    5.000000   clock network delay (ideal)
                                 -0.200000    4.800000   clock uncertainty
                                  0.000000    4.800000   clock reconvergence pessimism
                                              4.800000 ^ _295_/CLK (sg13g2_dfrbpq_1)
                                 -0.216576    4.583424   library setup time
                                              4.583424   data required time
---------------------------------------------------------------------------------------------
                                              4.583424   data required time
                                             -1.091870   data arrival time
---------------------------------------------------------------------------------------------
                                              3.491554   slack (MET)


Startpoint: _294_ (rising edge-triggered flip-flop clocked by clockone)
Endpoint: _294_ (rising edge-triggered flip-flop clocked by clockone)
Path Group: clockone
Path Type: max

Fanout         Cap        Slew       Delay        Time   Description
---------------------------------------------------------------------------------------------
                      0.000000    0.000000    0.000000   clock clockone (rise edge)
                                  0.000000    0.000000   clock network delay (ideal)
                      0.000000    0.000000    0.000000 ^ _294_/CLK (sg13g2_dfrbpq_1)
    16    0.050248    0.325417    0.450219    0.450219 ^ _294_/Q (sg13g2_dfrbpq_1)
                                                         DPATH.SUM.fa_1.A (net)
                      0.325417    0.000000    0.450219 ^ _191_/A (sg13g2_xnor2_1)
     2    0.008105    0.190741    0.259701    0.709920 ^ _191_/Y (sg13g2_xnor2_1)
                                                         _025_ (net)
                      0.190741    0.000000    0.709920 ^ _192_/B (sg13g2_xnor2_1)
     1    0.001335    0.092034    0.178077    0.887997 ^ _192_/Y (sg13g2_xnor2_1)
                                                         DPATH.SUM.fa_1.S (net)
                      0.092034    0.000000    0.887997 ^ _294_/D (sg13g2_dfrbpq_1)
                                              0.887997   data arrival time

                      0.000000    5.000000    5.000000   clock clockone (rise edge)
                                  0.000000    5.000000   clock network delay (ideal)
                                 -0.200000    4.800000   clock uncertainty
                                  0.000000    4.800000   clock reconvergence pessimism
                                              4.800000 ^ _294_/CLK (sg13g2_dfrbpq_1)
                                 -0.224916    4.575084   library setup time
                                              4.575084   data required time
---------------------------------------------------------------------------------------------
                                              4.575084   data required time
                                             -0.887997   data arrival time
---------------------------------------------------------------------------------------------
                                              3.687087   slack (MET)


Startpoint: _293_ (rising edge-triggered flip-flop clocked by clockone)
Endpoint: _293_ (rising edge-triggered flip-flop clocked by clockone)
Path Group: clockone
Path Type: max

Fanout         Cap        Slew       Delay        Time   Description
---------------------------------------------------------------------------------------------
                      0.000000    0.000000    0.000000   clock clockone (rise edge)
                                  0.000000    0.000000   clock network delay (ideal)
                      0.000000    0.000000    0.000000 ^ _293_/CLK (sg13g2_dfrbpq_1)
    14    0.046422    0.301735    0.433626    0.433626 ^ _293_/Q (sg13g2_dfrbpq_1)
                                                         DPATH.SUM.Cout0 (net)
                      0.301735    0.000000    0.433626 ^ _128_/A (sg13g2_inv_1)
     5    0.013086    0.128711    0.183747    0.617372 v _128_/Y (sg13g2_inv_1)
                                                         DPATH.SUM.ha_0.S (net)
                      0.128711    0.000000    0.617372 v _293_/D (sg13g2_dfrbpq_1)
                                              0.617372   data arrival time

                      0.000000    5.000000    5.000000   clock clockone (rise edge)
                                  0.000000    5.000000   clock network delay (ideal)
                                 -0.200000    4.800000   clock uncertainty
                                  0.000000    4.800000   clock reconvergence pessimism
                                              4.800000 ^ _293_/CLK (sg13g2_dfrbpq_1)
                                 -0.234773    4.565227   library setup time
                                              4.565227   data required time
---------------------------------------------------------------------------------------------
                                              4.565227   data required time
                                             -0.617372   data arrival time
---------------------------------------------------------------------------------------------
                                              3.947855   slack (MET)



%OL_END_REPORT
%OL_CREATE_REPORT checks.rpt

===========================================================================
report_checks -unconstrained
===========================================================================
======================= nom_slow_1p08V_125C Corner ===================================

Startpoint: _294_ (rising edge-triggered flip-flop clocked by clockone)
Endpoint: _299_ (rising edge-triggered flip-flop clocked by clockone)
Path Group: clockone
Path Type: max

Fanout         Cap        Slew       Delay        Time   Description
---------------------------------------------------------------------------------------------
                      0.000000    0.000000    0.000000   clock clockone (rise edge)
                                  0.000000    0.000000   clock network delay (ideal)
                      0.000000    0.000000    0.000000 ^ _294_/CLK (sg13g2_dfrbpq_1)
    16    0.050248    0.325417    0.450219    0.450219 ^ _294_/Q (sg13g2_dfrbpq_1)
                                                         DPATH.SUM.fa_1.A (net)
                      0.325417    0.000000    0.450219 ^ _191_/A (sg13g2_xnor2_1)
     2    0.007753    0.134171    0.236228    0.686447 v _191_/Y (sg13g2_xnor2_1)
                                                         _025_ (net)
                      0.134171    0.000000    0.686447 v _193_/A2 (sg13g2_o21ai_1)
     2    0.008246    0.186609    0.211644    0.898091 ^ _193_/Y (sg13g2_o21ai_1)
                                                         _026_ (net)
                      0.186609    0.000000    0.898091 ^ _197_/A1 (sg13g2_a21oi_1)
     2    0.008256    0.132925    0.181973    1.080064 v _197_/Y (sg13g2_a21oi_1)
                                                         _029_ (net)
                      0.132925    0.000000    1.080064 v _203_/A1 (sg13g2_o21ai_1)
     2    0.007810    0.179027    0.217758    1.297822 ^ _203_/Y (sg13g2_o21ai_1)
                                                         _034_ (net)
                      0.179027    0.000000    1.297822 ^ _207_/A2 (sg13g2_a21oi_1)
     2    0.007735    0.129828    0.181797    1.479619 v _207_/Y (sg13g2_a21oi_1)
                                                         _037_ (net)
                      0.129828    0.000000    1.479619 v _209_/A2 (sg13g2_o21ai_1)
     1    0.005247    0.143995    0.176439    1.656058 ^ _209_/Y (sg13g2_o21ai_1)
                                                         _038_ (net)
                      0.143995    0.000000    1.656058 ^ _211_/A (sg13g2_xnor2_1)
     1    0.001335    0.088323    0.169432    1.825490 ^ _211_/Y (sg13g2_xnor2_1)
                                                         DPATH.SUM.fa_6.S (net)
                      0.088323    0.000000    1.825490 ^ _299_/D (sg13g2_dfrbpq_1)
                                              1.825490   data arrival time

                      0.000000    5.000000    5.000000   clock clockone (rise edge)
                                  0.000000    5.000000   clock network delay (ideal)
                                 -0.200000    4.800000   clock uncertainty
                                  0.000000    4.800000   clock reconvergence pessimism
                                              4.800000 ^ _299_/CLK (sg13g2_dfrbpq_1)
                                 -0.223378    4.576622   library setup time
                                              4.576622   data required time
---------------------------------------------------------------------------------------------
                                              4.576622   data required time
                                             -1.825490   data arrival time
---------------------------------------------------------------------------------------------
                                              2.751132   slack (MET)




===========================================================================
report_checks --slack_max -0.01
============================================================================
======================= nom_slow_1p08V_125C Corner ===================================

No paths found.


===========================================================================
 report_check_types -max_slew -max_cap -max_fanout -violators
============================================================================
======================= nom_slow_1p08V_125C Corner ===================================

max fanout

Pin                                   Limit Fanout  Slack
---------------------------------------------------------
_297_/Q                                   8     29    -21 (VIOLATED)
_298_/Q                                   8     25    -17 (VIOLATED)
_299_/Q                                   8     25    -17 (VIOLATED)
_294_/Q                                   8     16     -8 (VIOLATED)
_295_/Q                                   8     15     -7 (VIOLATED)
_293_/Q                                   8     14     -6 (VIOLATED)
_301_/Q                                   8     13     -5 (VIOLATED)
_296_/Q                                   8     12     -4 (VIOLATED)
_125_/Y                                   8     10     -2 (VIOLATED)



===========================================================================
report_parasitic_annotation -report_unannotated
============================================================================
Found 179 unannotated drivers.
 clk
 rst
 _125_/Y
 _126_/Y
 _127_/Y
 _128_/Y
 _129_/Y
 _130_/Y
 _131_/X
 _132_/Y
 _133_/Y
 _134_/Y
 _135_/Y
 _136_/Y
 _137_/Y
 _138_/Y
 _139_/Y
 _140_/Y
 _141_/X
 _142_/X
 _143_/Y
 _144_/Y
 _145_/Y
 _146_/Y
 _147_/Y
 _148_/Y
 _149_/Y
 _150_/X
 _151_/Y
 _152_/Y
 _153_/Y
 _154_/Y
 _155_/Y
 _156_/Y
 _157_/Y
 _158_/Y
 _159_/Y
 _160_/Y
 _161_/Y
 _162_/Y
 _163_/Y
 _164_/Y
 _165_/Y
 _166_/Y
 _167_/Y
 _168_/Y
 _169_/Y
 _170_/Y
 _171_/Y
 _172_/Y
 _173_/Y
 _174_/Y
 _175_/Y
 _176_/Y
 _177_/Y
 _178_/Y
 _179_/Y
 _180_/Y
 _181_/X
 _182_/Y
 _183_/X
 _184_/Y
 _185_/Y
 _186_/Y
 _187_/Y
 _188_/Y
 _189_/Y
 _190_/Y
 _191_/Y
 _192_/Y
 _193_/Y
 _194_/X
 _195_/X
 _196_/X
 _197_/Y
 _198_/Y
 _199_/Y
 _200_/X
 _201_/X
 _202_/X
 _203_/Y
 _204_/X
 _205_/Y
 _206_/Y
 _207_/Y
 _208_/X
 _209_/Y
 _210_/Y
 _211_/Y
 _212_/Y
 _213_/Y
 _214_/Y
 _215_/Y
 _216_/Y
 _217_/Y
 _218_/Y
 _219_/Y
 _220_/X
 _221_/Y
 _222_/Y
 _223_/X
 _224_/Y
 _225_/Y
 _226_/X
 _227_/Y
 _228_/Y
 _229_/Y
 _230_/Y
 _231_/Y
 _232_/Y
 _233_/Y
 _234_/Y
 _235_/Y
 _236_/Y
 _237_/Y
 _238_/Y
 _239_/X
 _240_/Y
 _241_/Y
 _242_/Y
 _243_/Y
 _244_/Y
 _245_/Y
 _246_/Y
 _247_/Y
 _248_/Y
 _249_/Y
 _250_/Y
 _251_/Y
 _252_/Y
 _253_/Y
 _254_/Y
 _255_/Y
 _256_/Y
 _257_/Y
 _258_/Y
 _259_/X
 _260_/Y
 _261_/Y
 _262_/Y
 _263_/Y
 _264_/Y
 _265_/Y
 _266_/X
 _267_/Y
 _268_/Y
 _269_/Y
 _270_/Y
 _271_/Y
 _272_/Y
 _273_/Y
 _274_/Y
 _275_/Y
 _276_/Y
 _277_/Y
 _278_/Y
 _279_/Y
 _280_/Y
 _281_/Y
 _282_/Y
 _283_/Y
 _284_/X
 _285_/Y
 _286_/Y
 _287_/Y
 _288_/Y
 _289_/Y
 _290_/Y
 _291_/Y
 _292_/Y
 _293_/Q
 _294_/Q
 _295_/Q
 _296_/Q
 _297_/Q
 _298_/Q
 _299_/Q
 _300_/Q
 _301_/Q
Found 0 partially unannotated drivers.

===========================================================================
max slew violation count 0
%OL_METRIC_I design__max_slew_violation__count__corner:nom_slow_1p08V_125C 0
max fanout violation count 9
%OL_METRIC_I design__max_fanout_violation__count__corner:nom_slow_1p08V_125C 9
max cap violation count 0
%OL_METRIC_I design__max_cap_violation__count__corner:nom_slow_1p08V_125C 0
============================================================================

===========================================================================
check_setup -verbose -unconstrained_endpoints -multiple_clock -no_clock -no_input_delay -loops -generated_clocks
===========================================================================
Warning: There are 35 unconstrained endpoints.
  sign
  signB
  sine_out[0]
  sine_out[10]
  sine_out[11]
  sine_out[12]
  sine_out[13]
  sine_out[14]
  sine_out[15]
  sine_out[16]
  sine_out[17]
  sine_out[18]
  sine_out[19]
  sine_out[1]
  sine_out[20]
  sine_out[21]
  sine_out[22]
  sine_out[23]
  sine_out[24]
  sine_out[25]
  sine_out[26]
  sine_out[27]
  sine_out[28]
  sine_out[29]
  sine_out[2]
  sine_out[30]
  sine_out[31]
  sine_out[32]
  sine_out[3]
  sine_out[4]
  sine_out[5]
  sine_out[6]
  sine_out[7]
  sine_out[8]
  sine_out[9]
%OL_END_REPORT
%OL_CREATE_REPORT power.rpt

===========================================================================
 report_power
============================================================================
======================= nom_slow_1p08V_125C Corner ===================================

Group                    Internal    Switching      Leakage        Total
                            Power        Power        Power        Power (Watts)
------------------------------------------------------------------------
Sequential           7.791536e-05 0.000000e+00 2.075850e-08 7.793612e-05  98.9%
Combinational        2.578912e-07 5.049682e-07 8.658188e-08 8.494412e-07   1.1%
Clock                0.000000e+00 0.000000e+00 0.000000e+00 0.000000e+00   0.0%
Macro                0.000000e+00 0.000000e+00 0.000000e+00 0.000000e+00   0.0%
Pad                  0.000000e+00 0.000000e+00 0.000000e+00 0.000000e+00   0.0%
------------------------------------------------------------------------
Total                7.817326e-05 5.049682e-07 1.073404e-07 7.878557e-05 100.0%
                            99.2%         0.6%         0.1%
%OL_METRIC_F power__internal__total 7.817325968062505e-5
%OL_METRIC_F power__switching__total 5.049681703894748e-7
%OL_METRIC_F power__leakage__total 1.0734038369264454e-7
%OL_METRIC_F power__total 7.878556789364666e-5

%OL_END_REPORT
%OL_CREATE_REPORT skew.min.rpt

===========================================================================
Clock Skew (Hold)
============================================================================
%OL_METRIC_F clock__skew__worst_hold__corner:nom_slow_1p08V_125C -0.19999999444888472
======================= nom_slow_1p08V_125C Corner ===================================

Clock clockone
0.000000 source latency _293_/CLK ^
0.000000 target latency _293_/CLK ^
-0.200000 clock uncertainty
0.000000 CRPR
--------------
-0.200000 hold skew

%OL_END_REPORT
%OL_CREATE_REPORT skew.max.rpt

===========================================================================
Clock Skew (Setup)
============================================================================
%OL_METRIC_F clock__skew__worst_setup__corner:nom_slow_1p08V_125C 0.19999999444888472
======================= nom_slow_1p08V_125C Corner ===================================

Clock clockone
0.000000 source latency _293_/CLK ^
0.000000 target latency _293_/CLK ^
0.200000 clock uncertainty
0.000000 CRPR
--------------
0.200000 setup skew

%OL_END_REPORT
%OL_CREATE_REPORT ws.min.rpt

===========================================================================
Worst Slack (Hold)
============================================================================
%OL_METRIC_F timing__hold__ws__corner:nom_slow_1p08V_125C 0.21354549288852173
nom_slow_1p08V_125C: 0.21354549288852173
%OL_END_REPORT
%OL_CREATE_REPORT ws.max.rpt

===========================================================================
Worst Slack (Setup)
============================================================================
%OL_METRIC_F timing__setup__ws__corner:nom_slow_1p08V_125C 2.751132288739263
nom_slow_1p08V_125C: 2.751132288739263
%OL_END_REPORT
%OL_CREATE_REPORT tns.min.rpt

===========================================================================
Total Negative Slack (Hold)
============================================================================
%OL_METRIC_F timing__hold__tns__corner:nom_slow_1p08V_125C 0.0
nom_slow_1p08V_125C: 0.0
%OL_END_REPORT
%OL_CREATE_REPORT tns.max.rpt

===========================================================================
Total Negative Slack (Setup)
============================================================================
%OL_METRIC_F timing__setup__tns__corner:nom_slow_1p08V_125C 0.0
nom_slow_1p08V_125C: 0.0
%OL_END_REPORT
%OL_CREATE_REPORT wns.min.rpt

===========================================================================
Worst Negative Slack (Hold)
============================================================================
%OL_METRIC_F timing__hold__wns__corner:nom_slow_1p08V_125C 0
nom_slow_1p08V_125C: 0
%OL_END_REPORT
%OL_CREATE_REPORT wns.max.rpt

===========================================================================
Worst Negative Slack (Setup)
============================================================================
%OL_METRIC_F timing__setup__wns__corner:nom_slow_1p08V_125C 0.0
nom_slow_1p08V_125C: 0.0
%OL_END_REPORT
%OL_CREATE_REPORT violator_list.rpt

===========================================================================
Violator List
============================================================================
%OL_METRIC_I timing__hold_vio__count__corner:nom_slow_1p08V_125C 0
%OL_METRIC_F timing__hold_r2r__ws__corner:nom_slow_1p08V_125C 0.213545
%OL_METRIC_I timing__hold_r2r_vio__count__corner:nom_slow_1p08V_125C 0
%OL_METRIC_I timing__setup_vio__count__corner:nom_slow_1p08V_125C 0
%OL_METRIC_F timing__setup_r2r__ws__corner:nom_slow_1p08V_125C 2.751132
%OL_METRIC_I timing__setup_r2r_vio__count__corner:nom_slow_1p08V_125C 0
%OL_END_REPORT
%OL_CREATE_REPORT unpropagated.rpt
clockone
%OL_END_REPORT
%OL_CREATE_REPORT clock.rpt
Clock: clockone
Sources: clk 
Generated: no
Virtual: no
Propagated: no
Period: 5.000000

===========================================================================
report_clock_properties
============================================================================
Clock                   Period          Waveform
----------------------------------------------------
clockone              5.000000    0.000000  1.000000

===========================================================================
report_clock_latency
============================================================================
Clock clockone
rise -> rise
    min     max
0.000000 0.000000 source latency
0.000000         network latency _293_/CLK
        0.000000 network latency _293_/CLK
---------------
0.000000 0.000000 latency
        0.000000 skew

fall -> fall
    min     max
0.000000 0.000000 source latency
0.000000         network latency _293_/CLK
        0.000000 network latency _293_/CLK
---------------
0.000000 0.000000 latency
        0.000000 skew



===========================================================================
report_clock_min_period
============================================================================
clockone period_min = 2.25 fmax = 444.67
%OL_END_REPORT
Writing SDF files for all corners…
