
===========================================================================
report_checks -unconstrained
===========================================================================
======================= nom_typ_1p20V_25C Corner ===================================

Startpoint: rst (input port clocked by clk)
Endpoint: _299_ (recovery check against rising-edge clock clk)
Path Group: asynchronous
Path Type: max

Fanout         Cap        Slew       Delay        Time   Description
---------------------------------------------------------------------------------------------
                                  0.000000    0.000000   clock clk (rise edge)
                                  0.000000    0.000000   clock network delay (propagated)
                                  5.000000    5.000000 v input external delay
     1    0.003962    0.017875    0.002879    5.002879 v rst (in)
                                                         rst (net)
                      0.017875    0.000000    5.002879 v input1/A (sg13g2_buf_1)
     2    0.012246    0.046310    0.079524    5.082403 v input1/X (sg13g2_buf_1)
                                                         net1 (net)
                      0.046332    0.000938    5.083342 v fanout78/A (sg13g2_buf_8)
     8    0.034231    0.028376    0.087251    5.170592 v fanout78/X (sg13g2_buf_8)
                                                         net78 (net)
                      0.028515    0.001930    5.172523 v _290_/A (sg13g2_inv_1)
     1    0.007595    0.039221    0.042559    5.215081 ^ _290_/Y (sg13g2_inv_1)
                                                         _006_ (net)
                      0.039233    0.000551    5.215632 ^ _299_/RESET_B (sg13g2_dfrbpq_2)
                                              5.215632   data arrival time

                                 25.000000   25.000000   clock clk (rise edge)
                                  0.000000   25.000000   clock source latency
     1    0.014104    0.030109    0.011987   25.011986 ^ clk (in)
                                                         clk (net)
                      0.030116    0.000000   25.011986 ^ clkbuf_0_clk/A (sg13g2_buf_8)
     2    0.022135    0.024555    0.069502   25.081488 ^ clkbuf_0_clk/X (sg13g2_buf_8)
                                                         clknet_0_clk (net)
                      0.024566    0.000940   25.082428 ^ clkbuf_1_1__f_clk/A (sg13g2_buf_8)
     5    0.018309    0.022589    0.065405   25.147833 ^ clkbuf_1_1__f_clk/X (sg13g2_buf_8)
                                                         clknet_1_1__leaf_clk (net)
                      0.022590    0.000465   25.148298 ^ _299_/CLK (sg13g2_dfrbpq_2)
                                 -0.250000   24.898300   clock uncertainty
                                  0.000000   24.898300   clock reconvergence pessimism
                                 -0.125533   24.772766   library recovery time
                                             24.772766   data required time
---------------------------------------------------------------------------------------------
                                             24.772766   data required time
                                             -5.215632   data arrival time
---------------------------------------------------------------------------------------------
                                             19.557133   slack (MET)


Startpoint: _294_ (rising edge-triggered flip-flop clocked by clk)
Endpoint: sine_out[1] (output port clocked by clk)
Path Group: clk
Path Type: max

Fanout         Cap        Slew       Delay        Time   Description
---------------------------------------------------------------------------------------------
                                  0.000000    0.000000   clock clk (rise edge)
                                  0.000000    0.000000   clock source latency
     1    0.014104    0.030109    0.011987    0.011987 ^ clk (in)
                                                         clk (net)
                      0.030116    0.000000    0.011987 ^ clkbuf_0_clk/A (sg13g2_buf_8)
     2    0.022135    0.024555    0.069501    0.081488 ^ clkbuf_0_clk/X (sg13g2_buf_8)
                                                         clknet_0_clk (net)
                      0.024564    0.000846    0.082334 ^ clkbuf_1_0__f_clk/A (sg13g2_buf_8)
     5    0.020584    0.023603    0.066304    0.148639 ^ clkbuf_1_0__f_clk/X (sg13g2_buf_8)
                                                         clknet_1_0__leaf_clk (net)
                      0.023609    0.000699    0.149338 ^ _294_/CLK (sg13g2_dfrbpq_1)
     1    0.003034    0.019886    0.161638    0.310976 v _294_/Q (sg13g2_dfrbpq_1)
                                                         DPATH.SUM.fa_1.A (net)
                      0.019886    0.000189    0.311164 v hold4/A (sg13g2_dlygate4sd3_1)
     1    0.009539    0.055804    0.389012    0.700177 v hold4/X (sg13g2_dlygate4sd3_1)
                                                         net40 (net)
                      0.055804    0.000765    0.700942 v fanout75/A (sg13g2_buf_8)
     6    0.036343    0.029337    0.092230    0.793172 v fanout75/X (sg13g2_buf_8)
                                                         net75 (net)
                      0.029738    0.002774    0.795946 v fanout73/A (sg13g2_buf_8)
     8    0.034658    0.027977    0.079623    0.875569 v fanout73/X (sg13g2_buf_8)
                                                         net73 (net)
                      0.028076    0.001537    0.877106 v _146_/A1 (sg13g2_o21ai_1)
     4    0.024217    0.263505    0.232231    1.109338 ^ _146_/Y (sg13g2_o21ai_1)
                                                         _114_ (net)
                      0.263509    0.000819    1.110156 ^ _234_/A2 (sg13g2_a21oi_1)
     2    0.008127    0.092351    0.148511    1.258667 v _234_/Y (sg13g2_a21oi_1)
                                                         _059_ (net)
                      0.092351    0.000256    1.258923 v _267_/A1 (sg13g2_o21ai_1)
     1    0.006256    0.099176    0.131282    1.390205 ^ _267_/Y (sg13g2_o21ai_1)
                                                         _091_ (net)
                      0.099176    0.000478    1.390684 ^ _270_/A1 (sg13g2_a21oi_1)
     1    0.004391    0.057991    0.085556    1.476240 v _270_/Y (sg13g2_a21oi_1)
                                                         _094_ (net)
                      0.057991    0.000298    1.476538 v _273_/A (sg13g2_nor2_1)
     1    0.005087    0.066208    0.078347    1.554885 ^ _273_/Y (sg13g2_nor2_1)
                                                         _097_ (net)
                      0.066210    0.000361    1.555246 ^ _274_/B1 (sg13g2_a22oi_1)
     1    0.006540    0.070162    0.079694    1.634940 v _274_/Y (sg13g2_a22oi_1)
                                                         net15 (net)
                      0.070162    0.000420    1.635360 v output15/A (sg13g2_buf_1)
     1    0.011667    0.045691    0.100905    1.736265 v output15/X (sg13g2_buf_1)
                                                         sine_out[1] (net)
                      0.045694    0.000396    1.736661 v sine_out[1] (out)
                                              1.736661   data arrival time

                                 25.000000   25.000000   clock clk (rise edge)
                                  0.000000   25.000000   clock network delay (propagated)
                                 -0.250000   24.750000   clock uncertainty
                                  0.000000   24.750000   clock reconvergence pessimism
                                 -5.000000   19.750000   output external delay
                                             19.750000   data required time
---------------------------------------------------------------------------------------------
                                             19.750000   data required time
                                             -1.736661   data arrival time
---------------------------------------------------------------------------------------------
                                             18.013338   slack (MET)




===========================================================================
report_checks --slack_max -0.01
============================================================================
======================= nom_typ_1p20V_25C Corner ===================================

No paths found.


===========================================================================
 report_check_types -max_slew -max_cap -max_fanout -violators
============================================================================
======================= nom_typ_1p20V_25C Corner ===================================



===========================================================================
report_parasitic_annotation -report_unannotated
============================================================================
Found 1 unannotated drivers.
 clkload0/Y
Found 0 partially unannotated drivers.

===========================================================================
max slew violation count 0
max fanout violation count 0
max cap violation count 0
============================================================================

===========================================================================
check_setup -verbose -unconstrained_endpoints -multiple_clock -no_clock -no_input_delay -loops -generated_clocks
===========================================================================
