Clock: clk
Sources: clk 
Generated: no
Virtual: yes
Propagated: no
Period: 25.000000

===========================================================================
report_clock_properties
============================================================================
Clock                   Period          Waveform
----------------------------------------------------
clk                  25.000000    0.000000 12.500000

===========================================================================
report_clock_latency
============================================================================
Clock clk
rise -> rise
    min     max
0.000000 0.000000 source latency
0.148284         network latency _298_/CLK
        0.149338 network latency _294_/CLK
---------------
0.148284 0.149338 latency
        0.001054 skew

fall -> fall
    min     max
0.000000 0.000000 source latency
0.154992         network latency _298_/CLK
        0.155812 network latency _294_/CLK
---------------
0.154992 0.155812 latency
        0.000821 skew



===========================================================================
report_clock_min_period
============================================================================
clk period_min = 2.34 fmax = 426.92
