
===========================================================================
report_checks -unconstrained
===========================================================================
======================= nom_typ_1p20V_25C Corner ===================================

Startpoint: rst (input port clocked by clk)
Endpoint: _293_ (recovery check against rising-edge clock clk)
Path Group: asynchronous
Path Type: max

Fanout         Cap        Slew       Delay        Time   Description
---------------------------------------------------------------------------------------------
                      0.150000    0.000000    0.000000   clock clk (rise edge)
                                  0.000000    0.000000   clock network delay (ideal)
                                  1.000000    1.000000 v input external delay
     9    0.025341    0.033545    0.017504    1.017504 v rst (in)
                                                         rst (net)
                      0.033545    0.000000    1.017504 v _129_/A (sg13g2_inv_1)
     1    0.005097    0.031719    0.036835    1.054339 ^ _129_/Y (sg13g2_inv_1)
                                                         _000_ (net)
                      0.031719    0.000000    1.054339 ^ _293_/RESET_B (sg13g2_dfrbpq_1)
                                              1.054339   data arrival time

                      0.150000    5.000000    5.000000   clock clk (rise edge)
                                  0.000000    5.000000   clock network delay (ideal)
                                 -0.250000    4.750000   clock uncertainty
                                  0.000000    4.750000   clock reconvergence pessimism
                                              4.750000 ^ _293_/CLK (sg13g2_dfrbpq_1)
                                 -0.105355    4.644645   library recovery time
                                              4.644645   data required time
---------------------------------------------------------------------------------------------
                                              4.644645   data required time
                                             -1.054339   data arrival time
---------------------------------------------------------------------------------------------
                                              3.590306   slack (MET)


Startpoint: _297_ (rising edge-triggered flip-flop clocked by clk)
Endpoint: sine_out[1] (output port clocked by clk)
Path Group: clk
Path Type: max

Fanout         Cap        Slew       Delay        Time   Description
---------------------------------------------------------------------------------------------
                      0.150000    0.000000    0.000000   clock clk (rise edge)
                                  0.000000    0.000000   clock network delay (ideal)
                      0.150000    0.000000    0.000000 ^ _297_/CLK (sg13g2_dfrbpq_1)
    29    0.088209    0.363435    0.457063    0.457063 ^ _297_/Q (sg13g2_dfrbpq_1)
                                                         DPATH.SUM.fa_4.A (net)
                      0.363435    0.000000    0.457063 ^ _142_/A (sg13g2_or2_1)
     7    0.021371    0.098913    0.221022    0.678085 ^ _142_/X (sg13g2_or2_1)
                                                         _111_ (net)
                      0.098913    0.000000    0.678085 ^ _259_/B (sg13g2_or2_1)
     1    0.003300    0.027031    0.093816    0.771901 ^ _259_/X (sg13g2_or2_1)
                                                         _083_ (net)
                      0.027031    0.000000    0.771901 ^ _260_/B1 (sg13g2_o21ai_1)
     1    0.002808    0.078137    0.040600    0.812501 v _260_/Y (sg13g2_o21ai_1)
                                                         _084_ (net)
                      0.078137    0.000000    0.812501 v _261_/B1 (sg13g2_a21oi_1)
     1    0.002993    0.072269    0.077463    0.889964 ^ _261_/Y (sg13g2_a21oi_1)
                                                         _085_ (net)
                      0.072269    0.000000    0.889964 ^ _262_/B (sg13g2_nor2_1)
     1    0.003032    0.067572    0.042811    0.932775 v _262_/Y (sg13g2_nor2_1)
                                                         _086_ (net)
                      0.067572    0.000000    0.932775 v _265_/B (sg13g2_nor3_1)
     1    0.003147    0.094579    0.106395    1.039171 ^ _265_/Y (sg13g2_nor3_1)
                                                         _089_ (net)
                      0.094579    0.000000    1.039171 ^ _274_/A2 (sg13g2_a22oi_1)
     1    0.006000    0.115370    0.100541    1.139712 v _274_/Y (sg13g2_a22oi_1)
                                                         sine_out[1] (net)
                      0.115370    0.000000    1.139712 v sine_out[1] (out)
                                              1.139712   data arrival time

                      0.150000    5.000000    5.000000   clock clk (rise edge)
                                  0.000000    5.000000   clock network delay (ideal)
                                 -0.250000    4.750000   clock uncertainty
                                  0.000000    4.750000   clock reconvergence pessimism
                                 -1.000000    3.750000   output external delay
                                              3.750000   data required time
---------------------------------------------------------------------------------------------
                                              3.750000   data required time
                                             -1.139712   data arrival time
---------------------------------------------------------------------------------------------
                                              2.610289   slack (MET)




===========================================================================
report_checks --slack_max -0.01
============================================================================
======================= nom_typ_1p20V_25C Corner ===================================

No paths found.


===========================================================================
 report_check_types -max_slew -max_cap -max_fanout -violators
============================================================================
======================= nom_typ_1p20V_25C Corner ===================================

max fanout

Pin                                   Limit Fanout  Slack
---------------------------------------------------------
_297_/Q                                   8     29    -21 (VIOLATED)
_298_/Q                                   8     25    -17 (VIOLATED)
_299_/Q                                   8     25    -17 (VIOLATED)
_294_/Q                                   8     16     -8 (VIOLATED)
_295_/Q                                   8     15     -7 (VIOLATED)
_293_/Q                                   8     14     -6 (VIOLATED)
_301_/Q                                   8     13     -5 (VIOLATED)
_296_/Q                                   8     12     -4 (VIOLATED)
_125_/Y                                   8     10     -2 (VIOLATED)
rst                                       8      9        (VIOLATED)



===========================================================================
report_parasitic_annotation -report_unannotated
============================================================================
Found 179 unannotated drivers.
 clk
 rst
 _125_/Y
 _126_/Y
 _127_/Y
 _128_/Y
 _129_/Y
 _130_/Y
 _131_/X
 _132_/Y
 _133_/Y
 _134_/Y
 _135_/Y
 _136_/Y
 _137_/Y
 _138_/Y
 _139_/Y
 _140_/Y
 _141_/X
 _142_/X
 _143_/Y
 _144_/Y
 _145_/Y
 _146_/Y
 _147_/Y
 _148_/Y
 _149_/Y
 _150_/X
 _151_/Y
 _152_/Y
 _153_/Y
 _154_/Y
 _155_/Y
 _156_/Y
 _157_/Y
 _158_/Y
 _159_/Y
 _160_/Y
 _161_/Y
 _162_/Y
 _163_/Y
 _164_/Y
 _165_/Y
 _166_/Y
 _167_/Y
 _168_/Y
 _169_/Y
 _170_/Y
 _171_/Y
 _172_/Y
 _173_/Y
 _174_/Y
 _175_/Y
 _176_/Y
 _177_/Y
 _178_/Y
 _179_/Y
 _180_/Y
 _181_/X
 _182_/Y
 _183_/X
 _184_/Y
 _185_/Y
 _186_/Y
 _187_/Y
 _188_/Y
 _189_/Y
 _190_/Y
 _191_/Y
 _192_/Y
 _193_/Y
 _194_/X
 _195_/X
 _196_/X
 _197_/Y
 _198_/Y
 _199_/Y
 _200_/X
 _201_/X
 _202_/X
 _203_/Y
 _204_/X
 _205_/Y
 _206_/Y
 _207_/Y
 _208_/X
 _209_/Y
 _210_/Y
 _211_/Y
 _212_/Y
 _213_/Y
 _214_/Y
 _215_/Y
 _216_/Y
 _217_/Y
 _218_/Y
 _219_/Y
 _220_/X
 _221_/Y
 _222_/Y
 _223_/X
 _224_/Y
 _225_/Y
 _226_/X
 _227_/Y
 _228_/Y
 _229_/Y
 _230_/Y
 _231_/Y
 _232_/Y
 _233_/Y
 _234_/Y
 _235_/Y
 _236_/Y
 _237_/Y
 _238_/Y
 _239_/X
 _240_/Y
 _241_/Y
 _242_/Y
 _243_/Y
 _244_/Y
 _245_/Y
 _246_/Y
 _247_/Y
 _248_/Y
 _249_/Y
 _250_/Y
 _251_/Y
 _252_/Y
 _253_/Y
 _254_/Y
 _255_/Y
 _256_/Y
 _257_/Y
 _258_/Y
 _259_/X
 _260_/Y
 _261_/Y
 _262_/Y
 _263_/Y
 _264_/Y
 _265_/Y
 _266_/X
 _267_/Y
 _268_/Y
 _269_/Y
 _270_/Y
 _271_/Y
 _272_/Y
 _273_/Y
 _274_/Y
 _275_/Y
 _276_/Y
 _277_/Y
 _278_/Y
 _279_/Y
 _280_/Y
 _281_/Y
 _282_/Y
 _283_/Y
 _284_/X
 _285_/Y
 _286_/Y
 _287_/Y
 _288_/Y
 _289_/Y
 _290_/Y
 _291_/Y
 _292_/Y
 _293_/Q
 _294_/Q
 _295_/Q
 _296_/Q
 _297_/Q
 _298_/Q
 _299_/Q
 _300_/Q
 _301_/Q
Found 0 partially unannotated drivers.

===========================================================================
max slew violation count 0
max fanout violation count 10
max cap violation count 0
============================================================================

===========================================================================
check_setup -verbose -unconstrained_endpoints -multiple_clock -no_clock -no_input_delay -loops -generated_clocks
===========================================================================
