Reading timing models for corner nom_typ_1p20V_25C…
Reading timing library for the 'nom_typ_1p20V_25C' corner at '/opt/pdks/ciel/ihp-sg13g2/versions/cb7daaa8901016cf7c5d272dfa322c41f024931f/ihp-sg13g2/libs.ref/sg13g2_stdcell/lib/sg13g2_stdcell_typ_1p20V_25C.lib'…
Reading OpenROAD database at '/home/designer/shared/BASIC/current_generator/digital/DigitalSine/runs/RUN_2025-12-15_17-20-01/42-openroad-repairantennas/1-diodeinsertion/DigitalSine.odb'…
Reading design constraints file at '/home/designer/shared/BASIC/current_generator/digital/DigitalSine/cons.sdc'…
[WARNING STA-0441] set_input_delay relative to a clock defined on the same port/pin not allowed.
[WARNING STA-0441] set_input_delay relative to a clock defined on the same port/pin not allowed.
[WARNING STA-0441] set_input_delay relative to a clock defined on the same port/pin not allowed.
[WARNING STA-0441] set_input_delay relative to a clock defined on the same port/pin not allowed.
[INFO] No information on clock propagation in input SDC file-- propagating all clocks.
[INFO] Setting signal min routing layer to: Metal2 and clock min routing layer to Metal2. 
[INFO] Setting signal max routing layer to: TopMetal2 and clock max routing layer to TopMetal2. 
+ global_route -congestion_iterations 50 -verbose
[INFO GRT-0020] Min routing layer: Metal2
[INFO GRT-0021] Max routing layer: TopMetal2
[INFO GRT-0022] Global adjustment: 30%
[INFO GRT-0023] Grid origin: (0, 0)
[INFO GRT-0088] Layer Metal1  Track-Pitch = 0.4200  line-2-Via Pitch: 0.3650
[INFO GRT-0088] Layer Metal2  Track-Pitch = 0.4800  line-2-Via Pitch: 0.4150
[INFO GRT-0088] Layer Metal3  Track-Pitch = 0.4200  line-2-Via Pitch: 0.4150
[INFO GRT-0088] Layer Metal4  Track-Pitch = 0.4800  line-2-Via Pitch: 0.4150
[INFO GRT-0088] Layer Metal5  Track-Pitch = 0.4200  line-2-Via Pitch: 0.6200
[INFO GRT-0088] Layer TopMetal1 Track-Pitch = 2.2800  line-2-Via Pitch: 3.4100
[INFO GRT-0088] Layer TopMetal2 Track-Pitch = 4.0000  line-2-Via Pitch: 3.9500
[INFO GRT-0003] Macros: 0
[WARNING GRT-0041] Net VPWR has wires/vias outside die area.
[WARNING GRT-0041] Net VPWR has wires/vias outside die area.
[WARNING GRT-0041] Net VPWR has wires/vias outside die area.
[WARNING GRT-0041] Net VPWR has wires/vias outside die area.
[WARNING GRT-0041] Net VPWR has wires/vias outside die area.
[WARNING GRT-0041] Net VPWR has wires/vias outside die area.
[WARNING GRT-0041] Net VPWR has wires/vias outside die area.
[WARNING GRT-0041] Net VPWR has wires/vias outside die area.
[WARNING GRT-0041] Net VPWR has wires/vias outside die area.
[WARNING GRT-0041] Net VPWR has wires/vias outside die area.
[WARNING GRT-0041] Net VPWR has wires/vias outside die area.
[WARNING GRT-0041] Net VPWR has wires/vias outside die area.
[WARNING GRT-0041] Net VPWR has wires/vias outside die area.
[WARNING GRT-0041] Net VPWR has wires/vias outside die area.
[WARNING GRT-0041] Net VPWR has wires/vias outside die area.
[WARNING GRT-0041] Net VPWR has wires/vias outside die area.
[WARNING GRT-0041] Net VPWR has wires/vias outside die area.
[WARNING GRT-0041] Net VGND has wires/vias outside die area.
[WARNING GRT-0041] Net VGND has wires/vias outside die area.
[WARNING GRT-0041] Net VGND has wires/vias outside die area.
[WARNING GRT-0041] Net VGND has wires/vias outside die area.
[WARNING GRT-0041] Net VGND has wires/vias outside die area.
[WARNING GRT-0041] Net VGND has wires/vias outside die area.
[WARNING GRT-0041] Net VGND has wires/vias outside die area.
[WARNING GRT-0041] Net VGND has wires/vias outside die area.
[WARNING GRT-0041] Net VGND has wires/vias outside die area.
[WARNING GRT-0041] Net VGND has wires/vias outside die area.
[WARNING GRT-0041] Net VGND has wires/vias outside die area.
[WARNING GRT-0041] Net VGND has wires/vias outside die area.
[WARNING GRT-0041] Net VGND has wires/vias outside die area.
[WARNING GRT-0041] Net VGND has wires/vias outside die area.
[WARNING GRT-0041] Net VGND has wires/vias outside die area.
[WARNING GRT-0041] Net VGND has wires/vias outside die area.
[WARNING GRT-0041] Net VGND has wires/vias outside die area.
[INFO GRT-0004] Blockages: 0
[INFO GRT-0019] Found 4 clock nets.
[INFO GRT-0001] Minimum degree: 2
[INFO GRT-0002] Maximum degree: 9

[INFO GRT-0053] Routing resources analysis:
          Routing      Original      Derated      Resource
Layer     Direction    Resources     Resources    Reduction (%)
---------------------------------------------------------------
Metal1     Horizontal          0             0          0.00%
Metal2     Vertical         2069          1244          39.87%
Metal3     Horizontal       2287          1391          39.18%
Metal4     Vertical         2069          1146          44.61%
Metal5     Horizontal       1587           640          59.67%
TopMetal1    Vertical          185           156          15.68%
TopMetal2    Horizontal        151           140          7.28%
---------------------------------------------------------------

[INFO GRT-0197] Via related to pin nodes: 1347
[INFO GRT-0198] Via related Steiner nodes: 16
[INFO GRT-0199] Via filling finished.
[INFO GRT-0111] Final number of vias: 1692
[INFO GRT-0112] Final usage 3D: 5985

[INFO GRT-0096] Final congestion report:
Layer         Resource        Demand        Usage (%)    Max H / Max V / Total Overflow
---------------------------------------------------------------------------------------
Metal1               0             0            0.00%             0 /  0 /  0
Metal2            1244           448           36.01%             0 /  0 /  0
Metal3            1391           380           27.32%             0 /  0 /  0
Metal4            1146            48            4.19%             0 /  0 /  0
Metal5             640            29            4.53%             0 /  0 /  0
TopMetal1            156             4            2.56%             0 /  0 /  0
TopMetal2            140             0            0.00%             0 /  0 /  0
---------------------------------------------------------------------------------------
Total             4717           909           19.27%             0 /  0 /  0

[INFO GRT-0018] Total wirelength: 9588 um
[INFO GRT-0014] Routed nets: 246
[INFO ORD-0030] Using 12 thread(s).
+ detailed_route -bottom_routing_layer Metal2 -top_routing_layer TopMetal2 -droute_end_iter 64 -or_seed 42 -verbose 1 -output_drc /home/designer/shared/BASIC/current_generator/digital/DigitalSine/runs/RUN_2025-12-15_17-20-01/44-openroad-detailedrouting/drt-run-0/DigitalSine.drc
[INFO DRT-0149] Reading tech and libs.
[WARNING DRT-0349] LEF58_ENCLOSURE with no CUTCLASS is not supported. Skipping for layer Cont
[WARNING DRT-0349] LEF58_ENCLOSURE with no CUTCLASS is not supported. Skipping for layer Via1
[WARNING DRT-0349] LEF58_ENCLOSURE with no CUTCLASS is not supported. Skipping for layer Via1
[WARNING DRT-0349] LEF58_ENCLOSURE with no CUTCLASS is not supported. Skipping for layer Via2
[WARNING DRT-0349] LEF58_ENCLOSURE with no CUTCLASS is not supported. Skipping for layer Via3
[WARNING DRT-0349] LEF58_ENCLOSURE with no CUTCLASS is not supported. Skipping for layer Via4
[WARNING DRT-0349] LEF58_ENCLOSURE with no CUTCLASS is not supported. Skipping for layer TopVia1
[WARNING DRT-0349] LEF58_ENCLOSURE with no CUTCLASS is not supported. Skipping for layer TopVia1
[WARNING DRT-0349] LEF58_ENCLOSURE with no CUTCLASS is not supported. Skipping for layer TopVia2
[WARNING DRT-0349] LEF58_ENCLOSURE with no CUTCLASS is not supported. Skipping for layer TopVia2

Units:                1000
Number of layers:     15
Number of macros:     84
Number of vias:       77
Number of viarulegen: 6

[INFO DRT-0150] Reading design.

Design:                   DigitalSine
Die area:                 ( 0 0 ) ( 70625 89345 )
Number of track patterns: 14
Number of DEF vias:       0
Number of components:     245
Number of terminals:      39
Number of snets:          2
Number of nets:           246

[INFO DRT-0167] List of default vias:
  Layer Via2
    default via: Via2_YX
  Layer Via3
    default via: Via3_XY
  Layer Via4
    default via: Via4_YX
  Layer TopVia1
    default via: TopVia1EWNS
  Layer TopVia2
    default via: TopVia2EWNS
[INFO DRT-0162] Library cell analysis.
[INFO DRT-0163] Instance analysis.
[INFO DRT-0164] Number of unique instances = 76.
[INFO DRT-0168] Init region query.
[INFO DRT-0024]   Complete GatPoly.
[INFO DRT-0024]   Complete Cont.
[INFO DRT-0024]   Complete Metal1.
[INFO DRT-0024]   Complete Via1.
[INFO DRT-0024]   Complete Metal2.
[INFO DRT-0024]   Complete Via2.
[INFO DRT-0024]   Complete Metal3.
[INFO DRT-0024]   Complete Via3.
[INFO DRT-0024]   Complete Metal4.
[INFO DRT-0024]   Complete Via4.
[INFO DRT-0024]   Complete Metal5.
[INFO DRT-0024]   Complete TopVia1.
[INFO DRT-0024]   Complete TopMetal1.
[INFO DRT-0024]   Complete TopVia2.
[INFO DRT-0024]   Complete TopMetal2.
[INFO DRT-0033] GatPoly shape region query size = 0.
[INFO DRT-0033] Cont shape region query size = 0.
[INFO DRT-0033] Metal1 shape region query size = 4750.
[INFO DRT-0033] Via1 shape region query size = 80.
[INFO DRT-0033] Metal2 shape region query size = 65.
[INFO DRT-0033] Via2 shape region query size = 80.
[INFO DRT-0033] Metal3 shape region query size = 36.
[INFO DRT-0033] Via3 shape region query size = 80.
[INFO DRT-0033] Metal4 shape region query size = 46.
[INFO DRT-0033] Via4 shape region query size = 800.
[INFO DRT-0033] Metal5 shape region query size = 30.
[INFO DRT-0033] TopVia1 shape region query size = 0.
[INFO DRT-0033] TopMetal1 shape region query size = 0.
[INFO DRT-0033] TopVia2 shape region query size = 0.
[INFO DRT-0033] TopMetal2 shape region query size = 0.
[INFO DRT-0165] Start pin access.
[INFO DRT-0078]   Complete 394 pins.
[INFO DRT-0081]   Complete 76 unique inst patterns.
[INFO DRT-0084]   Complete 68 groups.
#scanned instances     = 245
#unique  instances     = 76
#stdCellGenAp          = 3318
#stdCellValidPlanarAp  = 0
#stdCellValidViaAp     = 2637
#stdCellPinNoAp        = 0
#stdCellPinCnt         = 732
#instTermValidViaApCnt = 0
#macroGenAp            = 0
#macroValidPlanarAp    = 0
#macroValidViaAp       = 0
#macroNoAp             = 0
[INFO DRT-0166] Complete pin access.
[INFO DRT-0267] cpu time = 00:00:27, elapsed time = 00:00:02, memory = 174.10 (MB), peak = 174.10 (MB)

[INFO DRT-0157] Number of guides:     1839

[INFO DRT-0169] Post process guides.
[INFO DRT-0176] GCELLGRID X 0 DO 11 STEP 6300 ;
[INFO DRT-0177] GCELLGRID Y 0 DO 14 STEP 6300 ;
[INFO DRT-0028]   Complete GatPoly.
[INFO DRT-0028]   Complete Cont.
[INFO DRT-0028]   Complete Metal1.
[INFO DRT-0028]   Complete Via1.
[INFO DRT-0028]   Complete Metal2.
[INFO DRT-0028]   Complete Via2.
[INFO DRT-0028]   Complete Metal3.
[INFO DRT-0028]   Complete Via3.
[INFO DRT-0028]   Complete Metal4.
[INFO DRT-0028]   Complete Via4.
[INFO DRT-0028]   Complete Metal5.
[INFO DRT-0028]   Complete TopVia1.
[INFO DRT-0028]   Complete TopMetal1.
[INFO DRT-0028]   Complete TopVia2.
[INFO DRT-0028]   Complete TopMetal2.
[INFO DRT-0178] Init guide query.
[INFO DRT-0035]   Complete GatPoly (guide).
[INFO DRT-0035]   Complete Cont (guide).
[INFO DRT-0035]   Complete Metal1 (guide).
[INFO DRT-0035]   Complete Via1 (guide).
[INFO DRT-0035]   Complete Metal2 (guide).
[INFO DRT-0035]   Complete Via2 (guide).
[INFO DRT-0035]   Complete Metal3 (guide).
[INFO DRT-0035]   Complete Via3 (guide).
[INFO DRT-0035]   Complete Metal4 (guide).
[INFO DRT-0035]   Complete Via4 (guide).
[INFO DRT-0035]   Complete Metal5 (guide).
[INFO DRT-0035]   Complete TopVia1 (guide).
[INFO DRT-0035]   Complete TopMetal1 (guide).
[INFO DRT-0035]   Complete TopVia2 (guide).
[INFO DRT-0035]   Complete TopMetal2 (guide).
[INFO DRT-0036] GatPoly guide region query size = 0.
[INFO DRT-0036] Cont guide region query size = 0.
[INFO DRT-0036] Metal1 guide region query size = 640.
[INFO DRT-0036] Via1 guide region query size = 0.
[INFO DRT-0036] Metal2 guide region query size = 582.
[INFO DRT-0036] Via2 guide region query size = 0.
[INFO DRT-0036] Metal3 guide region query size = 299.
[INFO DRT-0036] Via3 guide region query size = 0.
[INFO DRT-0036] Metal4 guide region query size = 26.
[INFO DRT-0036] Via4 guide region query size = 0.
[INFO DRT-0036] Metal5 guide region query size = 9.
[INFO DRT-0036] TopVia1 guide region query size = 0.
[INFO DRT-0036] TopMetal1 guide region query size = 1.
[INFO DRT-0036] TopVia2 guide region query size = 0.
[INFO DRT-0036] TopMetal2 guide region query size = 0.
[INFO DRT-0179] Init gr pin query.
[INFO DRT-0267] cpu time = 00:00:00, elapsed time = 00:00:00, memory = 174.22 (MB), peak = 174.22 (MB)
[INFO DRT-0245] skipped writing guide updates to database.
[INFO DRT-0185] Post process initialize RPin region query.
[INFO DRT-0181] Start track assignment.
[INFO DRT-0184] Done with 609 vertical wires in 1 frboxes and 948 horizontal wires in 1 frboxes.
[INFO DRT-0186] Done with 242 vertical wires in 1 frboxes and 147 horizontal wires in 1 frboxes.
[INFO DRT-0182] Complete track assignment.
[INFO DRT-0267] cpu time = 00:00:01, elapsed time = 00:00:00, memory = 176.85 (MB), peak = 176.85 (MB)
[INFO DRT-0187] Start routing data preparation.
[INFO DRT-0267] cpu time = 00:00:00, elapsed time = 00:00:00, memory = 176.85 (MB), peak = 176.85 (MB)
[INFO DRT-0194] Start detail routing.
[INFO DRT-0195] Start 0th optimization iteration.
    Completing 20% with 0 violations.
    elapsed time = 00:00:01, memory = 177.50 (MB).
    Completing 50% with 26 violations.
    elapsed time = 00:00:04, memory = 199.21 (MB).
    Completing 70% with 72 violations.
    elapsed time = 00:00:05, memory = 199.21 (MB).
    Completing 100% with 79 violations.
    elapsed time = 00:00:06, memory = 201.96 (MB).
[INFO DRT-0199]   Number of violations = 96.
Viol/Layer      Metal2 Metal3
Metal Spacing       37      0
Recheck              9      8
Short               38      4
[INFO DRT-0267] cpu time = 00:00:15, elapsed time = 00:00:06, memory = 601.46 (MB), peak = 601.46 (MB)
Total wire length = 6042 um.
Total wire length on LAYER Metal1 = 0 um.
Total wire length on LAYER Metal2 = 3059 um.
Total wire length on LAYER Metal3 = 2437 um.
Total wire length on LAYER Metal4 = 345 um.
Total wire length on LAYER Metal5 = 173 um.
Total wire length on LAYER TopMetal1 = 26 um.
Total wire length on LAYER TopMetal2 = 0 um.
Total number of vias = 1531.
Up-via summary (total 1531):

------------------
   GatPoly       0
    Metal1     741
    Metal2     699
    Metal3      74
    Metal4      15
    Metal5       2
 TopMetal1       0
------------------
          1531


[INFO DRT-0195] Start 1st optimization iteration.
    Completing 10% with 96 violations.
    elapsed time = 00:00:00, memory = 605.46 (MB).
    Completing 30% with 96 violations.
    elapsed time = 00:00:00, memory = 607.08 (MB).
    Completing 50% with 96 violations.
    elapsed time = 00:00:03, memory = 636.97 (MB).
    Completing 60% with 41 violations.
    elapsed time = 00:00:03, memory = 642.09 (MB).
    Completing 80% with 41 violations.
    elapsed time = 00:00:03, memory = 645.09 (MB).
    Completing 100% with 26 violations.
    elapsed time = 00:00:06, memory = 673.29 (MB).
[INFO DRT-0199]   Number of violations = 26.
Viol/Layer      Metal2
Metal Spacing       19
Short                7
[INFO DRT-0267] cpu time = 00:00:14, elapsed time = 00:00:06, memory = 609.48 (MB), peak = 704.47 (MB)
Total wire length = 5989 um.
Total wire length on LAYER Metal1 = 0 um.
Total wire length on LAYER Metal2 = 3005 um.
Total wire length on LAYER Metal3 = 2413 um.
Total wire length on LAYER Metal4 = 396 um.
Total wire length on LAYER Metal5 = 173 um.
Total wire length on LAYER TopMetal1 = 0 um.
Total wire length on LAYER TopMetal2 = 0 um.
Total number of vias = 1525.
Up-via summary (total 1525):

------------------
   GatPoly       0
    Metal1     741
    Metal2     700
    Metal3      70
    Metal4      14
    Metal5       0
 TopMetal1       0
------------------
          1525


[INFO DRT-0195] Start 2nd optimization iteration.
    Completing 10% with 26 violations.
    elapsed time = 00:00:00, memory = 609.48 (MB).
    Completing 20% with 26 violations.
    elapsed time = 00:00:00, memory = 609.48 (MB).
    Completing 30% with 26 violations.
    elapsed time = 00:00:00, memory = 609.48 (MB).
    Completing 40% with 26 violations.
    elapsed time = 00:00:00, memory = 609.48 (MB).
    Completing 50% with 26 violations.
    elapsed time = 00:00:00, memory = 615.23 (MB).
    Completing 60% with 26 violations.
    elapsed time = 00:00:00, memory = 616.10 (MB).
    Completing 70% with 34 violations.
    elapsed time = 00:00:00, memory = 616.10 (MB).
    Completing 80% with 34 violations.
    elapsed time = 00:00:00, memory = 637.23 (MB).
    Completing 100% with 36 violations.
    elapsed time = 00:00:04, memory = 652.69 (MB).
[INFO DRT-0199]   Number of violations = 36.
Viol/Layer      Metal2 Metal3
Metal Spacing       15      2
Short               16      3
[INFO DRT-0267] cpu time = 00:00:12, elapsed time = 00:00:04, memory = 716.56 (MB), peak = 716.56 (MB)
Total wire length = 5992 um.
Total wire length on LAYER Metal1 = 0 um.
Total wire length on LAYER Metal2 = 3019 um.
Total wire length on LAYER Metal3 = 2423 um.
Total wire length on LAYER Metal4 = 365 um.
Total wire length on LAYER Metal5 = 183 um.
Total wire length on LAYER TopMetal1 = 0 um.
Total wire length on LAYER TopMetal2 = 0 um.
Total number of vias = 1527.
Up-via summary (total 1527):

------------------
   GatPoly       0
    Metal1     741
    Metal2     706
    Metal3      63
    Metal4      17
    Metal5       0
 TopMetal1       0
------------------
          1527


[INFO DRT-0195] Start 3rd optimization iteration.
    Completing 20% with 36 violations.
    elapsed time = 00:00:00, memory = 716.56 (MB).
    Completing 50% with 26 violations.
    elapsed time = 00:00:01, memory = 716.56 (MB).
    Completing 70% with 5 violations.
    elapsed time = 00:00:01, memory = 716.56 (MB).
    Completing 100% with 0 violations.
    elapsed time = 00:00:01, memory = 716.56 (MB).
[INFO DRT-0199]   Number of violations = 0.
[INFO DRT-0267] cpu time = 00:00:09, elapsed time = 00:00:01, memory = 716.69 (MB), peak = 716.69 (MB)
Total wire length = 5960 um.
Total wire length on LAYER Metal1 = 0 um.
Total wire length on LAYER Metal2 = 2892 um.
Total wire length on LAYER Metal3 = 2391 um.
Total wire length on LAYER Metal4 = 463 um.
Total wire length on LAYER Metal5 = 212 um.
Total wire length on LAYER TopMetal1 = 0 um.
Total wire length on LAYER TopMetal2 = 0 um.
Total number of vias = 1563.
Up-via summary (total 1563):

------------------
   GatPoly       0
    Metal1     741
    Metal2     700
    Metal3      96
    Metal4      26
    Metal5       0
 TopMetal1       0
------------------
          1563


[INFO DRT-0198] Complete detail routing.
Total wire length = 5960 um.
Total wire length on LAYER Metal1 = 0 um.
Total wire length on LAYER Metal2 = 2892 um.
Total wire length on LAYER Metal3 = 2391 um.
Total wire length on LAYER Metal4 = 463 um.
Total wire length on LAYER Metal5 = 212 um.
Total wire length on LAYER TopMetal1 = 0 um.
Total wire length on LAYER TopMetal2 = 0 um.
Total number of vias = 1563.
Up-via summary (total 1563):

------------------
   GatPoly       0
    Metal1     741
    Metal2     700
    Metal3      96
    Metal4      26
    Metal5       0
 TopMetal1       0
------------------
          1563


[INFO DRT-0267] cpu time = 00:00:53, elapsed time = 00:00:18, memory = 716.81 (MB), peak = 716.81 (MB)

[INFO DRT-0180] Post processing.
+ check_antennas 
[INFO ANT-0002] Found 0 net violations.
[INFO ANT-0001] Found 0 pin violations.
Setting global connections for newly added cells…
[INFO] Setting global connections...
Updating metrics…
Cell type report:                       Count       Area
  Clock buffer                              3      70.76
  Timing Repair Buffer                     64     845.51
  Inverter                                 15      85.28
  Clock inverter                            1       5.44
  Sequential cell                           9     446.34
  Multi-Input combinational cell          153    1426.12
  Total                                   245    2879.45
Writing OpenROAD database to '/home/designer/shared/BASIC/current_generator/digital/DigitalSine/runs/RUN_2025-12-15_17-20-01/44-openroad-detailedrouting/DigitalSine.odb'…
Writing netlist to '/home/designer/shared/BASIC/current_generator/digital/DigitalSine/runs/RUN_2025-12-15_17-20-01/44-openroad-detailedrouting/DigitalSine.nl.v'…
Writing powered netlist to '/home/designer/shared/BASIC/current_generator/digital/DigitalSine/runs/RUN_2025-12-15_17-20-01/44-openroad-detailedrouting/DigitalSine.pnl.v'…
Writing layout to '/home/designer/shared/BASIC/current_generator/digital/DigitalSine/runs/RUN_2025-12-15_17-20-01/44-openroad-detailedrouting/DigitalSine.def'…
Writing timing constraints to '/home/designer/shared/BASIC/current_generator/digital/DigitalSine/runs/RUN_2025-12-15_17-20-01/44-openroad-detailedrouting/DigitalSine.sdc'…
