Clock: clk
Sources: clk 
Generated: no
Virtual: yes
Propagated: no
Period: 5.000000

===========================================================================
report_clock_properties
============================================================================
Clock                   Period          Waveform
----------------------------------------------------
clk                   5.000000    0.000000  2.500000

===========================================================================
report_clock_latency
============================================================================
Clock clk
rise -> rise
    min     max
0.000000 0.000000 source latency
0.125231         network latency _294_/CLK
        0.125720 network latency _301_/CLK
---------------
0.125231 0.125720 latency
        0.000489 skew

fall -> fall
    min     max
0.000000 0.000000 source latency
0.136623         network latency _294_/CLK
        0.137062 network latency _301_/CLK
---------------
0.136623 0.137062 latency
        0.000439 skew



===========================================================================
report_clock_min_period
============================================================================
clk period_min = 1.83 fmax = 546.25
