
Magic 8.3 revision 528 - Compiled on Sat Jun 21 19:19:56 UTC 2025.
Starting magic under Tcl interpreter
Using the terminal as the console.
WARNING: RLIMIT_NOFILE is above 1024 and Tcl_Version<9 this may cause runtime issues [rlim_cur=1048576]
Using NULL graphics device.
Processing system .magicrc file
Sourcing design .magicrc for technology ihp-sg13g2 ...
2 Magic internal units = 1 Lambda
Input style sg13g2(): scaleFactor=2, multiplier=2
The following types are not handled by extraction and will be treated as non-electrical types:
    fillfet sealcont difffill nemitter hvnemitter hvisodiffres sealvia1 sealvia2 sealvia3 sealvia4 sealvia5 sealvia6 pad seal thruvia 
Scaled tech values by 2 / 1 to match internal grid scaling
Loading "/nix/store/sfc122jplczjy5i6pd5radwb3k94mh33-python3.12-librelane-3.0.0.dev45/lib/python3.12/site-packages/librelane/scripts/magic/wrapper.tcl" from command line.
> gds read /opt/pdks/ciel/ihp-sg13g2/versions/cb7daaa8901016cf7c5d272dfa322c41f024931f/ihp-sg13g2/libs.ref/sg13g2_stdcell/gds/sg13g2_stdcell.gds
Warning: Calma reading is not undoable!  I hope that's OK.
Library written using GDS-II Release 5.0
Library name: sg13g2_stdcell
Reading "sg13g2_a21o_1".
Reading "sg13g2_a21o_2".
Reading "sg13g2_a21oi_1".
CIF file read warning: CIF style sg13g2(): units rescaled by factor of 5 / 1
Reading "sg13g2_a21oi_2".
Reading "sg13g2_a221oi_1".
Reading "sg13g2_a22oi_1".
Reading "sg13g2_and2_1".
Reading "sg13g2_and2_2".
Reading "sg13g2_and3_1".
Reading "sg13g2_and3_2".
Reading "sg13g2_and4_1".
Reading "sg13g2_and4_2".
Reading "sg13g2_antennanp".
Reading "sg13g2_buf_1".
Reading "sg13g2_buf_16".
Reading "sg13g2_buf_2".
Reading "sg13g2_buf_4".
Reading "sg13g2_buf_8".
Reading "sg13g2_decap_4".
Reading "sg13g2_decap_8".
Reading "sg13g2_dfrbp_1".
Reading "sg13g2_dfrbp_2".
Reading "sg13g2_dfrbpq_1".
Reading "sg13g2_dfrbpq_2".
Reading "sg13g2_dlhq_1".
Reading "sg13g2_dlhr_1".
Reading "sg13g2_dlhrq_1".
Reading "sg13g2_dllr_1".
Reading "sg13g2_dllrq_1".
Reading "sg13g2_dlygate4sd1_1".
Reading "sg13g2_dlygate4sd2_1".
Reading "sg13g2_dlygate4sd3_1".
Reading "sg13g2_ebufn_2".
Reading "sg13g2_ebufn_4".
Reading "sg13g2_ebufn_8".
Reading "sg13g2_einvn_2".
Reading "sg13g2_einvn_4".
Reading "sg13g2_einvn_8".
Reading "sg13g2_fill_1".
Reading "sg13g2_fill_2".
Reading "sg13g2_fill_4".
Reading "sg13g2_fill_8".
Reading "sg13g2_inv_1".
Reading "sg13g2_inv_16".
Reading "sg13g2_inv_2".
Reading "sg13g2_inv_4".
Reading "sg13g2_inv_8".
Reading "sg13g2_lgcp_1".
Reading "sg13g2_mux2_1".
Reading "sg13g2_mux2_2".
Reading "sg13g2_mux4_1".
Reading "sg13g2_nand2_1".
Reading "sg13g2_nand2_2".
Reading "sg13g2_nand2b_1".
Reading "sg13g2_nand2b_2".
Reading "sg13g2_nand3_1".
Reading "sg13g2_nand3b_1".
Reading "sg13g2_nand4_1".
Reading "sg13g2_nor2_1".
Reading "sg13g2_nor2_2".
Reading "sg13g2_nor2b_1".
Reading "sg13g2_nor2b_2".
Reading "sg13g2_nor3_1".
Reading "sg13g2_nor3_2".
Reading "sg13g2_nor4_1".
Reading "sg13g2_nor4_2".
Reading "sg13g2_o21ai_1".
Reading "sg13g2_or2_1".
Reading "sg13g2_or2_2".
Reading "sg13g2_or3_1".
Reading "sg13g2_or3_2".
Reading "sg13g2_or4_1".
Reading "sg13g2_or4_2".
Reading "sg13g2_sdfbbp_1".
Reading "sg13g2_sdfrbp_1".
Reading "sg13g2_sdfrbp_2".
Reading "sg13g2_sdfrbpq_1".
Reading "sg13g2_sdfrbpq_2".
Reading "sg13g2_sighold".
Reading "sg13g2_slgcp_1".
Reading "sg13g2_tiehi".
Reading "sg13g2_tielo".
Reading "sg13g2_xnor2_1".
Reading "sg13g2_xor2_1".
Cell (NEWCELL) couldn't be read
No such file or directory
Creating new cell
> lef read /opt/pdks/ciel/ihp-sg13g2/versions/cb7daaa8901016cf7c5d272dfa322c41f024931f/ihp-sg13g2/libs.ref/sg13g2_stdcell/lef/sg13g2_tech.lef
Reading LEF data from file /opt/pdks/ciel/ihp-sg13g2/versions/cb7daaa8901016cf7c5d272dfa322c41f024931f/ihp-sg13g2/libs.ref/sg13g2_stdcell/lef/sg13g2_tech.lef.
This action cannot be undone.
LEF read, Line 79 (Message): Unknown keyword "MAXIMUMDENSITY" in LEF file; ignoring.
LEF read, Line 80 (Message): Unknown keyword "DENSITYCHECKSTEP" in LEF file; ignoring.
LEF read, Line 81 (Message): Unknown keyword "DENSITYCHECKWINDOW" in LEF file; ignoring.
LEF read, Line 87 (Message): Unknown keyword "MINIMUMCUT" in LEF file; ignoring.
LEF read, Line 91 (Message): Unknown keyword "ANTENNACUMAREARATIO" in LEF file; ignoring.
LEF read, Line 92 (Message): Unknown keyword "ANTENNACUMDIFFAREARATIO" in LEF file; ignoring.
LEF read, Line 121 (Message): Unknown keyword "MAXIMUMDENSITY" in LEF file; ignoring.
LEF read, Line 122 (Message): Unknown keyword "DENSITYCHECKSTEP" in LEF file; ignoring.
LEF read, Line 123 (Message): Unknown keyword "DENSITYCHECKWINDOW" in LEF file; ignoring.
LEF read, Line 129 (Message): Unknown keyword "MINIMUMCUT" in LEF file; ignoring.
LEF read, Line 134 (Message): Unknown keyword "ANTENNACUMAREARATIO" in LEF file; ignoring.
LEF read, Line 135 (Message): Unknown keyword "ANTENNACUMDIFFAREARATIO" in LEF file; ignoring.
LEF read, Line 163 (Message): Unknown keyword "MAXIMUMDENSITY" in LEF file; ignoring.
LEF read, Line 164 (Message): Unknown keyword "DENSITYCHECKSTEP" in LEF file; ignoring.
LEF read, Line 165 (Message): Unknown keyword "DENSITYCHECKWINDOW" in LEF file; ignoring.
LEF read, Line 171 (Message): Unknown keyword "MINIMUMCUT" in LEF file; ignoring.
LEF read, Line 176 (Message): Unknown keyword "ANTENNACUMAREARATIO" in LEF file; ignoring.
LEF read, Line 177 (Message): Unknown keyword "ANTENNACUMDIFFAREARATIO" in LEF file; ignoring.
LEF read, Line 205 (Message): Unknown keyword "MAXIMUMDENSITY" in LEF file; ignoring.
LEF read, Line 206 (Message): Unknown keyword "DENSITYCHECKSTEP" in LEF file; ignoring.
LEF read, Line 207 (Message): Unknown keyword "DENSITYCHECKWINDOW" in LEF file; ignoring.
LEF read, Line 213 (Message): Unknown keyword "MINIMUMCUT" in LEF file; ignoring.
LEF read, Line 218 (Message): Unknown keyword "ANTENNACUMAREARATIO" in LEF file; ignoring.
LEF read, Line 219 (Message): Unknown keyword "ANTENNACUMDIFFAREARATIO" in LEF file; ignoring.
LEF read, Line 246 (Message): Unknown keyword "MAXIMUMDENSITY" in LEF file; ignoring.
LEF read, Line 247 (Message): Unknown keyword "DENSITYCHECKSTEP" in LEF file; ignoring.
LEF read, Line 248 (Message): Unknown keyword "DENSITYCHECKWINDOW" in LEF file; ignoring.
LEF read, Line 254 (Message): Unknown keyword "MINIMUMCUT" in LEF file; ignoring.
LEF read, Line 259 (Message): Unknown keyword "ANTENNACUMAREARATIO" in LEF file; ignoring.
LEF read, Line 260 (Message): Unknown keyword "ANTENNACUMDIFFAREARATIO" in LEF file; ignoring.
LEF read, Line 286 (Message): Unknown keyword "MAXIMUMDENSITY" in LEF file; ignoring.
LEF read, Line 287 (Message): Unknown keyword "DENSITYCHECKSTEP" in LEF file; ignoring.
LEF read, Line 288 (Message): Unknown keyword "DENSITYCHECKWINDOW" in LEF file; ignoring.
LEF read, Line 293 (Message): Unknown keyword "ANTENNACUMAREARATIO" in LEF file; ignoring.
LEF read, Line 294 (Message): Unknown keyword "ANTENNACUMDIFFAREARATIO" in LEF file; ignoring.
LEF read, Line 320 (Message): Unknown keyword "MAXIMUMDENSITY" in LEF file; ignoring.
LEF read, Line 321 (Message): Unknown keyword "DENSITYCHECKSTEP" in LEF file; ignoring.
LEF read, Line 322 (Message): Unknown keyword "DENSITYCHECKWINDOW" in LEF file; ignoring.
LEF read, Line 327 (Message): Unknown keyword "ANTENNACUMAREARATIO" in LEF file; ignoring.
LEF read, Line 328 (Message): Unknown keyword "ANTENNACUMDIFFAREARATIO" in LEF file; ignoring.
LEF read: Processed 1197 lines.
> def read /home/designer/shared/Bioimpedance-ASIC-for-skin-cancer-detection/current_generator/digital/DigitalSine/runs/RUN_2025-12-14_10-41-31/53-odb-cellfrequencytables/DigitalSine.def -noblockage -labels
Reading DEF data from file /home/designer/shared/Bioimpedance-ASIC-for-skin-cancer-detection/current_generator/digital/DigitalSine/runs/RUN_2025-12-14_10-41-31/53-odb-cellfrequencytables/DigitalSine.def.
This action cannot be undone.
  Processed 7 vias total.
  Processed 402 subcell instances total.
  Processed 39 pins total.
  Processed 2 special nets total.
  Processed 248 nets total.
DEF read: Processed 4454 lines.
Moving label "_052_" from metal2 to via1 in cell DigitalSine.
Root cell box:
           width x height  (   llx,  lly  ), (   urx,  ury  )  area (units^2)

microns:  73.510 x 92.230  ( 0.000,  0.000), ( 73.510,  92.230)  6779.827  
lambda:   7351.00 x 9223.00  (  0.00,  0.00 ), ( 7351.00,  9223.00)  67798272.00
internal:  14702 x 18446   (     0,  0    ), ( 14702,  18446)  271193092 
   Copying output for cell sg13g2_decap_8 from /opt/pdks/ciel/ihp-sg13g2/versions/cb7daaa8901016cf7c5d272dfa322c41f024931f/ihp-sg13g2/libs.ref/sg13g2_stdcell/gds/sg13g2_stdcell.gds
   Copying output for cell sg13g2_xor2_1 from /opt/pdks/ciel/ihp-sg13g2/versions/cb7daaa8901016cf7c5d272dfa322c41f024931f/ihp-sg13g2/libs.ref/sg13g2_stdcell/gds/sg13g2_stdcell.gds
   Copying output for cell sg13g2_fill_1 from /opt/pdks/ciel/ihp-sg13g2/versions/cb7daaa8901016cf7c5d272dfa322c41f024931f/ihp-sg13g2/libs.ref/sg13g2_stdcell/gds/sg13g2_stdcell.gds
   Copying output for cell sg13g2_xnor2_1 from /opt/pdks/ciel/ihp-sg13g2/versions/cb7daaa8901016cf7c5d272dfa322c41f024931f/ihp-sg13g2/libs.ref/sg13g2_stdcell/gds/sg13g2_stdcell.gds
   Copying output for cell sg13g2_and2_1 from /opt/pdks/ciel/ihp-sg13g2/versions/cb7daaa8901016cf7c5d272dfa322c41f024931f/ihp-sg13g2/libs.ref/sg13g2_stdcell/gds/sg13g2_stdcell.gds
   Copying output for cell sg13g2_fill_2 from /opt/pdks/ciel/ihp-sg13g2/versions/cb7daaa8901016cf7c5d272dfa322c41f024931f/ihp-sg13g2/libs.ref/sg13g2_stdcell/gds/sg13g2_stdcell.gds
   Copying output for cell sg13g2_o21ai_1 from /opt/pdks/ciel/ihp-sg13g2/versions/cb7daaa8901016cf7c5d272dfa322c41f024931f/ihp-sg13g2/libs.ref/sg13g2_stdcell/gds/sg13g2_stdcell.gds
   Copying output for cell sg13g2_decap_4 from /opt/pdks/ciel/ihp-sg13g2/versions/cb7daaa8901016cf7c5d272dfa322c41f024931f/ihp-sg13g2/libs.ref/sg13g2_stdcell/gds/sg13g2_stdcell.gds
   Copying output for cell sg13g2_inv_1 from /opt/pdks/ciel/ihp-sg13g2/versions/cb7daaa8901016cf7c5d272dfa322c41f024931f/ihp-sg13g2/libs.ref/sg13g2_stdcell/gds/sg13g2_stdcell.gds
   Copying output for cell sg13g2_dfrbpq_1 from /opt/pdks/ciel/ihp-sg13g2/versions/cb7daaa8901016cf7c5d272dfa322c41f024931f/ihp-sg13g2/libs.ref/sg13g2_stdcell/gds/sg13g2_stdcell.gds
   Copying output for cell sg13g2_buf_8 from /opt/pdks/ciel/ihp-sg13g2/versions/cb7daaa8901016cf7c5d272dfa322c41f024931f/ihp-sg13g2/libs.ref/sg13g2_stdcell/gds/sg13g2_stdcell.gds
   Copying output for cell sg13g2_buf_1 from /opt/pdks/ciel/ihp-sg13g2/versions/cb7daaa8901016cf7c5d272dfa322c41f024931f/ihp-sg13g2/libs.ref/sg13g2_stdcell/gds/sg13g2_stdcell.gds
   Copying output for cell sg13g2_nand2_1 from /opt/pdks/ciel/ihp-sg13g2/versions/cb7daaa8901016cf7c5d272dfa322c41f024931f/ihp-sg13g2/libs.ref/sg13g2_stdcell/gds/sg13g2_stdcell.gds
   Copying output for cell sg13g2_a21oi_1 from /opt/pdks/ciel/ihp-sg13g2/versions/cb7daaa8901016cf7c5d272dfa322c41f024931f/ihp-sg13g2/libs.ref/sg13g2_stdcell/gds/sg13g2_stdcell.gds
   Copying output for cell sg13g2_dfrbpq_2 from /opt/pdks/ciel/ihp-sg13g2/versions/cb7daaa8901016cf7c5d272dfa322c41f024931f/ihp-sg13g2/libs.ref/sg13g2_stdcell/gds/sg13g2_stdcell.gds
   Copying output for cell sg13g2_buf_2 from /opt/pdks/ciel/ihp-sg13g2/versions/cb7daaa8901016cf7c5d272dfa322c41f024931f/ihp-sg13g2/libs.ref/sg13g2_stdcell/gds/sg13g2_stdcell.gds
   Copying output for cell sg13g2_dlygate4sd3_1 from /opt/pdks/ciel/ihp-sg13g2/versions/cb7daaa8901016cf7c5d272dfa322c41f024931f/ihp-sg13g2/libs.ref/sg13g2_stdcell/gds/sg13g2_stdcell.gds
   Copying output for cell sg13g2_nand3_1 from /opt/pdks/ciel/ihp-sg13g2/versions/cb7daaa8901016cf7c5d272dfa322c41f024931f/ihp-sg13g2/libs.ref/sg13g2_stdcell/gds/sg13g2_stdcell.gds
   Copying output for cell sg13g2_inv_2 from /opt/pdks/ciel/ihp-sg13g2/versions/cb7daaa8901016cf7c5d272dfa322c41f024931f/ihp-sg13g2/libs.ref/sg13g2_stdcell/gds/sg13g2_stdcell.gds
   Copying output for cell sg13g2_nor2_1 from /opt/pdks/ciel/ihp-sg13g2/versions/cb7daaa8901016cf7c5d272dfa322c41f024931f/ihp-sg13g2/libs.ref/sg13g2_stdcell/gds/sg13g2_stdcell.gds
   Copying output for cell sg13g2_or2_1 from /opt/pdks/ciel/ihp-sg13g2/versions/cb7daaa8901016cf7c5d272dfa322c41f024931f/ihp-sg13g2/libs.ref/sg13g2_stdcell/gds/sg13g2_stdcell.gds
   Copying output for cell sg13g2_nand2_2 from /opt/pdks/ciel/ihp-sg13g2/versions/cb7daaa8901016cf7c5d272dfa322c41f024931f/ihp-sg13g2/libs.ref/sg13g2_stdcell/gds/sg13g2_stdcell.gds
   Copying output for cell sg13g2_nand2b_1 from /opt/pdks/ciel/ihp-sg13g2/versions/cb7daaa8901016cf7c5d272dfa322c41f024931f/ihp-sg13g2/libs.ref/sg13g2_stdcell/gds/sg13g2_stdcell.gds
   Copying output for cell sg13g2_and3_1 from /opt/pdks/ciel/ihp-sg13g2/versions/cb7daaa8901016cf7c5d272dfa322c41f024931f/ihp-sg13g2/libs.ref/sg13g2_stdcell/gds/sg13g2_stdcell.gds
   Copying output for cell sg13g2_nor3_1 from /opt/pdks/ciel/ihp-sg13g2/versions/cb7daaa8901016cf7c5d272dfa322c41f024931f/ihp-sg13g2/libs.ref/sg13g2_stdcell/gds/sg13g2_stdcell.gds
   Copying output for cell sg13g2_a22oi_1 from /opt/pdks/ciel/ihp-sg13g2/versions/cb7daaa8901016cf7c5d272dfa322c41f024931f/ihp-sg13g2/libs.ref/sg13g2_stdcell/gds/sg13g2_stdcell.gds
   Copying output for cell sg13g2_a221oi_1 from /opt/pdks/ciel/ihp-sg13g2/versions/cb7daaa8901016cf7c5d272dfa322c41f024931f/ihp-sg13g2/libs.ref/sg13g2_stdcell/gds/sg13g2_stdcell.gds
   Copying output for cell sg13g2_nor2_2 from /opt/pdks/ciel/ihp-sg13g2/versions/cb7daaa8901016cf7c5d272dfa322c41f024931f/ihp-sg13g2/libs.ref/sg13g2_stdcell/gds/sg13g2_stdcell.gds
   Copying output for cell sg13g2_nor2b_1 from /opt/pdks/ciel/ihp-sg13g2/versions/cb7daaa8901016cf7c5d272dfa322c41f024931f/ihp-sg13g2/libs.ref/sg13g2_stdcell/gds/sg13g2_stdcell.gds
   Copying output for cell sg13g2_nand2b_2 from /opt/pdks/ciel/ihp-sg13g2/versions/cb7daaa8901016cf7c5d272dfa322c41f024931f/ihp-sg13g2/libs.ref/sg13g2_stdcell/gds/sg13g2_stdcell.gds
   Copying output for cell sg13g2_nor2b_2 from /opt/pdks/ciel/ihp-sg13g2/versions/cb7daaa8901016cf7c5d272dfa322c41f024931f/ihp-sg13g2/libs.ref/sg13g2_stdcell/gds/sg13g2_stdcell.gds
   Copying output for cell sg13g2_nor4_1 from /opt/pdks/ciel/ihp-sg13g2/versions/cb7daaa8901016cf7c5d272dfa322c41f024931f/ihp-sg13g2/libs.ref/sg13g2_stdcell/gds/sg13g2_stdcell.gds
   Generating output for cell DigitalSine
[INFO] GDS Write Complete
