[WARNING ORD-0039] .openroad ignored with -python
Top-level design name: DigitalSine
Block boundaries: 0 0 69075 87795
Horizontal Tracks Origin: 420, Count: 208, Step: 420
Vertical Tracks Origin: 480, Count: 143, Step: 480
Placement details for the N side
Virtual pin count:  0
Actual pin count:  33
Total pin count:  33
Tracks count:  72
Tracks per pin:  2
Used tracks count:  65
Unused track count:  7
Starting track index:  3
Placement details for the E side
Virtual pin count:  0
Actual pin count:  2
Total pin count:  2
Tracks count:  104
Tracks per pin:  52
Used tracks count:  53
Unused track count:  51
Starting track index:  25
Placement details for the W side
Virtual pin count:  0
Actual pin count:  2
Total pin count:  2
Tracks count:  104
Tracks per pin:  52
Used tracks count:  53
Unused track count:  51
Starting track index:  25
