Reading timing models for corner nom_typ_1p20V_25C…
Reading timing library for the 'nom_typ_1p20V_25C' corner at '/opt/pdks/ciel/ihp-sg13g2/versions/cb7daaa8901016cf7c5d272dfa322c41f024931f/ihp-sg13g2/libs.ref/sg13g2_stdcell/lib/sg13g2_stdcell_typ_1p20V_25C.lib'…
Reading OpenROAD database at '/home/designer/shared/Bioimpedance-ASIC-for-skin-cancer-detection/current_generator/digital/DigitalSine/runs/RUN_2025-12-12_17-31-27/26-odb-customioplacement/DigitalSine.odb'…
Reading design constraints file at '/nix/store/sfc122jplczjy5i6pd5radwb3k94mh33-python3.12-librelane-3.0.0.dev45/lib/python3.12/site-packages/librelane/scripts/base.sdc'…
[INFO] Using clock clk…
[INFO] Setting output delay to: 1
[INFO] Setting input delay to: 1
[INFO] Setting load to: 0.006
[INFO] Setting clock uncertainty to: 0.25
[INFO] Setting clock transition to: 0.15
[INFO] Setting timing derate to: 5%
[INFO] Setting signal min routing layer to: Metal2 and clock min routing layer to Metal2. 
[INFO] Setting signal max routing layer to: TopMetal2 and clock max routing layer to TopMetal2. 
+ global_placement -density 0.613081 -timing_driven -routability_driven -pad_right 0 -pad_left 0 -init_wirelength_coef 0.25
[INFO GPL-0002] DBU: 1000
[INFO GPL-0003] SiteSize: (  0.480  3.780 ) um
[INFO GPL-0004] CoreBBox: (  5.760 15.120 ) ( 67.680 75.600 ) um
[INFO GPL-0006] Number of instances:               177
[INFO GPL-0007] Movable instances:                 177
[INFO GPL-0008] Fixed instances:                     0
[INFO GPL-0009] Dummy instances:                     0
[INFO GPL-0010] Number of nets:                    179
[INFO GPL-0011] Number of pins:                    634
[INFO GPL-0012] Die BBox:  (  0.000  0.000 ) ( 73.510 92.230 ) um
[INFO GPL-0013] Core BBox: (  5.760 15.120 ) ( 67.680 75.600 ) um
[INFO GPL-0016] Core area:                    3744.922 um^2
[INFO GPL-0017] Fixed instances area:            0.000 um^2
[INFO GPL-0018] Movable instances area:       1921.450 um^2
[INFO GPL-0019] Utilization:                    51.308 %
[INFO GPL-0020] Standard cells area:          1921.450 um^2
[INFO GPL-0021] Large instances area:            0.000 um^2
[InitialPlace]  Iter: 1 conjugate gradient residual: 0.00000012 HPWL: 5778610
[InitialPlace]  Iter: 2 conjugate gradient residual: 0.00000012 HPWL: 2474407
[InitialPlace]  Iter: 3 conjugate gradient residual: 0.00000012 HPWL: 2249483
[InitialPlace]  Iter: 4 conjugate gradient residual: 0.00000011 HPWL: 2242463
[InitialPlace]  Iter: 5 conjugate gradient residual: 0.00000005 HPWL: 2234022
[INFO GPL-0023] Placement target density:       0.6131
[INFO GPL-0024] Movable insts average area:     10.856 um^2
[INFO GPL-0025] Ideal bin area:                 17.707 um^2
[INFO GPL-0026] Ideal bin count:                   211
[INFO GPL-0027] Total bin area:               3744.922 um^2
[INFO GPL-0028] Bin count (X, Y):           8 ,      8
[INFO GPL-0029] Bin size (W * H):       7.740 *  7.560 um
[INFO GPL-0030] Number of bins:                     64
[INFO GPL-0031] HPWL: Half-Perimeter Wirelength
Iteration | Overflow |     HPWL (um) |  HPWL(%) |   Penalty | Group
---------------------------------------------------------------
        1 |   0.8460 |  1.775685e+06 |   +0.00% |  4.40e-14 |      
       10 |   0.7905 |  1.893313e+06 |   +6.62% |  6.83e-14 |      
[INFO GPL-0100] Timing-driven iteration 1/5, virtual: true.
[INFO GPL-0101]    Iter: 14, overflow: 0.783, keep resizer changes at: 0.3, HPWL: 1905434
Iteration |   Area    | Resized | Buffers | Nets repaired | Remaining
---------------------------------------------------------------------
        0 |     +0.0% |       0 |       0 |             0 |       179
    final |    +18.0% |      32 |      27 |            10 |         0
---------------------------------------------------------------------
[INFO RSZ-0035] Found 10 fanout violations.
[INFO RSZ-0039] Resized 32 instances.
[INFO RSZ-0038] Inserted 27 buffers in 10 nets.
[INFO GPL-0106] Timing-driven: worst slack 2.72e-09
Iteration | Overflow |     HPWL (um) |  HPWL(%) |   Penalty | Group
---------------------------------------------------------------
       20 |   0.7608 |  2.024720e+06 |   +6.94% |  1.11e-13 |      
       30 |   0.7546 |  2.016035e+06 |   -0.43% |  1.81e-13 |      
       40 |   0.7595 |  2.007793e+06 |   -0.41% |  2.95e-13 |      
       50 |   0.7684 |  2.001105e+06 |   -0.33% |  4.81e-13 |      
       60 |   0.7714 |  1.995387e+06 |   -0.29% |  7.83e-13 |      
       70 |   0.7711 |  1.996037e+06 |   +0.03% |  1.28e-12 |      
       80 |   0.7687 |  2.000487e+06 |   +0.22% |  2.08e-12 |      
       90 |   0.7650 |  2.003643e+06 |   +0.16% |  3.39e-12 |      
      100 |   0.7625 |  2.005405e+06 |   +0.09% |  5.51e-12 |      
      110 |   0.7593 |  2.007681e+06 |   +0.11% |  8.98e-12 |      
      120 |   0.7535 |  2.012547e+06 |   +0.24% |  1.46e-11 |      
      130 |   0.7475 |  2.021178e+06 |   +0.43% |  2.38e-11 |      
      140 |   0.7415 |  2.034822e+06 |   +0.68% |  3.88e-11 |      
      150 |   0.7372 |  2.055710e+06 |   +1.03% |  6.32e-11 |      
      160 |   0.7294 |  2.087395e+06 |   +1.54% |  1.03e-10 |      
      170 |   0.7092 |  2.133410e+06 |   +2.20% |  1.68e-10 |      
      180 |   0.6698 |  2.183230e+06 |   +2.34% |  2.73e-10 |      
      190 |   0.6553 |  2.232775e+06 |   +2.27% |  4.45e-10 |      
      200 |   0.6409 |  2.304156e+06 |   +3.20% |  7.25e-10 |      
[INFO GPL-0100] Timing-driven iteration 2/5, virtual: true.
[INFO GPL-0101]    Iter: 202, overflow: 0.632, keep resizer changes at: 0.3, HPWL: 2321862
Iteration |   Area    | Resized | Buffers | Nets repaired | Remaining
---------------------------------------------------------------------
        0 |     +0.0% |       0 |       0 |             0 |       179
    final |    +18.4% |      37 |      26 |            10 |         0
---------------------------------------------------------------------
[INFO RSZ-0035] Found 10 fanout violations.
[INFO RSZ-0039] Resized 37 instances.
[INFO RSZ-0038] Inserted 26 buffers in 10 nets.
[INFO GPL-0106] Timing-driven: worst slack 2.58e-09
Iteration | Overflow |     HPWL (um) |  HPWL(%) |   Penalty | Group
---------------------------------------------------------------
      210 |   0.6153 |  2.413385e+06 |   +4.74% |  1.18e-09 |      
      220 |   0.5967 |  2.462545e+06 |   +2.04% |  1.92e-09 |      
[INFO GPL-0088] Routability snapshot saved at iter = 219
      230 |   0.5549 |  2.542053e+06 |   +3.23% |  3.13e-09 |      
      240 |   0.5268 |  2.613592e+06 |   +2.81% |  5.10e-09 |      
      250 |   0.4773 |  2.713215e+06 |   +3.81% |  8.31e-09 |      
      260 |   0.4406 |  2.781500e+06 |   +2.52% |  1.35e-08 |      
      270 |   0.3819 |  2.844381e+06 |   +2.26% |  2.21e-08 |      
      280 |   0.3295 |  2.902560e+06 |   +2.05% |  3.52e-08 |      
[INFO GPL-0040] Routability iteration: 1
[INFO GPL-0041] Total routing overflow: 0.0000
[INFO GPL-0042] Number of overflowed tiles: 0 (0.00%)
[INFO GPL-0043] Average top 0.5% routing congestion: 0.8014
[INFO GPL-0044] Average top 1.0% routing congestion: 0.7826
[INFO GPL-0045] Average top 2.0% routing congestion: 0.7534
[INFO GPL-0046] Average top 5.0% routing congestion: 0.7052
[INFO GPL-0047] Routability iteration weighted routing congestion: 0.7920
[INFO GPL-0050] Weighted routing congestion is lower than target routing congestion(1.0100), end routability optimization.
[INFO GPL-0100] Timing-driven iteration 3/5, virtual: false.
[INFO GPL-0101]    Iter: 289, overflow: 0.283, keep resizer changes at: 0.3, HPWL: 2944648
Iteration |   Area    | Resized | Buffers | Nets repaired | Remaining
---------------------------------------------------------------------
        0 |     +0.0% |       0 |       0 |             0 |       179
    final |    +19.4% |      44 |      25 |            10 |         0
---------------------------------------------------------------------
[INFO RSZ-0035] Found 10 fanout violations.
[INFO RSZ-0039] Resized 44 instances.
[INFO RSZ-0038] Inserted 25 buffers in 10 nets.
[INFO GPL-0106] Timing-driven: worst slack 2.58e-09
[INFO GPL-0107] Timing-driven: repair_design delta area: 371.952 um^2 (+19.36%)
[INFO GPL-0108] Timing-driven: repair_design, gpl cells created: 25 (+0.00%)
[INFO GPL-0109] Timing-driven: inserted buffers as reported by repair_design: 25
[INFO GPL-0110] Timing-driven: new target density: 0.7124027
Iteration | Overflow |     HPWL (um) |  HPWL(%) |   Penalty | Group
---------------------------------------------------------------
      290 |   0.3047 |  2.359326e+06 |  -18.72% |  5.19e-08 |      
      300 |   0.2949 |  2.331725e+06 |   -1.17% |  7.64e-08 |      
      310 |   0.2597 |  2.419455e+06 |   +3.76% |  1.13e-07 |      
      320 |   0.2184 |  2.440325e+06 |   +0.86% |  1.66e-07 |      
[INFO GPL-0100] Timing-driven iteration 4/5, virtual: false.
[INFO GPL-0101]    Iter: 326, overflow: 0.204, keep resizer changes at: 0.3, HPWL: 2463906
Iteration |   Area    | Resized | Buffers | Nets repaired | Remaining
---------------------------------------------------------------------
        0 |     +0.0% |       0 |       0 |             0 |       179
    final |     +0.4% |      12 |       0 |             0 |         0
---------------------------------------------------------------------
[INFO RSZ-0039] Resized 12 instances.
[INFO GPL-0106] Timing-driven: worst slack 2.6e-09
[INFO GPL-0107] Timing-driven: repair_design delta area: 9.072 um^2 (+0.40%)
[INFO GPL-0108] Timing-driven: repair_design, gpl cells created: 0 (+0.00%)
[INFO GPL-0109] Timing-driven: inserted buffers as reported by repair_design: 0
[INFO GPL-0110] Timing-driven: new target density: 0.7148252
Iteration | Overflow |     HPWL (um) |  HPWL(%) |   Penalty | Group
---------------------------------------------------------------
      330 |   0.1926 |  2.488732e+06 |   +1.98% |  2.44e-07 |      
      340 |   0.1515 |  2.519670e+06 |   +1.24% |  3.60e-07 |      
[INFO GPL-0100] Timing-driven iteration 5/5, virtual: false.
[INFO GPL-0101]    Iter: 343, overflow: 0.144, keep resizer changes at: 0.3, HPWL: 2524475
Iteration |   Area    | Resized | Buffers | Nets repaired | Remaining
---------------------------------------------------------------------
        0 |     +0.0% |       0 |       0 |             0 |       179
    final |     +0.1% |      11 |       0 |             0 |         0
---------------------------------------------------------------------
[INFO RSZ-0039] Resized 11 instances.
[INFO GPL-0106] Timing-driven: worst slack 2.6e-09
[INFO GPL-0107] Timing-driven: repair_design delta area: 1.814 um^2 (+0.08%)
[INFO GPL-0108] Timing-driven: repair_design, gpl cells created: 0 (+0.00%)
[INFO GPL-0109] Timing-driven: inserted buffers as reported by repair_design: 0
[INFO GPL-0110] Timing-driven: new target density: 0.71530974
Iteration | Overflow |     HPWL (um) |  HPWL(%) |   Penalty | Group
---------------------------------------------------------------
      350 |   0.1209 |  2.546063e+06 |   +1.05% |  5.30e-07 |      
[INFO GPL-1001] Finished with Overflow: 0.099546
[INFO GPL-1002] Placed Cell Area             2304.2880
[INFO GPL-1003] Available Free Area          3744.9216
[INFO GPL-1004] Minimum Feasible Density        0.6153 (cell_area / free_area)
[INFO GPL-1006]   Suggested Target Densities:
[INFO GPL-1007]     - For 90% usage of free space: 0.6837
[INFO GPL-1008]     - For 80% usage of free space: 0.7691
[INFO GPL-1009]     - For 50% usage of free space: 1.2306
Setting global connections for newly added cells…
[INFO] Setting global connections...
Updating metrics…
Cell type report:                       Count       Area
  Timing Repair Buffer                     25     326.59
  Inverter                                 15      88.91
  Sequential cell                           9     444.53
  Multi-Input combinational cell          153    1444.26
  Total                                   202    2304.29
Writing OpenROAD database to '/home/designer/shared/Bioimpedance-ASIC-for-skin-cancer-detection/current_generator/digital/DigitalSine/runs/RUN_2025-12-12_17-31-27/28-openroad-globalplacement/DigitalSine.odb'…
Writing netlist to '/home/designer/shared/Bioimpedance-ASIC-for-skin-cancer-detection/current_generator/digital/DigitalSine/runs/RUN_2025-12-12_17-31-27/28-openroad-globalplacement/DigitalSine.nl.v'…
Writing powered netlist to '/home/designer/shared/Bioimpedance-ASIC-for-skin-cancer-detection/current_generator/digital/DigitalSine/runs/RUN_2025-12-12_17-31-27/28-openroad-globalplacement/DigitalSine.pnl.v'…
Writing layout to '/home/designer/shared/Bioimpedance-ASIC-for-skin-cancer-detection/current_generator/digital/DigitalSine/runs/RUN_2025-12-12_17-31-27/28-openroad-globalplacement/DigitalSine.def'…
Writing timing constraints to '/home/designer/shared/Bioimpedance-ASIC-for-skin-cancer-detection/current_generator/digital/DigitalSine/runs/RUN_2025-12-12_17-31-27/28-openroad-globalplacement/DigitalSine.sdc'…
