Clock: clk
Sources: clk 
Generated: no
Virtual: yes
Propagated: no
Period: 5.000000

===========================================================================
report_clock_properties
============================================================================
Clock                   Period          Waveform
----------------------------------------------------
clk                   5.000000    0.000000  2.500000

===========================================================================
report_clock_latency
============================================================================
Clock clk
rise -> rise
    min     max
0.000000 0.000000 source latency
0.195413         network latency _297_/CLK
        0.197171 network latency _301_/CLK
---------------
0.195413 0.197171 latency
        0.001758 skew

fall -> fall
    min     max
0.000000 0.000000 source latency
0.210931         network latency _297_/CLK
        0.212397 network latency _301_/CLK
---------------
0.210931 0.212397 latency
        0.001466 skew



===========================================================================
report_clock_min_period
============================================================================
clk period_min = 2.79 fmax = 358.94
