Clock: clk
Sources: clk 
Generated: no
Virtual: yes
Propagated: no
Period: 5.000000

===========================================================================
report_clock_properties
============================================================================
Clock                   Period          Waveform
----------------------------------------------------
clk                   5.000000    0.000000  2.500000

===========================================================================
report_clock_latency
============================================================================
Clock clk
rise -> rise
    min     max
0.000000 0.000000 source latency
0.122226         network latency _290_/CLK
        0.123719 network latency _284_/CLK
---------------
0.122226 0.123719 latency
        0.001493 skew

fall -> fall
    min     max
0.000000 0.000000 source latency
0.134066         network latency _290_/CLK
        0.135313 network latency _284_/CLK
---------------
0.134066 0.135313 latency
        0.001247 skew



===========================================================================
report_clock_min_period
============================================================================
clk period_min = 1.90 fmax = 527.39
