Clock: clk
Sources: clk 
Generated: no
Virtual: yes
Propagated: no
Period: 5.000000

===========================================================================
report_clock_properties
============================================================================
Clock                   Period          Waveform
----------------------------------------------------
clk                   5.000000    0.000000  2.500000

===========================================================================
report_clock_latency
============================================================================
Clock clk
rise -> rise
    min     max
0.000000 0.000000 source latency
0.123425         network latency _298_/CLK
        0.125239 network latency _295_/CLK
---------------
0.123425 0.125239 latency
        0.001814 skew

fall -> fall
    min     max
0.000000 0.000000 source latency
0.135157         network latency _298_/CLK
        0.136701 network latency _295_/CLK
---------------
0.135157 0.136701 latency
        0.001543 skew



===========================================================================
report_clock_min_period
============================================================================
clk period_min = 2.11 fmax = 474.96
