
===========================================================================
report_checks -unconstrained
===========================================================================
======================= nom_typ_1p20V_25C Corner ===================================

Startpoint: _301_ (rising edge-triggered flip-flop clocked by clockone)
Endpoint: _299_ (rising edge-triggered flip-flop clocked by clockone)
Path Group: clockone
Path Type: max

Fanout         Cap        Slew       Delay        Time   Description
---------------------------------------------------------------------------------------------
                                  0.000000    0.000000   clock clockone (rise edge)
                                  0.000000    0.000000   clock source latency
     1    0.016051    0.000000    0.000000    0.000000 ^ clk (in)
                                                         clk (net)
                      0.001947    0.000974    0.000974 ^ clkbuf_0_clk/A (sg13g2_buf_8)
     2    0.021047    0.022746    0.055353    0.056326 ^ clkbuf_0_clk/X (sg13g2_buf_8)
                                                         clknet_0_clk (net)
                      0.022753    0.000737    0.057064 ^ clkbuf_1_0__f_clk/A (sg13g2_buf_8)
     5    0.022943    0.024563    0.066166    0.123229 ^ clkbuf_1_0__f_clk/X (sg13g2_buf_8)
                                                         clknet_1_0__leaf_clk (net)
                      0.024580    0.001156    0.124385 ^ _301_/CLK (sg13g2_dfrbpq_1)
     1    0.003528    0.021026    0.163304    0.287689 v _301_/Q (sg13g2_dfrbpq_1)
                                                         CTRL.S0 (net)
                      0.021178    0.000216    0.287904 v hold3/A (sg13g2_dlygate4sd3_1)
     1    0.009597    0.055974    0.390103    0.678008 v hold3/X (sg13g2_dlygate4sd3_1)
                                                         net40 (net)
                      0.055974    0.000419    0.678426 v fanout53/A (sg13g2_buf_8)
     6    0.031176    0.027704    0.091166    0.769592 v fanout53/X (sg13g2_buf_8)
                                                         net53 (net)
                      0.027732    0.001489    0.771081 v fanout52/A (sg13g2_buf_8)
     8    0.040057    0.029656    0.080400    0.851482 v fanout52/X (sg13g2_buf_8)
                                                         net52 (net)
                      0.029843    0.001192    0.852674 v _191_/B (sg13g2_xnor2_1)
     2    0.010362    0.078066    0.114606    0.967280 v _191_/Y (sg13g2_xnor2_1)
                                                         _025_ (net)
                      0.078068    0.000328    0.967608 v _193_/A2 (sg13g2_o21ai_1)
     2    0.011949    0.151945    0.160003    1.127611 ^ _193_/Y (sg13g2_o21ai_1)
                                                         _026_ (net)
                      0.151950    0.000696    1.128307 ^ _197_/A1 (sg13g2_a21oi_1)
     2    0.011558    0.102726    0.138307    1.266614 v _197_/Y (sg13g2_a21oi_1)
                                                         _029_ (net)
                      0.102728    0.000689    1.267303 v _203_/A1 (sg13g2_o21ai_1)
     2    0.010910    0.142435    0.167886    1.435189 ^ _203_/Y (sg13g2_o21ai_1)
                                                         _034_ (net)
                      0.142440    0.000656    1.435846 ^ _207_/A2 (sg13g2_a21oi_1)
     2    0.010398    0.089605    0.130089    1.565935 v _207_/Y (sg13g2_a21oi_1)
                                                         _037_ (net)
                      0.089606    0.000493    1.566428 v _209_/A2 (sg13g2_o21ai_1)
     1    0.007013    0.109281    0.129047    1.695475 ^ _209_/Y (sg13g2_o21ai_1)
                                                         _038_ (net)
                      0.109281    0.000300    1.695775 ^ _211_/A (sg13g2_xnor2_1)
     1    0.001895    0.056495    0.110134    1.805909 ^ _211_/Y (sg13g2_xnor2_1)
                                                         DPATH.SUM.fa_6.S (net)
                      0.056495    0.000068    1.805978 ^ _299_/D (sg13g2_dfrbpq_1)
                                              1.805978   data arrival time

                                  5.000000    5.000000   clock clockone (rise edge)
                                  0.000000    5.000000   clock source latency
     1    0.016051    0.000000    0.000000    5.000000 ^ clk (in)
                                                         clk (net)
                      0.001947    0.000973    5.000974 ^ clkbuf_0_clk/A (sg13g2_buf_8)
     2    0.021047    0.022746    0.055353    5.056326 ^ clkbuf_0_clk/X (sg13g2_buf_8)
                                                         clknet_0_clk (net)
                      0.022763    0.001123    5.057449 ^ clkbuf_1_1__f_clk/A (sg13g2_buf_8)
     5    0.018992    0.022816    0.064760    5.122209 ^ clkbuf_1_1__f_clk/X (sg13g2_buf_8)
                                                         clknet_1_1__leaf_clk (net)
                      0.022822    0.000861    5.123070 ^ _299_/CLK (sg13g2_dfrbpq_1)
                                 -0.200000    4.923069   clock uncertainty
                                  0.000000    4.923069   clock reconvergence pessimism
                                 -0.124174    4.798895   library setup time
                                              4.798895   data required time
---------------------------------------------------------------------------------------------
                                              4.798895   data required time
                                             -1.805978   data arrival time
---------------------------------------------------------------------------------------------
                                              2.992918   slack (MET)




===========================================================================
report_checks --slack_max -0.01
============================================================================
======================= nom_typ_1p20V_25C Corner ===================================

No paths found.


===========================================================================
 report_check_types -max_slew -max_cap -max_fanout -violators
============================================================================
======================= nom_typ_1p20V_25C Corner ===================================



===========================================================================
report_parasitic_annotation -report_unannotated
============================================================================
Found 1 unannotated drivers.
 clkload0/Y
Found 0 partially unannotated drivers.

===========================================================================
max slew violation count 0
Writing metric design__max_slew_violation__count__corner:nom_typ_1p20V_25C: 0
max fanout violation count 0
Writing metric design__max_fanout_violation__count__corner:nom_typ_1p20V_25C: 0
max cap violation count 0
Writing metric design__max_cap_violation__count__corner:nom_typ_1p20V_25C: 0
============================================================================

===========================================================================
check_setup -verbose -unconstrained_endpoints -multiple_clock -no_clock -no_input_delay -loops -generated_clocks
===========================================================================
Warning: There are 35 unconstrained endpoints.
  sign
  signB
  sine_out[0]
  sine_out[10]
  sine_out[11]
  sine_out[12]
  sine_out[13]
  sine_out[14]
  sine_out[15]
  sine_out[16]
  sine_out[17]
  sine_out[18]
  sine_out[19]
  sine_out[1]
  sine_out[20]
  sine_out[21]
  sine_out[22]
  sine_out[23]
  sine_out[24]
  sine_out[25]
  sine_out[26]
  sine_out[27]
  sine_out[28]
  sine_out[29]
  sine_out[2]
  sine_out[30]
  sine_out[31]
  sine_out[32]
  sine_out[3]
  sine_out[4]
  sine_out[5]
  sine_out[6]
  sine_out[7]
  sine_out[8]
  sine_out[9]
