Clock: clockone
Sources: clk 
Generated: no
Virtual: yes
Propagated: no
Period: 5.000000

===========================================================================
report_clock_properties
============================================================================
Clock                   Period          Waveform
----------------------------------------------------
clockone              5.000000    0.000000  1.000000

===========================================================================
report_clock_latency
============================================================================
Clock clockone
rise -> rise
    min     max
0.000000 0.000000 source latency
0.122736         network latency _297_/CLK
        0.124395 network latency _300_/CLK
---------------
0.122736 0.124395 latency
        0.001659 skew

fall -> fall
    min     max
0.000000 0.000000 source latency
0.134620         network latency _297_/CLK
        0.135992 network latency _300_/CLK
---------------
0.134620 0.135992 latency
        0.001373 skew



===========================================================================
report_clock_min_period
============================================================================
clockone period_min = 2.01 fmax = 498.24
