
===========================================================================
report_checks -path_delay max (Setup)
============================================================================
======================= nom_typ_1p20V_25C Corner ===================================

Startpoint: _301_ (rising edge-triggered flip-flop clocked by clockone)
Endpoint: _299_ (rising edge-triggered flip-flop clocked by clockone)
Path Group: clockone
Path Type: max

Fanout         Cap        Slew       Delay        Time   Description
---------------------------------------------------------------------------------------------
                                  0.000000    0.000000   clock clockone (rise edge)
                                  0.000000    0.000000   clock source latency
     1    0.016051    0.000000    0.000000    0.000000 ^ clk (in)
                                                         clk (net)
                      0.001947    0.000974    0.000974 ^ clkbuf_0_clk/A (sg13g2_buf_8)
     2    0.021047    0.022746    0.055353    0.056326 ^ clkbuf_0_clk/X (sg13g2_buf_8)
                                                         clknet_0_clk (net)
                      0.022753    0.000737    0.057064 ^ clkbuf_1_0__f_clk/A (sg13g2_buf_8)
     5    0.022943    0.024563    0.066166    0.123229 ^ clkbuf_1_0__f_clk/X (sg13g2_buf_8)
                                                         clknet_1_0__leaf_clk (net)
                      0.024580    0.001156    0.124385 ^ _301_/CLK (sg13g2_dfrbpq_1)
     1    0.003528    0.021026    0.163304    0.287689 v _301_/Q (sg13g2_dfrbpq_1)
                                                         CTRL.S0 (net)
                      0.021178    0.000216    0.287904 v hold3/A (sg13g2_dlygate4sd3_1)
     1    0.009597    0.055974    0.390103    0.678008 v hold3/X (sg13g2_dlygate4sd3_1)
                                                         net40 (net)
                      0.055974    0.000419    0.678426 v fanout53/A (sg13g2_buf_8)
     6    0.031176    0.027704    0.091166    0.769592 v fanout53/X (sg13g2_buf_8)
                                                         net53 (net)
                      0.027732    0.001489    0.771081 v fanout52/A (sg13g2_buf_8)
     8    0.040057    0.029656    0.080400    0.851482 v fanout52/X (sg13g2_buf_8)
                                                         net52 (net)
                      0.029843    0.001192    0.852674 v _191_/B (sg13g2_xnor2_1)
     2    0.010362    0.078066    0.114606    0.967280 v _191_/Y (sg13g2_xnor2_1)
                                                         _025_ (net)
                      0.078068    0.000328    0.967608 v _193_/A2 (sg13g2_o21ai_1)
     2    0.011949    0.151945    0.160003    1.127611 ^ _193_/Y (sg13g2_o21ai_1)
                                                         _026_ (net)
                      0.151950    0.000696    1.128307 ^ _197_/A1 (sg13g2_a21oi_1)
     2    0.011558    0.102726    0.138307    1.266614 v _197_/Y (sg13g2_a21oi_1)
                                                         _029_ (net)
                      0.102728    0.000689    1.267303 v _203_/A1 (sg13g2_o21ai_1)
     2    0.010910    0.142435    0.167886    1.435189 ^ _203_/Y (sg13g2_o21ai_1)
                                                         _034_ (net)
                      0.142440    0.000656    1.435846 ^ _207_/A2 (sg13g2_a21oi_1)
     2    0.010398    0.089605    0.130089    1.565935 v _207_/Y (sg13g2_a21oi_1)
                                                         _037_ (net)
                      0.089606    0.000493    1.566428 v _209_/A2 (sg13g2_o21ai_1)
     1    0.007013    0.109281    0.129047    1.695475 ^ _209_/Y (sg13g2_o21ai_1)
                                                         _038_ (net)
                      0.109281    0.000300    1.695775 ^ _211_/A (sg13g2_xnor2_1)
     1    0.001895    0.056495    0.110134    1.805909 ^ _211_/Y (sg13g2_xnor2_1)
                                                         DPATH.SUM.fa_6.S (net)
                      0.056495    0.000068    1.805978 ^ _299_/D (sg13g2_dfrbpq_1)
                                              1.805978   data arrival time

                                  5.000000    5.000000   clock clockone (rise edge)
                                  0.000000    5.000000   clock source latency
     1    0.016051    0.000000    0.000000    5.000000 ^ clk (in)
                                                         clk (net)
                      0.001947    0.000973    5.000974 ^ clkbuf_0_clk/A (sg13g2_buf_8)
     2    0.021047    0.022746    0.055353    5.056326 ^ clkbuf_0_clk/X (sg13g2_buf_8)
                                                         clknet_0_clk (net)
                      0.022763    0.001123    5.057449 ^ clkbuf_1_1__f_clk/A (sg13g2_buf_8)
     5    0.018992    0.022816    0.064760    5.122209 ^ clkbuf_1_1__f_clk/X (sg13g2_buf_8)
                                                         clknet_1_1__leaf_clk (net)
                      0.022822    0.000861    5.123070 ^ _299_/CLK (sg13g2_dfrbpq_1)
                                 -0.200000    4.923069   clock uncertainty
                                  0.000000    4.923069   clock reconvergence pessimism
                                 -0.124174    4.798895   library setup time
                                              4.798895   data required time
---------------------------------------------------------------------------------------------
                                              4.798895   data required time
                                             -1.805978   data arrival time
---------------------------------------------------------------------------------------------
                                              2.992918   slack (MET)


Startpoint: _295_ (rising edge-triggered flip-flop clocked by clockone)
Endpoint: _300_ (rising edge-triggered flip-flop clocked by clockone)
Path Group: clockone
Path Type: max

Fanout         Cap        Slew       Delay        Time   Description
---------------------------------------------------------------------------------------------
                                  0.000000    0.000000   clock clockone (rise edge)
                                  0.000000    0.000000   clock source latency
     1    0.016051    0.000000    0.000000    0.000000 ^ clk (in)
                                                         clk (net)
                      0.001947    0.000974    0.000974 ^ clkbuf_0_clk/A (sg13g2_buf_8)
     2    0.021047    0.022746    0.055353    0.056326 ^ clkbuf_0_clk/X (sg13g2_buf_8)
                                                         clknet_0_clk (net)
                      0.022763    0.001123    0.057449 ^ clkbuf_1_1__f_clk/A (sg13g2_buf_8)
     5    0.018992    0.022816    0.064760    0.122209 ^ clkbuf_1_1__f_clk/X (sg13g2_buf_8)
                                                         clknet_1_1__leaf_clk (net)
                      0.022819    0.000633    0.122842 ^ _295_/CLK (sg13g2_dfrbpq_1)
     1    0.002649    0.018874    0.160334    0.283176 v _295_/Q (sg13g2_dfrbpq_1)
                                                         DPATH.SUM.fa_2.A (net)
                      0.018874    0.000095    0.283271 v hold5/A (sg13g2_dlygate4sd3_1)
     1    0.009872    0.056863    0.389778    0.673049 v hold5/X (sg13g2_dlygate4sd3_1)
                                                         net42 (net)
                      0.056863    0.000436    0.673486 v fanout70/A (sg13g2_buf_8)
     8    0.049386    0.034082    0.096683    0.770169 v fanout70/X (sg13g2_buf_8)
                                                         net70 (net)
                      0.034291    0.001763    0.771932 v fanout69/A (sg13g2_buf_8)
     8    0.037832    0.029151    0.082798    0.854730 v fanout69/X (sg13g2_buf_8)
                                                         net69 (net)
                      0.029219    0.000922    0.855652 v _140_/B (sg13g2_nor2_2)
     5    0.027505    0.127108    0.114959    0.970610 ^ _140_/Y (sg13g2_nor2_2)
                                                         _109_ (net)
                      0.127188    0.002603    0.973213 ^ _144_/A (sg13g2_nand2_1)
     2    0.007803    0.071587    0.094808    1.068021 v _144_/Y (sg13g2_nand2_1)
                                                         _113_ (net)
                      0.071587    0.000272    1.068293 v _212_/B (sg13g2_nor2_1)
     2    0.008092    0.089498    0.095438    1.163731 ^ _212_/Y (sg13g2_nor2_1)
                                                         net26 (net)
                      0.089500    0.000315    1.164047 ^ _213_/C (sg13g2_nand3_1)
     2    0.011442    0.116366    0.145664    1.309711 v _213_/Y (sg13g2_nand3_1)
                                                         _040_ (net)
                      0.116412    0.000692    1.310403 v _214_/B (sg13g2_xnor2_1)
     1    0.002081    0.035776    0.113800    1.424203 v _214_/Y (sg13g2_xnor2_1)
                                                         CTRL.P1 (net)
                      0.035776    0.000080    1.424283 v hold2/A (sg13g2_dlygate4sd3_1)
     1    0.003316    0.037829    0.376464    1.800747 v hold2/X (sg13g2_dlygate4sd3_1)
                                                         net39 (net)
                      0.037829    0.000225    1.800972 v _300_/D (sg13g2_dfrbpq_1)
                                              1.800972   data arrival time

                                  5.000000    5.000000   clock clockone (rise edge)
                                  0.000000    5.000000   clock source latency
     1    0.016051    0.000000    0.000000    5.000000 ^ clk (in)
                                                         clk (net)
                      0.001947    0.000973    5.000974 ^ clkbuf_0_clk/A (sg13g2_buf_8)
     2    0.021047    0.022746    0.055353    5.056326 ^ clkbuf_0_clk/X (sg13g2_buf_8)
                                                         clknet_0_clk (net)
                      0.022753    0.000738    5.057064 ^ clkbuf_1_0__f_clk/A (sg13g2_buf_8)
     5    0.022943    0.024563    0.066166    5.123230 ^ clkbuf_1_0__f_clk/X (sg13g2_buf_8)
                                                         clknet_1_0__leaf_clk (net)
                      0.024580    0.001165    5.124395 ^ _300_/CLK (sg13g2_dfrbpq_1)
                                 -0.200000    4.924395   clock uncertainty
                                  0.000000    4.924395   clock reconvergence pessimism
                                 -0.117878    4.806517   library setup time
                                              4.806517   data required time
---------------------------------------------------------------------------------------------
                                              4.806517   data required time
                                             -1.800972   data arrival time
---------------------------------------------------------------------------------------------
                                              3.005545   slack (MET)


Startpoint: _301_ (rising edge-triggered flip-flop clocked by clockone)
Endpoint: _298_ (rising edge-triggered flip-flop clocked by clockone)
Path Group: clockone
Path Type: max

Fanout         Cap        Slew       Delay        Time   Description
---------------------------------------------------------------------------------------------
                                  0.000000    0.000000   clock clockone (rise edge)
                                  0.000000    0.000000   clock source latency
     1    0.016051    0.000000    0.000000    0.000000 ^ clk (in)
                                                         clk (net)
                      0.001947    0.000974    0.000974 ^ clkbuf_0_clk/A (sg13g2_buf_8)
     2    0.021047    0.022746    0.055353    0.056326 ^ clkbuf_0_clk/X (sg13g2_buf_8)
                                                         clknet_0_clk (net)
                      0.022753    0.000737    0.057064 ^ clkbuf_1_0__f_clk/A (sg13g2_buf_8)
     5    0.022943    0.024563    0.066166    0.123229 ^ clkbuf_1_0__f_clk/X (sg13g2_buf_8)
                                                         clknet_1_0__leaf_clk (net)
                      0.024580    0.001156    0.124385 ^ _301_/CLK (sg13g2_dfrbpq_1)
     1    0.003528    0.021026    0.163304    0.287689 v _301_/Q (sg13g2_dfrbpq_1)
                                                         CTRL.S0 (net)
                      0.021178    0.000216    0.287904 v hold3/A (sg13g2_dlygate4sd3_1)
     1    0.009597    0.055974    0.390103    0.678008 v hold3/X (sg13g2_dlygate4sd3_1)
                                                         net40 (net)
                      0.055974    0.000419    0.678426 v fanout53/A (sg13g2_buf_8)
     6    0.031176    0.027704    0.091166    0.769592 v fanout53/X (sg13g2_buf_8)
                                                         net53 (net)
                      0.027732    0.001489    0.771081 v fanout52/A (sg13g2_buf_8)
     8    0.040057    0.029656    0.080400    0.851482 v fanout52/X (sg13g2_buf_8)
                                                         net52 (net)
                      0.029843    0.001192    0.852674 v _191_/B (sg13g2_xnor2_1)
     2    0.010362    0.078066    0.114606    0.967280 v _191_/Y (sg13g2_xnor2_1)
                                                         _025_ (net)
                      0.078068    0.000328    0.967608 v _193_/A2 (sg13g2_o21ai_1)
     2    0.011949    0.151945    0.160003    1.127611 ^ _193_/Y (sg13g2_o21ai_1)
                                                         _026_ (net)
                      0.151950    0.000696    1.128307 ^ _197_/A1 (sg13g2_a21oi_1)
     2    0.011558    0.102726    0.138307    1.266614 v _197_/Y (sg13g2_a21oi_1)
                                                         _029_ (net)
                      0.102728    0.000689    1.267303 v _203_/A1 (sg13g2_o21ai_1)
     2    0.010910    0.142435    0.167886    1.435189 ^ _203_/Y (sg13g2_o21ai_1)
                                                         _034_ (net)
                      0.142440    0.000656    1.435846 ^ _207_/A2 (sg13g2_a21oi_1)
     2    0.010398    0.089605    0.130089    1.565935 v _207_/Y (sg13g2_a21oi_1)
                                                         _037_ (net)
                      0.089605    0.000339    1.566273 v _208_/B (sg13g2_xor2_1)
     1    0.002636    0.053610    0.113893    1.680166 v _208_/X (sg13g2_xor2_1)
                                                         DPATH.SUM.fa_5.S (net)
                      0.053611    0.000182    1.680348 v _298_/D (sg13g2_dfrbpq_2)
                                              1.680348   data arrival time

                                  5.000000    5.000000   clock clockone (rise edge)
                                  0.000000    5.000000   clock source latency
     1    0.016051    0.000000    0.000000    5.000000 ^ clk (in)
                                                         clk (net)
                      0.001947    0.000973    5.000974 ^ clkbuf_0_clk/A (sg13g2_buf_8)
     2    0.021047    0.022746    0.055353    5.056326 ^ clkbuf_0_clk/X (sg13g2_buf_8)
                                                         clknet_0_clk (net)
                      0.022763    0.001123    5.057449 ^ clkbuf_1_1__f_clk/A (sg13g2_buf_8)
     5    0.018992    0.022816    0.064760    5.122209 ^ clkbuf_1_1__f_clk/X (sg13g2_buf_8)
                                                         clknet_1_1__leaf_clk (net)
                      0.022818    0.000571    5.122780 ^ _298_/CLK (sg13g2_dfrbpq_2)
                                 -0.200000    4.922780   clock uncertainty
                                  0.000000    4.922780   clock reconvergence pessimism
                                 -0.124013    4.798767   library setup time
                                              4.798767   data required time
---------------------------------------------------------------------------------------------
                                              4.798767   data required time
                                             -1.680348   data arrival time
---------------------------------------------------------------------------------------------
                                              3.118419   slack (MET)


Startpoint: _301_ (rising edge-triggered flip-flop clocked by clockone)
Endpoint: _297_ (rising edge-triggered flip-flop clocked by clockone)
Path Group: clockone
Path Type: max

Fanout         Cap        Slew       Delay        Time   Description
---------------------------------------------------------------------------------------------
                                  0.000000    0.000000   clock clockone (rise edge)
                                  0.000000    0.000000   clock source latency
     1    0.016051    0.000000    0.000000    0.000000 ^ clk (in)
                                                         clk (net)
                      0.001947    0.000974    0.000974 ^ clkbuf_0_clk/A (sg13g2_buf_8)
     2    0.021047    0.022746    0.055353    0.056326 ^ clkbuf_0_clk/X (sg13g2_buf_8)
                                                         clknet_0_clk (net)
                      0.022753    0.000737    0.057064 ^ clkbuf_1_0__f_clk/A (sg13g2_buf_8)
     5    0.022943    0.024563    0.066166    0.123229 ^ clkbuf_1_0__f_clk/X (sg13g2_buf_8)
                                                         clknet_1_0__leaf_clk (net)
                      0.024580    0.001156    0.124385 ^ _301_/CLK (sg13g2_dfrbpq_1)
     1    0.003528    0.021026    0.163304    0.287689 v _301_/Q (sg13g2_dfrbpq_1)
                                                         CTRL.S0 (net)
                      0.021178    0.000216    0.287904 v hold3/A (sg13g2_dlygate4sd3_1)
     1    0.009597    0.055974    0.390103    0.678008 v hold3/X (sg13g2_dlygate4sd3_1)
                                                         net40 (net)
                      0.055974    0.000419    0.678426 v fanout53/A (sg13g2_buf_8)
     6    0.031176    0.027704    0.091166    0.769592 v fanout53/X (sg13g2_buf_8)
                                                         net53 (net)
                      0.027732    0.001489    0.771081 v fanout52/A (sg13g2_buf_8)
     8    0.040057    0.029656    0.080400    0.851482 v fanout52/X (sg13g2_buf_8)
                                                         net52 (net)
                      0.029843    0.001192    0.852674 v _191_/B (sg13g2_xnor2_1)
     2    0.010362    0.078066    0.114606    0.967280 v _191_/Y (sg13g2_xnor2_1)
                                                         _025_ (net)
                      0.078068    0.000328    0.967608 v _193_/A2 (sg13g2_o21ai_1)
     2    0.011949    0.151945    0.160003    1.127611 ^ _193_/Y (sg13g2_o21ai_1)
                                                         _026_ (net)
                      0.151950    0.000696    1.128307 ^ _197_/A1 (sg13g2_a21oi_1)
     2    0.011558    0.102726    0.138307    1.266614 v _197_/Y (sg13g2_a21oi_1)
                                                         _029_ (net)
                      0.102728    0.000689    1.267303 v _203_/A1 (sg13g2_o21ai_1)
     2    0.010910    0.142435    0.167886    1.435189 ^ _203_/Y (sg13g2_o21ai_1)
                                                         _034_ (net)
                      0.142441    0.000700    1.435890 ^ _204_/B (sg13g2_xor2_1)
     1    0.002377    0.054635    0.126796    1.562685 ^ _204_/X (sg13g2_xor2_1)
                                                         DPATH.SUM.fa_4.S (net)
                      0.054635    0.000156    1.562841 ^ _297_/D (sg13g2_dfrbpq_1)
                                              1.562841   data arrival time

                                  5.000000    5.000000   clock clockone (rise edge)
                                  0.000000    5.000000   clock source latency
     1    0.016051    0.000000    0.000000    5.000000 ^ clk (in)
                                                         clk (net)
                      0.001947    0.000973    5.000974 ^ clkbuf_0_clk/A (sg13g2_buf_8)
     2    0.021047    0.022746    0.055353    5.056326 ^ clkbuf_0_clk/X (sg13g2_buf_8)
                                                         clknet_0_clk (net)
                      0.022763    0.001123    5.057449 ^ clkbuf_1_1__f_clk/A (sg13g2_buf_8)
     5    0.018992    0.022816    0.064760    5.122209 ^ clkbuf_1_1__f_clk/X (sg13g2_buf_8)
                                                         clknet_1_1__leaf_clk (net)
                      0.022818    0.000527    5.122736 ^ _297_/CLK (sg13g2_dfrbpq_1)
                                 -0.200000    4.922736   clock uncertainty
                                  0.000000    4.922736   clock reconvergence pessimism
                                 -0.123571    4.799165   library setup time
                                              4.799165   data required time
---------------------------------------------------------------------------------------------
                                              4.799165   data required time
                                             -1.562841   data arrival time
---------------------------------------------------------------------------------------------
                                              3.236323   slack (MET)


Startpoint: _295_ (rising edge-triggered flip-flop clocked by clockone)
Endpoint: _301_ (rising edge-triggered flip-flop clocked by clockone)
Path Group: clockone
Path Type: max

Fanout         Cap        Slew       Delay        Time   Description
---------------------------------------------------------------------------------------------
                                  0.000000    0.000000   clock clockone (rise edge)
                                  0.000000    0.000000   clock source latency
     1    0.016051    0.000000    0.000000    0.000000 ^ clk (in)
                                                         clk (net)
                      0.001947    0.000974    0.000974 ^ clkbuf_0_clk/A (sg13g2_buf_8)
     2    0.021047    0.022746    0.055353    0.056326 ^ clkbuf_0_clk/X (sg13g2_buf_8)
                                                         clknet_0_clk (net)
                      0.022763    0.001123    0.057449 ^ clkbuf_1_1__f_clk/A (sg13g2_buf_8)
     5    0.018992    0.022816    0.064760    0.122209 ^ clkbuf_1_1__f_clk/X (sg13g2_buf_8)
                                                         clknet_1_1__leaf_clk (net)
                      0.022819    0.000633    0.122842 ^ _295_/CLK (sg13g2_dfrbpq_1)
     1    0.002649    0.018874    0.160334    0.283176 v _295_/Q (sg13g2_dfrbpq_1)
                                                         DPATH.SUM.fa_2.A (net)
                      0.018874    0.000095    0.283271 v hold5/A (sg13g2_dlygate4sd3_1)
     1    0.009872    0.056863    0.389778    0.673049 v hold5/X (sg13g2_dlygate4sd3_1)
                                                         net42 (net)
                      0.056863    0.000436    0.673486 v fanout70/A (sg13g2_buf_8)
     8    0.049386    0.034082    0.096683    0.770169 v fanout70/X (sg13g2_buf_8)
                                                         net70 (net)
                      0.034291    0.001763    0.771932 v fanout69/A (sg13g2_buf_8)
     8    0.037832    0.029151    0.082798    0.854730 v fanout69/X (sg13g2_buf_8)
                                                         net69 (net)
                      0.029219    0.000922    0.855652 v _140_/B (sg13g2_nor2_2)
     5    0.027505    0.127108    0.114959    0.970610 ^ _140_/Y (sg13g2_nor2_2)
                                                         _109_ (net)
                      0.127188    0.002603    0.973213 ^ _144_/A (sg13g2_nand2_1)
     2    0.007803    0.071587    0.094808    1.068021 v _144_/Y (sg13g2_nand2_1)
                                                         _113_ (net)
                      0.071587    0.000272    1.068293 v _212_/B (sg13g2_nor2_1)
     2    0.008092    0.089498    0.095438    1.163731 ^ _212_/Y (sg13g2_nor2_1)
                                                         net26 (net)
                      0.089500    0.000315    1.164047 ^ _213_/C (sg13g2_nand3_1)
     2    0.011442    0.116366    0.145664    1.309711 v _213_/Y (sg13g2_nand3_1)
                                                         _040_ (net)
                      0.116408    0.000407    1.310118 v _218_/B1 (sg13g2_o21ai_1)
     1    0.003624    0.072984    0.065263    1.375381 ^ _218_/Y (sg13g2_o21ai_1)
                                                         _044_ (net)
                      0.072984    0.000144    1.375525 ^ _219_/A (sg13g2_inv_1)
     1    0.003359    0.026720    0.041036    1.416561 v _219_/Y (sg13g2_inv_1)
                                                         CTRL.P0 (net)
                      0.026720    0.000227    1.416788 v _301_/D (sg13g2_dfrbpq_1)
                                              1.416788   data arrival time

                                  5.000000    5.000000   clock clockone (rise edge)
                                  0.000000    5.000000   clock source latency
     1    0.016051    0.000000    0.000000    5.000000 ^ clk (in)
                                                         clk (net)
                      0.001947    0.000973    5.000974 ^ clkbuf_0_clk/A (sg13g2_buf_8)
     2    0.021047    0.022746    0.055353    5.056326 ^ clkbuf_0_clk/X (sg13g2_buf_8)
                                                         clknet_0_clk (net)
                      0.022753    0.000738    5.057064 ^ clkbuf_1_0__f_clk/A (sg13g2_buf_8)
     5    0.022943    0.024563    0.066166    5.123230 ^ clkbuf_1_0__f_clk/X (sg13g2_buf_8)
                                                         clknet_1_0__leaf_clk (net)
                      0.024580    0.001156    5.124385 ^ _301_/CLK (sg13g2_dfrbpq_1)
                                 -0.200000    4.924385   clock uncertainty
                                  0.000000    4.924385   clock reconvergence pessimism
                                 -0.113876    4.810509   library setup time
                                              4.810509   data required time
---------------------------------------------------------------------------------------------
                                              4.810509   data required time
                                             -1.416788   data arrival time
---------------------------------------------------------------------------------------------
                                              3.393721   slack (MET)


Startpoint: _301_ (rising edge-triggered flip-flop clocked by clockone)
Endpoint: _296_ (rising edge-triggered flip-flop clocked by clockone)
Path Group: clockone
Path Type: max

Fanout         Cap        Slew       Delay        Time   Description
---------------------------------------------------------------------------------------------
                                  0.000000    0.000000   clock clockone (rise edge)
                                  0.000000    0.000000   clock source latency
     1    0.016051    0.000000    0.000000    0.000000 ^ clk (in)
                                                         clk (net)
                      0.001947    0.000974    0.000974 ^ clkbuf_0_clk/A (sg13g2_buf_8)
     2    0.021047    0.022746    0.055353    0.056326 ^ clkbuf_0_clk/X (sg13g2_buf_8)
                                                         clknet_0_clk (net)
                      0.022753    0.000737    0.057064 ^ clkbuf_1_0__f_clk/A (sg13g2_buf_8)
     5    0.022943    0.024563    0.066166    0.123229 ^ clkbuf_1_0__f_clk/X (sg13g2_buf_8)
                                                         clknet_1_0__leaf_clk (net)
                      0.024580    0.001156    0.124385 ^ _301_/CLK (sg13g2_dfrbpq_1)
     1    0.003528    0.021026    0.163304    0.287689 v _301_/Q (sg13g2_dfrbpq_1)
                                                         CTRL.S0 (net)
                      0.021178    0.000216    0.287904 v hold3/A (sg13g2_dlygate4sd3_1)
     1    0.009597    0.055974    0.390103    0.678008 v hold3/X (sg13g2_dlygate4sd3_1)
                                                         net40 (net)
                      0.055974    0.000419    0.678426 v fanout53/A (sg13g2_buf_8)
     6    0.031176    0.027704    0.091166    0.769592 v fanout53/X (sg13g2_buf_8)
                                                         net53 (net)
                      0.027732    0.001489    0.771081 v fanout52/A (sg13g2_buf_8)
     8    0.040057    0.029656    0.080400    0.851482 v fanout52/X (sg13g2_buf_8)
                                                         net52 (net)
                      0.029843    0.001192    0.852674 v _191_/B (sg13g2_xnor2_1)
     2    0.010362    0.078066    0.114606    0.967280 v _191_/Y (sg13g2_xnor2_1)
                                                         _025_ (net)
                      0.078068    0.000328    0.967608 v _193_/A2 (sg13g2_o21ai_1)
     2    0.011949    0.151945    0.160003    1.127611 ^ _193_/Y (sg13g2_o21ai_1)
                                                         _026_ (net)
                      0.151950    0.000696    1.128307 ^ _197_/A1 (sg13g2_a21oi_1)
     2    0.011558    0.102726    0.138307    1.266614 v _197_/Y (sg13g2_a21oi_1)
                                                         _029_ (net)
                      0.102729    0.000754    1.267368 v _200_/A (sg13g2_xor2_1)
     1    0.002809    0.054225    0.123156    1.390524 v _200_/X (sg13g2_xor2_1)
                                                         DPATH.SUM.fa_3.S (net)
                      0.054225    0.000176    1.390700 v _296_/D (sg13g2_dfrbpq_1)
                                              1.390700   data arrival time

                                  5.000000    5.000000   clock clockone (rise edge)
                                  0.000000    5.000000   clock source latency
     1    0.016051    0.000000    0.000000    5.000000 ^ clk (in)
                                                         clk (net)
                      0.001947    0.000973    5.000974 ^ clkbuf_0_clk/A (sg13g2_buf_8)
     2    0.021047    0.022746    0.055353    5.056326 ^ clkbuf_0_clk/X (sg13g2_buf_8)
                                                         clknet_0_clk (net)
                      0.022753    0.000738    5.057064 ^ clkbuf_1_0__f_clk/A (sg13g2_buf_8)
     5    0.022943    0.024563    0.066166    5.123230 ^ clkbuf_1_0__f_clk/X (sg13g2_buf_8)
                                                         clknet_1_0__leaf_clk (net)
                      0.024580    0.001149    5.124378 ^ _296_/CLK (sg13g2_dfrbpq_1)
                                 -0.200000    4.924378   clock uncertainty
                                  0.000000    4.924378   clock reconvergence pessimism
                                 -0.123786    4.800593   library setup time
                                              4.800593   data required time
---------------------------------------------------------------------------------------------
                                              4.800593   data required time
                                             -1.390700   data arrival time
---------------------------------------------------------------------------------------------
                                              3.409893   slack (MET)


Startpoint: _301_ (rising edge-triggered flip-flop clocked by clockone)
Endpoint: _295_ (rising edge-triggered flip-flop clocked by clockone)
Path Group: clockone
Path Type: max

Fanout         Cap        Slew       Delay        Time   Description
---------------------------------------------------------------------------------------------
                                  0.000000    0.000000   clock clockone (rise edge)
                                  0.000000    0.000000   clock source latency
     1    0.016051    0.000000    0.000000    0.000000 ^ clk (in)
                                                         clk (net)
                      0.001947    0.000974    0.000974 ^ clkbuf_0_clk/A (sg13g2_buf_8)
     2    0.021047    0.022746    0.055353    0.056326 ^ clkbuf_0_clk/X (sg13g2_buf_8)
                                                         clknet_0_clk (net)
                      0.022753    0.000737    0.057064 ^ clkbuf_1_0__f_clk/A (sg13g2_buf_8)
     5    0.022943    0.024563    0.066166    0.123229 ^ clkbuf_1_0__f_clk/X (sg13g2_buf_8)
                                                         clknet_1_0__leaf_clk (net)
                      0.024580    0.001156    0.124385 ^ _301_/CLK (sg13g2_dfrbpq_1)
     1    0.003528    0.021026    0.163304    0.287689 v _301_/Q (sg13g2_dfrbpq_1)
                                                         CTRL.S0 (net)
                      0.021178    0.000216    0.287904 v hold3/A (sg13g2_dlygate4sd3_1)
     1    0.009597    0.055974    0.390103    0.678008 v hold3/X (sg13g2_dlygate4sd3_1)
                                                         net40 (net)
                      0.055974    0.000419    0.678426 v fanout53/A (sg13g2_buf_8)
     6    0.031176    0.027704    0.091166    0.769592 v fanout53/X (sg13g2_buf_8)
                                                         net53 (net)
                      0.027732    0.001489    0.771081 v fanout52/A (sg13g2_buf_8)
     8    0.040057    0.029656    0.080400    0.851482 v fanout52/X (sg13g2_buf_8)
                                                         net52 (net)
                      0.029843    0.001192    0.852674 v _191_/B (sg13g2_xnor2_1)
     2    0.010362    0.078066    0.114606    0.967280 v _191_/Y (sg13g2_xnor2_1)
                                                         _025_ (net)
                      0.078068    0.000328    0.967608 v _193_/A2 (sg13g2_o21ai_1)
     2    0.011949    0.151945    0.160003    1.127611 ^ _193_/Y (sg13g2_o21ai_1)
                                                         _026_ (net)
                      0.151952    0.000802    1.128413 ^ _196_/A (sg13g2_xor2_1)
     1    0.003648    0.067860    0.142140    1.270553 ^ _196_/X (sg13g2_xor2_1)
                                                         DPATH.SUM.fa_2.S (net)
                      0.067860    0.000231    1.270784 ^ _295_/D (sg13g2_dfrbpq_1)
                                              1.270784   data arrival time

                                  5.000000    5.000000   clock clockone (rise edge)
                                  0.000000    5.000000   clock source latency
     1    0.016051    0.000000    0.000000    5.000000 ^ clk (in)
                                                         clk (net)
                      0.001947    0.000973    5.000974 ^ clkbuf_0_clk/A (sg13g2_buf_8)
     2    0.021047    0.022746    0.055353    5.056326 ^ clkbuf_0_clk/X (sg13g2_buf_8)
                                                         clknet_0_clk (net)
                      0.022763    0.001123    5.057449 ^ clkbuf_1_1__f_clk/A (sg13g2_buf_8)
     5    0.018992    0.022816    0.064760    5.122209 ^ clkbuf_1_1__f_clk/X (sg13g2_buf_8)
                                                         clknet_1_1__leaf_clk (net)
                      0.022819    0.000633    5.122842 ^ _295_/CLK (sg13g2_dfrbpq_1)
                                 -0.200000    4.922842   clock uncertainty
                                  0.000000    4.922842   clock reconvergence pessimism
                                 -0.127867    4.794975   library setup time
                                              4.794975   data required time
---------------------------------------------------------------------------------------------
                                              4.794975   data required time
                                             -1.270784   data arrival time
---------------------------------------------------------------------------------------------
                                              3.524191   slack (MET)


Startpoint: _301_ (rising edge-triggered flip-flop clocked by clockone)
Endpoint: _294_ (rising edge-triggered flip-flop clocked by clockone)
Path Group: clockone
Path Type: max

Fanout         Cap        Slew       Delay        Time   Description
---------------------------------------------------------------------------------------------
                                  0.000000    0.000000   clock clockone (rise edge)
                                  0.000000    0.000000   clock source latency
     1    0.016051    0.000000    0.000000    0.000000 ^ clk (in)
                                                         clk (net)
                      0.001947    0.000974    0.000974 ^ clkbuf_0_clk/A (sg13g2_buf_8)
     2    0.021047    0.022746    0.055353    0.056326 ^ clkbuf_0_clk/X (sg13g2_buf_8)
                                                         clknet_0_clk (net)
                      0.022753    0.000737    0.057064 ^ clkbuf_1_0__f_clk/A (sg13g2_buf_8)
     5    0.022943    0.024563    0.066166    0.123229 ^ clkbuf_1_0__f_clk/X (sg13g2_buf_8)
                                                         clknet_1_0__leaf_clk (net)
                      0.024580    0.001156    0.124385 ^ _301_/CLK (sg13g2_dfrbpq_1)
     1    0.003528    0.021026    0.163304    0.287689 v _301_/Q (sg13g2_dfrbpq_1)
                                                         CTRL.S0 (net)
                      0.021178    0.000216    0.287904 v hold3/A (sg13g2_dlygate4sd3_1)
     1    0.009597    0.055974    0.390103    0.678008 v hold3/X (sg13g2_dlygate4sd3_1)
                                                         net40 (net)
                      0.055974    0.000419    0.678426 v fanout53/A (sg13g2_buf_8)
     6    0.031176    0.027704    0.091166    0.769592 v fanout53/X (sg13g2_buf_8)
                                                         net53 (net)
                      0.027732    0.001489    0.771081 v fanout52/A (sg13g2_buf_8)
     8    0.040057    0.029656    0.080400    0.851482 v fanout52/X (sg13g2_buf_8)
                                                         net52 (net)
                      0.029843    0.001192    0.852674 v _191_/B (sg13g2_xnor2_1)
     2    0.010778    0.115393    0.109538    0.962212 ^ _191_/Y (sg13g2_xnor2_1)
                                                         _025_ (net)
                      0.115398    0.000622    0.962835 ^ _192_/B (sg13g2_xnor2_1)
     1    0.003727    0.075144    0.113813    1.076648 ^ _192_/Y (sg13g2_xnor2_1)
                                                         DPATH.SUM.fa_1.S (net)
                      0.075144    0.000235    1.076883 ^ _294_/D (sg13g2_dfrbpq_1)
                                              1.076883   data arrival time

                                  5.000000    5.000000   clock clockone (rise edge)
                                  0.000000    5.000000   clock source latency
     1    0.016051    0.000000    0.000000    5.000000 ^ clk (in)
                                                         clk (net)
                      0.001947    0.000973    5.000974 ^ clkbuf_0_clk/A (sg13g2_buf_8)
     2    0.021047    0.022746    0.055353    5.056326 ^ clkbuf_0_clk/X (sg13g2_buf_8)
                                                         clknet_0_clk (net)
                      0.022753    0.000738    5.057064 ^ clkbuf_1_0__f_clk/A (sg13g2_buf_8)
     5    0.022943    0.024563    0.066166    5.123230 ^ clkbuf_1_0__f_clk/X (sg13g2_buf_8)
                                                         clknet_1_0__leaf_clk (net)
                      0.024580    0.001148    5.124377 ^ _294_/CLK (sg13g2_dfrbpq_1)
                                 -0.200000    4.924377   clock uncertainty
                                  0.000000    4.924377   clock reconvergence pessimism
                                 -0.129970    4.794407   library setup time
                                              4.794407   data required time
---------------------------------------------------------------------------------------------
                                              4.794407   data required time
                                             -1.076883   data arrival time
---------------------------------------------------------------------------------------------
                                              3.717524   slack (MET)


Startpoint: _293_ (rising edge-triggered flip-flop clocked by clockone)
Endpoint: _293_ (rising edge-triggered flip-flop clocked by clockone)
Path Group: clockone
Path Type: max

Fanout         Cap        Slew       Delay        Time   Description
---------------------------------------------------------------------------------------------
                                  0.000000    0.000000   clock clockone (rise edge)
                                  0.000000    0.000000   clock source latency
     1    0.016051    0.000000    0.000000    0.000000 ^ clk (in)
                                                         clk (net)
                      0.001947    0.000974    0.000974 ^ clkbuf_0_clk/A (sg13g2_buf_8)
     2    0.021047    0.022746    0.055353    0.056326 ^ clkbuf_0_clk/X (sg13g2_buf_8)
                                                         clknet_0_clk (net)
                      0.022753    0.000737    0.057064 ^ clkbuf_1_0__f_clk/A (sg13g2_buf_8)
     5    0.022943    0.024563    0.066166    0.123229 ^ clkbuf_1_0__f_clk/X (sg13g2_buf_8)
                                                         clknet_1_0__leaf_clk (net)
                      0.024565    0.000632    0.123861 ^ _293_/CLK (sg13g2_dfrbpq_1)
     1    0.002664    0.018917    0.161214    0.285076 v _293_/Q (sg13g2_dfrbpq_1)
                                                         DPATH.SUM.Cout0 (net)
                      0.018917    0.000096    0.285172 v hold4/A (sg13g2_dlygate4sd3_1)
     1    0.009696    0.056296    0.389191    0.674362 v hold4/X (sg13g2_dlygate4sd3_1)
                                                         net41 (net)
                      0.056296    0.000429    0.674791 v fanout74/A (sg13g2_buf_8)
     7    0.035185    0.028989    0.092093    0.766884 v fanout74/X (sg13g2_buf_8)
                                                         net74 (net)
                      0.029272    0.002437    0.769322 v fanout73/A (sg13g2_buf_8)
     8    0.041311    0.030215    0.081255    0.850577 v fanout73/X (sg13g2_buf_8)
                                                         net73 (net)
                      0.030339    0.001202    0.851779 v _128_/A (sg13g2_inv_2)
     5    0.017485    0.043299    0.045325    0.897104 ^ _128_/Y (sg13g2_inv_2)
                                                         DPATH.SUM.ha_0.S (net)
                      0.043306    0.000432    0.897536 ^ _293_/D (sg13g2_dfrbpq_1)
                                              0.897536   data arrival time

                                  5.000000    5.000000   clock clockone (rise edge)
                                  0.000000    5.000000   clock source latency
     1    0.016051    0.000000    0.000000    5.000000 ^ clk (in)
                                                         clk (net)
                      0.001947    0.000973    5.000974 ^ clkbuf_0_clk/A (sg13g2_buf_8)
     2    0.021047    0.022746    0.055353    5.056326 ^ clkbuf_0_clk/X (sg13g2_buf_8)
                                                         clknet_0_clk (net)
                      0.022753    0.000738    5.057064 ^ clkbuf_1_0__f_clk/A (sg13g2_buf_8)
     5    0.022943    0.024563    0.066166    5.123230 ^ clkbuf_1_0__f_clk/X (sg13g2_buf_8)
                                                         clknet_1_0__leaf_clk (net)
                      0.024565    0.000632    5.123861 ^ _293_/CLK (sg13g2_dfrbpq_1)
                                 -0.200000    4.923862   clock uncertainty
                                  0.000000    4.923862   clock reconvergence pessimism
                                 -0.119635    4.804227   library setup time
                                              4.804227   data required time
---------------------------------------------------------------------------------------------
                                              4.804227   data required time
                                             -0.897536   data arrival time
---------------------------------------------------------------------------------------------
                                              3.906691   slack (MET)



