
===========================================================================
report_checks -path_delay min (Hold)
============================================================================
======================= nom_typ_1p20V_25C Corner ===================================

Startpoint: _297_ (rising edge-triggered flip-flop clocked by clockone)
Endpoint: _297_ (rising edge-triggered flip-flop clocked by clockone)
Path Group: clockone
Path Type: min

Fanout         Cap        Slew       Delay        Time   Description
---------------------------------------------------------------------------------------------
                                  0.000000    0.000000   clock clockone (rise edge)
                                  0.000000    0.000000   clock source latency
     1    0.016051    0.000000    0.000000    0.000000 ^ clk (in)
                                                         clk (net)
                      0.001947    0.000974    0.000974 ^ clkbuf_0_clk/A (sg13g2_buf_8)
     2    0.021047    0.022746    0.055353    0.056326 ^ clkbuf_0_clk/X (sg13g2_buf_8)
                                                         clknet_0_clk (net)
                      0.022763    0.001123    0.057449 ^ clkbuf_1_1__f_clk/A (sg13g2_buf_8)
     5    0.018992    0.022816    0.064760    0.122209 ^ clkbuf_1_1__f_clk/X (sg13g2_buf_8)
                                                         clknet_1_1__leaf_clk (net)
                      0.022818    0.000527    0.122736 ^ _297_/CLK (sg13g2_dfrbpq_1)
     2    0.006103    0.028082    0.168721    0.291457 v _297_/Q (sg13g2_dfrbpq_1)
                                                         DPATH.SUM.fa_4.A (net)
                      0.028082    0.000201    0.291658 v fanout64/A (sg13g2_buf_2)
     4    0.029729    0.058193    0.102121    0.393779 v fanout64/X (sg13g2_buf_2)
                                                         net64 (net)
                      0.058392    0.002652    0.396431 v _202_/A (sg13g2_xor2_1)
     2    0.010587    0.048280    0.101219    0.497650 v _202_/X (sg13g2_xor2_1)
                                                         _033_ (net)
                      0.048282    0.000363    0.498013 v _204_/A (sg13g2_xor2_1)
     1    0.002398    0.026012    0.061388    0.559402 v _204_/X (sg13g2_xor2_1)
                                                         DPATH.SUM.fa_4.S (net)
                      0.026012    0.000158    0.559559 v _297_/D (sg13g2_dfrbpq_1)
                                              0.559559   data arrival time

                                  0.000000    0.000000   clock clockone (rise edge)
                                  0.000000    0.000000   clock source latency
     1    0.016051    0.000000    0.000000    0.000000 ^ clk (in)
                                                         clk (net)
                      0.001947    0.000974    0.000974 ^ clkbuf_0_clk/A (sg13g2_buf_8)
     2    0.021047    0.022746    0.055353    0.056326 ^ clkbuf_0_clk/X (sg13g2_buf_8)
                                                         clknet_0_clk (net)
                      0.022763    0.001123    0.057449 ^ clkbuf_1_1__f_clk/A (sg13g2_buf_8)
     5    0.018992    0.022816    0.064760    0.122209 ^ clkbuf_1_1__f_clk/X (sg13g2_buf_8)
                                                         clknet_1_1__leaf_clk (net)
                      0.022818    0.000527    0.122736 ^ _297_/CLK (sg13g2_dfrbpq_1)
                                  0.200000    0.322736   clock uncertainty
                                  0.000000    0.322736   clock reconvergence pessimism
                                 -0.035702    0.287034   library hold time
                                              0.287034   data required time
---------------------------------------------------------------------------------------------
                                              0.287034   data required time
                                             -0.559559   data arrival time
---------------------------------------------------------------------------------------------
                                              0.272525   slack (MET)


Startpoint: _296_ (rising edge-triggered flip-flop clocked by clockone)
Endpoint: _296_ (rising edge-triggered flip-flop clocked by clockone)
Path Group: clockone
Path Type: min

Fanout         Cap        Slew       Delay        Time   Description
---------------------------------------------------------------------------------------------
                                  0.000000    0.000000   clock clockone (rise edge)
                                  0.000000    0.000000   clock source latency
     1    0.016051    0.000000    0.000000    0.000000 ^ clk (in)
                                                         clk (net)
                      0.001947    0.000974    0.000974 ^ clkbuf_0_clk/A (sg13g2_buf_8)
     2    0.021047    0.022746    0.055353    0.056326 ^ clkbuf_0_clk/X (sg13g2_buf_8)
                                                         clknet_0_clk (net)
                      0.022753    0.000737    0.057064 ^ clkbuf_1_0__f_clk/A (sg13g2_buf_8)
     5    0.022943    0.024563    0.066166    0.123229 ^ clkbuf_1_0__f_clk/X (sg13g2_buf_8)
                                                         clknet_1_0__leaf_clk (net)
                      0.024580    0.001149    0.124378 ^ _296_/CLK (sg13g2_dfrbpq_1)
     2    0.012944    0.048133    0.185904    0.310282 v _296_/Q (sg13g2_dfrbpq_1)
                                                         DPATH.SUM.fa_3.A (net)
                      0.048152    0.000904    0.311186 v fanout67/A (sg13g2_buf_8)
     8    0.038587    0.029845    0.088855    0.400041 v fanout67/X (sg13g2_buf_8)
                                                         net67 (net)
                      0.031141    0.004777    0.404818 v _199_/A (sg13g2_xnor2_1)
     2    0.010194    0.070514    0.092455    0.497272 v _199_/Y (sg13g2_xnor2_1)
                                                         _031_ (net)
                      0.070521    0.000578    0.497851 v _200_/B (sg13g2_xor2_1)
     1    0.002809    0.027037    0.066925    0.564776 v _200_/X (sg13g2_xor2_1)
                                                         DPATH.SUM.fa_3.S (net)
                      0.027037    0.000176    0.564952 v _296_/D (sg13g2_dfrbpq_1)
                                              0.564952   data arrival time

                                  0.000000    0.000000   clock clockone (rise edge)
                                  0.000000    0.000000   clock source latency
     1    0.016051    0.000000    0.000000    0.000000 ^ clk (in)
                                                         clk (net)
                      0.001947    0.000974    0.000974 ^ clkbuf_0_clk/A (sg13g2_buf_8)
     2    0.021047    0.022746    0.055353    0.056326 ^ clkbuf_0_clk/X (sg13g2_buf_8)
                                                         clknet_0_clk (net)
                      0.022753    0.000737    0.057064 ^ clkbuf_1_0__f_clk/A (sg13g2_buf_8)
     5    0.022943    0.024563    0.066166    0.123229 ^ clkbuf_1_0__f_clk/X (sg13g2_buf_8)
                                                         clknet_1_0__leaf_clk (net)
                      0.024580    0.001149    0.124378 ^ _296_/CLK (sg13g2_dfrbpq_1)
                                  0.200000    0.324378   clock uncertainty
                                  0.000000    0.324378   clock reconvergence pessimism
                                 -0.035659    0.288719   library hold time
                                              0.288719   data required time
---------------------------------------------------------------------------------------------
                                              0.288719   data required time
                                             -0.564952   data arrival time
---------------------------------------------------------------------------------------------
                                              0.276233   slack (MET)


Startpoint: _298_ (rising edge-triggered flip-flop clocked by clockone)
Endpoint: _299_ (rising edge-triggered flip-flop clocked by clockone)
Path Group: clockone
Path Type: min

Fanout         Cap        Slew       Delay        Time   Description
---------------------------------------------------------------------------------------------
                                  0.000000    0.000000   clock clockone (rise edge)
                                  0.000000    0.000000   clock source latency
     1    0.016051    0.000000    0.000000    0.000000 ^ clk (in)
                                                         clk (net)
                      0.001947    0.000974    0.000974 ^ clkbuf_0_clk/A (sg13g2_buf_8)
     2    0.021047    0.022746    0.055353    0.056326 ^ clkbuf_0_clk/X (sg13g2_buf_8)
                                                         clknet_0_clk (net)
                      0.022763    0.001123    0.057449 ^ clkbuf_1_1__f_clk/A (sg13g2_buf_8)
     5    0.018992    0.022816    0.064760    0.122209 ^ clkbuf_1_1__f_clk/X (sg13g2_buf_8)
                                                         clknet_1_1__leaf_clk (net)
                      0.022818    0.000571    0.122780 ^ _298_/CLK (sg13g2_dfrbpq_2)
     3    0.023721    0.049300    0.198584    0.321364 v _298_/Q (sg13g2_dfrbpq_2)
                                                         DPATH.SUM.fa_5.A (net)
                      0.049374    0.001694    0.323058 v fanout59/A (sg13g2_buf_8)
     6    0.035632    0.028901    0.088912    0.411970 v fanout59/X (sg13g2_buf_8)
                                                         net59 (net)
                      0.029218    0.002498    0.414468 v _205_/A (sg13g2_nand2_1)
     1    0.005065    0.031468    0.037673    0.452141 ^ _205_/Y (sg13g2_nand2_1)
                                                         _035_ (net)
                      0.031469    0.000209    0.452350 ^ _209_/B1 (sg13g2_o21ai_1)
     1    0.006947    0.052465    0.059820    0.512171 v _209_/Y (sg13g2_o21ai_1)
                                                         _038_ (net)
                      0.052467    0.000296    0.512467 v _211_/A (sg13g2_xnor2_1)
     1    0.001915    0.027541    0.064935    0.577402 v _211_/Y (sg13g2_xnor2_1)
                                                         DPATH.SUM.fa_6.S (net)
                      0.027541    0.000069    0.577471 v _299_/D (sg13g2_dfrbpq_1)
                                              0.577471   data arrival time

                                  0.000000    0.000000   clock clockone (rise edge)
                                  0.000000    0.000000   clock source latency
     1    0.016051    0.000000    0.000000    0.000000 ^ clk (in)
                                                         clk (net)
                      0.001947    0.000974    0.000974 ^ clkbuf_0_clk/A (sg13g2_buf_8)
     2    0.021047    0.022746    0.055353    0.056326 ^ clkbuf_0_clk/X (sg13g2_buf_8)
                                                         clknet_0_clk (net)
                      0.022763    0.001123    0.057449 ^ clkbuf_1_1__f_clk/A (sg13g2_buf_8)
     5    0.018992    0.022816    0.064760    0.122209 ^ clkbuf_1_1__f_clk/X (sg13g2_buf_8)
                                                         clknet_1_1__leaf_clk (net)
                      0.022822    0.000860    0.123069 ^ _299_/CLK (sg13g2_dfrbpq_1)
                                  0.200000    0.323069   clock uncertainty
                                  0.000000    0.323069   clock reconvergence pessimism
                                 -0.036185    0.286884   library hold time
                                              0.286884   data required time
---------------------------------------------------------------------------------------------
                                              0.286884   data required time
                                             -0.577471   data arrival time
---------------------------------------------------------------------------------------------
                                              0.290587   slack (MET)


Startpoint: _298_ (rising edge-triggered flip-flop clocked by clockone)
Endpoint: _298_ (rising edge-triggered flip-flop clocked by clockone)
Path Group: clockone
Path Type: min

Fanout         Cap        Slew       Delay        Time   Description
---------------------------------------------------------------------------------------------
                                  0.000000    0.000000   clock clockone (rise edge)
                                  0.000000    0.000000   clock source latency
     1    0.016051    0.000000    0.000000    0.000000 ^ clk (in)
                                                         clk (net)
                      0.001947    0.000974    0.000974 ^ clkbuf_0_clk/A (sg13g2_buf_8)
     2    0.021047    0.022746    0.055353    0.056326 ^ clkbuf_0_clk/X (sg13g2_buf_8)
                                                         clknet_0_clk (net)
                      0.022763    0.001123    0.057449 ^ clkbuf_1_1__f_clk/A (sg13g2_buf_8)
     5    0.018992    0.022816    0.064760    0.122209 ^ clkbuf_1_1__f_clk/X (sg13g2_buf_8)
                                                         clknet_1_1__leaf_clk (net)
                      0.022818    0.000571    0.122780 ^ _298_/CLK (sg13g2_dfrbpq_2)
     3    0.023721    0.049300    0.198584    0.321364 v _298_/Q (sg13g2_dfrbpq_2)
                                                         DPATH.SUM.fa_5.A (net)
                      0.049374    0.001694    0.323058 v fanout59/A (sg13g2_buf_8)
     6    0.035632    0.028901    0.088912    0.411970 v fanout59/X (sg13g2_buf_8)
                                                         net59 (net)
                      0.029135    0.002121    0.414090 v _206_/A (sg13g2_xnor2_1)
     2    0.011149    0.075674    0.095543    0.509634 v _206_/Y (sg13g2_xnor2_1)
                                                         _036_ (net)
                      0.075687    0.000827    0.510460 v _208_/A (sg13g2_xor2_1)
     1    0.002636    0.026777    0.072844    0.583304 v _208_/X (sg13g2_xor2_1)
                                                         DPATH.SUM.fa_5.S (net)
                      0.026778    0.000182    0.583486 v _298_/D (sg13g2_dfrbpq_2)
                                              0.583486   data arrival time

                                  0.000000    0.000000   clock clockone (rise edge)
                                  0.000000    0.000000   clock source latency
     1    0.016051    0.000000    0.000000    0.000000 ^ clk (in)
                                                         clk (net)
                      0.001947    0.000974    0.000974 ^ clkbuf_0_clk/A (sg13g2_buf_8)
     2    0.021047    0.022746    0.055353    0.056326 ^ clkbuf_0_clk/X (sg13g2_buf_8)
                                                         clknet_0_clk (net)
                      0.022763    0.001123    0.057449 ^ clkbuf_1_1__f_clk/A (sg13g2_buf_8)
     5    0.018992    0.022816    0.064760    0.122209 ^ clkbuf_1_1__f_clk/X (sg13g2_buf_8)
                                                         clknet_1_1__leaf_clk (net)
                      0.022818    0.000571    0.122780 ^ _298_/CLK (sg13g2_dfrbpq_2)
                                  0.200000    0.322780   clock uncertainty
                                  0.000000    0.322780   clock reconvergence pessimism
                                 -0.035985    0.286795   library hold time
                                              0.286795   data required time
---------------------------------------------------------------------------------------------
                                              0.286795   data required time
                                             -0.583486   data arrival time
---------------------------------------------------------------------------------------------
                                              0.296691   slack (MET)


Startpoint: _298_ (rising edge-triggered flip-flop clocked by clockone)
Endpoint: _301_ (rising edge-triggered flip-flop clocked by clockone)
Path Group: clockone
Path Type: min

Fanout         Cap        Slew       Delay        Time   Description
---------------------------------------------------------------------------------------------
                                  0.000000    0.000000   clock clockone (rise edge)
                                  0.000000    0.000000   clock source latency
     1    0.016051    0.000000    0.000000    0.000000 ^ clk (in)
                                                         clk (net)
                      0.001947    0.000974    0.000974 ^ clkbuf_0_clk/A (sg13g2_buf_8)
     2    0.021047    0.022746    0.055353    0.056326 ^ clkbuf_0_clk/X (sg13g2_buf_8)
                                                         clknet_0_clk (net)
                      0.022763    0.001123    0.057449 ^ clkbuf_1_1__f_clk/A (sg13g2_buf_8)
     5    0.018992    0.022816    0.064760    0.122209 ^ clkbuf_1_1__f_clk/X (sg13g2_buf_8)
                                                         clknet_1_1__leaf_clk (net)
                      0.022818    0.000571    0.122780 ^ _298_/CLK (sg13g2_dfrbpq_2)
     3    0.023721    0.049300    0.198584    0.321364 v _298_/Q (sg13g2_dfrbpq_2)
                                                         DPATH.SUM.fa_5.A (net)
                      0.049374    0.001694    0.323058 v fanout59/A (sg13g2_buf_8)
     6    0.035632    0.028901    0.088912    0.411970 v fanout59/X (sg13g2_buf_8)
                                                         net59 (net)
                      0.029500    0.003536    0.415505 v _182_/A (sg13g2_nand2_1)
     1    0.003720    0.026637    0.033760    0.449266 ^ _182_/Y (sg13g2_nand2_1)
                                                         _020_ (net)
                      0.026637    0.000147    0.449413 ^ _217_/A (sg13g2_nor3_1)
     1    0.004992    0.030425    0.040325    0.489737 v _217_/Y (sg13g2_nor3_1)
                                                         _043_ (net)
                      0.030426    0.000206    0.489943 v _218_/A2 (sg13g2_o21ai_1)
     1    0.003624    0.046834    0.081512    0.571455 ^ _218_/Y (sg13g2_o21ai_1)
                                                         _044_ (net)
                      0.046834    0.000144    0.571600 ^ _219_/A (sg13g2_inv_1)
     1    0.003359    0.021851    0.033478    0.605077 v _219_/Y (sg13g2_inv_1)
                                                         CTRL.P0 (net)
                      0.021852    0.000227    0.605304 v _301_/D (sg13g2_dfrbpq_1)
                                              0.605304   data arrival time

                                  0.000000    0.000000   clock clockone (rise edge)
                                  0.000000    0.000000   clock source latency
     1    0.016051    0.000000    0.000000    0.000000 ^ clk (in)
                                                         clk (net)
                      0.001947    0.000974    0.000974 ^ clkbuf_0_clk/A (sg13g2_buf_8)
     2    0.021047    0.022746    0.055353    0.056326 ^ clkbuf_0_clk/X (sg13g2_buf_8)
                                                         clknet_0_clk (net)
                      0.022753    0.000737    0.057064 ^ clkbuf_1_0__f_clk/A (sg13g2_buf_8)
     5    0.022943    0.024563    0.066166    0.123229 ^ clkbuf_1_0__f_clk/X (sg13g2_buf_8)
                                                         clknet_1_0__leaf_clk (net)
                      0.024580    0.001156    0.124385 ^ _301_/CLK (sg13g2_dfrbpq_1)
                                  0.200000    0.324385   clock uncertainty
                                  0.000000    0.324385   clock reconvergence pessimism
                                 -0.034016    0.290370   library hold time
                                              0.290370   data required time
---------------------------------------------------------------------------------------------
                                              0.290370   data required time
                                             -0.605304   data arrival time
---------------------------------------------------------------------------------------------
                                              0.314934   slack (MET)


Startpoint: _294_ (rising edge-triggered flip-flop clocked by clockone)
Endpoint: _294_ (rising edge-triggered flip-flop clocked by clockone)
Path Group: clockone
Path Type: min

Fanout         Cap        Slew       Delay        Time   Description
---------------------------------------------------------------------------------------------
                                  0.000000    0.000000   clock clockone (rise edge)
                                  0.000000    0.000000   clock source latency
     1    0.016051    0.000000    0.000000    0.000000 ^ clk (in)
                                                         clk (net)
                      0.001947    0.000974    0.000974 ^ clkbuf_0_clk/A (sg13g2_buf_8)
     2    0.021047    0.022746    0.055353    0.056326 ^ clkbuf_0_clk/X (sg13g2_buf_8)
                                                         clknet_0_clk (net)
                      0.022753    0.000737    0.057064 ^ clkbuf_1_0__f_clk/A (sg13g2_buf_8)
     5    0.022943    0.024563    0.066166    0.123229 ^ clkbuf_1_0__f_clk/X (sg13g2_buf_8)
                                                         clknet_1_0__leaf_clk (net)
                      0.024580    0.001148    0.124377 ^ _294_/CLK (sg13g2_dfrbpq_1)
     2    0.012214    0.045884    0.184349    0.308726 v _294_/Q (sg13g2_dfrbpq_1)
                                                         DPATH.SUM.fa_1.A (net)
                      0.045888    0.000441    0.309167 v fanout72/A (sg13g2_buf_8)
     8    0.040232    0.030267    0.088952    0.398119 v fanout72/X (sg13g2_buf_8)
                                                         net72 (net)
                      0.030738    0.002572    0.400691 v fanout71/A (sg13g2_buf_8)
     8    0.041890    0.030305    0.082200    0.482891 v fanout71/X (sg13g2_buf_8)
                                                         net71 (net)
                      0.030826    0.002302    0.485193 v _191_/A (sg13g2_xnor2_1)
     2    0.010362    0.071441    0.093032    0.578225 v _191_/Y (sg13g2_xnor2_1)
                                                         _025_ (net)
                      0.071449    0.000609    0.578834 v _192_/B (sg13g2_xnor2_1)
     1    0.003748    0.037088    0.071722    0.650556 v _192_/Y (sg13g2_xnor2_1)
                                                         DPATH.SUM.fa_1.S (net)
                      0.037089    0.000237    0.650793 v _294_/D (sg13g2_dfrbpq_1)
                                              0.650793   data arrival time

                                  0.000000    0.000000   clock clockone (rise edge)
                                  0.000000    0.000000   clock source latency
     1    0.016051    0.000000    0.000000    0.000000 ^ clk (in)
                                                         clk (net)
                      0.001947    0.000974    0.000974 ^ clkbuf_0_clk/A (sg13g2_buf_8)
     2    0.021047    0.022746    0.055353    0.056326 ^ clkbuf_0_clk/X (sg13g2_buf_8)
                                                         clknet_0_clk (net)
                      0.022753    0.000737    0.057064 ^ clkbuf_1_0__f_clk/A (sg13g2_buf_8)
     5    0.022943    0.024563    0.066166    0.123229 ^ clkbuf_1_0__f_clk/X (sg13g2_buf_8)
                                                         clknet_1_0__leaf_clk (net)
                      0.024580    0.001148    0.124377 ^ _294_/CLK (sg13g2_dfrbpq_1)
                                  0.200000    0.324377   clock uncertainty
                                  0.000000    0.324377   clock reconvergence pessimism
                                 -0.038845    0.285532   library hold time
                                              0.285532   data required time
---------------------------------------------------------------------------------------------
                                              0.285532   data required time
                                             -0.650793   data arrival time
---------------------------------------------------------------------------------------------
                                              0.365261   slack (MET)


Startpoint: _294_ (rising edge-triggered flip-flop clocked by clockone)
Endpoint: _295_ (rising edge-triggered flip-flop clocked by clockone)
Path Group: clockone
Path Type: min

Fanout         Cap        Slew       Delay        Time   Description
---------------------------------------------------------------------------------------------
                                  0.000000    0.000000   clock clockone (rise edge)
                                  0.000000    0.000000   clock source latency
     1    0.016051    0.000000    0.000000    0.000000 ^ clk (in)
                                                         clk (net)
                      0.001947    0.000974    0.000974 ^ clkbuf_0_clk/A (sg13g2_buf_8)
     2    0.021047    0.022746    0.055353    0.056326 ^ clkbuf_0_clk/X (sg13g2_buf_8)
                                                         clknet_0_clk (net)
                      0.022753    0.000737    0.057064 ^ clkbuf_1_0__f_clk/A (sg13g2_buf_8)
     5    0.022943    0.024563    0.066166    0.123229 ^ clkbuf_1_0__f_clk/X (sg13g2_buf_8)
                                                         clknet_1_0__leaf_clk (net)
                      0.024580    0.001148    0.124377 ^ _294_/CLK (sg13g2_dfrbpq_1)
     2    0.012214    0.045884    0.184349    0.308726 v _294_/Q (sg13g2_dfrbpq_1)
                                                         DPATH.SUM.fa_1.A (net)
                      0.045888    0.000441    0.309167 v fanout72/A (sg13g2_buf_8)
     8    0.040232    0.030267    0.088952    0.398119 v fanout72/X (sg13g2_buf_8)
                                                         net72 (net)
                      0.030738    0.002572    0.400691 v fanout71/A (sg13g2_buf_8)
     8    0.041890    0.030305    0.082200    0.482891 v fanout71/X (sg13g2_buf_8)
                                                         net71 (net)
                      0.030854    0.002422    0.485313 v _190_/A (sg13g2_nand2_1)
     1    0.006135    0.035786    0.041340    0.526653 ^ _190_/Y (sg13g2_nand2_1)
                                                         _024_ (net)
                      0.035795    0.000432    0.527085 ^ _193_/B1 (sg13g2_o21ai_1)
     2    0.011869    0.080183    0.082668    0.609753 v _193_/Y (sg13g2_o21ai_1)
                                                         _026_ (net)
                      0.080194    0.000792    0.610546 v _196_/A (sg13g2_xor2_1)
     1    0.003669    0.029594    0.079211    0.689756 v _196_/X (sg13g2_xor2_1)
                                                         DPATH.SUM.fa_2.S (net)
                      0.029594    0.000233    0.689989 v _295_/D (sg13g2_dfrbpq_1)
                                              0.689989   data arrival time

                                  0.000000    0.000000   clock clockone (rise edge)
                                  0.000000    0.000000   clock source latency
     1    0.016051    0.000000    0.000000    0.000000 ^ clk (in)
                                                         clk (net)
                      0.001947    0.000974    0.000974 ^ clkbuf_0_clk/A (sg13g2_buf_8)
     2    0.021047    0.022746    0.055353    0.056326 ^ clkbuf_0_clk/X (sg13g2_buf_8)
                                                         clknet_0_clk (net)
                      0.022763    0.001123    0.057449 ^ clkbuf_1_1__f_clk/A (sg13g2_buf_8)
     5    0.018992    0.022816    0.064760    0.122209 ^ clkbuf_1_1__f_clk/X (sg13g2_buf_8)
                                                         clknet_1_1__leaf_clk (net)
                      0.022819    0.000633    0.122842 ^ _295_/CLK (sg13g2_dfrbpq_1)
                                  0.200000    0.322842   clock uncertainty
                                  0.000000    0.322842   clock reconvergence pessimism
                                 -0.036837    0.286005   library hold time
                                              0.286005   data required time
---------------------------------------------------------------------------------------------
                                              0.286005   data required time
                                             -0.689989   data arrival time
---------------------------------------------------------------------------------------------
                                              0.403984   slack (MET)


Startpoint: _293_ (rising edge-triggered flip-flop clocked by clockone)
Endpoint: _293_ (rising edge-triggered flip-flop clocked by clockone)
Path Group: clockone
Path Type: min

Fanout         Cap        Slew       Delay        Time   Description
---------------------------------------------------------------------------------------------
                                  0.000000    0.000000   clock clockone (rise edge)
                                  0.000000    0.000000   clock source latency
     1    0.016051    0.000000    0.000000    0.000000 ^ clk (in)
                                                         clk (net)
                      0.001947    0.000974    0.000974 ^ clkbuf_0_clk/A (sg13g2_buf_8)
     2    0.021047    0.022746    0.055353    0.056326 ^ clkbuf_0_clk/X (sg13g2_buf_8)
                                                         clknet_0_clk (net)
                      0.022753    0.000737    0.057064 ^ clkbuf_1_0__f_clk/A (sg13g2_buf_8)
     5    0.022943    0.024563    0.066166    0.123229 ^ clkbuf_1_0__f_clk/X (sg13g2_buf_8)
                                                         clknet_1_0__leaf_clk (net)
                      0.024565    0.000632    0.123861 ^ _293_/CLK (sg13g2_dfrbpq_1)
     1    0.002627    0.022983    0.163908    0.287769 ^ _293_/Q (sg13g2_dfrbpq_1)
                                                         DPATH.SUM.Cout0 (net)
                      0.022983    0.000094    0.287863 ^ hold4/A (sg13g2_dlygate4sd3_1)
     1    0.009982    0.059652    0.378334    0.666197 ^ hold4/X (sg13g2_dlygate4sd3_1)
                                                         net41 (net)
                      0.059652    0.000442    0.666640 ^ fanout74/A (sg13g2_buf_8)
     7    0.036142    0.031820    0.088505    0.755145 ^ fanout74/X (sg13g2_buf_8)
                                                         net74 (net)
                      0.032171    0.002506    0.757651 ^ fanout73/A (sg13g2_buf_8)
     8    0.042635    0.033696    0.077597    0.835249 ^ fanout73/X (sg13g2_buf_8)
                                                         net73 (net)
                      0.033805    0.001242    0.836491 ^ _128_/A (sg13g2_inv_2)
     5    0.017249    0.034026    0.041560    0.878050 v _128_/Y (sg13g2_inv_2)
                                                         DPATH.SUM.ha_0.S (net)
                      0.034044    0.000427    0.878477 v _293_/D (sg13g2_dfrbpq_1)
                                              0.878477   data arrival time

                                  0.000000    0.000000   clock clockone (rise edge)
                                  0.000000    0.000000   clock source latency
     1    0.016051    0.000000    0.000000    0.000000 ^ clk (in)
                                                         clk (net)
                      0.001947    0.000974    0.000974 ^ clkbuf_0_clk/A (sg13g2_buf_8)
     2    0.021047    0.022746    0.055353    0.056326 ^ clkbuf_0_clk/X (sg13g2_buf_8)
                                                         clknet_0_clk (net)
                      0.022753    0.000737    0.057064 ^ clkbuf_1_0__f_clk/A (sg13g2_buf_8)
     5    0.022943    0.024563    0.066166    0.123229 ^ clkbuf_1_0__f_clk/X (sg13g2_buf_8)
                                                         clknet_1_0__leaf_clk (net)
                      0.024565    0.000632    0.123861 ^ _293_/CLK (sg13g2_dfrbpq_1)
                                  0.200000    0.323861   clock uncertainty
                                  0.000000    0.323861   clock reconvergence pessimism
                                 -0.037883    0.285978   library hold time
                                              0.285978   data required time
---------------------------------------------------------------------------------------------
                                              0.285978   data required time
                                             -0.878477   data arrival time
---------------------------------------------------------------------------------------------
                                              0.592499   slack (MET)


Startpoint: _294_ (rising edge-triggered flip-flop clocked by clockone)
Endpoint: _300_ (rising edge-triggered flip-flop clocked by clockone)
Path Group: clockone
Path Type: min

Fanout         Cap        Slew       Delay        Time   Description
---------------------------------------------------------------------------------------------
                                  0.000000    0.000000   clock clockone (rise edge)
                                  0.000000    0.000000   clock source latency
     1    0.016051    0.000000    0.000000    0.000000 ^ clk (in)
                                                         clk (net)
                      0.001947    0.000974    0.000974 ^ clkbuf_0_clk/A (sg13g2_buf_8)
     2    0.021047    0.022746    0.055353    0.056326 ^ clkbuf_0_clk/X (sg13g2_buf_8)
                                                         clknet_0_clk (net)
                      0.022753    0.000737    0.057064 ^ clkbuf_1_0__f_clk/A (sg13g2_buf_8)
     5    0.022943    0.024563    0.066166    0.123229 ^ clkbuf_1_0__f_clk/X (sg13g2_buf_8)
                                                         clknet_1_0__leaf_clk (net)
                      0.024580    0.001148    0.124377 ^ _294_/CLK (sg13g2_dfrbpq_1)
     2    0.012711    0.060447    0.193067    0.317444 ^ _294_/Q (sg13g2_dfrbpq_1)
                                                         DPATH.SUM.fa_1.A (net)
                      0.060449    0.000458    0.317903 ^ fanout72/A (sg13g2_buf_8)
     8    0.041127    0.034043    0.090962    0.408865 ^ fanout72/X (sg13g2_buf_8)
                                                         net72 (net)
                      0.034484    0.002433    0.411298 ^ _140_/A (sg13g2_nor2_2)
     5    0.026717    0.048778    0.062152    0.473450 v _140_/Y (sg13g2_nor2_2)
                                                         _109_ (net)
                      0.048977    0.002511    0.475961 v _144_/A (sg13g2_nand2_1)
     2    0.008186    0.046905    0.054030    0.529991 ^ _144_/Y (sg13g2_nand2_1)
                                                         _113_ (net)
                      0.046908    0.000286    0.530277 ^ _212_/B (sg13g2_nor2_1)
     2    0.007791    0.035405    0.047932    0.578209 v _212_/Y (sg13g2_nor2_1)
                                                         net26 (net)
                      0.035422    0.000300    0.578509 v _213_/C (sg13g2_nand3_1)
     2    0.011665    0.059322    0.069762    0.648271 ^ _213_/Y (sg13g2_nand3_1)
                                                         _040_ (net)
                      0.059335    0.000701    0.648972 ^ _214_/B (sg13g2_xnor2_1)
     1    0.002081    0.029163    0.060050    0.709022 v _214_/Y (sg13g2_xnor2_1)
                                                         CTRL.P1 (net)
                      0.029163    0.000080    0.709103 v hold2/A (sg13g2_dlygate4sd3_1)
     1    0.003316    0.037828    0.372806    1.081908 v hold2/X (sg13g2_dlygate4sd3_1)
                                                         net39 (net)
                      0.037828    0.000225    1.082134 v _300_/D (sg13g2_dfrbpq_1)
                                              1.082134   data arrival time

                                  0.000000    0.000000   clock clockone (rise edge)
                                  0.000000    0.000000   clock source latency
     1    0.016051    0.000000    0.000000    0.000000 ^ clk (in)
                                                         clk (net)
                      0.001947    0.000974    0.000974 ^ clkbuf_0_clk/A (sg13g2_buf_8)
     2    0.021047    0.022746    0.055353    0.056326 ^ clkbuf_0_clk/X (sg13g2_buf_8)
                                                         clknet_0_clk (net)
                      0.022753    0.000737    0.057064 ^ clkbuf_1_0__f_clk/A (sg13g2_buf_8)
     5    0.022943    0.024563    0.066166    0.123229 ^ clkbuf_1_0__f_clk/X (sg13g2_buf_8)
                                                         clknet_1_0__leaf_clk (net)
                      0.024580    0.001165    0.124395 ^ _300_/CLK (sg13g2_dfrbpq_1)
                                  0.200000    0.324395   clock uncertainty
                                  0.000000    0.324395   clock reconvergence pessimism
                                 -0.039079    0.285315   library hold time
                                              0.285315   data required time
---------------------------------------------------------------------------------------------
                                              0.285315   data required time
                                             -1.082134   data arrival time
---------------------------------------------------------------------------------------------
                                              0.796818   slack (MET)



