Reading timing models for corner nom_typ_1p20V_25C…
Reading timing library for the 'nom_typ_1p20V_25C' corner at '/opt/pdks/ciel/ihp-sg13g2/versions/cb7daaa8901016cf7c5d272dfa322c41f024931f/ihp-sg13g2/libs.ref/sg13g2_stdcell/lib/sg13g2_stdcell_typ_1p20V_25C.lib'…
Reading OpenROAD database at '/home/designer/shared/Bioimpedance-ASIC-for-skin-cancer-detection/current_generator/digital/DigitalSine/runs/RUN_2025-12-14_10-41-31/42-openroad-repairantennas/1-diodeinsertion/DigitalSine.odb'…
Reading design constraints file at '/home/designer/shared/Bioimpedance-ASIC-for-skin-cancer-detection/current_generator/digital/DigitalSine/cons.sdc'…
[WARNING STA-0138] clock arg 'clk' clock not found.
[WARNING STA-0138] clock arg 'clk' clock not found.
[INFO] No information on clock propagation in input SDC file-- propagating all clocks.
%OL_CREATE_REPORT min.rpt

===========================================================================
report_checks -path_delay min (Hold)
============================================================================
======================= nom_typ_1p20V_25C Corner ===================================

Startpoint: _297_ (rising edge-triggered flip-flop clocked by clockone)
Endpoint: _297_ (rising edge-triggered flip-flop clocked by clockone)
Path Group: clockone
Path Type: min

Fanout         Cap        Slew       Delay        Time   Description
---------------------------------------------------------------------------------------------
                                  0.000000    0.000000   clock clockone (rise edge)
                                  0.000000    0.000000   clock source latency
     1    0.016051    0.000000    0.000000    0.000000 ^ clk (in)
                                                         clk (net)
                      0.001947    0.000974    0.000974 ^ clkbuf_0_clk/A (sg13g2_buf_8)
     2    0.021047    0.022746    0.055353    0.056326 ^ clkbuf_0_clk/X (sg13g2_buf_8)
                                                         clknet_0_clk (net)
                      0.022763    0.001123    0.057449 ^ clkbuf_1_1__f_clk/A (sg13g2_buf_8)
     5    0.018992    0.022816    0.064760    0.122209 ^ clkbuf_1_1__f_clk/X (sg13g2_buf_8)
                                                         clknet_1_1__leaf_clk (net)
                      0.022818    0.000527    0.122736 ^ _297_/CLK (sg13g2_dfrbpq_1)
     2    0.006103    0.028082    0.168721    0.291457 v _297_/Q (sg13g2_dfrbpq_1)
                                                         DPATH.SUM.fa_4.A (net)
                      0.028082    0.000201    0.291658 v fanout64/A (sg13g2_buf_2)
     4    0.029729    0.058193    0.102121    0.393779 v fanout64/X (sg13g2_buf_2)
                                                         net64 (net)
                      0.058392    0.002652    0.396431 v _202_/A (sg13g2_xor2_1)
     2    0.010587    0.048280    0.101219    0.497650 v _202_/X (sg13g2_xor2_1)
                                                         _033_ (net)
                      0.048282    0.000363    0.498013 v _204_/A (sg13g2_xor2_1)
     1    0.002398    0.026012    0.061388    0.559402 v _204_/X (sg13g2_xor2_1)
                                                         DPATH.SUM.fa_4.S (net)
                      0.026012    0.000158    0.559559 v _297_/D (sg13g2_dfrbpq_1)
                                              0.559559   data arrival time

                                  0.000000    0.000000   clock clockone (rise edge)
                                  0.000000    0.000000   clock source latency
     1    0.016051    0.000000    0.000000    0.000000 ^ clk (in)
                                                         clk (net)
                      0.001947    0.000974    0.000974 ^ clkbuf_0_clk/A (sg13g2_buf_8)
     2    0.021047    0.022746    0.055353    0.056326 ^ clkbuf_0_clk/X (sg13g2_buf_8)
                                                         clknet_0_clk (net)
                      0.022763    0.001123    0.057449 ^ clkbuf_1_1__f_clk/A (sg13g2_buf_8)
     5    0.018992    0.022816    0.064760    0.122209 ^ clkbuf_1_1__f_clk/X (sg13g2_buf_8)
                                                         clknet_1_1__leaf_clk (net)
                      0.022818    0.000527    0.122736 ^ _297_/CLK (sg13g2_dfrbpq_1)
                                  0.200000    0.322736   clock uncertainty
                                  0.000000    0.322736   clock reconvergence pessimism
                                 -0.035702    0.287034   library hold time
                                              0.287034   data required time
---------------------------------------------------------------------------------------------
                                              0.287034   data required time
                                             -0.559559   data arrival time
---------------------------------------------------------------------------------------------
                                              0.272525   slack (MET)


Startpoint: _296_ (rising edge-triggered flip-flop clocked by clockone)
Endpoint: _296_ (rising edge-triggered flip-flop clocked by clockone)
Path Group: clockone
Path Type: min

Fanout         Cap        Slew       Delay        Time   Description
---------------------------------------------------------------------------------------------
                                  0.000000    0.000000   clock clockone (rise edge)
                                  0.000000    0.000000   clock source latency
     1    0.016051    0.000000    0.000000    0.000000 ^ clk (in)
                                                         clk (net)
                      0.001947    0.000974    0.000974 ^ clkbuf_0_clk/A (sg13g2_buf_8)
     2    0.021047    0.022746    0.055353    0.056326 ^ clkbuf_0_clk/X (sg13g2_buf_8)
                                                         clknet_0_clk (net)
                      0.022753    0.000737    0.057064 ^ clkbuf_1_0__f_clk/A (sg13g2_buf_8)
     5    0.022943    0.024563    0.066166    0.123229 ^ clkbuf_1_0__f_clk/X (sg13g2_buf_8)
                                                         clknet_1_0__leaf_clk (net)
                      0.024580    0.001149    0.124378 ^ _296_/CLK (sg13g2_dfrbpq_1)
     2    0.012944    0.048133    0.185904    0.310282 v _296_/Q (sg13g2_dfrbpq_1)
                                                         DPATH.SUM.fa_3.A (net)
                      0.048152    0.000904    0.311186 v fanout67/A (sg13g2_buf_8)
     8    0.038587    0.029845    0.088855    0.400041 v fanout67/X (sg13g2_buf_8)
                                                         net67 (net)
                      0.031141    0.004777    0.404818 v _199_/A (sg13g2_xnor2_1)
     2    0.010194    0.070514    0.092455    0.497272 v _199_/Y (sg13g2_xnor2_1)
                                                         _031_ (net)
                      0.070521    0.000578    0.497851 v _200_/B (sg13g2_xor2_1)
     1    0.002809    0.027037    0.066925    0.564776 v _200_/X (sg13g2_xor2_1)
                                                         DPATH.SUM.fa_3.S (net)
                      0.027037    0.000176    0.564952 v _296_/D (sg13g2_dfrbpq_1)
                                              0.564952   data arrival time

                                  0.000000    0.000000   clock clockone (rise edge)
                                  0.000000    0.000000   clock source latency
     1    0.016051    0.000000    0.000000    0.000000 ^ clk (in)
                                                         clk (net)
                      0.001947    0.000974    0.000974 ^ clkbuf_0_clk/A (sg13g2_buf_8)
     2    0.021047    0.022746    0.055353    0.056326 ^ clkbuf_0_clk/X (sg13g2_buf_8)
                                                         clknet_0_clk (net)
                      0.022753    0.000737    0.057064 ^ clkbuf_1_0__f_clk/A (sg13g2_buf_8)
     5    0.022943    0.024563    0.066166    0.123229 ^ clkbuf_1_0__f_clk/X (sg13g2_buf_8)
                                                         clknet_1_0__leaf_clk (net)
                      0.024580    0.001149    0.124378 ^ _296_/CLK (sg13g2_dfrbpq_1)
                                  0.200000    0.324378   clock uncertainty
                                  0.000000    0.324378   clock reconvergence pessimism
                                 -0.035659    0.288719   library hold time
                                              0.288719   data required time
---------------------------------------------------------------------------------------------
                                              0.288719   data required time
                                             -0.564952   data arrival time
---------------------------------------------------------------------------------------------
                                              0.276233   slack (MET)


Startpoint: _298_ (rising edge-triggered flip-flop clocked by clockone)
Endpoint: _299_ (rising edge-triggered flip-flop clocked by clockone)
Path Group: clockone
Path Type: min

Fanout         Cap        Slew       Delay        Time   Description
---------------------------------------------------------------------------------------------
                                  0.000000    0.000000   clock clockone (rise edge)
                                  0.000000    0.000000   clock source latency
     1    0.016051    0.000000    0.000000    0.000000 ^ clk (in)
                                                         clk (net)
                      0.001947    0.000974    0.000974 ^ clkbuf_0_clk/A (sg13g2_buf_8)
     2    0.021047    0.022746    0.055353    0.056326 ^ clkbuf_0_clk/X (sg13g2_buf_8)
                                                         clknet_0_clk (net)
                      0.022763    0.001123    0.057449 ^ clkbuf_1_1__f_clk/A (sg13g2_buf_8)
     5    0.018992    0.022816    0.064760    0.122209 ^ clkbuf_1_1__f_clk/X (sg13g2_buf_8)
                                                         clknet_1_1__leaf_clk (net)
                      0.022818    0.000571    0.122780 ^ _298_/CLK (sg13g2_dfrbpq_2)
     3    0.023721    0.049300    0.198584    0.321364 v _298_/Q (sg13g2_dfrbpq_2)
                                                         DPATH.SUM.fa_5.A (net)
                      0.049374    0.001694    0.323058 v fanout59/A (sg13g2_buf_8)
     6    0.035632    0.028901    0.088912    0.411970 v fanout59/X (sg13g2_buf_8)
                                                         net59 (net)
                      0.029218    0.002498    0.414468 v _205_/A (sg13g2_nand2_1)
     1    0.005065    0.031468    0.037673    0.452141 ^ _205_/Y (sg13g2_nand2_1)
                                                         _035_ (net)
                      0.031469    0.000209    0.452350 ^ _209_/B1 (sg13g2_o21ai_1)
     1    0.006947    0.052465    0.059820    0.512171 v _209_/Y (sg13g2_o21ai_1)
                                                         _038_ (net)
                      0.052467    0.000296    0.512467 v _211_/A (sg13g2_xnor2_1)
     1    0.001915    0.027541    0.064935    0.577402 v _211_/Y (sg13g2_xnor2_1)
                                                         DPATH.SUM.fa_6.S (net)
                      0.027541    0.000069    0.577471 v _299_/D (sg13g2_dfrbpq_1)
                                              0.577471   data arrival time

                                  0.000000    0.000000   clock clockone (rise edge)
                                  0.000000    0.000000   clock source latency
     1    0.016051    0.000000    0.000000    0.000000 ^ clk (in)
                                                         clk (net)
                      0.001947    0.000974    0.000974 ^ clkbuf_0_clk/A (sg13g2_buf_8)
     2    0.021047    0.022746    0.055353    0.056326 ^ clkbuf_0_clk/X (sg13g2_buf_8)
                                                         clknet_0_clk (net)
                      0.022763    0.001123    0.057449 ^ clkbuf_1_1__f_clk/A (sg13g2_buf_8)
     5    0.018992    0.022816    0.064760    0.122209 ^ clkbuf_1_1__f_clk/X (sg13g2_buf_8)
                                                         clknet_1_1__leaf_clk (net)
                      0.022822    0.000860    0.123069 ^ _299_/CLK (sg13g2_dfrbpq_1)
                                  0.200000    0.323069   clock uncertainty
                                  0.000000    0.323069   clock reconvergence pessimism
                                 -0.036185    0.286884   library hold time
                                              0.286884   data required time
---------------------------------------------------------------------------------------------
                                              0.286884   data required time
                                             -0.577471   data arrival time
---------------------------------------------------------------------------------------------
                                              0.290587   slack (MET)


Startpoint: _298_ (rising edge-triggered flip-flop clocked by clockone)
Endpoint: _298_ (rising edge-triggered flip-flop clocked by clockone)
Path Group: clockone
Path Type: min

Fanout         Cap        Slew       Delay        Time   Description
---------------------------------------------------------------------------------------------
                                  0.000000    0.000000   clock clockone (rise edge)
                                  0.000000    0.000000   clock source latency
     1    0.016051    0.000000    0.000000    0.000000 ^ clk (in)
                                                         clk (net)
                      0.001947    0.000974    0.000974 ^ clkbuf_0_clk/A (sg13g2_buf_8)
     2    0.021047    0.022746    0.055353    0.056326 ^ clkbuf_0_clk/X (sg13g2_buf_8)
                                                         clknet_0_clk (net)
                      0.022763    0.001123    0.057449 ^ clkbuf_1_1__f_clk/A (sg13g2_buf_8)
     5    0.018992    0.022816    0.064760    0.122209 ^ clkbuf_1_1__f_clk/X (sg13g2_buf_8)
                                                         clknet_1_1__leaf_clk (net)
                      0.022818    0.000571    0.122780 ^ _298_/CLK (sg13g2_dfrbpq_2)
     3    0.023721    0.049300    0.198584    0.321364 v _298_/Q (sg13g2_dfrbpq_2)
                                                         DPATH.SUM.fa_5.A (net)
                      0.049374    0.001694    0.323058 v fanout59/A (sg13g2_buf_8)
     6    0.035632    0.028901    0.088912    0.411970 v fanout59/X (sg13g2_buf_8)
                                                         net59 (net)
                      0.029135    0.002121    0.414090 v _206_/A (sg13g2_xnor2_1)
     2    0.011149    0.075674    0.095543    0.509634 v _206_/Y (sg13g2_xnor2_1)
                                                         _036_ (net)
                      0.075687    0.000827    0.510460 v _208_/A (sg13g2_xor2_1)
     1    0.002636    0.026777    0.072844    0.583304 v _208_/X (sg13g2_xor2_1)
                                                         DPATH.SUM.fa_5.S (net)
                      0.026778    0.000182    0.583486 v _298_/D (sg13g2_dfrbpq_2)
                                              0.583486   data arrival time

                                  0.000000    0.000000   clock clockone (rise edge)
                                  0.000000    0.000000   clock source latency
     1    0.016051    0.000000    0.000000    0.000000 ^ clk (in)
                                                         clk (net)
                      0.001947    0.000974    0.000974 ^ clkbuf_0_clk/A (sg13g2_buf_8)
     2    0.021047    0.022746    0.055353    0.056326 ^ clkbuf_0_clk/X (sg13g2_buf_8)
                                                         clknet_0_clk (net)
                      0.022763    0.001123    0.057449 ^ clkbuf_1_1__f_clk/A (sg13g2_buf_8)
     5    0.018992    0.022816    0.064760    0.122209 ^ clkbuf_1_1__f_clk/X (sg13g2_buf_8)
                                                         clknet_1_1__leaf_clk (net)
                      0.022818    0.000571    0.122780 ^ _298_/CLK (sg13g2_dfrbpq_2)
                                  0.200000    0.322780   clock uncertainty
                                  0.000000    0.322780   clock reconvergence pessimism
                                 -0.035985    0.286795   library hold time
                                              0.286795   data required time
---------------------------------------------------------------------------------------------
                                              0.286795   data required time
                                             -0.583486   data arrival time
---------------------------------------------------------------------------------------------
                                              0.296691   slack (MET)


Startpoint: _298_ (rising edge-triggered flip-flop clocked by clockone)
Endpoint: _301_ (rising edge-triggered flip-flop clocked by clockone)
Path Group: clockone
Path Type: min

Fanout         Cap        Slew       Delay        Time   Description
---------------------------------------------------------------------------------------------
                                  0.000000    0.000000   clock clockone (rise edge)
                                  0.000000    0.000000   clock source latency
     1    0.016051    0.000000    0.000000    0.000000 ^ clk (in)
                                                         clk (net)
                      0.001947    0.000974    0.000974 ^ clkbuf_0_clk/A (sg13g2_buf_8)
     2    0.021047    0.022746    0.055353    0.056326 ^ clkbuf_0_clk/X (sg13g2_buf_8)
                                                         clknet_0_clk (net)
                      0.022763    0.001123    0.057449 ^ clkbuf_1_1__f_clk/A (sg13g2_buf_8)
     5    0.018992    0.022816    0.064760    0.122209 ^ clkbuf_1_1__f_clk/X (sg13g2_buf_8)
                                                         clknet_1_1__leaf_clk (net)
                      0.022818    0.000571    0.122780 ^ _298_/CLK (sg13g2_dfrbpq_2)
     3    0.023721    0.049300    0.198584    0.321364 v _298_/Q (sg13g2_dfrbpq_2)
                                                         DPATH.SUM.fa_5.A (net)
                      0.049374    0.001694    0.323058 v fanout59/A (sg13g2_buf_8)
     6    0.035632    0.028901    0.088912    0.411970 v fanout59/X (sg13g2_buf_8)
                                                         net59 (net)
                      0.029500    0.003536    0.415505 v _182_/A (sg13g2_nand2_1)
     1    0.003720    0.026637    0.033760    0.449266 ^ _182_/Y (sg13g2_nand2_1)
                                                         _020_ (net)
                      0.026637    0.000147    0.449413 ^ _217_/A (sg13g2_nor3_1)
     1    0.004992    0.030425    0.040325    0.489737 v _217_/Y (sg13g2_nor3_1)
                                                         _043_ (net)
                      0.030426    0.000206    0.489943 v _218_/A2 (sg13g2_o21ai_1)
     1    0.003624    0.046834    0.081512    0.571455 ^ _218_/Y (sg13g2_o21ai_1)
                                                         _044_ (net)
                      0.046834    0.000144    0.571600 ^ _219_/A (sg13g2_inv_1)
     1    0.003359    0.021851    0.033478    0.605077 v _219_/Y (sg13g2_inv_1)
                                                         CTRL.P0 (net)
                      0.021852    0.000227    0.605304 v _301_/D (sg13g2_dfrbpq_1)
                                              0.605304   data arrival time

                                  0.000000    0.000000   clock clockone (rise edge)
                                  0.000000    0.000000   clock source latency
     1    0.016051    0.000000    0.000000    0.000000 ^ clk (in)
                                                         clk (net)
                      0.001947    0.000974    0.000974 ^ clkbuf_0_clk/A (sg13g2_buf_8)
     2    0.021047    0.022746    0.055353    0.056326 ^ clkbuf_0_clk/X (sg13g2_buf_8)
                                                         clknet_0_clk (net)
                      0.022753    0.000737    0.057064 ^ clkbuf_1_0__f_clk/A (sg13g2_buf_8)
     5    0.022943    0.024563    0.066166    0.123229 ^ clkbuf_1_0__f_clk/X (sg13g2_buf_8)
                                                         clknet_1_0__leaf_clk (net)
                      0.024580    0.001156    0.124385 ^ _301_/CLK (sg13g2_dfrbpq_1)
                                  0.200000    0.324385   clock uncertainty
                                  0.000000    0.324385   clock reconvergence pessimism
                                 -0.034016    0.290370   library hold time
                                              0.290370   data required time
---------------------------------------------------------------------------------------------
                                              0.290370   data required time
                                             -0.605304   data arrival time
---------------------------------------------------------------------------------------------
                                              0.314934   slack (MET)


Startpoint: _294_ (rising edge-triggered flip-flop clocked by clockone)
Endpoint: _294_ (rising edge-triggered flip-flop clocked by clockone)
Path Group: clockone
Path Type: min

Fanout         Cap        Slew       Delay        Time   Description
---------------------------------------------------------------------------------------------
                                  0.000000    0.000000   clock clockone (rise edge)
                                  0.000000    0.000000   clock source latency
     1    0.016051    0.000000    0.000000    0.000000 ^ clk (in)
                                                         clk (net)
                      0.001947    0.000974    0.000974 ^ clkbuf_0_clk/A (sg13g2_buf_8)
     2    0.021047    0.022746    0.055353    0.056326 ^ clkbuf_0_clk/X (sg13g2_buf_8)
                                                         clknet_0_clk (net)
                      0.022753    0.000737    0.057064 ^ clkbuf_1_0__f_clk/A (sg13g2_buf_8)
     5    0.022943    0.024563    0.066166    0.123229 ^ clkbuf_1_0__f_clk/X (sg13g2_buf_8)
                                                         clknet_1_0__leaf_clk (net)
                      0.024580    0.001148    0.124377 ^ _294_/CLK (sg13g2_dfrbpq_1)
     2    0.012214    0.045884    0.184349    0.308726 v _294_/Q (sg13g2_dfrbpq_1)
                                                         DPATH.SUM.fa_1.A (net)
                      0.045888    0.000441    0.309167 v fanout72/A (sg13g2_buf_8)
     8    0.040232    0.030267    0.088952    0.398119 v fanout72/X (sg13g2_buf_8)
                                                         net72 (net)
                      0.030738    0.002572    0.400691 v fanout71/A (sg13g2_buf_8)
     8    0.041890    0.030305    0.082200    0.482891 v fanout71/X (sg13g2_buf_8)
                                                         net71 (net)
                      0.030826    0.002302    0.485193 v _191_/A (sg13g2_xnor2_1)
     2    0.010362    0.071441    0.093032    0.578225 v _191_/Y (sg13g2_xnor2_1)
                                                         _025_ (net)
                      0.071449    0.000609    0.578834 v _192_/B (sg13g2_xnor2_1)
     1    0.003748    0.037088    0.071722    0.650556 v _192_/Y (sg13g2_xnor2_1)
                                                         DPATH.SUM.fa_1.S (net)
                      0.037089    0.000237    0.650793 v _294_/D (sg13g2_dfrbpq_1)
                                              0.650793   data arrival time

                                  0.000000    0.000000   clock clockone (rise edge)
                                  0.000000    0.000000   clock source latency
     1    0.016051    0.000000    0.000000    0.000000 ^ clk (in)
                                                         clk (net)
                      0.001947    0.000974    0.000974 ^ clkbuf_0_clk/A (sg13g2_buf_8)
     2    0.021047    0.022746    0.055353    0.056326 ^ clkbuf_0_clk/X (sg13g2_buf_8)
                                                         clknet_0_clk (net)
                      0.022753    0.000737    0.057064 ^ clkbuf_1_0__f_clk/A (sg13g2_buf_8)
     5    0.022943    0.024563    0.066166    0.123229 ^ clkbuf_1_0__f_clk/X (sg13g2_buf_8)
                                                         clknet_1_0__leaf_clk (net)
                      0.024580    0.001148    0.124377 ^ _294_/CLK (sg13g2_dfrbpq_1)
                                  0.200000    0.324377   clock uncertainty
                                  0.000000    0.324377   clock reconvergence pessimism
                                 -0.038845    0.285532   library hold time
                                              0.285532   data required time
---------------------------------------------------------------------------------------------
                                              0.285532   data required time
                                             -0.650793   data arrival time
---------------------------------------------------------------------------------------------
                                              0.365261   slack (MET)


Startpoint: _294_ (rising edge-triggered flip-flop clocked by clockone)
Endpoint: _295_ (rising edge-triggered flip-flop clocked by clockone)
Path Group: clockone
Path Type: min

Fanout         Cap        Slew       Delay        Time   Description
---------------------------------------------------------------------------------------------
                                  0.000000    0.000000   clock clockone (rise edge)
                                  0.000000    0.000000   clock source latency
     1    0.016051    0.000000    0.000000    0.000000 ^ clk (in)
                                                         clk (net)
                      0.001947    0.000974    0.000974 ^ clkbuf_0_clk/A (sg13g2_buf_8)
     2    0.021047    0.022746    0.055353    0.056326 ^ clkbuf_0_clk/X (sg13g2_buf_8)
                                                         clknet_0_clk (net)
                      0.022753    0.000737    0.057064 ^ clkbuf_1_0__f_clk/A (sg13g2_buf_8)
     5    0.022943    0.024563    0.066166    0.123229 ^ clkbuf_1_0__f_clk/X (sg13g2_buf_8)
                                                         clknet_1_0__leaf_clk (net)
                      0.024580    0.001148    0.124377 ^ _294_/CLK (sg13g2_dfrbpq_1)
     2    0.012214    0.045884    0.184349    0.308726 v _294_/Q (sg13g2_dfrbpq_1)
                                                         DPATH.SUM.fa_1.A (net)
                      0.045888    0.000441    0.309167 v fanout72/A (sg13g2_buf_8)
     8    0.040232    0.030267    0.088952    0.398119 v fanout72/X (sg13g2_buf_8)
                                                         net72 (net)
                      0.030738    0.002572    0.400691 v fanout71/A (sg13g2_buf_8)
     8    0.041890    0.030305    0.082200    0.482891 v fanout71/X (sg13g2_buf_8)
                                                         net71 (net)
                      0.030854    0.002422    0.485313 v _190_/A (sg13g2_nand2_1)
     1    0.006135    0.035786    0.041340    0.526653 ^ _190_/Y (sg13g2_nand2_1)
                                                         _024_ (net)
                      0.035795    0.000432    0.527085 ^ _193_/B1 (sg13g2_o21ai_1)
     2    0.011869    0.080183    0.082668    0.609753 v _193_/Y (sg13g2_o21ai_1)
                                                         _026_ (net)
                      0.080194    0.000792    0.610546 v _196_/A (sg13g2_xor2_1)
     1    0.003669    0.029594    0.079211    0.689756 v _196_/X (sg13g2_xor2_1)
                                                         DPATH.SUM.fa_2.S (net)
                      0.029594    0.000233    0.689989 v _295_/D (sg13g2_dfrbpq_1)
                                              0.689989   data arrival time

                                  0.000000    0.000000   clock clockone (rise edge)
                                  0.000000    0.000000   clock source latency
     1    0.016051    0.000000    0.000000    0.000000 ^ clk (in)
                                                         clk (net)
                      0.001947    0.000974    0.000974 ^ clkbuf_0_clk/A (sg13g2_buf_8)
     2    0.021047    0.022746    0.055353    0.056326 ^ clkbuf_0_clk/X (sg13g2_buf_8)
                                                         clknet_0_clk (net)
                      0.022763    0.001123    0.057449 ^ clkbuf_1_1__f_clk/A (sg13g2_buf_8)
     5    0.018992    0.022816    0.064760    0.122209 ^ clkbuf_1_1__f_clk/X (sg13g2_buf_8)
                                                         clknet_1_1__leaf_clk (net)
                      0.022819    0.000633    0.122842 ^ _295_/CLK (sg13g2_dfrbpq_1)
                                  0.200000    0.322842   clock uncertainty
                                  0.000000    0.322842   clock reconvergence pessimism
                                 -0.036837    0.286005   library hold time
                                              0.286005   data required time
---------------------------------------------------------------------------------------------
                                              0.286005   data required time
                                             -0.689989   data arrival time
---------------------------------------------------------------------------------------------
                                              0.403984   slack (MET)


Startpoint: _293_ (rising edge-triggered flip-flop clocked by clockone)
Endpoint: _293_ (rising edge-triggered flip-flop clocked by clockone)
Path Group: clockone
Path Type: min

Fanout         Cap        Slew       Delay        Time   Description
---------------------------------------------------------------------------------------------
                                  0.000000    0.000000   clock clockone (rise edge)
                                  0.000000    0.000000   clock source latency
     1    0.016051    0.000000    0.000000    0.000000 ^ clk (in)
                                                         clk (net)
                      0.001947    0.000974    0.000974 ^ clkbuf_0_clk/A (sg13g2_buf_8)
     2    0.021047    0.022746    0.055353    0.056326 ^ clkbuf_0_clk/X (sg13g2_buf_8)
                                                         clknet_0_clk (net)
                      0.022753    0.000737    0.057064 ^ clkbuf_1_0__f_clk/A (sg13g2_buf_8)
     5    0.022943    0.024563    0.066166    0.123229 ^ clkbuf_1_0__f_clk/X (sg13g2_buf_8)
                                                         clknet_1_0__leaf_clk (net)
                      0.024565    0.000632    0.123861 ^ _293_/CLK (sg13g2_dfrbpq_1)
     1    0.002627    0.022983    0.163908    0.287769 ^ _293_/Q (sg13g2_dfrbpq_1)
                                                         DPATH.SUM.Cout0 (net)
                      0.022983    0.000094    0.287863 ^ hold4/A (sg13g2_dlygate4sd3_1)
     1    0.009982    0.059652    0.378334    0.666197 ^ hold4/X (sg13g2_dlygate4sd3_1)
                                                         net41 (net)
                      0.059652    0.000442    0.666640 ^ fanout74/A (sg13g2_buf_8)
     7    0.036142    0.031820    0.088505    0.755145 ^ fanout74/X (sg13g2_buf_8)
                                                         net74 (net)
                      0.032171    0.002506    0.757651 ^ fanout73/A (sg13g2_buf_8)
     8    0.042635    0.033696    0.077597    0.835249 ^ fanout73/X (sg13g2_buf_8)
                                                         net73 (net)
                      0.033805    0.001242    0.836491 ^ _128_/A (sg13g2_inv_2)
     5    0.017249    0.034026    0.041560    0.878050 v _128_/Y (sg13g2_inv_2)
                                                         DPATH.SUM.ha_0.S (net)
                      0.034044    0.000427    0.878477 v _293_/D (sg13g2_dfrbpq_1)
                                              0.878477   data arrival time

                                  0.000000    0.000000   clock clockone (rise edge)
                                  0.000000    0.000000   clock source latency
     1    0.016051    0.000000    0.000000    0.000000 ^ clk (in)
                                                         clk (net)
                      0.001947    0.000974    0.000974 ^ clkbuf_0_clk/A (sg13g2_buf_8)
     2    0.021047    0.022746    0.055353    0.056326 ^ clkbuf_0_clk/X (sg13g2_buf_8)
                                                         clknet_0_clk (net)
                      0.022753    0.000737    0.057064 ^ clkbuf_1_0__f_clk/A (sg13g2_buf_8)
     5    0.022943    0.024563    0.066166    0.123229 ^ clkbuf_1_0__f_clk/X (sg13g2_buf_8)
                                                         clknet_1_0__leaf_clk (net)
                      0.024565    0.000632    0.123861 ^ _293_/CLK (sg13g2_dfrbpq_1)
                                  0.200000    0.323861   clock uncertainty
                                  0.000000    0.323861   clock reconvergence pessimism
                                 -0.037883    0.285978   library hold time
                                              0.285978   data required time
---------------------------------------------------------------------------------------------
                                              0.285978   data required time
                                             -0.878477   data arrival time
---------------------------------------------------------------------------------------------
                                              0.592499   slack (MET)


Startpoint: _294_ (rising edge-triggered flip-flop clocked by clockone)
Endpoint: _300_ (rising edge-triggered flip-flop clocked by clockone)
Path Group: clockone
Path Type: min

Fanout         Cap        Slew       Delay        Time   Description
---------------------------------------------------------------------------------------------
                                  0.000000    0.000000   clock clockone (rise edge)
                                  0.000000    0.000000   clock source latency
     1    0.016051    0.000000    0.000000    0.000000 ^ clk (in)
                                                         clk (net)
                      0.001947    0.000974    0.000974 ^ clkbuf_0_clk/A (sg13g2_buf_8)
     2    0.021047    0.022746    0.055353    0.056326 ^ clkbuf_0_clk/X (sg13g2_buf_8)
                                                         clknet_0_clk (net)
                      0.022753    0.000737    0.057064 ^ clkbuf_1_0__f_clk/A (sg13g2_buf_8)
     5    0.022943    0.024563    0.066166    0.123229 ^ clkbuf_1_0__f_clk/X (sg13g2_buf_8)
                                                         clknet_1_0__leaf_clk (net)
                      0.024580    0.001148    0.124377 ^ _294_/CLK (sg13g2_dfrbpq_1)
     2    0.012711    0.060447    0.193067    0.317444 ^ _294_/Q (sg13g2_dfrbpq_1)
                                                         DPATH.SUM.fa_1.A (net)
                      0.060449    0.000458    0.317903 ^ fanout72/A (sg13g2_buf_8)
     8    0.041127    0.034043    0.090962    0.408865 ^ fanout72/X (sg13g2_buf_8)
                                                         net72 (net)
                      0.034484    0.002433    0.411298 ^ _140_/A (sg13g2_nor2_2)
     5    0.026717    0.048778    0.062152    0.473450 v _140_/Y (sg13g2_nor2_2)
                                                         _109_ (net)
                      0.048977    0.002511    0.475961 v _144_/A (sg13g2_nand2_1)
     2    0.008186    0.046905    0.054030    0.529991 ^ _144_/Y (sg13g2_nand2_1)
                                                         _113_ (net)
                      0.046908    0.000286    0.530277 ^ _212_/B (sg13g2_nor2_1)
     2    0.007791    0.035405    0.047932    0.578209 v _212_/Y (sg13g2_nor2_1)
                                                         net26 (net)
                      0.035422    0.000300    0.578509 v _213_/C (sg13g2_nand3_1)
     2    0.011665    0.059322    0.069762    0.648271 ^ _213_/Y (sg13g2_nand3_1)
                                                         _040_ (net)
                      0.059335    0.000701    0.648972 ^ _214_/B (sg13g2_xnor2_1)
     1    0.002081    0.029163    0.060050    0.709022 v _214_/Y (sg13g2_xnor2_1)
                                                         CTRL.P1 (net)
                      0.029163    0.000080    0.709103 v hold2/A (sg13g2_dlygate4sd3_1)
     1    0.003316    0.037828    0.372806    1.081908 v hold2/X (sg13g2_dlygate4sd3_1)
                                                         net39 (net)
                      0.037828    0.000225    1.082134 v _300_/D (sg13g2_dfrbpq_1)
                                              1.082134   data arrival time

                                  0.000000    0.000000   clock clockone (rise edge)
                                  0.000000    0.000000   clock source latency
     1    0.016051    0.000000    0.000000    0.000000 ^ clk (in)
                                                         clk (net)
                      0.001947    0.000974    0.000974 ^ clkbuf_0_clk/A (sg13g2_buf_8)
     2    0.021047    0.022746    0.055353    0.056326 ^ clkbuf_0_clk/X (sg13g2_buf_8)
                                                         clknet_0_clk (net)
                      0.022753    0.000737    0.057064 ^ clkbuf_1_0__f_clk/A (sg13g2_buf_8)
     5    0.022943    0.024563    0.066166    0.123229 ^ clkbuf_1_0__f_clk/X (sg13g2_buf_8)
                                                         clknet_1_0__leaf_clk (net)
                      0.024580    0.001165    0.124395 ^ _300_/CLK (sg13g2_dfrbpq_1)
                                  0.200000    0.324395   clock uncertainty
                                  0.000000    0.324395   clock reconvergence pessimism
                                 -0.039079    0.285315   library hold time
                                              0.285315   data required time
---------------------------------------------------------------------------------------------
                                              0.285315   data required time
                                             -1.082134   data arrival time
---------------------------------------------------------------------------------------------
                                              0.796818   slack (MET)



%OL_END_REPORT
%OL_CREATE_REPORT max.rpt

===========================================================================
report_checks -path_delay max (Setup)
============================================================================
======================= nom_typ_1p20V_25C Corner ===================================

Startpoint: _301_ (rising edge-triggered flip-flop clocked by clockone)
Endpoint: _299_ (rising edge-triggered flip-flop clocked by clockone)
Path Group: clockone
Path Type: max

Fanout         Cap        Slew       Delay        Time   Description
---------------------------------------------------------------------------------------------
                                  0.000000    0.000000   clock clockone (rise edge)
                                  0.000000    0.000000   clock source latency
     1    0.016051    0.000000    0.000000    0.000000 ^ clk (in)
                                                         clk (net)
                      0.001947    0.000974    0.000974 ^ clkbuf_0_clk/A (sg13g2_buf_8)
     2    0.021047    0.022746    0.055353    0.056326 ^ clkbuf_0_clk/X (sg13g2_buf_8)
                                                         clknet_0_clk (net)
                      0.022753    0.000737    0.057064 ^ clkbuf_1_0__f_clk/A (sg13g2_buf_8)
     5    0.022943    0.024563    0.066166    0.123229 ^ clkbuf_1_0__f_clk/X (sg13g2_buf_8)
                                                         clknet_1_0__leaf_clk (net)
                      0.024580    0.001156    0.124385 ^ _301_/CLK (sg13g2_dfrbpq_1)
     1    0.003528    0.021026    0.163304    0.287689 v _301_/Q (sg13g2_dfrbpq_1)
                                                         CTRL.S0 (net)
                      0.021178    0.000216    0.287904 v hold3/A (sg13g2_dlygate4sd3_1)
     1    0.009597    0.055974    0.390103    0.678008 v hold3/X (sg13g2_dlygate4sd3_1)
                                                         net40 (net)
                      0.055974    0.000419    0.678426 v fanout53/A (sg13g2_buf_8)
     6    0.031176    0.027704    0.091166    0.769592 v fanout53/X (sg13g2_buf_8)
                                                         net53 (net)
                      0.027732    0.001489    0.771081 v fanout52/A (sg13g2_buf_8)
     8    0.040057    0.029656    0.080400    0.851482 v fanout52/X (sg13g2_buf_8)
                                                         net52 (net)
                      0.029843    0.001192    0.852674 v _191_/B (sg13g2_xnor2_1)
     2    0.010362    0.078066    0.114606    0.967280 v _191_/Y (sg13g2_xnor2_1)
                                                         _025_ (net)
                      0.078068    0.000328    0.967608 v _193_/A2 (sg13g2_o21ai_1)
     2    0.011949    0.151945    0.160003    1.127611 ^ _193_/Y (sg13g2_o21ai_1)
                                                         _026_ (net)
                      0.151950    0.000696    1.128307 ^ _197_/A1 (sg13g2_a21oi_1)
     2    0.011558    0.102726    0.138307    1.266614 v _197_/Y (sg13g2_a21oi_1)
                                                         _029_ (net)
                      0.102728    0.000689    1.267303 v _203_/A1 (sg13g2_o21ai_1)
     2    0.010910    0.142435    0.167886    1.435189 ^ _203_/Y (sg13g2_o21ai_1)
                                                         _034_ (net)
                      0.142440    0.000656    1.435846 ^ _207_/A2 (sg13g2_a21oi_1)
     2    0.010398    0.089605    0.130089    1.565935 v _207_/Y (sg13g2_a21oi_1)
                                                         _037_ (net)
                      0.089606    0.000493    1.566428 v _209_/A2 (sg13g2_o21ai_1)
     1    0.007013    0.109281    0.129047    1.695475 ^ _209_/Y (sg13g2_o21ai_1)
                                                         _038_ (net)
                      0.109281    0.000300    1.695775 ^ _211_/A (sg13g2_xnor2_1)
     1    0.001895    0.056495    0.110134    1.805909 ^ _211_/Y (sg13g2_xnor2_1)
                                                         DPATH.SUM.fa_6.S (net)
                      0.056495    0.000068    1.805978 ^ _299_/D (sg13g2_dfrbpq_1)
                                              1.805978   data arrival time

                                  5.000000    5.000000   clock clockone (rise edge)
                                  0.000000    5.000000   clock source latency
     1    0.016051    0.000000    0.000000    5.000000 ^ clk (in)
                                                         clk (net)
                      0.001947    0.000973    5.000974 ^ clkbuf_0_clk/A (sg13g2_buf_8)
     2    0.021047    0.022746    0.055353    5.056326 ^ clkbuf_0_clk/X (sg13g2_buf_8)
                                                         clknet_0_clk (net)
                      0.022763    0.001123    5.057449 ^ clkbuf_1_1__f_clk/A (sg13g2_buf_8)
     5    0.018992    0.022816    0.064760    5.122209 ^ clkbuf_1_1__f_clk/X (sg13g2_buf_8)
                                                         clknet_1_1__leaf_clk (net)
                      0.022822    0.000861    5.123070 ^ _299_/CLK (sg13g2_dfrbpq_1)
                                 -0.200000    4.923069   clock uncertainty
                                  0.000000    4.923069   clock reconvergence pessimism
                                 -0.124174    4.798895   library setup time
                                              4.798895   data required time
---------------------------------------------------------------------------------------------
                                              4.798895   data required time
                                             -1.805978   data arrival time
---------------------------------------------------------------------------------------------
                                              2.992918   slack (MET)


Startpoint: _295_ (rising edge-triggered flip-flop clocked by clockone)
Endpoint: _300_ (rising edge-triggered flip-flop clocked by clockone)
Path Group: clockone
Path Type: max

Fanout         Cap        Slew       Delay        Time   Description
---------------------------------------------------------------------------------------------
                                  0.000000    0.000000   clock clockone (rise edge)
                                  0.000000    0.000000   clock source latency
     1    0.016051    0.000000    0.000000    0.000000 ^ clk (in)
                                                         clk (net)
                      0.001947    0.000974    0.000974 ^ clkbuf_0_clk/A (sg13g2_buf_8)
     2    0.021047    0.022746    0.055353    0.056326 ^ clkbuf_0_clk/X (sg13g2_buf_8)
                                                         clknet_0_clk (net)
                      0.022763    0.001123    0.057449 ^ clkbuf_1_1__f_clk/A (sg13g2_buf_8)
     5    0.018992    0.022816    0.064760    0.122209 ^ clkbuf_1_1__f_clk/X (sg13g2_buf_8)
                                                         clknet_1_1__leaf_clk (net)
                      0.022819    0.000633    0.122842 ^ _295_/CLK (sg13g2_dfrbpq_1)
     1    0.002649    0.018874    0.160334    0.283176 v _295_/Q (sg13g2_dfrbpq_1)
                                                         DPATH.SUM.fa_2.A (net)
                      0.018874    0.000095    0.283271 v hold5/A (sg13g2_dlygate4sd3_1)
     1    0.009872    0.056863    0.389778    0.673049 v hold5/X (sg13g2_dlygate4sd3_1)
                                                         net42 (net)
                      0.056863    0.000436    0.673486 v fanout70/A (sg13g2_buf_8)
     8    0.049386    0.034082    0.096683    0.770169 v fanout70/X (sg13g2_buf_8)
                                                         net70 (net)
                      0.034291    0.001763    0.771932 v fanout69/A (sg13g2_buf_8)
     8    0.037832    0.029151    0.082798    0.854730 v fanout69/X (sg13g2_buf_8)
                                                         net69 (net)
                      0.029219    0.000922    0.855652 v _140_/B (sg13g2_nor2_2)
     5    0.027505    0.127108    0.114959    0.970610 ^ _140_/Y (sg13g2_nor2_2)
                                                         _109_ (net)
                      0.127188    0.002603    0.973213 ^ _144_/A (sg13g2_nand2_1)
     2    0.007803    0.071587    0.094808    1.068021 v _144_/Y (sg13g2_nand2_1)
                                                         _113_ (net)
                      0.071587    0.000272    1.068293 v _212_/B (sg13g2_nor2_1)
     2    0.008092    0.089498    0.095438    1.163731 ^ _212_/Y (sg13g2_nor2_1)
                                                         net26 (net)
                      0.089500    0.000315    1.164047 ^ _213_/C (sg13g2_nand3_1)
     2    0.011442    0.116366    0.145664    1.309711 v _213_/Y (sg13g2_nand3_1)
                                                         _040_ (net)
                      0.116412    0.000692    1.310403 v _214_/B (sg13g2_xnor2_1)
     1    0.002081    0.035776    0.113800    1.424203 v _214_/Y (sg13g2_xnor2_1)
                                                         CTRL.P1 (net)
                      0.035776    0.000080    1.424283 v hold2/A (sg13g2_dlygate4sd3_1)
     1    0.003316    0.037829    0.376464    1.800747 v hold2/X (sg13g2_dlygate4sd3_1)
                                                         net39 (net)
                      0.037829    0.000225    1.800972 v _300_/D (sg13g2_dfrbpq_1)
                                              1.800972   data arrival time

                                  5.000000    5.000000   clock clockone (rise edge)
                                  0.000000    5.000000   clock source latency
     1    0.016051    0.000000    0.000000    5.000000 ^ clk (in)
                                                         clk (net)
                      0.001947    0.000973    5.000974 ^ clkbuf_0_clk/A (sg13g2_buf_8)
     2    0.021047    0.022746    0.055353    5.056326 ^ clkbuf_0_clk/X (sg13g2_buf_8)
                                                         clknet_0_clk (net)
                      0.022753    0.000738    5.057064 ^ clkbuf_1_0__f_clk/A (sg13g2_buf_8)
     5    0.022943    0.024563    0.066166    5.123230 ^ clkbuf_1_0__f_clk/X (sg13g2_buf_8)
                                                         clknet_1_0__leaf_clk (net)
                      0.024580    0.001165    5.124395 ^ _300_/CLK (sg13g2_dfrbpq_1)
                                 -0.200000    4.924395   clock uncertainty
                                  0.000000    4.924395   clock reconvergence pessimism
                                 -0.117878    4.806517   library setup time
                                              4.806517   data required time
---------------------------------------------------------------------------------------------
                                              4.806517   data required time
                                             -1.800972   data arrival time
---------------------------------------------------------------------------------------------
                                              3.005545   slack (MET)


Startpoint: _301_ (rising edge-triggered flip-flop clocked by clockone)
Endpoint: _298_ (rising edge-triggered flip-flop clocked by clockone)
Path Group: clockone
Path Type: max

Fanout         Cap        Slew       Delay        Time   Description
---------------------------------------------------------------------------------------------
                                  0.000000    0.000000   clock clockone (rise edge)
                                  0.000000    0.000000   clock source latency
     1    0.016051    0.000000    0.000000    0.000000 ^ clk (in)
                                                         clk (net)
                      0.001947    0.000974    0.000974 ^ clkbuf_0_clk/A (sg13g2_buf_8)
     2    0.021047    0.022746    0.055353    0.056326 ^ clkbuf_0_clk/X (sg13g2_buf_8)
                                                         clknet_0_clk (net)
                      0.022753    0.000737    0.057064 ^ clkbuf_1_0__f_clk/A (sg13g2_buf_8)
     5    0.022943    0.024563    0.066166    0.123229 ^ clkbuf_1_0__f_clk/X (sg13g2_buf_8)
                                                         clknet_1_0__leaf_clk (net)
                      0.024580    0.001156    0.124385 ^ _301_/CLK (sg13g2_dfrbpq_1)
     1    0.003528    0.021026    0.163304    0.287689 v _301_/Q (sg13g2_dfrbpq_1)
                                                         CTRL.S0 (net)
                      0.021178    0.000216    0.287904 v hold3/A (sg13g2_dlygate4sd3_1)
     1    0.009597    0.055974    0.390103    0.678008 v hold3/X (sg13g2_dlygate4sd3_1)
                                                         net40 (net)
                      0.055974    0.000419    0.678426 v fanout53/A (sg13g2_buf_8)
     6    0.031176    0.027704    0.091166    0.769592 v fanout53/X (sg13g2_buf_8)
                                                         net53 (net)
                      0.027732    0.001489    0.771081 v fanout52/A (sg13g2_buf_8)
     8    0.040057    0.029656    0.080400    0.851482 v fanout52/X (sg13g2_buf_8)
                                                         net52 (net)
                      0.029843    0.001192    0.852674 v _191_/B (sg13g2_xnor2_1)
     2    0.010362    0.078066    0.114606    0.967280 v _191_/Y (sg13g2_xnor2_1)
                                                         _025_ (net)
                      0.078068    0.000328    0.967608 v _193_/A2 (sg13g2_o21ai_1)
     2    0.011949    0.151945    0.160003    1.127611 ^ _193_/Y (sg13g2_o21ai_1)
                                                         _026_ (net)
                      0.151950    0.000696    1.128307 ^ _197_/A1 (sg13g2_a21oi_1)
     2    0.011558    0.102726    0.138307    1.266614 v _197_/Y (sg13g2_a21oi_1)
                                                         _029_ (net)
                      0.102728    0.000689    1.267303 v _203_/A1 (sg13g2_o21ai_1)
     2    0.010910    0.142435    0.167886    1.435189 ^ _203_/Y (sg13g2_o21ai_1)
                                                         _034_ (net)
                      0.142440    0.000656    1.435846 ^ _207_/A2 (sg13g2_a21oi_1)
     2    0.010398    0.089605    0.130089    1.565935 v _207_/Y (sg13g2_a21oi_1)
                                                         _037_ (net)
                      0.089605    0.000339    1.566273 v _208_/B (sg13g2_xor2_1)
     1    0.002636    0.053610    0.113893    1.680166 v _208_/X (sg13g2_xor2_1)
                                                         DPATH.SUM.fa_5.S (net)
                      0.053611    0.000182    1.680348 v _298_/D (sg13g2_dfrbpq_2)
                                              1.680348   data arrival time

                                  5.000000    5.000000   clock clockone (rise edge)
                                  0.000000    5.000000   clock source latency
     1    0.016051    0.000000    0.000000    5.000000 ^ clk (in)
                                                         clk (net)
                      0.001947    0.000973    5.000974 ^ clkbuf_0_clk/A (sg13g2_buf_8)
     2    0.021047    0.022746    0.055353    5.056326 ^ clkbuf_0_clk/X (sg13g2_buf_8)
                                                         clknet_0_clk (net)
                      0.022763    0.001123    5.057449 ^ clkbuf_1_1__f_clk/A (sg13g2_buf_8)
     5    0.018992    0.022816    0.064760    5.122209 ^ clkbuf_1_1__f_clk/X (sg13g2_buf_8)
                                                         clknet_1_1__leaf_clk (net)
                      0.022818    0.000571    5.122780 ^ _298_/CLK (sg13g2_dfrbpq_2)
                                 -0.200000    4.922780   clock uncertainty
                                  0.000000    4.922780   clock reconvergence pessimism
                                 -0.124013    4.798767   library setup time
                                              4.798767   data required time
---------------------------------------------------------------------------------------------
                                              4.798767   data required time
                                             -1.680348   data arrival time
---------------------------------------------------------------------------------------------
                                              3.118419   slack (MET)


Startpoint: _301_ (rising edge-triggered flip-flop clocked by clockone)
Endpoint: _297_ (rising edge-triggered flip-flop clocked by clockone)
Path Group: clockone
Path Type: max

Fanout         Cap        Slew       Delay        Time   Description
---------------------------------------------------------------------------------------------
                                  0.000000    0.000000   clock clockone (rise edge)
                                  0.000000    0.000000   clock source latency
     1    0.016051    0.000000    0.000000    0.000000 ^ clk (in)
                                                         clk (net)
                      0.001947    0.000974    0.000974 ^ clkbuf_0_clk/A (sg13g2_buf_8)
     2    0.021047    0.022746    0.055353    0.056326 ^ clkbuf_0_clk/X (sg13g2_buf_8)
                                                         clknet_0_clk (net)
                      0.022753    0.000737    0.057064 ^ clkbuf_1_0__f_clk/A (sg13g2_buf_8)
     5    0.022943    0.024563    0.066166    0.123229 ^ clkbuf_1_0__f_clk/X (sg13g2_buf_8)
                                                         clknet_1_0__leaf_clk (net)
                      0.024580    0.001156    0.124385 ^ _301_/CLK (sg13g2_dfrbpq_1)
     1    0.003528    0.021026    0.163304    0.287689 v _301_/Q (sg13g2_dfrbpq_1)
                                                         CTRL.S0 (net)
                      0.021178    0.000216    0.287904 v hold3/A (sg13g2_dlygate4sd3_1)
     1    0.009597    0.055974    0.390103    0.678008 v hold3/X (sg13g2_dlygate4sd3_1)
                                                         net40 (net)
                      0.055974    0.000419    0.678426 v fanout53/A (sg13g2_buf_8)
     6    0.031176    0.027704    0.091166    0.769592 v fanout53/X (sg13g2_buf_8)
                                                         net53 (net)
                      0.027732    0.001489    0.771081 v fanout52/A (sg13g2_buf_8)
     8    0.040057    0.029656    0.080400    0.851482 v fanout52/X (sg13g2_buf_8)
                                                         net52 (net)
                      0.029843    0.001192    0.852674 v _191_/B (sg13g2_xnor2_1)
     2    0.010362    0.078066    0.114606    0.967280 v _191_/Y (sg13g2_xnor2_1)
                                                         _025_ (net)
                      0.078068    0.000328    0.967608 v _193_/A2 (sg13g2_o21ai_1)
     2    0.011949    0.151945    0.160003    1.127611 ^ _193_/Y (sg13g2_o21ai_1)
                                                         _026_ (net)
                      0.151950    0.000696    1.128307 ^ _197_/A1 (sg13g2_a21oi_1)
     2    0.011558    0.102726    0.138307    1.266614 v _197_/Y (sg13g2_a21oi_1)
                                                         _029_ (net)
                      0.102728    0.000689    1.267303 v _203_/A1 (sg13g2_o21ai_1)
     2    0.010910    0.142435    0.167886    1.435189 ^ _203_/Y (sg13g2_o21ai_1)
                                                         _034_ (net)
                      0.142441    0.000700    1.435890 ^ _204_/B (sg13g2_xor2_1)
     1    0.002377    0.054635    0.126796    1.562685 ^ _204_/X (sg13g2_xor2_1)
                                                         DPATH.SUM.fa_4.S (net)
                      0.054635    0.000156    1.562841 ^ _297_/D (sg13g2_dfrbpq_1)
                                              1.562841   data arrival time

                                  5.000000    5.000000   clock clockone (rise edge)
                                  0.000000    5.000000   clock source latency
     1    0.016051    0.000000    0.000000    5.000000 ^ clk (in)
                                                         clk (net)
                      0.001947    0.000973    5.000974 ^ clkbuf_0_clk/A (sg13g2_buf_8)
     2    0.021047    0.022746    0.055353    5.056326 ^ clkbuf_0_clk/X (sg13g2_buf_8)
                                                         clknet_0_clk (net)
                      0.022763    0.001123    5.057449 ^ clkbuf_1_1__f_clk/A (sg13g2_buf_8)
     5    0.018992    0.022816    0.064760    5.122209 ^ clkbuf_1_1__f_clk/X (sg13g2_buf_8)
                                                         clknet_1_1__leaf_clk (net)
                      0.022818    0.000527    5.122736 ^ _297_/CLK (sg13g2_dfrbpq_1)
                                 -0.200000    4.922736   clock uncertainty
                                  0.000000    4.922736   clock reconvergence pessimism
                                 -0.123571    4.799165   library setup time
                                              4.799165   data required time
---------------------------------------------------------------------------------------------
                                              4.799165   data required time
                                             -1.562841   data arrival time
---------------------------------------------------------------------------------------------
                                              3.236323   slack (MET)


Startpoint: _295_ (rising edge-triggered flip-flop clocked by clockone)
Endpoint: _301_ (rising edge-triggered flip-flop clocked by clockone)
Path Group: clockone
Path Type: max

Fanout         Cap        Slew       Delay        Time   Description
---------------------------------------------------------------------------------------------
                                  0.000000    0.000000   clock clockone (rise edge)
                                  0.000000    0.000000   clock source latency
     1    0.016051    0.000000    0.000000    0.000000 ^ clk (in)
                                                         clk (net)
                      0.001947    0.000974    0.000974 ^ clkbuf_0_clk/A (sg13g2_buf_8)
     2    0.021047    0.022746    0.055353    0.056326 ^ clkbuf_0_clk/X (sg13g2_buf_8)
                                                         clknet_0_clk (net)
                      0.022763    0.001123    0.057449 ^ clkbuf_1_1__f_clk/A (sg13g2_buf_8)
     5    0.018992    0.022816    0.064760    0.122209 ^ clkbuf_1_1__f_clk/X (sg13g2_buf_8)
                                                         clknet_1_1__leaf_clk (net)
                      0.022819    0.000633    0.122842 ^ _295_/CLK (sg13g2_dfrbpq_1)
     1    0.002649    0.018874    0.160334    0.283176 v _295_/Q (sg13g2_dfrbpq_1)
                                                         DPATH.SUM.fa_2.A (net)
                      0.018874    0.000095    0.283271 v hold5/A (sg13g2_dlygate4sd3_1)
     1    0.009872    0.056863    0.389778    0.673049 v hold5/X (sg13g2_dlygate4sd3_1)
                                                         net42 (net)
                      0.056863    0.000436    0.673486 v fanout70/A (sg13g2_buf_8)
     8    0.049386    0.034082    0.096683    0.770169 v fanout70/X (sg13g2_buf_8)
                                                         net70 (net)
                      0.034291    0.001763    0.771932 v fanout69/A (sg13g2_buf_8)
     8    0.037832    0.029151    0.082798    0.854730 v fanout69/X (sg13g2_buf_8)
                                                         net69 (net)
                      0.029219    0.000922    0.855652 v _140_/B (sg13g2_nor2_2)
     5    0.027505    0.127108    0.114959    0.970610 ^ _140_/Y (sg13g2_nor2_2)
                                                         _109_ (net)
                      0.127188    0.002603    0.973213 ^ _144_/A (sg13g2_nand2_1)
     2    0.007803    0.071587    0.094808    1.068021 v _144_/Y (sg13g2_nand2_1)
                                                         _113_ (net)
                      0.071587    0.000272    1.068293 v _212_/B (sg13g2_nor2_1)
     2    0.008092    0.089498    0.095438    1.163731 ^ _212_/Y (sg13g2_nor2_1)
                                                         net26 (net)
                      0.089500    0.000315    1.164047 ^ _213_/C (sg13g2_nand3_1)
     2    0.011442    0.116366    0.145664    1.309711 v _213_/Y (sg13g2_nand3_1)
                                                         _040_ (net)
                      0.116408    0.000407    1.310118 v _218_/B1 (sg13g2_o21ai_1)
     1    0.003624    0.072984    0.065263    1.375381 ^ _218_/Y (sg13g2_o21ai_1)
                                                         _044_ (net)
                      0.072984    0.000144    1.375525 ^ _219_/A (sg13g2_inv_1)
     1    0.003359    0.026720    0.041036    1.416561 v _219_/Y (sg13g2_inv_1)
                                                         CTRL.P0 (net)
                      0.026720    0.000227    1.416788 v _301_/D (sg13g2_dfrbpq_1)
                                              1.416788   data arrival time

                                  5.000000    5.000000   clock clockone (rise edge)
                                  0.000000    5.000000   clock source latency
     1    0.016051    0.000000    0.000000    5.000000 ^ clk (in)
                                                         clk (net)
                      0.001947    0.000973    5.000974 ^ clkbuf_0_clk/A (sg13g2_buf_8)
     2    0.021047    0.022746    0.055353    5.056326 ^ clkbuf_0_clk/X (sg13g2_buf_8)
                                                         clknet_0_clk (net)
                      0.022753    0.000738    5.057064 ^ clkbuf_1_0__f_clk/A (sg13g2_buf_8)
     5    0.022943    0.024563    0.066166    5.123230 ^ clkbuf_1_0__f_clk/X (sg13g2_buf_8)
                                                         clknet_1_0__leaf_clk (net)
                      0.024580    0.001156    5.124385 ^ _301_/CLK (sg13g2_dfrbpq_1)
                                 -0.200000    4.924385   clock uncertainty
                                  0.000000    4.924385   clock reconvergence pessimism
                                 -0.113876    4.810509   library setup time
                                              4.810509   data required time
---------------------------------------------------------------------------------------------
                                              4.810509   data required time
                                             -1.416788   data arrival time
---------------------------------------------------------------------------------------------
                                              3.393721   slack (MET)


Startpoint: _301_ (rising edge-triggered flip-flop clocked by clockone)
Endpoint: _296_ (rising edge-triggered flip-flop clocked by clockone)
Path Group: clockone
Path Type: max

Fanout         Cap        Slew       Delay        Time   Description
---------------------------------------------------------------------------------------------
                                  0.000000    0.000000   clock clockone (rise edge)
                                  0.000000    0.000000   clock source latency
     1    0.016051    0.000000    0.000000    0.000000 ^ clk (in)
                                                         clk (net)
                      0.001947    0.000974    0.000974 ^ clkbuf_0_clk/A (sg13g2_buf_8)
     2    0.021047    0.022746    0.055353    0.056326 ^ clkbuf_0_clk/X (sg13g2_buf_8)
                                                         clknet_0_clk (net)
                      0.022753    0.000737    0.057064 ^ clkbuf_1_0__f_clk/A (sg13g2_buf_8)
     5    0.022943    0.024563    0.066166    0.123229 ^ clkbuf_1_0__f_clk/X (sg13g2_buf_8)
                                                         clknet_1_0__leaf_clk (net)
                      0.024580    0.001156    0.124385 ^ _301_/CLK (sg13g2_dfrbpq_1)
     1    0.003528    0.021026    0.163304    0.287689 v _301_/Q (sg13g2_dfrbpq_1)
                                                         CTRL.S0 (net)
                      0.021178    0.000216    0.287904 v hold3/A (sg13g2_dlygate4sd3_1)
     1    0.009597    0.055974    0.390103    0.678008 v hold3/X (sg13g2_dlygate4sd3_1)
                                                         net40 (net)
                      0.055974    0.000419    0.678426 v fanout53/A (sg13g2_buf_8)
     6    0.031176    0.027704    0.091166    0.769592 v fanout53/X (sg13g2_buf_8)
                                                         net53 (net)
                      0.027732    0.001489    0.771081 v fanout52/A (sg13g2_buf_8)
     8    0.040057    0.029656    0.080400    0.851482 v fanout52/X (sg13g2_buf_8)
                                                         net52 (net)
                      0.029843    0.001192    0.852674 v _191_/B (sg13g2_xnor2_1)
     2    0.010362    0.078066    0.114606    0.967280 v _191_/Y (sg13g2_xnor2_1)
                                                         _025_ (net)
                      0.078068    0.000328    0.967608 v _193_/A2 (sg13g2_o21ai_1)
     2    0.011949    0.151945    0.160003    1.127611 ^ _193_/Y (sg13g2_o21ai_1)
                                                         _026_ (net)
                      0.151950    0.000696    1.128307 ^ _197_/A1 (sg13g2_a21oi_1)
     2    0.011558    0.102726    0.138307    1.266614 v _197_/Y (sg13g2_a21oi_1)
                                                         _029_ (net)
                      0.102729    0.000754    1.267368 v _200_/A (sg13g2_xor2_1)
     1    0.002809    0.054225    0.123156    1.390524 v _200_/X (sg13g2_xor2_1)
                                                         DPATH.SUM.fa_3.S (net)
                      0.054225    0.000176    1.390700 v _296_/D (sg13g2_dfrbpq_1)
                                              1.390700   data arrival time

                                  5.000000    5.000000   clock clockone (rise edge)
                                  0.000000    5.000000   clock source latency
     1    0.016051    0.000000    0.000000    5.000000 ^ clk (in)
                                                         clk (net)
                      0.001947    0.000973    5.000974 ^ clkbuf_0_clk/A (sg13g2_buf_8)
     2    0.021047    0.022746    0.055353    5.056326 ^ clkbuf_0_clk/X (sg13g2_buf_8)
                                                         clknet_0_clk (net)
                      0.022753    0.000738    5.057064 ^ clkbuf_1_0__f_clk/A (sg13g2_buf_8)
     5    0.022943    0.024563    0.066166    5.123230 ^ clkbuf_1_0__f_clk/X (sg13g2_buf_8)
                                                         clknet_1_0__leaf_clk (net)
                      0.024580    0.001149    5.124378 ^ _296_/CLK (sg13g2_dfrbpq_1)
                                 -0.200000    4.924378   clock uncertainty
                                  0.000000    4.924378   clock reconvergence pessimism
                                 -0.123786    4.800593   library setup time
                                              4.800593   data required time
---------------------------------------------------------------------------------------------
                                              4.800593   data required time
                                             -1.390700   data arrival time
---------------------------------------------------------------------------------------------
                                              3.409893   slack (MET)


Startpoint: _301_ (rising edge-triggered flip-flop clocked by clockone)
Endpoint: _295_ (rising edge-triggered flip-flop clocked by clockone)
Path Group: clockone
Path Type: max

Fanout         Cap        Slew       Delay        Time   Description
---------------------------------------------------------------------------------------------
                                  0.000000    0.000000   clock clockone (rise edge)
                                  0.000000    0.000000   clock source latency
     1    0.016051    0.000000    0.000000    0.000000 ^ clk (in)
                                                         clk (net)
                      0.001947    0.000974    0.000974 ^ clkbuf_0_clk/A (sg13g2_buf_8)
     2    0.021047    0.022746    0.055353    0.056326 ^ clkbuf_0_clk/X (sg13g2_buf_8)
                                                         clknet_0_clk (net)
                      0.022753    0.000737    0.057064 ^ clkbuf_1_0__f_clk/A (sg13g2_buf_8)
     5    0.022943    0.024563    0.066166    0.123229 ^ clkbuf_1_0__f_clk/X (sg13g2_buf_8)
                                                         clknet_1_0__leaf_clk (net)
                      0.024580    0.001156    0.124385 ^ _301_/CLK (sg13g2_dfrbpq_1)
     1    0.003528    0.021026    0.163304    0.287689 v _301_/Q (sg13g2_dfrbpq_1)
                                                         CTRL.S0 (net)
                      0.021178    0.000216    0.287904 v hold3/A (sg13g2_dlygate4sd3_1)
     1    0.009597    0.055974    0.390103    0.678008 v hold3/X (sg13g2_dlygate4sd3_1)
                                                         net40 (net)
                      0.055974    0.000419    0.678426 v fanout53/A (sg13g2_buf_8)
     6    0.031176    0.027704    0.091166    0.769592 v fanout53/X (sg13g2_buf_8)
                                                         net53 (net)
                      0.027732    0.001489    0.771081 v fanout52/A (sg13g2_buf_8)
     8    0.040057    0.029656    0.080400    0.851482 v fanout52/X (sg13g2_buf_8)
                                                         net52 (net)
                      0.029843    0.001192    0.852674 v _191_/B (sg13g2_xnor2_1)
     2    0.010362    0.078066    0.114606    0.967280 v _191_/Y (sg13g2_xnor2_1)
                                                         _025_ (net)
                      0.078068    0.000328    0.967608 v _193_/A2 (sg13g2_o21ai_1)
     2    0.011949    0.151945    0.160003    1.127611 ^ _193_/Y (sg13g2_o21ai_1)
                                                         _026_ (net)
                      0.151952    0.000802    1.128413 ^ _196_/A (sg13g2_xor2_1)
     1    0.003648    0.067860    0.142140    1.270553 ^ _196_/X (sg13g2_xor2_1)
                                                         DPATH.SUM.fa_2.S (net)
                      0.067860    0.000231    1.270784 ^ _295_/D (sg13g2_dfrbpq_1)
                                              1.270784   data arrival time

                                  5.000000    5.000000   clock clockone (rise edge)
                                  0.000000    5.000000   clock source latency
     1    0.016051    0.000000    0.000000    5.000000 ^ clk (in)
                                                         clk (net)
                      0.001947    0.000973    5.000974 ^ clkbuf_0_clk/A (sg13g2_buf_8)
     2    0.021047    0.022746    0.055353    5.056326 ^ clkbuf_0_clk/X (sg13g2_buf_8)
                                                         clknet_0_clk (net)
                      0.022763    0.001123    5.057449 ^ clkbuf_1_1__f_clk/A (sg13g2_buf_8)
     5    0.018992    0.022816    0.064760    5.122209 ^ clkbuf_1_1__f_clk/X (sg13g2_buf_8)
                                                         clknet_1_1__leaf_clk (net)
                      0.022819    0.000633    5.122842 ^ _295_/CLK (sg13g2_dfrbpq_1)
                                 -0.200000    4.922842   clock uncertainty
                                  0.000000    4.922842   clock reconvergence pessimism
                                 -0.127867    4.794975   library setup time
                                              4.794975   data required time
---------------------------------------------------------------------------------------------
                                              4.794975   data required time
                                             -1.270784   data arrival time
---------------------------------------------------------------------------------------------
                                              3.524191   slack (MET)


Startpoint: _301_ (rising edge-triggered flip-flop clocked by clockone)
Endpoint: _294_ (rising edge-triggered flip-flop clocked by clockone)
Path Group: clockone
Path Type: max

Fanout         Cap        Slew       Delay        Time   Description
---------------------------------------------------------------------------------------------
                                  0.000000    0.000000   clock clockone (rise edge)
                                  0.000000    0.000000   clock source latency
     1    0.016051    0.000000    0.000000    0.000000 ^ clk (in)
                                                         clk (net)
                      0.001947    0.000974    0.000974 ^ clkbuf_0_clk/A (sg13g2_buf_8)
     2    0.021047    0.022746    0.055353    0.056326 ^ clkbuf_0_clk/X (sg13g2_buf_8)
                                                         clknet_0_clk (net)
                      0.022753    0.000737    0.057064 ^ clkbuf_1_0__f_clk/A (sg13g2_buf_8)
     5    0.022943    0.024563    0.066166    0.123229 ^ clkbuf_1_0__f_clk/X (sg13g2_buf_8)
                                                         clknet_1_0__leaf_clk (net)
                      0.024580    0.001156    0.124385 ^ _301_/CLK (sg13g2_dfrbpq_1)
     1    0.003528    0.021026    0.163304    0.287689 v _301_/Q (sg13g2_dfrbpq_1)
                                                         CTRL.S0 (net)
                      0.021178    0.000216    0.287904 v hold3/A (sg13g2_dlygate4sd3_1)
     1    0.009597    0.055974    0.390103    0.678008 v hold3/X (sg13g2_dlygate4sd3_1)
                                                         net40 (net)
                      0.055974    0.000419    0.678426 v fanout53/A (sg13g2_buf_8)
     6    0.031176    0.027704    0.091166    0.769592 v fanout53/X (sg13g2_buf_8)
                                                         net53 (net)
                      0.027732    0.001489    0.771081 v fanout52/A (sg13g2_buf_8)
     8    0.040057    0.029656    0.080400    0.851482 v fanout52/X (sg13g2_buf_8)
                                                         net52 (net)
                      0.029843    0.001192    0.852674 v _191_/B (sg13g2_xnor2_1)
     2    0.010778    0.115393    0.109538    0.962212 ^ _191_/Y (sg13g2_xnor2_1)
                                                         _025_ (net)
                      0.115398    0.000622    0.962835 ^ _192_/B (sg13g2_xnor2_1)
     1    0.003727    0.075144    0.113813    1.076648 ^ _192_/Y (sg13g2_xnor2_1)
                                                         DPATH.SUM.fa_1.S (net)
                      0.075144    0.000235    1.076883 ^ _294_/D (sg13g2_dfrbpq_1)
                                              1.076883   data arrival time

                                  5.000000    5.000000   clock clockone (rise edge)
                                  0.000000    5.000000   clock source latency
     1    0.016051    0.000000    0.000000    5.000000 ^ clk (in)
                                                         clk (net)
                      0.001947    0.000973    5.000974 ^ clkbuf_0_clk/A (sg13g2_buf_8)
     2    0.021047    0.022746    0.055353    5.056326 ^ clkbuf_0_clk/X (sg13g2_buf_8)
                                                         clknet_0_clk (net)
                      0.022753    0.000738    5.057064 ^ clkbuf_1_0__f_clk/A (sg13g2_buf_8)
     5    0.022943    0.024563    0.066166    5.123230 ^ clkbuf_1_0__f_clk/X (sg13g2_buf_8)
                                                         clknet_1_0__leaf_clk (net)
                      0.024580    0.001148    5.124377 ^ _294_/CLK (sg13g2_dfrbpq_1)
                                 -0.200000    4.924377   clock uncertainty
                                  0.000000    4.924377   clock reconvergence pessimism
                                 -0.129970    4.794407   library setup time
                                              4.794407   data required time
---------------------------------------------------------------------------------------------
                                              4.794407   data required time
                                             -1.076883   data arrival time
---------------------------------------------------------------------------------------------
                                              3.717524   slack (MET)


Startpoint: _293_ (rising edge-triggered flip-flop clocked by clockone)
Endpoint: _293_ (rising edge-triggered flip-flop clocked by clockone)
Path Group: clockone
Path Type: max

Fanout         Cap        Slew       Delay        Time   Description
---------------------------------------------------------------------------------------------
                                  0.000000    0.000000   clock clockone (rise edge)
                                  0.000000    0.000000   clock source latency
     1    0.016051    0.000000    0.000000    0.000000 ^ clk (in)
                                                         clk (net)
                      0.001947    0.000974    0.000974 ^ clkbuf_0_clk/A (sg13g2_buf_8)
     2    0.021047    0.022746    0.055353    0.056326 ^ clkbuf_0_clk/X (sg13g2_buf_8)
                                                         clknet_0_clk (net)
                      0.022753    0.000737    0.057064 ^ clkbuf_1_0__f_clk/A (sg13g2_buf_8)
     5    0.022943    0.024563    0.066166    0.123229 ^ clkbuf_1_0__f_clk/X (sg13g2_buf_8)
                                                         clknet_1_0__leaf_clk (net)
                      0.024565    0.000632    0.123861 ^ _293_/CLK (sg13g2_dfrbpq_1)
     1    0.002664    0.018917    0.161214    0.285076 v _293_/Q (sg13g2_dfrbpq_1)
                                                         DPATH.SUM.Cout0 (net)
                      0.018917    0.000096    0.285172 v hold4/A (sg13g2_dlygate4sd3_1)
     1    0.009696    0.056296    0.389191    0.674362 v hold4/X (sg13g2_dlygate4sd3_1)
                                                         net41 (net)
                      0.056296    0.000429    0.674791 v fanout74/A (sg13g2_buf_8)
     7    0.035185    0.028989    0.092093    0.766884 v fanout74/X (sg13g2_buf_8)
                                                         net74 (net)
                      0.029272    0.002437    0.769322 v fanout73/A (sg13g2_buf_8)
     8    0.041311    0.030215    0.081255    0.850577 v fanout73/X (sg13g2_buf_8)
                                                         net73 (net)
                      0.030339    0.001202    0.851779 v _128_/A (sg13g2_inv_2)
     5    0.017485    0.043299    0.045325    0.897104 ^ _128_/Y (sg13g2_inv_2)
                                                         DPATH.SUM.ha_0.S (net)
                      0.043306    0.000432    0.897536 ^ _293_/D (sg13g2_dfrbpq_1)
                                              0.897536   data arrival time

                                  5.000000    5.000000   clock clockone (rise edge)
                                  0.000000    5.000000   clock source latency
     1    0.016051    0.000000    0.000000    5.000000 ^ clk (in)
                                                         clk (net)
                      0.001947    0.000973    5.000974 ^ clkbuf_0_clk/A (sg13g2_buf_8)
     2    0.021047    0.022746    0.055353    5.056326 ^ clkbuf_0_clk/X (sg13g2_buf_8)
                                                         clknet_0_clk (net)
                      0.022753    0.000738    5.057064 ^ clkbuf_1_0__f_clk/A (sg13g2_buf_8)
     5    0.022943    0.024563    0.066166    5.123230 ^ clkbuf_1_0__f_clk/X (sg13g2_buf_8)
                                                         clknet_1_0__leaf_clk (net)
                      0.024565    0.000632    5.123861 ^ _293_/CLK (sg13g2_dfrbpq_1)
                                 -0.200000    4.923862   clock uncertainty
                                  0.000000    4.923862   clock reconvergence pessimism
                                 -0.119635    4.804227   library setup time
                                              4.804227   data required time
---------------------------------------------------------------------------------------------
                                              4.804227   data required time
                                             -0.897536   data arrival time
---------------------------------------------------------------------------------------------
                                              3.906691   slack (MET)



%OL_END_REPORT
%OL_CREATE_REPORT checks.rpt

===========================================================================
report_checks -unconstrained
===========================================================================
======================= nom_typ_1p20V_25C Corner ===================================

Startpoint: _301_ (rising edge-triggered flip-flop clocked by clockone)
Endpoint: _299_ (rising edge-triggered flip-flop clocked by clockone)
Path Group: clockone
Path Type: max

Fanout         Cap        Slew       Delay        Time   Description
---------------------------------------------------------------------------------------------
                                  0.000000    0.000000   clock clockone (rise edge)
                                  0.000000    0.000000   clock source latency
     1    0.016051    0.000000    0.000000    0.000000 ^ clk (in)
                                                         clk (net)
                      0.001947    0.000974    0.000974 ^ clkbuf_0_clk/A (sg13g2_buf_8)
     2    0.021047    0.022746    0.055353    0.056326 ^ clkbuf_0_clk/X (sg13g2_buf_8)
                                                         clknet_0_clk (net)
                      0.022753    0.000737    0.057064 ^ clkbuf_1_0__f_clk/A (sg13g2_buf_8)
     5    0.022943    0.024563    0.066166    0.123229 ^ clkbuf_1_0__f_clk/X (sg13g2_buf_8)
                                                         clknet_1_0__leaf_clk (net)
                      0.024580    0.001156    0.124385 ^ _301_/CLK (sg13g2_dfrbpq_1)
     1    0.003528    0.021026    0.163304    0.287689 v _301_/Q (sg13g2_dfrbpq_1)
                                                         CTRL.S0 (net)
                      0.021178    0.000216    0.287904 v hold3/A (sg13g2_dlygate4sd3_1)
     1    0.009597    0.055974    0.390103    0.678008 v hold3/X (sg13g2_dlygate4sd3_1)
                                                         net40 (net)
                      0.055974    0.000419    0.678426 v fanout53/A (sg13g2_buf_8)
     6    0.031176    0.027704    0.091166    0.769592 v fanout53/X (sg13g2_buf_8)
                                                         net53 (net)
                      0.027732    0.001489    0.771081 v fanout52/A (sg13g2_buf_8)
     8    0.040057    0.029656    0.080400    0.851482 v fanout52/X (sg13g2_buf_8)
                                                         net52 (net)
                      0.029843    0.001192    0.852674 v _191_/B (sg13g2_xnor2_1)
     2    0.010362    0.078066    0.114606    0.967280 v _191_/Y (sg13g2_xnor2_1)
                                                         _025_ (net)
                      0.078068    0.000328    0.967608 v _193_/A2 (sg13g2_o21ai_1)
     2    0.011949    0.151945    0.160003    1.127611 ^ _193_/Y (sg13g2_o21ai_1)
                                                         _026_ (net)
                      0.151950    0.000696    1.128307 ^ _197_/A1 (sg13g2_a21oi_1)
     2    0.011558    0.102726    0.138307    1.266614 v _197_/Y (sg13g2_a21oi_1)
                                                         _029_ (net)
                      0.102728    0.000689    1.267303 v _203_/A1 (sg13g2_o21ai_1)
     2    0.010910    0.142435    0.167886    1.435189 ^ _203_/Y (sg13g2_o21ai_1)
                                                         _034_ (net)
                      0.142440    0.000656    1.435846 ^ _207_/A2 (sg13g2_a21oi_1)
     2    0.010398    0.089605    0.130089    1.565935 v _207_/Y (sg13g2_a21oi_1)
                                                         _037_ (net)
                      0.089606    0.000493    1.566428 v _209_/A2 (sg13g2_o21ai_1)
     1    0.007013    0.109281    0.129047    1.695475 ^ _209_/Y (sg13g2_o21ai_1)
                                                         _038_ (net)
                      0.109281    0.000300    1.695775 ^ _211_/A (sg13g2_xnor2_1)
     1    0.001895    0.056495    0.110134    1.805909 ^ _211_/Y (sg13g2_xnor2_1)
                                                         DPATH.SUM.fa_6.S (net)
                      0.056495    0.000068    1.805978 ^ _299_/D (sg13g2_dfrbpq_1)
                                              1.805978   data arrival time

                                  5.000000    5.000000   clock clockone (rise edge)
                                  0.000000    5.000000   clock source latency
     1    0.016051    0.000000    0.000000    5.000000 ^ clk (in)
                                                         clk (net)
                      0.001947    0.000973    5.000974 ^ clkbuf_0_clk/A (sg13g2_buf_8)
     2    0.021047    0.022746    0.055353    5.056326 ^ clkbuf_0_clk/X (sg13g2_buf_8)
                                                         clknet_0_clk (net)
                      0.022763    0.001123    5.057449 ^ clkbuf_1_1__f_clk/A (sg13g2_buf_8)
     5    0.018992    0.022816    0.064760    5.122209 ^ clkbuf_1_1__f_clk/X (sg13g2_buf_8)
                                                         clknet_1_1__leaf_clk (net)
                      0.022822    0.000861    5.123070 ^ _299_/CLK (sg13g2_dfrbpq_1)
                                 -0.200000    4.923069   clock uncertainty
                                  0.000000    4.923069   clock reconvergence pessimism
                                 -0.124174    4.798895   library setup time
                                              4.798895   data required time
---------------------------------------------------------------------------------------------
                                              4.798895   data required time
                                             -1.805978   data arrival time
---------------------------------------------------------------------------------------------
                                              2.992918   slack (MET)




===========================================================================
report_checks --slack_max -0.01
============================================================================
======================= nom_typ_1p20V_25C Corner ===================================

No paths found.


===========================================================================
 report_check_types -max_slew -max_cap -max_fanout -violators
============================================================================
======================= nom_typ_1p20V_25C Corner ===================================



===========================================================================
report_parasitic_annotation -report_unannotated
============================================================================
Found 1 unannotated drivers.
 clkload0/Y
Found 0 partially unannotated drivers.

===========================================================================
max slew violation count 0
Writing metric design__max_slew_violation__count__corner:nom_typ_1p20V_25C: 0
max fanout violation count 0
Writing metric design__max_fanout_violation__count__corner:nom_typ_1p20V_25C: 0
max cap violation count 0
Writing metric design__max_cap_violation__count__corner:nom_typ_1p20V_25C: 0
============================================================================

===========================================================================
check_setup -verbose -unconstrained_endpoints -multiple_clock -no_clock -no_input_delay -loops -generated_clocks
===========================================================================
Warning: There are 35 unconstrained endpoints.
  sign
  signB
  sine_out[0]
  sine_out[10]
  sine_out[11]
  sine_out[12]
  sine_out[13]
  sine_out[14]
  sine_out[15]
  sine_out[16]
  sine_out[17]
  sine_out[18]
  sine_out[19]
  sine_out[1]
  sine_out[20]
  sine_out[21]
  sine_out[22]
  sine_out[23]
  sine_out[24]
  sine_out[25]
  sine_out[26]
  sine_out[27]
  sine_out[28]
  sine_out[29]
  sine_out[2]
  sine_out[30]
  sine_out[31]
  sine_out[32]
  sine_out[3]
  sine_out[4]
  sine_out[5]
  sine_out[6]
  sine_out[7]
  sine_out[8]
  sine_out[9]
%OL_END_REPORT
%OL_CREATE_REPORT power.rpt

===========================================================================
 report_power
============================================================================
======================= nom_typ_1p20V_25C Corner ===================================

Group                    Internal    Switching      Leakage        Total
                            Power        Power        Power        Power (Watts)
------------------------------------------------------------------------
Sequential           9.426026e-05 0.000000e+00 4.456792e-09 9.426472e-05  59.2%
Combinational        6.030504e-07 1.427358e-06 3.828855e-08 2.068697e-06   1.3%
Clock                4.465351e-05 1.813864e-05 2.315995e-09 6.279447e-05  39.5%
Macro                0.000000e+00 0.000000e+00 0.000000e+00 0.000000e+00   0.0%
Pad                  0.000000e+00 0.000000e+00 0.000000e+00 0.000000e+00   0.0%
------------------------------------------------------------------------
Total                1.395168e-04 1.956600e-05 4.506133e-08 1.591279e-04 100.0%
                            87.7%        12.3%         0.0%
Writing metric power__internal__total: 0.00013951682194601744
Writing metric power__switching__total: 1.956599771801848e-5
Writing metric power__leakage__total: 4.506132711412647e-8
Writing metric power__total: 0.00015912788512650877

%OL_END_REPORT
%OL_CREATE_REPORT skew.min.rpt

===========================================================================
Clock Skew (Hold)
============================================================================
Writing metric clock__skew__worst_hold__corner:nom_typ_1p20V_25C: -0.2016592921950542
======================= nom_typ_1p20V_25C Corner ===================================

Clock clockone
0.122736 source latency _297_/CLK ^
-0.124395 target latency _300_/CLK ^
-0.200000 clock uncertainty
0.000000 CRPR
--------------
-0.201659 hold skew

%OL_END_REPORT
%OL_CREATE_REPORT skew.max.rpt

===========================================================================
Clock Skew (Setup)
============================================================================
Writing metric clock__skew__worst_setup__corner:nom_typ_1p20V_25C: 0.2016495638655258
======================= nom_typ_1p20V_25C Corner ===================================

Clock clockone
0.124385 source latency _301_/CLK ^
-0.122736 target latency _297_/CLK ^
0.200000 clock uncertainty
0.000000 CRPR
--------------
0.201650 setup skew

%OL_END_REPORT
%OL_CREATE_REPORT ws.min.rpt

===========================================================================
Worst Slack (Hold)
============================================================================
Writing metric timing__hold__ws__corner:nom_typ_1p20V_25C: 0.2725253155836792
nom_typ_1p20V_25C: 0.2725253155836792
%OL_END_REPORT
%OL_CREATE_REPORT ws.max.rpt

===========================================================================
Worst Slack (Setup)
============================================================================
Writing metric timing__setup__ws__corner:nom_typ_1p20V_25C: 2.9929175540587036
nom_typ_1p20V_25C: 2.9929175540587036
%OL_END_REPORT
%OL_CREATE_REPORT tns.min.rpt

===========================================================================
Total Negative Slack (Hold)
============================================================================
Writing metric timing__hold__tns__corner:nom_typ_1p20V_25C: 0.0
nom_typ_1p20V_25C: 0.0
%OL_END_REPORT
%OL_CREATE_REPORT tns.max.rpt

===========================================================================
Total Negative Slack (Setup)
============================================================================
Writing metric timing__setup__tns__corner:nom_typ_1p20V_25C: 0.0
nom_typ_1p20V_25C: 0.0
%OL_END_REPORT
%OL_CREATE_REPORT wns.min.rpt

===========================================================================
Worst Negative Slack (Hold)
============================================================================
Writing metric timing__hold__wns__corner:nom_typ_1p20V_25C: 0
nom_typ_1p20V_25C: 0
%OL_END_REPORT
%OL_CREATE_REPORT wns.max.rpt

===========================================================================
Worst Negative Slack (Setup)
============================================================================
Writing metric timing__setup__wns__corner:nom_typ_1p20V_25C: 0.0
nom_typ_1p20V_25C: 0.0
%OL_END_REPORT
%OL_CREATE_REPORT violator_list.rpt

===========================================================================
Violator List
============================================================================
Writing metric timing__hold_vio__count__corner:nom_typ_1p20V_25C: 0
Writing metric timing__hold_r2r__ws__corner:nom_typ_1p20V_25C: 0.272525
Writing metric timing__hold_r2r_vio__count__corner:nom_typ_1p20V_25C: 0
Writing metric timing__setup_vio__count__corner:nom_typ_1p20V_25C: 0
Writing metric timing__setup_r2r__ws__corner:nom_typ_1p20V_25C: 2.992918
Writing metric timing__setup_r2r_vio__count__corner:nom_typ_1p20V_25C: 0
%OL_END_REPORT
%OL_CREATE_REPORT unpropagated.rpt
%OL_END_REPORT
%OL_CREATE_REPORT clock.rpt
Clock: clockone
Sources: clk 
Generated: no
Virtual: yes
Propagated: no
Period: 5.000000

===========================================================================
report_clock_properties
============================================================================
Clock                   Period          Waveform
----------------------------------------------------
clockone              5.000000    0.000000  1.000000

===========================================================================
report_clock_latency
============================================================================
Clock clockone
rise -> rise
    min     max
0.000000 0.000000 source latency
0.122736         network latency _297_/CLK
        0.124395 network latency _300_/CLK
---------------
0.122736 0.124395 latency
        0.001659 skew

fall -> fall
    min     max
0.000000 0.000000 source latency
0.134620         network latency _297_/CLK
        0.135992 network latency _300_/CLK
---------------
0.134620 0.135992 latency
        0.001373 skew



===========================================================================
report_clock_min_period
============================================================================
clockone period_min = 2.01 fmax = 498.24
%OL_END_REPORT
