Clock: clk
Sources: clk 
Generated: no
Virtual: yes
Propagated: no
Period: 5.000000

===========================================================================
report_clock_properties
============================================================================
Clock                   Period          Waveform
----------------------------------------------------
clk                   5.000000    0.000000  2.500000

===========================================================================
report_clock_latency
============================================================================
Clock clk
rise -> rise
    min     max
0.000000 0.000000 source latency
0.151355         network latency _297_/CLK
        0.152303 network latency _295_/CLK
---------------
0.151355 0.152303 latency
        0.000948 skew

fall -> fall
    min     max
0.000000 0.000000 source latency
0.157703         network latency _297_/CLK
        0.158460 network latency _295_/CLK
---------------
0.157703 0.158460 latency
        0.000757 skew



===========================================================================
report_clock_min_period
============================================================================
clk period_min = 2.38 fmax = 420.13
