Reading timing models for corner nom_typ_1p20V_25C…
Reading timing library for the 'nom_typ_1p20V_25C' corner at '/opt/pdks/ciel/ihp-sg13g2/versions/cb7daaa8901016cf7c5d272dfa322c41f024931f/ihp-sg13g2/libs.ref/sg13g2_stdcell/lib/sg13g2_stdcell_typ_1p20V_25C.lib'…
Reading OpenROAD database at '/home/designer/shared/Bioimpedance-ASIC-for-skin-cancer-detection/current_generator/digital/DigitalSine/runs/RUN_2025-12-14_10-41-31/26-odb-customioplacement/DigitalSine.odb'…
Reading design constraints file at '/home/designer/shared/Bioimpedance-ASIC-for-skin-cancer-detection/current_generator/digital/DigitalSine/cons.sdc'…
[WARNING STA-0138] clock arg 'clk' clock not found.
[WARNING STA-0138] clock arg 'clk' clock not found.
[INFO] No information on clock propagation in input SDC file-- propagating all clocks.
[INFO] Setting signal min routing layer to: Metal2 and clock min routing layer to Metal2. 
[INFO] Setting signal max routing layer to: TopMetal2 and clock max routing layer to TopMetal2. 
+ global_placement -density 0.613081 -timing_driven -routability_driven -pad_right 0 -pad_left 0 -init_wirelength_coef 0.25
[INFO GPL-0002] DBU: 1000
[INFO GPL-0003] SiteSize: (  0.480  3.780 ) um
[INFO GPL-0004] CoreBBox: (  5.760 15.120 ) ( 67.680 75.600 ) um
[INFO GPL-0006] Number of instances:               177
[INFO GPL-0007] Movable instances:                 177
[INFO GPL-0008] Fixed instances:                     0
[INFO GPL-0009] Dummy instances:                     0
[INFO GPL-0010] Number of nets:                    179
[INFO GPL-0011] Number of pins:                    634
[INFO GPL-0012] Die BBox:  (  0.000  0.000 ) ( 73.510 92.230 ) um
[INFO GPL-0013] Core BBox: (  5.760 15.120 ) ( 67.680 75.600 ) um
[INFO GPL-0016] Core area:                    3744.922 um^2
[INFO GPL-0017] Fixed instances area:            0.000 um^2
[INFO GPL-0018] Movable instances area:       1921.450 um^2
[INFO GPL-0019] Utilization:                    51.308 %
[INFO GPL-0020] Standard cells area:          1921.450 um^2
[INFO GPL-0021] Large instances area:            0.000 um^2
[InitialPlace]  Iter: 1 conjugate gradient residual: 0.00000012 HPWL: 5778610
[InitialPlace]  Iter: 2 conjugate gradient residual: 0.00000012 HPWL: 2474407
[InitialPlace]  Iter: 3 conjugate gradient residual: 0.00000012 HPWL: 2249483
[InitialPlace]  Iter: 4 conjugate gradient residual: 0.00000011 HPWL: 2242463
[InitialPlace]  Iter: 5 conjugate gradient residual: 0.00000005 HPWL: 2234022
[INFO GPL-0023] Placement target density:       0.6131
[INFO GPL-0024] Movable insts average area:     10.856 um^2
[INFO GPL-0025] Ideal bin area:                 17.707 um^2
[INFO GPL-0026] Ideal bin count:                   211
[INFO GPL-0027] Total bin area:               3744.922 um^2
[INFO GPL-0028] Bin count (X, Y):           8 ,      8
[INFO GPL-0029] Bin size (W * H):       7.740 *  7.560 um
[INFO GPL-0030] Number of bins:                     64
[INFO GPL-0031] HPWL: Half-Perimeter Wirelength
Iteration | Overflow |     HPWL (um) |  HPWL(%) |   Penalty | Group
---------------------------------------------------------------
        1 |   0.8460 |  1.775685e+06 |   +0.00% |  4.40e-14 |      
       10 |   0.7905 |  1.893313e+06 |   +6.62% |  6.83e-14 |      
[INFO GPL-0100] Timing-driven iteration 1/5, virtual: true.
[INFO GPL-0101]    Iter: 14, overflow: 0.783, keep resizer changes at: 0.3, HPWL: 1905434
Iteration |   Area    | Resized | Buffers | Nets repaired | Remaining
---------------------------------------------------------------------
        0 |     +0.0% |       0 |       0 |             0 |       179
    final |    +17.1% |      30 |      26 |             9 |         0
---------------------------------------------------------------------
[INFO RSZ-0035] Found 9 fanout violations.
[INFO RSZ-0039] Resized 30 instances.
[INFO RSZ-0038] Inserted 26 buffers in 9 nets.
[INFO GPL-0106] Timing-driven: worst slack 3.42e-09
Iteration | Overflow |     HPWL (um) |  HPWL(%) |   Penalty | Group
---------------------------------------------------------------
       20 |   0.7790 |  1.904907e+06 |   +0.61% |  1.11e-13 |      
       30 |   0.7757 |  1.909191e+06 |   +0.22% |  1.81e-13 |      
       40 |   0.7824 |  1.904263e+06 |   -0.26% |  2.95e-13 |      
       50 |   0.7864 |  1.898066e+06 |   -0.33% |  4.81e-13 |      
       60 |   0.7878 |  1.895323e+06 |   -0.14% |  7.83e-13 |      
       70 |   0.7878 |  1.895225e+06 |   -0.01% |  1.28e-12 |      
       80 |   0.7864 |  1.897855e+06 |   +0.14% |  2.08e-12 |      
       90 |   0.7836 |  1.901301e+06 |   +0.18% |  3.39e-12 |      
      100 |   0.7797 |  1.904609e+06 |   +0.17% |  5.51e-12 |      
      110 |   0.7758 |  1.908420e+06 |   +0.20% |  8.98e-12 |      
      120 |   0.7700 |  1.914387e+06 |   +0.31% |  1.46e-11 |      
      130 |   0.7572 |  1.924626e+06 |   +0.53% |  2.38e-11 |      
      140 |   0.7502 |  1.940709e+06 |   +0.84% |  3.88e-11 |      
      150 |   0.7438 |  1.965450e+06 |   +1.27% |  6.32e-11 |      
      160 |   0.7340 |  2.000789e+06 |   +1.80% |  1.03e-10 |      
      170 |   0.7207 |  2.049175e+06 |   +2.42% |  1.68e-10 |      
      180 |   0.6763 |  2.103000e+06 |   +2.63% |  2.73e-10 |      
      190 |   0.6652 |  2.153418e+06 |   +2.40% |  4.45e-10 |      
      200 |   0.6506 |  2.220073e+06 |   +3.10% |  7.25e-10 |      
[INFO GPL-0100] Timing-driven iteration 2/5, virtual: true.
[INFO GPL-0101]    Iter: 204, overflow: 0.631, keep resizer changes at: 0.3, HPWL: 2253527
Iteration |   Area    | Resized | Buffers | Nets repaired | Remaining
---------------------------------------------------------------------
        0 |     +0.0% |       0 |       0 |             0 |       179
    final |    +16.7% |      34 |      24 |             9 |         0
---------------------------------------------------------------------
[INFO RSZ-0035] Found 9 fanout violations.
[INFO RSZ-0039] Resized 34 instances.
[INFO RSZ-0038] Inserted 24 buffers in 9 nets.
[INFO GPL-0106] Timing-driven: worst slack 3.54e-09
Iteration | Overflow |     HPWL (um) |  HPWL(%) |   Penalty | Group
---------------------------------------------------------------
      210 |   0.6375 |  2.348446e+06 |   +5.78% |  1.18e-09 |      
      220 |   0.6033 |  2.389432e+06 |   +1.75% |  1.92e-09 |      
[INFO GPL-0088] Routability snapshot saved at iter = 220
      230 |   0.5722 |  2.475551e+06 |   +3.60% |  3.13e-09 |      
      240 |   0.5416 |  2.585893e+06 |   +4.46% |  5.10e-09 |      
      250 |   0.5045 |  2.681361e+06 |   +3.69% |  8.31e-09 |      
      260 |   0.4599 |  2.745919e+06 |   +2.41% |  1.35e-08 |      
      270 |   0.4078 |  2.820468e+06 |   +2.71% |  2.21e-08 |      
      280 |   0.3577 |  2.881382e+06 |   +2.16% |  3.59e-08 |      
      290 |   0.3056 |  2.927822e+06 |   +1.61% |  5.46e-08 |      
[INFO GPL-0040] Routability iteration: 1
[INFO GPL-0041] Total routing overflow: 0.0000
[INFO GPL-0042] Number of overflowed tiles: 0 (0.00%)
[INFO GPL-0043] Average top 0.5% routing congestion: 0.7082
[INFO GPL-0044] Average top 1.0% routing congestion: 0.6967
[INFO GPL-0045] Average top 2.0% routing congestion: 0.6898
[INFO GPL-0046] Average top 5.0% routing congestion: 0.6642
[INFO GPL-0047] Routability iteration weighted routing congestion: 0.7024
[INFO GPL-0050] Weighted routing congestion is lower than target routing congestion(1.0100), end routability optimization.
[INFO GPL-0100] Timing-driven iteration 3/5, virtual: false.
[INFO GPL-0101]    Iter: 296, overflow: 0.281, keep resizer changes at: 0.3, HPWL: 2937819
Iteration |   Area    | Resized | Buffers | Nets repaired | Remaining
---------------------------------------------------------------------
        0 |     +0.0% |       0 |       0 |             0 |       179
    final |    +18.2% |      40 |      24 |             9 |         0
---------------------------------------------------------------------
[INFO RSZ-0035] Found 9 fanout violations.
[INFO RSZ-0039] Resized 40 instances.
[INFO RSZ-0038] Inserted 24 buffers in 9 nets.
[INFO GPL-0106] Timing-driven: worst slack 3.43e-09
[INFO GPL-0107] Timing-driven: repair_design delta area: 350.179 um^2 (+18.22%)
[INFO GPL-0108] Timing-driven: repair_design, gpl cells created: 24 (+0.00%)
[INFO GPL-0109] Timing-driven: inserted buffers as reported by repair_design: 24
[INFO GPL-0110] Timing-driven: new target density: 0.70658875
Iteration | Overflow |     HPWL (um) |  HPWL(%) |   Penalty | Group
---------------------------------------------------------------
      300 |   0.2482 |  2.396651e+06 |  -18.14% |  8.04e-08 |      
      310 |   0.2795 |  2.417296e+06 |   +0.86% |  1.18e-07 |      
      320 |   0.2110 |  2.467252e+06 |   +2.07% |  1.74e-07 |      
[INFO GPL-0100] Timing-driven iteration 4/5, virtual: false.
[INFO GPL-0101]    Iter: 322, overflow: 0.204, keep resizer changes at: 0.3, HPWL: 2461264
Iteration |   Area    | Resized | Buffers | Nets repaired | Remaining
---------------------------------------------------------------------
        0 |     +0.0% |       0 |       0 |             0 |       179
    final |     -0.0% |      11 |       0 |             0 |         0
---------------------------------------------------------------------
[INFO RSZ-0039] Resized 11 instances.
[INFO GPL-0106] Timing-driven: worst slack 3.43e-09
[INFO GPL-0107] Timing-driven: repair_design delta area: 0.000 um^2 (+0.00%)
[INFO GPL-0108] Timing-driven: repair_design, gpl cells created: 0 (+0.00%)
[INFO GPL-0109] Timing-driven: inserted buffers as reported by repair_design: 0
[INFO GPL-0110] Timing-driven: new target density: 0.70658875
Iteration | Overflow |     HPWL (um) |  HPWL(%) |   Penalty | Group
---------------------------------------------------------------
      330 |   0.1689 |  2.523354e+06 |   +2.27% |  2.57e-07 |      
[INFO GPL-0100] Timing-driven iteration 5/5, virtual: false.
[INFO GPL-0101]    Iter: 337, overflow: 0.145, keep resizer changes at: 0.3, HPWL: 2548460
Iteration |   Area    | Resized | Buffers | Nets repaired | Remaining
---------------------------------------------------------------------
        0 |     +0.0% |       0 |       0 |             0 |       179
    final |     -0.1% |      10 |       0 |             0 |         0
---------------------------------------------------------------------
[INFO RSZ-0039] Resized 10 instances.
[INFO GPL-0106] Timing-driven: worst slack 3.42e-09
[INFO GPL-0107] Timing-driven: repair_design delta area: -1.814 um^2 (-0.08%)
[INFO GPL-0108] Timing-driven: repair_design, gpl cells created: 0 (+0.00%)
[INFO GPL-0109] Timing-driven: inserted buffers as reported by repair_design: 0
[INFO GPL-0110] Timing-driven: new target density: 0.7061042
Iteration | Overflow |     HPWL (um) |  HPWL(%) |   Penalty | Group
---------------------------------------------------------------
      340 |   0.1357 |  2.552506e+06 |   +1.16% |  3.79e-07 |      
      350 |   0.1002 |  2.594991e+06 |   +1.66% |  5.58e-07 |      
[INFO GPL-1001] Finished with Overflow: 0.097649
[INFO GPL-1002] Placed Cell Area             2269.8144
[INFO GPL-1003] Available Free Area          3744.9216
[INFO GPL-1004] Minimum Feasible Density        0.6061 (cell_area / free_area)
[INFO GPL-1006]   Suggested Target Densities:
[INFO GPL-1007]     - For 90% usage of free space: 0.6734
[INFO GPL-1008]     - For 80% usage of free space: 0.7576
[INFO GPL-1009]     - For 50% usage of free space: 1.2122
Setting global connections for newly added cells…
[INFO] Setting global connections...
Updating metrics…
Cell type report:                       Count       Area
  Timing Repair Buffer                     24     310.26
  Inverter                                 15      85.28
  Sequential cell                           9     442.71
  Multi-Input combinational cell          153    1431.56
  Total                                   201    2269.81
Writing OpenROAD database to '/home/designer/shared/Bioimpedance-ASIC-for-skin-cancer-detection/current_generator/digital/DigitalSine/runs/RUN_2025-12-14_10-41-31/28-openroad-globalplacement/DigitalSine.odb'…
Writing netlist to '/home/designer/shared/Bioimpedance-ASIC-for-skin-cancer-detection/current_generator/digital/DigitalSine/runs/RUN_2025-12-14_10-41-31/28-openroad-globalplacement/DigitalSine.nl.v'…
Writing powered netlist to '/home/designer/shared/Bioimpedance-ASIC-for-skin-cancer-detection/current_generator/digital/DigitalSine/runs/RUN_2025-12-14_10-41-31/28-openroad-globalplacement/DigitalSine.pnl.v'…
Writing layout to '/home/designer/shared/Bioimpedance-ASIC-for-skin-cancer-detection/current_generator/digital/DigitalSine/runs/RUN_2025-12-14_10-41-31/28-openroad-globalplacement/DigitalSine.def'…
Writing timing constraints to '/home/designer/shared/Bioimpedance-ASIC-for-skin-cancer-detection/current_generator/digital/DigitalSine/runs/RUN_2025-12-14_10-41-31/28-openroad-globalplacement/DigitalSine.sdc'…
