Clock: clk
Sources: clk 
Generated: no
Virtual: yes
Propagated: no
Period: 25.000000

===========================================================================
report_clock_properties
============================================================================
Clock                   Period          Waveform
----------------------------------------------------
clk                  25.000000    0.000000 12.500000

===========================================================================
report_clock_latency
============================================================================
Clock clk
rise -> rise
    min     max
0.000000 0.000000 source latency
0.101556         network latency _298_/CLK
        0.102321 network latency _294_/CLK
---------------
0.101556 0.102321 latency
        0.000765 skew

fall -> fall
    min     max
0.000000 0.000000 source latency
0.104190         network latency _298_/CLK
        0.104804 network latency _294_/CLK
---------------
0.104190 0.104804 latency
        0.000614 skew



===========================================================================
report_clock_min_period
============================================================================
clk period_min = 1.66 fmax = 604.04
