
Cell sg13g2_fill_1 (0) disconnected node: VDD
Cell sg13g2_fill_1 (0) disconnected node: VSS
Cell sg13g2_fill_1 (1) disconnected node: VDD
Cell sg13g2_fill_1 (1) disconnected node: VSS

Subcircuit pins:
Circuit 1: sg13g2_fill_1                   |Circuit 2: sg13g2_fill_1                   
-------------------------------------------|-------------------------------------------
VDD                                        |VDD                                        
VSS                                        |VSS                                        
---------------------------------------------------------------------------------------
Cell pin lists are equivalent.
Device classes sg13g2_fill_1 and sg13g2_fill_1 are equivalent.

Cell sg13g2_inv_2 (0) disconnected node: Y
Cell sg13g2_inv_2 (0) disconnected node: A
Cell sg13g2_inv_2 (0) disconnected node: VDD
Cell sg13g2_inv_2 (0) disconnected node: VSS

Subcircuit pins:
Circuit 1: sg13g2_inv_2                    |Circuit 2: sg13g2_inv_2                    
-------------------------------------------|-------------------------------------------
Y                                          |Y                                          
A                                          |A                                          
VDD                                        |VDD                                        
VSS                                        |VSS                                        
---------------------------------------------------------------------------------------
Cell pin lists are equivalent.
Device classes sg13g2_inv_2 and sg13g2_inv_2 are equivalent.

Cell sg13g2_xnor2_1 (0) disconnected node: Y
Cell sg13g2_xnor2_1 (0) disconnected node: A
Cell sg13g2_xnor2_1 (0) disconnected node: B
Cell sg13g2_xnor2_1 (0) disconnected node: VDD
Cell sg13g2_xnor2_1 (0) disconnected node: VSS

Subcircuit pins:
Circuit 1: sg13g2_xnor2_1                  |Circuit 2: sg13g2_xnor2_1                  
-------------------------------------------|-------------------------------------------
Y                                          |Y                                          
A                                          |A                                          
B                                          |B                                          
VDD                                        |VDD                                        
VSS                                        |VSS                                        
---------------------------------------------------------------------------------------
Cell pin lists are equivalent.
Device classes sg13g2_xnor2_1 and sg13g2_xnor2_1 are equivalent.

Cell sg13g2_fill_2 (0) disconnected node: VDD
Cell sg13g2_fill_2 (0) disconnected node: VSS
Cell sg13g2_fill_2 (1) disconnected node: VDD
Cell sg13g2_fill_2 (1) disconnected node: VSS

Subcircuit pins:
Circuit 1: sg13g2_fill_2                   |Circuit 2: sg13g2_fill_2                   
-------------------------------------------|-------------------------------------------
VDD                                        |VDD                                        
VSS                                        |VSS                                        
---------------------------------------------------------------------------------------
Cell pin lists are equivalent.
Device classes sg13g2_fill_2 and sg13g2_fill_2 are equivalent.

Cell sg13g2_inv_1 (0) disconnected node: VDD
Cell sg13g2_inv_1 (0) disconnected node: Y
Cell sg13g2_inv_1 (0) disconnected node: A
Cell sg13g2_inv_1 (0) disconnected node: VSS

Subcircuit pins:
Circuit 1: sg13g2_inv_1                    |Circuit 2: sg13g2_inv_1                    
-------------------------------------------|-------------------------------------------
VDD                                        |VDD                                        
Y                                          |Y                                          
A                                          |A                                          
VSS                                        |VSS                                        
---------------------------------------------------------------------------------------
Cell pin lists are equivalent.
Device classes sg13g2_inv_1 and sg13g2_inv_1 are equivalent.

Cell sg13g2_buf_2 (0) disconnected node: A
Cell sg13g2_buf_2 (0) disconnected node: X
Cell sg13g2_buf_2 (0) disconnected node: VDD
Cell sg13g2_buf_2 (0) disconnected node: VSS

Subcircuit pins:
Circuit 1: sg13g2_buf_2                    |Circuit 2: sg13g2_buf_2                    
-------------------------------------------|-------------------------------------------
A                                          |A                                          
X                                          |X                                          
VDD                                        |VDD                                        
VSS                                        |VSS                                        
---------------------------------------------------------------------------------------
Cell pin lists are equivalent.
Device classes sg13g2_buf_2 and sg13g2_buf_2 are equivalent.

Cell sg13g2_a21oi_1 (0) disconnected node: VSS
Cell sg13g2_a21oi_1 (0) disconnected node: VDD
Cell sg13g2_a21oi_1 (0) disconnected node: A1
Cell sg13g2_a21oi_1 (0) disconnected node: A2
Cell sg13g2_a21oi_1 (0) disconnected node: Y
Cell sg13g2_a21oi_1 (0) disconnected node: B1

Subcircuit pins:
Circuit 1: sg13g2_a21oi_1                  |Circuit 2: sg13g2_a21oi_1                  
-------------------------------------------|-------------------------------------------
VSS                                        |VSS                                        
VDD                                        |VDD                                        
A1                                         |A1                                         
A2                                         |A2                                         
Y                                          |Y                                          
B1                                         |B1                                         
---------------------------------------------------------------------------------------
Cell pin lists are equivalent.
Device classes sg13g2_a21oi_1 and sg13g2_a21oi_1 are equivalent.

Cell sg13g2_decap_4 (0) disconnected node: VDD
Cell sg13g2_decap_4 (0) disconnected node: VSS

Subcircuit pins:
Circuit 1: sg13g2_decap_4                  |Circuit 2: sg13g2_decap_4                  
-------------------------------------------|-------------------------------------------
VDD                                        |VDD                                        
VSS                                        |VSS                                        
---------------------------------------------------------------------------------------
Cell pin lists are equivalent.
Device classes sg13g2_decap_4 and sg13g2_decap_4 are equivalent.

Cell sg13g2_dfrbpq_1 (0) disconnected node: RESET_B
Cell sg13g2_dfrbpq_1 (0) disconnected node: VSS
Cell sg13g2_dfrbpq_1 (0) disconnected node: VDD
Cell sg13g2_dfrbpq_1 (0) disconnected node: D
Cell sg13g2_dfrbpq_1 (0) disconnected node: Q
Cell sg13g2_dfrbpq_1 (0) disconnected node: CLK

Subcircuit pins:
Circuit 1: sg13g2_dfrbpq_1                 |Circuit 2: sg13g2_dfrbpq_1                 
-------------------------------------------|-------------------------------------------
RESET_B                                    |RESET_B                                    
VSS                                        |VSS                                        
VDD                                        |VDD                                        
D                                          |D                                          
Q                                          |Q                                          
CLK                                        |CLK                                        
---------------------------------------------------------------------------------------
Cell pin lists are equivalent.
Device classes sg13g2_dfrbpq_1 and sg13g2_dfrbpq_1 are equivalent.

Cell sg13g2_nand2_1 (0) disconnected node: Y
Cell sg13g2_nand2_1 (0) disconnected node: A
Cell sg13g2_nand2_1 (0) disconnected node: B
Cell sg13g2_nand2_1 (0) disconnected node: VDD
Cell sg13g2_nand2_1 (0) disconnected node: VSS

Subcircuit pins:
Circuit 1: sg13g2_nand2_1                  |Circuit 2: sg13g2_nand2_1                  
-------------------------------------------|-------------------------------------------
Y                                          |Y                                          
A                                          |A                                          
B                                          |B                                          
VDD                                        |VDD                                        
VSS                                        |VSS                                        
---------------------------------------------------------------------------------------
Cell pin lists are equivalent.
Device classes sg13g2_nand2_1 and sg13g2_nand2_1 are equivalent.

Cell sg13g2_xor2_1 (0) disconnected node: B
Cell sg13g2_xor2_1 (0) disconnected node: A
Cell sg13g2_xor2_1 (0) disconnected node: X
Cell sg13g2_xor2_1 (0) disconnected node: VDD
Cell sg13g2_xor2_1 (0) disconnected node: VSS

Subcircuit pins:
Circuit 1: sg13g2_xor2_1                   |Circuit 2: sg13g2_xor2_1                   
-------------------------------------------|-------------------------------------------
B                                          |B                                          
A                                          |A                                          
X                                          |X                                          
VDD                                        |VDD                                        
VSS                                        |VSS                                        
---------------------------------------------------------------------------------------
Cell pin lists are equivalent.
Device classes sg13g2_xor2_1 and sg13g2_xor2_1 are equivalent.

Cell sg13g2_decap_8 (0) disconnected node: VDD
Cell sg13g2_decap_8 (0) disconnected node: VSS

Subcircuit pins:
Circuit 1: sg13g2_decap_8                  |Circuit 2: sg13g2_decap_8                  
-------------------------------------------|-------------------------------------------
VDD                                        |VDD                                        
VSS                                        |VSS                                        
---------------------------------------------------------------------------------------
Cell pin lists are equivalent.
Device classes sg13g2_decap_8 and sg13g2_decap_8 are equivalent.

Cell sg13g2_o21ai_1 (0) disconnected node: B1
Cell sg13g2_o21ai_1 (0) disconnected node: VDD
Cell sg13g2_o21ai_1 (0) disconnected node: Y
Cell sg13g2_o21ai_1 (0) disconnected node: VSS
Cell sg13g2_o21ai_1 (0) disconnected node: A1
Cell sg13g2_o21ai_1 (0) disconnected node: A2

Subcircuit pins:
Circuit 1: sg13g2_o21ai_1                  |Circuit 2: sg13g2_o21ai_1                  
-------------------------------------------|-------------------------------------------
B1                                         |B1                                         
VDD                                        |VDD                                        
Y                                          |Y                                          
VSS                                        |VSS                                        
A1                                         |A1                                         
A2                                         |A2                                         
---------------------------------------------------------------------------------------
Cell pin lists are equivalent.
Device classes sg13g2_o21ai_1 and sg13g2_o21ai_1 are equivalent.

Cell sg13g2_nor2_1 (0) disconnected node: A
Cell sg13g2_nor2_1 (0) disconnected node: B
Cell sg13g2_nor2_1 (0) disconnected node: Y
Cell sg13g2_nor2_1 (0) disconnected node: VDD
Cell sg13g2_nor2_1 (0) disconnected node: VSS

Subcircuit pins:
Circuit 1: sg13g2_nor2_1                   |Circuit 2: sg13g2_nor2_1                   
-------------------------------------------|-------------------------------------------
A                                          |A                                          
B                                          |B                                          
Y                                          |Y                                          
VDD                                        |VDD                                        
VSS                                        |VSS                                        
---------------------------------------------------------------------------------------
Cell pin lists are equivalent.
Device classes sg13g2_nor2_1 and sg13g2_nor2_1 are equivalent.

Cell sg13g2_nor3_1 (0) disconnected node: A
Cell sg13g2_nor3_1 (0) disconnected node: B
Cell sg13g2_nor3_1 (0) disconnected node: C
Cell sg13g2_nor3_1 (0) disconnected node: Y
Cell sg13g2_nor3_1 (0) disconnected node: VDD
Cell sg13g2_nor3_1 (0) disconnected node: VSS

Subcircuit pins:
Circuit 1: sg13g2_nor3_1                   |Circuit 2: sg13g2_nor3_1                   
-------------------------------------------|-------------------------------------------
A                                          |A                                          
B                                          |B                                          
C                                          |C                                          
Y                                          |Y                                          
VDD                                        |VDD                                        
VSS                                        |VSS                                        
---------------------------------------------------------------------------------------
Cell pin lists are equivalent.
Device classes sg13g2_nor3_1 and sg13g2_nor3_1 are equivalent.

Cell sg13g2_nor2b_1 (0) disconnected node: A
Cell sg13g2_nor2b_1 (0) disconnected node: B_N
Cell sg13g2_nor2b_1 (0) disconnected node: Y
Cell sg13g2_nor2b_1 (0) disconnected node: VDD
Cell sg13g2_nor2b_1 (0) disconnected node: VSS

Subcircuit pins:
Circuit 1: sg13g2_nor2b_1                  |Circuit 2: sg13g2_nor2b_1                  
-------------------------------------------|-------------------------------------------
A                                          |A                                          
B_N                                        |B_N                                        
Y                                          |Y                                          
VDD                                        |VDD                                        
VSS                                        |VSS                                        
---------------------------------------------------------------------------------------
Cell pin lists are equivalent.
Device classes sg13g2_nor2b_1 and sg13g2_nor2b_1 are equivalent.

Cell sg13g2_and3_1 (0) disconnected node: X
Cell sg13g2_and3_1 (0) disconnected node: A
Cell sg13g2_and3_1 (0) disconnected node: B
Cell sg13g2_and3_1 (0) disconnected node: C
Cell sg13g2_and3_1 (0) disconnected node: VDD
Cell sg13g2_and3_1 (0) disconnected node: VSS

Subcircuit pins:
Circuit 1: sg13g2_and3_1                   |Circuit 2: sg13g2_and3_1                   
-------------------------------------------|-------------------------------------------
X                                          |X                                          
A                                          |A                                          
B                                          |B                                          
C                                          |C                                          
VDD                                        |VDD                                        
VSS                                        |VSS                                        
---------------------------------------------------------------------------------------
Cell pin lists are equivalent.
Device classes sg13g2_and3_1 and sg13g2_and3_1 are equivalent.

Cell sg13g2_buf_1 (0) disconnected node: A
Cell sg13g2_buf_1 (0) disconnected node: X
Cell sg13g2_buf_1 (0) disconnected node: VDD
Cell sg13g2_buf_1 (0) disconnected node: VSS

Subcircuit pins:
Circuit 1: sg13g2_buf_1                    |Circuit 2: sg13g2_buf_1                    
-------------------------------------------|-------------------------------------------
A                                          |A                                          
X                                          |X                                          
VDD                                        |VDD                                        
VSS                                        |VSS                                        
---------------------------------------------------------------------------------------
Cell pin lists are equivalent.
Device classes sg13g2_buf_1 and sg13g2_buf_1 are equivalent.

Cell sg13g2_nand2b_1 (0) disconnected node: Y
Cell sg13g2_nand2b_1 (0) disconnected node: B
Cell sg13g2_nand2b_1 (0) disconnected node: A_N
Cell sg13g2_nand2b_1 (0) disconnected node: VDD
Cell sg13g2_nand2b_1 (0) disconnected node: VSS

Subcircuit pins:
Circuit 1: sg13g2_nand2b_1                 |Circuit 2: sg13g2_nand2b_1                 
-------------------------------------------|-------------------------------------------
Y                                          |Y                                          
B                                          |B                                          
A_N                                        |A_N                                        
VDD                                        |VDD                                        
VSS                                        |VSS                                        
---------------------------------------------------------------------------------------
Cell pin lists are equivalent.
Device classes sg13g2_nand2b_1 and sg13g2_nand2b_1 are equivalent.

Cell sg13g2_buf_8 (0) disconnected node: A
Cell sg13g2_buf_8 (0) disconnected node: X
Cell sg13g2_buf_8 (0) disconnected node: VDD
Cell sg13g2_buf_8 (0) disconnected node: VSS

Subcircuit pins:
Circuit 1: sg13g2_buf_8                    |Circuit 2: sg13g2_buf_8                    
-------------------------------------------|-------------------------------------------
A                                          |A                                          
X                                          |X                                          
VDD                                        |VDD                                        
VSS                                        |VSS                                        
---------------------------------------------------------------------------------------
Cell pin lists are equivalent.
Device classes sg13g2_buf_8 and sg13g2_buf_8 are equivalent.

Cell sg13g2_nand3_1 (0) disconnected node: B
Cell sg13g2_nand3_1 (0) disconnected node: C
Cell sg13g2_nand3_1 (0) disconnected node: A
Cell sg13g2_nand3_1 (0) disconnected node: Y
Cell sg13g2_nand3_1 (0) disconnected node: VDD
Cell sg13g2_nand3_1 (0) disconnected node: VSS

Subcircuit pins:
Circuit 1: sg13g2_nand3_1                  |Circuit 2: sg13g2_nand3_1                  
-------------------------------------------|-------------------------------------------
B                                          |B                                          
C                                          |C                                          
A                                          |A                                          
Y                                          |Y                                          
VDD                                        |VDD                                        
VSS                                        |VSS                                        
---------------------------------------------------------------------------------------
Cell pin lists are equivalent.
Device classes sg13g2_nand3_1 and sg13g2_nand3_1 are equivalent.

Cell sg13g2_and2_1 (0) disconnected node: A
Cell sg13g2_and2_1 (0) disconnected node: B
Cell sg13g2_and2_1 (0) disconnected node: X
Cell sg13g2_and2_1 (0) disconnected node: VDD
Cell sg13g2_and2_1 (0) disconnected node: VSS

Subcircuit pins:
Circuit 1: sg13g2_and2_1                   |Circuit 2: sg13g2_and2_1                   
-------------------------------------------|-------------------------------------------
A                                          |A                                          
B                                          |B                                          
X                                          |X                                          
VDD                                        |VDD                                        
VSS                                        |VSS                                        
---------------------------------------------------------------------------------------
Cell pin lists are equivalent.
Device classes sg13g2_and2_1 and sg13g2_and2_1 are equivalent.

Cell sg13g2_a22oi_1 (0) disconnected node: Y
Cell sg13g2_a22oi_1 (0) disconnected node: B1
Cell sg13g2_a22oi_1 (0) disconnected node: B2
Cell sg13g2_a22oi_1 (0) disconnected node: A2
Cell sg13g2_a22oi_1 (0) disconnected node: A1
Cell sg13g2_a22oi_1 (0) disconnected node: VDD
Cell sg13g2_a22oi_1 (0) disconnected node: VSS

Subcircuit pins:
Circuit 1: sg13g2_a22oi_1                  |Circuit 2: sg13g2_a22oi_1                  
-------------------------------------------|-------------------------------------------
Y                                          |Y                                          
B1                                         |B1                                         
B2                                         |B2                                         
A2                                         |A2                                         
A1                                         |A1                                         
VDD                                        |VDD                                        
VSS                                        |VSS                                        
---------------------------------------------------------------------------------------
Cell pin lists are equivalent.
Device classes sg13g2_a22oi_1 and sg13g2_a22oi_1 are equivalent.

Cell sg13g2_a221oi_1 (0) disconnected node: VDD
Cell sg13g2_a221oi_1 (0) disconnected node: VSS
Cell sg13g2_a221oi_1 (0) disconnected node: B2
Cell sg13g2_a221oi_1 (0) disconnected node: C1
Cell sg13g2_a221oi_1 (0) disconnected node: B1
Cell sg13g2_a221oi_1 (0) disconnected node: A1
Cell sg13g2_a221oi_1 (0) disconnected node: Y
Cell sg13g2_a221oi_1 (0) disconnected node: A2

Subcircuit pins:
Circuit 1: sg13g2_a221oi_1                 |Circuit 2: sg13g2_a221oi_1                 
-------------------------------------------|-------------------------------------------
VDD                                        |VDD                                        
VSS                                        |VSS                                        
B2                                         |B2                                         
C1                                         |C1                                         
B1                                         |B1                                         
A1                                         |A1                                         
Y                                          |Y                                          
A2                                         |A2                                         
---------------------------------------------------------------------------------------
Cell pin lists are equivalent.
Device classes sg13g2_a221oi_1 and sg13g2_a221oi_1 are equivalent.

Cell sg13g2_nor2_2 (0) disconnected node: A
Cell sg13g2_nor2_2 (0) disconnected node: B
Cell sg13g2_nor2_2 (0) disconnected node: Y
Cell sg13g2_nor2_2 (0) disconnected node: VDD
Cell sg13g2_nor2_2 (0) disconnected node: VSS

Subcircuit pins:
Circuit 1: sg13g2_nor2_2                   |Circuit 2: sg13g2_nor2_2                   
-------------------------------------------|-------------------------------------------
A                                          |A                                          
B                                          |B                                          
Y                                          |Y                                          
VDD                                        |VDD                                        
VSS                                        |VSS                                        
---------------------------------------------------------------------------------------
Cell pin lists are equivalent.
Device classes sg13g2_nor2_2 and sg13g2_nor2_2 are equivalent.

Cell sg13g2_dfrbpq_2 (0) disconnected node: RESET_B
Cell sg13g2_dfrbpq_2 (0) disconnected node: VSS
Cell sg13g2_dfrbpq_2 (0) disconnected node: VDD
Cell sg13g2_dfrbpq_2 (0) disconnected node: D
Cell sg13g2_dfrbpq_2 (0) disconnected node: Q
Cell sg13g2_dfrbpq_2 (0) disconnected node: CLK

Subcircuit pins:
Circuit 1: sg13g2_dfrbpq_2                 |Circuit 2: sg13g2_dfrbpq_2                 
-------------------------------------------|-------------------------------------------
RESET_B                                    |RESET_B                                    
VSS                                        |VSS                                        
VDD                                        |VDD                                        
D                                          |D                                          
Q                                          |Q                                          
CLK                                        |CLK                                        
---------------------------------------------------------------------------------------
Cell pin lists are equivalent.
Device classes sg13g2_dfrbpq_2 and sg13g2_dfrbpq_2 are equivalent.

Cell sg13g2_a21o_1 (0) disconnected node: A2
Cell sg13g2_a21o_1 (0) disconnected node: A1
Cell sg13g2_a21o_1 (0) disconnected node: B1
Cell sg13g2_a21o_1 (0) disconnected node: X
Cell sg13g2_a21o_1 (0) disconnected node: VDD
Cell sg13g2_a21o_1 (0) disconnected node: VSS

Subcircuit pins:
Circuit 1: sg13g2_a21o_1                   |Circuit 2: sg13g2_a21o_1                   
-------------------------------------------|-------------------------------------------
A2                                         |A2                                         
A1                                         |A1                                         
B1                                         |B1                                         
X                                          |X                                          
VDD                                        |VDD                                        
VSS                                        |VSS                                        
---------------------------------------------------------------------------------------
Cell pin lists are equivalent.
Device classes sg13g2_a21o_1 and sg13g2_a21o_1 are equivalent.

Cell sg13g2_mux2_1 (0) disconnected node: A0
Cell sg13g2_mux2_1 (0) disconnected node: A1
Cell sg13g2_mux2_1 (0) disconnected node: S
Cell sg13g2_mux2_1 (0) disconnected node: X
Cell sg13g2_mux2_1 (0) disconnected node: VDD
Cell sg13g2_mux2_1 (0) disconnected node: VSS

Subcircuit pins:
Circuit 1: sg13g2_mux2_1                   |Circuit 2: sg13g2_mux2_1                   
-------------------------------------------|-------------------------------------------
A0                                         |A0                                         
A1                                         |A1                                         
S                                          |S                                          
X                                          |X                                          
VDD                                        |VDD                                        
VSS                                        |VSS                                        
---------------------------------------------------------------------------------------
Cell pin lists are equivalent.
Device classes sg13g2_mux2_1 and sg13g2_mux2_1 are equivalent.

Cell sg13g2_dlygate4sd3_1 (0) disconnected node: A
Cell sg13g2_dlygate4sd3_1 (0) disconnected node: VDD
Cell sg13g2_dlygate4sd3_1 (0) disconnected node: VSS
Cell sg13g2_dlygate4sd3_1 (0) disconnected node: X

Subcircuit pins:
Circuit 1: sg13g2_dlygate4sd3_1            |Circuit 2: sg13g2_dlygate4sd3_1            
-------------------------------------------|-------------------------------------------
A                                          |A                                          
VDD                                        |VDD                                        
VSS                                        |VSS                                        
X                                          |X                                          
---------------------------------------------------------------------------------------
Cell pin lists are equivalent.
Device classes sg13g2_dlygate4sd3_1 and sg13g2_dlygate4sd3_1 are equivalent.

Cell sg13g2_nor4_1 (0) disconnected node: A
Cell sg13g2_nor4_1 (0) disconnected node: B
Cell sg13g2_nor4_1 (0) disconnected node: C
Cell sg13g2_nor4_1 (0) disconnected node: D
Cell sg13g2_nor4_1 (0) disconnected node: Y
Cell sg13g2_nor4_1 (0) disconnected node: VDD
Cell sg13g2_nor4_1 (0) disconnected node: VSS

Subcircuit pins:
Circuit 1: sg13g2_nor4_1                   |Circuit 2: sg13g2_nor4_1                   
-------------------------------------------|-------------------------------------------
A                                          |A                                          
B                                          |B                                          
C                                          |C                                          
D                                          |D                                          
Y                                          |Y                                          
VDD                                        |VDD                                        
VSS                                        |VSS                                        
---------------------------------------------------------------------------------------
Cell pin lists are equivalent.
Device classes sg13g2_nor4_1 and sg13g2_nor4_1 are equivalent.

Cell sg13g2_nand3b_1 (0) disconnected node: B
Cell sg13g2_nand3b_1 (0) disconnected node: C
Cell sg13g2_nand3b_1 (0) disconnected node: Y
Cell sg13g2_nand3b_1 (0) disconnected node: VDD
Cell sg13g2_nand3b_1 (0) disconnected node: VSS
Cell sg13g2_nand3b_1 (0) disconnected node: A_N

Subcircuit pins:
Circuit 1: sg13g2_nand3b_1                 |Circuit 2: sg13g2_nand3b_1                 
-------------------------------------------|-------------------------------------------
B                                          |B                                          
C                                          |C                                          
Y                                          |Y                                          
VDD                                        |VDD                                        
VSS                                        |VSS                                        
A_N                                        |A_N                                        
---------------------------------------------------------------------------------------
Cell pin lists are equivalent.
Device classes sg13g2_nand3b_1 and sg13g2_nand3b_1 are equivalent.

Cell sg13g2_nand4_1 (0) disconnected node: B
Cell sg13g2_nand4_1 (0) disconnected node: C
Cell sg13g2_nand4_1 (0) disconnected node: A
Cell sg13g2_nand4_1 (0) disconnected node: Y
Cell sg13g2_nand4_1 (0) disconnected node: VDD
Cell sg13g2_nand4_1 (0) disconnected node: VSS
Cell sg13g2_nand4_1 (0) disconnected node: D

Subcircuit pins:
Circuit 1: sg13g2_nand4_1                  |Circuit 2: sg13g2_nand4_1                  
-------------------------------------------|-------------------------------------------
B                                          |B                                          
C                                          |C                                          
A                                          |A                                          
Y                                          |Y                                          
VDD                                        |VDD                                        
VSS                                        |VSS                                        
D                                          |D                                          
---------------------------------------------------------------------------------------
Cell pin lists are equivalent.
Device classes sg13g2_nand4_1 and sg13g2_nand4_1 are equivalent.

Cell sg13g2_or2_1 (0) disconnected node: VSS
Cell sg13g2_or2_1 (0) disconnected node: VDD
Cell sg13g2_or2_1 (0) disconnected node: X
Cell sg13g2_or2_1 (0) disconnected node: B
Cell sg13g2_or2_1 (0) disconnected node: A

Subcircuit pins:
Circuit 1: sg13g2_or2_1                    |Circuit 2: sg13g2_or2_1                    
-------------------------------------------|-------------------------------------------
VSS                                        |VSS                                        
VDD                                        |VDD                                        
X                                          |X                                          
B                                          |B                                          
A                                          |A                                          
---------------------------------------------------------------------------------------
Cell pin lists are equivalent.
Device classes sg13g2_or2_1 and sg13g2_or2_1 are equivalent.

Class DigitalSine (0):  Merged 108 parallel devices.
Class DigitalSine (1):  Merged 108 parallel devices.
Subcircuit summary:
Circuit 1: DigitalSine                     |Circuit 2: DigitalSine                     
-------------------------------------------|-------------------------------------------
sg13g2_fill_1 (41->1)                      |sg13g2_fill_1 (41->1)                      
sg13g2_inv_2 (5)                           |sg13g2_inv_2 (5)                           
sg13g2_xnor2_1 (11)                        |sg13g2_xnor2_1 (11)                        
sg13g2_fill_2 (40->1)                      |sg13g2_fill_2 (40->1)                      
sg13g2_inv_1 (12)                          |sg13g2_inv_1 (12)                          
sg13g2_buf_2 (25)                          |sg13g2_buf_2 (25)                          
sg13g2_a21oi_1 (22)                        |sg13g2_a21oi_1 (22)                        
sg13g2_decap_4 (8->1)                      |sg13g2_decap_4 (8->1)                      
sg13g2_dfrbpq_1 (6)                        |sg13g2_dfrbpq_1 (6)                        
sg13g2_nand2_1 (17)                        |sg13g2_nand2_1 (17)                        
sg13g2_xor2_1 (9)                          |sg13g2_xor2_1 (9)                          
sg13g2_decap_8 (23->1)                     |sg13g2_decap_8 (23->1)                     
sg13g2_o21ai_1 (17)                        |sg13g2_o21ai_1 (17)                        
sg13g2_nor2_1 (12)                         |sg13g2_nor2_1 (12)                         
sg13g2_nor3_1 (9)                          |sg13g2_nor3_1 (9)                          
sg13g2_nor2b_1 (5)                         |sg13g2_nor2b_1 (5)                         
sg13g2_and3_1 (2)                          |sg13g2_and3_1 (2)                          
sg13g2_buf_1 (3)                           |sg13g2_buf_1 (3)                           
sg13g2_nand2b_1 (6)                        |sg13g2_nand2b_1 (6)                        
sg13g2_buf_8 (19)                          |sg13g2_buf_8 (19)                          
sg13g2_nand3_1 (3)                         |sg13g2_nand3_1 (3)                         
sg13g2_and2_1 (7)                          |sg13g2_and2_1 (7)                          
sg13g2_a22oi_1 (5)                         |sg13g2_a22oi_1 (5)                         
sg13g2_a221oi_1 (3)                        |sg13g2_a221oi_1 (3)                        
sg13g2_nor2_2 (3)                          |sg13g2_nor2_2 (3)                          
sg13g2_dfrbpq_2 (3)                        |sg13g2_dfrbpq_2 (3)                        
sg13g2_a21o_1 (2)                          |sg13g2_a21o_1 (2)                          
sg13g2_mux2_1 (1)                          |sg13g2_mux2_1 (1)                          
sg13g2_dlygate4sd3_1 (2)                   |sg13g2_dlygate4sd3_1 (2)                   
sg13g2_nor4_1 (1)                          |sg13g2_nor4_1 (1)                          
sg13g2_nand3b_1 (2)                        |sg13g2_nand3b_1 (2)                        
sg13g2_nand4_1 (1)                         |sg13g2_nand4_1 (1)                         
sg13g2_or2_1 (2)                           |sg13g2_or2_1 (2)                           
Number of devices: 219                     |Number of devices: 219                     
Number of nets: 219                        |Number of nets: 219                        
---------------------------------------------------------------------------------------
Netlists match uniquely.

Subcircuit pins:
Circuit 1: DigitalSine                     |Circuit 2: DigitalSine                     
-------------------------------------------|-------------------------------------------
rst                                        |rst                                        
signB                                      |signB                                      
sign                                       |sign                                       
sine_out[11]                               |sine_out[11]                               
sine_out[10]                               |sine_out[10]                               
sine_out[6]                                |sine_out[6]                                
sine_out[5]                                |sine_out[5]                                
sine_out[4]                                |sine_out[4]                                
sine_out[3]                                |sine_out[3]                                
sine_out[2]                                |sine_out[2]                                
sine_out[0]                                |sine_out[0]                                
sine_out[1]                                |sine_out[1]                                
sine_out[17]                               |sine_out[17]                               
sine_out[14]                               |sine_out[14]                               
sine_out[16]                               |sine_out[16]                               
sine_out[15]                               |sine_out[15]                               
sine_out[13]                               |sine_out[13]                               
sine_out[7]                                |sine_out[7]                                
sine_out[9]                                |sine_out[9]                                
sine_out[8]                                |sine_out[8]                                
sine_out[12]                               |sine_out[12]                               
clk                                        |clk                                        
VPWR                                       |VPWR                                       
VGND                                       |VGND                                       
---------------------------------------------------------------------------------------
Cell pin lists are equivalent.
Device classes DigitalSine and DigitalSine are equivalent.

Final result: Circuits match uniquely.
.
