[WARNING ORD-0039] .openroad ignored with -python
Top-level design name: DigitalSine
Block boundaries: 0 0 73510 92230
Horizontal Tracks Origin: 420, Count: 219, Step: 420
Vertical Tracks Origin: 480, Count: 152, Step: 480
Placement details for the N side
Virtual pin count:  0
Actual pin count:  33
Total pin count:  33
Tracks count:  76
Tracks per pin:  2
Used tracks count:  65
Unused track count:  11
Starting track index:  5
Placement details for the E side
Virtual pin count:  0
Actual pin count:  4
Total pin count:  4
Tracks count:  110
Tracks per pin:  27
Used tracks count:  82
Unused track count:  28
Starting track index:  14
