[WARNING ORD-0039] .openroad ignored with -python
Top-level design name: DigitalSine
Block boundaries: 0 0 68110 86830
Horizontal Tracks Origin: 420, Count: 206, Step: 420
Vertical Tracks Origin: 480, Count: 141, Step: 480
Placement details for the N side
Virtual pin count:  0
Actual pin count:  33
Total pin count:  33
Tracks count:  71
Tracks per pin:  2
Used tracks count:  65
Unused track count:  6
Starting track index:  3
Placement details for the E side
Virtual pin count:  0
Actual pin count:  2
Total pin count:  2
Tracks count:  103
Tracks per pin:  51
Used tracks count:  52
Unused track count:  51
Starting track index:  25
Placement details for the W side
Virtual pin count:  0
Actual pin count:  2
Total pin count:  2
Tracks count:  103
Tracks per pin:  51
Used tracks count:  52
Unused track count:  51
Starting track index:  25
