
===========================================================================
report_checks -unconstrained
===========================================================================
======================= nom_typ_1p20V_25C Corner ===================================

Startpoint: rst (input port clocked by clk)
Endpoint: _298_ (recovery check against rising-edge clock clk)
Path Group: asynchronous
Path Type: max

Fanout         Cap        Slew       Delay        Time   Description
---------------------------------------------------------------------------------------------
                                  0.000000    0.000000   clock clk (rise edge)
                                  0.000000    0.000000   clock network delay (propagated)
                                  1.000000    1.000000 v input external delay
     1    0.003270    0.017383    0.002419    1.002419 v rst (in)
                                                         rst (net)
                      0.017383    0.000000    1.002419 v input1/A (sg13g2_buf_1)
     2    0.016522    0.059267    0.089604    1.092023 v input1/X (sg13g2_buf_1)
                                                         net1 (net)
                      0.059303    0.001334    1.093357 v fanout78/A (sg13g2_buf_8)
     8    0.032292    0.028185    0.092818    1.186176 v fanout78/X (sg13g2_buf_8)
                                                         net78 (net)
                      0.028335    0.002312    1.188488 v _289_/A (sg13g2_inv_1)
     1    0.007719    0.039672    0.042847    1.231335 ^ _289_/Y (sg13g2_inv_1)
                                                         _005_ (net)
                      0.039686    0.000598    1.231934 ^ _298_/RESET_B (sg13g2_dfrbpq_1)
                                              1.231934   data arrival time

                                  5.000000    5.000000   clock clk (rise edge)
                                  0.000000    5.000000   clock source latency
     1    0.015301    0.031149    0.013215    5.013216 ^ clk (in)
                                                         clk (net)
                      0.031159    0.000000    5.013216 ^ clkbuf_0_clk/A (sg13g2_buf_8)
     2    0.022578    0.024783    0.070011    5.083226 ^ clkbuf_0_clk/X (sg13g2_buf_8)
                                                         clknet_0_clk (net)
                      0.024810    0.001439    5.084666 ^ clkbuf_1_1__f_clk/A (sg13g2_buf_8)
     5    0.019490    0.023125    0.065980    5.150645 ^ clkbuf_1_1__f_clk/X (sg13g2_buf_8)
                                                         clknet_1_1__leaf_clk (net)
                      0.023127    0.000537    5.151183 ^ _298_/CLK (sg13g2_dfrbpq_1)
                                 -0.250000    4.901183   clock uncertainty
                                  0.000000    4.901183   clock reconvergence pessimism
                                 -0.125615    4.775568   library recovery time
                                              4.775568   data required time
---------------------------------------------------------------------------------------------
                                              4.775568   data required time
                                             -1.231934   data arrival time
---------------------------------------------------------------------------------------------
                                              3.543634   slack (MET)


Startpoint: _294_ (rising edge-triggered flip-flop clocked by clk)
Endpoint: sine_out[1] (output port clocked by clk)
Path Group: clk
Path Type: max

Fanout         Cap        Slew       Delay        Time   Description
---------------------------------------------------------------------------------------------
                                  0.000000    0.000000   clock clk (rise edge)
                                  0.000000    0.000000   clock source latency
     1    0.015301    0.031149    0.013215    0.013215 ^ clk (in)
                                                         clk (net)
                      0.031159    0.000000    0.013215 ^ clkbuf_0_clk/A (sg13g2_buf_8)
     2    0.022578    0.024783    0.070011    0.083226 ^ clkbuf_0_clk/X (sg13g2_buf_8)
                                                         clknet_0_clk (net)
                      0.024813    0.001529    0.084755 ^ clkbuf_1_0__f_clk/A (sg13g2_buf_8)
     5    0.020602    0.023626    0.066313    0.151067 ^ clkbuf_1_0__f_clk/X (sg13g2_buf_8)
                                                         clknet_1_0__leaf_clk (net)
                      0.023639    0.001011    0.152079 ^ _294_/CLK (sg13g2_dfrbpq_1)
     1    0.002165    0.017601    0.159551    0.311630 v _294_/Q (sg13g2_dfrbpq_1)
                                                         DPATH.SUM.fa_1.A (net)
                      0.017601    0.000079    0.311709 v hold4/A (sg13g2_dlygate4sd3_1)
     1    0.009609    0.056133    0.387967    0.699676 v hold4/X (sg13g2_dlygate4sd3_1)
                                                         net40 (net)
                      0.056133    0.000780    0.700456 v fanout75/A (sg13g2_buf_8)
     5    0.032466    0.028130    0.091174    0.791629 v fanout75/X (sg13g2_buf_8)
                                                         net75 (net)
                      0.028370    0.002625    0.794255 v fanout74/A (sg13g2_buf_8)
     5    0.029055    0.026105    0.077239    0.871493 v fanout74/X (sg13g2_buf_8)
                                                         net74 (net)
                      0.026115    0.000853    0.872347 v fanout73/A (sg13g2_buf_8)
     8    0.035792    0.028231    0.078367    0.950714 v fanout73/X (sg13g2_buf_8)
                                                         net73 (net)
                      0.028352    0.001583    0.952297 v _146_/A1 (sg13g2_o21ai_1)
     4    0.018344    0.208410    0.191696    1.143992 ^ _146_/Y (sg13g2_o21ai_1)
                                                         _114_ (net)
                      0.208412    0.000479    1.144471 ^ _234_/A2 (sg13g2_a21oi_1)
     2    0.007800    0.083352    0.134348    1.278819 v _234_/Y (sg13g2_a21oi_1)
                                                         _059_ (net)
                      0.083352    0.000260    1.279080 v _267_/A1 (sg13g2_o21ai_1)
     1    0.003905    0.078163    0.111218    1.390298 ^ _267_/Y (sg13g2_o21ai_1)
                                                         _091_ (net)
                      0.078164    0.000156    1.390454 ^ _270_/A1 (sg13g2_a21oi_1)
     1    0.004695    0.055951    0.078948    1.469402 v _270_/Y (sg13g2_a21oi_1)
                                                         _094_ (net)
                      0.055951    0.000190    1.469591 v _273_/A (sg13g2_nor2_1)
     1    0.005047    0.065372    0.077508    1.547099 ^ _273_/Y (sg13g2_nor2_1)
                                                         _097_ (net)
                      0.065372    0.000208    1.547307 ^ _274_/B1 (sg13g2_a22oi_1)
     1    0.006412    0.068817    0.078739    1.626046 v _274_/Y (sg13g2_a22oi_1)
                                                         net15 (net)
                      0.068819    0.000640    1.626686 v output15/A (sg13g2_buf_1)
     1    0.011382    0.044854    0.099547    1.726233 v output15/X (sg13g2_buf_1)
                                                         sine_out[1] (net)
                      0.044858    0.000482    1.726714 v sine_out[1] (out)
                                              1.726714   data arrival time

                                  5.000000    5.000000   clock clk (rise edge)
                                  0.000000    5.000000   clock network delay (propagated)
                                 -0.250000    4.750000   clock uncertainty
                                  0.000000    4.750000   clock reconvergence pessimism
                                 -1.000000    3.750000   output external delay
                                              3.750000   data required time
---------------------------------------------------------------------------------------------
                                              3.750000   data required time
                                             -1.726714   data arrival time
---------------------------------------------------------------------------------------------
                                              2.023286   slack (MET)




===========================================================================
report_checks --slack_max -0.01
============================================================================
======================= nom_typ_1p20V_25C Corner ===================================

No paths found.


===========================================================================
 report_check_types -max_slew -max_cap -max_fanout -violators
============================================================================
======================= nom_typ_1p20V_25C Corner ===================================



===========================================================================
report_parasitic_annotation -report_unannotated
============================================================================
Found 1 unannotated drivers.
 clkload0/Y
Found 0 partially unannotated drivers.

===========================================================================
max slew violation count 0
Writing metric design__max_slew_violation__count__corner:nom_typ_1p20V_25C: 0
max fanout violation count 0
Writing metric design__max_fanout_violation__count__corner:nom_typ_1p20V_25C: 0
max cap violation count 0
Writing metric design__max_cap_violation__count__corner:nom_typ_1p20V_25C: 0
============================================================================

===========================================================================
check_setup -verbose -unconstrained_endpoints -multiple_clock -no_clock -no_input_delay -loops -generated_clocks
===========================================================================
