Clock: clockone
Sources: clk 
Generated: no
Virtual: yes
Propagated: no
Period: 5.000000

===========================================================================
report_clock_properties
============================================================================
Clock                   Period          Waveform
----------------------------------------------------
clockone              5.000000    0.000000  1.000000

===========================================================================
report_clock_latency
============================================================================
Clock clockone
rise -> rise
    min     max
0.000000 0.000000 source latency
0.119016         network latency _295_/CLK
        0.120285 network latency _294_/CLK
---------------
0.119016 0.120285 latency
        0.001269 skew

fall -> fall
    min     max
0.000000 0.000000 source latency
0.131064         network latency _295_/CLK
        0.132092 network latency _294_/CLK
---------------
0.131064 0.132092 latency
        0.001028 skew



===========================================================================
report_clock_min_period
============================================================================
clockone period_min = 1.95 fmax = 513.76
