
===========================================================================
report_checks -path_delay max (Setup)
============================================================================
======================= nom_typ_1p20V_25C Corner ===================================

Startpoint: _295_ (rising edge-triggered flip-flop clocked by clockone)
Endpoint: _300_ (rising edge-triggered flip-flop clocked by clockone)
Path Group: clockone
Path Type: max

Fanout         Cap        Slew       Delay        Time   Description
---------------------------------------------------------------------------------------------
                                  0.000000    0.000000   clock clockone (rise edge)
                                  0.000000    0.000000   clock source latency
     1    0.015552    0.000000    0.000000    0.000000 ^ clk (in)
                                                         clk (net)
                      0.000422    0.000211    0.000211 ^ clkbuf_0_clk/A (sg13g2_buf_8)
     2    0.020266    0.022343    0.054554    0.054765 ^ clkbuf_0_clk/X (sg13g2_buf_8)
                                                         clknet_0_clk (net)
                      0.022343    0.000036    0.054801 ^ clkbuf_1_1__f_clk/A (sg13g2_buf_8)
     5    0.017678    0.022215    0.064206    0.119007 ^ clkbuf_1_1__f_clk/X (sg13g2_buf_8)
                                                         clknet_1_1__leaf_clk (net)
                      0.022215    0.000009    0.119016 ^ _295_/CLK (sg13g2_dfrbpq_1)
     1    0.002407    0.018238    0.159470    0.278486 v _295_/Q (sg13g2_dfrbpq_1)
                                                         DPATH.SUM.fa_2.A (net)
                      0.018238    0.000006    0.278492 v hold5/A (sg13g2_dlygate4sd3_1)
     1    0.009275    0.054814    0.387576    0.666068 v hold5/X (sg13g2_dlygate4sd3_1)
                                                         net42 (net)
                      0.054814    0.000027    0.666095 v fanout70/A (sg13g2_buf_8)
     8    0.044997    0.032166    0.095687    0.761782 v fanout70/X (sg13g2_buf_8)
                                                         net70 (net)
                      0.032166    0.000268    0.762050 v fanout69/A (sg13g2_buf_8)
     8    0.036037    0.028488    0.081811    0.843861 v fanout69/X (sg13g2_buf_8)
                                                         net69 (net)
                      0.028488    0.000023    0.843884 v _140_/B (sg13g2_nor2_2)
     5    0.026597    0.123560    0.112927    0.956811 ^ _140_/Y (sg13g2_nor2_2)
                                                         _109_ (net)
                      0.123561    0.000192    0.957003 ^ _144_/A (sg13g2_nand2_1)
     2    0.006719    0.067653    0.088194    1.045197 v _144_/Y (sg13g2_nand2_1)
                                                         _113_ (net)
                      0.067653    0.000019    1.045216 v _212_/B (sg13g2_nor2_1)
     2    0.007407    0.083703    0.089931    1.135147 ^ _212_/Y (sg13g2_nor2_1)
                                                         net26 (net)
                      0.083703    0.000041    1.135188 ^ _213_/C (sg13g2_nand3_1)
     2    0.009518    0.104372    0.131856    1.267044 v _213_/Y (sg13g2_nand3_1)
                                                         _040_ (net)
                      0.104372    0.000034    1.267078 v _214_/B (sg13g2_xnor2_1)
     1    0.002112    0.036168    0.110700    1.377777 v _214_/Y (sg13g2_xnor2_1)
                                                         CTRL.P1 (net)
                      0.036168    0.000004    1.377781 v hold2/A (sg13g2_dlygate4sd3_1)
     1    0.001976    0.034278    0.372050    1.749831 v hold2/X (sg13g2_dlygate4sd3_1)
                                                         net39 (net)
                      0.034278    0.000003    1.749835 v _300_/D (sg13g2_dfrbpq_1)
                                              1.749835   data arrival time

                                  5.000000    5.000000   clock clockone (rise edge)
                                  0.000000    5.000000   clock source latency
     1    0.015552    0.000000    0.000000    5.000000 ^ clk (in)
                                                         clk (net)
                      0.000422    0.000211    5.000211 ^ clkbuf_0_clk/A (sg13g2_buf_8)
     2    0.020266    0.022343    0.054554    5.054765 ^ clkbuf_0_clk/X (sg13g2_buf_8)
                                                         clknet_0_clk (net)
                      0.022343    0.000063    5.054828 ^ clkbuf_1_0__f_clk/A (sg13g2_buf_8)
     5    0.020693    0.023562    0.065381    5.120209 ^ clkbuf_1_0__f_clk/X (sg13g2_buf_8)
                                                         clknet_1_0__leaf_clk (net)
                      0.023562    0.000043    5.120252 ^ _300_/CLK (sg13g2_dfrbpq_1)
                                 -0.200000    4.920252   clock uncertainty
                                  0.000000    4.920252   clock reconvergence pessimism
                                 -0.116859    4.803393   library setup time
                                              4.803393   data required time
---------------------------------------------------------------------------------------------
                                              4.803393   data required time
                                             -1.749835   data arrival time
---------------------------------------------------------------------------------------------
                                              3.053559   slack (MET)


Startpoint: _301_ (rising edge-triggered flip-flop clocked by clockone)
Endpoint: _299_ (rising edge-triggered flip-flop clocked by clockone)
Path Group: clockone
Path Type: max

Fanout         Cap        Slew       Delay        Time   Description
---------------------------------------------------------------------------------------------
                                  0.000000    0.000000   clock clockone (rise edge)
                                  0.000000    0.000000   clock source latency
     1    0.015552    0.000000    0.000000    0.000000 ^ clk (in)
                                                         clk (net)
                      0.000422    0.000211    0.000211 ^ clkbuf_0_clk/A (sg13g2_buf_8)
     2    0.020266    0.022343    0.054554    0.054765 ^ clkbuf_0_clk/X (sg13g2_buf_8)
                                                         clknet_0_clk (net)
                      0.022343    0.000063    0.054828 ^ clkbuf_1_0__f_clk/A (sg13g2_buf_8)
     5    0.020693    0.023562    0.065381    0.120209 ^ clkbuf_1_0__f_clk/X (sg13g2_buf_8)
                                                         clknet_1_0__leaf_clk (net)
                      0.023562    0.000055    0.120265 ^ _301_/CLK (sg13g2_dfrbpq_1)
     1    0.001950    0.017241    0.159003    0.279268 v _301_/Q (sg13g2_dfrbpq_1)
                                                         CTRL.S0 (net)
                      0.017241    0.000003    0.279271 v hold3/A (sg13g2_dlygate4sd3_1)
     1    0.008849    0.055334    0.385553    0.664823 v hold3/X (sg13g2_dlygate4sd3_1)
                                                         net40 (net)
                      0.055334    0.000013    0.664837 v fanout53/A (sg13g2_buf_8)
     6    0.029334    0.027040    0.090569    0.755406 v fanout53/X (sg13g2_buf_8)
                                                         net53 (net)
                      0.027040    0.000129    0.755535 v fanout52/A (sg13g2_buf_8)
     8    0.037239    0.028727    0.079827    0.835362 v fanout52/X (sg13g2_buf_8)
                                                         net52 (net)
                      0.028727    0.000047    0.835409 v _191_/B (sg13g2_xnor2_1)
     2    0.010237    0.077201    0.113837    0.949246 v _191_/Y (sg13g2_xnor2_1)
                                                         _025_ (net)
                      0.077201    0.000034    0.949280 v _193_/A2 (sg13g2_o21ai_1)
     2    0.010495    0.143598    0.149483    1.098764 ^ _193_/Y (sg13g2_o21ai_1)
                                                         _026_ (net)
                      0.143598    0.000051    1.098815 ^ _197_/A1 (sg13g2_a21oi_1)
     2    0.010316    0.097560    0.129202    1.228016 v _197_/Y (sg13g2_a21oi_1)
                                                         _029_ (net)
                      0.097560    0.000034    1.228050 v _203_/A1 (sg13g2_o21ai_1)
     2    0.009921    0.138074    0.159620    1.387670 ^ _203_/Y (sg13g2_o21ai_1)
                                                         _034_ (net)
                      0.138074    0.000038    1.387708 ^ _207_/A2 (sg13g2_a21oi_1)
     2    0.009337    0.087427    0.123702    1.511410 v _207_/Y (sg13g2_a21oi_1)
                                                         _037_ (net)
                      0.087427    0.000020    1.511430 v _209_/A2 (sg13g2_o21ai_1)
     1    0.006107    0.104484    0.121683    1.633113 ^ _209_/Y (sg13g2_o21ai_1)
                                                         _038_ (net)
                      0.104484    0.000010    1.633122 ^ _211_/A (sg13g2_xnor2_1)
     1    0.001533    0.053059    0.107714    1.740836 ^ _211_/Y (sg13g2_xnor2_1)
                                                         DPATH.SUM.fa_6.S (net)
                      0.053059    0.000000    1.740837 ^ _299_/D (sg13g2_dfrbpq_1)
                                              1.740837   data arrival time

                                  5.000000    5.000000   clock clockone (rise edge)
                                  0.000000    5.000000   clock source latency
     1    0.015552    0.000000    0.000000    5.000000 ^ clk (in)
                                                         clk (net)
                      0.000422    0.000211    5.000211 ^ clkbuf_0_clk/A (sg13g2_buf_8)
     2    0.020266    0.022343    0.054554    5.054765 ^ clkbuf_0_clk/X (sg13g2_buf_8)
                                                         clknet_0_clk (net)
                      0.022343    0.000036    5.054801 ^ clkbuf_1_1__f_clk/A (sg13g2_buf_8)
     5    0.017678    0.022215    0.064206    5.119008 ^ clkbuf_1_1__f_clk/X (sg13g2_buf_8)
                                                         clknet_1_1__leaf_clk (net)
                      0.022215    0.000052    5.119060 ^ _299_/CLK (sg13g2_dfrbpq_1)
                                 -0.200000    4.919060   clock uncertainty
                                  0.000000    4.919060   clock reconvergence pessimism
                                 -0.123148    4.795911   library setup time
                                              4.795911   data required time
---------------------------------------------------------------------------------------------
                                              4.795911   data required time
                                             -1.740837   data arrival time
---------------------------------------------------------------------------------------------
                                              3.055074   slack (MET)


Startpoint: _301_ (rising edge-triggered flip-flop clocked by clockone)
Endpoint: _298_ (rising edge-triggered flip-flop clocked by clockone)
Path Group: clockone
Path Type: max

Fanout         Cap        Slew       Delay        Time   Description
---------------------------------------------------------------------------------------------
                                  0.000000    0.000000   clock clockone (rise edge)
                                  0.000000    0.000000   clock source latency
     1    0.015552    0.000000    0.000000    0.000000 ^ clk (in)
                                                         clk (net)
                      0.000422    0.000211    0.000211 ^ clkbuf_0_clk/A (sg13g2_buf_8)
     2    0.020266    0.022343    0.054554    0.054765 ^ clkbuf_0_clk/X (sg13g2_buf_8)
                                                         clknet_0_clk (net)
                      0.022343    0.000063    0.054828 ^ clkbuf_1_0__f_clk/A (sg13g2_buf_8)
     5    0.020693    0.023562    0.065381    0.120209 ^ clkbuf_1_0__f_clk/X (sg13g2_buf_8)
                                                         clknet_1_0__leaf_clk (net)
                      0.023562    0.000055    0.120265 ^ _301_/CLK (sg13g2_dfrbpq_1)
     1    0.001950    0.017241    0.159003    0.279268 v _301_/Q (sg13g2_dfrbpq_1)
                                                         CTRL.S0 (net)
                      0.017241    0.000003    0.279271 v hold3/A (sg13g2_dlygate4sd3_1)
     1    0.008849    0.055334    0.385553    0.664823 v hold3/X (sg13g2_dlygate4sd3_1)
                                                         net40 (net)
                      0.055334    0.000013    0.664837 v fanout53/A (sg13g2_buf_8)
     6    0.029334    0.027040    0.090569    0.755406 v fanout53/X (sg13g2_buf_8)
                                                         net53 (net)
                      0.027040    0.000129    0.755535 v fanout52/A (sg13g2_buf_8)
     8    0.037239    0.028727    0.079827    0.835362 v fanout52/X (sg13g2_buf_8)
                                                         net52 (net)
                      0.028727    0.000047    0.835409 v _191_/B (sg13g2_xnor2_1)
     2    0.010237    0.077201    0.113837    0.949246 v _191_/Y (sg13g2_xnor2_1)
                                                         _025_ (net)
                      0.077201    0.000034    0.949280 v _193_/A2 (sg13g2_o21ai_1)
     2    0.010495    0.143598    0.149483    1.098764 ^ _193_/Y (sg13g2_o21ai_1)
                                                         _026_ (net)
                      0.143598    0.000051    1.098815 ^ _197_/A1 (sg13g2_a21oi_1)
     2    0.010316    0.097560    0.129202    1.228016 v _197_/Y (sg13g2_a21oi_1)
                                                         _029_ (net)
                      0.097560    0.000034    1.228050 v _203_/A1 (sg13g2_o21ai_1)
     2    0.009921    0.138074    0.159620    1.387670 ^ _203_/Y (sg13g2_o21ai_1)
                                                         _034_ (net)
                      0.138074    0.000038    1.387708 ^ _207_/A2 (sg13g2_a21oi_1)
     2    0.009337    0.087427    0.123702    1.511410 v _207_/Y (sg13g2_a21oi_1)
                                                         _037_ (net)
                      0.087427    0.000008    1.511418 v _208_/B (sg13g2_xor2_1)
     1    0.001876    0.049407    0.110938    1.622356 v _208_/X (sg13g2_xor2_1)
                                                         DPATH.SUM.fa_5.S (net)
                      0.049407    0.000003    1.622359 v _298_/D (sg13g2_dfrbpq_2)
                                              1.622359   data arrival time

                                  5.000000    5.000000   clock clockone (rise edge)
                                  0.000000    5.000000   clock source latency
     1    0.015552    0.000000    0.000000    5.000000 ^ clk (in)
                                                         clk (net)
                      0.000422    0.000211    5.000211 ^ clkbuf_0_clk/A (sg13g2_buf_8)
     2    0.020266    0.022343    0.054554    5.054765 ^ clkbuf_0_clk/X (sg13g2_buf_8)
                                                         clknet_0_clk (net)
                      0.022343    0.000036    5.054801 ^ clkbuf_1_1__f_clk/A (sg13g2_buf_8)
     5    0.017678    0.022215    0.064206    5.119008 ^ clkbuf_1_1__f_clk/X (sg13g2_buf_8)
                                                         clknet_1_1__leaf_clk (net)
                      0.022215    0.000044    5.119051 ^ _298_/CLK (sg13g2_dfrbpq_2)
                                 -0.200000    4.919051   clock uncertainty
                                  0.000000    4.919051   clock reconvergence pessimism
                                 -0.122653    4.796398   library setup time
                                              4.796398   data required time
---------------------------------------------------------------------------------------------
                                              4.796398   data required time
                                             -1.622359   data arrival time
---------------------------------------------------------------------------------------------
                                              3.174039   slack (MET)


Startpoint: _301_ (rising edge-triggered flip-flop clocked by clockone)
Endpoint: _297_ (rising edge-triggered flip-flop clocked by clockone)
Path Group: clockone
Path Type: max

Fanout         Cap        Slew       Delay        Time   Description
---------------------------------------------------------------------------------------------
                                  0.000000    0.000000   clock clockone (rise edge)
                                  0.000000    0.000000   clock source latency
     1    0.015552    0.000000    0.000000    0.000000 ^ clk (in)
                                                         clk (net)
                      0.000422    0.000211    0.000211 ^ clkbuf_0_clk/A (sg13g2_buf_8)
     2    0.020266    0.022343    0.054554    0.054765 ^ clkbuf_0_clk/X (sg13g2_buf_8)
                                                         clknet_0_clk (net)
                      0.022343    0.000063    0.054828 ^ clkbuf_1_0__f_clk/A (sg13g2_buf_8)
     5    0.020693    0.023562    0.065381    0.120209 ^ clkbuf_1_0__f_clk/X (sg13g2_buf_8)
                                                         clknet_1_0__leaf_clk (net)
                      0.023562    0.000055    0.120265 ^ _301_/CLK (sg13g2_dfrbpq_1)
     1    0.001950    0.017241    0.159003    0.279268 v _301_/Q (sg13g2_dfrbpq_1)
                                                         CTRL.S0 (net)
                      0.017241    0.000003    0.279271 v hold3/A (sg13g2_dlygate4sd3_1)
     1    0.008849    0.055334    0.385553    0.664823 v hold3/X (sg13g2_dlygate4sd3_1)
                                                         net40 (net)
                      0.055334    0.000013    0.664837 v fanout53/A (sg13g2_buf_8)
     6    0.029334    0.027040    0.090569    0.755406 v fanout53/X (sg13g2_buf_8)
                                                         net53 (net)
                      0.027040    0.000129    0.755535 v fanout52/A (sg13g2_buf_8)
     8    0.037239    0.028727    0.079827    0.835362 v fanout52/X (sg13g2_buf_8)
                                                         net52 (net)
                      0.028727    0.000047    0.835409 v _191_/B (sg13g2_xnor2_1)
     2    0.010237    0.077201    0.113837    0.949246 v _191_/Y (sg13g2_xnor2_1)
                                                         _025_ (net)
                      0.077201    0.000034    0.949280 v _193_/A2 (sg13g2_o21ai_1)
     2    0.010495    0.143598    0.149483    1.098764 ^ _193_/Y (sg13g2_o21ai_1)
                                                         _026_ (net)
                      0.143598    0.000051    1.098815 ^ _197_/A1 (sg13g2_a21oi_1)
     2    0.010316    0.097560    0.129202    1.228016 v _197_/Y (sg13g2_a21oi_1)
                                                         _029_ (net)
                      0.097560    0.000034    1.228050 v _203_/A1 (sg13g2_o21ai_1)
     2    0.009921    0.138074    0.159620    1.387670 ^ _203_/Y (sg13g2_o21ai_1)
                                                         _034_ (net)
                      0.138074    0.000028    1.387698 ^ _204_/B (sg13g2_xor2_1)
     1    0.002298    0.054806    0.125161    1.512858 ^ _204_/X (sg13g2_xor2_1)
                                                         DPATH.SUM.fa_4.S (net)
                      0.054806    0.000006    1.512864 ^ _297_/D (sg13g2_dfrbpq_1)
                                              1.512864   data arrival time

                                  5.000000    5.000000   clock clockone (rise edge)
                                  0.000000    5.000000   clock source latency
     1    0.015552    0.000000    0.000000    5.000000 ^ clk (in)
                                                         clk (net)
                      0.000422    0.000211    5.000211 ^ clkbuf_0_clk/A (sg13g2_buf_8)
     2    0.020266    0.022343    0.054554    5.054765 ^ clkbuf_0_clk/X (sg13g2_buf_8)
                                                         clknet_0_clk (net)
                      0.022343    0.000036    5.054801 ^ clkbuf_1_1__f_clk/A (sg13g2_buf_8)
     5    0.017678    0.022215    0.064206    5.119008 ^ clkbuf_1_1__f_clk/X (sg13g2_buf_8)
                                                         clknet_1_1__leaf_clk (net)
                      0.022215    0.000021    5.119029 ^ _297_/CLK (sg13g2_dfrbpq_1)
                                 -0.200000    4.919029   clock uncertainty
                                  0.000000    4.919029   clock reconvergence pessimism
                                 -0.123716    4.795313   library setup time
                                              4.795313   data required time
---------------------------------------------------------------------------------------------
                                              4.795313   data required time
                                             -1.512864   data arrival time
---------------------------------------------------------------------------------------------
                                              3.282449   slack (MET)


Startpoint: _295_ (rising edge-triggered flip-flop clocked by clockone)
Endpoint: _301_ (rising edge-triggered flip-flop clocked by clockone)
Path Group: clockone
Path Type: max

Fanout         Cap        Slew       Delay        Time   Description
---------------------------------------------------------------------------------------------
                                  0.000000    0.000000   clock clockone (rise edge)
                                  0.000000    0.000000   clock source latency
     1    0.015552    0.000000    0.000000    0.000000 ^ clk (in)
                                                         clk (net)
                      0.000422    0.000211    0.000211 ^ clkbuf_0_clk/A (sg13g2_buf_8)
     2    0.020266    0.022343    0.054554    0.054765 ^ clkbuf_0_clk/X (sg13g2_buf_8)
                                                         clknet_0_clk (net)
                      0.022343    0.000036    0.054801 ^ clkbuf_1_1__f_clk/A (sg13g2_buf_8)
     5    0.017678    0.022215    0.064206    0.119007 ^ clkbuf_1_1__f_clk/X (sg13g2_buf_8)
                                                         clknet_1_1__leaf_clk (net)
                      0.022215    0.000009    0.119016 ^ _295_/CLK (sg13g2_dfrbpq_1)
     1    0.002407    0.018238    0.159470    0.278486 v _295_/Q (sg13g2_dfrbpq_1)
                                                         DPATH.SUM.fa_2.A (net)
                      0.018238    0.000006    0.278492 v hold5/A (sg13g2_dlygate4sd3_1)
     1    0.009275    0.054814    0.387576    0.666068 v hold5/X (sg13g2_dlygate4sd3_1)
                                                         net42 (net)
                      0.054814    0.000027    0.666095 v fanout70/A (sg13g2_buf_8)
     8    0.044997    0.032166    0.095687    0.761782 v fanout70/X (sg13g2_buf_8)
                                                         net70 (net)
                      0.032166    0.000268    0.762050 v fanout69/A (sg13g2_buf_8)
     8    0.036037    0.028488    0.081811    0.843861 v fanout69/X (sg13g2_buf_8)
                                                         net69 (net)
                      0.028488    0.000023    0.843884 v _140_/B (sg13g2_nor2_2)
     5    0.026597    0.123560    0.112927    0.956811 ^ _140_/Y (sg13g2_nor2_2)
                                                         _109_ (net)
                      0.123561    0.000192    0.957003 ^ _144_/A (sg13g2_nand2_1)
     2    0.006719    0.067653    0.088194    1.045197 v _144_/Y (sg13g2_nand2_1)
                                                         _113_ (net)
                      0.067653    0.000019    1.045216 v _212_/B (sg13g2_nor2_1)
     2    0.007407    0.083703    0.089931    1.135147 ^ _212_/Y (sg13g2_nor2_1)
                                                         net26 (net)
                      0.083703    0.000041    1.135188 ^ _213_/C (sg13g2_nand3_1)
     2    0.009518    0.104372    0.131856    1.267044 v _213_/Y (sg13g2_nand3_1)
                                                         _040_ (net)
                      0.104372    0.000025    1.267069 v _218_/B1 (sg13g2_o21ai_1)
     1    0.003335    0.071377    0.061637    1.328706 ^ _218_/Y (sg13g2_o21ai_1)
                                                         _044_ (net)
                      0.071377    0.000005    1.328711 ^ _219_/A (sg13g2_inv_1)
     1    0.002375    0.023903    0.037563    1.366273 v _219_/Y (sg13g2_inv_1)
                                                         CTRL.P0 (net)
                      0.023903    0.000007    1.366280 v _301_/D (sg13g2_dfrbpq_1)
                                              1.366280   data arrival time

                                  5.000000    5.000000   clock clockone (rise edge)
                                  0.000000    5.000000   clock source latency
     1    0.015552    0.000000    0.000000    5.000000 ^ clk (in)
                                                         clk (net)
                      0.000422    0.000211    5.000211 ^ clkbuf_0_clk/A (sg13g2_buf_8)
     2    0.020266    0.022343    0.054554    5.054765 ^ clkbuf_0_clk/X (sg13g2_buf_8)
                                                         clknet_0_clk (net)
                      0.022343    0.000063    5.054828 ^ clkbuf_1_0__f_clk/A (sg13g2_buf_8)
     5    0.020693    0.023562    0.065381    5.120209 ^ clkbuf_1_0__f_clk/X (sg13g2_buf_8)
                                                         clknet_1_0__leaf_clk (net)
                      0.023562    0.000056    5.120265 ^ _301_/CLK (sg13g2_dfrbpq_1)
                                 -0.200000    4.920265   clock uncertainty
                                  0.000000    4.920265   clock reconvergence pessimism
                                 -0.113121    4.807143   library setup time
                                              4.807143   data required time
---------------------------------------------------------------------------------------------
                                              4.807143   data required time
                                             -1.366280   data arrival time
---------------------------------------------------------------------------------------------
                                              3.440863   slack (MET)


Startpoint: _301_ (rising edge-triggered flip-flop clocked by clockone)
Endpoint: _296_ (rising edge-triggered flip-flop clocked by clockone)
Path Group: clockone
Path Type: max

Fanout         Cap        Slew       Delay        Time   Description
---------------------------------------------------------------------------------------------
                                  0.000000    0.000000   clock clockone (rise edge)
                                  0.000000    0.000000   clock source latency
     1    0.015552    0.000000    0.000000    0.000000 ^ clk (in)
                                                         clk (net)
                      0.000422    0.000211    0.000211 ^ clkbuf_0_clk/A (sg13g2_buf_8)
     2    0.020266    0.022343    0.054554    0.054765 ^ clkbuf_0_clk/X (sg13g2_buf_8)
                                                         clknet_0_clk (net)
                      0.022343    0.000063    0.054828 ^ clkbuf_1_0__f_clk/A (sg13g2_buf_8)
     5    0.020693    0.023562    0.065381    0.120209 ^ clkbuf_1_0__f_clk/X (sg13g2_buf_8)
                                                         clknet_1_0__leaf_clk (net)
                      0.023562    0.000055    0.120265 ^ _301_/CLK (sg13g2_dfrbpq_1)
     1    0.001950    0.017241    0.159003    0.279268 v _301_/Q (sg13g2_dfrbpq_1)
                                                         CTRL.S0 (net)
                      0.017241    0.000003    0.279271 v hold3/A (sg13g2_dlygate4sd3_1)
     1    0.008849    0.055334    0.385553    0.664823 v hold3/X (sg13g2_dlygate4sd3_1)
                                                         net40 (net)
                      0.055334    0.000013    0.664837 v fanout53/A (sg13g2_buf_8)
     6    0.029334    0.027040    0.090569    0.755406 v fanout53/X (sg13g2_buf_8)
                                                         net53 (net)
                      0.027040    0.000129    0.755535 v fanout52/A (sg13g2_buf_8)
     8    0.037239    0.028727    0.079827    0.835362 v fanout52/X (sg13g2_buf_8)
                                                         net52 (net)
                      0.028727    0.000047    0.835409 v _191_/B (sg13g2_xnor2_1)
     2    0.010237    0.077201    0.113837    0.949246 v _191_/Y (sg13g2_xnor2_1)
                                                         _025_ (net)
                      0.077201    0.000034    0.949280 v _193_/A2 (sg13g2_o21ai_1)
     2    0.010495    0.143598    0.149483    1.098764 ^ _193_/Y (sg13g2_o21ai_1)
                                                         _026_ (net)
                      0.143598    0.000051    1.098815 ^ _197_/A1 (sg13g2_a21oi_1)
     2    0.010316    0.097560    0.129202    1.228016 v _197_/Y (sg13g2_a21oi_1)
                                                         _029_ (net)
                      0.097560    0.000025    1.228041 v _200_/A (sg13g2_xor2_1)
     1    0.002068    0.050423    0.119807    1.347848 v _200_/X (sg13g2_xor2_1)
                                                         DPATH.SUM.fa_3.S (net)
                      0.050423    0.000004    1.347852 v _296_/D (sg13g2_dfrbpq_1)
                                              1.347852   data arrival time

                                  5.000000    5.000000   clock clockone (rise edge)
                                  0.000000    5.000000   clock source latency
     1    0.015552    0.000000    0.000000    5.000000 ^ clk (in)
                                                         clk (net)
                      0.000422    0.000211    5.000211 ^ clkbuf_0_clk/A (sg13g2_buf_8)
     2    0.020266    0.022343    0.054554    5.054765 ^ clkbuf_0_clk/X (sg13g2_buf_8)
                                                         clknet_0_clk (net)
                      0.022343    0.000063    5.054828 ^ clkbuf_1_0__f_clk/A (sg13g2_buf_8)
     5    0.020693    0.023562    0.065381    5.120209 ^ clkbuf_1_0__f_clk/X (sg13g2_buf_8)
                                                         clknet_1_0__leaf_clk (net)
                      0.023562    0.000063    5.120272 ^ _296_/CLK (sg13g2_dfrbpq_1)
                                 -0.200000    4.920272   clock uncertainty
                                  0.000000    4.920272   clock reconvergence pessimism
                                 -0.122675    4.797596   library setup time
                                              4.797596   data required time
---------------------------------------------------------------------------------------------
                                              4.797596   data required time
                                             -1.347852   data arrival time
---------------------------------------------------------------------------------------------
                                              3.449745   slack (MET)


Startpoint: _301_ (rising edge-triggered flip-flop clocked by clockone)
Endpoint: _295_ (rising edge-triggered flip-flop clocked by clockone)
Path Group: clockone
Path Type: max

Fanout         Cap        Slew       Delay        Time   Description
---------------------------------------------------------------------------------------------
                                  0.000000    0.000000   clock clockone (rise edge)
                                  0.000000    0.000000   clock source latency
     1    0.015552    0.000000    0.000000    0.000000 ^ clk (in)
                                                         clk (net)
                      0.000422    0.000211    0.000211 ^ clkbuf_0_clk/A (sg13g2_buf_8)
     2    0.020266    0.022343    0.054554    0.054765 ^ clkbuf_0_clk/X (sg13g2_buf_8)
                                                         clknet_0_clk (net)
                      0.022343    0.000063    0.054828 ^ clkbuf_1_0__f_clk/A (sg13g2_buf_8)
     5    0.020693    0.023562    0.065381    0.120209 ^ clkbuf_1_0__f_clk/X (sg13g2_buf_8)
                                                         clknet_1_0__leaf_clk (net)
                      0.023562    0.000055    0.120265 ^ _301_/CLK (sg13g2_dfrbpq_1)
     1    0.001950    0.017241    0.159003    0.279268 v _301_/Q (sg13g2_dfrbpq_1)
                                                         CTRL.S0 (net)
                      0.017241    0.000003    0.279271 v hold3/A (sg13g2_dlygate4sd3_1)
     1    0.008849    0.055334    0.385553    0.664823 v hold3/X (sg13g2_dlygate4sd3_1)
                                                         net40 (net)
                      0.055334    0.000013    0.664837 v fanout53/A (sg13g2_buf_8)
     6    0.029334    0.027040    0.090569    0.755406 v fanout53/X (sg13g2_buf_8)
                                                         net53 (net)
                      0.027040    0.000129    0.755535 v fanout52/A (sg13g2_buf_8)
     8    0.037239    0.028727    0.079827    0.835362 v fanout52/X (sg13g2_buf_8)
                                                         net52 (net)
                      0.028727    0.000047    0.835409 v _191_/B (sg13g2_xnor2_1)
     2    0.010237    0.077201    0.113837    0.949246 v _191_/Y (sg13g2_xnor2_1)
                                                         _025_ (net)
                      0.077201    0.000034    0.949280 v _193_/A2 (sg13g2_o21ai_1)
     2    0.010495    0.143598    0.149483    1.098764 ^ _193_/Y (sg13g2_o21ai_1)
                                                         _026_ (net)
                      0.143598    0.000046    1.098809 ^ _196_/A (sg13g2_xor2_1)
     1    0.002905    0.061627    0.135114    1.233924 ^ _196_/X (sg13g2_xor2_1)
                                                         DPATH.SUM.fa_2.S (net)
                      0.061627    0.000012    1.233936 ^ _295_/D (sg13g2_dfrbpq_1)
                                              1.233936   data arrival time

                                  5.000000    5.000000   clock clockone (rise edge)
                                  0.000000    5.000000   clock source latency
     1    0.015552    0.000000    0.000000    5.000000 ^ clk (in)
                                                         clk (net)
                      0.000422    0.000211    5.000211 ^ clkbuf_0_clk/A (sg13g2_buf_8)
     2    0.020266    0.022343    0.054554    5.054765 ^ clkbuf_0_clk/X (sg13g2_buf_8)
                                                         clknet_0_clk (net)
                      0.022343    0.000036    5.054801 ^ clkbuf_1_1__f_clk/A (sg13g2_buf_8)
     5    0.017678    0.022215    0.064206    5.119008 ^ clkbuf_1_1__f_clk/X (sg13g2_buf_8)
                                                         clknet_1_1__leaf_clk (net)
                      0.022215    0.000008    5.119016 ^ _295_/CLK (sg13g2_dfrbpq_1)
                                 -0.200000    4.919016   clock uncertainty
                                  0.000000    4.919016   clock reconvergence pessimism
                                 -0.125931    4.793085   library setup time
                                              4.793085   data required time
---------------------------------------------------------------------------------------------
                                              4.793085   data required time
                                             -1.233936   data arrival time
---------------------------------------------------------------------------------------------
                                              3.559149   slack (MET)


Startpoint: _301_ (rising edge-triggered flip-flop clocked by clockone)
Endpoint: _294_ (rising edge-triggered flip-flop clocked by clockone)
Path Group: clockone
Path Type: max

Fanout         Cap        Slew       Delay        Time   Description
---------------------------------------------------------------------------------------------
                                  0.000000    0.000000   clock clockone (rise edge)
                                  0.000000    0.000000   clock source latency
     1    0.015552    0.000000    0.000000    0.000000 ^ clk (in)
                                                         clk (net)
                      0.000422    0.000211    0.000211 ^ clkbuf_0_clk/A (sg13g2_buf_8)
     2    0.020266    0.022343    0.054554    0.054765 ^ clkbuf_0_clk/X (sg13g2_buf_8)
                                                         clknet_0_clk (net)
                      0.022343    0.000063    0.054828 ^ clkbuf_1_0__f_clk/A (sg13g2_buf_8)
     5    0.020693    0.023562    0.065381    0.120209 ^ clkbuf_1_0__f_clk/X (sg13g2_buf_8)
                                                         clknet_1_0__leaf_clk (net)
                      0.023562    0.000055    0.120265 ^ _301_/CLK (sg13g2_dfrbpq_1)
     1    0.001950    0.017241    0.159003    0.279268 v _301_/Q (sg13g2_dfrbpq_1)
                                                         CTRL.S0 (net)
                      0.017241    0.000003    0.279271 v hold3/A (sg13g2_dlygate4sd3_1)
     1    0.008849    0.055334    0.385553    0.664823 v hold3/X (sg13g2_dlygate4sd3_1)
                                                         net40 (net)
                      0.055334    0.000013    0.664837 v fanout53/A (sg13g2_buf_8)
     6    0.029334    0.027040    0.090569    0.755406 v fanout53/X (sg13g2_buf_8)
                                                         net53 (net)
                      0.027040    0.000129    0.755535 v fanout52/A (sg13g2_buf_8)
     8    0.037239    0.028727    0.079827    0.835362 v fanout52/X (sg13g2_buf_8)
                                                         net52 (net)
                      0.028727    0.000047    0.835409 v _191_/B (sg13g2_xnor2_1)
     2    0.010654    0.118260    0.108594    0.944004 ^ _191_/Y (sg13g2_xnor2_1)
                                                         _025_ (net)
                      0.118260    0.000041    0.944044 ^ _192_/B (sg13g2_xnor2_1)
     1    0.002834    0.069472    0.111917    1.055961 ^ _192_/Y (sg13g2_xnor2_1)
                                                         DPATH.SUM.fa_1.S (net)
                      0.069472    0.000012    1.055973 ^ _294_/D (sg13g2_dfrbpq_1)
                                              1.055973   data arrival time

                                  5.000000    5.000000   clock clockone (rise edge)
                                  0.000000    5.000000   clock source latency
     1    0.015552    0.000000    0.000000    5.000000 ^ clk (in)
                                                         clk (net)
                      0.000422    0.000211    5.000211 ^ clkbuf_0_clk/A (sg13g2_buf_8)
     2    0.020266    0.022343    0.054554    5.054765 ^ clkbuf_0_clk/X (sg13g2_buf_8)
                                                         clknet_0_clk (net)
                      0.022343    0.000063    5.054828 ^ clkbuf_1_0__f_clk/A (sg13g2_buf_8)
     5    0.020693    0.023562    0.065381    5.120209 ^ clkbuf_1_0__f_clk/X (sg13g2_buf_8)
                                                         clknet_1_0__leaf_clk (net)
                      0.023562    0.000075    5.120285 ^ _294_/CLK (sg13g2_dfrbpq_1)
                                 -0.200000    4.920285   clock uncertainty
                                  0.000000    4.920285   clock reconvergence pessimism
                                 -0.128280    4.792005   library setup time
                                              4.792005   data required time
---------------------------------------------------------------------------------------------
                                              4.792005   data required time
                                             -1.055973   data arrival time
---------------------------------------------------------------------------------------------
                                              3.736032   slack (MET)


Startpoint: _293_ (rising edge-triggered flip-flop clocked by clockone)
Endpoint: _293_ (rising edge-triggered flip-flop clocked by clockone)
Path Group: clockone
Path Type: max

Fanout         Cap        Slew       Delay        Time   Description
---------------------------------------------------------------------------------------------
                                  0.000000    0.000000   clock clockone (rise edge)
                                  0.000000    0.000000   clock source latency
     1    0.015552    0.000000    0.000000    0.000000 ^ clk (in)
                                                         clk (net)
                      0.000422    0.000211    0.000211 ^ clkbuf_0_clk/A (sg13g2_buf_8)
     2    0.020266    0.022343    0.054554    0.054765 ^ clkbuf_0_clk/X (sg13g2_buf_8)
                                                         clknet_0_clk (net)
                      0.022343    0.000063    0.054828 ^ clkbuf_1_0__f_clk/A (sg13g2_buf_8)
     5    0.020693    0.023562    0.065381    0.120209 ^ clkbuf_1_0__f_clk/X (sg13g2_buf_8)
                                                         clknet_1_0__leaf_clk (net)
                      0.023562    0.000017    0.120226 ^ _293_/CLK (sg13g2_dfrbpq_1)
     1    0.002049    0.017295    0.159244    0.279471 v _293_/Q (sg13g2_dfrbpq_1)
                                                         DPATH.SUM.Cout0 (net)
                      0.017295    0.000003    0.279474 v hold4/A (sg13g2_dlygate4sd3_1)
     1    0.009407    0.055234    0.387511    0.666985 v hold4/X (sg13g2_dlygate4sd3_1)
                                                         net41 (net)
                      0.055234    0.000032    0.667017 v fanout74/A (sg13g2_buf_8)
     7    0.032973    0.028217    0.091784    0.758800 v fanout74/X (sg13g2_buf_8)
                                                         net74 (net)
                      0.028217    0.000083    0.758883 v fanout73/A (sg13g2_buf_8)
     8    0.038246    0.029090    0.080695    0.839578 v fanout73/X (sg13g2_buf_8)
                                                         net73 (net)
                      0.029090    0.000025    0.839603 v _128_/A (sg13g2_inv_2)
     5    0.015864    0.039833    0.042714    0.882318 ^ _128_/Y (sg13g2_inv_2)
                                                         DPATH.SUM.ha_0.S (net)
                      0.039833    0.000011    0.882328 ^ _293_/D (sg13g2_dfrbpq_1)
                                              0.882328   data arrival time

                                  5.000000    5.000000   clock clockone (rise edge)
                                  0.000000    5.000000   clock source latency
     1    0.015552    0.000000    0.000000    5.000000 ^ clk (in)
                                                         clk (net)
                      0.000422    0.000211    5.000211 ^ clkbuf_0_clk/A (sg13g2_buf_8)
     2    0.020266    0.022343    0.054554    5.054765 ^ clkbuf_0_clk/X (sg13g2_buf_8)
                                                         clknet_0_clk (net)
                      0.022343    0.000063    5.054828 ^ clkbuf_1_0__f_clk/A (sg13g2_buf_8)
     5    0.020693    0.023562    0.065381    5.120209 ^ clkbuf_1_0__f_clk/X (sg13g2_buf_8)
                                                         clknet_1_0__leaf_clk (net)
                      0.023562    0.000017    5.120226 ^ _293_/CLK (sg13g2_dfrbpq_1)
                                 -0.200000    4.920226   clock uncertainty
                                  0.000000    4.920226   clock reconvergence pessimism
                                 -0.118654    4.801572   library setup time
                                              4.801572   data required time
---------------------------------------------------------------------------------------------
                                              4.801572   data required time
                                             -0.882328   data arrival time
---------------------------------------------------------------------------------------------
                                              3.919244   slack (MET)



