
===========================================================================
report_checks -path_delay min (Hold)
============================================================================
======================= nom_typ_1p20V_25C Corner ===================================

Startpoint: _296_ (rising edge-triggered flip-flop clocked by clockone)
Endpoint: _296_ (rising edge-triggered flip-flop clocked by clockone)
Path Group: clockone
Path Type: min

Fanout         Cap        Slew       Delay        Time   Description
---------------------------------------------------------------------------------------------
                                  0.000000    0.000000   clock clockone (rise edge)
                                  0.000000    0.000000   clock source latency
     1    0.015552    0.000000    0.000000    0.000000 ^ clk (in)
                                                         clk (net)
                      0.000422    0.000211    0.000211 ^ clkbuf_0_clk/A (sg13g2_buf_8)
     2    0.020266    0.022343    0.054554    0.054765 ^ clkbuf_0_clk/X (sg13g2_buf_8)
                                                         clknet_0_clk (net)
                      0.022343    0.000063    0.054828 ^ clkbuf_1_0__f_clk/A (sg13g2_buf_8)
     5    0.020693    0.023562    0.065381    0.120209 ^ clkbuf_1_0__f_clk/X (sg13g2_buf_8)
                                                         clknet_1_0__leaf_clk (net)
                      0.023562    0.000062    0.120272 ^ _296_/CLK (sg13g2_dfrbpq_1)
     2    0.011642    0.044087    0.182708    0.302980 v _296_/Q (sg13g2_dfrbpq_1)
                                                         DPATH.SUM.fa_3.A (net)
                      0.044087    0.000037    0.303017 v fanout67/A (sg13g2_buf_8)
     8    0.036106    0.028886    0.087522    0.390539 v fanout67/X (sg13g2_buf_8)
                                                         net67 (net)
                      0.028887    0.000338    0.390877 v _199_/A (sg13g2_xnor2_1)
     2    0.009285    0.067200    0.087861    0.478738 v _199_/Y (sg13g2_xnor2_1)
                                                         _031_ (net)
                      0.067200    0.000018    0.478756 v _200_/B (sg13g2_xor2_1)
     1    0.002068    0.025036    0.062254    0.541010 v _200_/X (sg13g2_xor2_1)
                                                         DPATH.SUM.fa_3.S (net)
                      0.025036    0.000004    0.541014 v _296_/D (sg13g2_dfrbpq_1)
                                              0.541014   data arrival time

                                  0.000000    0.000000   clock clockone (rise edge)
                                  0.000000    0.000000   clock source latency
     1    0.015552    0.000000    0.000000    0.000000 ^ clk (in)
                                                         clk (net)
                      0.000422    0.000211    0.000211 ^ clkbuf_0_clk/A (sg13g2_buf_8)
     2    0.020266    0.022343    0.054554    0.054765 ^ clkbuf_0_clk/X (sg13g2_buf_8)
                                                         clknet_0_clk (net)
                      0.022343    0.000063    0.054828 ^ clkbuf_1_0__f_clk/A (sg13g2_buf_8)
     5    0.020693    0.023562    0.065381    0.120209 ^ clkbuf_1_0__f_clk/X (sg13g2_buf_8)
                                                         clknet_1_0__leaf_clk (net)
                      0.023562    0.000062    0.120272 ^ _296_/CLK (sg13g2_dfrbpq_1)
                                  0.200000    0.320272   clock uncertainty
                                  0.000000    0.320272   clock reconvergence pessimism
                                 -0.035237    0.285034   library hold time
                                              0.285034   data required time
---------------------------------------------------------------------------------------------
                                              0.285034   data required time
                                             -0.541014   data arrival time
---------------------------------------------------------------------------------------------
                                              0.255979   slack (MET)


Startpoint: _297_ (rising edge-triggered flip-flop clocked by clockone)
Endpoint: _297_ (rising edge-triggered flip-flop clocked by clockone)
Path Group: clockone
Path Type: min

Fanout         Cap        Slew       Delay        Time   Description
---------------------------------------------------------------------------------------------
                                  0.000000    0.000000   clock clockone (rise edge)
                                  0.000000    0.000000   clock source latency
     1    0.015552    0.000000    0.000000    0.000000 ^ clk (in)
                                                         clk (net)
                      0.000422    0.000211    0.000211 ^ clkbuf_0_clk/A (sg13g2_buf_8)
     2    0.020266    0.022343    0.054554    0.054765 ^ clkbuf_0_clk/X (sg13g2_buf_8)
                                                         clknet_0_clk (net)
                      0.022343    0.000036    0.054801 ^ clkbuf_1_1__f_clk/A (sg13g2_buf_8)
     5    0.017678    0.022215    0.064206    0.119007 ^ clkbuf_1_1__f_clk/X (sg13g2_buf_8)
                                                         clknet_1_1__leaf_clk (net)
                      0.022215    0.000021    0.119029 ^ _297_/CLK (sg13g2_dfrbpq_1)
     2    0.005277    0.026774    0.166500    0.285529 v _297_/Q (sg13g2_dfrbpq_1)
                                                         DPATH.SUM.fa_4.A (net)
                      0.026774    0.000007    0.285535 v fanout64/A (sg13g2_buf_2)
     4    0.028461    0.055410    0.101547    0.387083 v fanout64/X (sg13g2_buf_2)
                                                         net64 (net)
                      0.055411    0.000311    0.387394 v _202_/A (sg13g2_xor2_1)
     2    0.010334    0.047423    0.099052    0.486446 v _202_/X (sg13g2_xor2_1)
                                                         _033_ (net)
                      0.047423    0.000032    0.486478 v _204_/A (sg13g2_xor2_1)
     1    0.002318    0.025791    0.060743    0.547221 v _204_/X (sg13g2_xor2_1)
                                                         DPATH.SUM.fa_4.S (net)
                      0.025791    0.000006    0.547227 v _297_/D (sg13g2_dfrbpq_1)
                                              0.547227   data arrival time

                                  0.000000    0.000000   clock clockone (rise edge)
                                  0.000000    0.000000   clock source latency
     1    0.015552    0.000000    0.000000    0.000000 ^ clk (in)
                                                         clk (net)
                      0.000422    0.000211    0.000211 ^ clkbuf_0_clk/A (sg13g2_buf_8)
     2    0.020266    0.022343    0.054554    0.054765 ^ clkbuf_0_clk/X (sg13g2_buf_8)
                                                         clknet_0_clk (net)
                      0.022343    0.000036    0.054801 ^ clkbuf_1_1__f_clk/A (sg13g2_buf_8)
     5    0.017678    0.022215    0.064206    0.119007 ^ clkbuf_1_1__f_clk/X (sg13g2_buf_8)
                                                         clknet_1_1__leaf_clk (net)
                      0.022215    0.000021    0.119029 ^ _297_/CLK (sg13g2_dfrbpq_1)
                                  0.200000    0.319029   clock uncertainty
                                  0.000000    0.319029   clock reconvergence pessimism
                                 -0.035757    0.283272   library hold time
                                              0.283272   data required time
---------------------------------------------------------------------------------------------
                                              0.283272   data required time
                                             -0.547227   data arrival time
---------------------------------------------------------------------------------------------
                                              0.263956   slack (MET)


Startpoint: _298_ (rising edge-triggered flip-flop clocked by clockone)
Endpoint: _299_ (rising edge-triggered flip-flop clocked by clockone)
Path Group: clockone
Path Type: min

Fanout         Cap        Slew       Delay        Time   Description
---------------------------------------------------------------------------------------------
                                  0.000000    0.000000   clock clockone (rise edge)
                                  0.000000    0.000000   clock source latency
     1    0.015552    0.000000    0.000000    0.000000 ^ clk (in)
                                                         clk (net)
                      0.000422    0.000211    0.000211 ^ clkbuf_0_clk/A (sg13g2_buf_8)
     2    0.020266    0.022343    0.054554    0.054765 ^ clkbuf_0_clk/X (sg13g2_buf_8)
                                                         clknet_0_clk (net)
                      0.022343    0.000036    0.054801 ^ clkbuf_1_1__f_clk/A (sg13g2_buf_8)
     5    0.017678    0.022215    0.064206    0.119007 ^ clkbuf_1_1__f_clk/X (sg13g2_buf_8)
                                                         clknet_1_1__leaf_clk (net)
                      0.022215    0.000044    0.119051 ^ _298_/CLK (sg13g2_dfrbpq_2)
     3    0.022596    0.047095    0.197866    0.316917 v _298_/Q (sg13g2_dfrbpq_2)
                                                         DPATH.SUM.fa_5.A (net)
                      0.047095    0.000065    0.316982 v fanout59/A (sg13g2_buf_8)
     6    0.034245    0.028367    0.088239    0.405220 v fanout59/X (sg13g2_buf_8)
                                                         net59 (net)
                      0.028374    0.000268    0.405488 v _205_/A (sg13g2_nand2_1)
     1    0.004886    0.030649    0.036938    0.442426 ^ _205_/Y (sg13g2_nand2_1)
                                                         _035_ (net)
                      0.030649    0.000023    0.442449 ^ _209_/B1 (sg13g2_o21ai_1)
     1    0.006041    0.049130    0.055745    0.498195 v _209_/Y (sg13g2_o21ai_1)
                                                         _038_ (net)
                      0.049130    0.000009    0.498204 v _211_/A (sg13g2_xnor2_1)
     1    0.001554    0.025778    0.062116    0.560320 v _211_/Y (sg13g2_xnor2_1)
                                                         DPATH.SUM.fa_6.S (net)
                      0.025778    0.000000    0.560321 v _299_/D (sg13g2_dfrbpq_1)
                                              0.560321   data arrival time

                                  0.000000    0.000000   clock clockone (rise edge)
                                  0.000000    0.000000   clock source latency
     1    0.015552    0.000000    0.000000    0.000000 ^ clk (in)
                                                         clk (net)
                      0.000422    0.000211    0.000211 ^ clkbuf_0_clk/A (sg13g2_buf_8)
     2    0.020266    0.022343    0.054554    0.054765 ^ clkbuf_0_clk/X (sg13g2_buf_8)
                                                         clknet_0_clk (net)
                      0.022343    0.000036    0.054801 ^ clkbuf_1_1__f_clk/A (sg13g2_buf_8)
     5    0.017678    0.022215    0.064206    0.119007 ^ clkbuf_1_1__f_clk/X (sg13g2_buf_8)
                                                         clknet_1_1__leaf_clk (net)
                      0.022215    0.000052    0.119059 ^ _299_/CLK (sg13g2_dfrbpq_1)
                                  0.200000    0.319059   clock uncertainty
                                  0.000000    0.319059   clock reconvergence pessimism
                                 -0.035753    0.283306   library hold time
                                              0.283306   data required time
---------------------------------------------------------------------------------------------
                                              0.283306   data required time
                                             -0.560321   data arrival time
---------------------------------------------------------------------------------------------
                                              0.277014   slack (MET)


Startpoint: _298_ (rising edge-triggered flip-flop clocked by clockone)
Endpoint: _298_ (rising edge-triggered flip-flop clocked by clockone)
Path Group: clockone
Path Type: min

Fanout         Cap        Slew       Delay        Time   Description
---------------------------------------------------------------------------------------------
                                  0.000000    0.000000   clock clockone (rise edge)
                                  0.000000    0.000000   clock source latency
     1    0.015552    0.000000    0.000000    0.000000 ^ clk (in)
                                                         clk (net)
                      0.000422    0.000211    0.000211 ^ clkbuf_0_clk/A (sg13g2_buf_8)
     2    0.020266    0.022343    0.054554    0.054765 ^ clkbuf_0_clk/X (sg13g2_buf_8)
                                                         clknet_0_clk (net)
                      0.022343    0.000036    0.054801 ^ clkbuf_1_1__f_clk/A (sg13g2_buf_8)
     5    0.017678    0.022215    0.064206    0.119007 ^ clkbuf_1_1__f_clk/X (sg13g2_buf_8)
                                                         clknet_1_1__leaf_clk (net)
                      0.022215    0.000044    0.119051 ^ _298_/CLK (sg13g2_dfrbpq_2)
     3    0.022596    0.047095    0.197866    0.316917 v _298_/Q (sg13g2_dfrbpq_2)
                                                         DPATH.SUM.fa_5.A (net)
                      0.047095    0.000065    0.316982 v fanout59/A (sg13g2_buf_8)
     6    0.034245    0.028367    0.088239    0.405220 v fanout59/X (sg13g2_buf_8)
                                                         net59 (net)
                      0.028374    0.000267    0.405487 v _206_/A (sg13g2_xnor2_1)
     2    0.010545    0.072146    0.093050    0.498537 v _206_/Y (sg13g2_xnor2_1)
                                                         _036_ (net)
                      0.072146    0.000032    0.498569 v _208_/A (sg13g2_xor2_1)
     1    0.001876    0.024809    0.068122    0.566691 v _208_/X (sg13g2_xor2_1)
                                                         DPATH.SUM.fa_5.S (net)
                      0.024809    0.000003    0.566694 v _298_/D (sg13g2_dfrbpq_2)
                                              0.566694   data arrival time

                                  0.000000    0.000000   clock clockone (rise edge)
                                  0.000000    0.000000   clock source latency
     1    0.015552    0.000000    0.000000    0.000000 ^ clk (in)
                                                         clk (net)
                      0.000422    0.000211    0.000211 ^ clkbuf_0_clk/A (sg13g2_buf_8)
     2    0.020266    0.022343    0.054554    0.054765 ^ clkbuf_0_clk/X (sg13g2_buf_8)
                                                         clknet_0_clk (net)
                      0.022343    0.000036    0.054801 ^ clkbuf_1_1__f_clk/A (sg13g2_buf_8)
     5    0.017678    0.022215    0.064206    0.119007 ^ clkbuf_1_1__f_clk/X (sg13g2_buf_8)
                                                         clknet_1_1__leaf_clk (net)
                      0.022215    0.000044    0.119051 ^ _298_/CLK (sg13g2_dfrbpq_2)
                                  0.200000    0.319051   clock uncertainty
                                  0.000000    0.319051   clock reconvergence pessimism
                                 -0.035477    0.283574   library hold time
                                              0.283574   data required time
---------------------------------------------------------------------------------------------
                                              0.283574   data required time
                                             -0.566694   data arrival time
---------------------------------------------------------------------------------------------
                                              0.283120   slack (MET)


Startpoint: _298_ (rising edge-triggered flip-flop clocked by clockone)
Endpoint: _301_ (rising edge-triggered flip-flop clocked by clockone)
Path Group: clockone
Path Type: min

Fanout         Cap        Slew       Delay        Time   Description
---------------------------------------------------------------------------------------------
                                  0.000000    0.000000   clock clockone (rise edge)
                                  0.000000    0.000000   clock source latency
     1    0.015552    0.000000    0.000000    0.000000 ^ clk (in)
                                                         clk (net)
                      0.000422    0.000211    0.000211 ^ clkbuf_0_clk/A (sg13g2_buf_8)
     2    0.020266    0.022343    0.054554    0.054765 ^ clkbuf_0_clk/X (sg13g2_buf_8)
                                                         clknet_0_clk (net)
                      0.022343    0.000036    0.054801 ^ clkbuf_1_1__f_clk/A (sg13g2_buf_8)
     5    0.017678    0.022215    0.064206    0.119007 ^ clkbuf_1_1__f_clk/X (sg13g2_buf_8)
                                                         clknet_1_1__leaf_clk (net)
                      0.022215    0.000044    0.119051 ^ _298_/CLK (sg13g2_dfrbpq_2)
     3    0.022596    0.047095    0.197866    0.316917 v _298_/Q (sg13g2_dfrbpq_2)
                                                         DPATH.SUM.fa_5.A (net)
                      0.047095    0.000065    0.316982 v fanout59/A (sg13g2_buf_8)
     6    0.034245    0.028367    0.088239    0.405220 v fanout59/X (sg13g2_buf_8)
                                                         net59 (net)
                      0.028377    0.000591    0.405811 v _182_/A (sg13g2_nand2_1)
     1    0.003467    0.026173    0.032713    0.438525 ^ _182_/Y (sg13g2_nand2_1)
                                                         _020_ (net)
                      0.026173    0.000006    0.438531 ^ _217_/A (sg13g2_nor3_1)
     1    0.004262    0.028284    0.038464    0.476995 v _217_/Y (sg13g2_nor3_1)
                                                         _043_ (net)
                      0.028284    0.000015    0.477009 v _218_/A2 (sg13g2_o21ai_1)
     1    0.003335    0.044562    0.078676    0.555685 ^ _218_/Y (sg13g2_o21ai_1)
                                                         _044_ (net)
                      0.044562    0.000005    0.555690 ^ _219_/A (sg13g2_inv_1)
     1    0.002375    0.018863    0.030209    0.585898 v _219_/Y (sg13g2_inv_1)
                                                         CTRL.P0 (net)
                      0.018863    0.000007    0.585905 v _301_/D (sg13g2_dfrbpq_1)
                                              0.585905   data arrival time

                                  0.000000    0.000000   clock clockone (rise edge)
                                  0.000000    0.000000   clock source latency
     1    0.015552    0.000000    0.000000    0.000000 ^ clk (in)
                                                         clk (net)
                      0.000422    0.000211    0.000211 ^ clkbuf_0_clk/A (sg13g2_buf_8)
     2    0.020266    0.022343    0.054554    0.054765 ^ clkbuf_0_clk/X (sg13g2_buf_8)
                                                         clknet_0_clk (net)
                      0.022343    0.000063    0.054828 ^ clkbuf_1_0__f_clk/A (sg13g2_buf_8)
     5    0.020693    0.023562    0.065381    0.120209 ^ clkbuf_1_0__f_clk/X (sg13g2_buf_8)
                                                         clknet_1_0__leaf_clk (net)
                      0.023562    0.000055    0.120265 ^ _301_/CLK (sg13g2_dfrbpq_1)
                                  0.200000    0.320265   clock uncertainty
                                  0.000000    0.320265   clock reconvergence pessimism
                                 -0.033280    0.286984   library hold time
                                              0.286984   data required time
---------------------------------------------------------------------------------------------
                                              0.286984   data required time
                                             -0.585905   data arrival time
---------------------------------------------------------------------------------------------
                                              0.298921   slack (MET)


Startpoint: _294_ (rising edge-triggered flip-flop clocked by clockone)
Endpoint: _294_ (rising edge-triggered flip-flop clocked by clockone)
Path Group: clockone
Path Type: min

Fanout         Cap        Slew       Delay        Time   Description
---------------------------------------------------------------------------------------------
                                  0.000000    0.000000   clock clockone (rise edge)
                                  0.000000    0.000000   clock source latency
     1    0.015552    0.000000    0.000000    0.000000 ^ clk (in)
                                                         clk (net)
                      0.000422    0.000211    0.000211 ^ clkbuf_0_clk/A (sg13g2_buf_8)
     2    0.020266    0.022343    0.054554    0.054765 ^ clkbuf_0_clk/X (sg13g2_buf_8)
                                                         clknet_0_clk (net)
                      0.022343    0.000063    0.054828 ^ clkbuf_1_0__f_clk/A (sg13g2_buf_8)
     5    0.020693    0.023562    0.065381    0.120209 ^ clkbuf_1_0__f_clk/X (sg13g2_buf_8)
                                                         clknet_1_0__leaf_clk (net)
                      0.023562    0.000075    0.120285 ^ _294_/CLK (sg13g2_dfrbpq_1)
     2    0.011926    0.045825    0.183426    0.303711 v _294_/Q (sg13g2_dfrbpq_1)
                                                         DPATH.SUM.fa_1.A (net)
                      0.045825    0.000005    0.303716 v fanout72/A (sg13g2_buf_8)
     8    0.037610    0.029431    0.088887    0.392603 v fanout72/X (sg13g2_buf_8)
                                                         net72 (net)
                      0.029432    0.000279    0.392882 v fanout71/A (sg13g2_buf_8)
     8    0.038810    0.029312    0.081453    0.474335 v fanout71/X (sg13g2_buf_8)
                                                         net71 (net)
                      0.029312    0.000166    0.474501 v _191_/A (sg13g2_xnor2_1)
     2    0.010237    0.070565    0.092111    0.566612 v _191_/Y (sg13g2_xnor2_1)
                                                         _025_ (net)
                      0.070565    0.000039    0.566651 v _192_/B (sg13g2_xnor2_1)
     1    0.002854    0.032632    0.067392    0.634043 v _192_/Y (sg13g2_xnor2_1)
                                                         DPATH.SUM.fa_1.S (net)
                      0.032632    0.000012    0.634055 v _294_/D (sg13g2_dfrbpq_1)
                                              0.634055   data arrival time

                                  0.000000    0.000000   clock clockone (rise edge)
                                  0.000000    0.000000   clock source latency
     1    0.015552    0.000000    0.000000    0.000000 ^ clk (in)
                                                         clk (net)
                      0.000422    0.000211    0.000211 ^ clkbuf_0_clk/A (sg13g2_buf_8)
     2    0.020266    0.022343    0.054554    0.054765 ^ clkbuf_0_clk/X (sg13g2_buf_8)
                                                         clknet_0_clk (net)
                      0.022343    0.000063    0.054828 ^ clkbuf_1_0__f_clk/A (sg13g2_buf_8)
     5    0.020693    0.023562    0.065381    0.120209 ^ clkbuf_1_0__f_clk/X (sg13g2_buf_8)
                                                         clknet_1_0__leaf_clk (net)
                      0.023562    0.000075    0.120285 ^ _294_/CLK (sg13g2_dfrbpq_1)
                                  0.200000    0.320285   clock uncertainty
                                  0.000000    0.320285   clock reconvergence pessimism
                                 -0.037645    0.282640   library hold time
                                              0.282640   data required time
---------------------------------------------------------------------------------------------
                                              0.282640   data required time
                                             -0.634055   data arrival time
---------------------------------------------------------------------------------------------
                                              0.351415   slack (MET)


Startpoint: _294_ (rising edge-triggered flip-flop clocked by clockone)
Endpoint: _295_ (rising edge-triggered flip-flop clocked by clockone)
Path Group: clockone
Path Type: min

Fanout         Cap        Slew       Delay        Time   Description
---------------------------------------------------------------------------------------------
                                  0.000000    0.000000   clock clockone (rise edge)
                                  0.000000    0.000000   clock source latency
     1    0.015552    0.000000    0.000000    0.000000 ^ clk (in)
                                                         clk (net)
                      0.000422    0.000211    0.000211 ^ clkbuf_0_clk/A (sg13g2_buf_8)
     2    0.020266    0.022343    0.054554    0.054765 ^ clkbuf_0_clk/X (sg13g2_buf_8)
                                                         clknet_0_clk (net)
                      0.022343    0.000063    0.054828 ^ clkbuf_1_0__f_clk/A (sg13g2_buf_8)
     5    0.020693    0.023562    0.065381    0.120209 ^ clkbuf_1_0__f_clk/X (sg13g2_buf_8)
                                                         clknet_1_0__leaf_clk (net)
                      0.023562    0.000075    0.120285 ^ _294_/CLK (sg13g2_dfrbpq_1)
     2    0.011926    0.045825    0.183426    0.303711 v _294_/Q (sg13g2_dfrbpq_1)
                                                         DPATH.SUM.fa_1.A (net)
                      0.045825    0.000005    0.303716 v fanout72/A (sg13g2_buf_8)
     8    0.037610    0.029431    0.088887    0.392603 v fanout72/X (sg13g2_buf_8)
                                                         net72 (net)
                      0.029432    0.000279    0.392882 v fanout71/A (sg13g2_buf_8)
     8    0.038810    0.029312    0.081453    0.474335 v fanout71/X (sg13g2_buf_8)
                                                         net71 (net)
                      0.029312    0.000150    0.474486 v _190_/A (sg13g2_nand2_1)
     1    0.005896    0.034579    0.040254    0.514739 ^ _190_/Y (sg13g2_nand2_1)
                                                         _024_ (net)
                      0.034579    0.000044    0.514783 ^ _193_/B1 (sg13g2_o21ai_1)
     2    0.010414    0.071804    0.076250    0.591033 v _193_/Y (sg13g2_o21ai_1)
                                                         _026_ (net)
                      0.071804    0.000045    0.591079 v _196_/A (sg13g2_xor2_1)
     1    0.002925    0.027618    0.072696    0.663775 v _196_/X (sg13g2_xor2_1)
                                                         DPATH.SUM.fa_2.S (net)
                      0.027618    0.000012    0.663787 v _295_/D (sg13g2_dfrbpq_1)
                                              0.663787   data arrival time

                                  0.000000    0.000000   clock clockone (rise edge)
                                  0.000000    0.000000   clock source latency
     1    0.015552    0.000000    0.000000    0.000000 ^ clk (in)
                                                         clk (net)
                      0.000422    0.000211    0.000211 ^ clkbuf_0_clk/A (sg13g2_buf_8)
     2    0.020266    0.022343    0.054554    0.054765 ^ clkbuf_0_clk/X (sg13g2_buf_8)
                                                         clknet_0_clk (net)
                      0.022343    0.000036    0.054801 ^ clkbuf_1_1__f_clk/A (sg13g2_buf_8)
     5    0.017678    0.022215    0.064206    0.119007 ^ clkbuf_1_1__f_clk/X (sg13g2_buf_8)
                                                         clknet_1_1__leaf_clk (net)
                      0.022215    0.000009    0.119016 ^ _295_/CLK (sg13g2_dfrbpq_1)
                                  0.200000    0.319016   clock uncertainty
                                  0.000000    0.319016   clock reconvergence pessimism
                                 -0.036336    0.282680   library hold time
                                              0.282680   data required time
---------------------------------------------------------------------------------------------
                                              0.282680   data required time
                                             -0.663787   data arrival time
---------------------------------------------------------------------------------------------
                                              0.381107   slack (MET)


Startpoint: _293_ (rising edge-triggered flip-flop clocked by clockone)
Endpoint: _293_ (rising edge-triggered flip-flop clocked by clockone)
Path Group: clockone
Path Type: min

Fanout         Cap        Slew       Delay        Time   Description
---------------------------------------------------------------------------------------------
                                  0.000000    0.000000   clock clockone (rise edge)
                                  0.000000    0.000000   clock source latency
     1    0.015552    0.000000    0.000000    0.000000 ^ clk (in)
                                                         clk (net)
                      0.000422    0.000211    0.000211 ^ clkbuf_0_clk/A (sg13g2_buf_8)
     2    0.020266    0.022343    0.054554    0.054765 ^ clkbuf_0_clk/X (sg13g2_buf_8)
                                                         clknet_0_clk (net)
                      0.022343    0.000063    0.054828 ^ clkbuf_1_0__f_clk/A (sg13g2_buf_8)
     5    0.020693    0.023562    0.065381    0.120209 ^ clkbuf_1_0__f_clk/X (sg13g2_buf_8)
                                                         clknet_1_0__leaf_clk (net)
                      0.023562    0.000017    0.120226 ^ _293_/CLK (sg13g2_dfrbpq_1)
     1    0.002012    0.021042    0.161650    0.281876 ^ _293_/Q (sg13g2_dfrbpq_1)
                                                         DPATH.SUM.Cout0 (net)
                      0.021042    0.000003    0.281880 ^ hold4/A (sg13g2_dlygate4sd3_1)
     1    0.009693    0.058463    0.376539    0.658419 ^ hold4/X (sg13g2_dlygate4sd3_1)
                                                         net41 (net)
                      0.058463    0.000033    0.658452 ^ fanout74/A (sg13g2_buf_8)
     7    0.033930    0.031034    0.088115    0.746567 ^ fanout74/X (sg13g2_buf_8)
                                                         net74 (net)
                      0.031034    0.000085    0.746652 ^ fanout73/A (sg13g2_buf_8)
     8    0.039571    0.032350    0.076950    0.823602 ^ fanout73/X (sg13g2_buf_8)
                                                         net73 (net)
                      0.032350    0.000026    0.823628 ^ _128_/A (sg13g2_inv_2)
     5    0.015627    0.031179    0.039253    0.862881 v _128_/Y (sg13g2_inv_2)
                                                         DPATH.SUM.ha_0.S (net)
                      0.031179    0.000010    0.862891 v _293_/D (sg13g2_dfrbpq_1)
                                              0.862891   data arrival time

                                  0.000000    0.000000   clock clockone (rise edge)
                                  0.000000    0.000000   clock source latency
     1    0.015552    0.000000    0.000000    0.000000 ^ clk (in)
                                                         clk (net)
                      0.000422    0.000211    0.000211 ^ clkbuf_0_clk/A (sg13g2_buf_8)
     2    0.020266    0.022343    0.054554    0.054765 ^ clkbuf_0_clk/X (sg13g2_buf_8)
                                                         clknet_0_clk (net)
                      0.022343    0.000063    0.054828 ^ clkbuf_1_0__f_clk/A (sg13g2_buf_8)
     5    0.020693    0.023562    0.065381    0.120209 ^ clkbuf_1_0__f_clk/X (sg13g2_buf_8)
                                                         clknet_1_0__leaf_clk (net)
                      0.023562    0.000017    0.120226 ^ _293_/CLK (sg13g2_dfrbpq_1)
                                  0.200000    0.320226   clock uncertainty
                                  0.000000    0.320226   clock reconvergence pessimism
                                 -0.037184    0.283042   library hold time
                                              0.283042   data required time
---------------------------------------------------------------------------------------------
                                              0.283042   data required time
                                             -0.862891   data arrival time
---------------------------------------------------------------------------------------------
                                              0.579849   slack (MET)


Startpoint: _294_ (rising edge-triggered flip-flop clocked by clockone)
Endpoint: _300_ (rising edge-triggered flip-flop clocked by clockone)
Path Group: clockone
Path Type: min

Fanout         Cap        Slew       Delay        Time   Description
---------------------------------------------------------------------------------------------
                                  0.000000    0.000000   clock clockone (rise edge)
                                  0.000000    0.000000   clock source latency
     1    0.015552    0.000000    0.000000    0.000000 ^ clk (in)
                                                         clk (net)
                      0.000422    0.000211    0.000211 ^ clkbuf_0_clk/A (sg13g2_buf_8)
     2    0.020266    0.022343    0.054554    0.054765 ^ clkbuf_0_clk/X (sg13g2_buf_8)
                                                         clknet_0_clk (net)
                      0.022343    0.000063    0.054828 ^ clkbuf_1_0__f_clk/A (sg13g2_buf_8)
     5    0.020693    0.023562    0.065381    0.120209 ^ clkbuf_1_0__f_clk/X (sg13g2_buf_8)
                                                         clknet_1_0__leaf_clk (net)
                      0.023562    0.000075    0.120285 ^ _294_/CLK (sg13g2_dfrbpq_1)
     2    0.012423    0.060999    0.191991    0.312276 ^ _294_/Q (sg13g2_dfrbpq_1)
                                                         DPATH.SUM.fa_1.A (net)
                      0.060999    0.000005    0.312281 ^ fanout72/A (sg13g2_buf_8)
     8    0.038505    0.033135    0.091126    0.403407 ^ fanout72/X (sg13g2_buf_8)
                                                         net72 (net)
                      0.033135    0.000193    0.403600 ^ _140_/A (sg13g2_nor2_2)
     5    0.025808    0.046939    0.061251    0.464851 v _140_/Y (sg13g2_nor2_2)
                                                         _109_ (net)
                      0.046955    0.000186    0.465037 v _144_/A (sg13g2_nand2_1)
     2    0.007102    0.042418    0.049957    0.514994 ^ _144_/Y (sg13g2_nand2_1)
                                                         _113_ (net)
                      0.042418    0.000020    0.515014 ^ _212_/B (sg13g2_nor2_1)
     2    0.007107    0.032538    0.044597    0.559610 v _212_/Y (sg13g2_nor2_1)
                                                         net26 (net)
                      0.032538    0.000039    0.559649 v _213_/C (sg13g2_nand3_1)
     2    0.009740    0.051805    0.062899    0.622549 ^ _213_/Y (sg13g2_nand3_1)
                                                         _040_ (net)
                      0.051805    0.000034    0.622583 ^ _214_/B (sg13g2_xnor2_1)
     1    0.002112    0.029751    0.057664    0.680247 v _214_/Y (sg13g2_xnor2_1)
                                                         CTRL.P1 (net)
                      0.029751    0.000004    0.680251 v hold2/A (sg13g2_dlygate4sd3_1)
     1    0.001976    0.034277    0.368500    1.048751 v hold2/X (sg13g2_dlygate4sd3_1)
                                                         net39 (net)
                      0.034277    0.000003    1.048755 v _300_/D (sg13g2_dfrbpq_1)
                                              1.048755   data arrival time

                                  0.000000    0.000000   clock clockone (rise edge)
                                  0.000000    0.000000   clock source latency
     1    0.015552    0.000000    0.000000    0.000000 ^ clk (in)
                                                         clk (net)
                      0.000422    0.000211    0.000211 ^ clkbuf_0_clk/A (sg13g2_buf_8)
     2    0.020266    0.022343    0.054554    0.054765 ^ clkbuf_0_clk/X (sg13g2_buf_8)
                                                         clknet_0_clk (net)
                      0.022343    0.000063    0.054828 ^ clkbuf_1_0__f_clk/A (sg13g2_buf_8)
     5    0.020693    0.023562    0.065381    0.120209 ^ clkbuf_1_0__f_clk/X (sg13g2_buf_8)
                                                         clknet_1_0__leaf_clk (net)
                      0.023562    0.000043    0.120252 ^ _300_/CLK (sg13g2_dfrbpq_1)
                                  0.200000    0.320252   clock uncertainty
                                  0.000000    0.320252   clock reconvergence pessimism
                                 -0.038166    0.282086   library hold time
                                              0.282086   data required time
---------------------------------------------------------------------------------------------
                                              0.282086   data required time
                                             -1.048755   data arrival time
---------------------------------------------------------------------------------------------
                                              0.766669   slack (MET)



