Clock: clk
Sources: clk 
Generated: no
Virtual: yes
Propagated: no
Period: 5.000000

===========================================================================
report_clock_properties
============================================================================
Clock                   Period          Waveform
----------------------------------------------------
clk                   5.000000    0.000000  2.500000

===========================================================================
report_clock_latency
============================================================================
Clock clk
rise -> rise
    min     max
0.000000 0.000000 source latency
0.153888         network latency _300_/CLK
        0.154350 network latency _299_/CLK
---------------
0.153888 0.154350 latency
        0.000462 skew

fall -> fall
    min     max
0.000000 0.000000 source latency
0.159524         network latency _300_/CLK
        0.160095 network latency _299_/CLK
---------------
0.159524 0.160095 latency
        0.000570 skew



===========================================================================
report_clock_min_period
============================================================================
clk period_min = 2.42 fmax = 412.39
