Clock: clk
Sources: clk 
Generated: no
Virtual: yes
Propagated: no
Period: 5.000000

===========================================================================
report_clock_properties
============================================================================
Clock                   Period          Waveform
----------------------------------------------------
clk                   5.000000    0.000000  2.500000

===========================================================================
report_clock_latency
============================================================================
Clock clk
rise -> rise
    min     max
0.000000 0.000000 source latency
0.000322         network latency _299_/CLK
        0.000565 network latency _294_/CLK
---------------
0.000322 0.000565 latency
        0.000243 skew

fall -> fall
    min     max
0.000000 0.000000 source latency
0.000286         network latency _299_/CLK
        0.000500 network latency _294_/CLK
---------------
0.000286 0.000500 latency
        0.000214 skew



===========================================================================
report_clock_min_period
============================================================================
clk period_min = 1.53 fmax = 651.53
