
===========================================================================
report_checks -unconstrained
===========================================================================
======================= nom_typ_1p20V_25C Corner ===================================

Startpoint: _285_ (rising edge-triggered flip-flop clocked by clk)
Endpoint: sine_out[2] (output port clocked by clk)
Path Group: clk
Path Type: max

Fanout         Cap        Slew       Delay        Time   Description
---------------------------------------------------------------------------------------------
                                  0.000000    0.000000   clock clk (rise edge)
                                  0.000000    0.000000   clock source latency
     9    0.041364    0.000000    0.000000    0.000000 ^ clk (in)
                                                         clk (net)
                      0.000954    0.000477    0.000477 ^ _285_/CLK (sg13g2_dfrbpq_1)
     1    0.003616    0.022000    0.152177    0.152655 v _285_/Q (sg13g2_dfrbpq_1)
                                                         DPATH.SUM.fa_1.A (net)
                      0.022000    0.000000    0.152655 v fanout70/A (sg13g2_buf_4)
     7    0.035809    0.040634    0.088166    0.240821 v fanout70/X (sg13g2_buf_4)
                                                         net70 (net)
                      0.040634    0.000162    0.240984 v fanout69/A (sg13g2_buf_4)
     8    0.032273    0.038472    0.094748    0.335731 v fanout69/X (sg13g2_buf_4)
                                                         net69 (net)
                      0.038472    0.000114    0.335845 v _193_/A1 (sg13g2_o21ai_1)
     5    0.018891    0.219208    0.200125    0.535971 ^ _193_/Y (sg13g2_o21ai_1)
                                                         _022_ (net)
                      0.219208    0.000009    0.535980 ^ _203_/B (sg13g2_nand2b_1)
     3    0.009494    0.090232    0.131194    0.667173 v _203_/Y (sg13g2_nand2b_1)
                                                         _032_ (net)
                      0.090232    0.000016    0.667189 v _237_/B (sg13g2_nand2b_1)
     2    0.006612    0.054526    0.070265    0.737454 ^ _237_/Y (sg13g2_nand2b_1)
                                                         _064_ (net)
                      0.054526    0.000002    0.737456 ^ _244_/C (sg13g2_nand3_1)
     1    0.003271    0.056834    0.082986    0.820442 v _244_/Y (sg13g2_nand3_1)
                                                         _071_ (net)
                      0.056834    0.000004    0.820446 v _248_/A2 (sg13g2_a221oi_1)
     1    0.003073    0.108754    0.151993    0.972439 ^ _248_/Y (sg13g2_a221oi_1)
                                                         _075_ (net)
                      0.108754    0.000002    0.972441 ^ _249_/A1 (sg13g2_mux2_1)
     1    0.003473    0.037248    0.118650    1.091091 ^ _249_/X (sg13g2_mux2_1)
                                                         _076_ (net)
                      0.037248    0.000002    1.091093 ^ _250_/B1 (sg13g2_o21ai_1)
     1    0.012371    0.089988    0.085877    1.176970 v _250_/Y (sg13g2_o21ai_1)
                                                         sine_out[2] (net)
                      0.089988    0.000098    1.177068 v sine_out[2] (out)
                                              1.177068   data arrival time

                                  5.000000    5.000000   clock clk (rise edge)
                                  0.000000    5.000000   clock network delay (propagated)
                                 -0.150000    4.850000   clock uncertainty
                                  0.000000    4.850000   clock reconvergence pessimism
                                 -1.000000    3.850000   output external delay
                                              3.850000   data required time
---------------------------------------------------------------------------------------------
                                              3.850000   data required time
                                             -1.177068   data arrival time
---------------------------------------------------------------------------------------------
                                              2.672932   slack (MET)




===========================================================================
report_checks --slack_max -0.01
============================================================================
======================= nom_typ_1p20V_25C Corner ===================================

No paths found.


===========================================================================
 report_check_types -max_slew -max_cap -max_fanout -violators
============================================================================
======================= nom_typ_1p20V_25C Corner ===================================



===========================================================================
report_parasitic_annotation -report_unannotated
============================================================================
Found 0 unannotated drivers.
Found 0 partially unannotated drivers.

===========================================================================
max slew violation count 0
Writing metric design__max_slew_violation__count__corner:nom_typ_1p20V_25C: 0
max fanout violation count 0
Writing metric design__max_fanout_violation__count__corner:nom_typ_1p20V_25C: 0
max cap violation count 0
Writing metric design__max_cap_violation__count__corner:nom_typ_1p20V_25C: 0
============================================================================

===========================================================================
check_setup -verbose -unconstrained_endpoints -multiple_clock -no_clock -no_input_delay -loops -generated_clocks
===========================================================================
