Clock: clk
Sources: clk 
Generated: no
Virtual: yes
Propagated: no
Period: 5.000000

===========================================================================
report_clock_properties
============================================================================
Clock                   Period          Waveform
----------------------------------------------------
clk                   5.000000    0.000000  2.500000

===========================================================================
report_clock_latency
============================================================================
Clock clk
rise -> rise
    min     max
0.000000 0.000000 source latency
0.000195         network latency _289_/CLK
        0.000492 network latency _292_/CLK
---------------
0.000195 0.000492 latency
        0.000297 skew

fall -> fall
    min     max
0.000000 0.000000 source latency
0.000176         network latency _289_/CLK
        0.000441 network latency _292_/CLK
---------------
0.000176 0.000441 latency
        0.000265 skew



===========================================================================
report_clock_min_period
============================================================================
clk period_min = 1.44 fmax = 694.94
