[WARNING ORD-0039] .openroad ignored with -python
Top-level design name: DigitalSine
Block boundaries: 0 0 70625 89345
Horizontal Tracks Origin: 420, Count: 212, Step: 420
Vertical Tracks Origin: 480, Count: 146, Step: 480
Placement details for the N side
Virtual pin count:  0
Actual pin count:  33
Total pin count:  33
Tracks count:  73
Tracks per pin:  2
Used tracks count:  65
Unused track count:  8
Starting track index:  4
Placement details for the E side
Virtual pin count:  0
Actual pin count:  2
Total pin count:  2
Tracks count:  106
Tracks per pin:  53
Used tracks count:  54
Unused track count:  52
Starting track index:  26
Placement details for the W side
Virtual pin count:  0
Actual pin count:  2
Total pin count:  2
Tracks count:  106
Tracks per pin:  53
Used tracks count:  54
Unused track count:  52
Starting track index:  26
