Reading timing models for corner nom_fast_1p32V_m40C…
Reading timing library for the 'nom_fast_1p32V_m40C' corner at '/opt/pdks/ciel/ihp-sg13g2/versions/cb7daaa8901016cf7c5d272dfa322c41f024931f/ihp-sg13g2/libs.ref/sg13g2_stdcell/lib/sg13g2_stdcell_fast_1p32V_m40C.lib'…
Reading timing models for corner nom_slow_1p08V_125C…
Reading timing library for the 'nom_slow_1p08V_125C' corner at '/opt/pdks/ciel/ihp-sg13g2/versions/cb7daaa8901016cf7c5d272dfa322c41f024931f/ihp-sg13g2/libs.ref/sg13g2_stdcell/lib/sg13g2_stdcell_slow_1p08V_125C.lib'…
Reading timing models for corner nom_typ_1p20V_25C…
Reading timing library for the 'nom_typ_1p20V_25C' corner at '/opt/pdks/ciel/ihp-sg13g2/versions/cb7daaa8901016cf7c5d272dfa322c41f024931f/ihp-sg13g2/libs.ref/sg13g2_stdcell/lib/sg13g2_stdcell_typ_1p20V_25C.lib'…
Reading OpenROAD database at '/home/designer/shared/Bioimpedance-ASIC-for-skin-cancer-detection/current_generator/digital/DigitalSine/runs/RUN_2025-12-14_12-03-08/28-openroad-globalplacement/DigitalSine.odb'…
Reading design constraints file at '/home/designer/shared/Bioimpedance-ASIC-for-skin-cancer-detection/current_generator/digital/DigitalSine/cons.sdc'…
[WARNING STA-0441] set_input_delay relative to a clock defined on the same port/pin not allowed.
[WARNING STA-0441] set_input_delay relative to a clock defined on the same port/pin not allowed.
[WARNING STA-0441] set_input_delay relative to a clock defined on the same port/pin not allowed.
[WARNING STA-0441] set_input_delay relative to a clock defined on the same port/pin not allowed.
[INFO] No information on clock propagation in input SDC file-- propagating all clocks.
[INFO RSZ-0027] Inserted 1 input buffers.
[INFO RSZ-0028] Inserted 35 output buffers.
+ repair_design -verbose -max_wire_length 0 -slew_margin 20 -cap_margin 20
[INFO RSZ-0058] Using max wire length 5028um.
Iteration |   Area    | Resized | Buffers | Nets repaired | Remaining
---------------------------------------------------------------------
        0 |     +0.0% |       0 |       0 |             0 |       241
       10 |     +0.3% |       4 |       0 |             0 |       231
       20 |     +0.1% |       5 |       0 |             0 |       221
       30 |     +0.0% |       6 |       0 |             0 |       211
       40 |     +0.2% |      12 |       0 |             0 |       201
       50 |     +0.9% |      22 |       0 |             0 |       191
       60 |     +0.3% |      32 |       0 |             0 |       181
       70 |     +0.1% |      34 |       0 |             0 |       171
       80 |     -0.9% |      40 |       0 |             0 |       161
       90 |     -1.7% |      49 |       0 |             0 |       151
      100 |     -1.6% |      53 |       0 |             0 |       141
      110 |     -1.7% |      54 |       0 |             0 |       131
      120 |     -2.6% |      63 |       0 |             0 |       121
      130 |     -2.2% |      66 |       0 |             0 |       111
      140 |     -2.3% |      67 |       0 |             0 |       101
      150 |     -3.0% |      72 |       0 |             0 |        91
      160 |     -2.8% |      74 |       0 |             0 |        81
      170 |     -2.8% |      74 |       0 |             0 |        71
      180 |     -2.9% |      77 |       0 |             0 |        61
      190 |     -1.8% |      83 |       0 |             0 |        51
      200 |     +0.6% |      91 |       0 |             0 |        41
      210 |     +0.9% |      94 |       0 |             0 |        31
      220 |     +2.8% |     102 |       0 |             0 |        21
      230 |     +2.8% |     105 |       0 |             0 |        11
      240 |     +3.2% |     106 |       1 |             1 |         1
    final |     +3.2% |     106 |       1 |             1 |         0
---------------------------------------------------------------------
[INFO RSZ-0035] Found 1 fanout violations.
[INFO RSZ-0039] Resized 106 instances.
[INFO RSZ-0038] Inserted 1 buffers in 1 nets.
+ detailed_placement -max_displacement  500 100 
Placement Analysis
---------------------------------
total displacement       1300.3 u
average displacement        5.4 u
max displacement           27.0 u
original HPWL            3858.3 u
legalized HPWL           5115.0 u
delta HPWL                   33 %

[INFO DPL-0020] Mirrored 107 instances
[INFO DPL-0021] HPWL before            5115.0 u
[INFO DPL-0022] HPWL after             5008.7 u
[INFO DPL-0023] HPWL delta               -2.1 %
Setting global connections for newly added cells…
[INFO] Setting global connections...
Updating metrics…
Cell type report:                       Count       Area
  Timing Repair Buffer                     63     836.44
  Inverter                                 15      85.28
  Sequential cell                           9     442.71
  Multi-Input combinational cell          153    1422.49
  Total                                   240    2786.92
Writing OpenROAD database to '/home/designer/shared/Bioimpedance-ASIC-for-skin-cancer-detection/current_generator/digital/DigitalSine/runs/RUN_2025-12-14_12-03-08/32-openroad-repairdesignpostgpl/DigitalSine.odb'…
Writing netlist to '/home/designer/shared/Bioimpedance-ASIC-for-skin-cancer-detection/current_generator/digital/DigitalSine/runs/RUN_2025-12-14_12-03-08/32-openroad-repairdesignpostgpl/DigitalSine.nl.v'…
Writing powered netlist to '/home/designer/shared/Bioimpedance-ASIC-for-skin-cancer-detection/current_generator/digital/DigitalSine/runs/RUN_2025-12-14_12-03-08/32-openroad-repairdesignpostgpl/DigitalSine.pnl.v'…
Writing layout to '/home/designer/shared/Bioimpedance-ASIC-for-skin-cancer-detection/current_generator/digital/DigitalSine/runs/RUN_2025-12-14_12-03-08/32-openroad-repairdesignpostgpl/DigitalSine.def'…
Writing timing constraints to '/home/designer/shared/Bioimpedance-ASIC-for-skin-cancer-detection/current_generator/digital/DigitalSine/runs/RUN_2025-12-14_12-03-08/32-openroad-repairdesignpostgpl/DigitalSine.sdc'…
