Clock: clk
Sources: clk 
Generated: no
Virtual: yes
Propagated: no
Period: 5.000000

===========================================================================
report_clock_properties
============================================================================
Clock                   Period          Waveform
----------------------------------------------------
clk                   5.000000    0.000000  2.500000

===========================================================================
report_clock_latency
============================================================================
Clock clk
rise -> rise
    min     max
0.000000 0.000000 source latency
0.125507         network latency _297_/CLK
        0.126877 network latency _301_/CLK
---------------
0.125507 0.126877 latency
        0.001370 skew

fall -> fall
    min     max
0.000000 0.000000 source latency
0.137073         network latency _297_/CLK
        0.138219 network latency _301_/CLK
---------------
0.137073 0.138219 latency
        0.001146 skew



===========================================================================
report_clock_min_period
============================================================================
clk period_min = 1.82 fmax = 548.48
