Reading timing models for corner nom_typ_1p20V_25C…
Reading timing library for the 'nom_typ_1p20V_25C' corner at '/opt/pdks/ciel/ihp-sg13g2/versions/cb7daaa8901016cf7c5d272dfa322c41f024931f/ihp-sg13g2/libs.ref/sg13g2_stdcell/lib/sg13g2_stdcell_typ_1p20V_25C.lib'…
Reading OpenROAD database at '/home/designer/shared/Bioimpedance-ASIC-for-skin-cancer-detection/current_generator/digital/DigitalSine/runs/RUN_2025-12-12_17-04-30/42-openroad-repairantennas/1-diodeinsertion/DigitalSine.odb'…
Reading design constraints file at '/nix/store/sfc122jplczjy5i6pd5radwb3k94mh33-python3.12-librelane-3.0.0.dev45/lib/python3.12/site-packages/librelane/scripts/base.sdc'…
[INFO] Using clock clk…
[INFO] Setting output delay to: 5
[INFO] Setting input delay to: 5
[INFO] Setting load to: 0.006
[INFO] Setting clock uncertainty to: 0.25
[INFO] Setting clock transition to: 0.15
[INFO] Setting timing derate to: 5%
[INFO] Setting signal min routing layer to: Metal2 and clock min routing layer to Metal2. 
[INFO] Setting signal max routing layer to: TopMetal2 and clock max routing layer to TopMetal2. 
+ global_route -congestion_iterations 50 -verbose
[INFO GRT-0020] Min routing layer: Metal2
[INFO GRT-0021] Max routing layer: TopMetal2
[INFO GRT-0022] Global adjustment: 30%
[INFO GRT-0023] Grid origin: (0, 0)
[INFO GRT-0088] Layer Metal1  Track-Pitch = 0.4200  line-2-Via Pitch: 0.3650
[INFO GRT-0088] Layer Metal2  Track-Pitch = 0.4800  line-2-Via Pitch: 0.4150
[INFO GRT-0088] Layer Metal3  Track-Pitch = 0.4200  line-2-Via Pitch: 0.4150
[INFO GRT-0088] Layer Metal4  Track-Pitch = 0.4800  line-2-Via Pitch: 0.4150
[INFO GRT-0088] Layer Metal5  Track-Pitch = 0.4200  line-2-Via Pitch: 0.6200
[INFO GRT-0088] Layer TopMetal1 Track-Pitch = 2.2800  line-2-Via Pitch: 3.4100
[INFO GRT-0088] Layer TopMetal2 Track-Pitch = 4.0000  line-2-Via Pitch: 3.9500
[INFO GRT-0003] Macros: 0
[WARNING GRT-0041] Net VPWR has wires/vias outside die area.
[WARNING GRT-0041] Net VPWR has wires/vias outside die area.
[WARNING GRT-0041] Net VPWR has wires/vias outside die area.
[WARNING GRT-0041] Net VPWR has wires/vias outside die area.
[WARNING GRT-0041] Net VPWR has wires/vias outside die area.
[WARNING GRT-0041] Net VPWR has wires/vias outside die area.
[WARNING GRT-0041] Net VPWR has wires/vias outside die area.
[WARNING GRT-0041] Net VPWR has wires/vias outside die area.
[WARNING GRT-0041] Net VPWR has wires/vias outside die area.
[WARNING GRT-0041] Net VPWR has wires/vias outside die area.
[WARNING GRT-0041] Net VPWR has wires/vias outside die area.
[WARNING GRT-0041] Net VPWR has wires/vias outside die area.
[WARNING GRT-0041] Net VPWR has wires/vias outside die area.
[WARNING GRT-0041] Net VPWR has wires/vias outside die area.
[WARNING GRT-0041] Net VPWR has wires/vias outside die area.
[WARNING GRT-0041] Net VPWR has wires/vias outside die area.
[WARNING GRT-0041] Net VPWR has wires/vias outside die area.
[WARNING GRT-0041] Net VGND has wires/vias outside die area.
[WARNING GRT-0041] Net VGND has wires/vias outside die area.
[WARNING GRT-0041] Net VGND has wires/vias outside die area.
[WARNING GRT-0041] Net VGND has wires/vias outside die area.
[WARNING GRT-0041] Net VGND has wires/vias outside die area.
[WARNING GRT-0041] Net VGND has wires/vias outside die area.
[WARNING GRT-0041] Net VGND has wires/vias outside die area.
[WARNING GRT-0041] Net VGND has wires/vias outside die area.
[WARNING GRT-0041] Net VGND has wires/vias outside die area.
[WARNING GRT-0041] Net VGND has wires/vias outside die area.
[WARNING GRT-0041] Net VGND has wires/vias outside die area.
[WARNING GRT-0041] Net VGND has wires/vias outside die area.
[WARNING GRT-0041] Net VGND has wires/vias outside die area.
[WARNING GRT-0041] Net VGND has wires/vias outside die area.
[WARNING GRT-0041] Net VGND has wires/vias outside die area.
[WARNING GRT-0041] Net VGND has wires/vias outside die area.
[WARNING GRT-0041] Net VGND has wires/vias outside die area.
[INFO GRT-0004] Blockages: 0
[INFO GRT-0019] Found 4 clock nets.
[INFO GRT-0001] Minimum degree: 2
[INFO GRT-0002] Maximum degree: 9

[INFO GRT-0053] Routing resources analysis:
          Routing      Original      Derated      Resource
Layer     Direction    Resources     Resources    Reduction (%)
---------------------------------------------------------------
Metal1     Horizontal          0             0          0.00%
Metal2     Vertical         2153          1292          39.99%
Metal3     Horizontal       2364          1439          39.13%
Metal4     Vertical         2153          1292          39.99%
Metal5     Horizontal       1664          1036          37.74%
TopMetal1    Vertical          199           105          47.24%
TopMetal2    Horizontal        162            80          50.62%
---------------------------------------------------------------

[INFO GRT-0197] Via related to pin nodes: 1330
[INFO GRT-0198] Via related Steiner nodes: 19
[INFO GRT-0199] Via filling finished.
[INFO GRT-0111] Final number of vias: 1664
[INFO GRT-0112] Final usage 3D: 5897

[INFO GRT-0096] Final congestion report:
Layer         Resource        Demand        Usage (%)    Max H / Max V / Total Overflow
---------------------------------------------------------------------------------------
Metal1               0             0            0.00%             0 /  0 /  0
Metal2            1292           456           35.29%             0 /  0 /  0
Metal3            1439           376           26.13%             0 /  0 /  0
Metal4            1292            45            3.48%             0 /  0 /  0
Metal5            1036            28            2.70%             0 /  0 /  0
TopMetal1            105             0            0.00%             0 /  0 /  0
TopMetal2             80             0            0.00%             0 /  0 /  0
---------------------------------------------------------------------------------------
Total             5244           905           17.26%             0 /  0 /  0

[INFO GRT-0018] Total wirelength: 9468 um
[INFO GRT-0014] Routed nets: 256
[INFO ORD-0030] Using 12 thread(s).
+ detailed_route -bottom_routing_layer Metal2 -top_routing_layer TopMetal2 -droute_end_iter 64 -or_seed 42 -verbose 1 -output_drc /home/designer/shared/Bioimpedance-ASIC-for-skin-cancer-detection/current_generator/digital/DigitalSine/runs/RUN_2025-12-12_17-04-30/44-openroad-detailedrouting/drt-run-0/DigitalSine.drc
[INFO DRT-0149] Reading tech and libs.
[WARNING DRT-0349] LEF58_ENCLOSURE with no CUTCLASS is not supported. Skipping for layer Cont
[WARNING DRT-0349] LEF58_ENCLOSURE with no CUTCLASS is not supported. Skipping for layer Via1
[WARNING DRT-0349] LEF58_ENCLOSURE with no CUTCLASS is not supported. Skipping for layer Via1
[WARNING DRT-0349] LEF58_ENCLOSURE with no CUTCLASS is not supported. Skipping for layer Via2
[WARNING DRT-0349] LEF58_ENCLOSURE with no CUTCLASS is not supported. Skipping for layer Via3
[WARNING DRT-0349] LEF58_ENCLOSURE with no CUTCLASS is not supported. Skipping for layer Via4
[WARNING DRT-0349] LEF58_ENCLOSURE with no CUTCLASS is not supported. Skipping for layer TopVia1
[WARNING DRT-0349] LEF58_ENCLOSURE with no CUTCLASS is not supported. Skipping for layer TopVia1
[WARNING DRT-0349] LEF58_ENCLOSURE with no CUTCLASS is not supported. Skipping for layer TopVia2
[WARNING DRT-0349] LEF58_ENCLOSURE with no CUTCLASS is not supported. Skipping for layer TopVia2

Units:                1000
Number of layers:     15
Number of macros:     84
Number of vias:       79
Number of viarulegen: 6

[INFO DRT-0150] Reading design.

Design:                   DigitalSine
Die area:                 ( 0 0 ) ( 73510 92230 )
Number of track patterns: 14
Number of DEF vias:       0
Number of components:     255
Number of terminals:      39
Number of snets:          2
Number of nets:           256

[INFO DRT-0167] List of default vias:
  Layer Via2
    default via: Via2_YX
  Layer Via3
    default via: Via3_XY
  Layer Via4
    default via: Via4_YX
  Layer TopVia1
    default via: TopVia1EWNS
  Layer TopVia2
    default via: TopVia2EWNS
[INFO DRT-0162] Library cell analysis.
[INFO DRT-0163] Instance analysis.
[INFO DRT-0164] Number of unique instances = 78.
[INFO DRT-0168] Init region query.
[INFO DRT-0024]   Complete GatPoly.
[INFO DRT-0024]   Complete Cont.
[INFO DRT-0024]   Complete Metal1.
[INFO DRT-0024]   Complete Via1.
[INFO DRT-0024]   Complete Metal2.
[INFO DRT-0024]   Complete Via2.
[INFO DRT-0024]   Complete Metal3.
[INFO DRT-0024]   Complete Via3.
[INFO DRT-0024]   Complete Metal4.
[INFO DRT-0024]   Complete Via4.
[INFO DRT-0024]   Complete Metal5.
[INFO DRT-0024]   Complete TopVia1.
[INFO DRT-0024]   Complete TopMetal1.
[INFO DRT-0024]   Complete TopVia2.
[INFO DRT-0024]   Complete TopMetal2.
[INFO DRT-0033] GatPoly shape region query size = 0.
[INFO DRT-0033] Cont shape region query size = 0.
[INFO DRT-0033] Metal1 shape region query size = 4902.
[INFO DRT-0033] Via1 shape region query size = 85.
[INFO DRT-0033] Metal2 shape region query size = 67.
[INFO DRT-0033] Via2 shape region query size = 85.
[INFO DRT-0033] Metal3 shape region query size = 38.
[INFO DRT-0033] Via3 shape region query size = 85.
[INFO DRT-0033] Metal4 shape region query size = 34.
[INFO DRT-0033] Via4 shape region query size = 85.
[INFO DRT-0033] Metal5 shape region query size = 51.
[INFO DRT-0033] TopVia1 shape region query size = 34.
[INFO DRT-0033] TopMetal1 shape region query size = 47.
[INFO DRT-0033] TopVia2 shape region query size = 18.
[INFO DRT-0033] TopMetal2 shape region query size = 30.
[INFO DRT-0165] Start pin access.
[INFO DRT-0078]   Complete 406 pins.
[INFO DRT-0081]   Complete 78 unique inst patterns.
[INFO DRT-0084]   Complete 74 groups.
#scanned instances     = 255
#unique  instances     = 78
#stdCellGenAp          = 3516
#stdCellValidPlanarAp  = 0
#stdCellValidViaAp     = 2805
#stdCellPinNoAp        = 0
#stdCellPinCnt         = 752
#instTermValidViaApCnt = 0
#macroGenAp            = 0
#macroValidPlanarAp    = 0
#macroValidViaAp       = 0
#macroNoAp             = 0
[INFO DRT-0166] Complete pin access.
[INFO DRT-0267] cpu time = 00:00:27, elapsed time = 00:00:02, memory = 173.69 (MB), peak = 173.69 (MB)

[INFO DRT-0157] Number of guides:     1803

[INFO DRT-0169] Post process guides.
[INFO DRT-0176] GCELLGRID X 0 DO 11 STEP 6300 ;
[INFO DRT-0177] GCELLGRID Y 0 DO 14 STEP 6300 ;
[INFO DRT-0028]   Complete GatPoly.
[INFO DRT-0028]   Complete Cont.
[INFO DRT-0028]   Complete Metal1.
[INFO DRT-0028]   Complete Via1.
[INFO DRT-0028]   Complete Metal2.
[INFO DRT-0028]   Complete Via2.
[INFO DRT-0028]   Complete Metal3.
[INFO DRT-0028]   Complete Via3.
[INFO DRT-0028]   Complete Metal4.
[INFO DRT-0028]   Complete Via4.
[INFO DRT-0028]   Complete Metal5.
[INFO DRT-0028]   Complete TopVia1.
[INFO DRT-0028]   Complete TopMetal1.
[INFO DRT-0028]   Complete TopVia2.
[INFO DRT-0028]   Complete TopMetal2.
[INFO DRT-0178] Init guide query.
[INFO DRT-0035]   Complete GatPoly (guide).
[INFO DRT-0035]   Complete Cont (guide).
[INFO DRT-0035]   Complete Metal1 (guide).
[INFO DRT-0035]   Complete Via1 (guide).
[INFO DRT-0035]   Complete Metal2 (guide).
[INFO DRT-0035]   Complete Via2 (guide).
[INFO DRT-0035]   Complete Metal3 (guide).
[INFO DRT-0035]   Complete Via3 (guide).
[INFO DRT-0035]   Complete Metal4 (guide).
[INFO DRT-0035]   Complete Via4 (guide).
[INFO DRT-0035]   Complete Metal5 (guide).
[INFO DRT-0035]   Complete TopVia1 (guide).
[INFO DRT-0035]   Complete TopMetal1 (guide).
[INFO DRT-0035]   Complete TopVia2 (guide).
[INFO DRT-0035]   Complete TopMetal2 (guide).
[INFO DRT-0036] GatPoly guide region query size = 0.
[INFO DRT-0036] Cont guide region query size = 0.
[INFO DRT-0036] Metal1 guide region query size = 644.
[INFO DRT-0036] Via1 guide region query size = 0.
[INFO DRT-0036] Metal2 guide region query size = 578.
[INFO DRT-0036] Via2 guide region query size = 0.
[INFO DRT-0036] Metal3 guide region query size = 282.
[INFO DRT-0036] Via3 guide region query size = 0.
[INFO DRT-0036] Metal4 guide region query size = 20.
[INFO DRT-0036] Via4 guide region query size = 0.
[INFO DRT-0036] Metal5 guide region query size = 5.
[INFO DRT-0036] TopVia1 guide region query size = 0.
[INFO DRT-0036] TopMetal1 guide region query size = 0.
[INFO DRT-0036] TopVia2 guide region query size = 0.
[INFO DRT-0036] TopMetal2 guide region query size = 0.
[INFO DRT-0179] Init gr pin query.
[INFO DRT-0267] cpu time = 00:00:00, elapsed time = 00:00:00, memory = 173.81 (MB), peak = 173.81 (MB)
[INFO DRT-0245] skipped writing guide updates to database.
[INFO DRT-0185] Post process initialize RPin region query.
[INFO DRT-0181] Start track assignment.
[INFO DRT-0184] Done with 598 vertical wires in 1 frboxes and 931 horizontal wires in 1 frboxes.
[INFO DRT-0186] Done with 244 vertical wires in 1 frboxes and 144 horizontal wires in 1 frboxes.
[INFO DRT-0182] Complete track assignment.
[INFO DRT-0267] cpu time = 00:00:01, elapsed time = 00:00:00, memory = 177.31 (MB), peak = 177.31 (MB)
[INFO DRT-0187] Start routing data preparation.
[INFO DRT-0267] cpu time = 00:00:00, elapsed time = 00:00:00, memory = 177.31 (MB), peak = 177.31 (MB)
[INFO DRT-0194] Start detail routing.
[INFO DRT-0195] Start 0th optimization iteration.
    Completing 20% with 0 violations.
    elapsed time = 00:00:00, memory = 184.31 (MB).
    Completing 50% with 13 violations.
    elapsed time = 00:00:05, memory = 198.29 (MB).
    Completing 70% with 92 violations.
    elapsed time = 00:00:05, memory = 201.16 (MB).
    Completing 100% with 125 violations.
    elapsed time = 00:00:06, memory = 215.16 (MB).
[INFO DRT-0199]   Number of violations = 147.
Viol/Layer      Metal2   Via2 Metal3
Metal Spacing       87      0      0
Recheck             18      0      4
Short               34      1      3
[INFO DRT-0267] cpu time = 00:00:17, elapsed time = 00:00:07, memory = 608.04 (MB), peak = 608.04 (MB)
Total wire length = 6199 um.
Total wire length on LAYER Metal1 = 0 um.
Total wire length on LAYER Metal2 = 3243 um.
Total wire length on LAYER Metal3 = 2435 um.
Total wire length on LAYER Metal4 = 352 um.
Total wire length on LAYER Metal5 = 168 um.
Total wire length on LAYER TopMetal1 = 0 um.
Total wire length on LAYER TopMetal2 = 0 um.
Total number of vias = 1547.
Up-via summary (total 1547):

------------------
   GatPoly       0
    Metal1     757
    Metal2     714
    Metal3      66
    Metal4      10
    Metal5       0
 TopMetal1       0
------------------
          1547


[INFO DRT-0195] Start 1st optimization iteration.
    Completing 10% with 147 violations.
    elapsed time = 00:00:00, memory = 611.79 (MB).
    Completing 30% with 147 violations.
    elapsed time = 00:00:00, memory = 611.79 (MB).
    Completing 50% with 139 violations.
    elapsed time = 00:00:05, memory = 658.42 (MB).
    Completing 60% with 98 violations.
    elapsed time = 00:00:05, memory = 658.42 (MB).
    Completing 80% with 98 violations.
    elapsed time = 00:00:05, memory = 658.42 (MB).
    Completing 100% with 60 violations.
    elapsed time = 00:00:09, memory = 658.42 (MB).
[INFO DRT-0199]   Number of violations = 60.
Viol/Layer      Metal2
Metal Spacing       37
Short               23
[INFO DRT-0267] cpu time = 00:00:16, elapsed time = 00:00:09, memory = 661.42 (MB), peak = 690.41 (MB)
Total wire length = 6148 um.
Total wire length on LAYER Metal1 = 0 um.
Total wire length on LAYER Metal2 = 3179 um.
Total wire length on LAYER Metal3 = 2424 um.
Total wire length on LAYER Metal4 = 375 um.
Total wire length on LAYER Metal5 = 168 um.
Total wire length on LAYER TopMetal1 = 0 um.
Total wire length on LAYER TopMetal2 = 0 um.
Total number of vias = 1538.
Up-via summary (total 1538):

------------------
   GatPoly       0
    Metal1     758
    Metal2     707
    Metal3      63
    Metal4      10
    Metal5       0
 TopMetal1       0
------------------
          1538


[INFO DRT-0195] Start 2nd optimization iteration.
    Completing 10% with 60 violations.
    elapsed time = 00:00:00, memory = 661.42 (MB).
    Completing 20% with 60 violations.
    elapsed time = 00:00:00, memory = 661.42 (MB).
    Completing 30% with 60 violations.
    elapsed time = 00:00:00, memory = 661.42 (MB).
    Completing 40% with 60 violations.
    elapsed time = 00:00:00, memory = 661.42 (MB).
    Completing 50% with 54 violations.
    elapsed time = 00:00:00, memory = 661.42 (MB).
    Completing 60% with 54 violations.
    elapsed time = 00:00:00, memory = 661.42 (MB).
    Completing 70% with 54 violations.
    elapsed time = 00:00:00, memory = 661.42 (MB).
    Completing 80% with 54 violations.
    elapsed time = 00:00:02, memory = 708.92 (MB).
    Completing 100% with 30 violations.
    elapsed time = 00:00:03, memory = 717.63 (MB).
[INFO DRT-0199]   Number of violations = 30.
Viol/Layer      Metal2 Metal3
Metal Spacing       27      1
Short                2      0
[INFO DRT-0267] cpu time = 00:00:11, elapsed time = 00:00:04, memory = 717.63 (MB), peak = 726.04 (MB)
Total wire length = 6141 um.
Total wire length on LAYER Metal1 = 0 um.
Total wire length on LAYER Metal2 = 3153 um.
Total wire length on LAYER Metal3 = 2412 um.
Total wire length on LAYER Metal4 = 407 um.
Total wire length on LAYER Metal5 = 168 um.
Total wire length on LAYER TopMetal1 = 0 um.
Total wire length on LAYER TopMetal2 = 0 um.
Total number of vias = 1545.
Up-via summary (total 1545):

------------------
   GatPoly       0
    Metal1     759
    Metal2     691
    Metal3      85
    Metal4      10
    Metal5       0
 TopMetal1       0
------------------
          1545


[INFO DRT-0195] Start 3rd optimization iteration.
    Completing 20% with 30 violations.
    elapsed time = 00:00:00, memory = 717.63 (MB).
    Completing 50% with 29 violations.
    elapsed time = 00:00:00, memory = 717.63 (MB).
    Completing 70% with 5 violations.
    elapsed time = 00:00:00, memory = 717.63 (MB).
    Completing 100% with 0 violations.
    elapsed time = 00:00:01, memory = 737.50 (MB).
[INFO DRT-0199]   Number of violations = 0.
[INFO DRT-0267] cpu time = 00:00:08, elapsed time = 00:00:01, memory = 737.50 (MB), peak = 737.50 (MB)
Total wire length = 6128 um.
Total wire length on LAYER Metal1 = 0 um.
Total wire length on LAYER Metal2 = 3106 um.
Total wire length on LAYER Metal3 = 2414 um.
Total wire length on LAYER Metal4 = 440 um.
Total wire length on LAYER Metal5 = 168 um.
Total wire length on LAYER TopMetal1 = 0 um.
Total wire length on LAYER TopMetal2 = 0 um.
Total number of vias = 1550.
Up-via summary (total 1550):

------------------
   GatPoly       0
    Metal1     760
    Metal2     688
    Metal3      92
    Metal4      10
    Metal5       0
 TopMetal1       0
------------------
          1550


[INFO DRT-0198] Complete detail routing.
Total wire length = 6128 um.
Total wire length on LAYER Metal1 = 0 um.
Total wire length on LAYER Metal2 = 3106 um.
Total wire length on LAYER Metal3 = 2414 um.
Total wire length on LAYER Metal4 = 440 um.
Total wire length on LAYER Metal5 = 168 um.
Total wire length on LAYER TopMetal1 = 0 um.
Total wire length on LAYER TopMetal2 = 0 um.
Total number of vias = 1550.
Up-via summary (total 1550):

------------------
   GatPoly       0
    Metal1     760
    Metal2     688
    Metal3      92
    Metal4      10
    Metal5       0
 TopMetal1       0
------------------
          1550


[INFO DRT-0267] cpu time = 00:00:54, elapsed time = 00:00:21, memory = 737.63 (MB), peak = 737.63 (MB)

[INFO DRT-0180] Post processing.
+ check_antennas 
[INFO ANT-0002] Found 0 net violations.
[INFO ANT-0001] Found 0 pin violations.
Setting global connections for newly added cells…
[INFO] Setting global connections...
Updating metrics…
Cell type report:                       Count       Area
  Clock buffer                              3      70.76
  Timing Repair Buffer                     74     954.37
  Inverter                                 15      85.28
  Clock inverter                            1       5.44
  Sequential cell                           9     446.34
  Multi-Input combinational cell          153    1426.12
  Total                                   255    2988.32
Writing OpenROAD database to '/home/designer/shared/Bioimpedance-ASIC-for-skin-cancer-detection/current_generator/digital/DigitalSine/runs/RUN_2025-12-12_17-04-30/44-openroad-detailedrouting/DigitalSine.odb'…
Writing netlist to '/home/designer/shared/Bioimpedance-ASIC-for-skin-cancer-detection/current_generator/digital/DigitalSine/runs/RUN_2025-12-12_17-04-30/44-openroad-detailedrouting/DigitalSine.nl.v'…
Writing powered netlist to '/home/designer/shared/Bioimpedance-ASIC-for-skin-cancer-detection/current_generator/digital/DigitalSine/runs/RUN_2025-12-12_17-04-30/44-openroad-detailedrouting/DigitalSine.pnl.v'…
Writing layout to '/home/designer/shared/Bioimpedance-ASIC-for-skin-cancer-detection/current_generator/digital/DigitalSine/runs/RUN_2025-12-12_17-04-30/44-openroad-detailedrouting/DigitalSine.def'…
Writing timing constraints to '/home/designer/shared/Bioimpedance-ASIC-for-skin-cancer-detection/current_generator/digital/DigitalSine/runs/RUN_2025-12-12_17-04-30/44-openroad-detailedrouting/DigitalSine.sdc'…
