Clock: clk
Sources: clk 
Generated: no
Virtual: yes
Propagated: no
Period: 5.000000

===========================================================================
report_clock_properties
============================================================================
Clock                   Period          Waveform
----------------------------------------------------
clk                   5.000000    0.000000  2.500000

===========================================================================
report_clock_latency
============================================================================
Clock clk
rise -> rise
    min     max
0.000000 0.000000 source latency
0.192319         network latency _298_/CLK
        0.194779 network latency _295_/CLK
---------------
0.192319 0.194779 latency
        0.002459 skew

fall -> fall
    min     max
0.000000 0.000000 source latency
0.208076         network latency _298_/CLK
        0.210189 network latency _295_/CLK
---------------
0.208076 0.210189 latency
        0.002113 skew



===========================================================================
report_clock_min_period
============================================================================
clk period_min = 3.23 fmax = 309.69
