Reading timing models for corner nom_fast_1p32V_m40C…
Reading timing library for the 'nom_fast_1p32V_m40C' corner at '/opt/pdks/ciel/ihp-sg13g2/versions/cb7daaa8901016cf7c5d272dfa322c41f024931f/ihp-sg13g2/libs.ref/sg13g2_stdcell/lib/sg13g2_stdcell_fast_1p32V_m40C.lib'…
Reading timing models for corner nom_slow_1p08V_125C…
Reading timing library for the 'nom_slow_1p08V_125C' corner at '/opt/pdks/ciel/ihp-sg13g2/versions/cb7daaa8901016cf7c5d272dfa322c41f024931f/ihp-sg13g2/libs.ref/sg13g2_stdcell/lib/sg13g2_stdcell_slow_1p08V_125C.lib'…
Reading timing models for corner nom_typ_1p20V_25C…
Reading timing library for the 'nom_typ_1p20V_25C' corner at '/opt/pdks/ciel/ihp-sg13g2/versions/cb7daaa8901016cf7c5d272dfa322c41f024931f/ihp-sg13g2/libs.ref/sg13g2_stdcell/lib/sg13g2_stdcell_typ_1p20V_25C.lib'…
Reading OpenROAD database at '/home/designer/shared/BASIC/current_generator/digital/DigitalSine/runs/RUN_2026-03-06_21-23-06/28-openroad-globalplacement/DigitalSine.odb'…
Reading design constraints file at '/home/designer/shared/BASIC/current_generator/digital/DigitalSine/cons.sdc'…
[WARNING STA-0441] set_input_delay relative to a clock defined on the same port/pin not allowed.
[WARNING STA-0441] set_input_delay relative to a clock defined on the same port/pin not allowed.
[WARNING STA-0441] set_input_delay relative to a clock defined on the same port/pin not allowed.
[WARNING STA-0441] set_input_delay relative to a clock defined on the same port/pin not allowed.
[INFO] No information on clock propagation in input SDC file-- propagating all clocks.
[INFO RSZ-0027] Inserted 1 input buffers.
[INFO RSZ-0028] Inserted 20 output buffers.
+ repair_design -verbose -max_wire_length 0 -slew_margin 20 -cap_margin 20
[INFO RSZ-0058] Using max wire length 5028um.
Iteration |   Area    | Resized | Buffers | Nets repaired | Remaining
---------------------------------------------------------------------
        0 |     +0.0% |       0 |       0 |             0 |       210
       10 |     -0.4% |       2 |       0 |             0 |       200
       20 |     -0.7% |       3 |       0 |             0 |       190
       30 |     -0.9% |       4 |       0 |             0 |       180
       40 |     -0.9% |       4 |       0 |             0 |       170
       50 |     -1.6% |       8 |       0 |             0 |       160
       60 |     -1.6% |       8 |       0 |             0 |       150
       70 |     -1.6% |       8 |       0 |             0 |       140
       80 |     -2.2% |      11 |       0 |             0 |       130
       90 |     -2.2% |      11 |       0 |             0 |       120
      100 |     -2.4% |      12 |       0 |             0 |       110
      110 |     -2.7% |      14 |       0 |             0 |       100
      120 |     -2.7% |      14 |       0 |             0 |        90
      130 |     -2.2% |      18 |       0 |             0 |        80
      140 |     -2.2% |      19 |       0 |             0 |        70
      150 |     -2.3% |      21 |       0 |             0 |        60
      160 |     -0.4% |      26 |       0 |             0 |        50
      170 |     +0.3% |      29 |       0 |             0 |        40
      180 |     +1.5% |      33 |       0 |             0 |        30
      190 |     +3.8% |      42 |       0 |             0 |        20
      200 |     +3.8% |      45 |       0 |             0 |        10
      210 |     +4.2% |      46 |       1 |             1 |         0
    final |     +4.2% |      46 |       1 |             1 |         0
---------------------------------------------------------------------
[INFO RSZ-0035] Found 1 fanout violations.
[INFO RSZ-0039] Resized 46 instances.
[INFO RSZ-0038] Inserted 1 buffers in 1 nets.
+ detailed_placement -max_displacement  500 100 
Placement Analysis
---------------------------------
total displacement       1101.2 u
average displacement        5.3 u
max displacement           33.1 u
original HPWL            3206.9 u
legalized HPWL           4266.7 u
delta HPWL                   33 %

[INFO DPL-0020] Mirrored 72 instances
[INFO DPL-0021] HPWL before            4266.7 u
[INFO DPL-0022] HPWL after             4193.0 u
[INFO DPL-0023] HPWL delta               -1.7 %
Setting global connections for newly added cells…
[INFO] Setting global connections...
Updating metrics…
Cell type report:                       Count       Area
  Timing Repair Buffer                     44     624.15
  Inverter                                 16      94.35
  Sequential cell                           9     444.53
  Multi-Input combinational cell          140    1391.64
  Total                                   209    2554.68
Writing OpenROAD database to '/home/designer/shared/BASIC/current_generator/digital/DigitalSine/runs/RUN_2026-03-06_21-23-06/32-openroad-repairdesignpostgpl/DigitalSine.odb'…
Writing netlist to '/home/designer/shared/BASIC/current_generator/digital/DigitalSine/runs/RUN_2026-03-06_21-23-06/32-openroad-repairdesignpostgpl/DigitalSine.nl.v'…
Writing powered netlist to '/home/designer/shared/BASIC/current_generator/digital/DigitalSine/runs/RUN_2026-03-06_21-23-06/32-openroad-repairdesignpostgpl/DigitalSine.pnl.v'…
Writing layout to '/home/designer/shared/BASIC/current_generator/digital/DigitalSine/runs/RUN_2026-03-06_21-23-06/32-openroad-repairdesignpostgpl/DigitalSine.def'…
Writing timing constraints to '/home/designer/shared/BASIC/current_generator/digital/DigitalSine/runs/RUN_2026-03-06_21-23-06/32-openroad-repairdesignpostgpl/DigitalSine.sdc'…
