Reading timing models for corner nom_typ_1p20V_25C…
Reading timing library for the 'nom_typ_1p20V_25C' corner at '/opt/pdks/ciel/ihp-sg13g2/versions/cb7daaa8901016cf7c5d272dfa322c41f024931f/ihp-sg13g2/libs.ref/sg13g2_stdcell/lib/sg13g2_stdcell_typ_1p20V_25C.lib'…
Reading OpenROAD database at '/home/designer/shared/Bioimpedance-ASIC-for-skin-cancer-detection/current_generator/digital/DigitalSine/runs/RUN_2025-12-14_12-30-34/42-openroad-repairantennas/1-diodeinsertion/DigitalSine.odb'…
Reading design constraints file at '/home/designer/shared/Bioimpedance-ASIC-for-skin-cancer-detection/current_generator/digital/DigitalSine/cons.sdc'…
[WARNING STA-0441] set_input_delay relative to a clock defined on the same port/pin not allowed.
[WARNING STA-0441] set_input_delay relative to a clock defined on the same port/pin not allowed.
[WARNING STA-0441] set_input_delay relative to a clock defined on the same port/pin not allowed.
[WARNING STA-0441] set_input_delay relative to a clock defined on the same port/pin not allowed.
[INFO] No information on clock propagation in input SDC file-- propagating all clocks.
[INFO] Setting signal min routing layer to: Metal2 and clock min routing layer to Metal2. 
[INFO] Setting signal max routing layer to: TopMetal2 and clock max routing layer to TopMetal2. 
+ global_route -congestion_iterations 50 -verbose
[INFO GRT-0020] Min routing layer: Metal2
[INFO GRT-0021] Max routing layer: TopMetal2
[INFO GRT-0022] Global adjustment: 30%
[INFO GRT-0023] Grid origin: (0, 0)
[INFO GRT-0088] Layer Metal1  Track-Pitch = 0.4200  line-2-Via Pitch: 0.3650
[INFO GRT-0088] Layer Metal2  Track-Pitch = 0.4800  line-2-Via Pitch: 0.4150
[INFO GRT-0088] Layer Metal3  Track-Pitch = 0.4200  line-2-Via Pitch: 0.4150
[INFO GRT-0088] Layer Metal4  Track-Pitch = 0.4800  line-2-Via Pitch: 0.4150
[INFO GRT-0088] Layer Metal5  Track-Pitch = 0.4200  line-2-Via Pitch: 0.6200
[INFO GRT-0088] Layer TopMetal1 Track-Pitch = 2.2800  line-2-Via Pitch: 3.4100
[INFO GRT-0088] Layer TopMetal2 Track-Pitch = 4.0000  line-2-Via Pitch: 3.9500
[INFO GRT-0003] Macros: 0
[WARNING GRT-0041] Net VPWR has wires/vias outside die area.
[WARNING GRT-0041] Net VPWR has wires/vias outside die area.
[WARNING GRT-0041] Net VPWR has wires/vias outside die area.
[WARNING GRT-0041] Net VPWR has wires/vias outside die area.
[WARNING GRT-0041] Net VPWR has wires/vias outside die area.
[WARNING GRT-0041] Net VPWR has wires/vias outside die area.
[WARNING GRT-0041] Net VPWR has wires/vias outside die area.
[WARNING GRT-0041] Net VPWR has wires/vias outside die area.
[WARNING GRT-0041] Net VPWR has wires/vias outside die area.
[WARNING GRT-0041] Net VPWR has wires/vias outside die area.
[WARNING GRT-0041] Net VPWR has wires/vias outside die area.
[WARNING GRT-0041] Net VPWR has wires/vias outside die area.
[WARNING GRT-0041] Net VPWR has wires/vias outside die area.
[WARNING GRT-0041] Net VPWR has wires/vias outside die area.
[WARNING GRT-0041] Net VPWR has wires/vias outside die area.
[WARNING GRT-0041] Net VPWR has wires/vias outside die area.
[WARNING GRT-0041] Net VPWR has wires/vias outside die area.
[WARNING GRT-0041] Net VGND has wires/vias outside die area.
[WARNING GRT-0041] Net VGND has wires/vias outside die area.
[WARNING GRT-0041] Net VGND has wires/vias outside die area.
[WARNING GRT-0041] Net VGND has wires/vias outside die area.
[WARNING GRT-0041] Net VGND has wires/vias outside die area.
[WARNING GRT-0041] Net VGND has wires/vias outside die area.
[WARNING GRT-0041] Net VGND has wires/vias outside die area.
[WARNING GRT-0041] Net VGND has wires/vias outside die area.
[WARNING GRT-0041] Net VGND has wires/vias outside die area.
[WARNING GRT-0041] Net VGND has wires/vias outside die area.
[WARNING GRT-0041] Net VGND has wires/vias outside die area.
[WARNING GRT-0041] Net VGND has wires/vias outside die area.
[WARNING GRT-0041] Net VGND has wires/vias outside die area.
[WARNING GRT-0041] Net VGND has wires/vias outside die area.
[WARNING GRT-0041] Net VGND has wires/vias outside die area.
[WARNING GRT-0041] Net VGND has wires/vias outside die area.
[WARNING GRT-0041] Net VGND has wires/vias outside die area.
[INFO GRT-0004] Blockages: 0
[INFO GRT-0019] Found 4 clock nets.
[INFO GRT-0001] Minimum degree: 2
[INFO GRT-0002] Maximum degree: 9

[INFO GRT-0053] Routing resources analysis:
          Routing      Original      Derated      Resource
Layer     Direction    Resources     Resources    Reduction (%)
---------------------------------------------------------------
Metal1     Horizontal          0             0          0.00%
Metal2     Vertical         1859          1111          40.24%
Metal3     Horizontal       2015          1224          39.26%
Metal4     Vertical         1859          1022          45.02%
Metal5     Horizontal       1430           684          52.17%
TopMetal1    Vertical          185           144          22.16%
TopMetal2    Horizontal        137           117          14.60%
---------------------------------------------------------------

[INFO GRT-0101] Running extra iterations to remove overflow.
[INFO GRT-0197] Via related to pin nodes: 1401
[INFO GRT-0198] Via related Steiner nodes: 19
[INFO GRT-0199] Via filling finished.
[INFO GRT-0111] Final number of vias: 1809
[INFO GRT-0112] Final usage 3D: 6548

[INFO GRT-0096] Final congestion report:
Layer         Resource        Demand        Usage (%)    Max H / Max V / Total Overflow
---------------------------------------------------------------------------------------
Metal1               0             0            0.00%             0 /  0 /  0
Metal2            1111           497           44.73%             0 /  0 /  0
Metal3            1224           443           36.19%             0 /  0 /  0
Metal4            1022           136           13.31%             0 /  0 /  0
Metal5             684            37            5.41%             0 /  0 /  0
TopMetal1            144             8            5.56%             0 /  0 /  0
TopMetal2            117             0            0.00%             0 /  0 /  0
---------------------------------------------------------------------------------------
Total             4302          1121           26.06%             0 /  0 /  0

[INFO GRT-0018] Total wirelength: 11088 um
[INFO GRT-0014] Routed nets: 246
[INFO ORD-0030] Using 12 thread(s).
+ detailed_route -bottom_routing_layer Metal2 -top_routing_layer TopMetal2 -droute_end_iter 64 -or_seed 42 -verbose 1 -output_drc /home/designer/shared/Bioimpedance-ASIC-for-skin-cancer-detection/current_generator/digital/DigitalSine/runs/RUN_2025-12-14_12-30-34/44-openroad-detailedrouting/drt-run-0/DigitalSine.drc
[INFO DRT-0149] Reading tech and libs.
[WARNING DRT-0349] LEF58_ENCLOSURE with no CUTCLASS is not supported. Skipping for layer Cont
[WARNING DRT-0349] LEF58_ENCLOSURE with no CUTCLASS is not supported. Skipping for layer Via1
[WARNING DRT-0349] LEF58_ENCLOSURE with no CUTCLASS is not supported. Skipping for layer Via1
[WARNING DRT-0349] LEF58_ENCLOSURE with no CUTCLASS is not supported. Skipping for layer Via2
[WARNING DRT-0349] LEF58_ENCLOSURE with no CUTCLASS is not supported. Skipping for layer Via3
[WARNING DRT-0349] LEF58_ENCLOSURE with no CUTCLASS is not supported. Skipping for layer Via4
[WARNING DRT-0349] LEF58_ENCLOSURE with no CUTCLASS is not supported. Skipping for layer TopVia1
[WARNING DRT-0349] LEF58_ENCLOSURE with no CUTCLASS is not supported. Skipping for layer TopVia1
[WARNING DRT-0349] LEF58_ENCLOSURE with no CUTCLASS is not supported. Skipping for layer TopVia2
[WARNING DRT-0349] LEF58_ENCLOSURE with no CUTCLASS is not supported. Skipping for layer TopVia2

Units:                1000
Number of layers:     15
Number of macros:     84
Number of vias:       77
Number of viarulegen: 6

[INFO DRT-0150] Reading design.

Design:                   DigitalSine
Die area:                 ( 0 0 ) ( 68110 86830 )
Number of track patterns: 14
Number of DEF vias:       0
Number of components:     245
Number of terminals:      39
Number of snets:          2
Number of nets:           246

[INFO DRT-0167] List of default vias:
  Layer Via2
    default via: Via2_YX
  Layer Via3
    default via: Via3_XY
  Layer Via4
    default via: Via4_YX
  Layer TopVia1
    default via: TopVia1EWNS
  Layer TopVia2
    default via: TopVia2EWNS
[INFO DRT-0162] Library cell analysis.
[INFO DRT-0163] Instance analysis.
[INFO DRT-0164] Number of unique instances = 77.
[INFO DRT-0168] Init region query.
[INFO DRT-0024]   Complete GatPoly.
[INFO DRT-0024]   Complete Cont.
[INFO DRT-0024]   Complete Metal1.
[INFO DRT-0024]   Complete Via1.
[INFO DRT-0024]   Complete Metal2.
[INFO DRT-0024]   Complete Via2.
[INFO DRT-0024]   Complete Metal3.
[INFO DRT-0024]   Complete Via3.
[INFO DRT-0024]   Complete Metal4.
[INFO DRT-0024]   Complete Via4.
[INFO DRT-0024]   Complete Metal5.
[INFO DRT-0024]   Complete TopVia1.
[INFO DRT-0024]   Complete TopMetal1.
[INFO DRT-0024]   Complete TopVia2.
[INFO DRT-0024]   Complete TopMetal2.
[INFO DRT-0033] GatPoly shape region query size = 0.
[INFO DRT-0033] Cont shape region query size = 0.
[INFO DRT-0033] Metal1 shape region query size = 4695.
[INFO DRT-0033] Via1 shape region query size = 75.
[INFO DRT-0033] Metal2 shape region query size = 63.
[INFO DRT-0033] Via2 shape region query size = 75.
[INFO DRT-0033] Metal3 shape region query size = 34.
[INFO DRT-0033] Via3 shape region query size = 75.
[INFO DRT-0033] Metal4 shape region query size = 45.
[INFO DRT-0033] Via4 shape region query size = 288.
[INFO DRT-0033] Metal5 shape region query size = 30.
[INFO DRT-0033] TopVia1 shape region query size = 0.
[INFO DRT-0033] TopMetal1 shape region query size = 0.
[INFO DRT-0033] TopVia2 shape region query size = 0.
[INFO DRT-0033] TopMetal2 shape region query size = 0.
[INFO DRT-0165] Start pin access.
[INFO DRT-0078]   Complete 396 pins.
[INFO DRT-0081]   Complete 77 unique inst patterns.
[INFO DRT-0084]   Complete 54 groups.
#scanned instances     = 245
#unique  instances     = 77
#stdCellGenAp          = 3272
#stdCellValidPlanarAp  = 0
#stdCellValidViaAp     = 2614
#stdCellPinNoAp        = 0
#stdCellPinCnt         = 732
#instTermValidViaApCnt = 0
#macroGenAp            = 0
#macroValidPlanarAp    = 0
#macroValidViaAp       = 0
#macroNoAp             = 0
[INFO DRT-0166] Complete pin access.
[INFO DRT-0267] cpu time = 00:00:23, elapsed time = 00:00:02, memory = 181.43 (MB), peak = 181.43 (MB)

[INFO DRT-0157] Number of guides:     1932

[INFO DRT-0169] Post process guides.
[INFO DRT-0176] GCELLGRID X 0 DO 10 STEP 6300 ;
[INFO DRT-0177] GCELLGRID Y 0 DO 13 STEP 6300 ;
[INFO DRT-0028]   Complete GatPoly.
[INFO DRT-0028]   Complete Cont.
[INFO DRT-0028]   Complete Metal1.
[INFO DRT-0028]   Complete Via1.
[INFO DRT-0028]   Complete Metal2.
[INFO DRT-0028]   Complete Via2.
[INFO DRT-0028]   Complete Metal3.
[INFO DRT-0028]   Complete Via3.
[INFO DRT-0028]   Complete Metal4.
[INFO DRT-0028]   Complete Via4.
[INFO DRT-0028]   Complete Metal5.
[INFO DRT-0028]   Complete TopVia1.
[INFO DRT-0028]   Complete TopMetal1.
[INFO DRT-0028]   Complete TopVia2.
[INFO DRT-0028]   Complete TopMetal2.
[INFO DRT-0178] Init guide query.
[INFO DRT-0035]   Complete GatPoly (guide).
[INFO DRT-0035]   Complete Cont (guide).
[INFO DRT-0035]   Complete Metal1 (guide).
[INFO DRT-0035]   Complete Via1 (guide).
[INFO DRT-0035]   Complete Metal2 (guide).
[INFO DRT-0035]   Complete Via2 (guide).
[INFO DRT-0035]   Complete Metal3 (guide).
[INFO DRT-0035]   Complete Via3 (guide).
[INFO DRT-0035]   Complete Metal4 (guide).
[INFO DRT-0035]   Complete Via4 (guide).
[INFO DRT-0035]   Complete Metal5 (guide).
[INFO DRT-0035]   Complete TopVia1 (guide).
[INFO DRT-0035]   Complete TopMetal1 (guide).
[INFO DRT-0035]   Complete TopVia2 (guide).
[INFO DRT-0035]   Complete TopMetal2 (guide).
[INFO DRT-0036] GatPoly guide region query size = 0.
[INFO DRT-0036] Cont guide region query size = 0.
[INFO DRT-0036] Metal1 guide region query size = 652.
[INFO DRT-0036] Via1 guide region query size = 0.
[INFO DRT-0036] Metal2 guide region query size = 607.
[INFO DRT-0036] Via2 guide region query size = 0.
[INFO DRT-0036] Metal3 guide region query size = 317.
[INFO DRT-0036] Via3 guide region query size = 0.
[INFO DRT-0036] Metal4 guide region query size = 49.
[INFO DRT-0036] Via4 guide region query size = 0.
[INFO DRT-0036] Metal5 guide region query size = 12.
[INFO DRT-0036] TopVia1 guide region query size = 0.
[INFO DRT-0036] TopMetal1 guide region query size = 2.
[INFO DRT-0036] TopVia2 guide region query size = 0.
[INFO DRT-0036] TopMetal2 guide region query size = 0.
[INFO DRT-0179] Init gr pin query.
[INFO DRT-0267] cpu time = 00:00:00, elapsed time = 00:00:00, memory = 181.43 (MB), peak = 181.43 (MB)
[INFO DRT-0245] skipped writing guide updates to database.
[INFO DRT-0185] Post process initialize RPin region query.
[INFO DRT-0181] Start track assignment.
[INFO DRT-0184] Done with 658 vertical wires in 1 frboxes and 981 horizontal wires in 1 frboxes.
[INFO DRT-0186] Done with 284 vertical wires in 1 frboxes and 176 horizontal wires in 1 frboxes.
[INFO DRT-0182] Complete track assignment.
[INFO DRT-0267] cpu time = 00:00:01, elapsed time = 00:00:00, memory = 186.80 (MB), peak = 186.80 (MB)
[INFO DRT-0187] Start routing data preparation.
[INFO DRT-0267] cpu time = 00:00:00, elapsed time = 00:00:00, memory = 186.93 (MB), peak = 186.93 (MB)
[INFO DRT-0194] Start detail routing.
[INFO DRT-0195] Start 0th optimization iteration.
    Completing 20% with 0 violations.
    elapsed time = 00:00:06, memory = 187.41 (MB).
    Completing 50% with 68 violations.
    elapsed time = 00:00:09, memory = 188.11 (MB).
    Completing 70% with 101 violations.
    elapsed time = 00:00:09, memory = 199.74 (MB).
    Completing 100% with 108 violations.
    elapsed time = 00:00:09, memory = 208.61 (MB).
[INFO DRT-0199]   Number of violations = 118.
Viol/Layer      Metal2 Metal3 Metal4 Metal5
Metal Spacing       38      1      0      0
Recheck              4      2      3      1
Short               65      3      1      0
[INFO DRT-0267] cpu time = 00:00:19, elapsed time = 00:00:10, memory = 600.86 (MB), peak = 600.86 (MB)
Total wire length = 7796 um.
Total wire length on LAYER Metal1 = 0 um.
Total wire length on LAYER Metal2 = 3534 um.
Total wire length on LAYER Metal3 = 2968 um.
Total wire length on LAYER Metal4 = 982 um.
Total wire length on LAYER Metal5 = 253 um.
Total wire length on LAYER TopMetal1 = 57 um.
Total wire length on LAYER TopMetal2 = 0 um.
Total number of vias = 1684.
Up-via summary (total 1684):

------------------
   GatPoly       0
    Metal1     739
    Metal2     769
    Metal3     146
    Metal4      26
    Metal5       4
 TopMetal1       0
------------------
          1684


[INFO DRT-0195] Start 1st optimization iteration.
    Completing 10% with 118 violations.
    elapsed time = 00:00:00, memory = 534.50 (MB).
    Completing 30% with 118 violations.
    elapsed time = 00:00:00, memory = 534.50 (MB).
    Completing 50% with 116 violations.
    elapsed time = 00:00:04, memory = 566.16 (MB).
    Completing 60% with 101 violations.
    elapsed time = 00:00:04, memory = 567.04 (MB).
    Completing 80% with 101 violations.
    elapsed time = 00:00:05, memory = 567.04 (MB).
    Completing 100% with 87 violations.
    elapsed time = 00:00:08, memory = 585.79 (MB).
[INFO DRT-0199]   Number of violations = 87.
Viol/Layer      Metal2 Metal3
Metal Spacing       30      0
Short               53      4
[INFO DRT-0267] cpu time = 00:00:17, elapsed time = 00:00:08, memory = 652.54 (MB), peak = 652.54 (MB)
Total wire length = 7793 um.
Total wire length on LAYER Metal1 = 0 um.
Total wire length on LAYER Metal2 = 3439 um.
Total wire length on LAYER Metal3 = 3001 um.
Total wire length on LAYER Metal4 = 1098 um.
Total wire length on LAYER Metal5 = 227 um.
Total wire length on LAYER TopMetal1 = 26 um.
Total wire length on LAYER TopMetal2 = 0 um.
Total number of vias = 1668.
Up-via summary (total 1668):

------------------
   GatPoly       0
    Metal1     739
    Metal2     748
    Metal3     157
    Metal4      22
    Metal5       2
 TopMetal1       0
------------------
          1668


[INFO DRT-0195] Start 2nd optimization iteration.
    Completing 10% with 87 violations.
    elapsed time = 00:00:00, memory = 652.54 (MB).
    Completing 20% with 87 violations.
    elapsed time = 00:00:00, memory = 652.54 (MB).
    Completing 30% with 87 violations.
    elapsed time = 00:00:00, memory = 652.54 (MB).
    Completing 40% with 87 violations.
    elapsed time = 00:00:00, memory = 652.54 (MB).
    Completing 50% with 83 violations.
    elapsed time = 00:00:00, memory = 652.54 (MB).
    Completing 60% with 83 violations.
    elapsed time = 00:00:00, memory = 652.54 (MB).
    Completing 70% with 95 violations.
    elapsed time = 00:00:00, memory = 652.54 (MB).
    Completing 80% with 95 violations.
    elapsed time = 00:00:01, memory = 671.79 (MB).
    Completing 100% with 86 violations.
    elapsed time = 00:00:08, memory = 691.39 (MB).
[INFO DRT-0199]   Number of violations = 86.
Viol/Layer      Metal2 Metal3
Metal Spacing       29      0
Short               56      1
[INFO DRT-0267] cpu time = 00:00:16, elapsed time = 00:00:08, memory = 627.47 (MB), peak = 736.29 (MB)
Total wire length = 7764 um.
Total wire length on LAYER Metal1 = 0 um.
Total wire length on LAYER Metal2 = 3425 um.
Total wire length on LAYER Metal3 = 2980 um.
Total wire length on LAYER Metal4 = 1097 um.
Total wire length on LAYER Metal5 = 233 um.
Total wire length on LAYER TopMetal1 = 26 um.
Total wire length on LAYER TopMetal2 = 0 um.
Total number of vias = 1663.
Up-via summary (total 1663):

------------------
   GatPoly       0
    Metal1     739
    Metal2     742
    Metal3     156
    Metal4      24
    Metal5       2
 TopMetal1       0
------------------
          1663


[INFO DRT-0195] Start 3rd optimization iteration.
    Completing 20% with 86 violations.
    elapsed time = 00:00:05, memory = 627.47 (MB).
    Completing 50% with 62 violations.
    elapsed time = 00:00:06, memory = 665.84 (MB).
    Completing 70% with 25 violations.
    elapsed time = 00:00:06, memory = 665.84 (MB).
    Completing 100% with 23 violations.
    elapsed time = 00:00:06, memory = 674.97 (MB).
[INFO DRT-0199]   Number of violations = 23.
Viol/Layer      Metal2
Metal Spacing        3
Short               20
[INFO DRT-0267] cpu time = 00:00:15, elapsed time = 00:00:06, memory = 738.97 (MB), peak = 738.97 (MB)
Total wire length = 7753 um.
Total wire length on LAYER Metal1 = 0 um.
Total wire length on LAYER Metal2 = 3278 um.
Total wire length on LAYER Metal3 = 2900 um.
Total wire length on LAYER Metal4 = 1239 um.
Total wire length on LAYER Metal5 = 334 um.
Total wire length on LAYER TopMetal1 = 0 um.
Total wire length on LAYER TopMetal2 = 0 um.
Total number of vias = 1723.
Up-via summary (total 1723):

------------------
   GatPoly       0
    Metal1     737
    Metal2     761
    Metal3     184
    Metal4      41
    Metal5       0
 TopMetal1       0
------------------
          1723


[INFO DRT-0195] Start 4th optimization iteration.
    Completing 20% with 23 violations.
    elapsed time = 00:00:00, memory = 738.97 (MB).
    Completing 50% with 23 violations.
    elapsed time = 00:00:00, memory = 738.97 (MB).
    Completing 70% with 4 violations.
    elapsed time = 00:00:00, memory = 738.97 (MB).
    Completing 100% with 0 violations.
    elapsed time = 00:00:00, memory = 738.97 (MB).
[INFO DRT-0199]   Number of violations = 0.
[INFO DRT-0267] cpu time = 00:00:05, elapsed time = 00:00:00, memory = 671.88 (MB), peak = 767.22 (MB)
Total wire length = 7739 um.
Total wire length on LAYER Metal1 = 0 um.
Total wire length on LAYER Metal2 = 3229 um.
Total wire length on LAYER Metal3 = 2900 um.
Total wire length on LAYER Metal4 = 1279 um.
Total wire length on LAYER Metal5 = 329 um.
Total wire length on LAYER TopMetal1 = 0 um.
Total wire length on LAYER TopMetal2 = 0 um.
Total number of vias = 1730.
Up-via summary (total 1730):

------------------
   GatPoly       0
    Metal1     738
    Metal2     760
    Metal3     191
    Metal4      41
    Metal5       0
 TopMetal1       0
------------------
          1730


[INFO DRT-0198] Complete detail routing.
Total wire length = 7739 um.
Total wire length on LAYER Metal1 = 0 um.
Total wire length on LAYER Metal2 = 3229 um.
Total wire length on LAYER Metal3 = 2900 um.
Total wire length on LAYER Metal4 = 1279 um.
Total wire length on LAYER Metal5 = 329 um.
Total wire length on LAYER TopMetal1 = 0 um.
Total wire length on LAYER TopMetal2 = 0 um.
Total number of vias = 1730.
Up-via summary (total 1730):

------------------
   GatPoly       0
    Metal1     738
    Metal2     760
    Metal3     191
    Metal4      41
    Metal5       0
 TopMetal1       0
------------------
          1730


[INFO DRT-0267] cpu time = 00:01:15, elapsed time = 00:00:34, memory = 672.00 (MB), peak = 767.22 (MB)

[INFO DRT-0180] Post processing.
+ check_antennas 
[INFO ANT-0002] Found 0 net violations.
[INFO ANT-0001] Found 0 pin violations.
Setting global connections for newly added cells…
[INFO] Setting global connections...
Updating metrics…
Cell type report:                       Count       Area
  Clock buffer                              3      70.76
  Timing Repair Buffer                     64     800.15
  Inverter                                 15      87.09
  Clock inverter                            1       5.44
  Sequential cell                           9     442.71
  Multi-Input combinational cell          153    1426.12
  Total                                   245    2832.28
Writing OpenROAD database to '/home/designer/shared/Bioimpedance-ASIC-for-skin-cancer-detection/current_generator/digital/DigitalSine/runs/RUN_2025-12-14_12-30-34/44-openroad-detailedrouting/DigitalSine.odb'…
Writing netlist to '/home/designer/shared/Bioimpedance-ASIC-for-skin-cancer-detection/current_generator/digital/DigitalSine/runs/RUN_2025-12-14_12-30-34/44-openroad-detailedrouting/DigitalSine.nl.v'…
Writing powered netlist to '/home/designer/shared/Bioimpedance-ASIC-for-skin-cancer-detection/current_generator/digital/DigitalSine/runs/RUN_2025-12-14_12-30-34/44-openroad-detailedrouting/DigitalSine.pnl.v'…
Writing layout to '/home/designer/shared/Bioimpedance-ASIC-for-skin-cancer-detection/current_generator/digital/DigitalSine/runs/RUN_2025-12-14_12-30-34/44-openroad-detailedrouting/DigitalSine.def'…
Writing timing constraints to '/home/designer/shared/Bioimpedance-ASIC-for-skin-cancer-detection/current_generator/digital/DigitalSine/runs/RUN_2025-12-14_12-30-34/44-openroad-detailedrouting/DigitalSine.sdc'…
