Clock: clk
Sources: clk 
Generated: no
Virtual: yes
Propagated: no
Period: 5.000000

===========================================================================
report_clock_properties
============================================================================
Clock                   Period          Waveform
----------------------------------------------------
clk                   5.000000    0.000000  2.500000

===========================================================================
report_clock_latency
============================================================================
Clock clk
rise -> rise
    min     max
0.000000 0.000000 source latency
0.087117         network latency _298_/CLK
        0.088540 network latency _295_/CLK
---------------
0.087117 0.088540 latency
        0.001423 skew

fall -> fall
    min     max
0.000000 0.000000 source latency
0.092494         network latency _298_/CLK
        0.093741 network latency _295_/CLK
---------------
0.092494 0.093741 latency
        0.001246 skew



===========================================================================
report_clock_min_period
============================================================================
clk period_min = 1.47 fmax = 681.08
