Clock: clk
Sources: clk 
Generated: no
Virtual: yes
Propagated: no
Period: 5.000000

===========================================================================
report_clock_properties
============================================================================
Clock                   Period          Waveform
----------------------------------------------------
clk                   5.000000    0.000000  2.500000

===========================================================================
report_clock_latency
============================================================================
Clock clk
rise -> rise
    min     max
0.000000 0.000000 source latency
0.000338         network latency _298_/CLK
        0.000510 network latency _300_/CLK
---------------
0.000338 0.000510 latency
        0.000172 skew

fall -> fall
    min     max
0.000000 0.000000 source latency
0.000302         network latency _298_/CLK
        0.000455 network latency _300_/CLK
---------------
0.000302 0.000455 latency
        0.000152 skew



===========================================================================
report_clock_min_period
============================================================================
clk period_min = 1.64 fmax = 608.06
