Clock: clk
Sources: clk 
Generated: no
Virtual: no
Propagated: no
Period: 5.000000

===========================================================================
report_clock_properties
============================================================================
Clock                   Period          Waveform
----------------------------------------------------
clk                   5.000000    0.000000  2.500000

===========================================================================
report_clock_latency
============================================================================
Clock clk
rise -> rise
    min     max
0.000000 0.000000 source latency
0.015419         network latency _293_/CLK
        0.015419 network latency _293_/CLK
---------------
0.015419 0.015419 latency
        0.000000 skew

fall -> fall
    min     max
0.000000 0.000000 source latency
0.011520         network latency _293_/CLK
        0.011520 network latency _293_/CLK
---------------
0.011520 0.011520 latency
        0.000000 skew



===========================================================================
report_clock_min_period
============================================================================
clk period_min = 1.16 fmax = 864.85
