Reading timing models for corner nom_typ_1p20V_25C…
Reading timing library for the 'nom_typ_1p20V_25C' corner at '/opt/pdks/ciel/ihp-sg13g2/versions/cb7daaa8901016cf7c5d272dfa322c41f024931f/ihp-sg13g2/libs.ref/sg13g2_stdcell/lib/sg13g2_stdcell_typ_1p20V_25C.lib'…
Reading OpenROAD database at '/home/designer/shared/Bioimpedance-ASIC-for-skin-cancer-detection/current_generator/digital/DigitalSine/runs/RUN_2025-12-12_17-16-50/26-odb-customioplacement/DigitalSine.odb'…
Reading design constraints file at '/nix/store/sfc122jplczjy5i6pd5radwb3k94mh33-python3.12-librelane-3.0.0.dev45/lib/python3.12/site-packages/librelane/scripts/base.sdc'…
[INFO] Using clock clk…
[INFO] Setting output delay to: 1
[INFO] Setting input delay to: 1
[INFO] Setting load to: 0.006
[INFO] Setting clock uncertainty to: 0.25
[INFO] Setting clock transition to: 0.15
[INFO] Setting timing derate to: 5%
[INFO] Setting signal min routing layer to: Metal2 and clock min routing layer to Metal2. 
[INFO] Setting signal max routing layer to: TopMetal2 and clock max routing layer to TopMetal2. 
+ global_placement -density 0.74652 -timing_driven -routability_driven -pad_right 0 -pad_left 0 -init_wirelength_coef 0.25
[INFO GPL-0002] DBU: 1000
[INFO GPL-0003] SiteSize: (  0.480  3.780 ) um
[INFO GPL-0004] CoreBBox: (  5.760 15.120 ) ( 61.920 68.040 ) um
[INFO GPL-0006] Number of instances:               177
[INFO GPL-0007] Movable instances:                 177
[INFO GPL-0008] Fixed instances:                     0
[INFO GPL-0009] Dummy instances:                     0
[INFO GPL-0010] Number of nets:                    179
[INFO GPL-0011] Number of pins:                    634
[INFO GPL-0012] Die BBox:  (  0.000  0.000 ) ( 68.110 86.830 ) um
[INFO GPL-0013] Core BBox: (  5.760 15.120 ) ( 61.920 68.040 ) um
[INFO GPL-0016] Core area:                    2971.987 um^2
[INFO GPL-0017] Fixed instances area:            0.000 um^2
[INFO GPL-0018] Movable instances area:       1921.450 um^2
[INFO GPL-0019] Utilization:                    64.652 %
[INFO GPL-0020] Standard cells area:          1921.450 um^2
[INFO GPL-0021] Large instances area:            0.000 um^2
[InitialPlace]  Iter: 1 conjugate gradient residual: 0.00000009 HPWL: 5634630
[InitialPlace]  Iter: 2 conjugate gradient residual: 0.00000011 HPWL: 2551231
[InitialPlace]  Iter: 3 conjugate gradient residual: 0.00000011 HPWL: 2246322
[InitialPlace]  Iter: 4 conjugate gradient residual: 0.00000010 HPWL: 2229123
[InitialPlace]  Iter: 5 conjugate gradient residual: 0.00000011 HPWL: 2230084
[INFO GPL-0023] Placement target density:       0.7465
[INFO GPL-0024] Movable insts average area:     10.856 um^2
[INFO GPL-0025] Ideal bin area:                 14.542 um^2
[INFO GPL-0026] Ideal bin count:                   204
[INFO GPL-0027] Total bin area:               2971.987 um^2
[INFO GPL-0028] Bin count (X, Y):           8 ,      8
[INFO GPL-0029] Bin size (W * H):       7.020 *  6.615 um
[INFO GPL-0030] Number of bins:                     64
[INFO GPL-0031] HPWL: Half-Perimeter Wirelength
Iteration | Overflow |     HPWL (um) |  HPWL(%) |   Penalty | Group
---------------------------------------------------------------
        1 |   0.8456 |  1.774312e+06 |   +0.00% |  4.58e-14 |      
       10 |   0.7885 |  1.881669e+06 |   +6.05% |  7.10e-14 |      
[INFO GPL-0100] Timing-driven iteration 1/5, virtual: true.
[INFO GPL-0101]    Iter: 11, overflow: 0.780, keep resizer changes at: 0.3, HPWL: 1889017
Iteration |   Area    | Resized | Buffers | Nets repaired | Remaining
---------------------------------------------------------------------
        0 |     +0.0% |       0 |       0 |             0 |       179
    final |    +16.9% |      33 |      26 |            10 |         0
---------------------------------------------------------------------
[INFO RSZ-0035] Found 10 fanout violations.
[INFO RSZ-0039] Resized 33 instances.
[INFO RSZ-0038] Inserted 26 buffers in 10 nets.
[INFO GPL-0106] Timing-driven: worst slack 2.57e-09
Iteration | Overflow |     HPWL (um) |  HPWL(%) |   Penalty | Group
---------------------------------------------------------------
       20 |   0.7564 |  2.046962e+06 |   +8.78% |  1.16e-13 |      
       30 |   0.7563 |  2.028061e+06 |   -0.92% |  1.88e-13 |      
       40 |   0.7572 |  2.021523e+06 |   -0.32% |  3.07e-13 |      
       50 |   0.7525 |  2.013639e+06 |   -0.39% |  5.00e-13 |      
       60 |   0.7534 |  2.010897e+06 |   -0.14% |  8.15e-13 |      
       70 |   0.7566 |  2.013654e+06 |   +0.14% |  1.33e-12 |      
       80 |   0.7583 |  2.016957e+06 |   +0.16% |  2.16e-12 |      
       90 |   0.7583 |  2.018594e+06 |   +0.08% |  3.52e-12 |      
      100 |   0.7570 |  2.019716e+06 |   +0.06% |  5.73e-12 |      
      110 |   0.7545 |  2.022480e+06 |   +0.14% |  9.34e-12 |      
      120 |   0.7516 |  2.027499e+06 |   +0.25% |  1.52e-11 |      
      130 |   0.7510 |  2.035506e+06 |   +0.39% |  2.48e-11 |      
      140 |   0.7503 |  2.048423e+06 |   +0.63% |  4.04e-11 |      
      150 |   0.7485 |  2.069191e+06 |   +1.01% |  6.58e-11 |      
      160 |   0.7392 |  2.101132e+06 |   +1.54% |  1.07e-10 |      
      170 |   0.7039 |  2.140730e+06 |   +1.88% |  1.74e-10 |      
      180 |   0.6906 |  2.181361e+06 |   +1.90% |  2.84e-10 |      
      190 |   0.6714 |  2.235697e+06 |   +2.49% |  4.63e-10 |      
[INFO GPL-0100] Timing-driven iteration 2/5, virtual: true.
[INFO GPL-0101]    Iter: 197, overflow: 0.633, keep resizer changes at: 0.3, HPWL: 2281008
Iteration |   Area    | Resized | Buffers | Nets repaired | Remaining
---------------------------------------------------------------------
        0 |     +0.0% |       0 |       0 |             0 |       179
    final |    +17.9% |      36 |      28 |            10 |         0
---------------------------------------------------------------------
[INFO RSZ-0035] Found 10 fanout violations.
[INFO RSZ-0039] Resized 36 instances.
[INFO RSZ-0038] Inserted 28 buffers in 10 nets.
[INFO GPL-0106] Timing-driven: worst slack 2.54e-09
Iteration | Overflow |     HPWL (um) |  HPWL(%) |   Penalty | Group
---------------------------------------------------------------
      200 |   0.6332 |  2.310024e+06 |   +3.32% |  7.54e-10 |      
      210 |   0.6154 |  2.392913e+06 |   +3.59% |  1.23e-09 |      
[INFO GPL-0088] Routability snapshot saved at iter = 215
      220 |   0.5814 |  2.439782e+06 |   +1.96% |  2.00e-09 |      
      230 |   0.5502 |  2.530275e+06 |   +3.71% |  3.26e-09 |      
      240 |   0.5100 |  2.611926e+06 |   +3.23% |  5.31e-09 |      
      250 |   0.4695 |  2.663009e+06 |   +1.96% |  8.65e-09 |      
      260 |   0.4251 |  2.741981e+06 |   +2.97% |  1.41e-08 |      
      270 |   0.3707 |  2.822938e+06 |   +2.95% |  2.29e-08 |      
      280 |   0.3240 |  2.873375e+06 |   +1.79% |  3.63e-08 |      
[INFO GPL-0040] Routability iteration: 1
[INFO GPL-0041] Total routing overflow: 0.0374
[INFO GPL-0042] Number of overflowed tiles: 1 (0.77%)
[INFO GPL-0043] Average top 0.5% routing congestion: 1.0374
[INFO GPL-0044] Average top 1.0% routing congestion: 1.0161
[INFO GPL-0045] Average top 2.0% routing congestion: 0.9184
[INFO GPL-0046] Average top 5.0% routing congestion: 0.7835
[INFO GPL-0047] Routability iteration weighted routing congestion: 1.0267
[INFO GPL-0048] Routing congestion (1.0267) lower than previous minimum (1e+30). Updating minimum.
[INFO GPL-0051] Inflated area:                  19.197 um^2 (+1.00%)
[INFO GPL-0052] Placement target density:       0.7465
[INFO GPL-0058] White space area:             2971.987 um^2 (+0.00%)
[INFO GPL-0059] Movable instances area:       2237.844 um^2 (+0.87%)
[INFO GPL-0060] Total filler area:             297.198 um^2 (-0.00%)
[INFO GPL-0061] Total non-inflated area:      2237.844 um^2 (+0.87%)
[INFO GPL-0062] Total inflated area:          2257.041 um^2 (+0.86%)
[INFO GPL-0063] New Target Density:             0.7530
[INFO GPL-0089] Routability end iteration: revert back to snapshot
Iteration | Overflow |     HPWL (um) |  HPWL(%) |   Penalty | Group
---------------------------------------------------------------
      290 |   0.5899 |  2.419603e+06 |  -15.79% |  1.80e-09 |      
      300 |   0.5583 |  2.508877e+06 |   +3.69% |  2.65e-09 |      
      310 |   0.5381 |  2.565404e+06 |   +2.25% |  3.90e-09 |      
      320 |   0.5037 |  2.622320e+06 |   +2.22% |  5.74e-09 |      
      330 |   0.4689 |  2.671000e+06 |   +1.86% |  8.46e-09 |      
      340 |   0.4343 |  2.736735e+06 |   +2.46% |  1.25e-08 |      
      350 |   0.3931 |  2.790820e+06 |   +1.98% |  1.84e-08 |      
      360 |   0.3505 |  2.828795e+06 |   +1.36% |  2.70e-08 |      
      370 |   0.3162 |  2.878574e+06 |   +1.76% |  3.98e-08 |      
[INFO GPL-0040] Routability iteration: 2
[INFO GPL-0041] Total routing overflow: 0.0228
[INFO GPL-0042] Number of overflowed tiles: 1 (0.77%)
[INFO GPL-0043] Average top 0.5% routing congestion: 1.0228
[INFO GPL-0044] Average top 1.0% routing congestion: 1.0026
[INFO GPL-0045] Average top 2.0% routing congestion: 0.9157
[INFO GPL-0046] Average top 5.0% routing congestion: 0.7863
[INFO GPL-0047] Routability iteration weighted routing congestion: 1.0127
[INFO GPL-0048] Routing congestion (1.0127) lower than previous minimum (1.027). Updating minimum.
[INFO GPL-0051] Inflated area:                  12.785 um^2 (+0.66%)
[INFO GPL-0052] Placement target density:       0.7530
[INFO GPL-0058] White space area:             2971.987 um^2 (+0.00%)
[INFO GPL-0059] Movable instances area:       2250.629 um^2 (+0.57%)
[INFO GPL-0060] Total filler area:             297.198 um^2 (-0.00%)
[INFO GPL-0061] Total non-inflated area:      2250.629 um^2 (+0.57%)
[INFO GPL-0062] Total inflated area:          2263.414 um^2 (+0.57%)
[INFO GPL-0063] New Target Density:             0.7573
[INFO GPL-0089] Routability end iteration: revert back to snapshot
Iteration | Overflow |     HPWL (um) |  HPWL(%) |   Penalty | Group
---------------------------------------------------------------
      380 |   0.5746 |  2.464487e+06 |  -14.39% |  2.10e-09 |      
      390 |   0.5540 |  2.535878e+06 |   +2.90% |  3.09e-09 |      
      400 |   0.5271 |  2.594489e+06 |   +2.31% |  4.55e-09 |      
      410 |   0.4885 |  2.643296e+06 |   +1.88% |  6.71e-09 |      
      420 |   0.4545 |  2.700771e+06 |   +2.17% |  9.88e-09 |      
      430 |   0.4181 |  2.767546e+06 |   +2.47% |  1.46e-08 |      
      440 |   0.3745 |  2.812652e+06 |   +1.63% |  2.14e-08 |      
      450 |   0.3387 |  2.848464e+06 |   +1.27% |  3.16e-08 |      
      460 |   0.2997 |  2.906598e+06 |   +2.04% |  4.65e-08 |      
[INFO GPL-0040] Routability iteration: 3
[INFO GPL-0041] Total routing overflow: 0.0242
[INFO GPL-0042] Number of overflowed tiles: 1 (0.77%)
[INFO GPL-0043] Average top 0.5% routing congestion: 1.0242
[INFO GPL-0044] Average top 1.0% routing congestion: 0.9969
[INFO GPL-0045] Average top 2.0% routing congestion: 0.9136
[INFO GPL-0046] Average top 5.0% routing congestion: 0.7858
[INFO GPL-0047] Routability iteration weighted routing congestion: 1.0105
[INFO GPL-0048] Routing congestion (1.0105) lower than previous minimum (1.013). Updating minimum.
[INFO GPL-0051] Inflated area:                  13.793 um^2 (+0.71%)
[INFO GPL-0052] Placement target density:       0.7573
[INFO GPL-0058] White space area:             2971.987 um^2 (+0.00%)
[INFO GPL-0059] Movable instances area:       2264.422 um^2 (+0.61%)
[INFO GPL-0060] Total filler area:             297.198 um^2 (+0.00%)
[INFO GPL-0061] Total non-inflated area:      2264.422 um^2 (+0.61%)
[INFO GPL-0062] Total inflated area:          2278.215 um^2 (+0.61%)
[INFO GPL-0063] New Target Density:             0.7619
[INFO GPL-0089] Routability end iteration: revert back to snapshot
Iteration | Overflow |     HPWL (um) |  HPWL(%) |   Penalty | Group
---------------------------------------------------------------
      470 |   0.5612 |  2.505553e+06 |  -13.80% |  2.45e-09 |      
      480 |   0.5443 |  2.565765e+06 |   +2.40% |  3.61e-09 |      
      490 |   0.5106 |  2.621354e+06 |   +2.17% |  5.32e-09 |      
      500 |   0.4746 |  2.667705e+06 |   +1.77% |  7.83e-09 |      
      510 |   0.4406 |  2.736696e+06 |   +2.59% |  1.15e-08 |      
      520 |   0.3999 |  2.791589e+06 |   +2.01% |  1.70e-08 |      
      530 |   0.3561 |  2.831269e+06 |   +1.42% |  2.50e-08 |      
      540 |   0.3211 |  2.878027e+06 |   +1.65% |  3.69e-08 |      
[INFO GPL-0040] Routability iteration: 4
[INFO GPL-0041] Total routing overflow: 0.0232
[INFO GPL-0042] Number of overflowed tiles: 1 (0.77%)
[INFO GPL-0043] Average top 0.5% routing congestion: 1.0232
[INFO GPL-0044] Average top 1.0% routing congestion: 0.9891
[INFO GPL-0045] Average top 2.0% routing congestion: 0.9101
[INFO GPL-0046] Average top 5.0% routing congestion: 0.7851
[INFO GPL-0047] Routability iteration weighted routing congestion: 1.0061
[INFO GPL-0050] Weighted routing congestion is lower than target routing congestion(1.0100), end routability optimization.
Iteration | Overflow |     HPWL (um) |  HPWL(%) |   Penalty | Group
---------------------------------------------------------------
      550 |   0.2867 |  2.927621e+06 |   +1.72% |  5.43e-08 |      
[INFO GPL-0100] Timing-driven iteration 3/5, virtual: false.
[INFO GPL-0101]    Iter: 551, overflow: 0.284, keep resizer changes at: 0.3, HPWL: 2932571
Iteration |   Area    | Resized | Buffers | Nets repaired | Remaining
---------------------------------------------------------------------
        0 |     +0.0% |       0 |       0 |             0 |       179
    final |    +18.9% |      41 |      25 |            10 |         0
---------------------------------------------------------------------
[INFO RSZ-0035] Found 10 fanout violations.
[INFO RSZ-0039] Resized 41 instances.
[INFO RSZ-0038] Inserted 25 buffers in 10 nets.
[INFO GPL-0106] Timing-driven: worst slack 2.66e-09
[INFO GPL-0107] Timing-driven: repair_design delta area: 362.880 um^2 (+18.45%)
[INFO GPL-0108] Timing-driven: repair_design, gpl cells created: 25 (+0.00%)
[INFO GPL-0109] Timing-driven: inserted buffers as reported by repair_design: 25
[INFO GPL-0110] Timing-driven: new target density: 0.88402194
Iteration | Overflow |     HPWL (um) |  HPWL(%) |   Penalty | Group
---------------------------------------------------------------
      560 |   0.2611 |  2.215992e+06 |  -24.31% |  8.00e-08 |      
      570 |   0.2332 |  2.239833e+06 |   +1.08% |  1.18e-07 |      
      580 |   0.2062 |  2.247330e+06 |   +0.33% |  1.74e-07 |      
[INFO GPL-0100] Timing-driven iteration 4/5, virtual: false.
[INFO GPL-0101]    Iter: 581, overflow: 0.204, keep resizer changes at: 0.3, HPWL: 2265231
Iteration |   Area    | Resized | Buffers | Nets repaired | Remaining
---------------------------------------------------------------------
        0 |     +0.0% |       0 |       0 |             0 |       179
    final |     +0.4% |      13 |       0 |             0 |         0
---------------------------------------------------------------------
[INFO RSZ-0039] Resized 13 instances.
[INFO GPL-0106] Timing-driven: worst slack 2.68e-09
[INFO GPL-0107] Timing-driven: repair_design delta area: 9.072 um^2 (+0.39%)
[INFO GPL-0108] Timing-driven: repair_design, gpl cells created: 0 (+0.00%)
[INFO GPL-0109] Timing-driven: inserted buffers as reported by repair_design: 0
[INFO GPL-0110] Timing-driven: new target density: 0.8870745
Iteration | Overflow |     HPWL (um) |  HPWL(%) |   Penalty | Group
---------------------------------------------------------------
      590 |   0.1789 |  2.279537e+06 |   +1.43% |  2.56e-07 |      
[INFO GPL-0100] Timing-driven iteration 5/5, virtual: false.
[INFO GPL-0101]    Iter: 595, overflow: 0.145, keep resizer changes at: 0.3, HPWL: 2308780
Iteration |   Area    | Resized | Buffers | Nets repaired | Remaining
---------------------------------------------------------------------
        0 |     +0.0% |       0 |       0 |             0 |       179
    final |     +0.5% |      14 |       0 |             0 |         0
---------------------------------------------------------------------
[INFO RSZ-0039] Resized 14 instances.
[INFO GPL-0106] Timing-driven: worst slack 2.68e-09
[INFO GPL-0107] Timing-driven: repair_design delta area: 10.886 um^2 (+0.47%)
[INFO GPL-0108] Timing-driven: repair_design, gpl cells created: 0 (+0.00%)
[INFO GPL-0109] Timing-driven: inserted buffers as reported by repair_design: 0
[INFO GPL-0110] Timing-driven: new target density: 0.8907375
Iteration | Overflow |     HPWL (um) |  HPWL(%) |   Penalty | Group
---------------------------------------------------------------
      600 |   0.1241 |  2.308026e+06 |   +1.25% |  3.77e-07 |      
      610 |   0.1002 |  2.376001e+06 |   +2.95% |  5.55e-07 |      
[INFO GPL-1001] Finished with Overflow: 0.099845
[INFO GPL-1002] Placed Cell Area             2350.0622
[INFO GPL-1003] Available Free Area          2971.9872
[INFO GPL-1004] Minimum Feasible Density        0.7907 (cell_area / free_area)
[INFO GPL-1006]   Suggested Target Densities:
[INFO GPL-1007]     - For 90% usage of free space: 0.8786
[INFO GPL-1008]     - For 80% usage of free space: 0.9884
[INFO GPL-1009]     - For 50% usage of free space: 1.5815
Setting global connections for newly added cells…
[INFO] Setting global connections...
Updating metrics…
Cell type report:                       Count       Area
  Timing Repair Buffer                     25     317.52
  Inverter                                 15      85.28
  Sequential cell                           9     444.53
  Multi-Input combinational cell          153    1456.96
  Total                                   202    2304.29
Writing OpenROAD database to '/home/designer/shared/Bioimpedance-ASIC-for-skin-cancer-detection/current_generator/digital/DigitalSine/runs/RUN_2025-12-12_17-16-50/28-openroad-globalplacement/DigitalSine.odb'…
Writing netlist to '/home/designer/shared/Bioimpedance-ASIC-for-skin-cancer-detection/current_generator/digital/DigitalSine/runs/RUN_2025-12-12_17-16-50/28-openroad-globalplacement/DigitalSine.nl.v'…
Writing powered netlist to '/home/designer/shared/Bioimpedance-ASIC-for-skin-cancer-detection/current_generator/digital/DigitalSine/runs/RUN_2025-12-12_17-16-50/28-openroad-globalplacement/DigitalSine.pnl.v'…
Writing layout to '/home/designer/shared/Bioimpedance-ASIC-for-skin-cancer-detection/current_generator/digital/DigitalSine/runs/RUN_2025-12-12_17-16-50/28-openroad-globalplacement/DigitalSine.def'…
Writing timing constraints to '/home/designer/shared/Bioimpedance-ASIC-for-skin-cancer-detection/current_generator/digital/DigitalSine/runs/RUN_2025-12-12_17-16-50/28-openroad-globalplacement/DigitalSine.sdc'…
