Clock: clk
Sources: clk 
Generated: no
Virtual: yes
Propagated: no
Period: 5.000000

===========================================================================
report_clock_properties
============================================================================
Clock                   Period          Waveform
----------------------------------------------------
clk                   5.000000    0.000000  2.500000

===========================================================================
report_clock_latency
============================================================================
Clock clk
rise -> rise
    min     max
0.000000 0.000000 source latency
0.123633         network latency _299_/CLK
        0.125505 network latency _300_/CLK
---------------
0.123633 0.125505 latency
        0.001873 skew

fall -> fall
    min     max
0.000000 0.000000 source latency
0.135425         network latency _299_/CLK
        0.137037 network latency _300_/CLK
---------------
0.135425 0.137037 latency
        0.001612 skew



===========================================================================
report_clock_min_period
============================================================================
clk period_min = 1.83 fmax = 546.37
