
===========================================================================
report_checks -unconstrained
===========================================================================
======================= nom_slow_1p08V_125C Corner ===================================

Startpoint: _285_ (rising edge-triggered flip-flop clocked by clk)
Endpoint: sine_out[2] (output port clocked by clk)
Path Group: clk
Path Type: max

Fanout         Cap        Slew       Delay        Time   Description
---------------------------------------------------------------------------------------------
                                  0.000000    0.000000   clock clk (rise edge)
                                  0.000000    0.000000   clock source latency
     1    0.014938    0.000000    0.000000    0.000000 ^ clk (in)
                                                         clk (net)
                      0.001606    0.000803    0.000803 ^ clkbuf_0_clk/A (sg13g2_buf_8)
     2    0.022093    0.036774    0.086381    0.087184 ^ clkbuf_0_clk/X (sg13g2_buf_8)
                                                         clknet_0_clk (net)
                      0.036784    0.001068    0.088252 ^ clkbuf_1_1__f_clk/A (sg13g2_buf_8)
     5    0.025200    0.040080    0.108123    0.196374 ^ clkbuf_1_1__f_clk/X (sg13g2_buf_8)
                                                         clknet_1_1__leaf_clk (net)
                      0.040102    0.001619    0.197994 ^ _285_/CLK (sg13g2_dfrbpq_1)
     1    0.008062    0.055138    0.281131    0.479125 v _285_/Q (sg13g2_dfrbpq_1)
                                                         DPATH.SUM.fa_1.A (net)
                      0.055139    0.000327    0.479452 v fanout70/A (sg13g2_buf_8)
     7    0.040677    0.047614    0.134383    0.613835 v fanout70/X (sg13g2_buf_8)
                                                         net70 (net)
                      0.047758    0.001724    0.615559 v fanout69/A (sg13g2_buf_8)
     8    0.040815    0.047648    0.130337    0.745896 v fanout69/X (sg13g2_buf_8)
                                                         net69 (net)
                      0.047957    0.002351    0.748247 v _193_/A1 (sg13g2_o21ai_1)
     5    0.018371    0.316936    0.297030    1.045277 ^ _193_/Y (sg13g2_o21ai_1)
                                                         _022_ (net)
                      0.316939    0.000812    1.046089 ^ _203_/B (sg13g2_nand2b_1)
     3    0.010588    0.150282    0.228588    1.274677 v _203_/Y (sg13g2_nand2b_1)
                                                         _032_ (net)
                      0.150282    0.000624    1.275301 v _237_/B (sg13g2_nand2b_1)
     2    0.008870    0.094339    0.129788    1.405088 ^ _237_/Y (sg13g2_nand2b_1)
                                                         _064_ (net)
                      0.094339    0.000248    1.405336 ^ _244_/C (sg13g2_nand3_1)
     1    0.004087    0.103201    0.151325    1.556661 v _244_/Y (sg13g2_nand3_1)
                                                         _071_ (net)
                      0.103201    0.000408    1.557069 v _248_/A2 (sg13g2_a221oi_1)
     1    0.003696    0.174304    0.254818    1.811887 ^ _248_/Y (sg13g2_a221oi_1)
                                                         _075_ (net)
                      0.174304    0.000261    1.812148 ^ _249_/A1 (sg13g2_mux2_1)
     1    0.003493    0.049136    0.204351    2.016499 ^ _249_/X (sg13g2_mux2_1)
                                                         _076_ (net)
                      0.049136    0.000139    2.016639 ^ _250_/B1 (sg13g2_o21ai_1)
     1    0.003260    0.065665    0.072494    2.089133 v _250_/Y (sg13g2_o21ai_1)
                                                         net14 (net)
                      0.065665    0.000211    2.089344 v output14/A (sg13g2_buf_1)
     1    0.011693    0.073619    0.144613    2.233957 v output14/X (sg13g2_buf_1)
                                                         sine_out[2] (net)
                      0.073621    0.000526    2.234484 v sine_out[2] (out)
                                              2.234484   data arrival time

                                  5.000000    5.000000   clock clk (rise edge)
                                  0.000000    5.000000   clock network delay (propagated)
                                 -0.150000    4.850000   clock uncertainty
                                  0.000000    4.850000   clock reconvergence pessimism
                                 -1.000000    3.850000   output external delay
                                              3.850000   data required time
---------------------------------------------------------------------------------------------
                                              3.850000   data required time
                                             -2.234484   data arrival time
---------------------------------------------------------------------------------------------
                                              1.615516   slack (MET)




===========================================================================
report_checks --slack_max -0.01
============================================================================
======================= nom_slow_1p08V_125C Corner ===================================

No paths found.


===========================================================================
 report_check_types -max_slew -max_cap -max_fanout -violators
============================================================================
======================= nom_slow_1p08V_125C Corner ===================================



===========================================================================
report_parasitic_annotation -report_unannotated
============================================================================
Found 1 unannotated drivers.
 clkload0/Y
Found 0 partially unannotated drivers.

===========================================================================
max slew violation count 0
max fanout violation count 0
max cap violation count 0
============================================================================

===========================================================================
check_setup -verbose -unconstrained_endpoints -multiple_clock -no_clock -no_input_delay -loops -generated_clocks
===========================================================================
