Reading timing models for corner nom_fast_1p32V_m40C…
Reading timing library for the 'nom_fast_1p32V_m40C' corner at '/opt/pdks/ciel/ihp-sg13g2/versions/cb7daaa8901016cf7c5d272dfa322c41f024931f/ihp-sg13g2/libs.ref/sg13g2_stdcell/lib/sg13g2_stdcell_fast_1p32V_m40C.lib'…
Reading timing models for corner nom_slow_1p08V_125C…
Reading timing library for the 'nom_slow_1p08V_125C' corner at '/opt/pdks/ciel/ihp-sg13g2/versions/cb7daaa8901016cf7c5d272dfa322c41f024931f/ihp-sg13g2/libs.ref/sg13g2_stdcell/lib/sg13g2_stdcell_slow_1p08V_125C.lib'…
Reading timing models for corner nom_typ_1p20V_25C…
Reading timing library for the 'nom_typ_1p20V_25C' corner at '/opt/pdks/ciel/ihp-sg13g2/versions/cb7daaa8901016cf7c5d272dfa322c41f024931f/ihp-sg13g2/libs.ref/sg13g2_stdcell/lib/sg13g2_stdcell_typ_1p20V_25C.lib'…
Reading OpenROAD database at '/home/designer/shared/Bioimpedance-ASIC-for-skin-cancer-detection/current_generator/digital/DigitalSine/runs/RUN_2025-12-14_12-30-34/28-openroad-globalplacement/DigitalSine.odb'…
Reading design constraints file at '/home/designer/shared/Bioimpedance-ASIC-for-skin-cancer-detection/current_generator/digital/DigitalSine/cons.sdc'…
[WARNING STA-0441] set_input_delay relative to a clock defined on the same port/pin not allowed.
[WARNING STA-0441] set_input_delay relative to a clock defined on the same port/pin not allowed.
[WARNING STA-0441] set_input_delay relative to a clock defined on the same port/pin not allowed.
[WARNING STA-0441] set_input_delay relative to a clock defined on the same port/pin not allowed.
[INFO] No information on clock propagation in input SDC file-- propagating all clocks.
[INFO RSZ-0027] Inserted 1 input buffers.
[INFO RSZ-0028] Inserted 35 output buffers.
+ repair_design -verbose -max_wire_length 0 -slew_margin 20 -cap_margin 20
[INFO RSZ-0058] Using max wire length 5028um.
Iteration |   Area    | Resized | Buffers | Nets repaired | Remaining
---------------------------------------------------------------------
        0 |     +0.0% |       0 |       0 |             0 |       240
       10 |     +0.1% |       2 |       0 |             0 |       230
       20 |     +0.2% |       6 |       0 |             0 |       220
       30 |     +0.2% |       6 |       0 |             0 |       210
       40 |     +0.3% |      13 |       0 |             0 |       200
       50 |     +0.9% |      23 |       0 |             0 |       190
       60 |     +0.3% |      27 |       0 |             0 |       180
       70 |     +0.2% |      28 |       0 |             0 |       170
       80 |     -1.2% |      37 |       0 |             0 |       160
       90 |     -0.7% |      47 |       0 |             0 |       150
      100 |     -1.3% |      53 |       0 |             0 |       140
      110 |     -1.4% |      54 |       0 |             0 |       130
      120 |     -2.0% |      58 |       0 |             0 |       120
      130 |     -2.4% |      64 |       0 |             0 |       110
      140 |     -2.4% |      64 |       0 |             0 |       100
      150 |     -2.6% |      66 |       0 |             0 |        90
      160 |     -3.2% |      71 |       0 |             0 |        80
      170 |     -2.5% |      76 |       0 |             0 |        70
      180 |     -2.6% |      77 |       0 |             0 |        60
      190 |     -1.5% |      83 |       0 |             0 |        50
      200 |     -0.5% |      87 |       0 |             0 |        40
      210 |     +0.3% |      92 |       0 |             0 |        30
      220 |     +1.0% |     100 |       0 |             0 |        20
      230 |     +0.9% |     102 |       0 |             0 |        10
      240 |     +1.3% |     103 |       1 |             1 |         0
    final |     +1.3% |     103 |       1 |             1 |         0
---------------------------------------------------------------------
[INFO RSZ-0035] Found 1 fanout violations.
[INFO RSZ-0039] Resized 103 instances.
[INFO RSZ-0038] Inserted 1 buffers in 1 nets.
+ detailed_placement -max_displacement  500 100 
Placement Analysis
---------------------------------
total displacement       1974.0 u
average displacement        8.3 u
max displacement           37.9 u
original HPWL            3807.4 u
legalized HPWL           5994.8 u
delta HPWL                   57 %

[INFO DPL-0020] Mirrored 112 instances
[INFO DPL-0021] HPWL before            5994.8 u
[INFO DPL-0022] HPWL after             5863.2 u
[INFO DPL-0023] HPWL delta               -2.2 %
Setting global connections for newly added cells…
[INFO] Setting global connections...
Updating metrics…
Cell type report:                       Count       Area
  Timing Repair Buffer                     62     767.49
  Inverter                                 15      87.09
  Sequential cell                           9     442.71
  Multi-Input combinational cell          153    1426.12
  Total                                   239    2723.41
Writing OpenROAD database to '/home/designer/shared/Bioimpedance-ASIC-for-skin-cancer-detection/current_generator/digital/DigitalSine/runs/RUN_2025-12-14_12-30-34/32-openroad-repairdesignpostgpl/DigitalSine.odb'…
Writing netlist to '/home/designer/shared/Bioimpedance-ASIC-for-skin-cancer-detection/current_generator/digital/DigitalSine/runs/RUN_2025-12-14_12-30-34/32-openroad-repairdesignpostgpl/DigitalSine.nl.v'…
Writing powered netlist to '/home/designer/shared/Bioimpedance-ASIC-for-skin-cancer-detection/current_generator/digital/DigitalSine/runs/RUN_2025-12-14_12-30-34/32-openroad-repairdesignpostgpl/DigitalSine.pnl.v'…
Writing layout to '/home/designer/shared/Bioimpedance-ASIC-for-skin-cancer-detection/current_generator/digital/DigitalSine/runs/RUN_2025-12-14_12-30-34/32-openroad-repairdesignpostgpl/DigitalSine.def'…
Writing timing constraints to '/home/designer/shared/Bioimpedance-ASIC-for-skin-cancer-detection/current_generator/digital/DigitalSine/runs/RUN_2025-12-14_12-30-34/32-openroad-repairdesignpostgpl/DigitalSine.sdc'…
