Clock: clk
Sources: clk 
Generated: no
Virtual: yes
Propagated: no
Period: 5.000000

===========================================================================
report_clock_properties
============================================================================
Clock                   Period          Waveform
----------------------------------------------------
clk                   5.000000    0.000000  2.500000

===========================================================================
report_clock_latency
============================================================================
Clock clk
rise -> rise
    min     max
0.000000 0.000000 source latency
0.000353         network latency _299_/CLK
        0.000664 network latency _300_/CLK
---------------
0.000353 0.000664 latency
        0.000311 skew

fall -> fall
    min     max
0.000000 0.000000 source latency
0.000316         network latency _299_/CLK
        0.000592 network latency _300_/CLK
---------------
0.000316 0.000592 latency
        0.000277 skew



===========================================================================
report_clock_min_period
============================================================================
clk period_min = 1.47 fmax = 680.81
