Clock: clk
Sources: clk 
Generated: no
Virtual: yes
Propagated: no
Period: 5.000000

===========================================================================
report_clock_properties
============================================================================
Clock                   Period          Waveform
----------------------------------------------------
clk                   5.000000    0.000000  2.500000

===========================================================================
report_clock_latency
============================================================================
Clock clk
rise -> rise
    min     max
0.000000 0.000000 source latency
0.119198         network latency _299_/CLK
        0.119496 network latency _293_/CLK
---------------
0.119198 0.119496 latency
        0.000298 skew

fall -> fall
    min     max
0.000000 0.000000 source latency
0.131217         network latency _299_/CLK
        0.131369 network latency _293_/CLK
---------------
0.131217 0.131369 latency
        0.000152 skew



===========================================================================
report_clock_min_period
============================================================================
clk period_min = 1.75 fmax = 571.11
