Clock: clk
Sources: clk 
Generated: no
Virtual: no
Propagated: no
Period: 25.000000

===========================================================================
report_clock_properties
============================================================================
Clock                   Period          Waveform
----------------------------------------------------
clk                  25.000000    0.000000 12.500000

===========================================================================
report_clock_latency
============================================================================
Clock clk
rise -> rise
    min     max
0.000000 0.000000 source latency
0.031837         network latency _293_/CLK
        0.031837 network latency _293_/CLK
---------------
0.031837 0.031837 latency
        0.000000 skew

fall -> fall
    min     max
0.000000 0.000000 source latency
0.023650         network latency _293_/CLK
        0.023650 network latency _293_/CLK
---------------
0.023650 0.023650 latency
        0.000000 skew



===========================================================================
report_clock_min_period
============================================================================
clk period_min = 2.35 fmax = 426.21
