
===========================================================================
report_checks -path_delay min (Hold)
============================================================================
======================= nom_typ_1p20V_25C Corner ===================================

Startpoint: _291_ (rising edge-triggered flip-flop clocked by clk)
Endpoint: sign (output port clocked by clk)
Path Group: clk
Path Type: min

Fanout         Cap        Slew       Delay        Time   Description
---------------------------------------------------------------------------------------------
                      0.100000    0.000000    0.000000   clock clk (rise edge)
                                  0.000000    0.000000   clock network delay (ideal)
                      0.100000    0.000000    0.000000 ^ _291_/CLK (sg13g2_dfrbpq_1)
     2    0.082816    0.255982    0.379610    0.379610 v _291_/Q (sg13g2_dfrbpq_1)
                                                         sign (net)
                      0.255982    0.000000    0.379610 v sign (out)
                                              0.379610   data arrival time

                      0.100000    0.000000    0.000000   clock clk (rise edge)
                                  0.000000    0.000000   clock network delay (ideal)
                                  0.150000    0.150000   clock uncertainty
                                  0.000000    0.150000   clock reconvergence pessimism
                                  0.000000    0.150000   output external delay
                                              0.150000   data required time
---------------------------------------------------------------------------------------------
                                              0.150000   data required time
                                             -0.379610   data arrival time
---------------------------------------------------------------------------------------------
                                              0.229610   slack (MET)


Startpoint: _292_ (rising edge-triggered flip-flop clocked by clk)
Endpoint: _292_ (rising edge-triggered flip-flop clocked by clk)
Path Group: clk
Path Type: min

Fanout         Cap        Slew       Delay        Time   Description
---------------------------------------------------------------------------------------------
                      0.100000    0.000000    0.000000   clock clk (rise edge)
                                  0.000000    0.000000   clock network delay (ideal)
                      0.100000    0.000000    0.000000 ^ _292_/CLK (sg13g2_dfrbpq_1)
    13    0.052970    0.166728    0.313627    0.313627 v _292_/Q (sg13g2_dfrbpq_1)
                                                         CTRL.S0 (net)
                      0.166728    0.000000    0.313627 v _167_/B1 (sg13g2_a21oi_1)
     1    0.002993    0.053343    0.073722    0.387348 ^ _167_/Y (sg13g2_a21oi_1)
                                                         _116_ (net)
                      0.053343    0.000000    0.387348 ^ _168_/B (sg13g2_nor2_1)
     1    0.001430    0.019384    0.032613    0.419961 v _168_/Y (sg13g2_nor2_1)
                                                         CTRL.P0 (net)
                      0.019384    0.000000    0.419961 v _292_/D (sg13g2_dfrbpq_1)
                                              0.419961   data arrival time

                      0.100000    0.000000    0.000000   clock clk (rise edge)
                                  0.000000    0.000000   clock network delay (ideal)
                                  0.150000    0.150000   clock uncertainty
                                  0.000000    0.150000   clock reconvergence pessimism
                                              0.150000 ^ _292_/CLK (sg13g2_dfrbpq_1)
                                 -0.017497    0.132503   library hold time
                                              0.132503   data required time
---------------------------------------------------------------------------------------------
                                              0.132503   data required time
                                             -0.419961   data arrival time
---------------------------------------------------------------------------------------------
                                              0.287458   slack (MET)


Startpoint: _284_ (rising edge-triggered flip-flop clocked by clk)
Endpoint: _285_ (rising edge-triggered flip-flop clocked by clk)
Path Group: clk
Path Type: min

Fanout         Cap        Slew       Delay        Time   Description
---------------------------------------------------------------------------------------------
                      0.100000    0.000000    0.000000   clock clk (rise edge)
                                  0.000000    0.000000   clock network delay (ideal)
                      0.100000    0.000000    0.000000 ^ _284_/CLK (sg13g2_dfrbpq_1)
    18    0.061655    0.192634    0.332848    0.332848 v _284_/Q (sg13g2_dfrbpq_1)
                                                         DPATH.SUM.Cout0 (net)
                      0.192634    0.000000    0.332848 v _272_/A (sg13g2_xnor2_1)
     1    0.001430    0.026488    0.101348    0.434196 v _272_/Y (sg13g2_xnor2_1)
                                                         DPATH.SUM.fa_1.S (net)
                      0.026488    0.000000    0.434196 v _285_/D (sg13g2_dfrbpq_1)
                                              0.434196   data arrival time

                      0.100000    0.000000    0.000000   clock clk (rise edge)
                                  0.000000    0.000000   clock network delay (ideal)
                                  0.150000    0.150000   clock uncertainty
                                  0.000000    0.150000   clock reconvergence pessimism
                                              0.150000 ^ _285_/CLK (sg13g2_dfrbpq_1)
                                 -0.019762    0.130238   library hold time
                                              0.130238   data required time
---------------------------------------------------------------------------------------------
                                              0.130238   data required time
                                             -0.434196   data arrival time
---------------------------------------------------------------------------------------------
                                              0.303958   slack (MET)


Startpoint: _290_ (rising edge-triggered flip-flop clocked by clk)
Endpoint: _290_ (rising edge-triggered flip-flop clocked by clk)
Path Group: clk
Path Type: min

Fanout         Cap        Slew       Delay        Time   Description
---------------------------------------------------------------------------------------------
                      0.100000    0.000000    0.000000   clock clk (rise edge)
                                  0.000000    0.000000   clock network delay (ideal)
                      0.100000    0.000000    0.000000 ^ _290_/CLK (sg13g2_dfrbpq_1)
    15    0.046671    0.147941    0.299687    0.299687 v _290_/Q (sg13g2_dfrbpq_1)
                                                         DPATH.SUM.fa_6.A (net)
                      0.147941    0.000000    0.299687 v _151_/B (sg13g2_xnor2_1)
     1    0.005067    0.048289    0.099104    0.398790 v _151_/Y (sg13g2_xnor2_1)
                                                         _102_ (net)
                      0.048289    0.000000    0.398790 v _152_/B (sg13g2_xnor2_1)
     1    0.001430    0.025416    0.053451    0.452241 v _152_/Y (sg13g2_xnor2_1)
                                                         DPATH.SUM.fa_6.S (net)
                      0.025416    0.000000    0.452241 v _290_/D (sg13g2_dfrbpq_1)
                                              0.452241   data arrival time

                      0.100000    0.000000    0.000000   clock clk (rise edge)
                                  0.000000    0.000000   clock network delay (ideal)
                                  0.150000    0.150000   clock uncertainty
                                  0.000000    0.150000   clock reconvergence pessimism
                                              0.150000 ^ _290_/CLK (sg13g2_dfrbpq_1)
                                 -0.019420    0.130580   library hold time
                                              0.130580   data required time
---------------------------------------------------------------------------------------------
                                              0.130580   data required time
                                             -0.452241   data arrival time
---------------------------------------------------------------------------------------------
                                              0.321661   slack (MET)


Startpoint: _289_ (rising edge-triggered flip-flop clocked by clk)
Endpoint: _289_ (rising edge-triggered flip-flop clocked by clk)
Path Group: clk
Path Type: min

Fanout         Cap        Slew       Delay        Time   Description
---------------------------------------------------------------------------------------------
                      0.100000    0.000000    0.000000   clock clk (rise edge)
                                  0.000000    0.000000   clock network delay (ideal)
                      0.100000    0.000000    0.000000 ^ _289_/CLK (sg13g2_dfrbpq_1)
    15    0.044615    0.141809    0.295137    0.295137 v _289_/Q (sg13g2_dfrbpq_1)
                                                         DPATH.SUM.fa_5.A (net)
                      0.141809    0.000000    0.295137 v _136_/B (sg13g2_xnor2_1)
     2    0.008956    0.068665    0.117594    0.412732 v _136_/Y (sg13g2_xnor2_1)
                                                         _088_ (net)
                      0.068665    0.000000    0.412732 v _149_/A (sg13g2_xor2_1)
     1    0.001430    0.023487    0.064819    0.477551 v _149_/X (sg13g2_xor2_1)
                                                         DPATH.SUM.fa_5.S (net)
                      0.023487    0.000000    0.477551 v _289_/D (sg13g2_dfrbpq_1)
                                              0.477551   data arrival time

                      0.100000    0.000000    0.000000   clock clk (rise edge)
                                  0.000000    0.000000   clock network delay (ideal)
                                  0.150000    0.150000   clock uncertainty
                                  0.000000    0.150000   clock reconvergence pessimism
                                              0.150000 ^ _289_/CLK (sg13g2_dfrbpq_1)
                                 -0.018805    0.131195   library hold time
                                              0.131195   data required time
---------------------------------------------------------------------------------------------
                                              0.131195   data required time
                                             -0.477551   data arrival time
---------------------------------------------------------------------------------------------
                                              0.346356   slack (MET)


Startpoint: _284_ (rising edge-triggered flip-flop clocked by clk)
Endpoint: _284_ (rising edge-triggered flip-flop clocked by clk)
Path Group: clk
Path Type: min

Fanout         Cap        Slew       Delay        Time   Description
---------------------------------------------------------------------------------------------
                      0.100000    0.000000    0.000000   clock clk (rise edge)
                                  0.000000    0.000000   clock network delay (ideal)
                      0.100000    0.000000    0.000000 ^ _284_/CLK (sg13g2_dfrbpq_1)
    18    0.061655    0.192634    0.332848    0.332848 v _284_/Q (sg13g2_dfrbpq_1)
                                                         DPATH.SUM.Cout0 (net)
                      0.192634    0.000000    0.332848 v _133_/A (sg13g2_inv_1)
     4    0.010814    0.082316    0.101881    0.434729 ^ _133_/Y (sg13g2_inv_1)
                                                         DPATH.SUM.ha_0.S (net)
                      0.082316    0.000000    0.434729 ^ _284_/D (sg13g2_dfrbpq_1)
                                              0.434729   data arrival time

                      0.100000    0.000000    0.000000   clock clk (rise edge)
                                  0.000000    0.000000   clock network delay (ideal)
                                  0.150000    0.150000   clock uncertainty
                                  0.000000    0.150000   clock reconvergence pessimism
                                              0.150000 ^ _284_/CLK (sg13g2_dfrbpq_1)
                                 -0.067301    0.082699   library hold time
                                              0.082699   data required time
---------------------------------------------------------------------------------------------
                                              0.082699   data required time
                                             -0.434729   data arrival time
---------------------------------------------------------------------------------------------
                                              0.352030   slack (MET)


Startpoint: _292_ (rising edge-triggered flip-flop clocked by clk)
Endpoint: _291_ (rising edge-triggered flip-flop clocked by clk)
Path Group: clk
Path Type: min

Fanout         Cap        Slew       Delay        Time   Description
---------------------------------------------------------------------------------------------
                      0.100000    0.000000    0.000000   clock clk (rise edge)
                                  0.000000    0.000000   clock network delay (ideal)
                      0.100000    0.000000    0.000000 ^ _292_/CLK (sg13g2_dfrbpq_1)
    13    0.052970    0.166728    0.313627    0.313627 v _292_/Q (sg13g2_dfrbpq_1)
                                                         CTRL.S0 (net)
                      0.166728    0.000000    0.313627 v _157_/A (sg13g2_nand4_1)
     1    0.002976    0.040698    0.072834    0.386461 ^ _157_/Y (sg13g2_nand4_1)
                                                         _107_ (net)
                      0.040698    0.000000    0.386461 ^ _158_/C (sg13g2_nor3_1)
     2    0.008136    0.037375    0.048328    0.434789 v _158_/Y (sg13g2_nor3_1)
                                                         _108_ (net)
                      0.037375    0.000000    0.434789 v _159_/B (sg13g2_xnor2_1)
     1    0.001430    0.025081    0.049810    0.484599 v _159_/Y (sg13g2_xnor2_1)
                                                         CTRL.P1 (net)
                      0.025081    0.000000    0.484599 v _291_/D (sg13g2_dfrbpq_1)
                                              0.484599   data arrival time

                      0.100000    0.000000    0.000000   clock clk (rise edge)
                                  0.000000    0.000000   clock network delay (ideal)
                                  0.150000    0.150000   clock uncertainty
                                  0.000000    0.150000   clock reconvergence pessimism
                                              0.150000 ^ _291_/CLK (sg13g2_dfrbpq_1)
                                 -0.019313    0.130687   library hold time
                                              0.130687   data required time
---------------------------------------------------------------------------------------------
                                              0.130687   data required time
                                             -0.484599   data arrival time
---------------------------------------------------------------------------------------------
                                              0.353912   slack (MET)


Startpoint: _286_ (rising edge-triggered flip-flop clocked by clk)
Endpoint: _286_ (rising edge-triggered flip-flop clocked by clk)
Path Group: clk
Path Type: min

Fanout         Cap        Slew       Delay        Time   Description
---------------------------------------------------------------------------------------------
                      0.100000    0.000000    0.000000   clock clk (rise edge)
                                  0.000000    0.000000   clock network delay (ideal)
                      0.100000    0.000000    0.000000 ^ _286_/CLK (sg13g2_dfrbpq_1)
    16    0.053514    0.168352    0.314831    0.314831 v _286_/Q (sg13g2_dfrbpq_1)
                                                         DPATH.SUM.fa_2.A (net)
                      0.168352    0.000000    0.314831 v _143_/B (sg13g2_xor2_1)
     2    0.008058    0.044630    0.124822    0.439653 v _143_/X (sg13g2_xor2_1)
                                                         _095_ (net)
                      0.044630    0.000000    0.439653 v _273_/B (sg13g2_xor2_1)
     1    0.001430    0.023702    0.050750    0.490403 v _273_/X (sg13g2_xor2_1)
                                                         DPATH.SUM.fa_2.S (net)
                      0.023702    0.000000    0.490403 v _286_/D (sg13g2_dfrbpq_1)
                                              0.490403   data arrival time

                      0.100000    0.000000    0.000000   clock clk (rise edge)
                                  0.000000    0.000000   clock network delay (ideal)
                                  0.150000    0.150000   clock uncertainty
                                  0.000000    0.150000   clock reconvergence pessimism
                                              0.150000 ^ _286_/CLK (sg13g2_dfrbpq_1)
                                 -0.018874    0.131126   library hold time
                                              0.131126   data required time
---------------------------------------------------------------------------------------------
                                              0.131126   data required time
                                             -0.490403   data arrival time
---------------------------------------------------------------------------------------------
                                              0.359277   slack (MET)


Startpoint: _292_ (rising edge-triggered flip-flop clocked by clk)
Endpoint: _288_ (rising edge-triggered flip-flop clocked by clk)
Path Group: clk
Path Type: min

Fanout         Cap        Slew       Delay        Time   Description
---------------------------------------------------------------------------------------------
                      0.100000    0.000000    0.000000   clock clk (rise edge)
                                  0.000000    0.000000   clock network delay (ideal)
                      0.100000    0.000000    0.000000 ^ _292_/CLK (sg13g2_dfrbpq_1)
    13    0.052970    0.166728    0.313627    0.313627 v _292_/Q (sg13g2_dfrbpq_1)
                                                         CTRL.S0 (net)
                      0.166728    0.000000    0.313627 v _147_/A (sg13g2_xor2_1)
     2    0.008058    0.044630    0.126803    0.440430 v _147_/X (sg13g2_xor2_1)
                                                         _099_ (net)
                      0.044630    0.000000    0.440430 v _275_/B (sg13g2_xor2_1)
     1    0.001430    0.023703    0.050750    0.491180 v _275_/X (sg13g2_xor2_1)
                                                         DPATH.SUM.fa_4.S (net)
                      0.023703    0.000000    0.491180 v _288_/D (sg13g2_dfrbpq_1)
                                              0.491180   data arrival time

                      0.100000    0.000000    0.000000   clock clk (rise edge)
                                  0.000000    0.000000   clock network delay (ideal)
                                  0.150000    0.150000   clock uncertainty
                                  0.000000    0.150000   clock reconvergence pessimism
                                              0.150000 ^ _288_/CLK (sg13g2_dfrbpq_1)
                                 -0.018874    0.131126   library hold time
                                              0.131126   data required time
---------------------------------------------------------------------------------------------
                                              0.131126   data required time
                                             -0.491180   data arrival time
---------------------------------------------------------------------------------------------
                                              0.360053   slack (MET)


Startpoint: _292_ (rising edge-triggered flip-flop clocked by clk)
Endpoint: _287_ (rising edge-triggered flip-flop clocked by clk)
Path Group: clk
Path Type: min

Fanout         Cap        Slew       Delay        Time   Description
---------------------------------------------------------------------------------------------
                      0.100000    0.000000    0.000000   clock clk (rise edge)
                                  0.000000    0.000000   clock network delay (ideal)
                      0.100000    0.000000    0.000000 ^ _292_/CLK (sg13g2_dfrbpq_1)
    13    0.052970    0.166728    0.313627    0.313627 v _292_/Q (sg13g2_dfrbpq_1)
                                                         CTRL.S0 (net)
                      0.166728    0.000000    0.313627 v _145_/A (sg13g2_xnor2_1)
     2    0.008208    0.064748    0.131259    0.444885 v _145_/Y (sg13g2_xnor2_1)
                                                         _097_ (net)
                      0.064748    0.000000    0.444885 v _274_/B (sg13g2_xor2_1)
     1    0.001430    0.023340    0.058387    0.503272 v _274_/X (sg13g2_xor2_1)
                                                         DPATH.SUM.fa_3.S (net)
                      0.023340    0.000000    0.503272 v _287_/D (sg13g2_dfrbpq_1)
                                              0.503272   data arrival time

                      0.100000    0.000000    0.000000   clock clk (rise edge)
                                  0.000000    0.000000   clock network delay (ideal)
                                  0.150000    0.150000   clock uncertainty
                                  0.000000    0.150000   clock reconvergence pessimism
                                              0.150000 ^ _287_/CLK (sg13g2_dfrbpq_1)
                                 -0.018758    0.131242   library hold time
                                              0.131242   data required time
---------------------------------------------------------------------------------------------
                                              0.131242   data required time
                                             -0.503272   data arrival time
---------------------------------------------------------------------------------------------
                                              0.372030   slack (MET)


Startpoint: _289_ (rising edge-triggered flip-flop clocked by clk)
Endpoint: sine_out[0] (output port clocked by clk)
Path Group: clk
Path Type: min

Fanout         Cap        Slew       Delay        Time   Description
---------------------------------------------------------------------------------------------
                      0.100000    0.000000    0.000000   clock clk (rise edge)
                                  0.000000    0.000000   clock network delay (ideal)
                      0.100000    0.000000    0.000000 ^ _289_/CLK (sg13g2_dfrbpq_1)
    15    0.044615    0.141809    0.295137    0.295137 v _289_/Q (sg13g2_dfrbpq_1)
                                                         DPATH.SUM.fa_5.A (net)
                      0.141809    0.000000    0.295137 v _213_/A1 (sg13g2_o21ai_1)
     1    0.002949    0.032650    0.120622    0.415759 ^ _213_/Y (sg13g2_o21ai_1)
                                                         _042_ (net)
                      0.032650    0.000000    0.415759 ^ _214_/B1 (sg13g2_a21oi_1)
     1    0.080000    0.247742    0.208564    0.624323 v _214_/Y (sg13g2_a21oi_1)
                                                         sine_out[0] (net)
                      0.247742    0.000000    0.624323 v sine_out[0] (out)
                                              0.624323   data arrival time

                      0.100000    0.000000    0.000000   clock clk (rise edge)
                                  0.000000    0.000000   clock network delay (ideal)
                                  0.150000    0.150000   clock uncertainty
                                  0.000000    0.150000   clock reconvergence pessimism
                                  0.000000    0.150000   output external delay
                                              0.150000   data required time
---------------------------------------------------------------------------------------------
                                              0.150000   data required time
                                             -0.624323   data arrival time
---------------------------------------------------------------------------------------------
                                              0.474323   slack (MET)


Startpoint: _290_ (rising edge-triggered flip-flop clocked by clk)
Endpoint: sine_out[12] (output port clocked by clk)
Path Group: clk
Path Type: min

Fanout         Cap        Slew       Delay        Time   Description
---------------------------------------------------------------------------------------------
                      0.100000    0.000000    0.000000   clock clk (rise edge)
                                  0.000000    0.000000   clock network delay (ideal)
                      0.100000    0.000000    0.000000 ^ _290_/CLK (sg13g2_dfrbpq_1)
    15    0.047983    0.201606    0.329154    0.329154 ^ _290_/Q (sg13g2_dfrbpq_1)
                                                         DPATH.SUM.fa_6.A (net)
                      0.201606    0.000000    0.329154 ^ _265_/B1 (sg13g2_a21oi_1)
     1    0.080000    0.268730    0.311489    0.640643 v _265_/Y (sg13g2_a21oi_1)
                                                         sine_out[12] (net)
                      0.268730    0.000000    0.640643 v sine_out[12] (out)
                                              0.640643   data arrival time

                      0.100000    0.000000    0.000000   clock clk (rise edge)
                                  0.000000    0.000000   clock network delay (ideal)
                                  0.150000    0.150000   clock uncertainty
                                  0.000000    0.150000   clock reconvergence pessimism
                                  0.000000    0.150000   output external delay
                                              0.150000   data required time
---------------------------------------------------------------------------------------------
                                              0.150000   data required time
                                             -0.640643   data arrival time
---------------------------------------------------------------------------------------------
                                              0.490643   slack (MET)


Startpoint: _290_ (rising edge-triggered flip-flop clocked by clk)
Endpoint: sine_out[13] (output port clocked by clk)
Path Group: clk
Path Type: min

Fanout         Cap        Slew       Delay        Time   Description
---------------------------------------------------------------------------------------------
                      0.100000    0.000000    0.000000   clock clk (rise edge)
                                  0.000000    0.000000   clock network delay (ideal)
                      0.100000    0.000000    0.000000 ^ _290_/CLK (sg13g2_dfrbpq_1)
    15    0.047983    0.201606    0.329154    0.329154 ^ _290_/Q (sg13g2_dfrbpq_1)
                                                         DPATH.SUM.fa_6.A (net)
                      0.201606    0.000000    0.329154 ^ _266_/B1 (sg13g2_a21oi_1)
     1    0.080000    0.268730    0.311489    0.640643 v _266_/Y (sg13g2_a21oi_1)
                                                         sine_out[13] (net)
                      0.268730    0.000000    0.640643 v sine_out[13] (out)
                                              0.640643   data arrival time

                      0.100000    0.000000    0.000000   clock clk (rise edge)
                                  0.000000    0.000000   clock network delay (ideal)
                                  0.150000    0.150000   clock uncertainty
                                  0.000000    0.150000   clock reconvergence pessimism
                                  0.000000    0.150000   output external delay
                                              0.150000   data required time
---------------------------------------------------------------------------------------------
                                              0.150000   data required time
                                             -0.640643   data arrival time
---------------------------------------------------------------------------------------------
                                              0.490643   slack (MET)


Startpoint: _290_ (rising edge-triggered flip-flop clocked by clk)
Endpoint: sine_out[9] (output port clocked by clk)
Path Group: clk
Path Type: min

Fanout         Cap        Slew       Delay        Time   Description
---------------------------------------------------------------------------------------------
                      0.100000    0.000000    0.000000   clock clk (rise edge)
                                  0.000000    0.000000   clock network delay (ideal)
                      0.100000    0.000000    0.000000 ^ _290_/CLK (sg13g2_dfrbpq_1)
    15    0.047983    0.201606    0.329154    0.329154 ^ _290_/Q (sg13g2_dfrbpq_1)
                                                         DPATH.SUM.fa_6.A (net)
                      0.201606    0.000000    0.329154 ^ _259_/B1 (sg13g2_a21oi_1)
     1    0.080000    0.268730    0.311489    0.640643 v _259_/Y (sg13g2_a21oi_1)
                                                         sine_out[9] (net)
                      0.268730    0.000000    0.640643 v sine_out[9] (out)
                                              0.640643   data arrival time

                      0.100000    0.000000    0.000000   clock clk (rise edge)
                                  0.000000    0.000000   clock network delay (ideal)
                                  0.150000    0.150000   clock uncertainty
                                  0.000000    0.150000   clock reconvergence pessimism
                                  0.000000    0.150000   output external delay
                                              0.150000   data required time
---------------------------------------------------------------------------------------------
                                              0.150000   data required time
                                             -0.640643   data arrival time
---------------------------------------------------------------------------------------------
                                              0.490643   slack (MET)


Startpoint: _290_ (rising edge-triggered flip-flop clocked by clk)
Endpoint: sine_out[11] (output port clocked by clk)
Path Group: clk
Path Type: min

Fanout         Cap        Slew       Delay        Time   Description
---------------------------------------------------------------------------------------------
                      0.100000    0.000000    0.000000   clock clk (rise edge)
                                  0.000000    0.000000   clock network delay (ideal)
                      0.100000    0.000000    0.000000 ^ _290_/CLK (sg13g2_dfrbpq_1)
    15    0.047983    0.201606    0.329154    0.329154 ^ _290_/Q (sg13g2_dfrbpq_1)
                                                         DPATH.SUM.fa_6.A (net)
                      0.201606    0.000000    0.329154 ^ _263_/A (sg13g2_nor2_1)
     1    0.080000    0.246896    0.314205    0.643360 v _263_/Y (sg13g2_nor2_1)
                                                         sine_out[11] (net)
                      0.246896    0.000000    0.643360 v sine_out[11] (out)
                                              0.643360   data arrival time

                      0.100000    0.000000    0.000000   clock clk (rise edge)
                                  0.000000    0.000000   clock network delay (ideal)
                                  0.150000    0.150000   clock uncertainty
                                  0.000000    0.150000   clock reconvergence pessimism
                                  0.000000    0.150000   output external delay
                                              0.150000   data required time
---------------------------------------------------------------------------------------------
                                              0.150000   data required time
                                             -0.643360   data arrival time
---------------------------------------------------------------------------------------------
                                              0.493360   slack (MET)


Startpoint: _290_ (rising edge-triggered flip-flop clocked by clk)
Endpoint: sine_out[14] (output port clocked by clk)
Path Group: clk
Path Type: min

Fanout         Cap        Slew       Delay        Time   Description
---------------------------------------------------------------------------------------------
                      0.100000    0.000000    0.000000   clock clk (rise edge)
                                  0.000000    0.000000   clock network delay (ideal)
                      0.100000    0.000000    0.000000 ^ _290_/CLK (sg13g2_dfrbpq_1)
    15    0.046671    0.147941    0.299687    0.299687 v _290_/Q (sg13g2_dfrbpq_1)
                                                         DPATH.SUM.fa_6.A (net)
                      0.147941    0.000000    0.299687 v _267_/B1 (sg13g2_o21ai_1)
     1    0.080000    0.397477    0.366356    0.666043 ^ _267_/Y (sg13g2_o21ai_1)
                                                         sine_out[14] (net)
                      0.397477    0.000000    0.666043 ^ sine_out[14] (out)
                                              0.666043   data arrival time

                      0.100000    0.000000    0.000000   clock clk (rise edge)
                                  0.000000    0.000000   clock network delay (ideal)
                                  0.150000    0.150000   clock uncertainty
                                  0.000000    0.150000   clock reconvergence pessimism
                                  0.000000    0.150000   output external delay
                                              0.150000   data required time
---------------------------------------------------------------------------------------------
                                              0.150000   data required time
                                             -0.666043   data arrival time
---------------------------------------------------------------------------------------------
                                              0.516043   slack (MET)


Startpoint: _290_ (rising edge-triggered flip-flop clocked by clk)
Endpoint: sine_out[15] (output port clocked by clk)
Path Group: clk
Path Type: min

Fanout         Cap        Slew       Delay        Time   Description
---------------------------------------------------------------------------------------------
                      0.100000    0.000000    0.000000   clock clk (rise edge)
                                  0.000000    0.000000   clock network delay (ideal)
                      0.100000    0.000000    0.000000 ^ _290_/CLK (sg13g2_dfrbpq_1)
    15    0.046671    0.147941    0.299687    0.299687 v _290_/Q (sg13g2_dfrbpq_1)
                                                         DPATH.SUM.fa_6.A (net)
                      0.147941    0.000000    0.299687 v _128_/A (sg13g2_inv_1)
     3    0.008745    0.066331    0.081998    0.381684 ^ _128_/Y (sg13g2_inv_1)
                                                         _083_ (net)
                      0.066331    0.000000    0.381684 ^ _268_/B1 (sg13g2_a21o_1)
     1    0.080000    0.330084    0.292072    0.673756 ^ _268_/X (sg13g2_a21o_1)
                                                         sine_out[15] (net)
                      0.330084    0.000000    0.673756 ^ sine_out[15] (out)
                                              0.673756   data arrival time

                      0.100000    0.000000    0.000000   clock clk (rise edge)
                                  0.000000    0.000000   clock network delay (ideal)
                                  0.150000    0.150000   clock uncertainty
                                  0.000000    0.150000   clock reconvergence pessimism
                                  0.000000    0.150000   output external delay
                                              0.150000   data required time
---------------------------------------------------------------------------------------------
                                              0.150000   data required time
                                             -0.673756   data arrival time
---------------------------------------------------------------------------------------------
                                              0.523756   slack (MET)


Startpoint: _289_ (rising edge-triggered flip-flop clocked by clk)
Endpoint: sine_out[1] (output port clocked by clk)
Path Group: clk
Path Type: min

Fanout         Cap        Slew       Delay        Time   Description
---------------------------------------------------------------------------------------------
                      0.100000    0.000000    0.000000   clock clk (rise edge)
                                  0.000000    0.000000   clock network delay (ideal)
                      0.100000    0.000000    0.000000 ^ _289_/CLK (sg13g2_dfrbpq_1)
    15    0.044615    0.141809    0.295137    0.295137 v _289_/Q (sg13g2_dfrbpq_1)
                                                         DPATH.SUM.fa_5.A (net)
                      0.141809    0.000000    0.295137 v _184_/B (sg13g2_nand2b_1)
     2    0.006477    0.048869    0.083317    0.378454 ^ _184_/Y (sg13g2_nand2b_1)
                                                         _013_ (net)
                      0.048869    0.000000    0.378454 ^ _222_/A1 (sg13g2_o21ai_1)
     1    0.002808    0.033624    0.064700    0.443154 v _222_/Y (sg13g2_o21ai_1)
                                                         _050_ (net)
                      0.033624    0.000000    0.443154 v _223_/B1 (sg13g2_a21oi_1)
     1    0.002949    0.035518    0.041970    0.485124 ^ _223_/Y (sg13g2_a21oi_1)
                                                         _051_ (net)
                      0.035518    0.000000    0.485124 ^ _233_/B1 (sg13g2_a21oi_1)
     1    0.080000    0.247845    0.210409    0.695533 v _233_/Y (sg13g2_a21oi_1)
                                                         sine_out[1] (net)
                      0.247845    0.000000    0.695533 v sine_out[1] (out)
                                              0.695533   data arrival time

                      0.100000    0.000000    0.000000   clock clk (rise edge)
                                  0.000000    0.000000   clock network delay (ideal)
                                  0.150000    0.150000   clock uncertainty
                                  0.000000    0.150000   clock reconvergence pessimism
                                  0.000000    0.150000   output external delay
                                              0.150000   data required time
---------------------------------------------------------------------------------------------
                                              0.150000   data required time
                                             -0.695533   data arrival time
---------------------------------------------------------------------------------------------
                                              0.545533   slack (MET)


Startpoint: _289_ (rising edge-triggered flip-flop clocked by clk)
Endpoint: sine_out[16] (output port clocked by clk)
Path Group: clk
Path Type: min

Fanout         Cap        Slew       Delay        Time   Description
---------------------------------------------------------------------------------------------
                      0.100000    0.000000    0.000000   clock clk (rise edge)
                                  0.000000    0.000000   clock network delay (ideal)
                      0.100000    0.000000    0.000000 ^ _289_/CLK (sg13g2_dfrbpq_1)
    15    0.045906    0.193279    0.323398    0.323398 ^ _289_/Q (sg13g2_dfrbpq_1)
                                                         DPATH.SUM.fa_5.A (net)
                      0.193279    0.000000    0.323398 ^ _209_/A (sg13g2_and2_1)
     3    0.009363    0.054670    0.149803    0.473201 ^ _209_/X (sg13g2_and2_1)
                                                         _038_ (net)
                      0.054670    0.000000    0.473201 ^ _270_/B1 (sg13g2_a21oi_1)
     1    0.080000    0.248533    0.222728    0.695929 v _270_/Y (sg13g2_a21oi_1)
                                                         sine_out[16] (net)
                      0.248533    0.000000    0.695929 v sine_out[16] (out)
                                              0.695929   data arrival time

                      0.100000    0.000000    0.000000   clock clk (rise edge)
                                  0.000000    0.000000   clock network delay (ideal)
                                  0.150000    0.150000   clock uncertainty
                                  0.000000    0.150000   clock reconvergence pessimism
                                  0.000000    0.150000   output external delay
                                              0.150000   data required time
---------------------------------------------------------------------------------------------
                                              0.150000   data required time
                                             -0.695929   data arrival time
---------------------------------------------------------------------------------------------
                                              0.545929   slack (MET)


Startpoint: _289_ (rising edge-triggered flip-flop clocked by clk)
Endpoint: sine_out[17] (output port clocked by clk)
Path Group: clk
Path Type: min

Fanout         Cap        Slew       Delay        Time   Description
---------------------------------------------------------------------------------------------
                      0.100000    0.000000    0.000000   clock clk (rise edge)
                                  0.000000    0.000000   clock network delay (ideal)
                      0.100000    0.000000    0.000000 ^ _289_/CLK (sg13g2_dfrbpq_1)
    15    0.044615    0.141809    0.295137    0.295137 v _289_/Q (sg13g2_dfrbpq_1)
                                                         DPATH.SUM.fa_5.A (net)
                      0.141809    0.000000    0.295137 v _209_/A (sg13g2_and2_1)
     3    0.008832    0.041049    0.122519    0.417656 v _209_/X (sg13g2_and2_1)
                                                         _038_ (net)
                      0.041049    0.000000    0.417656 v _271_/B1 (sg13g2_o21ai_1)
     1    0.080000    0.394553    0.306213    0.723869 ^ _271_/Y (sg13g2_o21ai_1)
                                                         sine_out[17] (net)
                      0.394553    0.000000    0.723869 ^ sine_out[17] (out)
                                              0.723869   data arrival time

                      0.100000    0.000000    0.000000   clock clk (rise edge)
                                  0.000000    0.000000   clock network delay (ideal)
                                  0.150000    0.150000   clock uncertainty
                                  0.000000    0.150000   clock reconvergence pessimism
                                  0.000000    0.150000   output external delay
                                              0.150000   data required time
---------------------------------------------------------------------------------------------
                                              0.150000   data required time
                                             -0.723869   data arrival time
---------------------------------------------------------------------------------------------
                                              0.573869   slack (MET)


Startpoint: _290_ (rising edge-triggered flip-flop clocked by clk)
Endpoint: sine_out[10] (output port clocked by clk)
Path Group: clk
Path Type: min

Fanout         Cap        Slew       Delay        Time   Description
---------------------------------------------------------------------------------------------
                      0.100000    0.000000    0.000000   clock clk (rise edge)
                                  0.000000    0.000000   clock network delay (ideal)
                      0.100000    0.000000    0.000000 ^ _290_/CLK (sg13g2_dfrbpq_1)
    15    0.046671    0.147941    0.299687    0.299687 v _290_/Q (sg13g2_dfrbpq_1)
                                                         DPATH.SUM.fa_6.A (net)
                      0.147941    0.000000    0.299687 v _128_/A (sg13g2_inv_1)
     3    0.008745    0.066331    0.081998    0.381684 ^ _128_/Y (sg13g2_inv_1)
                                                         _083_ (net)
                      0.066331    0.000000    0.381684 ^ _260_/B (sg13g2_nand3b_1)
     1    0.002860    0.053322    0.083158    0.464842 v _260_/Y (sg13g2_nand3b_1)
                                                         _079_ (net)
                      0.053322    0.000000    0.464842 v _261_/B (sg13g2_nand2_1)
     1    0.080000    0.331090    0.266869    0.731711 ^ _261_/Y (sg13g2_nand2_1)
                                                         sine_out[10] (net)
                      0.331090    0.000000    0.731711 ^ sine_out[10] (out)
                                              0.731711   data arrival time

                      0.100000    0.000000    0.000000   clock clk (rise edge)
                                  0.000000    0.000000   clock network delay (ideal)
                                  0.150000    0.150000   clock uncertainty
                                  0.000000    0.150000   clock reconvergence pessimism
                                  0.000000    0.150000   output external delay
                                              0.150000   data required time
---------------------------------------------------------------------------------------------
                                              0.150000   data required time
                                             -0.731711   data arrival time
---------------------------------------------------------------------------------------------
                                              0.581711   slack (MET)


Startpoint: _290_ (rising edge-triggered flip-flop clocked by clk)
Endpoint: sine_out[2] (output port clocked by clk)
Path Group: clk
Path Type: min

Fanout         Cap        Slew       Delay        Time   Description
---------------------------------------------------------------------------------------------
                      0.100000    0.000000    0.000000   clock clk (rise edge)
                                  0.000000    0.000000   clock network delay (ideal)
                      0.100000    0.000000    0.000000 ^ _290_/CLK (sg13g2_dfrbpq_1)
    15    0.046671    0.147941    0.299687    0.299687 v _290_/Q (sg13g2_dfrbpq_1)
                                                         DPATH.SUM.fa_6.A (net)
                      0.147941    0.000000    0.299687 v _249_/S (sg13g2_mux2_1)
     1    0.003120    0.030158    0.159631    0.459318 v _249_/X (sg13g2_mux2_1)
                                                         _076_ (net)
                      0.030158    0.000000    0.459318 v _250_/B1 (sg13g2_o21ai_1)
     1    0.080000    0.394522    0.299957    0.759274 ^ _250_/Y (sg13g2_o21ai_1)
                                                         sine_out[2] (net)
                      0.394522    0.000000    0.759274 ^ sine_out[2] (out)
                                              0.759274   data arrival time

                      0.100000    0.000000    0.000000   clock clk (rise edge)
                                  0.000000    0.000000   clock network delay (ideal)
                                  0.150000    0.150000   clock uncertainty
                                  0.000000    0.150000   clock reconvergence pessimism
                                  0.000000    0.150000   output external delay
                                              0.150000   data required time
---------------------------------------------------------------------------------------------
                                              0.150000   data required time
                                             -0.759274   data arrival time
---------------------------------------------------------------------------------------------
                                              0.609274   slack (MET)


Startpoint: _291_ (rising edge-triggered flip-flop clocked by clk)
Endpoint: signB (output port clocked by clk)
Path Group: clk
Path Type: min

Fanout         Cap        Slew       Delay        Time   Description
---------------------------------------------------------------------------------------------
                      0.100000    0.000000    0.000000   clock clk (rise edge)
                                  0.000000    0.000000   clock network delay (ideal)
                      0.100000    0.000000    0.000000 ^ _291_/CLK (sg13g2_dfrbpq_1)
     2    0.082816    0.255982    0.379610    0.379610 v _291_/Q (sg13g2_dfrbpq_1)
                                                         sign (net)
                      0.255982    0.000000    0.379610 v _129_/A (sg13g2_inv_1)
     2    0.085655    0.372124    0.386698    0.766309 ^ _129_/Y (sg13g2_inv_1)
                                                         signB (net)
                      0.372124    0.000000    0.766309 ^ signB (out)
                                              0.766309   data arrival time

                      0.100000    0.000000    0.000000   clock clk (rise edge)
                                  0.000000    0.000000   clock network delay (ideal)
                                  0.150000    0.150000   clock uncertainty
                                  0.000000    0.150000   clock reconvergence pessimism
                                  0.000000    0.150000   output external delay
                                              0.150000   data required time
---------------------------------------------------------------------------------------------
                                              0.150000   data required time
                                             -0.766309   data arrival time
---------------------------------------------------------------------------------------------
                                              0.616309   slack (MET)


Startpoint: _284_ (rising edge-triggered flip-flop clocked by clk)
Endpoint: sine_out[5] (output port clocked by clk)
Path Group: clk
Path Type: min

Fanout         Cap        Slew       Delay        Time   Description
---------------------------------------------------------------------------------------------
                      0.100000    0.000000    0.000000   clock clk (rise edge)
                                  0.000000    0.000000   clock network delay (ideal)
                      0.100000    0.000000    0.000000 ^ _284_/CLK (sg13g2_dfrbpq_1)
    18    0.064061    0.266078    0.373720    0.373720 ^ _284_/Q (sg13g2_dfrbpq_1)
                                                         DPATH.SUM.Cout0 (net)
                      0.266078    0.000000    0.373720 ^ _254_/B (sg13g2_and3_1)
     2    0.006072    0.044766    0.190730    0.564450 ^ _254_/X (sg13g2_and3_1)
                                                         _078_ (net)
                      0.044766    0.000000    0.564450 ^ _255_/C (sg13g2_nor3_1)
     1    0.080000    0.240297    0.210718    0.775168 v _255_/Y (sg13g2_nor3_1)
                                                         sine_out[5] (net)
                      0.240297    0.000000    0.775168 v sine_out[5] (out)
                                              0.775168   data arrival time

                      0.100000    0.000000    0.000000   clock clk (rise edge)
                                  0.000000    0.000000   clock network delay (ideal)
                                  0.150000    0.150000   clock uncertainty
                                  0.000000    0.150000   clock reconvergence pessimism
                                  0.000000    0.150000   output external delay
                                              0.150000   data required time
---------------------------------------------------------------------------------------------
                                              0.150000   data required time
                                             -0.775168   data arrival time
---------------------------------------------------------------------------------------------
                                              0.625168   slack (MET)


Startpoint: _290_ (rising edge-triggered flip-flop clocked by clk)
Endpoint: sine_out[4] (output port clocked by clk)
Path Group: clk
Path Type: min

Fanout         Cap        Slew       Delay        Time   Description
---------------------------------------------------------------------------------------------
                      0.100000    0.000000    0.000000   clock clk (rise edge)
                                  0.000000    0.000000   clock network delay (ideal)
                      0.100000    0.000000    0.000000 ^ _290_/CLK (sg13g2_dfrbpq_1)
    15    0.047983    0.201606    0.329154    0.329154 ^ _290_/Q (sg13g2_dfrbpq_1)
                                                         DPATH.SUM.fa_6.A (net)
                      0.201606    0.000000    0.329154 ^ _153_/B (sg13g2_or2_1)
     9    0.027288    0.119697    0.191624    0.520778 ^ _153_/X (sg13g2_or2_1)
                                                         _103_ (net)
                      0.119697    0.000000    0.520778 ^ _253_/B (sg13g2_nor3_1)
     1    0.080000    0.242447    0.261789    0.782567 v _253_/Y (sg13g2_nor3_1)
                                                         sine_out[4] (net)
                      0.242447    0.000000    0.782567 v sine_out[4] (out)
                                              0.782567   data arrival time

                      0.100000    0.000000    0.000000   clock clk (rise edge)
                                  0.000000    0.000000   clock network delay (ideal)
                                  0.150000    0.150000   clock uncertainty
                                  0.000000    0.150000   clock reconvergence pessimism
                                  0.000000    0.150000   output external delay
                                              0.150000   data required time
---------------------------------------------------------------------------------------------
                                              0.150000   data required time
                                             -0.782567   data arrival time
---------------------------------------------------------------------------------------------
                                              0.632567   slack (MET)


Startpoint: _290_ (rising edge-triggered flip-flop clocked by clk)
Endpoint: sine_out[6] (output port clocked by clk)
Path Group: clk
Path Type: min

Fanout         Cap        Slew       Delay        Time   Description
---------------------------------------------------------------------------------------------
                      0.100000    0.000000    0.000000   clock clk (rise edge)
                                  0.000000    0.000000   clock network delay (ideal)
                      0.100000    0.000000    0.000000 ^ _290_/CLK (sg13g2_dfrbpq_1)
    15    0.047983    0.201606    0.329154    0.329154 ^ _290_/Q (sg13g2_dfrbpq_1)
                                                         DPATH.SUM.fa_6.A (net)
                      0.201606    0.000000    0.329154 ^ _153_/B (sg13g2_or2_1)
     9    0.027288    0.119697    0.191624    0.520778 ^ _153_/X (sg13g2_or2_1)
                                                         _103_ (net)
                      0.119697    0.000000    0.520778 ^ _256_/B1 (sg13g2_a21oi_1)
     1    0.080000    0.253672    0.263793    0.784571 v _256_/Y (sg13g2_a21oi_1)
                                                         sine_out[6] (net)
                      0.253672    0.000000    0.784571 v sine_out[6] (out)
                                              0.784571   data arrival time

                      0.100000    0.000000    0.000000   clock clk (rise edge)
                                  0.000000    0.000000   clock network delay (ideal)
                                  0.150000    0.150000   clock uncertainty
                                  0.000000    0.150000   clock reconvergence pessimism
                                  0.000000    0.150000   output external delay
                                              0.150000   data required time
---------------------------------------------------------------------------------------------
                                              0.150000   data required time
                                             -0.784571   data arrival time
---------------------------------------------------------------------------------------------
                                              0.634571   slack (MET)


Startpoint: _290_ (rising edge-triggered flip-flop clocked by clk)
Endpoint: sine_out[7] (output port clocked by clk)
Path Group: clk
Path Type: min

Fanout         Cap        Slew       Delay        Time   Description
---------------------------------------------------------------------------------------------
                      0.100000    0.000000    0.000000   clock clk (rise edge)
                                  0.000000    0.000000   clock network delay (ideal)
                      0.100000    0.000000    0.000000 ^ _290_/CLK (sg13g2_dfrbpq_1)
    15    0.047983    0.201606    0.329154    0.329154 ^ _290_/Q (sg13g2_dfrbpq_1)
                                                         DPATH.SUM.fa_6.A (net)
                      0.201606    0.000000    0.329154 ^ _153_/B (sg13g2_or2_1)
     9    0.027288    0.119697    0.191624    0.520778 ^ _153_/X (sg13g2_or2_1)
                                                         _103_ (net)
                      0.119697    0.000000    0.520778 ^ _257_/B1 (sg13g2_a21oi_1)
     1    0.080000    0.253672    0.263793    0.784571 v _257_/Y (sg13g2_a21oi_1)
                                                         sine_out[7] (net)
                      0.253672    0.000000    0.784571 v sine_out[7] (out)
                                              0.784571   data arrival time

                      0.100000    0.000000    0.000000   clock clk (rise edge)
                                  0.000000    0.000000   clock network delay (ideal)
                                  0.150000    0.150000   clock uncertainty
                                  0.000000    0.150000   clock reconvergence pessimism
                                  0.000000    0.150000   output external delay
                                              0.150000   data required time
---------------------------------------------------------------------------------------------
                                              0.150000   data required time
                                             -0.784571   data arrival time
---------------------------------------------------------------------------------------------
                                              0.634571   slack (MET)


Startpoint: _290_ (rising edge-triggered flip-flop clocked by clk)
Endpoint: sine_out[8] (output port clocked by clk)
Path Group: clk
Path Type: min

Fanout         Cap        Slew       Delay        Time   Description
---------------------------------------------------------------------------------------------
                      0.100000    0.000000    0.000000   clock clk (rise edge)
                                  0.000000    0.000000   clock network delay (ideal)
                      0.100000    0.000000    0.000000 ^ _290_/CLK (sg13g2_dfrbpq_1)
    15    0.047983    0.201606    0.329154    0.329154 ^ _290_/Q (sg13g2_dfrbpq_1)
                                                         DPATH.SUM.fa_6.A (net)
                      0.201606    0.000000    0.329154 ^ _153_/B (sg13g2_or2_1)
     9    0.027288    0.119697    0.191624    0.520778 ^ _153_/X (sg13g2_or2_1)
                                                         _103_ (net)
                      0.119697    0.000000    0.520778 ^ _258_/B1 (sg13g2_a21oi_1)
     1    0.080000    0.253672    0.263793    0.784571 v _258_/Y (sg13g2_a21oi_1)
                                                         sine_out[8] (net)
                      0.253672    0.000000    0.784571 v sine_out[8] (out)
                                              0.784571   data arrival time

                      0.100000    0.000000    0.000000   clock clk (rise edge)
                                  0.000000    0.000000   clock network delay (ideal)
                                  0.150000    0.150000   clock uncertainty
                                  0.000000    0.150000   clock reconvergence pessimism
                                  0.000000    0.150000   output external delay
                                              0.150000   data required time
---------------------------------------------------------------------------------------------
                                              0.150000   data required time
                                             -0.784571   data arrival time
---------------------------------------------------------------------------------------------
                                              0.634571   slack (MET)


Startpoint: _290_ (rising edge-triggered flip-flop clocked by clk)
Endpoint: sine_out[3] (output port clocked by clk)
Path Group: clk
Path Type: min

Fanout         Cap        Slew       Delay        Time   Description
---------------------------------------------------------------------------------------------
                      0.100000    0.000000    0.000000   clock clk (rise edge)
                                  0.000000    0.000000   clock network delay (ideal)
                      0.100000    0.000000    0.000000 ^ _290_/CLK (sg13g2_dfrbpq_1)
    15    0.047983    0.201606    0.329154    0.329154 ^ _290_/Q (sg13g2_dfrbpq_1)
                                                         DPATH.SUM.fa_6.A (net)
                      0.201606    0.000000    0.329154 ^ _153_/B (sg13g2_or2_1)
     9    0.027288    0.119697    0.191624    0.520778 ^ _153_/X (sg13g2_or2_1)
                                                         _103_ (net)
                      0.119697    0.000000    0.520778 ^ _252_/A (sg13g2_nor2_1)
     1    0.080000    0.247394    0.266182    0.786960 v _252_/Y (sg13g2_nor2_1)
                                                         sine_out[3] (net)
                      0.247394    0.000000    0.786960 v sine_out[3] (out)
                                              0.786960   data arrival time

                      0.100000    0.000000    0.000000   clock clk (rise edge)
                                  0.000000    0.000000   clock network delay (ideal)
                                  0.150000    0.150000   clock uncertainty
                                  0.000000    0.150000   clock reconvergence pessimism
                                  0.000000    0.150000   output external delay
                                              0.150000   data required time
---------------------------------------------------------------------------------------------
                                              0.150000   data required time
                                             -0.786960   data arrival time
---------------------------------------------------------------------------------------------
                                              0.636960   slack (MET)



