Clock: clk
Sources: clk 
Generated: no
Virtual: yes
Propagated: no
Period: 5.000000

===========================================================================
report_clock_properties
============================================================================
Clock                   Period          Waveform
----------------------------------------------------
clk                   5.000000    0.000000  2.500000

===========================================================================
report_clock_latency
============================================================================
Clock clk
rise -> rise
    min     max
0.000000 0.000000 source latency
0.086296         network latency _290_/CLK
        0.087452 network latency _284_/CLK
---------------
0.086296 0.087452 latency
        0.001156 skew

fall -> fall
    min     max
0.000000 0.000000 source latency
0.091718         network latency _290_/CLK
        0.092712 network latency _284_/CLK
---------------
0.091718 0.092712 latency
        0.000995 skew



===========================================================================
report_clock_min_period
============================================================================
clk period_min = 1.32 fmax = 757.10
