[WARNING ORD-0039] .openroad ignored with -python
[WARNING] Overriding minimum distance 0.22 with 0.61 for pins on side E to avoid overlap.
Top-level design name: DigitalSine
Block boundaries: 0 0 68885 87605
Horizontal Tracks Origin: 420, Count: 208, Step: 420
Vertical Tracks Origin: 480, Count: 143, Step: 480
Placement details for the E side
Virtual pin count:  0
Actual pin count:  20
Total pin count:  20
Tracks count:  104
Tracks per pin:  5
Used tracks count:  96
Unused track count:  8
Starting track index:  4
Placement details for the S side
Virtual pin count:  0
Actual pin count:  2
Total pin count:  2
Tracks count:  72
Tracks per pin:  36
Used tracks count:  37
Unused track count:  35
Starting track index:  17
