Clock: clk
Sources: clk 
Generated: no
Virtual: yes
Propagated: no
Period: 5.000000

===========================================================================
report_clock_properties
============================================================================
Clock                   Period          Waveform
----------------------------------------------------
clk                   5.000000    0.000000  2.500000

===========================================================================
report_clock_latency
============================================================================
Clock clk
rise -> rise
    min     max
0.000000 0.000000 source latency
0.119780         network latency _297_/CLK
        0.120229 network latency _295_/CLK
---------------
0.119780 0.120229 latency
        0.000450 skew

fall -> fall
    min     max
0.000000 0.000000 source latency
0.131737         network latency _297_/CLK
        0.132026 network latency _295_/CLK
---------------
0.131737 0.132026 latency
        0.000288 skew



===========================================================================
report_clock_min_period
============================================================================
clk period_min = 1.75 fmax = 572.66
