Clock: clk
Sources: clk 
Generated: no
Virtual: yes
Propagated: no
Period: 5.000000

===========================================================================
report_clock_properties
============================================================================
Clock                   Period          Waveform
----------------------------------------------------
clk                   5.000000    0.000000  2.500000

===========================================================================
report_clock_latency
============================================================================
Clock clk
rise -> rise
    min     max
0.000000 0.000000 source latency
0.190229         network latency _297_/CLK
        0.192587 network latency _296_/CLK
---------------
0.190229 0.192587 latency
        0.002358 skew

fall -> fall
    min     max
0.000000 0.000000 source latency
0.206201         network latency _297_/CLK
        0.208215 network latency _296_/CLK
---------------
0.206201 0.208215 latency
        0.002015 skew



===========================================================================
report_clock_min_period
============================================================================
clk period_min = 2.77 fmax = 361.28
