Reading timing models for corner nom_typ_1p20V_25C…
Reading timing library for the 'nom_typ_1p20V_25C' corner at '/opt/pdks/ciel/ihp-sg13g2/versions/cb7daaa8901016cf7c5d272dfa322c41f024931f/ihp-sg13g2/libs.ref/sg13g2_stdcell/lib/sg13g2_stdcell_typ_1p20V_25C.lib'…
Reading OpenROAD database at '/home/designer/shared/Bioimpedance-ASIC-for-skin-cancer-detection/current_generator/digital/DigitalSine/runs/RUN_2025-12-14_11-39-07/42-openroad-repairantennas/1-diodeinsertion/DigitalSine.odb'…
Reading design constraints file at '/home/designer/shared/Bioimpedance-ASIC-for-skin-cancer-detection/current_generator/digital/DigitalSine/cons.sdc'…
[WARNING STA-0441] set_input_delay relative to a clock defined on the same port/pin not allowed.
[WARNING STA-0441] set_input_delay relative to a clock defined on the same port/pin not allowed.
[WARNING STA-0441] set_input_delay relative to a clock defined on the same port/pin not allowed.
[WARNING STA-0441] set_input_delay relative to a clock defined on the same port/pin not allowed.
[INFO] No information on clock propagation in input SDC file-- propagating all clocks.
[INFO] Setting signal min routing layer to: Metal2 and clock min routing layer to Metal2. 
[INFO] Setting signal max routing layer to: TopMetal2 and clock max routing layer to TopMetal2. 
+ global_route -congestion_iterations 50 -verbose
[INFO GRT-0020] Min routing layer: Metal2
[INFO GRT-0021] Max routing layer: TopMetal2
[INFO GRT-0022] Global adjustment: 30%
[INFO GRT-0023] Grid origin: (0, 0)
[INFO GRT-0088] Layer Metal1  Track-Pitch = 0.4200  line-2-Via Pitch: 0.3650
[INFO GRT-0088] Layer Metal2  Track-Pitch = 0.4800  line-2-Via Pitch: 0.4150
[INFO GRT-0088] Layer Metal3  Track-Pitch = 0.4200  line-2-Via Pitch: 0.4150
[INFO GRT-0088] Layer Metal4  Track-Pitch = 0.4800  line-2-Via Pitch: 0.4150
[INFO GRT-0088] Layer Metal5  Track-Pitch = 0.4200  line-2-Via Pitch: 0.6200
[INFO GRT-0088] Layer TopMetal1 Track-Pitch = 2.2800  line-2-Via Pitch: 3.4100
[INFO GRT-0088] Layer TopMetal2 Track-Pitch = 4.0000  line-2-Via Pitch: 3.9500
[INFO GRT-0003] Macros: 0
[WARNING GRT-0041] Net VPWR has wires/vias outside die area.
[WARNING GRT-0041] Net VPWR has wires/vias outside die area.
[WARNING GRT-0041] Net VPWR has wires/vias outside die area.
[WARNING GRT-0041] Net VPWR has wires/vias outside die area.
[WARNING GRT-0041] Net VPWR has wires/vias outside die area.
[WARNING GRT-0041] Net VPWR has wires/vias outside die area.
[WARNING GRT-0041] Net VPWR has wires/vias outside die area.
[WARNING GRT-0041] Net VPWR has wires/vias outside die area.
[WARNING GRT-0041] Net VPWR has wires/vias outside die area.
[WARNING GRT-0041] Net VPWR has wires/vias outside die area.
[WARNING GRT-0041] Net VPWR has wires/vias outside die area.
[WARNING GRT-0041] Net VPWR has wires/vias outside die area.
[WARNING GRT-0041] Net VPWR has wires/vias outside die area.
[WARNING GRT-0041] Net VPWR has wires/vias outside die area.
[WARNING GRT-0041] Net VPWR has wires/vias outside die area.
[WARNING GRT-0041] Net VPWR has wires/vias outside die area.
[WARNING GRT-0041] Net VPWR has wires/vias outside die area.
[WARNING GRT-0041] Net VGND has wires/vias outside die area.
[WARNING GRT-0041] Net VGND has wires/vias outside die area.
[WARNING GRT-0041] Net VGND has wires/vias outside die area.
[WARNING GRT-0041] Net VGND has wires/vias outside die area.
[WARNING GRT-0041] Net VGND has wires/vias outside die area.
[WARNING GRT-0041] Net VGND has wires/vias outside die area.
[WARNING GRT-0041] Net VGND has wires/vias outside die area.
[WARNING GRT-0041] Net VGND has wires/vias outside die area.
[WARNING GRT-0041] Net VGND has wires/vias outside die area.
[WARNING GRT-0041] Net VGND has wires/vias outside die area.
[WARNING GRT-0041] Net VGND has wires/vias outside die area.
[WARNING GRT-0041] Net VGND has wires/vias outside die area.
[WARNING GRT-0041] Net VGND has wires/vias outside die area.
[WARNING GRT-0041] Net VGND has wires/vias outside die area.
[WARNING GRT-0041] Net VGND has wires/vias outside die area.
[WARNING GRT-0041] Net VGND has wires/vias outside die area.
[WARNING GRT-0041] Net VGND has wires/vias outside die area.
[INFO GRT-0004] Blockages: 0
[INFO GRT-0019] Found 4 clock nets.
[INFO GRT-0001] Minimum degree: 2
[INFO GRT-0002] Maximum degree: 9

[INFO GRT-0053] Routing resources analysis:
          Routing      Original      Derated      Resource
Layer     Direction    Resources     Resources    Reduction (%)
---------------------------------------------------------------
Metal1     Horizontal          0             0          0.00%
Metal2     Vertical         2153          1292          39.99%
Metal3     Horizontal       2364          1439          39.13%
Metal4     Vertical         2153          1198          44.36%
Metal5     Horizontal       1664           810          51.32%
TopMetal1    Vertical          199           156          21.61%
TopMetal2    Horizontal        162           140          13.58%
---------------------------------------------------------------

[INFO GRT-0197] Via related to pin nodes: 1365
[INFO GRT-0198] Via related Steiner nodes: 12
[INFO GRT-0199] Via filling finished.
[INFO GRT-0111] Final number of vias: 1711
[INFO GRT-0112] Final usage 3D: 6001

[INFO GRT-0096] Final congestion report:
Layer         Resource        Demand        Usage (%)    Max H / Max V / Total Overflow
---------------------------------------------------------------------------------------
Metal1               0             0            0.00%             0 /  0 /  0
Metal2            1292           428           33.13%             0 /  0 /  0
Metal3            1439           388           26.96%             0 /  0 /  0
Metal4            1198            28            2.34%             0 /  0 /  0
Metal5             810            24            2.96%             0 /  0 /  0
TopMetal1            156             0            0.00%             0 /  0 /  0
TopMetal2            140             0            0.00%             0 /  0 /  0
---------------------------------------------------------------------------------------
Total             5035           868           17.24%             0 /  0 /  0

[INFO GRT-0018] Total wirelength: 9261 um
[INFO GRT-0014] Routed nets: 251
[INFO ORD-0030] Using 12 thread(s).
+ detailed_route -bottom_routing_layer Metal2 -top_routing_layer TopMetal2 -droute_end_iter 64 -or_seed 42 -verbose 1 -output_drc /home/designer/shared/Bioimpedance-ASIC-for-skin-cancer-detection/current_generator/digital/DigitalSine/runs/RUN_2025-12-14_11-39-07/44-openroad-detailedrouting/drt-run-0/DigitalSine.drc
[INFO DRT-0149] Reading tech and libs.
[WARNING DRT-0349] LEF58_ENCLOSURE with no CUTCLASS is not supported. Skipping for layer Cont
[WARNING DRT-0349] LEF58_ENCLOSURE with no CUTCLASS is not supported. Skipping for layer Via1
[WARNING DRT-0349] LEF58_ENCLOSURE with no CUTCLASS is not supported. Skipping for layer Via1
[WARNING DRT-0349] LEF58_ENCLOSURE with no CUTCLASS is not supported. Skipping for layer Via2
[WARNING DRT-0349] LEF58_ENCLOSURE with no CUTCLASS is not supported. Skipping for layer Via3
[WARNING DRT-0349] LEF58_ENCLOSURE with no CUTCLASS is not supported. Skipping for layer Via4
[WARNING DRT-0349] LEF58_ENCLOSURE with no CUTCLASS is not supported. Skipping for layer TopVia1
[WARNING DRT-0349] LEF58_ENCLOSURE with no CUTCLASS is not supported. Skipping for layer TopVia1
[WARNING DRT-0349] LEF58_ENCLOSURE with no CUTCLASS is not supported. Skipping for layer TopVia2
[WARNING DRT-0349] LEF58_ENCLOSURE with no CUTCLASS is not supported. Skipping for layer TopVia2

Units:                1000
Number of layers:     15
Number of macros:     84
Number of vias:       77
Number of viarulegen: 6

[INFO DRT-0150] Reading design.

Design:                   DigitalSine
Die area:                 ( 0 0 ) ( 73510 92230 )
Number of track patterns: 14
Number of DEF vias:       0
Number of components:     250
Number of terminals:      39
Number of snets:          2
Number of nets:           251

[INFO DRT-0167] List of default vias:
  Layer Via2
    default via: Via2_YX
  Layer Via3
    default via: Via3_XY
  Layer Via4
    default via: Via4_YX
  Layer TopVia1
    default via: TopVia1EWNS
  Layer TopVia2
    default via: TopVia2EWNS
[INFO DRT-0162] Library cell analysis.
[INFO DRT-0163] Instance analysis.
[INFO DRT-0164] Number of unique instances = 75.
[INFO DRT-0168] Init region query.
[INFO DRT-0024]   Complete GatPoly.
[INFO DRT-0024]   Complete Cont.
[INFO DRT-0024]   Complete Metal1.
[INFO DRT-0024]   Complete Via1.
[INFO DRT-0024]   Complete Metal2.
[INFO DRT-0024]   Complete Via2.
[INFO DRT-0024]   Complete Metal3.
[INFO DRT-0024]   Complete Via3.
[INFO DRT-0024]   Complete Metal4.
[INFO DRT-0024]   Complete Via4.
[INFO DRT-0024]   Complete Metal5.
[INFO DRT-0024]   Complete TopVia1.
[INFO DRT-0024]   Complete TopMetal1.
[INFO DRT-0024]   Complete TopVia2.
[INFO DRT-0024]   Complete TopMetal2.
[INFO DRT-0033] GatPoly shape region query size = 0.
[INFO DRT-0033] Cont shape region query size = 0.
[INFO DRT-0033] Metal1 shape region query size = 4831.
[INFO DRT-0033] Via1 shape region query size = 85.
[INFO DRT-0033] Metal2 shape region query size = 67.
[INFO DRT-0033] Via2 shape region query size = 85.
[INFO DRT-0033] Metal3 shape region query size = 38.
[INFO DRT-0033] Via3 shape region query size = 85.
[INFO DRT-0033] Metal4 shape region query size = 47.
[INFO DRT-0033] Via4 shape region query size = 288.
[INFO DRT-0033] Metal5 shape region query size = 30.
[INFO DRT-0033] TopVia1 shape region query size = 0.
[INFO DRT-0033] TopMetal1 shape region query size = 0.
[INFO DRT-0033] TopVia2 shape region query size = 0.
[INFO DRT-0033] TopMetal2 shape region query size = 0.
[INFO DRT-0165] Start pin access.
[INFO DRT-0078]   Complete 386 pins.
[INFO DRT-0081]   Complete 75 unique inst patterns.
[INFO DRT-0084]   Complete 70 groups.
#scanned instances     = 250
#unique  instances     = 75
#stdCellGenAp          = 3332
#stdCellValidPlanarAp  = 0
#stdCellValidViaAp     = 2647
#stdCellPinNoAp        = 0
#stdCellPinCnt         = 742
#instTermValidViaApCnt = 0
#macroGenAp            = 0
#macroValidPlanarAp    = 0
#macroValidViaAp       = 0
#macroNoAp             = 0
[INFO DRT-0166] Complete pin access.
[INFO DRT-0267] cpu time = 00:00:24, elapsed time = 00:00:02, memory = 173.38 (MB), peak = 173.38 (MB)

[INFO DRT-0157] Number of guides:     1836

[INFO DRT-0169] Post process guides.
[INFO DRT-0176] GCELLGRID X 0 DO 11 STEP 6300 ;
[INFO DRT-0177] GCELLGRID Y 0 DO 14 STEP 6300 ;
[INFO DRT-0028]   Complete GatPoly.
[INFO DRT-0028]   Complete Cont.
[INFO DRT-0028]   Complete Metal1.
[INFO DRT-0028]   Complete Via1.
[INFO DRT-0028]   Complete Metal2.
[INFO DRT-0028]   Complete Via2.
[INFO DRT-0028]   Complete Metal3.
[INFO DRT-0028]   Complete Via3.
[INFO DRT-0028]   Complete Metal4.
[INFO DRT-0028]   Complete Via4.
[INFO DRT-0028]   Complete Metal5.
[INFO DRT-0028]   Complete TopVia1.
[INFO DRT-0028]   Complete TopMetal1.
[INFO DRT-0028]   Complete TopVia2.
[INFO DRT-0028]   Complete TopMetal2.
[INFO DRT-0178] Init guide query.
[INFO DRT-0035]   Complete GatPoly (guide).
[INFO DRT-0035]   Complete Cont (guide).
[INFO DRT-0035]   Complete Metal1 (guide).
[INFO DRT-0035]   Complete Via1 (guide).
[INFO DRT-0035]   Complete Metal2 (guide).
[INFO DRT-0035]   Complete Via2 (guide).
[INFO DRT-0035]   Complete Metal3 (guide).
[INFO DRT-0035]   Complete Via3 (guide).
[INFO DRT-0035]   Complete Metal4 (guide).
[INFO DRT-0035]   Complete Via4 (guide).
[INFO DRT-0035]   Complete Metal5 (guide).
[INFO DRT-0035]   Complete TopVia1 (guide).
[INFO DRT-0035]   Complete TopMetal1 (guide).
[INFO DRT-0035]   Complete TopVia2 (guide).
[INFO DRT-0035]   Complete TopMetal2 (guide).
[INFO DRT-0036] GatPoly guide region query size = 0.
[INFO DRT-0036] Cont guide region query size = 0.
[INFO DRT-0036] Metal1 guide region query size = 647.
[INFO DRT-0036] Via1 guide region query size = 0.
[INFO DRT-0036] Metal2 guide region query size = 582.
[INFO DRT-0036] Via2 guide region query size = 0.
[INFO DRT-0036] Metal3 guide region query size = 293.
[INFO DRT-0036] Via3 guide region query size = 0.
[INFO DRT-0036] Metal4 guide region query size = 19.
[INFO DRT-0036] Via4 guide region query size = 0.
[INFO DRT-0036] Metal5 guide region query size = 5.
[INFO DRT-0036] TopVia1 guide region query size = 0.
[INFO DRT-0036] TopMetal1 guide region query size = 0.
[INFO DRT-0036] TopVia2 guide region query size = 0.
[INFO DRT-0036] TopMetal2 guide region query size = 0.
[INFO DRT-0179] Init gr pin query.
[INFO DRT-0267] cpu time = 00:00:00, elapsed time = 00:00:00, memory = 173.51 (MB), peak = 173.51 (MB)
[INFO DRT-0245] skipped writing guide updates to database.
[INFO DRT-0185] Post process initialize RPin region query.
[INFO DRT-0181] Start track assignment.
[INFO DRT-0184] Done with 601 vertical wires in 1 frboxes and 945 horizontal wires in 1 frboxes.
[INFO DRT-0186] Done with 246 vertical wires in 1 frboxes and 149 horizontal wires in 1 frboxes.
[INFO DRT-0182] Complete track assignment.
[INFO DRT-0267] cpu time = 00:00:01, elapsed time = 00:00:00, memory = 176.01 (MB), peak = 176.01 (MB)
[INFO DRT-0187] Start routing data preparation.
[INFO DRT-0267] cpu time = 00:00:00, elapsed time = 00:00:00, memory = 176.13 (MB), peak = 176.13 (MB)
[INFO DRT-0194] Start detail routing.
[INFO DRT-0195] Start 0th optimization iteration.
    Completing 20% with 0 violations.
    elapsed time = 00:00:00, memory = 182.55 (MB).
    Completing 50% with 13 violations.
    elapsed time = 00:00:03, memory = 204.55 (MB).
    Completing 70% with 60 violations.
    elapsed time = 00:00:04, memory = 204.55 (MB).
    Completing 100% with 80 violations.
    elapsed time = 00:00:05, memory = 218.05 (MB).
[INFO DRT-0199]   Number of violations = 88.
Viol/Layer      Metal1   Via1 Metal2 Metal3
Metal Spacing        5      0     62      0
Recheck              4      0      3      1
Short                3      2      8      0
[INFO DRT-0267] cpu time = 00:00:15, elapsed time = 00:00:05, memory = 617.92 (MB), peak = 617.92 (MB)
Total wire length = 5864 um.
Total wire length on LAYER Metal1 = 0 um.
Total wire length on LAYER Metal2 = 2997 um.
Total wire length on LAYER Metal3 = 2423 um.
Total wire length on LAYER Metal4 = 307 um.
Total wire length on LAYER Metal5 = 135 um.
Total wire length on LAYER TopMetal1 = 0 um.
Total wire length on LAYER TopMetal2 = 0 um.
Total number of vias = 1549.
Up-via summary (total 1549):

------------------
   GatPoly       0
    Metal1     751
    Metal2     725
    Metal3      62
    Metal4      11
    Metal5       0
 TopMetal1       0
------------------
          1549


[INFO DRT-0195] Start 1st optimization iteration.
    Completing 10% with 88 violations.
    elapsed time = 00:00:00, memory = 619.42 (MB).
    Completing 30% with 88 violations.
    elapsed time = 00:00:00, memory = 619.42 (MB).
    Completing 50% with 70 violations.
    elapsed time = 00:00:03, memory = 619.42 (MB).
    Completing 60% with 76 violations.
    elapsed time = 00:00:03, memory = 621.42 (MB).
    Completing 80% with 76 violations.
    elapsed time = 00:00:03, memory = 621.42 (MB).
    Completing 100% with 59 violations.
    elapsed time = 00:00:06, memory = 621.54 (MB).
[INFO DRT-0199]   Number of violations = 59.
Viol/Layer      Metal2
Metal Spacing       32
Short               27
[INFO DRT-0267] cpu time = 00:00:13, elapsed time = 00:00:06, memory = 624.54 (MB), peak = 662.17 (MB)
Total wire length = 5794 um.
Total wire length on LAYER Metal1 = 0 um.
Total wire length on LAYER Metal2 = 2970 um.
Total wire length on LAYER Metal3 = 2370 um.
Total wire length on LAYER Metal4 = 305 um.
Total wire length on LAYER Metal5 = 148 um.
Total wire length on LAYER TopMetal1 = 0 um.
Total wire length on LAYER TopMetal2 = 0 um.
Total number of vias = 1520.
Up-via summary (total 1520):

------------------
   GatPoly       0
    Metal1     753
    Metal2     692
    Metal3      61
    Metal4      14
    Metal5       0
 TopMetal1       0
------------------
          1520


[INFO DRT-0195] Start 2nd optimization iteration.
    Completing 10% with 59 violations.
    elapsed time = 00:00:00, memory = 624.54 (MB).
    Completing 20% with 59 violations.
    elapsed time = 00:00:00, memory = 626.79 (MB).
    Completing 30% with 59 violations.
    elapsed time = 00:00:00, memory = 626.79 (MB).
    Completing 40% with 59 violations.
    elapsed time = 00:00:00, memory = 628.66 (MB).
    Completing 50% with 58 violations.
    elapsed time = 00:00:00, memory = 628.79 (MB).
    Completing 60% with 58 violations.
    elapsed time = 00:00:00, memory = 628.79 (MB).
    Completing 70% with 56 violations.
    elapsed time = 00:00:00, memory = 628.79 (MB).
    Completing 80% with 56 violations.
    elapsed time = 00:00:02, memory = 679.16 (MB).
    Completing 100% with 51 violations.
    elapsed time = 00:00:04, memory = 685.54 (MB).
[INFO DRT-0199]   Number of violations = 51.
Viol/Layer      Metal2
Metal Spacing       32
Short               19
[INFO DRT-0267] cpu time = 00:00:11, elapsed time = 00:00:04, memory = 685.54 (MB), peak = 685.54 (MB)
Total wire length = 5800 um.
Total wire length on LAYER Metal1 = 0 um.
Total wire length on LAYER Metal2 = 2921 um.
Total wire length on LAYER Metal3 = 2417 um.
Total wire length on LAYER Metal4 = 308 um.
Total wire length on LAYER Metal5 = 153 um.
Total wire length on LAYER TopMetal1 = 0 um.
Total wire length on LAYER TopMetal2 = 0 um.
Total number of vias = 1527.
Up-via summary (total 1527):

------------------
   GatPoly       0
    Metal1     750
    Metal2     690
    Metal3      72
    Metal4      15
    Metal5       0
 TopMetal1       0
------------------
          1527


[INFO DRT-0195] Start 3rd optimization iteration.
    Completing 20% with 51 violations.
    elapsed time = 00:00:00, memory = 704.04 (MB).
    Completing 50% with 50 violations.
    elapsed time = 00:00:03, memory = 729.02 (MB).
    Completing 70% with 17 violations.
    elapsed time = 00:00:03, memory = 729.02 (MB).
    Completing 100% with 8 violations.
    elapsed time = 00:00:04, memory = 729.02 (MB).
[INFO DRT-0199]   Number of violations = 8.
Viol/Layer      Metal2
Metal Spacing        8
[INFO DRT-0267] cpu time = 00:00:11, elapsed time = 00:00:04, memory = 729.02 (MB), peak = 779.79 (MB)
Total wire length = 5793 um.
Total wire length on LAYER Metal1 = 0 um.
Total wire length on LAYER Metal2 = 2814 um.
Total wire length on LAYER Metal3 = 2442 um.
Total wire length on LAYER Metal4 = 392 um.
Total wire length on LAYER Metal5 = 144 um.
Total wire length on LAYER TopMetal1 = 0 um.
Total wire length on LAYER TopMetal2 = 0 um.
Total number of vias = 1564.
Up-via summary (total 1564):

------------------
   GatPoly       0
    Metal1     750
    Metal2     713
    Metal3      88
    Metal4      13
    Metal5       0
 TopMetal1       0
------------------
          1564


[INFO DRT-0195] Start 4th stubborn tiles iteration.
    Completing 10% with 8 violations.
    elapsed time = 00:00:00, memory = 912.14 (MB).
    Completing 20% with 8 violations.
    elapsed time = 00:00:02, memory = 975.27 (MB).
    Completing 30% with 8 violations.
    elapsed time = 00:00:07, memory = 1131.77 (MB).
    Completing 40% with 8 violations.
    elapsed time = 00:00:08, memory = 1146.02 (MB).
    Completing 50% with 8 violations.
    elapsed time = 00:00:12, memory = 1106.17 (MB).
    Completing 60% with 2 violations.
    elapsed time = 00:00:13, memory = 1106.17 (MB).
    Completing 70% with 2 violations.
    elapsed time = 00:00:13, memory = 1106.17 (MB).
    Completing 80% with 2 violations.
    elapsed time = 00:00:14, memory = 1106.17 (MB).
    Completing 90% with 2 violations.
    elapsed time = 00:00:15, memory = 1106.17 (MB).
    Completing 100% with 0 violations.
    elapsed time = 00:00:15, memory = 1106.17 (MB).
[INFO DRT-0199]   Number of violations = 0.
[INFO DRT-0267] cpu time = 00:02:40, elapsed time = 00:00:16, memory = 1106.17 (MB), peak = 1150.52 (MB)
Total wire length = 5793 um.
Total wire length on LAYER Metal1 = 0 um.
Total wire length on LAYER Metal2 = 2819 um.
Total wire length on LAYER Metal3 = 2437 um.
Total wire length on LAYER Metal4 = 392 um.
Total wire length on LAYER Metal5 = 144 um.
Total wire length on LAYER TopMetal1 = 0 um.
Total wire length on LAYER TopMetal2 = 0 um.
Total number of vias = 1556.
Up-via summary (total 1556):

------------------
   GatPoly       0
    Metal1     750
    Metal2     705
    Metal3      88
    Metal4      13
    Metal5       0
 TopMetal1       0
------------------
          1556


[INFO DRT-0198] Complete detail routing.
Total wire length = 5793 um.
Total wire length on LAYER Metal1 = 0 um.
Total wire length on LAYER Metal2 = 2819 um.
Total wire length on LAYER Metal3 = 2437 um.
Total wire length on LAYER Metal4 = 392 um.
Total wire length on LAYER Metal5 = 144 um.
Total wire length on LAYER TopMetal1 = 0 um.
Total wire length on LAYER TopMetal2 = 0 um.
Total number of vias = 1556.
Up-via summary (total 1556):

------------------
   GatPoly       0
    Metal1     750
    Metal2     705
    Metal3      88
    Metal4      13
    Metal5       0
 TopMetal1       0
------------------
          1556


[INFO DRT-0267] cpu time = 00:03:32, elapsed time = 00:00:36, memory = 1106.29 (MB), peak = 1150.52 (MB)

[INFO DRT-0180] Post processing.
+ check_antennas 
[INFO ANT-0002] Found 0 net violations.
[INFO ANT-0001] Found 0 pin violations.
Setting global connections for newly added cells…
[INFO] Setting global connections...
Updating metrics…
Cell type report:                       Count       Area
  Clock buffer                              3      70.76
  Timing Repair Buffer                     69     903.57
  Inverter                                 15      85.28
  Clock inverter                            1       5.44
  Sequential cell                           9     440.90
  Multi-Input combinational cell          153    1426.12
  Total                                   250    2932.07
Writing OpenROAD database to '/home/designer/shared/Bioimpedance-ASIC-for-skin-cancer-detection/current_generator/digital/DigitalSine/runs/RUN_2025-12-14_11-39-07/44-openroad-detailedrouting/DigitalSine.odb'…
Writing netlist to '/home/designer/shared/Bioimpedance-ASIC-for-skin-cancer-detection/current_generator/digital/DigitalSine/runs/RUN_2025-12-14_11-39-07/44-openroad-detailedrouting/DigitalSine.nl.v'…
Writing powered netlist to '/home/designer/shared/Bioimpedance-ASIC-for-skin-cancer-detection/current_generator/digital/DigitalSine/runs/RUN_2025-12-14_11-39-07/44-openroad-detailedrouting/DigitalSine.pnl.v'…
Writing layout to '/home/designer/shared/Bioimpedance-ASIC-for-skin-cancer-detection/current_generator/digital/DigitalSine/runs/RUN_2025-12-14_11-39-07/44-openroad-detailedrouting/DigitalSine.def'…
Writing timing constraints to '/home/designer/shared/Bioimpedance-ASIC-for-skin-cancer-detection/current_generator/digital/DigitalSine/runs/RUN_2025-12-14_11-39-07/44-openroad-detailedrouting/DigitalSine.sdc'…
