Clock: clk
Sources: clk 
Generated: no
Virtual: yes
Propagated: no
Period: 5.000000

===========================================================================
report_clock_properties
============================================================================
Clock                   Period          Waveform
----------------------------------------------------
clk                   5.000000    0.000000  2.500000

===========================================================================
report_clock_latency
============================================================================
Clock clk
rise -> rise
    min     max
0.000000 0.000000 source latency
0.122789         network latency _297_/CLK
        0.124853 network latency _300_/CLK
---------------
0.122789 0.124853 latency
        0.002064 skew

fall -> fall
    min     max
0.000000 0.000000 source latency
0.134682         network latency _297_/CLK
        0.136466 network latency _300_/CLK
---------------
0.134682 0.136466 latency
        0.001783 skew



===========================================================================
report_clock_min_period
============================================================================
clk period_min = 1.80 fmax = 554.71
