Clock: clk
Sources: clk 
Generated: no
Virtual: yes
Propagated: no
Period: 25.000000

===========================================================================
report_clock_properties
============================================================================
Clock                   Period          Waveform
----------------------------------------------------
clk                  25.000000    0.000000 12.500000

===========================================================================
report_clock_latency
============================================================================
Clock clk
rise -> rise
    min     max
0.000000 0.000000 source latency
0.143327         network latency _296_/CLK
        0.144052 network latency _293_/CLK
---------------
0.143327 0.144052 latency
        0.000725 skew

fall -> fall
    min     max
0.000000 0.000000 source latency
0.150655         network latency _296_/CLK
        0.151192 network latency _293_/CLK
---------------
0.150655 0.151192 latency
        0.000537 skew



===========================================================================
report_clock_min_period
============================================================================
clk period_min = 2.28 fmax = 439.07
