Clock: clk
Sources: clk 
Generated: no
Virtual: yes
Propagated: no
Period: 5.000000

===========================================================================
report_clock_properties
============================================================================
Clock                   Period          Waveform
----------------------------------------------------
clk                   5.000000    0.000000  2.500000

===========================================================================
report_clock_latency
============================================================================
Clock clk
rise -> rise
    min     max
0.000000 0.000000 source latency
0.125506         network latency _297_/CLK
        0.126692 network latency _301_/CLK
---------------
0.125506 0.126692 latency
        0.001186 skew

fall -> fall
    min     max
0.000000 0.000000 source latency
0.137072         network latency _297_/CLK
        0.138051 network latency _301_/CLK
---------------
0.137072 0.138051 latency
        0.000979 skew



===========================================================================
report_clock_min_period
============================================================================
clk period_min = 1.82 fmax = 549.37
