
===========================================================================
report_checks -unconstrained
===========================================================================
======================= nom_typ_1p20V_25C Corner ===================================

Startpoint: _285_ (rising edge-triggered flip-flop clocked by clk)
Endpoint: sine_out[2] (output port clocked by clk)
Path Group: clk
Path Type: max

Fanout         Cap        Slew       Delay        Time   Description
---------------------------------------------------------------------------------------------
                                  0.000000    0.000000   clock clk (rise edge)
                                  0.000000    0.000000   clock source latency
     1    0.014285    0.000000    0.000000    0.000000 ^ clk (in)
                                                         clk (net)
                      0.001480    0.000740    0.000740 ^ clkbuf_0_clk/A (sg13g2_buf_8)
     2    0.021587    0.022960    0.055279    0.056019 ^ clkbuf_0_clk/X (sg13g2_buf_8)
                                                         clknet_0_clk (net)
                      0.022993    0.001496    0.057515 ^ clkbuf_1_1__f_clk/A (sg13g2_buf_8)
     5    0.022690    0.024458    0.066150    0.123665 ^ clkbuf_1_1__f_clk/X (sg13g2_buf_8)
                                                         clknet_1_1__leaf_clk (net)
                      0.024489    0.001518    0.125183 ^ _285_/CLK (sg13g2_dfrbpq_1)
     1    0.009629    0.038222    0.177805    0.302988 v _285_/Q (sg13g2_dfrbpq_1)
                                                         DPATH.SUM.fa_1.A (net)
                      0.038240    0.000780    0.303768 v fanout70/A (sg13g2_buf_8)
     7    0.043260    0.031205    0.086165    0.389934 v fanout70/X (sg13g2_buf_8)
                                                         net70 (net)
                      0.031671    0.002846    0.392779 v fanout69/A (sg13g2_buf_8)
     8    0.037404    0.028916    0.081308    0.474088 v fanout69/X (sg13g2_buf_8)
                                                         net69 (net)
                      0.029239    0.002305    0.476392 v _193_/A1 (sg13g2_o21ai_1)
     5    0.017945    0.204546    0.189393    0.665785 ^ _193_/Y (sg13g2_o21ai_1)
                                                         _022_ (net)
                      0.204550    0.000727    0.666512 ^ _203_/B (sg13g2_nand2b_1)
     3    0.011859    0.100272    0.141684    0.808197 v _203_/Y (sg13g2_nand2b_1)
                                                         _032_ (net)
                      0.100273    0.000461    0.808658 v _237_/B (sg13g2_nand2b_1)
     2    0.008446    0.060813    0.080262    0.888919 ^ _237_/Y (sg13g2_nand2b_1)
                                                         _064_ (net)
                      0.060813    0.000244    0.889163 ^ _244_/C (sg13g2_nand3_1)
     1    0.004471    0.064625    0.092396    0.981559 v _244_/Y (sg13g2_nand3_1)
                                                         _071_ (net)
                      0.064625    0.000347    0.981906 v _248_/A2 (sg13g2_a221oi_1)
     1    0.003726    0.115917    0.160810    1.142717 ^ _248_/Y (sg13g2_a221oi_1)
                                                         _075_ (net)
                      0.115917    0.000285    1.143001 ^ _249_/A1 (sg13g2_mux2_1)
     1    0.003764    0.037950    0.121660    1.264661 ^ _249_/X (sg13g2_mux2_1)
                                                         _076_ (net)
                      0.037950    0.000153    1.264814 ^ _250_/B1 (sg13g2_o21ai_1)
     1    0.003495    0.041200    0.046734    1.311548 v _250_/Y (sg13g2_o21ai_1)
                                                         net14 (net)
                      0.041201    0.000132    1.311679 v output14/A (sg13g2_buf_1)
     1    0.011528    0.044727    0.087994    1.399673 v output14/X (sg13g2_buf_1)
                                                         sine_out[2] (net)
                      0.044734    0.000537    1.400210 v sine_out[2] (out)
                                              1.400210   data arrival time

                                  5.000000    5.000000   clock clk (rise edge)
                                  0.000000    5.000000   clock network delay (propagated)
                                 -0.150000    4.850000   clock uncertainty
                                  0.000000    4.850000   clock reconvergence pessimism
                                 -1.000000    3.850000   output external delay
                                              3.850000   data required time
---------------------------------------------------------------------------------------------
                                              3.850000   data required time
                                             -1.400210   data arrival time
---------------------------------------------------------------------------------------------
                                              2.449790   slack (MET)




===========================================================================
report_checks --slack_max -0.01
============================================================================
======================= nom_typ_1p20V_25C Corner ===================================

No paths found.


===========================================================================
 report_check_types -max_slew -max_cap -max_fanout -violators
============================================================================
======================= nom_typ_1p20V_25C Corner ===================================



===========================================================================
report_parasitic_annotation -report_unannotated
============================================================================
Found 1 unannotated drivers.
 clkload0/Y
Found 0 partially unannotated drivers.

===========================================================================
max slew violation count 0
Writing metric design__max_slew_violation__count__corner:nom_typ_1p20V_25C: 0
max fanout violation count 0
Writing metric design__max_fanout_violation__count__corner:nom_typ_1p20V_25C: 0
max cap violation count 0
Writing metric design__max_cap_violation__count__corner:nom_typ_1p20V_25C: 0
============================================================================

===========================================================================
check_setup -verbose -unconstrained_endpoints -multiple_clock -no_clock -no_input_delay -loops -generated_clocks
===========================================================================
