
===========================================================================
report_checks -unconstrained
===========================================================================
======================= nom_typ_1p20V_25C Corner ===================================

Startpoint: _294_ (rising edge-triggered flip-flop clocked by clockone)
Endpoint: _299_ (rising edge-triggered flip-flop clocked by clockone)
Path Group: clockone
Path Type: max

Fanout         Cap        Slew       Delay        Time   Description
---------------------------------------------------------------------------------------------
                                  0.000000    0.000000   clock clockone (rise edge)
                                  0.000000    0.000000   clock source latency
     9    0.039613    0.000000    0.000000    0.000000 ^ clk (in)
                                                         clk (net)
                      0.000904    0.000452    0.000452 ^ _294_/CLK (sg13g2_dfrbpq_1)
     2    0.007244    0.041123    0.165939    0.166391 ^ _294_/Q (sg13g2_dfrbpq_1)
                                                         DPATH.SUM.fa_1.A (net)
                      0.041123    0.000004    0.166396 ^ fanout72/A (sg13g2_buf_4)
     8    0.033816    0.049261    0.109761    0.276157 ^ fanout72/X (sg13g2_buf_4)
                                                         net72 (net)
                      0.049261    0.000090    0.276247 ^ fanout71/A (sg13g2_buf_4)
     8    0.039337    0.054680    0.118641    0.394888 ^ fanout71/X (sg13g2_buf_4)
                                                         net71 (net)
                      0.054680    0.000131    0.395019 ^ _191_/A (sg13g2_xnor2_1)
     2    0.008493    0.071732    0.094845    0.489864 v _191_/Y (sg13g2_xnor2_1)
                                                         _025_ (net)
                      0.071732    0.000002    0.489867 v _193_/A2 (sg13g2_o21ai_1)
     2    0.009609    0.134916    0.140823    0.630690 ^ _193_/Y (sg13g2_o21ai_1)
                                                         _026_ (net)
                      0.134916    0.000022    0.630711 ^ _197_/A1 (sg13g2_a21oi_1)
     2    0.009382    0.091173    0.121411    0.752122 v _197_/Y (sg13g2_a21oi_1)
                                                         _029_ (net)
                      0.091173    0.000009    0.752132 v _203_/A1 (sg13g2_o21ai_1)
     2    0.008991    0.129248    0.150590    0.902722 ^ _203_/Y (sg13g2_o21ai_1)
                                                         _034_ (net)
                      0.129248    0.000017    0.902739 ^ _207_/A2 (sg13g2_a21oi_1)
     2    0.008651    0.082802    0.117645    1.020384 v _207_/Y (sg13g2_a21oi_1)
                                                         _037_ (net)
                      0.082802    0.000007    1.020391 v _209_/A2 (sg13g2_o21ai_1)
     1    0.005958    0.102563    0.118769    1.139160 ^ _209_/Y (sg13g2_o21ai_1)
                                                         _038_ (net)
                      0.102563    0.000006    1.139167 ^ _211_/A (sg13g2_xnor2_1)
     1    0.001506    0.053286    0.107102    1.246269 ^ _211_/Y (sg13g2_xnor2_1)
                                                         DPATH.SUM.fa_6.S (net)
                      0.053286    0.000000    1.246270 ^ _299_/D (sg13g2_dfrbpq_1)
                                              1.246270   data arrival time

                                  5.000000    5.000000   clock clockone (rise edge)
                                  0.000000    5.000000   clock source latency
     9    0.039613    0.000000    0.000000    5.000000 ^ clk (in)
                                                         clk (net)
                      0.001057    0.000528    5.000529 ^ _299_/CLK (sg13g2_dfrbpq_1)
                                 -0.200000    4.800529   clock uncertainty
                                  0.000000    4.800529   clock reconvergence pessimism
                                 -0.126343    4.674186   library setup time
                                              4.674186   data required time
---------------------------------------------------------------------------------------------
                                              4.674186   data required time
                                             -1.246270   data arrival time
---------------------------------------------------------------------------------------------
                                              3.427916   slack (MET)




===========================================================================
report_checks --slack_max -0.01
============================================================================
======================= nom_typ_1p20V_25C Corner ===================================

No paths found.


===========================================================================
 report_check_types -max_slew -max_cap -max_fanout -violators
============================================================================
======================= nom_typ_1p20V_25C Corner ===================================



===========================================================================
report_parasitic_annotation -report_unannotated
============================================================================
Found 0 unannotated drivers.
Found 0 partially unannotated drivers.

===========================================================================
max slew violation count 0
Writing metric design__max_slew_violation__count__corner:nom_typ_1p20V_25C: 0
max fanout violation count 0
Writing metric design__max_fanout_violation__count__corner:nom_typ_1p20V_25C: 0
max cap violation count 0
Writing metric design__max_cap_violation__count__corner:nom_typ_1p20V_25C: 0
============================================================================

===========================================================================
check_setup -verbose -unconstrained_endpoints -multiple_clock -no_clock -no_input_delay -loops -generated_clocks
===========================================================================
Warning: There are 35 unconstrained endpoints.
  sign
  signB
  sine_out[0]
  sine_out[10]
  sine_out[11]
  sine_out[12]
  sine_out[13]
  sine_out[14]
  sine_out[15]
  sine_out[16]
  sine_out[17]
  sine_out[18]
  sine_out[19]
  sine_out[1]
  sine_out[20]
  sine_out[21]
  sine_out[22]
  sine_out[23]
  sine_out[24]
  sine_out[25]
  sine_out[26]
  sine_out[27]
  sine_out[28]
  sine_out[29]
  sine_out[2]
  sine_out[30]
  sine_out[31]
  sine_out[32]
  sine_out[3]
  sine_out[4]
  sine_out[5]
  sine_out[6]
  sine_out[7]
  sine_out[8]
  sine_out[9]
