Clock: clockone
Sources: clk 
Generated: no
Virtual: yes
Propagated: no
Period: 5.000000

===========================================================================
report_clock_properties
============================================================================
Clock                   Period          Waveform
----------------------------------------------------
clockone              5.000000    0.000000  1.000000

===========================================================================
report_clock_latency
============================================================================
Clock clockone
rise -> rise
    min     max
0.000000 0.000000 source latency
0.000452         network latency _294_/CLK
        0.000608 network latency _301_/CLK
---------------
0.000452 0.000608 latency
        0.000156 skew

fall -> fall
    min     max
0.000000 0.000000 source latency
0.000405         network latency _294_/CLK
        0.000544 network latency _301_/CLK
---------------
0.000405 0.000544 latency
        0.000139 skew



===========================================================================
report_clock_min_period
============================================================================
clockone period_min = 1.57 fmax = 636.10
