+ analyze_power_grid -net VPWR -voltage_file /home/designer/shared/Bioimpedance-ASIC-for-skin-cancer-detection/current_generator/digital/DigitalSine/runs/RUN_2025-12-11_20-30-25/56-openroad-irdropreport/net-VPWR.csv
[INFO PSM-0040] All shapes on net VPWR are connected.
########## IR report #################
Net              : VPWR
Corner           : nom_typ_1p20V_25C
Supply voltage   : 1.20e+00 V
Worstcase voltage: 1.20e+00 V
Average voltage  : 1.20e+00 V
Average IR drop  : 6.63e-05 V
Worstcase IR drop: 2.57e-04 V
Percentage drop  : 0.02 %
######################################
+ analyze_power_grid -net VGND -voltage_file /home/designer/shared/Bioimpedance-ASIC-for-skin-cancer-detection/current_generator/digital/DigitalSine/runs/RUN_2025-12-11_20-30-25/56-openroad-irdropreport/net-VGND.csv
[INFO PSM-0040] All shapes on net VGND are connected.
########## IR report #################
Net              : VGND
Corner           : nom_typ_1p20V_25C
Supply voltage   : 0.00e+00 V
Worstcase voltage: 2.63e-04 V
Average voltage  : 5.77e-05 V
Average IR drop  : 5.77e-05 V
Worstcase IR drop: 2.63e-04 V
Percentage drop  : 0.02 %
######################################
