Clock: clk
Sources: clk 
Generated: no
Virtual: yes
Propagated: no
Period: 5.000000

===========================================================================
report_clock_properties
============================================================================
Clock                   Period          Waveform
----------------------------------------------------
clk                   5.000000    0.000000  2.500000

===========================================================================
report_clock_latency
============================================================================
Clock clk
rise -> rise
    min     max
0.000000 0.000000 source latency
0.119151         network latency _298_/CLK
        0.119432 network latency _293_/CLK
---------------
0.119151 0.119432 latency
        0.000280 skew

fall -> fall
    min     max
0.000000 0.000000 source latency
0.131174         network latency _298_/CLK
        0.131308 network latency _293_/CLK
---------------
0.131174 0.131308 latency
        0.000135 skew



===========================================================================
report_clock_min_period
============================================================================
clk period_min = 1.45 fmax = 689.61
