Clock: clk
Sources: clk 
Generated: no
Virtual: yes
Propagated: no
Period: 5.000000

===========================================================================
report_clock_properties
============================================================================
Clock                   Period          Waveform
----------------------------------------------------
clk                   5.000000    0.000000  2.500000

===========================================================================
report_clock_latency
============================================================================
Clock clk
rise -> rise
    min     max
0.000000 0.000000 source latency
0.194876         network latency _296_/CLK
        0.195696 network latency _301_/CLK
---------------
0.194876 0.195696 latency
        0.000820 skew

fall -> fall
    min     max
0.000000 0.000000 source latency
0.210393         network latency _296_/CLK
        0.210947 network latency _301_/CLK
---------------
0.210393 0.210947 latency
        0.000554 skew



===========================================================================
report_clock_min_period
============================================================================
clk period_min = 2.80 fmax = 357.75
