Clock: clk
Sources: clk 
Generated: no
Virtual: yes
Propagated: no
Period: 5.000000

===========================================================================
report_clock_properties
============================================================================
Clock                   Period          Waveform
----------------------------------------------------
clk                   5.000000    0.000000  2.500000

===========================================================================
report_clock_latency
============================================================================
Clock clk
rise -> rise
    min     max
0.000000 0.000000 source latency
0.122525         network latency _297_/CLK
        0.123701 network latency _295_/CLK
---------------
0.122525 0.123701 latency
        0.001176 skew

fall -> fall
    min     max
0.000000 0.000000 source latency
0.134453         network latency _297_/CLK
        0.135409 network latency _295_/CLK
---------------
0.134453 0.135409 latency
        0.000956 skew



===========================================================================
report_clock_min_period
============================================================================
clk period_min = 2.07 fmax = 483.87
