Clock: clk
Sources: clk 
Generated: no
Virtual: yes
Propagated: no
Period: 5.000000

===========================================================================
report_clock_properties
============================================================================
Clock                   Period          Waveform
----------------------------------------------------
clk                   5.000000    0.000000  2.500000

===========================================================================
report_clock_latency
============================================================================
Clock clk
rise -> rise
    min     max
0.000000 0.000000 source latency
0.123493         network latency _288_/CLK
        0.123839 network latency _284_/CLK
---------------
0.123493 0.123839 latency
        0.000346 skew

fall -> fall
    min     max
0.000000 0.000000 source latency
0.135328         network latency _288_/CLK
        0.135521 network latency _284_/CLK
---------------
0.135328 0.135521 latency
        0.000193 skew



===========================================================================
report_clock_min_period
============================================================================
clk period_min = 1.85 fmax = 540.98
