
===========================================================================
report_checks -path_delay min (Hold)
============================================================================
======================= nom_fast_1p32V_m40C Corner ===================================

Startpoint: _291_ (rising edge-triggered flip-flop clocked by clk)
Endpoint: sign (output port clocked by clk)
Path Group: clk
Path Type: min

Fanout         Cap        Slew       Delay        Time   Description
---------------------------------------------------------------------------------------------
                      0.100000    0.000000    0.000000   clock clk (rise edge)
                                  0.000000    0.000000   clock network delay (ideal)
                      0.100000    0.000000    0.000000 ^ _291_/CLK (sg13g2_dfrbpq_1)
     2    0.033015    0.073575    0.187202    0.187202 v _291_/Q (sg13g2_dfrbpq_1)
                                                         sign (net)
                      0.073575    0.000000    0.187202 v sign (out)
                                              0.187202   data arrival time

                      0.100000    0.000000    0.000000   clock clk (rise edge)
                                  0.000000    0.000000   clock network delay (ideal)
                                  0.150000    0.150000   clock uncertainty
                                  0.000000    0.150000   clock reconvergence pessimism
                                  0.000000    0.150000   output external delay
                                              0.150000   data required time
---------------------------------------------------------------------------------------------
                                              0.150000   data required time
                                             -0.187202   data arrival time
---------------------------------------------------------------------------------------------
                                              0.037202   slack (MET)


Startpoint: _290_ (rising edge-triggered flip-flop clocked by clk)
Endpoint: sine_out[14] (output port clocked by clk)
Path Group: clk
Path Type: min

Fanout         Cap        Slew       Delay        Time   Description
---------------------------------------------------------------------------------------------
                      0.100000    0.000000    0.000000   clock clk (rise edge)
                                  0.000000    0.000000   clock network delay (ideal)
                      0.100000    0.000000    0.000000 ^ _290_/CLK (sg13g2_dfrbpq_1)
    15    0.050208    0.108768    0.212737    0.212737 v _290_/Q (sg13g2_dfrbpq_1)
                                                         DPATH.SUM.fa_6.A (net)
                      0.108768    0.000000    0.212737 v _267_/B1 (sg13g2_o21ai_1)
     1    0.010000    0.055942    0.067946    0.280684 ^ _267_/Y (sg13g2_o21ai_1)
                                                         sine_out[14] (net)
                      0.055942    0.000000    0.280684 ^ sine_out[14] (out)
                                              0.280684   data arrival time

                      0.100000    0.000000    0.000000   clock clk (rise edge)
                                  0.000000    0.000000   clock network delay (ideal)
                                  0.150000    0.150000   clock uncertainty
                                  0.000000    0.150000   clock reconvergence pessimism
                                  0.000000    0.150000   output external delay
                                              0.150000   data required time
---------------------------------------------------------------------------------------------
                                              0.150000   data required time
                                             -0.280684   data arrival time
---------------------------------------------------------------------------------------------
                                              0.130684   slack (MET)


Startpoint: _290_ (rising edge-triggered flip-flop clocked by clk)
Endpoint: sine_out[12] (output port clocked by clk)
Path Group: clk
Path Type: min

Fanout         Cap        Slew       Delay        Time   Description
---------------------------------------------------------------------------------------------
                      0.100000    0.000000    0.000000   clock clk (rise edge)
                                  0.000000    0.000000   clock network delay (ideal)
                      0.100000    0.000000    0.000000 ^ _290_/CLK (sg13g2_dfrbpq_1)
    15    0.050208    0.108768    0.212737    0.212737 v _290_/Q (sg13g2_dfrbpq_1)
                                                         DPATH.SUM.fa_6.A (net)
                      0.108768    0.000000    0.212737 v _265_/B1 (sg13g2_a21oi_1)
     1    0.010000    0.064055    0.071332    0.284069 ^ _265_/Y (sg13g2_a21oi_1)
                                                         sine_out[12] (net)
                      0.064055    0.000000    0.284069 ^ sine_out[12] (out)
                                              0.284069   data arrival time

                      0.100000    0.000000    0.000000   clock clk (rise edge)
                                  0.000000    0.000000   clock network delay (ideal)
                                  0.150000    0.150000   clock uncertainty
                                  0.000000    0.150000   clock reconvergence pessimism
                                  0.000000    0.150000   output external delay
                                              0.150000   data required time
---------------------------------------------------------------------------------------------
                                              0.150000   data required time
                                             -0.284069   data arrival time
---------------------------------------------------------------------------------------------
                                              0.134069   slack (MET)


Startpoint: _290_ (rising edge-triggered flip-flop clocked by clk)
Endpoint: sine_out[13] (output port clocked by clk)
Path Group: clk
Path Type: min

Fanout         Cap        Slew       Delay        Time   Description
---------------------------------------------------------------------------------------------
                      0.100000    0.000000    0.000000   clock clk (rise edge)
                                  0.000000    0.000000   clock network delay (ideal)
                      0.100000    0.000000    0.000000 ^ _290_/CLK (sg13g2_dfrbpq_1)
    15    0.050208    0.108768    0.212737    0.212737 v _290_/Q (sg13g2_dfrbpq_1)
                                                         DPATH.SUM.fa_6.A (net)
                      0.108768    0.000000    0.212737 v _266_/B1 (sg13g2_a21oi_1)
     1    0.010000    0.064055    0.071332    0.284069 ^ _266_/Y (sg13g2_a21oi_1)
                                                         sine_out[13] (net)
                      0.064055    0.000000    0.284069 ^ sine_out[13] (out)
                                              0.284069   data arrival time

                      0.100000    0.000000    0.000000   clock clk (rise edge)
                                  0.000000    0.000000   clock network delay (ideal)
                                  0.150000    0.150000   clock uncertainty
                                  0.000000    0.150000   clock reconvergence pessimism
                                  0.000000    0.150000   output external delay
                                              0.150000   data required time
---------------------------------------------------------------------------------------------
                                              0.150000   data required time
                                             -0.284069   data arrival time
---------------------------------------------------------------------------------------------
                                              0.134069   slack (MET)


Startpoint: _290_ (rising edge-triggered flip-flop clocked by clk)
Endpoint: sine_out[9] (output port clocked by clk)
Path Group: clk
Path Type: min

Fanout         Cap        Slew       Delay        Time   Description
---------------------------------------------------------------------------------------------
                      0.100000    0.000000    0.000000   clock clk (rise edge)
                                  0.000000    0.000000   clock network delay (ideal)
                      0.100000    0.000000    0.000000 ^ _290_/CLK (sg13g2_dfrbpq_1)
    15    0.050208    0.108768    0.212737    0.212737 v _290_/Q (sg13g2_dfrbpq_1)
                                                         DPATH.SUM.fa_6.A (net)
                      0.108768    0.000000    0.212737 v _259_/B1 (sg13g2_a21oi_1)
     1    0.010000    0.064055    0.071332    0.284069 ^ _259_/Y (sg13g2_a21oi_1)
                                                         sine_out[9] (net)
                      0.064055    0.000000    0.284069 ^ sine_out[9] (out)
                                              0.284069   data arrival time

                      0.100000    0.000000    0.000000   clock clk (rise edge)
                                  0.000000    0.000000   clock network delay (ideal)
                                  0.150000    0.150000   clock uncertainty
                                  0.000000    0.150000   clock reconvergence pessimism
                                  0.000000    0.150000   output external delay
                                              0.150000   data required time
---------------------------------------------------------------------------------------------
                                              0.150000   data required time
                                             -0.284069   data arrival time
---------------------------------------------------------------------------------------------
                                              0.134069   slack (MET)


Startpoint: _291_ (rising edge-triggered flip-flop clocked by clk)
Endpoint: signB (output port clocked by clk)
Path Group: clk
Path Type: min

Fanout         Cap        Slew       Delay        Time   Description
---------------------------------------------------------------------------------------------
                      0.100000    0.000000    0.000000   clock clk (rise edge)
                                  0.000000    0.000000   clock network delay (ideal)
                      0.100000    0.000000    0.000000 ^ _291_/CLK (sg13g2_dfrbpq_1)
     2    0.033015    0.073575    0.187202    0.187202 v _291_/Q (sg13g2_dfrbpq_1)
                                                         sign (net)
                      0.073575    0.000000    0.187202 v _129_/A (sg13g2_inv_1)
     2    0.036136    0.105753    0.107859    0.295061 ^ _129_/Y (sg13g2_inv_1)
                                                         signB (net)
                      0.105753    0.000000    0.295061 ^ signB (out)
                                              0.295061   data arrival time

                      0.100000    0.000000    0.000000   clock clk (rise edge)
                                  0.000000    0.000000   clock network delay (ideal)
                                  0.150000    0.150000   clock uncertainty
                                  0.000000    0.150000   clock reconvergence pessimism
                                  0.000000    0.150000   output external delay
                                              0.150000   data required time
---------------------------------------------------------------------------------------------
                                              0.150000   data required time
                                             -0.295061   data arrival time
---------------------------------------------------------------------------------------------
                                              0.145061   slack (MET)


Startpoint: _290_ (rising edge-triggered flip-flop clocked by clk)
Endpoint: sine_out[11] (output port clocked by clk)
Path Group: clk
Path Type: min

Fanout         Cap        Slew       Delay        Time   Description
---------------------------------------------------------------------------------------------
                      0.100000    0.000000    0.000000   clock clk (rise edge)
                                  0.000000    0.000000   clock network delay (ideal)
                      0.100000    0.000000    0.000000 ^ _290_/CLK (sg13g2_dfrbpq_1)
    15    0.050208    0.108768    0.212737    0.212737 v _290_/Q (sg13g2_dfrbpq_1)
                                                         DPATH.SUM.fa_6.A (net)
                      0.108768    0.000000    0.212737 v _263_/A (sg13g2_nor2_1)
     1    0.010000    0.064402    0.083451    0.296188 ^ _263_/Y (sg13g2_nor2_1)
                                                         sine_out[11] (net)
                      0.064402    0.000000    0.296188 ^ sine_out[11] (out)
                                              0.296188   data arrival time

                      0.100000    0.000000    0.000000   clock clk (rise edge)
                                  0.000000    0.000000   clock network delay (ideal)
                                  0.150000    0.150000   clock uncertainty
                                  0.000000    0.150000   clock reconvergence pessimism
                                  0.000000    0.150000   output external delay
                                              0.150000   data required time
---------------------------------------------------------------------------------------------
                                              0.150000   data required time
                                             -0.296188   data arrival time
---------------------------------------------------------------------------------------------
                                              0.146188   slack (MET)


Startpoint: _292_ (rising edge-triggered flip-flop clocked by clk)
Endpoint: _292_ (rising edge-triggered flip-flop clocked by clk)
Path Group: clk
Path Type: min

Fanout         Cap        Slew       Delay        Time   Description
---------------------------------------------------------------------------------------------
                      0.100000    0.000000    0.000000   clock clk (rise edge)
                                  0.000000    0.000000   clock network delay (ideal)
                      0.100000    0.000000    0.000000 ^ _292_/CLK (sg13g2_dfrbpq_1)
    13    0.057652    0.124038    0.223770    0.223770 v _292_/Q (sg13g2_dfrbpq_1)
                                                         CTRL.S0 (net)
                      0.124038    0.000000    0.223770 v _167_/B1 (sg13g2_a21oi_1)
     1    0.003191    0.036009    0.046951    0.270721 ^ _167_/Y (sg13g2_a21oi_1)
                                                         _116_ (net)
                      0.036009    0.000000    0.270721 ^ _168_/B (sg13g2_nor2_1)
     1    0.001523    0.013101    0.020621    0.291342 v _168_/Y (sg13g2_nor2_1)
                                                         CTRL.P0 (net)
                      0.013101    0.000000    0.291342 v _292_/D (sg13g2_dfrbpq_1)
                                              0.291342   data arrival time

                      0.100000    0.000000    0.000000   clock clk (rise edge)
                                  0.000000    0.000000   clock network delay (ideal)
                                  0.150000    0.150000   clock uncertainty
                                  0.000000    0.150000   clock reconvergence pessimism
                                              0.150000 ^ _292_/CLK (sg13g2_dfrbpq_1)
                                 -0.007780    0.142220   library hold time
                                              0.142220   data required time
---------------------------------------------------------------------------------------------
                                              0.142220   data required time
                                             -0.291342   data arrival time
---------------------------------------------------------------------------------------------
                                              0.149122   slack (MET)


Startpoint: _284_ (rising edge-triggered flip-flop clocked by clk)
Endpoint: _285_ (rising edge-triggered flip-flop clocked by clk)
Path Group: clk
Path Type: min

Fanout         Cap        Slew       Delay        Time   Description
---------------------------------------------------------------------------------------------
                      0.100000    0.000000    0.000000   clock clk (rise edge)
                                  0.000000    0.000000   clock network delay (ideal)
                      0.100000    0.000000    0.000000 ^ _284_/CLK (sg13g2_dfrbpq_1)
    18    0.066327    0.141840    0.236619    0.236619 v _284_/Q (sg13g2_dfrbpq_1)
                                                         DPATH.SUM.Cout0 (net)
                      0.141840    0.000000    0.236619 v _272_/A (sg13g2_xnor2_1)
     1    0.001523    0.018782    0.064729    0.301348 v _272_/Y (sg13g2_xnor2_1)
                                                         DPATH.SUM.fa_1.S (net)
                      0.018782    0.000000    0.301348 v _285_/D (sg13g2_dfrbpq_1)
                                              0.301348   data arrival time

                      0.100000    0.000000    0.000000   clock clk (rise edge)
                                  0.000000    0.000000   clock network delay (ideal)
                                  0.150000    0.150000   clock uncertainty
                                  0.000000    0.150000   clock reconvergence pessimism
                                              0.150000 ^ _285_/CLK (sg13g2_dfrbpq_1)
                                 -0.009103    0.140897   library hold time
                                              0.140897   data required time
---------------------------------------------------------------------------------------------
                                              0.140897   data required time
                                             -0.301348   data arrival time
---------------------------------------------------------------------------------------------
                                              0.160451   slack (MET)


Startpoint: _289_ (rising edge-triggered flip-flop clocked by clk)
Endpoint: sine_out[0] (output port clocked by clk)
Path Group: clk
Path Type: min

Fanout         Cap        Slew       Delay        Time   Description
---------------------------------------------------------------------------------------------
                      0.100000    0.000000    0.000000   clock clk (rise edge)
                                  0.000000    0.000000   clock network delay (ideal)
                      0.100000    0.000000    0.000000 ^ _289_/CLK (sg13g2_dfrbpq_1)
    15    0.048091    0.104427    0.209601    0.209601 v _289_/Q (sg13g2_dfrbpq_1)
                                                         DPATH.SUM.fa_5.A (net)
                      0.104427    0.000000    0.209601 v _213_/A1 (sg13g2_o21ai_1)
     1    0.003144    0.022453    0.078401    0.288003 ^ _213_/Y (sg13g2_o21ai_1)
                                                         _042_ (net)
                      0.022453    0.000000    0.288003 ^ _214_/B1 (sg13g2_a21oi_1)
     1    0.010000    0.027590    0.032249    0.320252 v _214_/Y (sg13g2_a21oi_1)
                                                         sine_out[0] (net)
                      0.027590    0.000000    0.320252 v sine_out[0] (out)
                                              0.320252   data arrival time

                      0.100000    0.000000    0.000000   clock clk (rise edge)
                                  0.000000    0.000000   clock network delay (ideal)
                                  0.150000    0.150000   clock uncertainty
                                  0.000000    0.150000   clock reconvergence pessimism
                                  0.000000    0.150000   output external delay
                                              0.150000   data required time
---------------------------------------------------------------------------------------------
                                              0.150000   data required time
                                             -0.320252   data arrival time
---------------------------------------------------------------------------------------------
                                              0.170252   slack (MET)


Startpoint: _290_ (rising edge-triggered flip-flop clocked by clk)
Endpoint: _290_ (rising edge-triggered flip-flop clocked by clk)
Path Group: clk
Path Type: min

Fanout         Cap        Slew       Delay        Time   Description
---------------------------------------------------------------------------------------------
                      0.100000    0.000000    0.000000   clock clk (rise edge)
                                  0.000000    0.000000   clock network delay (ideal)
                      0.100000    0.000000    0.000000 ^ _290_/CLK (sg13g2_dfrbpq_1)
    15    0.050208    0.108768    0.212737    0.212737 v _290_/Q (sg13g2_dfrbpq_1)
                                                         DPATH.SUM.fa_6.A (net)
                      0.108768    0.000000    0.212737 v _151_/B (sg13g2_xnor2_1)
     1    0.005424    0.035344    0.064770    0.277508 v _151_/Y (sg13g2_xnor2_1)
                                                         _102_ (net)
                      0.035344    0.000000    0.277508 v _152_/B (sg13g2_xnor2_1)
     1    0.001523    0.017916    0.035337    0.312845 v _152_/Y (sg13g2_xnor2_1)
                                                         DPATH.SUM.fa_6.S (net)
                      0.017916    0.000000    0.312845 v _290_/D (sg13g2_dfrbpq_1)
                                              0.312845   data arrival time

                      0.100000    0.000000    0.000000   clock clk (rise edge)
                                  0.000000    0.000000   clock network delay (ideal)
                                  0.150000    0.150000   clock uncertainty
                                  0.000000    0.150000   clock reconvergence pessimism
                                              0.150000 ^ _290_/CLK (sg13g2_dfrbpq_1)
                                 -0.008901    0.141099   library hold time
                                              0.141099   data required time
---------------------------------------------------------------------------------------------
                                              0.141099   data required time
                                             -0.312845   data arrival time
---------------------------------------------------------------------------------------------
                                              0.171746   slack (MET)


Startpoint: _290_ (rising edge-triggered flip-flop clocked by clk)
Endpoint: sine_out[15] (output port clocked by clk)
Path Group: clk
Path Type: min

Fanout         Cap        Slew       Delay        Time   Description
---------------------------------------------------------------------------------------------
                      0.100000    0.000000    0.000000   clock clk (rise edge)
                                  0.000000    0.000000   clock network delay (ideal)
                      0.100000    0.000000    0.000000 ^ _290_/CLK (sg13g2_dfrbpq_1)
    15    0.050208    0.108768    0.212737    0.212737 v _290_/Q (sg13g2_dfrbpq_1)
                                                         DPATH.SUM.fa_6.A (net)
                      0.108768    0.000000    0.212737 v _128_/A (sg13g2_inv_1)
     3    0.009384    0.046769    0.054062    0.266799 ^ _128_/Y (sg13g2_inv_1)
                                                         _083_ (net)
                      0.046769    0.000000    0.266799 ^ _268_/B1 (sg13g2_a21o_1)
     1    0.010000    0.033398    0.061346    0.328145 ^ _268_/X (sg13g2_a21o_1)
                                                         sine_out[15] (net)
                      0.033398    0.000000    0.328145 ^ sine_out[15] (out)
                                              0.328145   data arrival time

                      0.100000    0.000000    0.000000   clock clk (rise edge)
                                  0.000000    0.000000   clock network delay (ideal)
                                  0.150000    0.150000   clock uncertainty
                                  0.000000    0.150000   clock reconvergence pessimism
                                  0.000000    0.150000   output external delay
                                              0.150000   data required time
---------------------------------------------------------------------------------------------
                                              0.150000   data required time
                                             -0.328145   data arrival time
---------------------------------------------------------------------------------------------
                                              0.178145   slack (MET)


Startpoint: _289_ (rising edge-triggered flip-flop clocked by clk)
Endpoint: sine_out[17] (output port clocked by clk)
Path Group: clk
Path Type: min

Fanout         Cap        Slew       Delay        Time   Description
---------------------------------------------------------------------------------------------
                      0.100000    0.000000    0.000000   clock clk (rise edge)
                                  0.000000    0.000000   clock network delay (ideal)
                      0.100000    0.000000    0.000000 ^ _289_/CLK (sg13g2_dfrbpq_1)
    15    0.048091    0.104427    0.209601    0.209601 v _289_/Q (sg13g2_dfrbpq_1)
                                                         DPATH.SUM.fa_5.A (net)
                      0.104427    0.000000    0.209601 v _209_/A (sg13g2_and2_1)
     3    0.009428    0.029483    0.080475    0.290076 v _209_/X (sg13g2_and2_1)
                                                         _038_ (net)
                      0.029483    0.000000    0.290076 v _271_/B1 (sg13g2_o21ai_1)
     1    0.010000    0.041854    0.043719    0.333795 ^ _271_/Y (sg13g2_o21ai_1)
                                                         sine_out[17] (net)
                      0.041854    0.000000    0.333795 ^ sine_out[17] (out)
                                              0.333795   data arrival time

                      0.100000    0.000000    0.000000   clock clk (rise edge)
                                  0.000000    0.000000   clock network delay (ideal)
                                  0.150000    0.150000   clock uncertainty
                                  0.000000    0.150000   clock reconvergence pessimism
                                  0.000000    0.150000   output external delay
                                              0.150000   data required time
---------------------------------------------------------------------------------------------
                                              0.150000   data required time
                                             -0.333795   data arrival time
---------------------------------------------------------------------------------------------
                                              0.183795   slack (MET)


Startpoint: _289_ (rising edge-triggered flip-flop clocked by clk)
Endpoint: sine_out[16] (output port clocked by clk)
Path Group: clk
Path Type: min

Fanout         Cap        Slew       Delay        Time   Description
---------------------------------------------------------------------------------------------
                      0.100000    0.000000    0.000000   clock clk (rise edge)
                                  0.000000    0.000000   clock network delay (ideal)
                      0.100000    0.000000    0.000000 ^ _289_/CLK (sg13g2_dfrbpq_1)
    15    0.048091    0.104427    0.209601    0.209601 v _289_/Q (sg13g2_dfrbpq_1)
                                                         DPATH.SUM.fa_5.A (net)
                      0.104427    0.000000    0.209601 v _209_/A (sg13g2_and2_1)
     3    0.009428    0.029483    0.080475    0.290076 v _209_/X (sg13g2_and2_1)
                                                         _038_ (net)
                      0.029483    0.000000    0.290076 v _270_/B1 (sg13g2_a21oi_1)
     1    0.010000    0.050651    0.049004    0.339080 ^ _270_/Y (sg13g2_a21oi_1)
                                                         sine_out[16] (net)
                      0.050651    0.000000    0.339080 ^ sine_out[16] (out)
                                              0.339080   data arrival time

                      0.100000    0.000000    0.000000   clock clk (rise edge)
                                  0.000000    0.000000   clock network delay (ideal)
                                  0.150000    0.150000   clock uncertainty
                                  0.000000    0.150000   clock reconvergence pessimism
                                  0.000000    0.150000   output external delay
                                              0.150000   data required time
---------------------------------------------------------------------------------------------
                                              0.150000   data required time
                                             -0.339080   data arrival time
---------------------------------------------------------------------------------------------
                                              0.189080   slack (MET)


Startpoint: _289_ (rising edge-triggered flip-flop clocked by clk)
Endpoint: _289_ (rising edge-triggered flip-flop clocked by clk)
Path Group: clk
Path Type: min

Fanout         Cap        Slew       Delay        Time   Description
---------------------------------------------------------------------------------------------
                      0.100000    0.000000    0.000000   clock clk (rise edge)
                                  0.000000    0.000000   clock network delay (ideal)
                      0.100000    0.000000    0.000000 ^ _289_/CLK (sg13g2_dfrbpq_1)
    15    0.048091    0.104427    0.209601    0.209601 v _289_/Q (sg13g2_dfrbpq_1)
                                                         DPATH.SUM.fa_5.A (net)
                      0.104427    0.000000    0.209601 v _136_/B (sg13g2_xnor2_1)
     2    0.009798    0.051388    0.079695    0.289296 v _136_/Y (sg13g2_xnor2_1)
                                                         _088_ (net)
                      0.051388    0.000000    0.289296 v _149_/A (sg13g2_xor2_1)
     1    0.001523    0.015795    0.042978    0.332274 v _149_/X (sg13g2_xor2_1)
                                                         DPATH.SUM.fa_5.S (net)
                      0.015795    0.000000    0.332274 v _289_/D (sg13g2_dfrbpq_1)
                                              0.332274   data arrival time

                      0.100000    0.000000    0.000000   clock clk (rise edge)
                                  0.000000    0.000000   clock network delay (ideal)
                                  0.150000    0.150000   clock uncertainty
                                  0.000000    0.150000   clock reconvergence pessimism
                                              0.150000 ^ _289_/CLK (sg13g2_dfrbpq_1)
                                 -0.008407    0.141593   library hold time
                                              0.141593   data required time
---------------------------------------------------------------------------------------------
                                              0.141593   data required time
                                             -0.332274   data arrival time
---------------------------------------------------------------------------------------------
                                              0.190682   slack (MET)


Startpoint: _292_ (rising edge-triggered flip-flop clocked by clk)
Endpoint: _291_ (rising edge-triggered flip-flop clocked by clk)
Path Group: clk
Path Type: min

Fanout         Cap        Slew       Delay        Time   Description
---------------------------------------------------------------------------------------------
                      0.100000    0.000000    0.000000   clock clk (rise edge)
                                  0.000000    0.000000   clock network delay (ideal)
                      0.100000    0.000000    0.000000 ^ _292_/CLK (sg13g2_dfrbpq_1)
    13    0.057652    0.124038    0.223770    0.223770 v _292_/Q (sg13g2_dfrbpq_1)
                                                         CTRL.S0 (net)
                      0.124038    0.000000    0.223770 v _157_/A (sg13g2_nand4_1)
     1    0.003189    0.027699    0.045300    0.269070 ^ _157_/Y (sg13g2_nand4_1)
                                                         _107_ (net)
                      0.027699    0.000000    0.269070 ^ _158_/C (sg13g2_nor3_1)
     2    0.008767    0.026643    0.032807    0.301877 v _158_/Y (sg13g2_nor3_1)
                                                         _108_ (net)
                      0.026643    0.000000    0.301877 v _159_/B (sg13g2_xnor2_1)
     1    0.001523    0.017738    0.033393    0.335270 v _159_/Y (sg13g2_xnor2_1)
                                                         CTRL.P1 (net)
                      0.017738    0.000000    0.335270 v _291_/D (sg13g2_dfrbpq_1)
                                              0.335270   data arrival time

                      0.100000    0.000000    0.000000   clock clk (rise edge)
                                  0.000000    0.000000   clock network delay (ideal)
                                  0.150000    0.150000   clock uncertainty
                                  0.000000    0.150000   clock reconvergence pessimism
                                              0.150000 ^ _291_/CLK (sg13g2_dfrbpq_1)
                                 -0.008860    0.141140   library hold time
                                              0.141140   data required time
---------------------------------------------------------------------------------------------
                                              0.141140   data required time
                                             -0.335270   data arrival time
---------------------------------------------------------------------------------------------
                                              0.194130   slack (MET)


Startpoint: _284_ (rising edge-triggered flip-flop clocked by clk)
Endpoint: _284_ (rising edge-triggered flip-flop clocked by clk)
Path Group: clk
Path Type: min

Fanout         Cap        Slew       Delay        Time   Description
---------------------------------------------------------------------------------------------
                      0.100000    0.000000    0.000000   clock clk (rise edge)
                                  0.000000    0.000000   clock network delay (ideal)
                      0.100000    0.000000    0.000000 ^ _284_/CLK (sg13g2_dfrbpq_1)
    18    0.066327    0.141840    0.236619    0.236619 v _284_/Q (sg13g2_dfrbpq_1)
                                                         DPATH.SUM.Cout0 (net)
                      0.141840    0.000000    0.236619 v _133_/A (sg13g2_inv_1)
     4    0.011518    0.058397    0.067003    0.303622 ^ _133_/Y (sg13g2_inv_1)
                                                         DPATH.SUM.ha_0.S (net)
                      0.058397    0.000000    0.303622 ^ _284_/D (sg13g2_dfrbpq_1)
                                              0.303622   data arrival time

                      0.100000    0.000000    0.000000   clock clk (rise edge)
                                  0.000000    0.000000   clock network delay (ideal)
                                  0.150000    0.150000   clock uncertainty
                                  0.000000    0.150000   clock reconvergence pessimism
                                              0.150000 ^ _284_/CLK (sg13g2_dfrbpq_1)
                                 -0.043024    0.106976   library hold time
                                              0.106976   data required time
---------------------------------------------------------------------------------------------
                                              0.106976   data required time
                                             -0.303622   data arrival time
---------------------------------------------------------------------------------------------
                                              0.196646   slack (MET)


Startpoint: _290_ (rising edge-triggered flip-flop clocked by clk)
Endpoint: sine_out[2] (output port clocked by clk)
Path Group: clk
Path Type: min

Fanout         Cap        Slew       Delay        Time   Description
---------------------------------------------------------------------------------------------
                      0.100000    0.000000    0.000000   clock clk (rise edge)
                                  0.000000    0.000000   clock network delay (ideal)
                      0.100000    0.000000    0.000000 ^ _290_/CLK (sg13g2_dfrbpq_1)
    15    0.050208    0.108768    0.212737    0.212737 v _290_/Q (sg13g2_dfrbpq_1)
                                                         DPATH.SUM.fa_6.A (net)
                      0.108768    0.000000    0.212737 v _249_/S (sg13g2_mux2_1)
     1    0.003500    0.020518    0.089008    0.301745 ^ _249_/X (sg13g2_mux2_1)
                                                         _076_ (net)
                      0.020518    0.000000    0.301745 ^ _250_/B1 (sg13g2_o21ai_1)
     1    0.010000    0.048617    0.049547    0.351292 v _250_/Y (sg13g2_o21ai_1)
                                                         sine_out[2] (net)
                      0.048617    0.000000    0.351292 v sine_out[2] (out)
                                              0.351292   data arrival time

                      0.100000    0.000000    0.000000   clock clk (rise edge)
                                  0.000000    0.000000   clock network delay (ideal)
                                  0.150000    0.150000   clock uncertainty
                                  0.000000    0.150000   clock reconvergence pessimism
                                  0.000000    0.150000   output external delay
                                              0.150000   data required time
---------------------------------------------------------------------------------------------
                                              0.150000   data required time
                                             -0.351292   data arrival time
---------------------------------------------------------------------------------------------
                                              0.201292   slack (MET)


Startpoint: _292_ (rising edge-triggered flip-flop clocked by clk)
Endpoint: _286_ (rising edge-triggered flip-flop clocked by clk)
Path Group: clk
Path Type: min

Fanout         Cap        Slew       Delay        Time   Description
---------------------------------------------------------------------------------------------
                      0.100000    0.000000    0.000000   clock clk (rise edge)
                                  0.000000    0.000000   clock network delay (ideal)
                      0.100000    0.000000    0.000000 ^ _292_/CLK (sg13g2_dfrbpq_1)
    13    0.057652    0.124038    0.223770    0.223770 v _292_/Q (sg13g2_dfrbpq_1)
                                                         CTRL.S0 (net)
                      0.124038    0.000000    0.223770 v _143_/A (sg13g2_xor2_1)
     2    0.008688    0.031885    0.085323    0.309093 v _143_/X (sg13g2_xor2_1)
                                                         _095_ (net)
                      0.031885    0.000000    0.309093 v _273_/B (sg13g2_xor2_1)
     1    0.001523    0.016020    0.034628    0.343721 v _273_/X (sg13g2_xor2_1)
                                                         DPATH.SUM.fa_2.S (net)
                      0.016020    0.000000    0.343721 v _286_/D (sg13g2_dfrbpq_1)
                                              0.343721   data arrival time

                      0.100000    0.000000    0.000000   clock clk (rise edge)
                                  0.000000    0.000000   clock network delay (ideal)
                                  0.150000    0.150000   clock uncertainty
                                  0.000000    0.150000   clock reconvergence pessimism
                                              0.150000 ^ _286_/CLK (sg13g2_dfrbpq_1)
                                 -0.008460    0.141540   library hold time
                                              0.141540   data required time
---------------------------------------------------------------------------------------------
                                              0.141540   data required time
                                             -0.343721   data arrival time
---------------------------------------------------------------------------------------------
                                              0.202181   slack (MET)


Startpoint: _292_ (rising edge-triggered flip-flop clocked by clk)
Endpoint: _288_ (rising edge-triggered flip-flop clocked by clk)
Path Group: clk
Path Type: min

Fanout         Cap        Slew       Delay        Time   Description
---------------------------------------------------------------------------------------------
                      0.100000    0.000000    0.000000   clock clk (rise edge)
                                  0.000000    0.000000   clock network delay (ideal)
                      0.100000    0.000000    0.000000 ^ _292_/CLK (sg13g2_dfrbpq_1)
    13    0.057652    0.124038    0.223770    0.223770 v _292_/Q (sg13g2_dfrbpq_1)
                                                         CTRL.S0 (net)
                      0.124038    0.000000    0.223770 v _147_/A (sg13g2_xor2_1)
     2    0.008688    0.031885    0.085323    0.309093 v _147_/X (sg13g2_xor2_1)
                                                         _099_ (net)
                      0.031885    0.000000    0.309093 v _275_/B (sg13g2_xor2_1)
     1    0.001523    0.016020    0.034628    0.343721 v _275_/X (sg13g2_xor2_1)
                                                         DPATH.SUM.fa_4.S (net)
                      0.016020    0.000000    0.343721 v _288_/D (sg13g2_dfrbpq_1)
                                              0.343721   data arrival time

                      0.100000    0.000000    0.000000   clock clk (rise edge)
                                  0.000000    0.000000   clock network delay (ideal)
                                  0.150000    0.150000   clock uncertainty
                                  0.000000    0.150000   clock reconvergence pessimism
                                              0.150000 ^ _288_/CLK (sg13g2_dfrbpq_1)
                                 -0.008460    0.141540   library hold time
                                              0.141540   data required time
---------------------------------------------------------------------------------------------
                                              0.141540   data required time
                                             -0.343721   data arrival time
---------------------------------------------------------------------------------------------
                                              0.202181   slack (MET)


Startpoint: _292_ (rising edge-triggered flip-flop clocked by clk)
Endpoint: _287_ (rising edge-triggered flip-flop clocked by clk)
Path Group: clk
Path Type: min

Fanout         Cap        Slew       Delay        Time   Description
---------------------------------------------------------------------------------------------
                      0.100000    0.000000    0.000000   clock clk (rise edge)
                                  0.000000    0.000000   clock network delay (ideal)
                      0.100000    0.000000    0.000000 ^ _292_/CLK (sg13g2_dfrbpq_1)
    13    0.057652    0.124038    0.223770    0.223770 v _292_/Q (sg13g2_dfrbpq_1)
                                                         CTRL.S0 (net)
                      0.124038    0.000000    0.223770 v _145_/A (sg13g2_xnor2_1)
     2    0.008760    0.047582    0.087795    0.311565 v _145_/Y (sg13g2_xnor2_1)
                                                         _097_ (net)
                      0.047582    0.000000    0.311565 v _274_/B (sg13g2_xor2_1)
     1    0.001523    0.015719    0.039140    0.350705 v _274_/X (sg13g2_xor2_1)
                                                         DPATH.SUM.fa_3.S (net)
                      0.015719    0.000000    0.350705 v _287_/D (sg13g2_dfrbpq_1)
                                              0.350705   data arrival time

                      0.100000    0.000000    0.000000   clock clk (rise edge)
                                  0.000000    0.000000   clock network delay (ideal)
                                  0.150000    0.150000   clock uncertainty
                                  0.000000    0.150000   clock reconvergence pessimism
                                              0.150000 ^ _287_/CLK (sg13g2_dfrbpq_1)
                                 -0.008389    0.141611   library hold time
                                              0.141611   data required time
---------------------------------------------------------------------------------------------
                                              0.141611   data required time
                                             -0.350705   data arrival time
---------------------------------------------------------------------------------------------
                                              0.209094   slack (MET)


Startpoint: _288_ (rising edge-triggered flip-flop clocked by clk)
Endpoint: sine_out[6] (output port clocked by clk)
Path Group: clk
Path Type: min

Fanout         Cap        Slew       Delay        Time   Description
---------------------------------------------------------------------------------------------
                      0.100000    0.000000    0.000000   clock clk (rise edge)
                                  0.000000    0.000000   clock network delay (ideal)
                      0.100000    0.000000    0.000000 ^ _288_/CLK (sg13g2_dfrbpq_1)
    27    0.084167    0.178540    0.262986    0.262986 v _288_/Q (sg13g2_dfrbpq_1)
                                                         DPATH.SUM.fa_4.A (net)
                      0.178540    0.000000    0.262986 v _256_/A1 (sg13g2_a21oi_1)
     1    0.010000    0.057599    0.099629    0.362615 ^ _256_/Y (sg13g2_a21oi_1)
                                                         sine_out[6] (net)
                      0.057599    0.000000    0.362615 ^ sine_out[6] (out)
                                              0.362615   data arrival time

                      0.100000    0.000000    0.000000   clock clk (rise edge)
                                  0.000000    0.000000   clock network delay (ideal)
                                  0.150000    0.150000   clock uncertainty
                                  0.000000    0.150000   clock reconvergence pessimism
                                  0.000000    0.150000   output external delay
                                              0.150000   data required time
---------------------------------------------------------------------------------------------
                                              0.150000   data required time
                                             -0.362615   data arrival time
---------------------------------------------------------------------------------------------
                                              0.212615   slack (MET)


Startpoint: _288_ (rising edge-triggered flip-flop clocked by clk)
Endpoint: sine_out[7] (output port clocked by clk)
Path Group: clk
Path Type: min

Fanout         Cap        Slew       Delay        Time   Description
---------------------------------------------------------------------------------------------
                      0.100000    0.000000    0.000000   clock clk (rise edge)
                                  0.000000    0.000000   clock network delay (ideal)
                      0.100000    0.000000    0.000000 ^ _288_/CLK (sg13g2_dfrbpq_1)
    27    0.084167    0.178540    0.262986    0.262986 v _288_/Q (sg13g2_dfrbpq_1)
                                                         DPATH.SUM.fa_4.A (net)
                      0.178540    0.000000    0.262986 v _257_/A1 (sg13g2_a21oi_1)
     1    0.010000    0.057599    0.099629    0.362615 ^ _257_/Y (sg13g2_a21oi_1)
                                                         sine_out[7] (net)
                      0.057599    0.000000    0.362615 ^ sine_out[7] (out)
                                              0.362615   data arrival time

                      0.100000    0.000000    0.000000   clock clk (rise edge)
                                  0.000000    0.000000   clock network delay (ideal)
                                  0.150000    0.150000   clock uncertainty
                                  0.000000    0.150000   clock reconvergence pessimism
                                  0.000000    0.150000   output external delay
                                              0.150000   data required time
---------------------------------------------------------------------------------------------
                                              0.150000   data required time
                                             -0.362615   data arrival time
---------------------------------------------------------------------------------------------
                                              0.212615   slack (MET)


Startpoint: _288_ (rising edge-triggered flip-flop clocked by clk)
Endpoint: sine_out[8] (output port clocked by clk)
Path Group: clk
Path Type: min

Fanout         Cap        Slew       Delay        Time   Description
---------------------------------------------------------------------------------------------
                      0.100000    0.000000    0.000000   clock clk (rise edge)
                                  0.000000    0.000000   clock network delay (ideal)
                      0.100000    0.000000    0.000000 ^ _288_/CLK (sg13g2_dfrbpq_1)
    27    0.084167    0.178540    0.262986    0.262986 v _288_/Q (sg13g2_dfrbpq_1)
                                                         DPATH.SUM.fa_4.A (net)
                      0.178540    0.000000    0.262986 v _258_/A1 (sg13g2_a21oi_1)
     1    0.010000    0.057599    0.099629    0.362615 ^ _258_/Y (sg13g2_a21oi_1)
                                                         sine_out[8] (net)
                      0.057599    0.000000    0.362615 ^ sine_out[8] (out)
                                              0.362615   data arrival time

                      0.100000    0.000000    0.000000   clock clk (rise edge)
                                  0.000000    0.000000   clock network delay (ideal)
                                  0.150000    0.150000   clock uncertainty
                                  0.000000    0.150000   clock reconvergence pessimism
                                  0.000000    0.150000   output external delay
                                              0.150000   data required time
---------------------------------------------------------------------------------------------
                                              0.150000   data required time
                                             -0.362615   data arrival time
---------------------------------------------------------------------------------------------
                                              0.212615   slack (MET)


Startpoint: _290_ (rising edge-triggered flip-flop clocked by clk)
Endpoint: sine_out[10] (output port clocked by clk)
Path Group: clk
Path Type: min

Fanout         Cap        Slew       Delay        Time   Description
---------------------------------------------------------------------------------------------
                      0.100000    0.000000    0.000000   clock clk (rise edge)
                                  0.000000    0.000000   clock network delay (ideal)
                      0.100000    0.000000    0.000000 ^ _290_/CLK (sg13g2_dfrbpq_1)
    15    0.050208    0.108768    0.212737    0.212737 v _290_/Q (sg13g2_dfrbpq_1)
                                                         DPATH.SUM.fa_6.A (net)
                      0.108768    0.000000    0.212737 v _128_/A (sg13g2_inv_1)
     3    0.009384    0.046769    0.054062    0.266799 ^ _128_/Y (sg13g2_inv_1)
                                                         _083_ (net)
                      0.046769    0.000000    0.266799 ^ _260_/B (sg13g2_nand3b_1)
     1    0.003054    0.038566    0.055598    0.322397 v _260_/Y (sg13g2_nand3b_1)
                                                         _079_ (net)
                      0.038566    0.000000    0.322397 v _261_/B (sg13g2_nand2_1)
     1    0.010000    0.039425    0.042652    0.365049 ^ _261_/Y (sg13g2_nand2_1)
                                                         sine_out[10] (net)
                      0.039425    0.000000    0.365049 ^ sine_out[10] (out)
                                              0.365049   data arrival time

                      0.100000    0.000000    0.000000   clock clk (rise edge)
                                  0.000000    0.000000   clock network delay (ideal)
                                  0.150000    0.150000   clock uncertainty
                                  0.000000    0.150000   clock reconvergence pessimism
                                  0.000000    0.150000   output external delay
                                              0.150000   data required time
---------------------------------------------------------------------------------------------
                                              0.150000   data required time
                                             -0.365049   data arrival time
---------------------------------------------------------------------------------------------
                                              0.215049   slack (MET)


Startpoint: _289_ (rising edge-triggered flip-flop clocked by clk)
Endpoint: sine_out[1] (output port clocked by clk)
Path Group: clk
Path Type: min

Fanout         Cap        Slew       Delay        Time   Description
---------------------------------------------------------------------------------------------
                      0.100000    0.000000    0.000000   clock clk (rise edge)
                                  0.000000    0.000000   clock network delay (ideal)
                      0.100000    0.000000    0.000000 ^ _289_/CLK (sg13g2_dfrbpq_1)
    15    0.049021    0.132354    0.223791    0.223791 ^ _289_/Q (sg13g2_dfrbpq_1)
                                                         DPATH.SUM.fa_5.A (net)
                      0.132354    0.000000    0.223791 ^ _218_/A (sg13g2_nor2b_1)
     3    0.009527    0.033909    0.060427    0.284218 v _218_/Y (sg13g2_nor2b_1)
                                                         _046_ (net)
                      0.033909    0.000000    0.284218 v _228_/B (sg13g2_nand2b_1)
     1    0.003149    0.017645    0.027068    0.311286 ^ _228_/Y (sg13g2_nand2b_1)
                                                         _056_ (net)
                      0.017645    0.000000    0.311286 ^ _233_/A1 (sg13g2_a21oi_1)
     1    0.010000    0.027879    0.055627    0.366913 v _233_/Y (sg13g2_a21oi_1)
                                                         sine_out[1] (net)
                      0.027879    0.000000    0.366913 v sine_out[1] (out)
                                              0.366913   data arrival time

                      0.100000    0.000000    0.000000   clock clk (rise edge)
                                  0.000000    0.000000   clock network delay (ideal)
                                  0.150000    0.150000   clock uncertainty
                                  0.000000    0.150000   clock reconvergence pessimism
                                  0.000000    0.150000   output external delay
                                              0.150000   data required time
---------------------------------------------------------------------------------------------
                                              0.150000   data required time
                                             -0.366913   data arrival time
---------------------------------------------------------------------------------------------
                                              0.216913   slack (MET)


Startpoint: _288_ (rising edge-triggered flip-flop clocked by clk)
Endpoint: sine_out[4] (output port clocked by clk)
Path Group: clk
Path Type: min

Fanout         Cap        Slew       Delay        Time   Description
---------------------------------------------------------------------------------------------
                      0.100000    0.000000    0.000000   clock clk (rise edge)
                                  0.000000    0.000000   clock network delay (ideal)
                      0.100000    0.000000    0.000000 ^ _288_/CLK (sg13g2_dfrbpq_1)
    27    0.084427    0.223642    0.286146    0.286146 ^ _288_/Q (sg13g2_dfrbpq_1)
                                                         DPATH.SUM.fa_4.A (net)
                      0.223642    0.000000    0.286146 ^ _253_/A (sg13g2_nor3_1)
     1    0.010000    0.036424    0.092177    0.378322 v _253_/Y (sg13g2_nor3_1)
                                                         sine_out[4] (net)
                      0.036424    0.000000    0.378322 v sine_out[4] (out)
                                              0.378322   data arrival time

                      0.100000    0.000000    0.000000   clock clk (rise edge)
                                  0.000000    0.000000   clock network delay (ideal)
                                  0.150000    0.150000   clock uncertainty
                                  0.000000    0.150000   clock reconvergence pessimism
                                  0.000000    0.150000   output external delay
                                              0.150000   data required time
---------------------------------------------------------------------------------------------
                                              0.150000   data required time
                                             -0.378322   data arrival time
---------------------------------------------------------------------------------------------
                                              0.228322   slack (MET)


Startpoint: _288_ (rising edge-triggered flip-flop clocked by clk)
Endpoint: sine_out[5] (output port clocked by clk)
Path Group: clk
Path Type: min

Fanout         Cap        Slew       Delay        Time   Description
---------------------------------------------------------------------------------------------
                      0.100000    0.000000    0.000000   clock clk (rise edge)
                                  0.000000    0.000000   clock network delay (ideal)
                      0.100000    0.000000    0.000000 ^ _288_/CLK (sg13g2_dfrbpq_1)
    27    0.084427    0.223642    0.286146    0.286146 ^ _288_/Q (sg13g2_dfrbpq_1)
                                                         DPATH.SUM.fa_4.A (net)
                      0.223642    0.000000    0.286146 ^ _255_/A (sg13g2_nor3_1)
     1    0.010000    0.029670    0.092177    0.378322 v _255_/Y (sg13g2_nor3_1)
                                                         sine_out[5] (net)
                      0.029670    0.000000    0.378322 v sine_out[5] (out)
                                              0.378322   data arrival time

                      0.100000    0.000000    0.000000   clock clk (rise edge)
                                  0.000000    0.000000   clock network delay (ideal)
                                  0.150000    0.150000   clock uncertainty
                                  0.000000    0.150000   clock reconvergence pessimism
                                  0.000000    0.150000   output external delay
                                              0.150000   data required time
---------------------------------------------------------------------------------------------
                                              0.150000   data required time
                                             -0.378322   data arrival time
---------------------------------------------------------------------------------------------
                                              0.228322   slack (MET)


Startpoint: _290_ (rising edge-triggered flip-flop clocked by clk)
Endpoint: sine_out[3] (output port clocked by clk)
Path Group: clk
Path Type: min

Fanout         Cap        Slew       Delay        Time   Description
---------------------------------------------------------------------------------------------
                      0.100000    0.000000    0.000000   clock clk (rise edge)
                                  0.000000    0.000000   clock network delay (ideal)
                      0.100000    0.000000    0.000000 ^ _290_/CLK (sg13g2_dfrbpq_1)
    15    0.051324    0.138287    0.227848    0.227848 ^ _290_/Q (sg13g2_dfrbpq_1)
                                                         DPATH.SUM.fa_6.A (net)
                      0.138287    0.000000    0.227848 ^ _153_/B (sg13g2_or2_1)
     9    0.029085    0.081857    0.125005    0.352854 ^ _153_/X (sg13g2_or2_1)
                                                         _103_ (net)
                      0.081857    0.000000    0.352854 ^ _252_/A (sg13g2_nor2_1)
     1    0.010000    0.031240    0.055196    0.408050 v _252_/Y (sg13g2_nor2_1)
                                                         sine_out[3] (net)
                      0.031240    0.000000    0.408050 v sine_out[3] (out)
                                              0.408050   data arrival time

                      0.100000    0.000000    0.000000   clock clk (rise edge)
                                  0.000000    0.000000   clock network delay (ideal)
                                  0.150000    0.150000   clock uncertainty
                                  0.000000    0.150000   clock reconvergence pessimism
                                  0.000000    0.150000   output external delay
                                              0.150000   data required time
---------------------------------------------------------------------------------------------
                                              0.150000   data required time
                                             -0.408050   data arrival time
---------------------------------------------------------------------------------------------
                                              0.258050   slack (MET)



