
===========================================================================
report_checks -unconstrained
===========================================================================
======================= nom_typ_1p20V_25C Corner ===================================

Startpoint: _294_ (rising edge-triggered flip-flop clocked by clockone)
Endpoint: _299_ (rising edge-triggered flip-flop clocked by clockone)
Path Group: clockone
Path Type: max

Fanout         Cap        Slew       Delay        Time   Description
---------------------------------------------------------------------------------------------
                      0.000000    0.000000    0.000000   clock clockone (rise edge)
                                  0.000000    0.000000   clock network delay (ideal)
                      0.000000    0.000000    0.000000 ^ _294_/CLK (sg13g2_dfrbpq_1)
    16    0.053539    0.223884    0.296297    0.296297 ^ _294_/Q (sg13g2_dfrbpq_1)
                                                         DPATH.SUM.fa_1.A (net)
                      0.223884    0.000000    0.296297 ^ _191_/A (sg13g2_xnor2_1)
     2    0.008221    0.088142    0.144587    0.440884 v _191_/Y (sg13g2_xnor2_1)
                                                         _025_ (net)
                      0.088142    0.000000    0.440884 v _193_/A2 (sg13g2_o21ai_1)
     2    0.008800    0.129139    0.141610    0.582495 ^ _193_/Y (sg13g2_o21ai_1)
                                                         _026_ (net)
                      0.129139    0.000000    0.582495 ^ _197_/A1 (sg13g2_a21oi_1)
     2    0.008956    0.087933    0.117328    0.699823 v _197_/Y (sg13g2_a21oi_1)
                                                         _029_ (net)
                      0.087933    0.000000    0.699823 v _203_/A1 (sg13g2_o21ai_1)
     2    0.008313    0.123903    0.144495    0.844318 ^ _203_/Y (sg13g2_o21ai_1)
                                                         _034_ (net)
                      0.123903    0.000000    0.844318 ^ _207_/A2 (sg13g2_a21oi_1)
     2    0.008208    0.084988    0.113888    0.958206 v _207_/Y (sg13g2_a21oi_1)
                                                         _037_ (net)
                      0.084988    0.000000    0.958206 v _209_/A2 (sg13g2_o21ai_1)
     1    0.005655    0.100059    0.117427    1.075633 ^ _209_/Y (sg13g2_o21ai_1)
                                                         _038_ (net)
                      0.100059    0.000000    1.075633 ^ _211_/A (sg13g2_xnor2_1)
     1    0.001410    0.059538    0.106119    1.181752 ^ _211_/Y (sg13g2_xnor2_1)
                                                         DPATH.SUM.fa_6.S (net)
                      0.059538    0.000000    1.181752 ^ _299_/D (sg13g2_dfrbpq_1)
                                              1.181752   data arrival time

                      0.000000    5.000000    5.000000   clock clockone (rise edge)
                                  0.000000    5.000000   clock network delay (ideal)
                                 -0.200000    4.800000   clock uncertainty
                                  0.000000    4.800000   clock reconvergence pessimism
                                              4.800000 ^ _299_/CLK (sg13g2_dfrbpq_1)
                                 -0.128538    4.671462   library setup time
                                              4.671462   data required time
---------------------------------------------------------------------------------------------
                                              4.671462   data required time
                                             -1.181752   data arrival time
---------------------------------------------------------------------------------------------
                                              3.489710   slack (MET)




===========================================================================
report_checks --slack_max -0.01
============================================================================
======================= nom_typ_1p20V_25C Corner ===================================

No paths found.


===========================================================================
 report_check_types -max_slew -max_cap -max_fanout -violators
============================================================================
======================= nom_typ_1p20V_25C Corner ===================================

max fanout

Pin                                   Limit Fanout  Slack
---------------------------------------------------------
_297_/Q                                   8     29    -21 (VIOLATED)
_298_/Q                                   8     25    -17 (VIOLATED)
_299_/Q                                   8     25    -17 (VIOLATED)
_294_/Q                                   8     16     -8 (VIOLATED)
_295_/Q                                   8     15     -7 (VIOLATED)
_293_/Q                                   8     14     -6 (VIOLATED)
_301_/Q                                   8     13     -5 (VIOLATED)
_296_/Q                                   8     12     -4 (VIOLATED)
_125_/Y                                   8     10     -2 (VIOLATED)



===========================================================================
report_parasitic_annotation -report_unannotated
============================================================================
Found 179 unannotated drivers.
 clk
 rst
 _125_/Y
 _126_/Y
 _127_/Y
 _128_/Y
 _129_/Y
 _130_/Y
 _131_/X
 _132_/Y
 _133_/Y
 _134_/Y
 _135_/Y
 _136_/Y
 _137_/Y
 _138_/Y
 _139_/Y
 _140_/Y
 _141_/X
 _142_/X
 _143_/Y
 _144_/Y
 _145_/Y
 _146_/Y
 _147_/Y
 _148_/Y
 _149_/Y
 _150_/X
 _151_/Y
 _152_/Y
 _153_/Y
 _154_/Y
 _155_/Y
 _156_/Y
 _157_/Y
 _158_/Y
 _159_/Y
 _160_/Y
 _161_/Y
 _162_/Y
 _163_/Y
 _164_/Y
 _165_/Y
 _166_/Y
 _167_/Y
 _168_/Y
 _169_/Y
 _170_/Y
 _171_/Y
 _172_/Y
 _173_/Y
 _174_/Y
 _175_/Y
 _176_/Y
 _177_/Y
 _178_/Y
 _179_/Y
 _180_/Y
 _181_/X
 _182_/Y
 _183_/X
 _184_/Y
 _185_/Y
 _186_/Y
 _187_/Y
 _188_/Y
 _189_/Y
 _190_/Y
 _191_/Y
 _192_/Y
 _193_/Y
 _194_/X
 _195_/X
 _196_/X
 _197_/Y
 _198_/Y
 _199_/Y
 _200_/X
 _201_/X
 _202_/X
 _203_/Y
 _204_/X
 _205_/Y
 _206_/Y
 _207_/Y
 _208_/X
 _209_/Y
 _210_/Y
 _211_/Y
 _212_/Y
 _213_/Y
 _214_/Y
 _215_/Y
 _216_/Y
 _217_/Y
 _218_/Y
 _219_/Y
 _220_/X
 _221_/Y
 _222_/Y
 _223_/X
 _224_/Y
 _225_/Y
 _226_/X
 _227_/Y
 _228_/Y
 _229_/Y
 _230_/Y
 _231_/Y
 _232_/Y
 _233_/Y
 _234_/Y
 _235_/Y
 _236_/Y
 _237_/Y
 _238_/Y
 _239_/X
 _240_/Y
 _241_/Y
 _242_/Y
 _243_/Y
 _244_/Y
 _245_/Y
 _246_/Y
 _247_/Y
 _248_/Y
 _249_/Y
 _250_/Y
 _251_/Y
 _252_/Y
 _253_/Y
 _254_/Y
 _255_/Y
 _256_/Y
 _257_/Y
 _258_/Y
 _259_/X
 _260_/Y
 _261_/Y
 _262_/Y
 _263_/Y
 _264_/Y
 _265_/Y
 _266_/X
 _267_/Y
 _268_/Y
 _269_/Y
 _270_/Y
 _271_/Y
 _272_/Y
 _273_/Y
 _274_/Y
 _275_/Y
 _276_/Y
 _277_/Y
 _278_/Y
 _279_/Y
 _280_/Y
 _281_/Y
 _282_/Y
 _283_/Y
 _284_/X
 _285_/Y
 _286_/Y
 _287_/Y
 _288_/Y
 _289_/Y
 _290_/Y
 _291_/Y
 _292_/Y
 _293_/Q
 _294_/Q
 _295_/Q
 _296_/Q
 _297_/Q
 _298_/Q
 _299_/Q
 _300_/Q
 _301_/Q
Found 0 partially unannotated drivers.

===========================================================================
max slew violation count 0
max fanout violation count 9
max cap violation count 0
============================================================================

===========================================================================
check_setup -verbose -unconstrained_endpoints -multiple_clock -no_clock -no_input_delay -loops -generated_clocks
===========================================================================
Warning: There are 35 unconstrained endpoints.
  sign
  signB
  sine_out[0]
  sine_out[10]
  sine_out[11]
  sine_out[12]
  sine_out[13]
  sine_out[14]
  sine_out[15]
  sine_out[16]
  sine_out[17]
  sine_out[18]
  sine_out[19]
  sine_out[1]
  sine_out[20]
  sine_out[21]
  sine_out[22]
  sine_out[23]
  sine_out[24]
  sine_out[25]
  sine_out[26]
  sine_out[27]
  sine_out[28]
  sine_out[29]
  sine_out[2]
  sine_out[30]
  sine_out[31]
  sine_out[32]
  sine_out[3]
  sine_out[4]
  sine_out[5]
  sine_out[6]
  sine_out[7]
  sine_out[8]
  sine_out[9]
