Clock: clockone
Sources: clk 
Generated: no
Virtual: no
Propagated: no
Period: 5.000000

===========================================================================
report_clock_properties
============================================================================
Clock                   Period          Waveform
----------------------------------------------------
clockone              5.000000    0.000000  1.000000

===========================================================================
report_clock_latency
============================================================================
Clock clockone
rise -> rise
    min     max
0.000000 0.000000 source latency
0.000000         network latency _293_/CLK
        0.000000 network latency _293_/CLK
---------------
0.000000 0.000000 latency
        0.000000 skew

fall -> fall
    min     max
0.000000 0.000000 source latency
0.000000         network latency _293_/CLK
        0.000000 network latency _293_/CLK
---------------
0.000000 0.000000 latency
        0.000000 skew



===========================================================================
report_clock_min_period
============================================================================
clockone period_min = 1.51 fmax = 662.12
