
===========================================================================
report_checks -path_delay max (Setup)
============================================================================
======================= nom_typ_1p20V_25C Corner ===================================

Startpoint: _294_ (rising edge-triggered flip-flop clocked by clockone)
Endpoint: _299_ (rising edge-triggered flip-flop clocked by clockone)
Path Group: clockone
Path Type: max

Fanout         Cap        Slew       Delay        Time   Description
---------------------------------------------------------------------------------------------
                      0.000000    0.000000    0.000000   clock clockone (rise edge)
                                  0.000000    0.000000   clock network delay (ideal)
                      0.000000    0.000000    0.000000 ^ _294_/CLK (sg13g2_dfrbpq_1)
    16    0.053539    0.223884    0.296297    0.296297 ^ _294_/Q (sg13g2_dfrbpq_1)
                                                         DPATH.SUM.fa_1.A (net)
                      0.223884    0.000000    0.296297 ^ _191_/A (sg13g2_xnor2_1)
     2    0.008221    0.088142    0.144587    0.440884 v _191_/Y (sg13g2_xnor2_1)
                                                         _025_ (net)
                      0.088142    0.000000    0.440884 v _193_/A2 (sg13g2_o21ai_1)
     2    0.008800    0.129139    0.141610    0.582495 ^ _193_/Y (sg13g2_o21ai_1)
                                                         _026_ (net)
                      0.129139    0.000000    0.582495 ^ _197_/A1 (sg13g2_a21oi_1)
     2    0.008956    0.087933    0.117328    0.699823 v _197_/Y (sg13g2_a21oi_1)
                                                         _029_ (net)
                      0.087933    0.000000    0.699823 v _203_/A1 (sg13g2_o21ai_1)
     2    0.008313    0.123903    0.144495    0.844318 ^ _203_/Y (sg13g2_o21ai_1)
                                                         _034_ (net)
                      0.123903    0.000000    0.844318 ^ _207_/A2 (sg13g2_a21oi_1)
     2    0.008208    0.084988    0.113888    0.958206 v _207_/Y (sg13g2_a21oi_1)
                                                         _037_ (net)
                      0.084988    0.000000    0.958206 v _209_/A2 (sg13g2_o21ai_1)
     1    0.005655    0.100059    0.117427    1.075633 ^ _209_/Y (sg13g2_o21ai_1)
                                                         _038_ (net)
                      0.100059    0.000000    1.075633 ^ _211_/A (sg13g2_xnor2_1)
     1    0.001410    0.059538    0.106119    1.181752 ^ _211_/Y (sg13g2_xnor2_1)
                                                         DPATH.SUM.fa_6.S (net)
                      0.059538    0.000000    1.181752 ^ _299_/D (sg13g2_dfrbpq_1)
                                              1.181752   data arrival time

                      0.000000    5.000000    5.000000   clock clockone (rise edge)
                                  0.000000    5.000000   clock network delay (ideal)
                                 -0.200000    4.800000   clock uncertainty
                                  0.000000    4.800000   clock reconvergence pessimism
                                              4.800000 ^ _299_/CLK (sg13g2_dfrbpq_1)
                                 -0.128538    4.671462   library setup time
                                              4.671462   data required time
---------------------------------------------------------------------------------------------
                                              4.671462   data required time
                                             -1.181752   data arrival time
---------------------------------------------------------------------------------------------
                                              3.489710   slack (MET)


Startpoint: _294_ (rising edge-triggered flip-flop clocked by clockone)
Endpoint: _298_ (rising edge-triggered flip-flop clocked by clockone)
Path Group: clockone
Path Type: max

Fanout         Cap        Slew       Delay        Time   Description
---------------------------------------------------------------------------------------------
                      0.000000    0.000000    0.000000   clock clockone (rise edge)
                                  0.000000    0.000000   clock network delay (ideal)
                      0.000000    0.000000    0.000000 ^ _294_/CLK (sg13g2_dfrbpq_1)
    16    0.053539    0.223884    0.296297    0.296297 ^ _294_/Q (sg13g2_dfrbpq_1)
                                                         DPATH.SUM.fa_1.A (net)
                      0.223884    0.000000    0.296297 ^ _191_/A (sg13g2_xnor2_1)
     2    0.008221    0.088142    0.144587    0.440884 v _191_/Y (sg13g2_xnor2_1)
                                                         _025_ (net)
                      0.088142    0.000000    0.440884 v _193_/A2 (sg13g2_o21ai_1)
     2    0.008800    0.129139    0.141610    0.582495 ^ _193_/Y (sg13g2_o21ai_1)
                                                         _026_ (net)
                      0.129139    0.000000    0.582495 ^ _197_/A1 (sg13g2_a21oi_1)
     2    0.008956    0.087933    0.117328    0.699823 v _197_/Y (sg13g2_a21oi_1)
                                                         _029_ (net)
                      0.087933    0.000000    0.699823 v _203_/A1 (sg13g2_o21ai_1)
     2    0.008313    0.123903    0.144495    0.844318 ^ _203_/Y (sg13g2_o21ai_1)
                                                         _034_ (net)
                      0.123903    0.000000    0.844318 ^ _207_/A2 (sg13g2_a21oi_1)
     2    0.008208    0.084988    0.113888    0.958206 v _207_/Y (sg13g2_a21oi_1)
                                                         _037_ (net)
                      0.084988    0.000000    0.958206 v _208_/B (sg13g2_xor2_1)
     1    0.001430    0.045564    0.108723    1.066929 v _208_/X (sg13g2_xor2_1)
                                                         DPATH.SUM.fa_5.S (net)
                      0.045564    0.000000    1.066929 v _298_/D (sg13g2_dfrbpq_1)
                                              1.066929   data arrival time

                      0.000000    5.000000    5.000000   clock clockone (rise edge)
                                  0.000000    5.000000   clock network delay (ideal)
                                 -0.200000    4.800000   clock uncertainty
                                  0.000000    4.800000   clock reconvergence pessimism
                                              4.800000 ^ _298_/CLK (sg13g2_dfrbpq_1)
                                 -0.126937    4.673062   library setup time
                                              4.673062   data required time
---------------------------------------------------------------------------------------------
                                              4.673062   data required time
                                             -1.066929   data arrival time
---------------------------------------------------------------------------------------------
                                              3.606133   slack (MET)


Startpoint: _297_ (rising edge-triggered flip-flop clocked by clockone)
Endpoint: _300_ (rising edge-triggered flip-flop clocked by clockone)
Path Group: clockone
Path Type: max

Fanout         Cap        Slew       Delay        Time   Description
---------------------------------------------------------------------------------------------
                      0.000000    0.000000    0.000000   clock clockone (rise edge)
                                  0.000000    0.000000   clock network delay (ideal)
                      0.000000    0.000000    0.000000 ^ _297_/CLK (sg13g2_dfrbpq_1)
    29    0.086546    0.267062    0.339974    0.339974 v _297_/Q (sg13g2_dfrbpq_1)
                                                         DPATH.SUM.fa_4.A (net)
                      0.267062    0.000000    0.339974 v _142_/A (sg13g2_or2_1)
     7    0.020179    0.081238    0.219655    0.559630 v _142_/X (sg13g2_or2_1)
                                                         _111_ (net)
                      0.081238    0.000000    0.559630 v _143_/B (sg13g2_nor2_1)
     2    0.006024    0.091019    0.085754    0.645384 ^ _143_/Y (sg13g2_nor2_1)
                                                         _112_ (net)
                      0.091019    0.000000    0.645384 ^ _144_/B (sg13g2_nand2_1)
     2    0.005706    0.068135    0.079882    0.725266 v _144_/Y (sg13g2_nand2_1)
                                                         _113_ (net)
                      0.068135    0.000000    0.725266 v _212_/B (sg13g2_nor2_1)
     2    0.003100    0.069175    0.063128    0.788394 ^ _212_/Y (sg13g2_nor2_1)
                                                         sine_out[2] (net)
                      0.069175    0.000000    0.788394 ^ _213_/C (sg13g2_nand3_1)
     2    0.008187    0.121610    0.118416    0.906810 v _213_/Y (sg13g2_nand3_1)
                                                         _040_ (net)
                      0.121610    0.000000    0.906810 v _214_/B (sg13g2_xnor2_1)
     1    0.001430    0.032699    0.112480    1.019290 v _214_/Y (sg13g2_xnor2_1)
                                                         CTRL.P1 (net)
                      0.032699    0.000000    1.019290 v _300_/D (sg13g2_dfrbpq_1)
                                              1.019290   data arrival time

                      0.000000    5.000000    5.000000   clock clockone (rise edge)
                                  0.000000    5.000000   clock network delay (ideal)
                                 -0.200000    4.800000   clock uncertainty
                                  0.000000    4.800000   clock reconvergence pessimism
                                              4.800000 ^ _300_/CLK (sg13g2_dfrbpq_1)
                                 -0.122307    4.677693   library setup time
                                              4.677693   data required time
---------------------------------------------------------------------------------------------
                                              4.677693   data required time
                                             -1.019290   data arrival time
---------------------------------------------------------------------------------------------
                                              3.658403   slack (MET)


Startpoint: _297_ (rising edge-triggered flip-flop clocked by clockone)
Endpoint: _301_ (rising edge-triggered flip-flop clocked by clockone)
Path Group: clockone
Path Type: max

Fanout         Cap        Slew       Delay        Time   Description
---------------------------------------------------------------------------------------------
                      0.000000    0.000000    0.000000   clock clockone (rise edge)
                                  0.000000    0.000000   clock network delay (ideal)
                      0.000000    0.000000    0.000000 ^ _297_/CLK (sg13g2_dfrbpq_1)
    29    0.086546    0.267062    0.339974    0.339974 v _297_/Q (sg13g2_dfrbpq_1)
                                                         DPATH.SUM.fa_4.A (net)
                      0.267062    0.000000    0.339974 v _142_/A (sg13g2_or2_1)
     7    0.020179    0.081238    0.219655    0.559630 v _142_/X (sg13g2_or2_1)
                                                         _111_ (net)
                      0.081238    0.000000    0.559630 v _143_/B (sg13g2_nor2_1)
     2    0.006024    0.091019    0.085754    0.645384 ^ _143_/Y (sg13g2_nor2_1)
                                                         _112_ (net)
                      0.091019    0.000000    0.645384 ^ _144_/B (sg13g2_nand2_1)
     2    0.005706    0.068135    0.079882    0.725266 v _144_/Y (sg13g2_nand2_1)
                                                         _113_ (net)
                      0.068135    0.000000    0.725266 v _212_/B (sg13g2_nor2_1)
     2    0.003100    0.069175    0.063128    0.788394 ^ _212_/Y (sg13g2_nor2_1)
                                                         sine_out[2] (net)
                      0.069175    0.000000    0.788394 ^ _213_/C (sg13g2_nand3_1)
     2    0.008187    0.121610    0.118416    0.906810 v _213_/Y (sg13g2_nand3_1)
                                                         _040_ (net)
                      0.121610    0.000000    0.906810 v _218_/B1 (sg13g2_o21ai_1)
     1    0.002919    0.079025    0.063027    0.969837 ^ _218_/Y (sg13g2_o21ai_1)
                                                         _044_ (net)
                      0.079025    0.000000    0.969837 ^ _219_/A (sg13g2_inv_1)
     1    0.001430    0.023010    0.036610    1.006447 v _219_/Y (sg13g2_inv_1)
                                                         CTRL.P0 (net)
                      0.023010    0.000000    1.006447 v _301_/D (sg13g2_dfrbpq_1)
                                              1.006447   data arrival time

                      0.000000    5.000000    5.000000   clock clockone (rise edge)
                                  0.000000    5.000000   clock network delay (ideal)
                                 -0.200000    4.800000   clock uncertainty
                                  0.000000    4.800000   clock reconvergence pessimism
                                              4.800000 ^ _301_/CLK (sg13g2_dfrbpq_1)
                                 -0.118820    4.681180   library setup time
                                              4.681180   data required time
---------------------------------------------------------------------------------------------
                                              4.681180   data required time
                                             -1.006447   data arrival time
---------------------------------------------------------------------------------------------
                                              3.674733   slack (MET)


Startpoint: _294_ (rising edge-triggered flip-flop clocked by clockone)
Endpoint: _297_ (rising edge-triggered flip-flop clocked by clockone)
Path Group: clockone
Path Type: max

Fanout         Cap        Slew       Delay        Time   Description
---------------------------------------------------------------------------------------------
                      0.000000    0.000000    0.000000   clock clockone (rise edge)
                                  0.000000    0.000000   clock network delay (ideal)
                      0.000000    0.000000    0.000000 ^ _294_/CLK (sg13g2_dfrbpq_1)
    16    0.053539    0.223884    0.296297    0.296297 ^ _294_/Q (sg13g2_dfrbpq_1)
                                                         DPATH.SUM.fa_1.A (net)
                      0.223884    0.000000    0.296297 ^ _191_/A (sg13g2_xnor2_1)
     2    0.008221    0.088142    0.144587    0.440884 v _191_/Y (sg13g2_xnor2_1)
                                                         _025_ (net)
                      0.088142    0.000000    0.440884 v _193_/A2 (sg13g2_o21ai_1)
     2    0.008800    0.129139    0.141610    0.582495 ^ _193_/Y (sg13g2_o21ai_1)
                                                         _026_ (net)
                      0.129139    0.000000    0.582495 ^ _197_/A1 (sg13g2_a21oi_1)
     2    0.008956    0.087933    0.117328    0.699823 v _197_/Y (sg13g2_a21oi_1)
                                                         _029_ (net)
                      0.087933    0.000000    0.699823 v _203_/A1 (sg13g2_o21ai_1)
     2    0.008313    0.123903    0.144495    0.844318 ^ _203_/Y (sg13g2_o21ai_1)
                                                         _034_ (net)
                      0.123903    0.000000    0.844318 ^ _204_/B (sg13g2_xor2_1)
     1    0.001410    0.049783    0.116076    0.960394 ^ _204_/X (sg13g2_xor2_1)
                                                         DPATH.SUM.fa_4.S (net)
                      0.049783    0.000000    0.960394 ^ _297_/D (sg13g2_dfrbpq_1)
                                              0.960394   data arrival time

                      0.000000    5.000000    5.000000   clock clockone (rise edge)
                                  0.000000    5.000000   clock network delay (ideal)
                                 -0.200000    4.800000   clock uncertainty
                                  0.000000    4.800000   clock reconvergence pessimism
                                              4.800000 ^ _297_/CLK (sg13g2_dfrbpq_1)
                                 -0.125356    4.674644   library setup time
                                              4.674644   data required time
---------------------------------------------------------------------------------------------
                                              4.674644   data required time
                                             -0.960394   data arrival time
---------------------------------------------------------------------------------------------
                                              3.714250   slack (MET)


Startpoint: _294_ (rising edge-triggered flip-flop clocked by clockone)
Endpoint: _296_ (rising edge-triggered flip-flop clocked by clockone)
Path Group: clockone
Path Type: max

Fanout         Cap        Slew       Delay        Time   Description
---------------------------------------------------------------------------------------------
                      0.000000    0.000000    0.000000   clock clockone (rise edge)
                                  0.000000    0.000000   clock network delay (ideal)
                      0.000000    0.000000    0.000000 ^ _294_/CLK (sg13g2_dfrbpq_1)
    16    0.053539    0.223884    0.296297    0.296297 ^ _294_/Q (sg13g2_dfrbpq_1)
                                                         DPATH.SUM.fa_1.A (net)
                      0.223884    0.000000    0.296297 ^ _191_/A (sg13g2_xnor2_1)
     2    0.008221    0.088142    0.144587    0.440884 v _191_/Y (sg13g2_xnor2_1)
                                                         _025_ (net)
                      0.088142    0.000000    0.440884 v _193_/A2 (sg13g2_o21ai_1)
     2    0.008800    0.129139    0.141610    0.582495 ^ _193_/Y (sg13g2_o21ai_1)
                                                         _026_ (net)
                      0.129139    0.000000    0.582495 ^ _197_/A1 (sg13g2_a21oi_1)
     2    0.008956    0.087933    0.117328    0.699823 v _197_/Y (sg13g2_a21oi_1)
                                                         _029_ (net)
                      0.087933    0.000000    0.699823 v _200_/A (sg13g2_xor2_1)
     1    0.001430    0.050483    0.114566    0.814388 v _200_/X (sg13g2_xor2_1)
                                                         DPATH.SUM.fa_3.S (net)
                      0.050483    0.000000    0.814388 v _296_/D (sg13g2_dfrbpq_1)
                                              0.814388   data arrival time

                      0.000000    5.000000    5.000000   clock clockone (rise edge)
                                  0.000000    5.000000   clock network delay (ideal)
                                 -0.200000    4.800000   clock uncertainty
                                  0.000000    4.800000   clock reconvergence pessimism
                                              4.800000 ^ _296_/CLK (sg13g2_dfrbpq_1)
                                 -0.128708    4.671292   library setup time
                                              4.671292   data required time
---------------------------------------------------------------------------------------------
                                              4.671292   data required time
                                             -0.814388   data arrival time
---------------------------------------------------------------------------------------------
                                              3.856904   slack (MET)


Startpoint: _294_ (rising edge-triggered flip-flop clocked by clockone)
Endpoint: _295_ (rising edge-triggered flip-flop clocked by clockone)
Path Group: clockone
Path Type: max

Fanout         Cap        Slew       Delay        Time   Description
---------------------------------------------------------------------------------------------
                      0.000000    0.000000    0.000000   clock clockone (rise edge)
                                  0.000000    0.000000   clock network delay (ideal)
                      0.000000    0.000000    0.000000 ^ _294_/CLK (sg13g2_dfrbpq_1)
    16    0.053539    0.223884    0.296297    0.296297 ^ _294_/Q (sg13g2_dfrbpq_1)
                                                         DPATH.SUM.fa_1.A (net)
                      0.223884    0.000000    0.296297 ^ _191_/A (sg13g2_xnor2_1)
     2    0.008221    0.088142    0.144587    0.440884 v _191_/Y (sg13g2_xnor2_1)
                                                         _025_ (net)
                      0.088142    0.000000    0.440884 v _193_/A2 (sg13g2_o21ai_1)
     2    0.008800    0.129139    0.141610    0.582495 ^ _193_/Y (sg13g2_o21ai_1)
                                                         _026_ (net)
                      0.129139    0.000000    0.582495 ^ _196_/A (sg13g2_xor2_1)
     1    0.001410    0.049258    0.121603    0.704098 ^ _196_/X (sg13g2_xor2_1)
                                                         DPATH.SUM.fa_2.S (net)
                      0.049258    0.000000    0.704098 ^ _295_/D (sg13g2_dfrbpq_1)
                                              0.704098   data arrival time

                      0.000000    5.000000    5.000000   clock clockone (rise edge)
                                  0.000000    5.000000   clock network delay (ideal)
                                 -0.200000    4.800000   clock uncertainty
                                  0.000000    4.800000   clock reconvergence pessimism
                                              4.800000 ^ _295_/CLK (sg13g2_dfrbpq_1)
                                 -0.125184    4.674816   library setup time
                                              4.674816   data required time
---------------------------------------------------------------------------------------------
                                              4.674816   data required time
                                             -0.704098   data arrival time
---------------------------------------------------------------------------------------------
                                              3.970718   slack (MET)


Startpoint: _294_ (rising edge-triggered flip-flop clocked by clockone)
Endpoint: _294_ (rising edge-triggered flip-flop clocked by clockone)
Path Group: clockone
Path Type: max

Fanout         Cap        Slew       Delay        Time   Description
---------------------------------------------------------------------------------------------
                      0.000000    0.000000    0.000000   clock clockone (rise edge)
                                  0.000000    0.000000   clock network delay (ideal)
                      0.000000    0.000000    0.000000 ^ _294_/CLK (sg13g2_dfrbpq_1)
    16    0.053539    0.223884    0.296297    0.296297 ^ _294_/Q (sg13g2_dfrbpq_1)
                                                         DPATH.SUM.fa_1.A (net)
                      0.223884    0.000000    0.296297 ^ _191_/A (sg13g2_xnor2_1)
     2    0.008637    0.130294    0.159484    0.455781 ^ _191_/Y (sg13g2_xnor2_1)
                                                         _025_ (net)
                      0.130294    0.000000    0.455781 ^ _192_/B (sg13g2_xnor2_1)
     1    0.001410    0.063067    0.110881    0.566662 ^ _192_/Y (sg13g2_xnor2_1)
                                                         DPATH.SUM.fa_1.S (net)
                      0.063067    0.000000    0.566662 ^ _294_/D (sg13g2_dfrbpq_1)
                                              0.566662   data arrival time

                      0.000000    5.000000    5.000000   clock clockone (rise edge)
                                  0.000000    5.000000   clock network delay (ideal)
                                 -0.200000    4.800000   clock uncertainty
                                  0.000000    4.800000   clock reconvergence pessimism
                                              4.800000 ^ _294_/CLK (sg13g2_dfrbpq_1)
                                 -0.129690    4.670310   library setup time
                                              4.670310   data required time
---------------------------------------------------------------------------------------------
                                              4.670310   data required time
                                             -0.566662   data arrival time
---------------------------------------------------------------------------------------------
                                              4.103648   slack (MET)


Startpoint: _293_ (rising edge-triggered flip-flop clocked by clockone)
Endpoint: _293_ (rising edge-triggered flip-flop clocked by clockone)
Path Group: clockone
Path Type: max

Fanout         Cap        Slew       Delay        Time   Description
---------------------------------------------------------------------------------------------
                      0.000000    0.000000    0.000000   clock clockone (rise edge)
                                  0.000000    0.000000   clock network delay (ideal)
                      0.000000    0.000000    0.000000 ^ _293_/CLK (sg13g2_dfrbpq_1)
    14    0.049459    0.207525    0.284918    0.284918 ^ _293_/Q (sg13g2_dfrbpq_1)
                                                         DPATH.SUM.Cout0 (net)
                      0.207525    0.000000    0.284918 ^ _128_/A (sg13g2_inv_1)
     5    0.014126    0.084756    0.117528    0.402446 v _128_/Y (sg13g2_inv_1)
                                                         DPATH.SUM.ha_0.S (net)
                      0.084756    0.000000    0.402446 v _293_/D (sg13g2_dfrbpq_1)
                                              0.402446   data arrival time

                      0.000000    5.000000    5.000000   clock clockone (rise edge)
                                  0.000000    5.000000   clock network delay (ideal)
                                 -0.200000    4.800000   clock uncertainty
                                  0.000000    4.800000   clock reconvergence pessimism
                                              4.800000 ^ _293_/CLK (sg13g2_dfrbpq_1)
                                 -0.141044    4.658957   library setup time
                                              4.658957   data required time
---------------------------------------------------------------------------------------------
                                              4.658957   data required time
                                             -0.402446   data arrival time
---------------------------------------------------------------------------------------------
                                              4.256510   slack (MET)



