
===========================================================================
report_checks -path_delay min (Hold)
============================================================================
======================= nom_typ_1p20V_25C Corner ===================================

Startpoint: _300_ (rising edge-triggered flip-flop clocked by clockone)
Endpoint: _300_ (rising edge-triggered flip-flop clocked by clockone)
Path Group: clockone
Path Type: min

Fanout         Cap        Slew       Delay        Time   Description
---------------------------------------------------------------------------------------------
                      0.000000    0.000000    0.000000   clock clockone (rise edge)
                                  0.000000    0.000000   clock network delay (ideal)
                      0.000000    0.000000    0.000000 ^ _300_/CLK (sg13g2_dfrbpq_1)
     3    0.008404    0.035723    0.163432    0.163432 v _300_/Q (sg13g2_dfrbpq_1)
                                                         sign (net)
                      0.035723    0.000000    0.163432 v _214_/A (sg13g2_xnor2_1)
     1    0.001430    0.025875    0.056609    0.220041 v _214_/Y (sg13g2_xnor2_1)
                                                         CTRL.P1 (net)
                      0.025875    0.000000    0.220041 v _300_/D (sg13g2_dfrbpq_1)
                                              0.220041   data arrival time

                      0.000000    0.000000    0.000000   clock clockone (rise edge)
                                  0.000000    0.000000   clock network delay (ideal)
                                  0.200000    0.200000   clock uncertainty
                                  0.000000    0.200000   clock reconvergence pessimism
                                              0.200000 ^ _300_/CLK (sg13g2_dfrbpq_1)
                                 -0.040416    0.159584   library hold time
                                              0.159584   data required time
---------------------------------------------------------------------------------------------
                                              0.159584   data required time
                                             -0.220041   data arrival time
---------------------------------------------------------------------------------------------
                                              0.060457   slack (MET)


Startpoint: _293_ (rising edge-triggered flip-flop clocked by clockone)
Endpoint: _294_ (rising edge-triggered flip-flop clocked by clockone)
Path Group: clockone
Path Type: min

Fanout         Cap        Slew       Delay        Time   Description
---------------------------------------------------------------------------------------------
                      0.000000    0.000000    0.000000   clock clockone (rise edge)
                                  0.000000    0.000000   clock network delay (ideal)
                      0.000000    0.000000    0.000000 ^ _293_/CLK (sg13g2_dfrbpq_1)
    14    0.047564    0.150602    0.253665    0.253665 v _293_/Q (sg13g2_dfrbpq_1)
                                                         DPATH.SUM.Cout0 (net)
                      0.150602    0.000000    0.253665 v _192_/A (sg13g2_xnor2_1)
     1    0.001430    0.026485    0.092421    0.346086 v _192_/Y (sg13g2_xnor2_1)
                                                         DPATH.SUM.fa_1.S (net)
                      0.026485    0.000000    0.346086 v _294_/D (sg13g2_dfrbpq_1)
                                              0.346086   data arrival time

                      0.000000    0.000000    0.000000   clock clockone (rise edge)
                                  0.000000    0.000000   clock network delay (ideal)
                                  0.200000    0.200000   clock uncertainty
                                  0.000000    0.200000   clock reconvergence pessimism
                                              0.200000 ^ _294_/CLK (sg13g2_dfrbpq_1)
                                 -0.040608    0.159392   library hold time
                                              0.159392   data required time
---------------------------------------------------------------------------------------------
                                              0.159392   data required time
                                             -0.346086   data arrival time
---------------------------------------------------------------------------------------------
                                              0.186695   slack (MET)


Startpoint: _293_ (rising edge-triggered flip-flop clocked by clockone)
Endpoint: _293_ (rising edge-triggered flip-flop clocked by clockone)
Path Group: clockone
Path Type: min

Fanout         Cap        Slew       Delay        Time   Description
---------------------------------------------------------------------------------------------
                      0.000000    0.000000    0.000000   clock clockone (rise edge)
                                  0.000000    0.000000   clock network delay (ideal)
                      0.000000    0.000000    0.000000 ^ _293_/CLK (sg13g2_dfrbpq_1)
    14    0.047564    0.150602    0.253665    0.253665 v _293_/Q (sg13g2_dfrbpq_1)
                                                         DPATH.SUM.Cout0 (net)
                      0.150602    0.000000    0.253665 v _128_/A (sg13g2_inv_1)
     5    0.014362    0.088361    0.108772    0.362437 ^ _128_/Y (sg13g2_inv_1)
                                                         DPATH.SUM.ha_0.S (net)
                      0.088361    0.000000    0.362437 ^ _293_/D (sg13g2_dfrbpq_1)
                                              0.362437   data arrival time

                      0.000000    0.000000    0.000000   clock clockone (rise edge)
                                  0.000000    0.000000   clock network delay (ideal)
                                  0.200000    0.200000   clock uncertainty
                                  0.000000    0.200000   clock reconvergence pessimism
                                              0.200000 ^ _293_/CLK (sg13g2_dfrbpq_1)
                                 -0.079711    0.120289   library hold time
                                              0.120289   data required time
---------------------------------------------------------------------------------------------
                                              0.120289   data required time
                                             -0.362437   data arrival time
---------------------------------------------------------------------------------------------
                                              0.242148   slack (MET)


Startpoint: _296_ (rising edge-triggered flip-flop clocked by clockone)
Endpoint: _296_ (rising edge-triggered flip-flop clocked by clockone)
Path Group: clockone
Path Type: min

Fanout         Cap        Slew       Delay        Time   Description
---------------------------------------------------------------------------------------------
                      0.000000    0.000000    0.000000   clock clockone (rise edge)
                                  0.000000    0.000000   clock network delay (ideal)
                      0.000000    0.000000    0.000000 ^ _296_/CLK (sg13g2_dfrbpq_1)
    12    0.037538    0.120716    0.231460    0.231460 v _296_/Q (sg13g2_dfrbpq_1)
                                                         DPATH.SUM.fa_3.A (net)
                      0.120716    0.000000    0.231460 v _199_/A (sg13g2_xnor2_1)
     2    0.008208    0.063748    0.117588    0.349048 v _199_/Y (sg13g2_xnor2_1)
                                                         _031_ (net)
                      0.063748    0.000000    0.349048 v _200_/B (sg13g2_xor2_1)
     1    0.001430    0.023339    0.058008    0.407055 v _200_/X (sg13g2_xor2_1)
                                                         DPATH.SUM.fa_3.S (net)
                      0.023339    0.000000    0.407055 v _296_/D (sg13g2_dfrbpq_1)
                                              0.407055   data arrival time

                      0.000000    0.000000    0.000000   clock clockone (rise edge)
                                  0.000000    0.000000   clock network delay (ideal)
                                  0.200000    0.200000   clock uncertainty
                                  0.000000    0.200000   clock reconvergence pessimism
                                              0.200000 ^ _296_/CLK (sg13g2_dfrbpq_1)
                                 -0.039613    0.160387   library hold time
                                              0.160387   data required time
---------------------------------------------------------------------------------------------
                                              0.160387   data required time
                                             -0.407055   data arrival time
---------------------------------------------------------------------------------------------
                                              0.246669   slack (MET)


Startpoint: _301_ (rising edge-triggered flip-flop clocked by clockone)
Endpoint: _301_ (rising edge-triggered flip-flop clocked by clockone)
Path Group: clockone
Path Type: min

Fanout         Cap        Slew       Delay        Time   Description
---------------------------------------------------------------------------------------------
                      0.000000    0.000000    0.000000   clock clockone (rise edge)
                                  0.000000    0.000000   clock network delay (ideal)
                      0.000000    0.000000    0.000000 ^ _301_/CLK (sg13g2_dfrbpq_1)
    13    0.050567    0.159561    0.260316    0.260316 v _301_/Q (sg13g2_dfrbpq_1)
                                                         CTRL.S0 (net)
                      0.159561    0.000000    0.260316 v _218_/A1 (sg13g2_o21ai_1)
     1    0.002919    0.040968    0.124834    0.385151 ^ _218_/Y (sg13g2_o21ai_1)
                                                         _044_ (net)
                      0.040968    0.000000    0.385151 ^ _219_/A (sg13g2_inv_1)
     1    0.001430    0.015829    0.026707    0.411858 v _219_/Y (sg13g2_inv_1)
                                                         CTRL.P0 (net)
                      0.015829    0.000000    0.411858 v _301_/D (sg13g2_dfrbpq_1)
                                              0.411858   data arrival time

                      0.000000    0.000000    0.000000   clock clockone (rise edge)
                                  0.000000    0.000000   clock network delay (ideal)
                                  0.200000    0.200000   clock uncertainty
                                  0.000000    0.200000   clock reconvergence pessimism
                                              0.200000 ^ _301_/CLK (sg13g2_dfrbpq_1)
                                 -0.037237    0.162763   library hold time
                                              0.162763   data required time
---------------------------------------------------------------------------------------------
                                              0.162763   data required time
                                             -0.411858   data arrival time
---------------------------------------------------------------------------------------------
                                              0.249095   slack (MET)


Startpoint: _296_ (rising edge-triggered flip-flop clocked by clockone)
Endpoint: _297_ (rising edge-triggered flip-flop clocked by clockone)
Path Group: clockone
Path Type: min

Fanout         Cap        Slew       Delay        Time   Description
---------------------------------------------------------------------------------------------
                      0.000000    0.000000    0.000000   clock clockone (rise edge)
                                  0.000000    0.000000   clock network delay (ideal)
                      0.000000    0.000000    0.000000 ^ _296_/CLK (sg13g2_dfrbpq_1)
    12    0.037538    0.120716    0.231460    0.231460 v _296_/Q (sg13g2_dfrbpq_1)
                                                         DPATH.SUM.fa_3.A (net)
                      0.120716    0.000000    0.231460 v _198_/A (sg13g2_nand2_1)
     1    0.003300    0.043920    0.056524    0.287984 ^ _198_/Y (sg13g2_nand2_1)
                                                         _030_ (net)
                      0.043920    0.000000    0.287984 ^ _203_/B1 (sg13g2_o21ai_1)
     2    0.008058    0.060967    0.069089    0.357073 v _203_/Y (sg13g2_o21ai_1)
                                                         _034_ (net)
                      0.060967    0.000000    0.357073 v _204_/B (sg13g2_xor2_1)
     1    0.001430    0.023478    0.056952    0.414025 v _204_/X (sg13g2_xor2_1)
                                                         DPATH.SUM.fa_4.S (net)
                      0.023478    0.000000    0.414025 v _297_/D (sg13g2_dfrbpq_1)
                                              0.414025   data arrival time

                      0.000000    0.000000    0.000000   clock clockone (rise edge)
                                  0.000000    0.000000   clock network delay (ideal)
                                  0.200000    0.200000   clock uncertainty
                                  0.000000    0.200000   clock reconvergence pessimism
                                              0.200000 ^ _297_/CLK (sg13g2_dfrbpq_1)
                                 -0.039657    0.160343   library hold time
                                              0.160343   data required time
---------------------------------------------------------------------------------------------
                                              0.160343   data required time
                                             -0.414025   data arrival time
---------------------------------------------------------------------------------------------
                                              0.253683   slack (MET)


Startpoint: _301_ (rising edge-triggered flip-flop clocked by clockone)
Endpoint: _299_ (rising edge-triggered flip-flop clocked by clockone)
Path Group: clockone
Path Type: min

Fanout         Cap        Slew       Delay        Time   Description
---------------------------------------------------------------------------------------------
                      0.000000    0.000000    0.000000   clock clockone (rise edge)
                                  0.000000    0.000000   clock network delay (ideal)
                      0.000000    0.000000    0.000000 ^ _301_/CLK (sg13g2_dfrbpq_1)
    13    0.050567    0.159561    0.260316    0.260316 v _301_/Q (sg13g2_dfrbpq_1)
                                                         CTRL.S0 (net)
                      0.159561    0.000000    0.260316 v _210_/A (sg13g2_xnor2_1)
     1    0.005067    0.048107    0.113140    0.373456 v _210_/Y (sg13g2_xnor2_1)
                                                         _039_ (net)
                      0.048107    0.000000    0.373456 v _211_/B (sg13g2_xnor2_1)
     1    0.001430    0.025401    0.053390    0.426846 v _211_/Y (sg13g2_xnor2_1)
                                                         DPATH.SUM.fa_6.S (net)
                      0.025401    0.000000    0.426846 v _299_/D (sg13g2_dfrbpq_1)
                                              0.426846   data arrival time

                      0.000000    0.000000    0.000000   clock clockone (rise edge)
                                  0.000000    0.000000   clock network delay (ideal)
                                  0.200000    0.200000   clock uncertainty
                                  0.000000    0.200000   clock reconvergence pessimism
                                              0.200000 ^ _299_/CLK (sg13g2_dfrbpq_1)
                                 -0.040265    0.159735   library hold time
                                              0.159735   data required time
---------------------------------------------------------------------------------------------
                                              0.159735   data required time
                                             -0.426846   data arrival time
---------------------------------------------------------------------------------------------
                                              0.267112   slack (MET)


Startpoint: _295_ (rising edge-triggered flip-flop clocked by clockone)
Endpoint: _295_ (rising edge-triggered flip-flop clocked by clockone)
Path Group: clockone
Path Type: min

Fanout         Cap        Slew       Delay        Time   Description
---------------------------------------------------------------------------------------------
                      0.000000    0.000000    0.000000   clock clockone (rise edge)
                                  0.000000    0.000000   clock network delay (ideal)
                      0.000000    0.000000    0.000000 ^ _295_/CLK (sg13g2_dfrbpq_1)
    15    0.048394    0.153077    0.255502    0.255502 v _295_/Q (sg13g2_dfrbpq_1)
                                                         DPATH.SUM.fa_2.A (net)
                      0.153077    0.000000    0.255502 v _195_/A (sg13g2_xor2_1)
     2    0.008058    0.044308    0.122710    0.378213 v _195_/X (sg13g2_xor2_1)
                                                         _028_ (net)
                      0.044308    0.000000    0.378213 v _196_/B (sg13g2_xor2_1)
     1    0.001430    0.023702    0.050628    0.428840 v _196_/X (sg13g2_xor2_1)
                                                         DPATH.SUM.fa_2.S (net)
                      0.023702    0.000000    0.428840 v _295_/D (sg13g2_dfrbpq_1)
                                              0.428840   data arrival time

                      0.000000    0.000000    0.000000   clock clockone (rise edge)
                                  0.000000    0.000000   clock network delay (ideal)
                                  0.200000    0.200000   clock uncertainty
                                  0.000000    0.200000   clock reconvergence pessimism
                                              0.200000 ^ _295_/CLK (sg13g2_dfrbpq_1)
                                 -0.039728    0.160272   library hold time
                                              0.160272   data required time
---------------------------------------------------------------------------------------------
                                              0.160272   data required time
                                             -0.428840   data arrival time
---------------------------------------------------------------------------------------------
                                              0.268569   slack (MET)


Startpoint: _301_ (rising edge-triggered flip-flop clocked by clockone)
Endpoint: _298_ (rising edge-triggered flip-flop clocked by clockone)
Path Group: clockone
Path Type: min

Fanout         Cap        Slew       Delay        Time   Description
---------------------------------------------------------------------------------------------
                      0.000000    0.000000    0.000000   clock clockone (rise edge)
                                  0.000000    0.000000   clock network delay (ideal)
                      0.000000    0.000000    0.000000 ^ _301_/CLK (sg13g2_dfrbpq_1)
    13    0.050567    0.159561    0.260316    0.260316 v _301_/Q (sg13g2_dfrbpq_1)
                                                         CTRL.S0 (net)
                      0.159561    0.000000    0.260316 v _206_/B (sg13g2_xnor2_1)
     2    0.008956    0.070074    0.122465    0.382781 v _206_/Y (sg13g2_xnor2_1)
                                                         _036_ (net)
                      0.070074    0.000000    0.382781 v _208_/A (sg13g2_xor2_1)
     1    0.001430    0.023477    0.065347    0.448128 v _208_/X (sg13g2_xor2_1)
                                                         DPATH.SUM.fa_5.S (net)
                      0.023477    0.000000    0.448128 v _298_/D (sg13g2_dfrbpq_1)
                                              0.448128   data arrival time

                      0.000000    0.000000    0.000000   clock clockone (rise edge)
                                  0.000000    0.000000   clock network delay (ideal)
                                  0.200000    0.200000   clock uncertainty
                                  0.000000    0.200000   clock reconvergence pessimism
                                              0.200000 ^ _298_/CLK (sg13g2_dfrbpq_1)
                                 -0.039657    0.160343   library hold time
                                              0.160343   data required time
---------------------------------------------------------------------------------------------
                                              0.160343   data required time
                                             -0.448128   data arrival time
---------------------------------------------------------------------------------------------
                                              0.287785   slack (MET)



