+ define_corners nom_typ_1p20V_25C
Reading timing models for corner nom_typ_1p20V_25C…
Reading cell library for the 'nom_typ_1p20V_25C' corner at '/opt/pdks/ciel/ihp-sg13g2/versions/cb7daaa8901016cf7c5d272dfa322c41f024931f/ihp-sg13g2/libs.ref/sg13g2_stdcell/lib/sg13g2_stdcell_typ_1p20V_25C.lib'…
Reading top-level netlist at '/home/designer/shared/Bioimpedance-ASIC-for-skin-cancer-detection/current_generator/digital/DigitalSine/runs/RUN_2025-12-14_10-41-31/06-yosys-synthesis/DigitalSine.nl.v'…
Linking design 'DigitalSine' from netlist…
Reading design constraints file at '/home/designer/shared/Bioimpedance-ASIC-for-skin-cancer-detection/current_generator/digital/DigitalSine/cons.sdc'…
Warning: cons.sdc line 4, clock arg 'clk' clock not found.
Warning: cons.sdc line 5, clock arg 'clk' clock not found.
[INFO] No information on clock propagation in input SDC file-- unpropagating all clocks.
%OL_CREATE_REPORT min.rpt

===========================================================================
report_checks -path_delay min (Hold)
============================================================================
======================= nom_typ_1p20V_25C Corner ===================================

Startpoint: _300_ (rising edge-triggered flip-flop clocked by clockone)
Endpoint: _300_ (rising edge-triggered flip-flop clocked by clockone)
Path Group: clockone
Path Type: min

Fanout         Cap        Slew       Delay        Time   Description
---------------------------------------------------------------------------------------------
                      0.000000    0.000000    0.000000   clock clockone (rise edge)
                                  0.000000    0.000000   clock network delay (ideal)
                      0.000000    0.000000    0.000000 ^ _300_/CLK (sg13g2_dfrbpq_1)
     3    0.008404    0.035723    0.163432    0.163432 v _300_/Q (sg13g2_dfrbpq_1)
                                                         sign (net)
                      0.035723    0.000000    0.163432 v _214_/A (sg13g2_xnor2_1)
     1    0.001430    0.025875    0.056609    0.220041 v _214_/Y (sg13g2_xnor2_1)
                                                         CTRL.P1 (net)
                      0.025875    0.000000    0.220041 v _300_/D (sg13g2_dfrbpq_1)
                                              0.220041   data arrival time

                      0.000000    0.000000    0.000000   clock clockone (rise edge)
                                  0.000000    0.000000   clock network delay (ideal)
                                  0.200000    0.200000   clock uncertainty
                                  0.000000    0.200000   clock reconvergence pessimism
                                              0.200000 ^ _300_/CLK (sg13g2_dfrbpq_1)
                                 -0.040416    0.159584   library hold time
                                              0.159584   data required time
---------------------------------------------------------------------------------------------
                                              0.159584   data required time
                                             -0.220041   data arrival time
---------------------------------------------------------------------------------------------
                                              0.060457   slack (MET)


Startpoint: _293_ (rising edge-triggered flip-flop clocked by clockone)
Endpoint: _294_ (rising edge-triggered flip-flop clocked by clockone)
Path Group: clockone
Path Type: min

Fanout         Cap        Slew       Delay        Time   Description
---------------------------------------------------------------------------------------------
                      0.000000    0.000000    0.000000   clock clockone (rise edge)
                                  0.000000    0.000000   clock network delay (ideal)
                      0.000000    0.000000    0.000000 ^ _293_/CLK (sg13g2_dfrbpq_1)
    14    0.047564    0.150602    0.253665    0.253665 v _293_/Q (sg13g2_dfrbpq_1)
                                                         DPATH.SUM.Cout0 (net)
                      0.150602    0.000000    0.253665 v _192_/A (sg13g2_xnor2_1)
     1    0.001430    0.026485    0.092421    0.346086 v _192_/Y (sg13g2_xnor2_1)
                                                         DPATH.SUM.fa_1.S (net)
                      0.026485    0.000000    0.346086 v _294_/D (sg13g2_dfrbpq_1)
                                              0.346086   data arrival time

                      0.000000    0.000000    0.000000   clock clockone (rise edge)
                                  0.000000    0.000000   clock network delay (ideal)
                                  0.200000    0.200000   clock uncertainty
                                  0.000000    0.200000   clock reconvergence pessimism
                                              0.200000 ^ _294_/CLK (sg13g2_dfrbpq_1)
                                 -0.040608    0.159392   library hold time
                                              0.159392   data required time
---------------------------------------------------------------------------------------------
                                              0.159392   data required time
                                             -0.346086   data arrival time
---------------------------------------------------------------------------------------------
                                              0.186695   slack (MET)


Startpoint: _293_ (rising edge-triggered flip-flop clocked by clockone)
Endpoint: _293_ (rising edge-triggered flip-flop clocked by clockone)
Path Group: clockone
Path Type: min

Fanout         Cap        Slew       Delay        Time   Description
---------------------------------------------------------------------------------------------
                      0.000000    0.000000    0.000000   clock clockone (rise edge)
                                  0.000000    0.000000   clock network delay (ideal)
                      0.000000    0.000000    0.000000 ^ _293_/CLK (sg13g2_dfrbpq_1)
    14    0.047564    0.150602    0.253665    0.253665 v _293_/Q (sg13g2_dfrbpq_1)
                                                         DPATH.SUM.Cout0 (net)
                      0.150602    0.000000    0.253665 v _128_/A (sg13g2_inv_1)
     5    0.014362    0.088361    0.108772    0.362437 ^ _128_/Y (sg13g2_inv_1)
                                                         DPATH.SUM.ha_0.S (net)
                      0.088361    0.000000    0.362437 ^ _293_/D (sg13g2_dfrbpq_1)
                                              0.362437   data arrival time

                      0.000000    0.000000    0.000000   clock clockone (rise edge)
                                  0.000000    0.000000   clock network delay (ideal)
                                  0.200000    0.200000   clock uncertainty
                                  0.000000    0.200000   clock reconvergence pessimism
                                              0.200000 ^ _293_/CLK (sg13g2_dfrbpq_1)
                                 -0.079711    0.120289   library hold time
                                              0.120289   data required time
---------------------------------------------------------------------------------------------
                                              0.120289   data required time
                                             -0.362437   data arrival time
---------------------------------------------------------------------------------------------
                                              0.242148   slack (MET)


Startpoint: _296_ (rising edge-triggered flip-flop clocked by clockone)
Endpoint: _296_ (rising edge-triggered flip-flop clocked by clockone)
Path Group: clockone
Path Type: min

Fanout         Cap        Slew       Delay        Time   Description
---------------------------------------------------------------------------------------------
                      0.000000    0.000000    0.000000   clock clockone (rise edge)
                                  0.000000    0.000000   clock network delay (ideal)
                      0.000000    0.000000    0.000000 ^ _296_/CLK (sg13g2_dfrbpq_1)
    12    0.037538    0.120716    0.231460    0.231460 v _296_/Q (sg13g2_dfrbpq_1)
                                                         DPATH.SUM.fa_3.A (net)
                      0.120716    0.000000    0.231460 v _199_/A (sg13g2_xnor2_1)
     2    0.008208    0.063748    0.117588    0.349048 v _199_/Y (sg13g2_xnor2_1)
                                                         _031_ (net)
                      0.063748    0.000000    0.349048 v _200_/B (sg13g2_xor2_1)
     1    0.001430    0.023339    0.058008    0.407055 v _200_/X (sg13g2_xor2_1)
                                                         DPATH.SUM.fa_3.S (net)
                      0.023339    0.000000    0.407055 v _296_/D (sg13g2_dfrbpq_1)
                                              0.407055   data arrival time

                      0.000000    0.000000    0.000000   clock clockone (rise edge)
                                  0.000000    0.000000   clock network delay (ideal)
                                  0.200000    0.200000   clock uncertainty
                                  0.000000    0.200000   clock reconvergence pessimism
                                              0.200000 ^ _296_/CLK (sg13g2_dfrbpq_1)
                                 -0.039613    0.160387   library hold time
                                              0.160387   data required time
---------------------------------------------------------------------------------------------
                                              0.160387   data required time
                                             -0.407055   data arrival time
---------------------------------------------------------------------------------------------
                                              0.246669   slack (MET)


Startpoint: _301_ (rising edge-triggered flip-flop clocked by clockone)
Endpoint: _301_ (rising edge-triggered flip-flop clocked by clockone)
Path Group: clockone
Path Type: min

Fanout         Cap        Slew       Delay        Time   Description
---------------------------------------------------------------------------------------------
                      0.000000    0.000000    0.000000   clock clockone (rise edge)
                                  0.000000    0.000000   clock network delay (ideal)
                      0.000000    0.000000    0.000000 ^ _301_/CLK (sg13g2_dfrbpq_1)
    13    0.050567    0.159561    0.260316    0.260316 v _301_/Q (sg13g2_dfrbpq_1)
                                                         CTRL.S0 (net)
                      0.159561    0.000000    0.260316 v _218_/A1 (sg13g2_o21ai_1)
     1    0.002919    0.040968    0.124834    0.385151 ^ _218_/Y (sg13g2_o21ai_1)
                                                         _044_ (net)
                      0.040968    0.000000    0.385151 ^ _219_/A (sg13g2_inv_1)
     1    0.001430    0.015829    0.026707    0.411858 v _219_/Y (sg13g2_inv_1)
                                                         CTRL.P0 (net)
                      0.015829    0.000000    0.411858 v _301_/D (sg13g2_dfrbpq_1)
                                              0.411858   data arrival time

                      0.000000    0.000000    0.000000   clock clockone (rise edge)
                                  0.000000    0.000000   clock network delay (ideal)
                                  0.200000    0.200000   clock uncertainty
                                  0.000000    0.200000   clock reconvergence pessimism
                                              0.200000 ^ _301_/CLK (sg13g2_dfrbpq_1)
                                 -0.037237    0.162763   library hold time
                                              0.162763   data required time
---------------------------------------------------------------------------------------------
                                              0.162763   data required time
                                             -0.411858   data arrival time
---------------------------------------------------------------------------------------------
                                              0.249095   slack (MET)


Startpoint: _296_ (rising edge-triggered flip-flop clocked by clockone)
Endpoint: _297_ (rising edge-triggered flip-flop clocked by clockone)
Path Group: clockone
Path Type: min

Fanout         Cap        Slew       Delay        Time   Description
---------------------------------------------------------------------------------------------
                      0.000000    0.000000    0.000000   clock clockone (rise edge)
                                  0.000000    0.000000   clock network delay (ideal)
                      0.000000    0.000000    0.000000 ^ _296_/CLK (sg13g2_dfrbpq_1)
    12    0.037538    0.120716    0.231460    0.231460 v _296_/Q (sg13g2_dfrbpq_1)
                                                         DPATH.SUM.fa_3.A (net)
                      0.120716    0.000000    0.231460 v _198_/A (sg13g2_nand2_1)
     1    0.003300    0.043920    0.056524    0.287984 ^ _198_/Y (sg13g2_nand2_1)
                                                         _030_ (net)
                      0.043920    0.000000    0.287984 ^ _203_/B1 (sg13g2_o21ai_1)
     2    0.008058    0.060967    0.069089    0.357073 v _203_/Y (sg13g2_o21ai_1)
                                                         _034_ (net)
                      0.060967    0.000000    0.357073 v _204_/B (sg13g2_xor2_1)
     1    0.001430    0.023478    0.056952    0.414025 v _204_/X (sg13g2_xor2_1)
                                                         DPATH.SUM.fa_4.S (net)
                      0.023478    0.000000    0.414025 v _297_/D (sg13g2_dfrbpq_1)
                                              0.414025   data arrival time

                      0.000000    0.000000    0.000000   clock clockone (rise edge)
                                  0.000000    0.000000   clock network delay (ideal)
                                  0.200000    0.200000   clock uncertainty
                                  0.000000    0.200000   clock reconvergence pessimism
                                              0.200000 ^ _297_/CLK (sg13g2_dfrbpq_1)
                                 -0.039657    0.160343   library hold time
                                              0.160343   data required time
---------------------------------------------------------------------------------------------
                                              0.160343   data required time
                                             -0.414025   data arrival time
---------------------------------------------------------------------------------------------
                                              0.253683   slack (MET)


Startpoint: _301_ (rising edge-triggered flip-flop clocked by clockone)
Endpoint: _299_ (rising edge-triggered flip-flop clocked by clockone)
Path Group: clockone
Path Type: min

Fanout         Cap        Slew       Delay        Time   Description
---------------------------------------------------------------------------------------------
                      0.000000    0.000000    0.000000   clock clockone (rise edge)
                                  0.000000    0.000000   clock network delay (ideal)
                      0.000000    0.000000    0.000000 ^ _301_/CLK (sg13g2_dfrbpq_1)
    13    0.050567    0.159561    0.260316    0.260316 v _301_/Q (sg13g2_dfrbpq_1)
                                                         CTRL.S0 (net)
                      0.159561    0.000000    0.260316 v _210_/A (sg13g2_xnor2_1)
     1    0.005067    0.048107    0.113140    0.373456 v _210_/Y (sg13g2_xnor2_1)
                                                         _039_ (net)
                      0.048107    0.000000    0.373456 v _211_/B (sg13g2_xnor2_1)
     1    0.001430    0.025401    0.053390    0.426846 v _211_/Y (sg13g2_xnor2_1)
                                                         DPATH.SUM.fa_6.S (net)
                      0.025401    0.000000    0.426846 v _299_/D (sg13g2_dfrbpq_1)
                                              0.426846   data arrival time

                      0.000000    0.000000    0.000000   clock clockone (rise edge)
                                  0.000000    0.000000   clock network delay (ideal)
                                  0.200000    0.200000   clock uncertainty
                                  0.000000    0.200000   clock reconvergence pessimism
                                              0.200000 ^ _299_/CLK (sg13g2_dfrbpq_1)
                                 -0.040265    0.159735   library hold time
                                              0.159735   data required time
---------------------------------------------------------------------------------------------
                                              0.159735   data required time
                                             -0.426846   data arrival time
---------------------------------------------------------------------------------------------
                                              0.267112   slack (MET)


Startpoint: _295_ (rising edge-triggered flip-flop clocked by clockone)
Endpoint: _295_ (rising edge-triggered flip-flop clocked by clockone)
Path Group: clockone
Path Type: min

Fanout         Cap        Slew       Delay        Time   Description
---------------------------------------------------------------------------------------------
                      0.000000    0.000000    0.000000   clock clockone (rise edge)
                                  0.000000    0.000000   clock network delay (ideal)
                      0.000000    0.000000    0.000000 ^ _295_/CLK (sg13g2_dfrbpq_1)
    15    0.048394    0.153077    0.255502    0.255502 v _295_/Q (sg13g2_dfrbpq_1)
                                                         DPATH.SUM.fa_2.A (net)
                      0.153077    0.000000    0.255502 v _195_/A (sg13g2_xor2_1)
     2    0.008058    0.044308    0.122710    0.378213 v _195_/X (sg13g2_xor2_1)
                                                         _028_ (net)
                      0.044308    0.000000    0.378213 v _196_/B (sg13g2_xor2_1)
     1    0.001430    0.023702    0.050628    0.428840 v _196_/X (sg13g2_xor2_1)
                                                         DPATH.SUM.fa_2.S (net)
                      0.023702    0.000000    0.428840 v _295_/D (sg13g2_dfrbpq_1)
                                              0.428840   data arrival time

                      0.000000    0.000000    0.000000   clock clockone (rise edge)
                                  0.000000    0.000000   clock network delay (ideal)
                                  0.200000    0.200000   clock uncertainty
                                  0.000000    0.200000   clock reconvergence pessimism
                                              0.200000 ^ _295_/CLK (sg13g2_dfrbpq_1)
                                 -0.039728    0.160272   library hold time
                                              0.160272   data required time
---------------------------------------------------------------------------------------------
                                              0.160272   data required time
                                             -0.428840   data arrival time
---------------------------------------------------------------------------------------------
                                              0.268569   slack (MET)


Startpoint: _301_ (rising edge-triggered flip-flop clocked by clockone)
Endpoint: _298_ (rising edge-triggered flip-flop clocked by clockone)
Path Group: clockone
Path Type: min

Fanout         Cap        Slew       Delay        Time   Description
---------------------------------------------------------------------------------------------
                      0.000000    0.000000    0.000000   clock clockone (rise edge)
                                  0.000000    0.000000   clock network delay (ideal)
                      0.000000    0.000000    0.000000 ^ _301_/CLK (sg13g2_dfrbpq_1)
    13    0.050567    0.159561    0.260316    0.260316 v _301_/Q (sg13g2_dfrbpq_1)
                                                         CTRL.S0 (net)
                      0.159561    0.000000    0.260316 v _206_/B (sg13g2_xnor2_1)
     2    0.008956    0.070074    0.122465    0.382781 v _206_/Y (sg13g2_xnor2_1)
                                                         _036_ (net)
                      0.070074    0.000000    0.382781 v _208_/A (sg13g2_xor2_1)
     1    0.001430    0.023477    0.065347    0.448128 v _208_/X (sg13g2_xor2_1)
                                                         DPATH.SUM.fa_5.S (net)
                      0.023477    0.000000    0.448128 v _298_/D (sg13g2_dfrbpq_1)
                                              0.448128   data arrival time

                      0.000000    0.000000    0.000000   clock clockone (rise edge)
                                  0.000000    0.000000   clock network delay (ideal)
                                  0.200000    0.200000   clock uncertainty
                                  0.000000    0.200000   clock reconvergence pessimism
                                              0.200000 ^ _298_/CLK (sg13g2_dfrbpq_1)
                                 -0.039657    0.160343   library hold time
                                              0.160343   data required time
---------------------------------------------------------------------------------------------
                                              0.160343   data required time
                                             -0.448128   data arrival time
---------------------------------------------------------------------------------------------
                                              0.287785   slack (MET)



%OL_END_REPORT
%OL_CREATE_REPORT max.rpt

===========================================================================
report_checks -path_delay max (Setup)
============================================================================
======================= nom_typ_1p20V_25C Corner ===================================

Startpoint: _294_ (rising edge-triggered flip-flop clocked by clockone)
Endpoint: _299_ (rising edge-triggered flip-flop clocked by clockone)
Path Group: clockone
Path Type: max

Fanout         Cap        Slew       Delay        Time   Description
---------------------------------------------------------------------------------------------
                      0.000000    0.000000    0.000000   clock clockone (rise edge)
                                  0.000000    0.000000   clock network delay (ideal)
                      0.000000    0.000000    0.000000 ^ _294_/CLK (sg13g2_dfrbpq_1)
    16    0.053539    0.223884    0.296297    0.296297 ^ _294_/Q (sg13g2_dfrbpq_1)
                                                         DPATH.SUM.fa_1.A (net)
                      0.223884    0.000000    0.296297 ^ _191_/A (sg13g2_xnor2_1)
     2    0.008221    0.088142    0.144587    0.440884 v _191_/Y (sg13g2_xnor2_1)
                                                         _025_ (net)
                      0.088142    0.000000    0.440884 v _193_/A2 (sg13g2_o21ai_1)
     2    0.008800    0.129139    0.141610    0.582495 ^ _193_/Y (sg13g2_o21ai_1)
                                                         _026_ (net)
                      0.129139    0.000000    0.582495 ^ _197_/A1 (sg13g2_a21oi_1)
     2    0.008956    0.087933    0.117328    0.699823 v _197_/Y (sg13g2_a21oi_1)
                                                         _029_ (net)
                      0.087933    0.000000    0.699823 v _203_/A1 (sg13g2_o21ai_1)
     2    0.008313    0.123903    0.144495    0.844318 ^ _203_/Y (sg13g2_o21ai_1)
                                                         _034_ (net)
                      0.123903    0.000000    0.844318 ^ _207_/A2 (sg13g2_a21oi_1)
     2    0.008208    0.084988    0.113888    0.958206 v _207_/Y (sg13g2_a21oi_1)
                                                         _037_ (net)
                      0.084988    0.000000    0.958206 v _209_/A2 (sg13g2_o21ai_1)
     1    0.005655    0.100059    0.117427    1.075633 ^ _209_/Y (sg13g2_o21ai_1)
                                                         _038_ (net)
                      0.100059    0.000000    1.075633 ^ _211_/A (sg13g2_xnor2_1)
     1    0.001410    0.059538    0.106119    1.181752 ^ _211_/Y (sg13g2_xnor2_1)
                                                         DPATH.SUM.fa_6.S (net)
                      0.059538    0.000000    1.181752 ^ _299_/D (sg13g2_dfrbpq_1)
                                              1.181752   data arrival time

                      0.000000    5.000000    5.000000   clock clockone (rise edge)
                                  0.000000    5.000000   clock network delay (ideal)
                                 -0.200000    4.800000   clock uncertainty
                                  0.000000    4.800000   clock reconvergence pessimism
                                              4.800000 ^ _299_/CLK (sg13g2_dfrbpq_1)
                                 -0.128538    4.671462   library setup time
                                              4.671462   data required time
---------------------------------------------------------------------------------------------
                                              4.671462   data required time
                                             -1.181752   data arrival time
---------------------------------------------------------------------------------------------
                                              3.489710   slack (MET)


Startpoint: _294_ (rising edge-triggered flip-flop clocked by clockone)
Endpoint: _298_ (rising edge-triggered flip-flop clocked by clockone)
Path Group: clockone
Path Type: max

Fanout         Cap        Slew       Delay        Time   Description
---------------------------------------------------------------------------------------------
                      0.000000    0.000000    0.000000   clock clockone (rise edge)
                                  0.000000    0.000000   clock network delay (ideal)
                      0.000000    0.000000    0.000000 ^ _294_/CLK (sg13g2_dfrbpq_1)
    16    0.053539    0.223884    0.296297    0.296297 ^ _294_/Q (sg13g2_dfrbpq_1)
                                                         DPATH.SUM.fa_1.A (net)
                      0.223884    0.000000    0.296297 ^ _191_/A (sg13g2_xnor2_1)
     2    0.008221    0.088142    0.144587    0.440884 v _191_/Y (sg13g2_xnor2_1)
                                                         _025_ (net)
                      0.088142    0.000000    0.440884 v _193_/A2 (sg13g2_o21ai_1)
     2    0.008800    0.129139    0.141610    0.582495 ^ _193_/Y (sg13g2_o21ai_1)
                                                         _026_ (net)
                      0.129139    0.000000    0.582495 ^ _197_/A1 (sg13g2_a21oi_1)
     2    0.008956    0.087933    0.117328    0.699823 v _197_/Y (sg13g2_a21oi_1)
                                                         _029_ (net)
                      0.087933    0.000000    0.699823 v _203_/A1 (sg13g2_o21ai_1)
     2    0.008313    0.123903    0.144495    0.844318 ^ _203_/Y (sg13g2_o21ai_1)
                                                         _034_ (net)
                      0.123903    0.000000    0.844318 ^ _207_/A2 (sg13g2_a21oi_1)
     2    0.008208    0.084988    0.113888    0.958206 v _207_/Y (sg13g2_a21oi_1)
                                                         _037_ (net)
                      0.084988    0.000000    0.958206 v _208_/B (sg13g2_xor2_1)
     1    0.001430    0.045564    0.108723    1.066929 v _208_/X (sg13g2_xor2_1)
                                                         DPATH.SUM.fa_5.S (net)
                      0.045564    0.000000    1.066929 v _298_/D (sg13g2_dfrbpq_1)
                                              1.066929   data arrival time

                      0.000000    5.000000    5.000000   clock clockone (rise edge)
                                  0.000000    5.000000   clock network delay (ideal)
                                 -0.200000    4.800000   clock uncertainty
                                  0.000000    4.800000   clock reconvergence pessimism
                                              4.800000 ^ _298_/CLK (sg13g2_dfrbpq_1)
                                 -0.126937    4.673062   library setup time
                                              4.673062   data required time
---------------------------------------------------------------------------------------------
                                              4.673062   data required time
                                             -1.066929   data arrival time
---------------------------------------------------------------------------------------------
                                              3.606133   slack (MET)


Startpoint: _297_ (rising edge-triggered flip-flop clocked by clockone)
Endpoint: _300_ (rising edge-triggered flip-flop clocked by clockone)
Path Group: clockone
Path Type: max

Fanout         Cap        Slew       Delay        Time   Description
---------------------------------------------------------------------------------------------
                      0.000000    0.000000    0.000000   clock clockone (rise edge)
                                  0.000000    0.000000   clock network delay (ideal)
                      0.000000    0.000000    0.000000 ^ _297_/CLK (sg13g2_dfrbpq_1)
    29    0.086546    0.267062    0.339974    0.339974 v _297_/Q (sg13g2_dfrbpq_1)
                                                         DPATH.SUM.fa_4.A (net)
                      0.267062    0.000000    0.339974 v _142_/A (sg13g2_or2_1)
     7    0.020179    0.081238    0.219655    0.559630 v _142_/X (sg13g2_or2_1)
                                                         _111_ (net)
                      0.081238    0.000000    0.559630 v _143_/B (sg13g2_nor2_1)
     2    0.006024    0.091019    0.085754    0.645384 ^ _143_/Y (sg13g2_nor2_1)
                                                         _112_ (net)
                      0.091019    0.000000    0.645384 ^ _144_/B (sg13g2_nand2_1)
     2    0.005706    0.068135    0.079882    0.725266 v _144_/Y (sg13g2_nand2_1)
                                                         _113_ (net)
                      0.068135    0.000000    0.725266 v _212_/B (sg13g2_nor2_1)
     2    0.003100    0.069175    0.063128    0.788394 ^ _212_/Y (sg13g2_nor2_1)
                                                         sine_out[2] (net)
                      0.069175    0.000000    0.788394 ^ _213_/C (sg13g2_nand3_1)
     2    0.008187    0.121610    0.118416    0.906810 v _213_/Y (sg13g2_nand3_1)
                                                         _040_ (net)
                      0.121610    0.000000    0.906810 v _214_/B (sg13g2_xnor2_1)
     1    0.001430    0.032699    0.112480    1.019290 v _214_/Y (sg13g2_xnor2_1)
                                                         CTRL.P1 (net)
                      0.032699    0.000000    1.019290 v _300_/D (sg13g2_dfrbpq_1)
                                              1.019290   data arrival time

                      0.000000    5.000000    5.000000   clock clockone (rise edge)
                                  0.000000    5.000000   clock network delay (ideal)
                                 -0.200000    4.800000   clock uncertainty
                                  0.000000    4.800000   clock reconvergence pessimism
                                              4.800000 ^ _300_/CLK (sg13g2_dfrbpq_1)
                                 -0.122307    4.677693   library setup time
                                              4.677693   data required time
---------------------------------------------------------------------------------------------
                                              4.677693   data required time
                                             -1.019290   data arrival time
---------------------------------------------------------------------------------------------
                                              3.658403   slack (MET)


Startpoint: _297_ (rising edge-triggered flip-flop clocked by clockone)
Endpoint: _301_ (rising edge-triggered flip-flop clocked by clockone)
Path Group: clockone
Path Type: max

Fanout         Cap        Slew       Delay        Time   Description
---------------------------------------------------------------------------------------------
                      0.000000    0.000000    0.000000   clock clockone (rise edge)
                                  0.000000    0.000000   clock network delay (ideal)
                      0.000000    0.000000    0.000000 ^ _297_/CLK (sg13g2_dfrbpq_1)
    29    0.086546    0.267062    0.339974    0.339974 v _297_/Q (sg13g2_dfrbpq_1)
                                                         DPATH.SUM.fa_4.A (net)
                      0.267062    0.000000    0.339974 v _142_/A (sg13g2_or2_1)
     7    0.020179    0.081238    0.219655    0.559630 v _142_/X (sg13g2_or2_1)
                                                         _111_ (net)
                      0.081238    0.000000    0.559630 v _143_/B (sg13g2_nor2_1)
     2    0.006024    0.091019    0.085754    0.645384 ^ _143_/Y (sg13g2_nor2_1)
                                                         _112_ (net)
                      0.091019    0.000000    0.645384 ^ _144_/B (sg13g2_nand2_1)
     2    0.005706    0.068135    0.079882    0.725266 v _144_/Y (sg13g2_nand2_1)
                                                         _113_ (net)
                      0.068135    0.000000    0.725266 v _212_/B (sg13g2_nor2_1)
     2    0.003100    0.069175    0.063128    0.788394 ^ _212_/Y (sg13g2_nor2_1)
                                                         sine_out[2] (net)
                      0.069175    0.000000    0.788394 ^ _213_/C (sg13g2_nand3_1)
     2    0.008187    0.121610    0.118416    0.906810 v _213_/Y (sg13g2_nand3_1)
                                                         _040_ (net)
                      0.121610    0.000000    0.906810 v _218_/B1 (sg13g2_o21ai_1)
     1    0.002919    0.079025    0.063027    0.969837 ^ _218_/Y (sg13g2_o21ai_1)
                                                         _044_ (net)
                      0.079025    0.000000    0.969837 ^ _219_/A (sg13g2_inv_1)
     1    0.001430    0.023010    0.036610    1.006447 v _219_/Y (sg13g2_inv_1)
                                                         CTRL.P0 (net)
                      0.023010    0.000000    1.006447 v _301_/D (sg13g2_dfrbpq_1)
                                              1.006447   data arrival time

                      0.000000    5.000000    5.000000   clock clockone (rise edge)
                                  0.000000    5.000000   clock network delay (ideal)
                                 -0.200000    4.800000   clock uncertainty
                                  0.000000    4.800000   clock reconvergence pessimism
                                              4.800000 ^ _301_/CLK (sg13g2_dfrbpq_1)
                                 -0.118820    4.681180   library setup time
                                              4.681180   data required time
---------------------------------------------------------------------------------------------
                                              4.681180   data required time
                                             -1.006447   data arrival time
---------------------------------------------------------------------------------------------
                                              3.674733   slack (MET)


Startpoint: _294_ (rising edge-triggered flip-flop clocked by clockone)
Endpoint: _297_ (rising edge-triggered flip-flop clocked by clockone)
Path Group: clockone
Path Type: max

Fanout         Cap        Slew       Delay        Time   Description
---------------------------------------------------------------------------------------------
                      0.000000    0.000000    0.000000   clock clockone (rise edge)
                                  0.000000    0.000000   clock network delay (ideal)
                      0.000000    0.000000    0.000000 ^ _294_/CLK (sg13g2_dfrbpq_1)
    16    0.053539    0.223884    0.296297    0.296297 ^ _294_/Q (sg13g2_dfrbpq_1)
                                                         DPATH.SUM.fa_1.A (net)
                      0.223884    0.000000    0.296297 ^ _191_/A (sg13g2_xnor2_1)
     2    0.008221    0.088142    0.144587    0.440884 v _191_/Y (sg13g2_xnor2_1)
                                                         _025_ (net)
                      0.088142    0.000000    0.440884 v _193_/A2 (sg13g2_o21ai_1)
     2    0.008800    0.129139    0.141610    0.582495 ^ _193_/Y (sg13g2_o21ai_1)
                                                         _026_ (net)
                      0.129139    0.000000    0.582495 ^ _197_/A1 (sg13g2_a21oi_1)
     2    0.008956    0.087933    0.117328    0.699823 v _197_/Y (sg13g2_a21oi_1)
                                                         _029_ (net)
                      0.087933    0.000000    0.699823 v _203_/A1 (sg13g2_o21ai_1)
     2    0.008313    0.123903    0.144495    0.844318 ^ _203_/Y (sg13g2_o21ai_1)
                                                         _034_ (net)
                      0.123903    0.000000    0.844318 ^ _204_/B (sg13g2_xor2_1)
     1    0.001410    0.049783    0.116076    0.960394 ^ _204_/X (sg13g2_xor2_1)
                                                         DPATH.SUM.fa_4.S (net)
                      0.049783    0.000000    0.960394 ^ _297_/D (sg13g2_dfrbpq_1)
                                              0.960394   data arrival time

                      0.000000    5.000000    5.000000   clock clockone (rise edge)
                                  0.000000    5.000000   clock network delay (ideal)
                                 -0.200000    4.800000   clock uncertainty
                                  0.000000    4.800000   clock reconvergence pessimism
                                              4.800000 ^ _297_/CLK (sg13g2_dfrbpq_1)
                                 -0.125356    4.674644   library setup time
                                              4.674644   data required time
---------------------------------------------------------------------------------------------
                                              4.674644   data required time
                                             -0.960394   data arrival time
---------------------------------------------------------------------------------------------
                                              3.714250   slack (MET)


Startpoint: _294_ (rising edge-triggered flip-flop clocked by clockone)
Endpoint: _296_ (rising edge-triggered flip-flop clocked by clockone)
Path Group: clockone
Path Type: max

Fanout         Cap        Slew       Delay        Time   Description
---------------------------------------------------------------------------------------------
                      0.000000    0.000000    0.000000   clock clockone (rise edge)
                                  0.000000    0.000000   clock network delay (ideal)
                      0.000000    0.000000    0.000000 ^ _294_/CLK (sg13g2_dfrbpq_1)
    16    0.053539    0.223884    0.296297    0.296297 ^ _294_/Q (sg13g2_dfrbpq_1)
                                                         DPATH.SUM.fa_1.A (net)
                      0.223884    0.000000    0.296297 ^ _191_/A (sg13g2_xnor2_1)
     2    0.008221    0.088142    0.144587    0.440884 v _191_/Y (sg13g2_xnor2_1)
                                                         _025_ (net)
                      0.088142    0.000000    0.440884 v _193_/A2 (sg13g2_o21ai_1)
     2    0.008800    0.129139    0.141610    0.582495 ^ _193_/Y (sg13g2_o21ai_1)
                                                         _026_ (net)
                      0.129139    0.000000    0.582495 ^ _197_/A1 (sg13g2_a21oi_1)
     2    0.008956    0.087933    0.117328    0.699823 v _197_/Y (sg13g2_a21oi_1)
                                                         _029_ (net)
                      0.087933    0.000000    0.699823 v _200_/A (sg13g2_xor2_1)
     1    0.001430    0.050483    0.114566    0.814388 v _200_/X (sg13g2_xor2_1)
                                                         DPATH.SUM.fa_3.S (net)
                      0.050483    0.000000    0.814388 v _296_/D (sg13g2_dfrbpq_1)
                                              0.814388   data arrival time

                      0.000000    5.000000    5.000000   clock clockone (rise edge)
                                  0.000000    5.000000   clock network delay (ideal)
                                 -0.200000    4.800000   clock uncertainty
                                  0.000000    4.800000   clock reconvergence pessimism
                                              4.800000 ^ _296_/CLK (sg13g2_dfrbpq_1)
                                 -0.128708    4.671292   library setup time
                                              4.671292   data required time
---------------------------------------------------------------------------------------------
                                              4.671292   data required time
                                             -0.814388   data arrival time
---------------------------------------------------------------------------------------------
                                              3.856904   slack (MET)


Startpoint: _294_ (rising edge-triggered flip-flop clocked by clockone)
Endpoint: _295_ (rising edge-triggered flip-flop clocked by clockone)
Path Group: clockone
Path Type: max

Fanout         Cap        Slew       Delay        Time   Description
---------------------------------------------------------------------------------------------
                      0.000000    0.000000    0.000000   clock clockone (rise edge)
                                  0.000000    0.000000   clock network delay (ideal)
                      0.000000    0.000000    0.000000 ^ _294_/CLK (sg13g2_dfrbpq_1)
    16    0.053539    0.223884    0.296297    0.296297 ^ _294_/Q (sg13g2_dfrbpq_1)
                                                         DPATH.SUM.fa_1.A (net)
                      0.223884    0.000000    0.296297 ^ _191_/A (sg13g2_xnor2_1)
     2    0.008221    0.088142    0.144587    0.440884 v _191_/Y (sg13g2_xnor2_1)
                                                         _025_ (net)
                      0.088142    0.000000    0.440884 v _193_/A2 (sg13g2_o21ai_1)
     2    0.008800    0.129139    0.141610    0.582495 ^ _193_/Y (sg13g2_o21ai_1)
                                                         _026_ (net)
                      0.129139    0.000000    0.582495 ^ _196_/A (sg13g2_xor2_1)
     1    0.001410    0.049258    0.121603    0.704098 ^ _196_/X (sg13g2_xor2_1)
                                                         DPATH.SUM.fa_2.S (net)
                      0.049258    0.000000    0.704098 ^ _295_/D (sg13g2_dfrbpq_1)
                                              0.704098   data arrival time

                      0.000000    5.000000    5.000000   clock clockone (rise edge)
                                  0.000000    5.000000   clock network delay (ideal)
                                 -0.200000    4.800000   clock uncertainty
                                  0.000000    4.800000   clock reconvergence pessimism
                                              4.800000 ^ _295_/CLK (sg13g2_dfrbpq_1)
                                 -0.125184    4.674816   library setup time
                                              4.674816   data required time
---------------------------------------------------------------------------------------------
                                              4.674816   data required time
                                             -0.704098   data arrival time
---------------------------------------------------------------------------------------------
                                              3.970718   slack (MET)


Startpoint: _294_ (rising edge-triggered flip-flop clocked by clockone)
Endpoint: _294_ (rising edge-triggered flip-flop clocked by clockone)
Path Group: clockone
Path Type: max

Fanout         Cap        Slew       Delay        Time   Description
---------------------------------------------------------------------------------------------
                      0.000000    0.000000    0.000000   clock clockone (rise edge)
                                  0.000000    0.000000   clock network delay (ideal)
                      0.000000    0.000000    0.000000 ^ _294_/CLK (sg13g2_dfrbpq_1)
    16    0.053539    0.223884    0.296297    0.296297 ^ _294_/Q (sg13g2_dfrbpq_1)
                                                         DPATH.SUM.fa_1.A (net)
                      0.223884    0.000000    0.296297 ^ _191_/A (sg13g2_xnor2_1)
     2    0.008637    0.130294    0.159484    0.455781 ^ _191_/Y (sg13g2_xnor2_1)
                                                         _025_ (net)
                      0.130294    0.000000    0.455781 ^ _192_/B (sg13g2_xnor2_1)
     1    0.001410    0.063067    0.110881    0.566662 ^ _192_/Y (sg13g2_xnor2_1)
                                                         DPATH.SUM.fa_1.S (net)
                      0.063067    0.000000    0.566662 ^ _294_/D (sg13g2_dfrbpq_1)
                                              0.566662   data arrival time

                      0.000000    5.000000    5.000000   clock clockone (rise edge)
                                  0.000000    5.000000   clock network delay (ideal)
                                 -0.200000    4.800000   clock uncertainty
                                  0.000000    4.800000   clock reconvergence pessimism
                                              4.800000 ^ _294_/CLK (sg13g2_dfrbpq_1)
                                 -0.129690    4.670310   library setup time
                                              4.670310   data required time
---------------------------------------------------------------------------------------------
                                              4.670310   data required time
                                             -0.566662   data arrival time
---------------------------------------------------------------------------------------------
                                              4.103648   slack (MET)


Startpoint: _293_ (rising edge-triggered flip-flop clocked by clockone)
Endpoint: _293_ (rising edge-triggered flip-flop clocked by clockone)
Path Group: clockone
Path Type: max

Fanout         Cap        Slew       Delay        Time   Description
---------------------------------------------------------------------------------------------
                      0.000000    0.000000    0.000000   clock clockone (rise edge)
                                  0.000000    0.000000   clock network delay (ideal)
                      0.000000    0.000000    0.000000 ^ _293_/CLK (sg13g2_dfrbpq_1)
    14    0.049459    0.207525    0.284918    0.284918 ^ _293_/Q (sg13g2_dfrbpq_1)
                                                         DPATH.SUM.Cout0 (net)
                      0.207525    0.000000    0.284918 ^ _128_/A (sg13g2_inv_1)
     5    0.014126    0.084756    0.117528    0.402446 v _128_/Y (sg13g2_inv_1)
                                                         DPATH.SUM.ha_0.S (net)
                      0.084756    0.000000    0.402446 v _293_/D (sg13g2_dfrbpq_1)
                                              0.402446   data arrival time

                      0.000000    5.000000    5.000000   clock clockone (rise edge)
                                  0.000000    5.000000   clock network delay (ideal)
                                 -0.200000    4.800000   clock uncertainty
                                  0.000000    4.800000   clock reconvergence pessimism
                                              4.800000 ^ _293_/CLK (sg13g2_dfrbpq_1)
                                 -0.141044    4.658957   library setup time
                                              4.658957   data required time
---------------------------------------------------------------------------------------------
                                              4.658957   data required time
                                             -0.402446   data arrival time
---------------------------------------------------------------------------------------------
                                              4.256510   slack (MET)



%OL_END_REPORT
%OL_CREATE_REPORT checks.rpt

===========================================================================
report_checks -unconstrained
===========================================================================
======================= nom_typ_1p20V_25C Corner ===================================

Startpoint: _294_ (rising edge-triggered flip-flop clocked by clockone)
Endpoint: _299_ (rising edge-triggered flip-flop clocked by clockone)
Path Group: clockone
Path Type: max

Fanout         Cap        Slew       Delay        Time   Description
---------------------------------------------------------------------------------------------
                      0.000000    0.000000    0.000000   clock clockone (rise edge)
                                  0.000000    0.000000   clock network delay (ideal)
                      0.000000    0.000000    0.000000 ^ _294_/CLK (sg13g2_dfrbpq_1)
    16    0.053539    0.223884    0.296297    0.296297 ^ _294_/Q (sg13g2_dfrbpq_1)
                                                         DPATH.SUM.fa_1.A (net)
                      0.223884    0.000000    0.296297 ^ _191_/A (sg13g2_xnor2_1)
     2    0.008221    0.088142    0.144587    0.440884 v _191_/Y (sg13g2_xnor2_1)
                                                         _025_ (net)
                      0.088142    0.000000    0.440884 v _193_/A2 (sg13g2_o21ai_1)
     2    0.008800    0.129139    0.141610    0.582495 ^ _193_/Y (sg13g2_o21ai_1)
                                                         _026_ (net)
                      0.129139    0.000000    0.582495 ^ _197_/A1 (sg13g2_a21oi_1)
     2    0.008956    0.087933    0.117328    0.699823 v _197_/Y (sg13g2_a21oi_1)
                                                         _029_ (net)
                      0.087933    0.000000    0.699823 v _203_/A1 (sg13g2_o21ai_1)
     2    0.008313    0.123903    0.144495    0.844318 ^ _203_/Y (sg13g2_o21ai_1)
                                                         _034_ (net)
                      0.123903    0.000000    0.844318 ^ _207_/A2 (sg13g2_a21oi_1)
     2    0.008208    0.084988    0.113888    0.958206 v _207_/Y (sg13g2_a21oi_1)
                                                         _037_ (net)
                      0.084988    0.000000    0.958206 v _209_/A2 (sg13g2_o21ai_1)
     1    0.005655    0.100059    0.117427    1.075633 ^ _209_/Y (sg13g2_o21ai_1)
                                                         _038_ (net)
                      0.100059    0.000000    1.075633 ^ _211_/A (sg13g2_xnor2_1)
     1    0.001410    0.059538    0.106119    1.181752 ^ _211_/Y (sg13g2_xnor2_1)
                                                         DPATH.SUM.fa_6.S (net)
                      0.059538    0.000000    1.181752 ^ _299_/D (sg13g2_dfrbpq_1)
                                              1.181752   data arrival time

                      0.000000    5.000000    5.000000   clock clockone (rise edge)
                                  0.000000    5.000000   clock network delay (ideal)
                                 -0.200000    4.800000   clock uncertainty
                                  0.000000    4.800000   clock reconvergence pessimism
                                              4.800000 ^ _299_/CLK (sg13g2_dfrbpq_1)
                                 -0.128538    4.671462   library setup time
                                              4.671462   data required time
---------------------------------------------------------------------------------------------
                                              4.671462   data required time
                                             -1.181752   data arrival time
---------------------------------------------------------------------------------------------
                                              3.489710   slack (MET)




===========================================================================
report_checks --slack_max -0.01
============================================================================
======================= nom_typ_1p20V_25C Corner ===================================

No paths found.


===========================================================================
 report_check_types -max_slew -max_cap -max_fanout -violators
============================================================================
======================= nom_typ_1p20V_25C Corner ===================================

max fanout

Pin                                   Limit Fanout  Slack
---------------------------------------------------------
_297_/Q                                   8     29    -21 (VIOLATED)
_298_/Q                                   8     25    -17 (VIOLATED)
_299_/Q                                   8     25    -17 (VIOLATED)
_294_/Q                                   8     16     -8 (VIOLATED)
_295_/Q                                   8     15     -7 (VIOLATED)
_293_/Q                                   8     14     -6 (VIOLATED)
_301_/Q                                   8     13     -5 (VIOLATED)
_296_/Q                                   8     12     -4 (VIOLATED)
_125_/Y                                   8     10     -2 (VIOLATED)



===========================================================================
report_parasitic_annotation -report_unannotated
============================================================================
Found 179 unannotated drivers.
 clk
 rst
 _125_/Y
 _126_/Y
 _127_/Y
 _128_/Y
 _129_/Y
 _130_/Y
 _131_/X
 _132_/Y
 _133_/Y
 _134_/Y
 _135_/Y
 _136_/Y
 _137_/Y
 _138_/Y
 _139_/Y
 _140_/Y
 _141_/X
 _142_/X
 _143_/Y
 _144_/Y
 _145_/Y
 _146_/Y
 _147_/Y
 _148_/Y
 _149_/Y
 _150_/X
 _151_/Y
 _152_/Y
 _153_/Y
 _154_/Y
 _155_/Y
 _156_/Y
 _157_/Y
 _158_/Y
 _159_/Y
 _160_/Y
 _161_/Y
 _162_/Y
 _163_/Y
 _164_/Y
 _165_/Y
 _166_/Y
 _167_/Y
 _168_/Y
 _169_/Y
 _170_/Y
 _171_/Y
 _172_/Y
 _173_/Y
 _174_/Y
 _175_/Y
 _176_/Y
 _177_/Y
 _178_/Y
 _179_/Y
 _180_/Y
 _181_/X
 _182_/Y
 _183_/X
 _184_/Y
 _185_/Y
 _186_/Y
 _187_/Y
 _188_/Y
 _189_/Y
 _190_/Y
 _191_/Y
 _192_/Y
 _193_/Y
 _194_/X
 _195_/X
 _196_/X
 _197_/Y
 _198_/Y
 _199_/Y
 _200_/X
 _201_/X
 _202_/X
 _203_/Y
 _204_/X
 _205_/Y
 _206_/Y
 _207_/Y
 _208_/X
 _209_/Y
 _210_/Y
 _211_/Y
 _212_/Y
 _213_/Y
 _214_/Y
 _215_/Y
 _216_/Y
 _217_/Y
 _218_/Y
 _219_/Y
 _220_/X
 _221_/Y
 _222_/Y
 _223_/X
 _224_/Y
 _225_/Y
 _226_/X
 _227_/Y
 _228_/Y
 _229_/Y
 _230_/Y
 _231_/Y
 _232_/Y
 _233_/Y
 _234_/Y
 _235_/Y
 _236_/Y
 _237_/Y
 _238_/Y
 _239_/X
 _240_/Y
 _241_/Y
 _242_/Y
 _243_/Y
 _244_/Y
 _245_/Y
 _246_/Y
 _247_/Y
 _248_/Y
 _249_/Y
 _250_/Y
 _251_/Y
 _252_/Y
 _253_/Y
 _254_/Y
 _255_/Y
 _256_/Y
 _257_/Y
 _258_/Y
 _259_/X
 _260_/Y
 _261_/Y
 _262_/Y
 _263_/Y
 _264_/Y
 _265_/Y
 _266_/X
 _267_/Y
 _268_/Y
 _269_/Y
 _270_/Y
 _271_/Y
 _272_/Y
 _273_/Y
 _274_/Y
 _275_/Y
 _276_/Y
 _277_/Y
 _278_/Y
 _279_/Y
 _280_/Y
 _281_/Y
 _282_/Y
 _283_/Y
 _284_/X
 _285_/Y
 _286_/Y
 _287_/Y
 _288_/Y
 _289_/Y
 _290_/Y
 _291_/Y
 _292_/Y
 _293_/Q
 _294_/Q
 _295_/Q
 _296_/Q
 _297_/Q
 _298_/Q
 _299_/Q
 _300_/Q
 _301_/Q
Found 0 partially unannotated drivers.

===========================================================================
max slew violation count 0
%OL_METRIC_I design__max_slew_violation__count__corner:nom_typ_1p20V_25C 0
max fanout violation count 9
%OL_METRIC_I design__max_fanout_violation__count__corner:nom_typ_1p20V_25C 9
max cap violation count 0
%OL_METRIC_I design__max_cap_violation__count__corner:nom_typ_1p20V_25C 0
============================================================================

===========================================================================
check_setup -verbose -unconstrained_endpoints -multiple_clock -no_clock -no_input_delay -loops -generated_clocks
===========================================================================
Warning: There are 35 unconstrained endpoints.
  sign
  signB
  sine_out[0]
  sine_out[10]
  sine_out[11]
  sine_out[12]
  sine_out[13]
  sine_out[14]
  sine_out[15]
  sine_out[16]
  sine_out[17]
  sine_out[18]
  sine_out[19]
  sine_out[1]
  sine_out[20]
  sine_out[21]
  sine_out[22]
  sine_out[23]
  sine_out[24]
  sine_out[25]
  sine_out[26]
  sine_out[27]
  sine_out[28]
  sine_out[29]
  sine_out[2]
  sine_out[30]
  sine_out[31]
  sine_out[32]
  sine_out[3]
  sine_out[4]
  sine_out[5]
  sine_out[6]
  sine_out[7]
  sine_out[8]
  sine_out[9]
%OL_END_REPORT
%OL_CREATE_REPORT power.rpt

===========================================================================
 report_power
============================================================================
======================= nom_typ_1p20V_25C Corner ===================================

Group                    Internal    Switching      Leakage        Total
                            Power        Power        Power        Power (Watts)
------------------------------------------------------------------------
Sequential           9.490528e-05 0.000000e+00 4.408208e-09 9.490969e-05  99.0%
Combinational        2.947930e-07 6.605181e-07 1.875832e-08 9.740694e-07   1.0%
Clock                0.000000e+00 0.000000e+00 0.000000e+00 0.000000e+00   0.0%
Macro                0.000000e+00 0.000000e+00 0.000000e+00 0.000000e+00   0.0%
Pad                  0.000000e+00 0.000000e+00 0.000000e+00 0.000000e+00   0.0%
------------------------------------------------------------------------
Total                9.520007e-05 6.605181e-07 2.316653e-08 9.588376e-05 100.0%
                            99.3%         0.7%         0.0%
%OL_METRIC_F power__internal__total 9.520007006358355e-5
%OL_METRIC_F power__switching__total 6.605180828955781e-7
%OL_METRIC_F power__leakage__total 2.3166530027651788e-8
%OL_METRIC_F power__total 9.58837554208003e-5

%OL_END_REPORT
%OL_CREATE_REPORT skew.min.rpt

===========================================================================
Clock Skew (Hold)
============================================================================
%OL_METRIC_F clock__skew__worst_hold__corner:nom_typ_1p20V_25C -0.19999999444888472
======================= nom_typ_1p20V_25C Corner ===================================

Clock clockone
0.000000 source latency _293_/CLK ^
0.000000 target latency _293_/CLK ^
-0.200000 clock uncertainty
0.000000 CRPR
--------------
-0.200000 hold skew

%OL_END_REPORT
%OL_CREATE_REPORT skew.max.rpt

===========================================================================
Clock Skew (Setup)
============================================================================
%OL_METRIC_F clock__skew__worst_setup__corner:nom_typ_1p20V_25C 0.19999999444888472
======================= nom_typ_1p20V_25C Corner ===================================

Clock clockone
0.000000 source latency _293_/CLK ^
0.000000 target latency _293_/CLK ^
0.200000 clock uncertainty
0.000000 CRPR
--------------
0.200000 setup skew

%OL_END_REPORT
%OL_CREATE_REPORT ws.min.rpt

===========================================================================
Worst Slack (Hold)
============================================================================
%OL_METRIC_F timing__hold__ws__corner:nom_typ_1p20V_25C 0.06045671079322218
nom_typ_1p20V_25C: 0.06045671079322218
%OL_END_REPORT
%OL_CREATE_REPORT ws.max.rpt

===========================================================================
Worst Slack (Setup)
============================================================================
%OL_METRIC_F timing__setup__ws__corner:nom_typ_1p20V_25C 3.4897095090271684
nom_typ_1p20V_25C: 3.4897095090271684
%OL_END_REPORT
%OL_CREATE_REPORT tns.min.rpt

===========================================================================
Total Negative Slack (Hold)
============================================================================
%OL_METRIC_F timing__hold__tns__corner:nom_typ_1p20V_25C 0.0
nom_typ_1p20V_25C: 0.0
%OL_END_REPORT
%OL_CREATE_REPORT tns.max.rpt

===========================================================================
Total Negative Slack (Setup)
============================================================================
%OL_METRIC_F timing__setup__tns__corner:nom_typ_1p20V_25C 0.0
nom_typ_1p20V_25C: 0.0
%OL_END_REPORT
%OL_CREATE_REPORT wns.min.rpt

===========================================================================
Worst Negative Slack (Hold)
============================================================================
%OL_METRIC_F timing__hold__wns__corner:nom_typ_1p20V_25C 0
nom_typ_1p20V_25C: 0
%OL_END_REPORT
%OL_CREATE_REPORT wns.max.rpt

===========================================================================
Worst Negative Slack (Setup)
============================================================================
%OL_METRIC_F timing__setup__wns__corner:nom_typ_1p20V_25C 0.0
nom_typ_1p20V_25C: 0.0
%OL_END_REPORT
%OL_CREATE_REPORT violator_list.rpt

===========================================================================
Violator List
============================================================================
%OL_METRIC_I timing__hold_vio__count__corner:nom_typ_1p20V_25C 0
%OL_METRIC_F timing__hold_r2r__ws__corner:nom_typ_1p20V_25C 0.060457
%OL_METRIC_I timing__hold_r2r_vio__count__corner:nom_typ_1p20V_25C 0
%OL_METRIC_I timing__setup_vio__count__corner:nom_typ_1p20V_25C 0
%OL_METRIC_F timing__setup_r2r__ws__corner:nom_typ_1p20V_25C 3.489710
%OL_METRIC_I timing__setup_r2r_vio__count__corner:nom_typ_1p20V_25C 0
%OL_END_REPORT
%OL_CREATE_REPORT unpropagated.rpt
clockone
%OL_END_REPORT
%OL_CREATE_REPORT clock.rpt
Clock: clockone
Sources: clk 
Generated: no
Virtual: no
Propagated: no
Period: 5.000000

===========================================================================
report_clock_properties
============================================================================
Clock                   Period          Waveform
----------------------------------------------------
clockone              5.000000    0.000000  1.000000

===========================================================================
report_clock_latency
============================================================================
Clock clockone
rise -> rise
    min     max
0.000000 0.000000 source latency
0.000000         network latency _293_/CLK
        0.000000 network latency _293_/CLK
---------------
0.000000 0.000000 latency
        0.000000 skew

fall -> fall
    min     max
0.000000 0.000000 source latency
0.000000         network latency _293_/CLK
        0.000000 network latency _293_/CLK
---------------
0.000000 0.000000 latency
        0.000000 skew



===========================================================================
report_clock_min_period
============================================================================
clockone period_min = 1.51 fmax = 662.12
%OL_END_REPORT
Writing SDF files for all corners…
