Clock: clk
Sources: clk 
Generated: no
Virtual: yes
Propagated: no
Period: 5.000000

===========================================================================
report_clock_properties
============================================================================
Clock                   Period          Waveform
----------------------------------------------------
clk                   5.000000    0.000000  2.500000

===========================================================================
report_clock_latency
============================================================================
Clock clk
rise -> rise
    min     max
0.000000 0.000000 source latency
0.000324         network latency _299_/CLK
        0.000598 network latency _295_/CLK
---------------
0.000324 0.000598 latency
        0.000274 skew

fall -> fall
    min     max
0.000000 0.000000 source latency
0.000290         network latency _299_/CLK
        0.000534 network latency _295_/CLK
---------------
0.000290 0.000534 latency
        0.000244 skew



===========================================================================
report_clock_min_period
============================================================================
clk period_min = 1.47 fmax = 678.83
