Clock: clk
Sources: clk 
Generated: no
Virtual: yes
Propagated: no
Period: 25.000000

===========================================================================
report_clock_properties
============================================================================
Clock                   Period          Waveform
----------------------------------------------------
clk                  25.000000    0.000000 12.500000

===========================================================================
report_clock_latency
============================================================================
Clock clk
rise -> rise
    min     max
0.000000 0.000000 source latency
0.102766         network latency _296_/CLK
        0.104316 network latency _293_/CLK
---------------
0.102766 0.104316 latency
        0.001550 skew

fall -> fall
    min     max
0.000000 0.000000 source latency
0.105352         network latency _296_/CLK
        0.106702 network latency _293_/CLK
---------------
0.105352 0.106702 latency
        0.001350 skew



===========================================================================
report_clock_min_period
============================================================================
clk period_min = 1.67 fmax = 600.25
