Clock: clk
Sources: clk 
Generated: no
Virtual: yes
Propagated: no
Period: 5.000000

===========================================================================
report_clock_properties
============================================================================
Clock                   Period          Waveform
----------------------------------------------------
clk                   5.000000    0.000000  2.500000

===========================================================================
report_clock_latency
============================================================================
Clock clk
rise -> rise
    min     max
0.000000 0.000000 source latency
0.088595         network latency _297_/CLK
        0.089735 network latency _301_/CLK
---------------
0.088595 0.089735 latency
        0.001140 skew

fall -> fall
    min     max
0.000000 0.000000 source latency
0.093897         network latency _297_/CLK
        0.094888 network latency _301_/CLK
---------------
0.093897 0.094888 latency
        0.000991 skew



===========================================================================
report_clock_min_period
============================================================================
clk period_min = 1.27 fmax = 787.14
