Clock: clk
Sources: clk 
Generated: no
Virtual: yes
Propagated: no
Period: 5.000000

===========================================================================
report_clock_properties
============================================================================
Clock                   Period          Waveform
----------------------------------------------------
clk                   5.000000    0.000000  2.500000

===========================================================================
report_clock_latency
============================================================================
Clock clk
rise -> rise
    min     max
0.000000 0.000000 source latency
0.088594         network latency _297_/CLK
        0.089613 network latency _301_/CLK
---------------
0.088594 0.089613 latency
        0.001019 skew

fall -> fall
    min     max
0.000000 0.000000 source latency
0.093896         network latency _297_/CLK
        0.094774 network latency _301_/CLK
---------------
0.093896 0.094774 latency
        0.000878 skew



===========================================================================
report_clock_min_period
============================================================================
clk period_min = 1.27 fmax = 787.94
