Reading timing models for corner nom_typ_1p20V_25C…
Reading timing library for the 'nom_typ_1p20V_25C' corner at '/opt/pdks/ciel/ihp-sg13g2/versions/cb7daaa8901016cf7c5d272dfa322c41f024931f/ihp-sg13g2/libs.ref/sg13g2_stdcell/lib/sg13g2_stdcell_typ_1p20V_25C.lib'…
Reading technology LEF file at '/opt/pdks/ciel/ihp-sg13g2/versions/cb7daaa8901016cf7c5d272dfa322c41f024931f/ihp-sg13g2/libs.ref/sg13g2_stdcell/lef/sg13g2_tech.lef'…
[INFO ODB-0227] LEF file: /opt/pdks/ciel/ihp-sg13g2/versions/cb7daaa8901016cf7c5d272dfa322c41f024931f/ihp-sg13g2/libs.ref/sg13g2_stdcell/lef/sg13g2_tech.lef, created 19 layers, 70 vias
Reading cell LEF file at '/opt/pdks/ciel/ihp-sg13g2/versions/cb7daaa8901016cf7c5d272dfa322c41f024931f/ihp-sg13g2/libs.ref/sg13g2_stdcell/lef/sg13g2_stdcell.lef'…
[INFO ODB-0227] LEF file: /opt/pdks/ciel/ihp-sg13g2/versions/cb7daaa8901016cf7c5d272dfa322c41f024931f/ihp-sg13g2/libs.ref/sg13g2_stdcell/lef/sg13g2_stdcell.lef, created 84 library cells
[INFO ODB-0127] Reading DEF file: /home/designer/shared/Bioimpedance-ASIC-for-skin-cancer-detection/current_generator/digital/DigitalSine/runs/RUN_2025-12-12_17-17-45/13-openroad-floorplan/DigitalSine.def
[INFO ODB-0128] Design: DigitalSine
[INFO ODB-0130]     Created 37 pins.
[INFO ODB-0131]     Created 177 components and 951 component-terminals.
[INFO ODB-0132]     Created 2 special nets and 354 connections.
[INFO ODB-0133]     Created 179 nets and 597 connections.
[INFO ODB-0134] Finished DEF file: /home/designer/shared/Bioimpedance-ASIC-for-skin-cancer-detection/current_generator/digital/DigitalSine/runs/RUN_2025-12-12_17-17-45/13-openroad-floorplan/DigitalSine.def
%OL_CREATE_REPORT tlef_values.rpt
 time 1ns
 capacitance 1pF
 resistance 1kohm
 voltage 1v
 current 1uA
 power 1pW
 distance 1um
== Technology LEF Values ==
=== Routing Layers ===
Name                Direction           Res/Unit Distance   Cap/Unit Distance   
Metal1              HORIZONTAL          8.437500e-04        6.878400e-05        
Metal2              VERTICAL            5.150000e-04        9.302000e-05        
Metal3              HORIZONTAL          5.150000e-04        9.200000e-05        
Metal4              VERTICAL            5.150000e-04        9.178800e-05        
Metal5              HORIZONTAL          5.150000e-04        8.882600e-05        
TopMetal1           VERTICAL            1.280488e-05        1.108496e-04        
TopMetal2           HORIZONTAL          7.250000e-06        9.006000e-05        
=== Vias ===
Name                Cut Resistance      
Cont                2.200000e-02        
Via1                2.000000e-02        
Via2                2.000000e-02        
Via3                2.000000e-02        
Via4                2.000000e-02        
TopVia1             4.000000e-03        
TopVia2             2.200000e-03        
%OL_END_REPORT
%OL_CREATE_REPORT layer_values_after.rpt
 time 1ns
 capacitance 1pF
 resistance 1kohm
 voltage 1v
 current 1uA
 power 1pW
 distance 1um
== Layer Values (After Set RC) ==
=== Routing Layers ===
Name                Direction           Res/Unit Distance   Cap/Unit Distance   
Metal1              HORIZONTAL          8.437500e-04        6.878400e-05        
Metal2              VERTICAL            5.150000e-04        9.302000e-05        
Metal3              HORIZONTAL          5.150000e-04        9.200000e-05        
Metal4              VERTICAL            5.150000e-04        9.178800e-05        
Metal5              HORIZONTAL          5.150000e-04        8.882600e-05        
TopMetal1           VERTICAL            1.280488e-05        1.108496e-04        
TopMetal2           HORIZONTAL          7.250000e-06        9.006000e-05        
=== Vias ===
Name                Cut Resistance      
Cont                2.200000e-02        
Via1                2.000000e-02        
Via2                2.000000e-02        
Via3                2.000000e-02        
Via4                2.000000e-02        
TopVia1             4.000000e-03        
TopVia2             2.200000e-03        
%OL_END_REPORT
%OL_CREATE_REPORT resizer_values_after.rpt
 time 1ns
 capacitance 1pF
 resistance 1kohm
 voltage 1v
 current 1uA
 power 1pW
 distance 1um
== Resizer RC Values (After Set RC) ==
=== Corner nom_typ_1p20V_25C ===
==== Estimation RC Values ====
Name                Direction           Res/Unit Distance   Cap/Unit Distance   
Signal              Avg                 3.466758e-04        9.442393e-05        
Clock               Avg                 3.466758e-04        9.442393e-05        
==== Rt. Layer RC Values ====
Name                Direction           Res/Unit Distance   Cap/Unit Distance   
Metal1              HORIZONTAL          0.000000e+00        0.000000e+00        
Metal2              VERTICAL            0.000000e+00        0.000000e+00        
Metal3              HORIZONTAL          0.000000e+00        0.000000e+00        
Metal4              VERTICAL            0.000000e+00        0.000000e+00        
Metal5              HORIZONTAL          0.000000e+00        0.000000e+00        
TopMetal1           VERTICAL            0.000000e+00        0.000000e+00        
TopMetal2           HORIZONTAL          0.000000e+00        0.000000e+00        
==== Via R Values ====
Name                Res/Unit Distance   
Cont                0.000000e+00        
Via1                0.000000e+00        
Via2                0.000000e+00        
Via3                0.000000e+00        
Via4                0.000000e+00        
TopVia1             0.000000e+00        
TopVia2             0.000000e+00        
%OL_END_REPORT
