Clock: clk
Sources: clk 
Generated: no
Virtual: yes
Propagated: no
Period: 5.000000

===========================================================================
report_clock_properties
============================================================================
Clock                   Period          Waveform
----------------------------------------------------
clk                   5.000000    0.000000  2.500000

===========================================================================
report_clock_latency
============================================================================
Clock clk
rise -> rise
    min     max
0.000000 0.000000 source latency
0.151199         network latency _297_/CLK
        0.152439 network latency _301_/CLK
---------------
0.151199 0.152439 latency
        0.001241 skew

fall -> fall
    min     max
0.000000 0.000000 source latency
0.157572         network latency _297_/CLK
        0.158580 network latency _301_/CLK
---------------
0.157572 0.158580 latency
        0.001009 skew



===========================================================================
report_clock_min_period
============================================================================
clk period_min = 2.12 fmax = 470.97
