Clock: clk
Sources: clk 
Generated: no
Virtual: yes
Propagated: no
Period: 5.000000

===========================================================================
report_clock_properties
============================================================================
Clock                   Period          Waveform
----------------------------------------------------
clk                   5.000000    0.000000  2.500000

===========================================================================
report_clock_latency
============================================================================
Clock clk
rise -> rise
    min     max
0.000000 0.000000 source latency
0.102381         network latency _300_/CLK
        0.102940 network latency _299_/CLK
---------------
0.102381 0.102940 latency
        0.000560 skew

fall -> fall
    min     max
0.000000 0.000000 source latency
0.104838         network latency _300_/CLK
        0.105467 network latency _299_/CLK
---------------
0.104838 0.105467 latency
        0.000630 skew



===========================================================================
report_clock_min_period
============================================================================
clk period_min = 1.71 fmax = 584.42
