
===========================================================================
report_checks -unconstrained
===========================================================================
======================= nom_typ_1p20V_25C Corner ===================================

Startpoint: rst (input port clocked by clk)
Endpoint: _297_ (recovery check against rising-edge clock clk)
Path Group: asynchronous
Path Type: max

Fanout         Cap        Slew       Delay        Time   Description
---------------------------------------------------------------------------------------------
                                  0.000000    0.000000   clock clk (rise edge)
                                  0.000000    0.000000   clock network delay (propagated)
                                  1.000000    1.000000 v input external delay
     1    0.002908    0.017124    0.002156    1.002156 v rst (in)
                                                         rst (net)
                      0.017124    0.000000    1.002156 v input1/A (sg13g2_buf_1)
     2    0.018600    0.065910    0.094455    1.096611 v input1/X (sg13g2_buf_1)
                                                         net1 (net)
                      0.065974    0.001453    1.098065 v fanout78/A (sg13g2_buf_8)
     8    0.036612    0.029769    0.097349    1.195414 v fanout78/X (sg13g2_buf_8)
                                                         net78 (net)
                      0.030181    0.003016    1.198429 v _288_/A (sg13g2_inv_1)
     1    0.007225    0.038091    0.041990    1.240420 ^ _288_/Y (sg13g2_inv_1)
                                                         _004_ (net)
                      0.038104    0.000548    1.240968 ^ _297_/RESET_B (sg13g2_dfrbpq_1)
                                              1.240968   data arrival time

                                  5.000000    5.000000   clock clk (rise edge)
                                  0.000000    5.000000   clock source latency
     1    0.014152    0.030144    0.012251    5.012251 ^ clk (in)
                                                         clk (net)
                      0.030155    0.000000    5.012251 ^ clkbuf_0_clk/A (sg13g2_buf_8)
     2    0.022151    0.024553    0.069580    5.081831 ^ clkbuf_0_clk/X (sg13g2_buf_8)
                                                         clknet_0_clk (net)
                      0.024565    0.000951    5.082782 ^ clkbuf_1_1__f_clk/A (sg13g2_buf_8)
     5    0.021068    0.023813    0.066462    5.149245 ^ clkbuf_1_1__f_clk/X (sg13g2_buf_8)
                                                         clknet_1_1__leaf_clk (net)
                      0.023814    0.000504    5.149749 ^ _297_/CLK (sg13g2_dfrbpq_1)
                                 -0.250000    4.899749   clock uncertainty
                                  0.000000    4.899749   clock reconvergence pessimism
                                 -0.125035    4.774714   library recovery time
                                              4.774714   data required time
---------------------------------------------------------------------------------------------
                                              4.774714   data required time
                                             -1.240968   data arrival time
---------------------------------------------------------------------------------------------
                                              3.533746   slack (MET)


Startpoint: _294_ (rising edge-triggered flip-flop clocked by clk)
Endpoint: sine_out[1] (output port clocked by clk)
Path Group: clk
Path Type: max

Fanout         Cap        Slew       Delay        Time   Description
---------------------------------------------------------------------------------------------
                                  0.000000    0.000000   clock clk (rise edge)
                                  0.000000    0.000000   clock source latency
     1    0.014152    0.030144    0.012251    0.012251 ^ clk (in)
                                                         clk (net)
                      0.030155    0.000000    0.012251 ^ clkbuf_0_clk/A (sg13g2_buf_8)
     2    0.022151    0.024553    0.069580    0.081831 ^ clkbuf_0_clk/X (sg13g2_buf_8)
                                                         clknet_0_clk (net)
                      0.024554    0.000418    0.082249 ^ clkbuf_1_0__f_clk/A (sg13g2_buf_8)
     5    0.021286    0.023909    0.066532    0.148780 ^ clkbuf_1_0__f_clk/X (sg13g2_buf_8)
                                                         clknet_1_0__leaf_clk (net)
                      0.023915    0.000721    0.149501 ^ _294_/CLK (sg13g2_dfrbpq_1)
     1    0.002170    0.017616    0.159697    0.309198 v _294_/Q (sg13g2_dfrbpq_1)
                                                         DPATH.SUM.fa_1.A (net)
                      0.017616    0.000081    0.309279 v hold4/A (sg13g2_dlygate4sd3_1)
     1    0.008903    0.053770    0.385580    0.694859 v hold4/X (sg13g2_dlygate4sd3_1)
                                                         net40 (net)
                      0.053770    0.000704    0.695563 v fanout75/A (sg13g2_buf_8)
     5    0.037720    0.029752    0.091290    0.786854 v fanout75/X (sg13g2_buf_8)
                                                         net75 (net)
                      0.030651    0.003995    0.790848 v fanout74/A (sg13g2_buf_8)
     5    0.029746    0.026406    0.078566    0.869414 v fanout74/X (sg13g2_buf_8)
                                                         net74 (net)
                      0.026415    0.000794    0.870208 v fanout73/A (sg13g2_buf_8)
     8    0.038989    0.029271    0.079433    0.949641 v fanout73/X (sg13g2_buf_8)
                                                         net73 (net)
                      0.029579    0.002127    0.951768 v _146_/A1 (sg13g2_o21ai_1)
     4    0.016657    0.192528    0.180159    1.131927 ^ _146_/Y (sg13g2_o21ai_1)
                                                         _114_ (net)
                      0.192536    0.001074    1.133002 ^ _234_/A2 (sg13g2_a21oi_1)
     2    0.007618    0.080339    0.129829    1.262831 v _234_/Y (sg13g2_a21oi_1)
                                                         _059_ (net)
                      0.080340    0.000382    1.263213 v _267_/A1 (sg13g2_o21ai_1)
     1    0.003788    0.076927    0.109260    1.372474 ^ _267_/Y (sg13g2_o21ai_1)
                                                         _091_ (net)
                      0.076927    0.000151    1.372625 ^ _270_/A1 (sg13g2_a21oi_1)
     1    0.005486    0.059469    0.082008    1.454632 v _270_/Y (sg13g2_a21oi_1)
                                                         _094_ (net)
                      0.059471    0.000576    1.455209 v _273_/A (sg13g2_nor2_1)
     1    0.005601    0.070466    0.081955    1.537163 ^ _273_/Y (sg13g2_nor2_1)
                                                         _097_ (net)
                      0.070466    0.000233    1.537396 ^ _274_/B1 (sg13g2_a22oi_1)
     1    0.009340    0.084348    0.093519    1.630915 v _274_/Y (sg13g2_a22oi_1)
                                                         net15 (net)
                      0.084363    0.001090    1.632005 v output15/A (sg13g2_buf_1)
     1    0.013550    0.051547    0.111315    1.743319 v output15/X (sg13g2_buf_1)
                                                         sine_out[1] (net)
                      0.051572    0.001056    1.744376 v sine_out[1] (out)
                                              1.744376   data arrival time

                                  5.000000    5.000000   clock clk (rise edge)
                                  0.000000    5.000000   clock network delay (propagated)
                                 -0.250000    4.750000   clock uncertainty
                                  0.000000    4.750000   clock reconvergence pessimism
                                 -1.000000    3.750000   output external delay
                                              3.750000   data required time
---------------------------------------------------------------------------------------------
                                              3.750000   data required time
                                             -1.744376   data arrival time
---------------------------------------------------------------------------------------------
                                              2.005624   slack (MET)




===========================================================================
report_checks --slack_max -0.01
============================================================================
======================= nom_typ_1p20V_25C Corner ===================================

No paths found.


===========================================================================
 report_check_types -max_slew -max_cap -max_fanout -violators
============================================================================
======================= nom_typ_1p20V_25C Corner ===================================



===========================================================================
report_parasitic_annotation -report_unannotated
============================================================================
Found 1 unannotated drivers.
 clkload0/Y
Found 0 partially unannotated drivers.

===========================================================================
max slew violation count 0
max fanout violation count 0
max cap violation count 0
============================================================================

===========================================================================
check_setup -verbose -unconstrained_endpoints -multiple_clock -no_clock -no_input_delay -loops -generated_clocks
===========================================================================
