Clock: clk
Sources: clk 
Generated: no
Virtual: yes
Propagated: no
Period: 5.000000

===========================================================================
report_clock_properties
============================================================================
Clock                   Period          Waveform
----------------------------------------------------
clk                   5.000000    0.000000  2.500000

===========================================================================
report_clock_latency
============================================================================
Clock clk
rise -> rise
    min     max
0.000000 0.000000 source latency
0.149288         network latency _300_/CLK
        0.149780 network latency _299_/CLK
---------------
0.149288 0.149780 latency
        0.000492 skew

fall -> fall
    min     max
0.000000 0.000000 source latency
0.155768         network latency _300_/CLK
        0.156366 network latency _299_/CLK
---------------
0.155768 0.156366 latency
        0.000598 skew



===========================================================================
report_clock_min_period
============================================================================
clk period_min = 2.42 fmax = 413.00
