Reading timing models for corner nom_typ_1p20V_25C…
Reading timing library for the 'nom_typ_1p20V_25C' corner at '/opt/pdks/ciel/ihp-sg13g2/versions/cb7daaa8901016cf7c5d272dfa322c41f024931f/ihp-sg13g2/libs.ref/sg13g2_stdcell/lib/sg13g2_stdcell_typ_1p20V_25C.lib'…
Reading OpenROAD database at '/home/designer/shared/Bioimpedance-ASIC-for-skin-cancer-detection/current_generator/digital/DigitalSine/runs/RUN_2025-12-12_17-04-30/26-odb-customioplacement/DigitalSine.odb'…
Reading design constraints file at '/nix/store/sfc122jplczjy5i6pd5radwb3k94mh33-python3.12-librelane-3.0.0.dev45/lib/python3.12/site-packages/librelane/scripts/base.sdc'…
[INFO] Using clock clk…
[INFO] Setting output delay to: 5
[INFO] Setting input delay to: 5
[INFO] Setting load to: 0.006
[INFO] Setting clock uncertainty to: 0.25
[INFO] Setting clock transition to: 0.15
[INFO] Setting timing derate to: 5%
[INFO] Setting signal min routing layer to: Metal2 and clock min routing layer to Metal2. 
[INFO] Setting signal max routing layer to: TopMetal2 and clock max routing layer to TopMetal2. 
+ global_placement -density 0.613081 -timing_driven -routability_driven -pad_right 0 -pad_left 0 -init_wirelength_coef 0.25
[INFO GPL-0002] DBU: 1000
[INFO GPL-0003] SiteSize: (  0.480  3.780 ) um
[INFO GPL-0004] CoreBBox: (  5.760 15.120 ) ( 67.680 75.600 ) um
[INFO GPL-0006] Number of instances:               177
[INFO GPL-0007] Movable instances:                 177
[INFO GPL-0008] Fixed instances:                     0
[INFO GPL-0009] Dummy instances:                     0
[INFO GPL-0010] Number of nets:                    179
[INFO GPL-0011] Number of pins:                    634
[INFO GPL-0012] Die BBox:  (  0.000  0.000 ) ( 73.510 92.230 ) um
[INFO GPL-0013] Core BBox: (  5.760 15.120 ) ( 67.680 75.600 ) um
[INFO GPL-0016] Core area:                    3744.922 um^2
[INFO GPL-0017] Fixed instances area:            0.000 um^2
[INFO GPL-0018] Movable instances area:       1921.450 um^2
[INFO GPL-0019] Utilization:                    51.308 %
[INFO GPL-0020] Standard cells area:          1921.450 um^2
[INFO GPL-0021] Large instances area:            0.000 um^2
[InitialPlace]  Iter: 1 conjugate gradient residual: 0.00000008 HPWL: 5911230
[InitialPlace]  Iter: 2 conjugate gradient residual: 0.00000010 HPWL: 2571727
[InitialPlace]  Iter: 3 conjugate gradient residual: 0.00000012 HPWL: 2266838
[InitialPlace]  Iter: 4 conjugate gradient residual: 0.00000008 HPWL: 2248997
[InitialPlace]  Iter: 5 conjugate gradient residual: 0.00000007 HPWL: 2249385
[INFO GPL-0023] Placement target density:       0.6131
[INFO GPL-0024] Movable insts average area:     10.856 um^2
[INFO GPL-0025] Ideal bin area:                 17.707 um^2
[INFO GPL-0026] Ideal bin count:                   211
[INFO GPL-0027] Total bin area:               3744.922 um^2
[INFO GPL-0028] Bin count (X, Y):           8 ,      8
[INFO GPL-0029] Bin size (W * H):       7.740 *  7.560 um
[INFO GPL-0030] Number of bins:                     64
[INFO GPL-0031] HPWL: Half-Perimeter Wirelength
Iteration | Overflow |     HPWL (um) |  HPWL(%) |   Penalty | Group
---------------------------------------------------------------
        1 |   0.8528 |  1.738483e+06 |   +0.00% |  4.15e-14 |      
       10 |   0.7931 |  1.869270e+06 |   +7.52% |  6.44e-14 |      
[INFO GPL-0100] Timing-driven iteration 1/5, virtual: true.
[INFO GPL-0101]    Iter: 11, overflow: 0.784, keep resizer changes at: 0.3, HPWL: 1877669
Iteration |   Area    | Resized | Buffers | Nets repaired | Remaining
---------------------------------------------------------------------
        0 |     +0.0% |       0 |       0 |             0 |       179
    final |    +16.6% |      33 |      26 |            10 |         0
---------------------------------------------------------------------
[INFO RSZ-0035] Found 10 fanout violations.
[INFO RSZ-0039] Resized 33 instances.
[INFO RSZ-0038] Inserted 26 buffers in 10 nets.
[INFO GPL-0106] Timing-driven: worst slack 1.86e-08
Iteration | Overflow |     HPWL (um) |  HPWL(%) |   Penalty | Group
---------------------------------------------------------------
       20 |   0.7634 |  2.037595e+06 |   +9.00% |  1.05e-13 |      
       30 |   0.7643 |  2.021705e+06 |   -0.78% |  1.71e-13 |      
       40 |   0.7598 |  2.013323e+06 |   -0.41% |  2.78e-13 |      
       50 |   0.7586 |  2.004954e+06 |   -0.42% |  4.53e-13 |      
       60 |   0.7604 |  2.002190e+06 |   -0.14% |  7.38e-13 |      
       70 |   0.7607 |  2.005259e+06 |   +0.15% |  1.20e-12 |      
       80 |   0.7618 |  2.008749e+06 |   +0.17% |  1.96e-12 |      
       90 |   0.7617 |  2.010359e+06 |   +0.08% |  3.19e-12 |      
      100 |   0.7604 |  2.011531e+06 |   +0.06% |  5.20e-12 |      
      110 |   0.7583 |  2.014271e+06 |   +0.14% |  8.47e-12 |      
      120 |   0.7555 |  2.019336e+06 |   +0.25% |  1.38e-11 |      
      130 |   0.7536 |  2.027324e+06 |   +0.40% |  2.25e-11 |      
      140 |   0.7528 |  2.040397e+06 |   +0.64% |  3.66e-11 |      
      150 |   0.7516 |  2.061588e+06 |   +1.04% |  5.96e-11 |      
      160 |   0.7488 |  2.094577e+06 |   +1.60% |  9.71e-11 |      
      170 |   0.7184 |  2.141631e+06 |   +2.25% |  1.58e-10 |      
      180 |   0.7006 |  2.184088e+06 |   +1.98% |  2.58e-10 |      
      190 |   0.6842 |  2.241377e+06 |   +2.62% |  4.20e-10 |      
      200 |   0.6400 |  2.316611e+06 |   +3.36% |  6.83e-10 |      
[INFO GPL-0100] Timing-driven iteration 2/5, virtual: true.
[INFO GPL-0101]    Iter: 202, overflow: 0.634, keep resizer changes at: 0.3, HPWL: 2328964
Iteration |   Area    | Resized | Buffers | Nets repaired | Remaining
---------------------------------------------------------------------
        0 |     +0.0% |       0 |       0 |             0 |       179
    final |    +17.7% |      37 |      27 |            10 |         0
---------------------------------------------------------------------
[INFO RSZ-0035] Found 10 fanout violations.
[INFO RSZ-0039] Resized 37 instances.
[INFO RSZ-0038] Inserted 27 buffers in 10 nets.
[INFO GPL-0106] Timing-driven: worst slack 1.85e-08
Iteration | Overflow |     HPWL (um) |  HPWL(%) |   Penalty | Group
---------------------------------------------------------------
      210 |   0.6356 |  2.410167e+06 |   +4.04% |  1.11e-09 |      
      220 |   0.6004 |  2.459795e+06 |   +2.06% |  1.81e-09 |      
[INFO GPL-0088] Routability snapshot saved at iter = 220
      230 |   0.5661 |  2.541617e+06 |   +3.33% |  2.95e-09 |      
      240 |   0.5344 |  2.657258e+06 |   +4.55% |  4.81e-09 |      
      250 |   0.4892 |  2.743849e+06 |   +3.26% |  7.84e-09 |      
      260 |   0.4401 |  2.819633e+06 |   +2.76% |  1.28e-08 |      
      270 |   0.3938 |  2.892970e+06 |   +2.60% |  2.08e-08 |      
      280 |   0.3373 |  2.954682e+06 |   +2.13% |  3.35e-08 |      
      290 |   0.3076 |  2.990243e+06 |   +1.20% |  4.94e-08 |      
[INFO GPL-0040] Routability iteration: 1
[INFO GPL-0041] Total routing overflow: 0.0000
[INFO GPL-0042] Number of overflowed tiles: 0 (0.00%)
[INFO GPL-0043] Average top 0.5% routing congestion: 0.9165
[INFO GPL-0044] Average top 1.0% routing congestion: 0.8676
[INFO GPL-0045] Average top 2.0% routing congestion: 0.8238
[INFO GPL-0046] Average top 5.0% routing congestion: 0.7392
[INFO GPL-0047] Routability iteration weighted routing congestion: 0.8920
[INFO GPL-0050] Weighted routing congestion is lower than target routing congestion(1.0100), end routability optimization.
[INFO GPL-0100] Timing-driven iteration 3/5, virtual: false.
[INFO GPL-0101]    Iter: 298, overflow: 0.282, keep resizer changes at: 0.3, HPWL: 3050435
Iteration |   Area    | Resized | Buffers | Nets repaired | Remaining
---------------------------------------------------------------------
        0 |     +0.0% |       0 |       0 |             0 |       179
    final |    +19.8% |      44 |      25 |            10 |         0
---------------------------------------------------------------------
[INFO RSZ-0035] Found 10 fanout violations.
[INFO RSZ-0039] Resized 44 instances.
[INFO RSZ-0038] Inserted 25 buffers in 10 nets.
[INFO GPL-0106] Timing-driven: worst slack 1.86e-08
[INFO GPL-0107] Timing-driven: repair_design delta area: 381.024 um^2 (+19.83%)
[INFO GPL-0108] Timing-driven: repair_design, gpl cells created: 25 (+0.00%)
[INFO GPL-0109] Timing-driven: inserted buffers as reported by repair_design: 25
[INFO GPL-0110] Timing-driven: new target density: 0.71482515
Iteration | Overflow |     HPWL (um) |  HPWL(%) |   Penalty | Group
---------------------------------------------------------------
      300 |   0.2908 |  2.443746e+06 |  -18.28% |  7.28e-08 |      
      310 |   0.2612 |  2.445129e+06 |   +0.06% |  1.07e-07 |      
      320 |   0.2161 |  2.450079e+06 |   +0.20% |  1.58e-07 |      
[INFO GPL-0100] Timing-driven iteration 4/5, virtual: false.
[INFO GPL-0101]    Iter: 323, overflow: 0.199, keep resizer changes at: 0.3, HPWL: 2457064
Iteration |   Area    | Resized | Buffers | Nets repaired | Remaining
---------------------------------------------------------------------
        0 |     +0.0% |       0 |       0 |             0 |       179
    final |     +0.2% |      12 |       0 |             0 |         0
---------------------------------------------------------------------
[INFO RSZ-0039] Resized 12 instances.
[INFO GPL-0106] Timing-driven: worst slack 1.86e-08
[INFO GPL-0107] Timing-driven: repair_design delta area: 5.443 um^2 (+0.24%)
[INFO GPL-0108] Timing-driven: repair_design, gpl cells created: 0 (+0.00%)
[INFO GPL-0109] Timing-driven: inserted buffers as reported by repair_design: 0
[INFO GPL-0110] Timing-driven: new target density: 0.7162787
Iteration | Overflow |     HPWL (um) |  HPWL(%) |   Penalty | Group
---------------------------------------------------------------
      330 |   0.1717 |  2.495379e+06 |   +1.85% |  2.33e-07 |      
[INFO GPL-0100] Timing-driven iteration 5/5, virtual: false.
[INFO GPL-0101]    Iter: 339, overflow: 0.144, keep resizer changes at: 0.3, HPWL: 2536746
Iteration |   Area    | Resized | Buffers | Nets repaired | Remaining
---------------------------------------------------------------------
        0 |     +0.0% |       0 |       0 |             0 |       179
    final |     +0.2% |      13 |       0 |             0 |         0
---------------------------------------------------------------------
[INFO RSZ-0039] Resized 13 instances.
[INFO GPL-0106] Timing-driven: worst slack 1.86e-08
[INFO GPL-0107] Timing-driven: repair_design delta area: 5.443 um^2 (+0.24%)
[INFO GPL-0108] Timing-driven: repair_design, gpl cells created: 0 (+0.00%)
[INFO GPL-0109] Timing-driven: inserted buffers as reported by repair_design: 0
[INFO GPL-0110] Timing-driven: new target density: 0.71773213
Iteration | Overflow |     HPWL (um) |  HPWL(%) |   Penalty | Group
---------------------------------------------------------------
      340 |   0.1410 |  2.546749e+06 |   +2.06% |  3.43e-07 |      
      350 |   0.1153 |  2.565999e+06 |   +0.76% |  5.05e-07 |      
[INFO GPL-1001] Finished with Overflow: 0.098414
[INFO GPL-1002] Placed Cell Area             2313.3600
[INFO GPL-1003] Available Free Area          3744.9216
[INFO GPL-1004] Minimum Feasible Density        0.6177 (cell_area / free_area)
[INFO GPL-1006]   Suggested Target Densities:
[INFO GPL-1007]     - For 90% usage of free space: 0.6864
[INFO GPL-1008]     - For 80% usage of free space: 0.7722
[INFO GPL-1009]     - For 50% usage of free space: 1.2355
Setting global connections for newly added cells…
[INFO] Setting global connections...
Updating metrics…
Cell type report:                       Count       Area
  Timing Repair Buffer                     25     330.22
  Inverter                                 15      88.91
  Sequential cell                           9     444.53
  Multi-Input combinational cell          153    1449.71
  Total                                   202    2313.36
Writing OpenROAD database to '/home/designer/shared/Bioimpedance-ASIC-for-skin-cancer-detection/current_generator/digital/DigitalSine/runs/RUN_2025-12-12_17-04-30/28-openroad-globalplacement/DigitalSine.odb'…
Writing netlist to '/home/designer/shared/Bioimpedance-ASIC-for-skin-cancer-detection/current_generator/digital/DigitalSine/runs/RUN_2025-12-12_17-04-30/28-openroad-globalplacement/DigitalSine.nl.v'…
Writing powered netlist to '/home/designer/shared/Bioimpedance-ASIC-for-skin-cancer-detection/current_generator/digital/DigitalSine/runs/RUN_2025-12-12_17-04-30/28-openroad-globalplacement/DigitalSine.pnl.v'…
Writing layout to '/home/designer/shared/Bioimpedance-ASIC-for-skin-cancer-detection/current_generator/digital/DigitalSine/runs/RUN_2025-12-12_17-04-30/28-openroad-globalplacement/DigitalSine.def'…
Writing timing constraints to '/home/designer/shared/Bioimpedance-ASIC-for-skin-cancer-detection/current_generator/digital/DigitalSine/runs/RUN_2025-12-12_17-04-30/28-openroad-globalplacement/DigitalSine.sdc'…
