Clock: clk
Sources: clk 
Generated: no
Virtual: yes
Propagated: no
Period: 5.000000

===========================================================================
report_clock_properties
============================================================================
Clock                   Period          Waveform
----------------------------------------------------
clk                   5.000000    0.000000  2.500000

===========================================================================
report_clock_latency
============================================================================
Clock clk
rise -> rise
    min     max
0.000000 0.000000 source latency
0.103660         network latency _297_/CLK
        0.104602 network latency _301_/CLK
---------------
0.103660 0.104602 latency
        0.000942 skew

fall -> fall
    min     max
0.000000 0.000000 source latency
0.106141         network latency _297_/CLK
        0.106934 network latency _301_/CLK
---------------
0.106141 0.106934 latency
        0.000792 skew



===========================================================================
report_clock_min_period
============================================================================
clk period_min = 1.50 fmax = 668.54
