Reading timing models for corner nom_typ_1p20V_25C…
Reading timing library for the 'nom_typ_1p20V_25C' corner at '/opt/pdks/ciel/ihp-sg13g2/versions/cb7daaa8901016cf7c5d272dfa322c41f024931f/ihp-sg13g2/libs.ref/sg13g2_stdcell/lib/sg13g2_stdcell_typ_1p20V_25C.lib'…
Reading OpenROAD database at '/home/designer/shared/Bioimpedance-ASIC-for-skin-cancer-detection/current_generator/digital/DigitalSine/runs/RUN_2025-12-11_20-30-25/25-openroad-ioplacement/DigitalSine.odb'…
Reading design constraints file at '/nix/store/sfc122jplczjy5i6pd5radwb3k94mh33-python3.12-librelane-3.0.0.dev45/lib/python3.12/site-packages/librelane/scripts/base.sdc'…
[INFO] Using clock clk…
[INFO] Setting output delay to: 5
[INFO] Setting input delay to: 5
[INFO] Setting load to: 0.006
[INFO] Setting clock uncertainty to: 0.25
[INFO] Setting clock transition to: 0.15
[INFO] Setting timing derate to: 5%
[INFO] Setting signal min routing layer to: Metal2 and clock min routing layer to Metal2. 
[INFO] Setting signal max routing layer to: TopMetal2 and clock max routing layer to TopMetal2. 
+ global_placement -density 0.613081 -timing_driven -routability_driven -pad_right 0 -pad_left 0 -init_wirelength_coef 0.25
[INFO GPL-0002] DBU: 1000
[INFO GPL-0003] SiteSize: (  0.480  3.780 ) um
[INFO GPL-0004] CoreBBox: (  5.760 15.120 ) ( 67.680 75.600 ) um
[INFO GPL-0006] Number of instances:               177
[INFO GPL-0007] Movable instances:                 177
[INFO GPL-0008] Fixed instances:                     0
[INFO GPL-0009] Dummy instances:                     0
[INFO GPL-0010] Number of nets:                    179
[INFO GPL-0011] Number of pins:                    634
[INFO GPL-0012] Die BBox:  (  0.000  0.000 ) ( 73.510 92.230 ) um
[INFO GPL-0013] Core BBox: (  5.760 15.120 ) ( 67.680 75.600 ) um
[INFO GPL-0016] Core area:                    3744.922 um^2
[INFO GPL-0017] Fixed instances area:            0.000 um^2
[INFO GPL-0018] Movable instances area:       1921.450 um^2
[INFO GPL-0019] Utilization:                    51.308 %
[INFO GPL-0020] Standard cells area:          1921.450 um^2
[INFO GPL-0021] Large instances area:            0.000 um^2
[InitialPlace]  Iter: 1 conjugate gradient residual: 0.00000011 HPWL: 3913738
[InitialPlace]  Iter: 2 conjugate gradient residual: 0.00000007 HPWL: 2935038
[InitialPlace]  Iter: 3 conjugate gradient residual: 0.00000007 HPWL: 2878453
[InitialPlace]  Iter: 4 conjugate gradient residual: 0.00000008 HPWL: 2855235
[InitialPlace]  Iter: 5 conjugate gradient residual: 0.00000010 HPWL: 2827711
[INFO GPL-0023] Placement target density:       0.6131
[INFO GPL-0024] Movable insts average area:     10.856 um^2
[INFO GPL-0025] Ideal bin area:                 17.707 um^2
[INFO GPL-0026] Ideal bin count:                   211
[INFO GPL-0027] Total bin area:               3744.922 um^2
[INFO GPL-0028] Bin count (X, Y):           8 ,      8
[INFO GPL-0029] Bin size (W * H):       7.740 *  7.560 um
[INFO GPL-0030] Number of bins:                     64
[INFO GPL-0031] HPWL: Half-Perimeter Wirelength
Iteration | Overflow |     HPWL (um) |  HPWL(%) |   Penalty | Group
---------------------------------------------------------------
        1 |   0.7719 |  1.834705e+06 |   +0.00% |  8.36e-14 |      
[INFO GPL-0100] Timing-driven iteration 1/5, virtual: true.
[INFO GPL-0101]    Iter: 1, overflow: 0.772, keep resizer changes at: 0.3, HPWL: 1834705
Iteration |   Area    | Resized | Buffers | Nets repaired | Remaining
---------------------------------------------------------------------
        0 |     +0.0% |       0 |       0 |             0 |       179
    final |    +17.6% |      33 |      25 |            10 |         0
---------------------------------------------------------------------
[INFO RSZ-0035] Found 10 fanout violations.
[INFO RSZ-0039] Resized 33 instances.
[INFO RSZ-0038] Inserted 25 buffers in 10 nets.
[INFO GPL-0106] Timing-driven: worst slack 1.86e-08
Iteration | Overflow |     HPWL (um) |  HPWL(%) |   Penalty | Group
---------------------------------------------------------------
       10 |   0.6504 |  2.194032e+06 |  +19.59% |  1.30e-13 |      
[INFO GPL-0100] Timing-driven iteration 2/5, virtual: true.
[INFO GPL-0101]    Iter: 13, overflow: 0.630, keep resizer changes at: 0.3, HPWL: 2211889
Iteration |   Area    | Resized | Buffers | Nets repaired | Remaining
---------------------------------------------------------------------
        0 |     +0.0% |       0 |       0 |             0 |       179
    final |    +18.3% |      35 |      25 |            10 |         0
---------------------------------------------------------------------
[INFO RSZ-0035] Found 10 fanout violations.
[INFO RSZ-0039] Resized 35 instances.
[INFO RSZ-0038] Inserted 25 buffers in 10 nets.
[INFO GPL-0106] Timing-driven: worst slack 1.86e-08
Iteration | Overflow |     HPWL (um) |  HPWL(%) |   Penalty | Group
---------------------------------------------------------------
       20 |   0.6063 |  2.151901e+06 |   -1.92% |  2.11e-13 |      
       30 |   0.5981 |  2.145162e+06 |   -0.31% |  3.44e-13 |      
[INFO GPL-0088] Routability snapshot saved at iter = 29
       40 |   0.5871 |  2.155628e+06 |   +0.49% |  5.61e-13 |      
       50 |   0.5716 |  2.163979e+06 |   +0.39% |  9.13e-13 |      
       60 |   0.5693 |  2.165414e+06 |   +0.07% |  1.49e-12 |      
       70 |   0.5727 |  2.161659e+06 |   -0.17% |  2.42e-12 |      
       80 |   0.5838 |  2.157217e+06 |   -0.21% |  3.95e-12 |      
       90 |   0.5872 |  2.152379e+06 |   -0.22% |  6.43e-12 |      
      100 |   0.5882 |  2.150724e+06 |   -0.08% |  1.05e-11 |      
      110 |   0.5871 |  2.153371e+06 |   +0.12% |  1.71e-11 |      
      120 |   0.5837 |  2.157544e+06 |   +0.19% |  2.78e-11 |      
      130 |   0.5794 |  2.161434e+06 |   +0.18% |  4.53e-11 |      
      140 |   0.5756 |  2.164626e+06 |   +0.15% |  7.37e-11 |      
      150 |   0.5728 |  2.168241e+06 |   +0.17% |  1.20e-10 |      
      160 |   0.5662 |  2.173841e+06 |   +0.26% |  1.96e-10 |      
      170 |   0.5521 |  2.182346e+06 |   +0.39% |  3.19e-10 |      
      180 |   0.5372 |  2.192501e+06 |   +0.47% |  5.19e-10 |      
      190 |   0.5190 |  2.210250e+06 |   +0.81% |  8.45e-10 |      
      200 |   0.4995 |  2.228296e+06 |   +0.82% |  1.38e-09 |      
      210 |   0.4837 |  2.254815e+06 |   +1.19% |  2.24e-09 |      
      220 |   0.4670 |  2.281632e+06 |   +1.19% |  3.65e-09 |      
      230 |   0.4460 |  2.313706e+06 |   +1.41% |  5.95e-09 |      
      240 |   0.4170 |  2.342791e+06 |   +1.26% |  9.69e-09 |      
      250 |   0.3767 |  2.369249e+06 |   +1.13% |  1.58e-08 |      
      260 |   0.3388 |  2.393554e+06 |   +1.03% |  2.52e-08 |      
      270 |   0.3055 |  2.419975e+06 |   +1.10% |  3.71e-08 |      
[INFO GPL-0040] Routability iteration: 1
[INFO GPL-0041] Total routing overflow: 0.0000
[INFO GPL-0042] Number of overflowed tiles: 0 (0.00%)
[INFO GPL-0043] Average top 0.5% routing congestion: 0.7485
[INFO GPL-0044] Average top 1.0% routing congestion: 0.7457
[INFO GPL-0045] Average top 2.0% routing congestion: 0.6956
[INFO GPL-0046] Average top 5.0% routing congestion: 0.6559
[INFO GPL-0047] Routability iteration weighted routing congestion: 0.7471
[INFO GPL-0050] Weighted routing congestion is lower than target routing congestion(1.0100), end routability optimization.
[INFO GPL-0100] Timing-driven iteration 3/5, virtual: false.
[INFO GPL-0101]    Iter: 277, overflow: 0.284, keep resizer changes at: 0.3, HPWL: 2442236
Iteration |   Area    | Resized | Buffers | Nets repaired | Remaining
---------------------------------------------------------------------
        0 |     +0.0% |       0 |       0 |             0 |       179
    final |    +19.2% |      45 |      24 |            10 |         0
---------------------------------------------------------------------
[INFO RSZ-0035] Found 10 fanout violations.
[INFO RSZ-0039] Resized 45 instances.
[INFO RSZ-0038] Inserted 24 buffers in 10 nets.
[INFO GPL-0106] Timing-driven: worst slack 1.87e-08
[INFO GPL-0107] Timing-driven: repair_design delta area: 368.323 um^2 (+19.17%)
[INFO GPL-0108] Timing-driven: repair_design, gpl cells created: 24 (+0.00%)
[INFO GPL-0109] Timing-driven: inserted buffers as reported by repair_design: 24
[INFO GPL-0110] Timing-driven: new target density: 0.71143365
Iteration | Overflow |     HPWL (um) |  HPWL(%) |   Penalty | Group
---------------------------------------------------------------
      280 |   0.2887 |  2.234450e+06 |   -7.67% |  5.47e-08 |      
      290 |   0.2888 |  2.223433e+06 |   -0.49% |  8.06e-08 |      
      300 |   0.2341 |  2.188444e+06 |   -1.57% |  1.19e-07 |      
[INFO GPL-0100] Timing-driven iteration 4/5, virtual: false.
[INFO GPL-0101]    Iter: 309, overflow: 0.199, keep resizer changes at: 0.3, HPWL: 2266346
Iteration |   Area    | Resized | Buffers | Nets repaired | Remaining
---------------------------------------------------------------------
        0 |     +0.0% |       0 |       0 |             0 |       179
    final |     -0.3% |      14 |       0 |             0 |         0
---------------------------------------------------------------------
[INFO RSZ-0039] Resized 14 instances.
[INFO GPL-0106] Timing-driven: worst slack 1.87e-08
[INFO GPL-0107] Timing-driven: repair_design delta area: -7.258 um^2 (-0.32%)
[INFO GPL-0108] Timing-driven: repair_design, gpl cells created: 0 (+0.00%)
[INFO GPL-0109] Timing-driven: inserted buffers as reported by repair_design: 0
[INFO GPL-0110] Timing-driven: new target density: 0.70949566
Iteration | Overflow |     HPWL (um) |  HPWL(%) |   Penalty | Group
---------------------------------------------------------------
      310 |   0.1918 |  2.282927e+06 |   +4.32% |  1.75e-07 |      
      320 |   0.1622 |  2.298092e+06 |   +0.66% |  2.58e-07 |      
[INFO GPL-0100] Timing-driven iteration 5/5, virtual: false.
[INFO GPL-0101]    Iter: 326, overflow: 0.142, keep resizer changes at: 0.3, HPWL: 2335820
Iteration |   Area    | Resized | Buffers | Nets repaired | Remaining
---------------------------------------------------------------------
        0 |     +0.0% |       0 |       0 |             0 |       179
    final |     +0.0% |      13 |       0 |             0 |         0
---------------------------------------------------------------------
[INFO RSZ-0039] Resized 13 instances.
[INFO GPL-0106] Timing-driven: worst slack 1.87e-08
[INFO GPL-0107] Timing-driven: repair_design delta area: 0.000 um^2 (+0.00%)
[INFO GPL-0108] Timing-driven: repair_design, gpl cells created: 0 (+0.00%)
[INFO GPL-0109] Timing-driven: inserted buffers as reported by repair_design: 0
[INFO GPL-0110] Timing-driven: new target density: 0.70949566
Iteration | Overflow |     HPWL (um) |  HPWL(%) |   Penalty | Group
---------------------------------------------------------------
      330 |   0.1267 |  2.366289e+06 |   +2.97% |  3.80e-07 |      
[INFO GPL-1001] Finished with Overflow: 0.097977
[INFO GPL-1002] Placed Cell Area             2282.5152
[INFO GPL-1003] Available Free Area          3744.9216
[INFO GPL-1004] Minimum Feasible Density        0.6095 (cell_area / free_area)
[INFO GPL-1006]   Suggested Target Densities:
[INFO GPL-1007]     - For 90% usage of free space: 0.6772
[INFO GPL-1008]     - For 80% usage of free space: 0.7619
[INFO GPL-1009]     - For 50% usage of free space: 1.2190
Setting global connections for newly added cells…
[INFO] Setting global connections...
Updating metrics…
Cell type report:                       Count       Area
  Timing Repair Buffer                     24     319.33
  Inverter                                 15      85.28
  Sequential cell                           9     444.53
  Multi-Input combinational cell          153    1433.38
  Total                                   201    2282.52
Writing OpenROAD database to '/home/designer/shared/Bioimpedance-ASIC-for-skin-cancer-detection/current_generator/digital/DigitalSine/runs/RUN_2025-12-11_20-30-25/28-openroad-globalplacement/DigitalSine.odb'…
Writing netlist to '/home/designer/shared/Bioimpedance-ASIC-for-skin-cancer-detection/current_generator/digital/DigitalSine/runs/RUN_2025-12-11_20-30-25/28-openroad-globalplacement/DigitalSine.nl.v'…
Writing powered netlist to '/home/designer/shared/Bioimpedance-ASIC-for-skin-cancer-detection/current_generator/digital/DigitalSine/runs/RUN_2025-12-11_20-30-25/28-openroad-globalplacement/DigitalSine.pnl.v'…
Writing layout to '/home/designer/shared/Bioimpedance-ASIC-for-skin-cancer-detection/current_generator/digital/DigitalSine/runs/RUN_2025-12-11_20-30-25/28-openroad-globalplacement/DigitalSine.def'…
Writing timing constraints to '/home/designer/shared/Bioimpedance-ASIC-for-skin-cancer-detection/current_generator/digital/DigitalSine/runs/RUN_2025-12-11_20-30-25/28-openroad-globalplacement/DigitalSine.sdc'…
