Clock: clk
Sources: clk 
Generated: no
Virtual: yes
Propagated: no
Period: 5.000000

===========================================================================
report_clock_properties
============================================================================
Clock                   Period          Waveform
----------------------------------------------------
clk                   5.000000    0.000000  2.500000

===========================================================================
report_clock_latency
============================================================================
Clock clk
rise -> rise
    min     max
0.000000 0.000000 source latency
0.032627         network latency _295_/CLK
        0.032855 network latency _299_/CLK
---------------
0.032627 0.032855 latency
        0.000228 skew

fall -> fall
    min     max
0.000000 0.000000 source latency
0.025012         network latency _295_/CLK
        0.025213 network latency _299_/CLK
---------------
0.025012 0.025213 latency
        0.000201 skew



===========================================================================
report_clock_min_period
============================================================================
clk period_min = 1.56 fmax = 639.89
