Clock: clk
Sources: clk 
Generated: no
Virtual: yes
Propagated: no
Period: 25.000000

===========================================================================
report_clock_properties
============================================================================
Clock                   Period          Waveform
----------------------------------------------------
clk                  25.000000    0.000000 12.500000

===========================================================================
report_clock_latency
============================================================================
Clock clk
rise -> rise
    min     max
0.000000 0.000000 source latency
0.030101         network latency _300_/CLK
        0.030232 network latency _297_/CLK
---------------
0.030101 0.030232 latency
        0.000131 skew

fall -> fall
    min     max
0.000000 0.000000 source latency
0.022869         network latency _300_/CLK
        0.022985 network latency _297_/CLK
---------------
0.022869 0.022985 latency
        0.000116 skew



===========================================================================
report_clock_min_period
============================================================================
clk period_min = 1.54 fmax = 648.63
