Clock: clk
Sources: clk 
Generated: no
Virtual: yes
Propagated: no
Period: 5.000000

===========================================================================
report_clock_properties
============================================================================
Clock                   Period          Waveform
----------------------------------------------------
clk                   5.000000    0.000000  2.500000

===========================================================================
report_clock_latency
============================================================================
Clock clk
rise -> rise
    min     max
0.000000 0.000000 source latency
0.119065         network latency _297_/CLK
        0.119463 network latency _295_/CLK
---------------
0.119065 0.119463 latency
        0.000398 skew

fall -> fall
    min     max
0.000000 0.000000 source latency
0.131103         network latency _298_/CLK
        0.131343 network latency _295_/CLK
---------------
0.131103 0.131343 latency
        0.000240 skew



===========================================================================
report_clock_min_period
============================================================================
clk period_min = 1.49 fmax = 670.12
