
===========================================================================
report_checks -unconstrained
===========================================================================
======================= nom_typ_1p20V_25C Corner ===================================

Startpoint: rst (input port clocked by clk)
Endpoint: _298_ (recovery check against rising-edge clock clk)
Path Group: asynchronous
Path Type: max

Fanout         Cap        Slew       Delay        Time   Description
---------------------------------------------------------------------------------------------
                                  0.000000    0.000000   clock clk (rise edge)
                                  0.000000    0.000000   clock network delay (propagated)
                                  5.000000    5.000000 v input external delay
     1    0.002869    0.017101    0.001988    5.001988 v rst (in)
                                                         rst (net)
                      0.017101    0.000000    5.001988 v input1/A (sg13g2_buf_1)
     2    0.012933    0.048320    0.081426    5.083414 v input1/X (sg13g2_buf_1)
                                                         net1 (net)
                      0.048320    0.000050    5.083464 v fanout78/A (sg13g2_buf_8)
     8    0.030332    0.027136    0.087552    5.171015 v fanout78/X (sg13g2_buf_8)
                                                         net78 (net)
                      0.027136    0.000114    5.171129 v _289_/A (sg13g2_inv_1)
     1    0.005611    0.032458    0.036438    5.207567 ^ _289_/Y (sg13g2_inv_1)
                                                         _005_ (net)
                      0.032458    0.000010    5.207577 ^ _298_/RESET_B (sg13g2_dfrbpq_1)
                                              5.207577   data arrival time

                                 25.000000   25.000000   clock clk (rise edge)
                                  0.000000   25.000000   clock source latency
     1    0.012840    0.029018    0.010568   25.010567 ^ clk (in)
                                                         clk (net)
                      0.029021    0.000000   25.010567 ^ clkbuf_0_clk/A (sg13g2_buf_8)
     2    0.020794    0.023919    0.068667   25.079233 ^ clkbuf_0_clk/X (sg13g2_buf_8)
                                                         clknet_0_clk (net)
                      0.023919    0.000069   25.079304 ^ clkbuf_1_1__f_clk/A (sg13g2_buf_8)
     5    0.017872    0.022376    0.065048   25.144352 ^ clkbuf_1_1__f_clk/X (sg13g2_buf_8)
                                                         clknet_1_1__leaf_clk (net)
                      0.022376    0.000027   25.144379 ^ _298_/CLK (sg13g2_dfrbpq_1)
                                 -0.250000   24.894379   clock uncertainty
                                  0.000000   24.894379   clock reconvergence pessimism
                                 -0.123515   24.770863   library recovery time
                                             24.770863   data required time
---------------------------------------------------------------------------------------------
                                             24.770863   data required time
                                             -5.207577   data arrival time
---------------------------------------------------------------------------------------------
                                             19.563286   slack (MET)


Startpoint: _297_ (rising edge-triggered flip-flop clocked by clk)
Endpoint: sine_out[1] (output port clocked by clk)
Path Group: clk
Path Type: max

Fanout         Cap        Slew       Delay        Time   Description
---------------------------------------------------------------------------------------------
                                  0.000000    0.000000   clock clk (rise edge)
                                  0.000000    0.000000   clock source latency
     1    0.012840    0.029018    0.010568    0.010568 ^ clk (in)
                                                         clk (net)
                      0.029021    0.000000    0.010568 ^ clkbuf_0_clk/A (sg13g2_buf_8)
     2    0.020794    0.023919    0.068667    0.079234 ^ clkbuf_0_clk/X (sg13g2_buf_8)
                                                         clknet_0_clk (net)
                      0.023919    0.000070    0.079304 ^ clkbuf_1_1__f_clk/A (sg13g2_buf_8)
     5    0.017872    0.022376    0.065048    0.144352 ^ clkbuf_1_1__f_clk/X (sg13g2_buf_8)
                                                         clknet_1_1__leaf_clk (net)
                      0.022376    0.000038    0.144390 ^ _297_/CLK (sg13g2_dfrbpq_1)
     1    0.002920    0.024030    0.163723    0.308112 ^ _297_/Q (sg13g2_dfrbpq_1)
                                                         DPATH.SUM.fa_4.A (net)
                      0.024030    0.000006    0.308118 ^ fanout68/A (sg13g2_buf_1)
     4    0.022497    0.098592    0.114873    0.422992 ^ fanout68/X (sg13g2_buf_1)
                                                         net68 (net)
                      0.098592    0.000285    0.423276 ^ fanout65/A (sg13g2_buf_8)
     8    0.036685    0.033972    0.108473    0.531749 ^ fanout65/X (sg13g2_buf_8)
                                                         net65 (net)
                      0.033972    0.000060    0.531810 ^ fanout64/A (sg13g2_buf_8)
     8    0.031609    0.028946    0.075293    0.607103 ^ fanout64/X (sg13g2_buf_8)
                                                         net64 (net)
                      0.028946    0.000082    0.607185 ^ _142_/A (sg13g2_or2_1)
     7    0.023790    0.102781    0.128397    0.735582 ^ _142_/X (sg13g2_or2_1)
                                                         _111_ (net)
                      0.102781    0.000049    0.735631 ^ _259_/B (sg13g2_or2_1)
     1    0.003470    0.027840    0.095397    0.831028 ^ _259_/X (sg13g2_or2_1)
                                                         _083_ (net)
                      0.027840    0.000002    0.831030 ^ _260_/B1 (sg13g2_o21ai_1)
     1    0.003528    0.056208    0.043955    0.874985 v _260_/Y (sg13g2_o21ai_1)
                                                         _084_ (net)
                      0.056208    0.000008    0.874994 v _261_/B1 (sg13g2_a21oi_1)
     1    0.004508    0.068129    0.078904    0.953898 ^ _261_/Y (sg13g2_a21oi_1)
                                                         _085_ (net)
                      0.068129    0.000022    0.953919 ^ _262_/B (sg13g2_nor2_1)
     1    0.003540    0.028260    0.043096    0.997015 v _262_/Y (sg13g2_nor2_1)
                                                         _086_ (net)
                      0.028260    0.000006    0.997021 v _265_/B (sg13g2_nor3_1)
     1    0.004062    0.093293    0.101688    1.098709 ^ _265_/Y (sg13g2_nor3_1)
                                                         _089_ (net)
                      0.093293    0.000012    1.098722 ^ _274_/A2 (sg13g2_a22oi_1)
     1    0.004429    0.058083    0.092871    1.191592 v _274_/Y (sg13g2_a22oi_1)
                                                         net15 (net)
                      0.058083    0.000027    1.191619 v output15/A (sg13g2_buf_1)
     1    0.010469    0.041844    0.092870    1.284489 v output15/X (sg13g2_buf_1)
                                                         sine_out[1] (net)
                      0.041844    0.000130    1.284619 v sine_out[1] (out)
                                              1.284619   data arrival time

                                 25.000000   25.000000   clock clk (rise edge)
                                  0.000000   25.000000   clock network delay (propagated)
                                 -0.250000   24.750000   clock uncertainty
                                  0.000000   24.750000   clock reconvergence pessimism
                                 -5.000000   19.750000   output external delay
                                             19.750000   data required time
---------------------------------------------------------------------------------------------
                                             19.750000   data required time
                                             -1.284619   data arrival time
---------------------------------------------------------------------------------------------
                                             18.465382   slack (MET)




===========================================================================
report_checks --slack_max -0.01
============================================================================
======================= nom_typ_1p20V_25C Corner ===================================

No paths found.


===========================================================================
 report_check_types -max_slew -max_cap -max_fanout -violators
============================================================================
======================= nom_typ_1p20V_25C Corner ===================================



===========================================================================
report_parasitic_annotation -report_unannotated
============================================================================
Found 1 unannotated drivers.
 clkload0/Y
Found 0 partially unannotated drivers.

===========================================================================
max slew violation count 0
Writing metric design__max_slew_violation__count__corner:nom_typ_1p20V_25C: 0
max fanout violation count 0
Writing metric design__max_fanout_violation__count__corner:nom_typ_1p20V_25C: 0
max cap violation count 0
Writing metric design__max_cap_violation__count__corner:nom_typ_1p20V_25C: 0
============================================================================

===========================================================================
check_setup -verbose -unconstrained_endpoints -multiple_clock -no_clock -no_input_delay -loops -generated_clocks
===========================================================================
