Clock: clk
Sources: clk 
Generated: no
Virtual: yes
Propagated: no
Period: 25.000000

===========================================================================
report_clock_properties
============================================================================
Clock                   Period          Waveform
----------------------------------------------------
clk                  25.000000    0.000000 12.500000

===========================================================================
report_clock_latency
============================================================================
Clock clk
rise -> rise
    min     max
0.000000 0.000000 source latency
0.144378         network latency _298_/CLK
        0.144991 network latency _294_/CLK
---------------
0.144378 0.144991 latency
        0.000613 skew

fall -> fall
    min     max
0.000000 0.000000 source latency
0.151529         network latency _298_/CLK
        0.151961 network latency _294_/CLK
---------------
0.151529 0.151961 latency
        0.000433 skew



===========================================================================
report_clock_min_period
============================================================================
clk period_min = 1.54 fmax = 649.60
