
===========================================================================
report_checks -unconstrained
===========================================================================
======================= nom_typ_1p20V_25C Corner ===================================

Startpoint: rst (input port clocked by clk)
Endpoint: _298_ (recovery check against rising-edge clock clk)
Path Group: asynchronous
Path Type: max

Fanout         Cap        Slew       Delay        Time   Description
---------------------------------------------------------------------------------------------
                                  0.000000    0.000000   clock clk (rise edge)
                                  0.000000    0.000000   clock network delay (propagated)
                                  1.000000    1.000000 v input external delay
     1    0.002977    0.017179    0.002063    1.002063 v rst (in)
                                                         rst (net)
                      0.017179    0.000000    1.002063 v input1/A (sg13g2_buf_1)
     2    0.013096    0.048810    0.081864    1.083927 v input1/X (sg13g2_buf_1)
                                                         net1 (net)
                      0.048810    0.000035    1.083962 v fanout80/A (sg13g2_buf_8)
     8    0.032778    0.027947    0.088639    1.172601 v fanout80/X (sg13g2_buf_8)
                                                         net80 (net)
                      0.027953    0.000169    1.172770 v _289_/A (sg13g2_inv_1)
     1    0.005904    0.032574    0.037560    1.210330 ^ _289_/Y (sg13g2_inv_1)
                                                         _005_ (net)
                      0.032574    0.000016    1.210345 ^ _298_/RESET_B (sg13g2_dfrbpq_1)
                                              1.210345   data arrival time

                                  5.000000    5.000000   clock clk (rise edge)
                                  0.000000    5.000000   clock source latency
     1    0.015488    0.031336    0.012816    5.012816 ^ clk (in)
                                                         clk (net)
                      0.031337    0.000000    5.012816 ^ clkbuf_0_clk/A (sg13g2_buf_8)
     2    0.020646    0.023961    0.069730    5.082546 ^ clkbuf_0_clk/X (sg13g2_buf_8)
                                                         clknet_0_clk (net)
                      0.023961    0.000064    5.082610 ^ clkbuf_1_1__f_clk/A (sg13g2_buf_8)
     5    0.018711    0.022753    0.065395    5.148005 ^ clkbuf_1_1__f_clk/X (sg13g2_buf_8)
                                                         clknet_1_1__leaf_clk (net)
                      0.022753    0.000033    5.148038 ^ _298_/CLK (sg13g2_dfrbpq_1)
                                 -0.250000    4.898038   clock uncertainty
                                  0.000000    4.898038   clock reconvergence pessimism
                                 -0.123497    4.774541   library recovery time
                                              4.774541   data required time
---------------------------------------------------------------------------------------------
                                              4.774541   data required time
                                             -1.210345   data arrival time
---------------------------------------------------------------------------------------------
                                              3.564195   slack (MET)


Startpoint: _294_ (rising edge-triggered flip-flop clocked by clk)
Endpoint: sine_out[1] (output port clocked by clk)
Path Group: clk
Path Type: max

Fanout         Cap        Slew       Delay        Time   Description
---------------------------------------------------------------------------------------------
                                  0.000000    0.000000   clock clk (rise edge)
                                  0.000000    0.000000   clock source latency
     1    0.015488    0.031336    0.012816    0.012816 ^ clk (in)
                                                         clk (net)
                      0.031337    0.000000    0.012816 ^ clkbuf_0_clk/A (sg13g2_buf_8)
     2    0.020646    0.023961    0.069730    0.082546 ^ clkbuf_0_clk/X (sg13g2_buf_8)
                                                         clknet_0_clk (net)
                      0.023961    0.000092    0.082638 ^ clkbuf_1_0__f_clk/A (sg13g2_buf_8)
     5    0.020693    0.023638    0.066169    0.148808 ^ clkbuf_1_0__f_clk/X (sg13g2_buf_8)
                                                         clknet_1_0__leaf_clk (net)
                      0.023638    0.000057    0.148864 ^ _294_/CLK (sg13g2_dfrbpq_1)
     2    0.011945    0.045879    0.183509    0.332374 v _294_/Q (sg13g2_dfrbpq_1)
                                                         DPATH.SUM.fa_1.A (net)
                      0.045879    0.000005    0.332379 v fanout77/A (sg13g2_buf_8)
     8    0.044544    0.031746    0.091365    0.423744 v fanout77/X (sg13g2_buf_8)
                                                         net77 (net)
                      0.031748    0.000217    0.423961 v fanout76/A (sg13g2_buf_8)
     8    0.036441    0.028604    0.081710    0.505670 v fanout76/X (sg13g2_buf_8)
                                                         net76 (net)
                      0.028606    0.000404    0.506074 v _146_/A1 (sg13g2_o21ai_1)
     4    0.016596    0.196985    0.180006    0.686080 ^ _146_/Y (sg13g2_o21ai_1)
                                                         _114_ (net)
                      0.196985    0.000009    0.686089 ^ _234_/A2 (sg13g2_a21oi_1)
     2    0.007355    0.082495    0.129526    0.815616 v _234_/Y (sg13g2_a21oi_1)
                                                         _059_ (net)
                      0.082495    0.000009    0.815625 v _267_/A1 (sg13g2_o21ai_1)
     1    0.003750    0.078299    0.109835    0.925460 ^ _267_/Y (sg13g2_o21ai_1)
                                                         _091_ (net)
                      0.078299    0.000009    0.925469 ^ _270_/A1 (sg13g2_a21oi_1)
     1    0.003279    0.050054    0.072438    0.997907 v _270_/Y (sg13g2_a21oi_1)
                                                         _094_ (net)
                      0.050054    0.000003    0.997910 v _273_/A (sg13g2_nor2_1)
     1    0.003886    0.056103    0.068753    1.066663 ^ _273_/Y (sg13g2_nor2_1)
                                                         _097_ (net)
                      0.056103    0.000009    1.066672 ^ _274_/B1 (sg13g2_a22oi_1)
     1    0.005723    0.064061    0.072495    1.139167 v _274_/Y (sg13g2_a22oi_1)
                                                         net15 (net)
                      0.064061    0.000050    1.139217 v output15/A (sg13g2_buf_1)
     1    0.008117    0.035138    0.089587    1.228804 v output15/X (sg13g2_buf_1)
                                                         sine_out[1] (net)
                      0.035138    0.000054    1.228857 v sine_out[1] (out)
                                              1.228857   data arrival time

                                  5.000000    5.000000   clock clk (rise edge)
                                  0.000000    5.000000   clock network delay (propagated)
                                 -0.250000    4.750000   clock uncertainty
                                  0.000000    4.750000   clock reconvergence pessimism
                                 -1.000000    3.750000   output external delay
                                              3.750000   data required time
---------------------------------------------------------------------------------------------
                                              3.750000   data required time
                                             -1.228857   data arrival time
---------------------------------------------------------------------------------------------
                                              2.521143   slack (MET)




===========================================================================
report_checks --slack_max -0.01
============================================================================
======================= nom_typ_1p20V_25C Corner ===================================

No paths found.


===========================================================================
 report_check_types -max_slew -max_cap -max_fanout -violators
============================================================================
======================= nom_typ_1p20V_25C Corner ===================================



===========================================================================
report_parasitic_annotation -report_unannotated
============================================================================
Found 1 unannotated drivers.
 clkload0/Y
Found 0 partially unannotated drivers.

===========================================================================
max slew violation count 0
Writing metric design__max_slew_violation__count__corner:nom_typ_1p20V_25C: 0
max fanout violation count 0
Writing metric design__max_fanout_violation__count__corner:nom_typ_1p20V_25C: 0
max cap violation count 0
Writing metric design__max_cap_violation__count__corner:nom_typ_1p20V_25C: 0
============================================================================

===========================================================================
check_setup -verbose -unconstrained_endpoints -multiple_clock -no_clock -no_input_delay -loops -generated_clocks
===========================================================================
