Clock: clk
Sources: clk 
Generated: no
Virtual: yes
Propagated: no
Period: 5.000000

===========================================================================
report_clock_properties
============================================================================
Clock                   Period          Waveform
----------------------------------------------------
clk                   5.000000    0.000000  2.500000

===========================================================================
report_clock_latency
============================================================================
Clock clk
rise -> rise
    min     max
0.000000 0.000000 source latency
0.148031         network latency _297_/CLK
        0.148877 network latency _293_/CLK
---------------
0.148031 0.148877 latency
        0.000846 skew

fall -> fall
    min     max
0.000000 0.000000 source latency
0.154524         network latency _297_/CLK
        0.155171 network latency _293_/CLK
---------------
0.154524 0.155171 latency
        0.000647 skew



===========================================================================
report_clock_min_period
============================================================================
clk period_min = 1.56 fmax = 641.70
