Clock: clk
Sources: clk 
Generated: no
Virtual: yes
Propagated: no
Period: 5.000000

===========================================================================
report_clock_properties
============================================================================
Clock                   Period          Waveform
----------------------------------------------------
clk                   5.000000    0.000000  2.500000

===========================================================================
report_clock_latency
============================================================================
Clock clk
rise -> rise
    min     max
0.000000 0.000000 source latency
0.088227         network latency _294_/CLK
        0.088741 network latency _301_/CLK
---------------
0.088227 0.088741 latency
        0.000514 skew

fall -> fall
    min     max
0.000000 0.000000 source latency
0.093429         network latency _294_/CLK
        0.093893 network latency _301_/CLK
---------------
0.093429 0.093893 latency
        0.000465 skew



===========================================================================
report_clock_min_period
============================================================================
clk period_min = 1.27 fmax = 785.06
