Clock: clk
Sources: clk 
Generated: no
Virtual: yes
Propagated: no
Period: 25.000000

===========================================================================
report_clock_properties
============================================================================
Clock                   Period          Waveform
----------------------------------------------------
clk                  25.000000    0.000000 12.500000

===========================================================================
report_clock_latency
============================================================================
Clock clk
rise -> rise
    min     max
0.000000 0.000000 source latency
0.146692         network latency _295_/CLK
        0.147591 network latency _293_/CLK
---------------
0.146692 0.147591 latency
        0.000899 skew

fall -> fall
    min     max
0.000000 0.000000 source latency
0.153873         network latency _295_/CLK
        0.154548 network latency _293_/CLK
---------------
0.153873 0.154548 latency
        0.000675 skew



===========================================================================
report_clock_min_period
============================================================================
clk period_min = 2.34 fmax = 428.00
