Clock: clk
Sources: clk 
Generated: no
Virtual: no
Propagated: no
Period: 25.000000

===========================================================================
report_clock_properties
============================================================================
Clock                   Period          Waveform
----------------------------------------------------
clk                  25.000000    0.000000 12.500000

===========================================================================
report_clock_latency
============================================================================
Clock clk
rise -> rise
    min     max
0.000000 0.000000 source latency
0.021739         network latency _293_/CLK
        0.021739 network latency _293_/CLK
---------------
0.021739 0.021739 latency
        0.000000 skew

fall -> fall
    min     max
0.000000 0.000000 source latency
0.015770         network latency _293_/CLK
        0.015770 network latency _293_/CLK
---------------
0.015770 0.015770 latency
        0.000000 skew



===========================================================================
report_clock_min_period
============================================================================
clk period_min = 1.60 fmax = 623.88
