Clock: clk
Sources: clk 
Generated: no
Virtual: yes
Propagated: no
Period: 5.000000

===========================================================================
report_clock_properties
============================================================================
Clock                   Period          Waveform
----------------------------------------------------
clk                   5.000000    0.000000  2.500000

===========================================================================
report_clock_latency
============================================================================
Clock clk
rise -> rise
    min     max
0.000000 0.000000 source latency
0.122699         network latency _294_/CLK
        0.123386 network latency _296_/CLK
---------------
0.122699 0.123386 latency
        0.000687 skew

fall -> fall
    min     max
0.000000 0.000000 source latency
0.134410         network latency _294_/CLK
        0.135177 network latency _296_/CLK
---------------
0.134410 0.135177 latency
        0.000767 skew



===========================================================================
report_clock_min_period
============================================================================
clk period_min = 1.81 fmax = 551.92
