Starting…
Running 'Verilator.Lint' at 'runs/RUN_2026-02-26_20-52-05/01-verilator-lint'…
Logging subprocess to [repr.filename]'runs/RUN_2026-02-26_20-52-05/01-verilator-lint/verilator-lint.log'[/repr.filename]…
Running 'Checker.LintTimingConstructs' at 'runs/RUN_2026-02-26_20-52-05/02-checker-linttimingconstructs'…
Check for Lint Timing Errors clear.
Running 'Checker.LintErrors' at 'runs/RUN_2026-02-26_20-52-05/03-checker-linterrors'…
Check for Lint errors clear.
Running 'Checker.LintWarnings' at 'runs/RUN_2026-02-26_20-52-05/04-checker-lintwarnings'…
2 Lint warnings found.
Running 'Yosys.JsonHeader' at 'runs/RUN_2026-02-26_20-52-05/05-yosys-jsonheader'…
Logging subprocess to [repr.filename]'runs/RUN_2026-02-26_20-52-05/05-yosys-jsonheader/yosys-jsonheader.log'[/repr.filename]…
Subprocess had a non-zero exit.
Last 10 line(s):
12.3. Executing AST frontend in derive mode using pre-parsed AST for module `\datapath'.
Generating RTLIL representation for module `\datapath'.

12.4. Analyzing design hierarchy..
Top module:  \DigitalSine
Used module:     \control
Used module:     \datapath

12.5. Executing AST frontend in derive mode using pre-parsed AST for module `\adder'.
/home/designer/shared/BASIC/current_generator/digital/DigitalSine/files_rtl/adder.v:70: ERROR: Identifier `\Cout' is implicitly declared and `default_nettype is set to none.

Full log file: 'runs/RUN_2026-02-26_20-52-05/05-yosys-jsonheader/yosys-jsonheader.log'
