
===========================================================================
report_checks -unconstrained
===========================================================================
======================= nom_slow_1p08V_125C Corner ===================================

Startpoint: rst (input port clocked by clk)
Endpoint: _297_ (recovery check against rising-edge clock clk)
Path Group: asynchronous
Path Type: max

Fanout         Cap        Slew       Delay        Time   Description
---------------------------------------------------------------------------------------------
                                  0.000000    0.000000   clock clk (rise edge)
                                  0.000000    0.000000   clock network delay (propagated)
                                  1.000000    1.000000 v input external delay
     1    0.002813    0.027322    0.003279    1.003279 v rst (in)
                                                         rst (net)
                      0.027322    0.000000    1.003279 v input1/A (sg13g2_buf_1)
     2    0.017953    0.104517    0.149922    1.153201 v input1/X (sg13g2_buf_1)
                                                         net1 (net)
                      0.104537    0.001391    1.154592 v fanout78/A (sg13g2_buf_8)
     8    0.035356    0.045815    0.156664    1.311256 v fanout78/X (sg13g2_buf_8)
                                                         net78 (net)
                      0.045954    0.002915    1.314171 v _288_/A (sg13g2_inv_1)
     1    0.006812    0.056642    0.064995    1.379166 ^ _288_/Y (sg13g2_inv_1)
                                                         _004_ (net)
                      0.056650    0.000511    1.379677 ^ _297_/RESET_B (sg13g2_dfrbpq_1)
                                              1.379677   data arrival time

                                  5.000000    5.000000   clock clk (rise edge)
                                  0.000000    5.000000   clock source latency
     1    0.013854    0.047582    0.018318    5.018318 ^ clk (in)
                                                         clk (net)
                      0.047591    0.000000    5.018318 ^ clkbuf_0_clk/A (sg13g2_buf_8)
     2    0.021148    0.037672    0.112040    5.130358 ^ clkbuf_0_clk/X (sg13g2_buf_8)
                                                         clknet_0_clk (net)
                      0.037674    0.000902    5.131259 ^ clkbuf_1_1__f_clk/A (sg13g2_buf_8)
     5    0.020277    0.036747    0.105893    5.237153 ^ clkbuf_1_1__f_clk/X (sg13g2_buf_8)
                                                         clknet_1_1__leaf_clk (net)
                      0.036747    0.000484    5.237636 ^ _297_/CLK (sg13g2_dfrbpq_1)
                                 -0.250000    4.987636   clock uncertainty
                                  0.000000    4.987636   clock reconvergence pessimism
                                 -0.214352    4.773284   library recovery time
                                              4.773284   data required time
---------------------------------------------------------------------------------------------
                                              4.773284   data required time
                                             -1.379677   data arrival time
---------------------------------------------------------------------------------------------
                                              3.393607   slack (MET)


Startpoint: _294_ (rising edge-triggered flip-flop clocked by clk)
Endpoint: sine_out[1] (output port clocked by clk)
Path Group: clk
Path Type: max

Fanout         Cap        Slew       Delay        Time   Description
---------------------------------------------------------------------------------------------
                                  0.000000    0.000000   clock clk (rise edge)
                                  0.000000    0.000000   clock source latency
     1    0.013854    0.047582    0.018318    0.018318 ^ clk (in)
                                                         clk (net)
                      0.047591    0.000000    0.018318 ^ clkbuf_0_clk/A (sg13g2_buf_8)
     2    0.021148    0.037672    0.112040    0.130358 ^ clkbuf_0_clk/X (sg13g2_buf_8)
                                                         clknet_0_clk (net)
                      0.037672    0.000398    0.130756 ^ clkbuf_1_0__f_clk/A (sg13g2_buf_8)
     5    0.020384    0.036819    0.105951    0.236706 ^ clkbuf_1_0__f_clk/X (sg13g2_buf_8)
                                                         clknet_1_0__leaf_clk (net)
                      0.036820    0.000686    0.237393 ^ _294_/CLK (sg13g2_dfrbpq_1)
     1    0.002086    0.028093    0.255414    0.492807 v _294_/Q (sg13g2_dfrbpq_1)
                                                         DPATH.SUM.fa_1.A (net)
                      0.028093    0.000077    0.492884 v hold4/A (sg13g2_dlygate4sd3_1)
     1    0.008329    0.083548    0.615370    1.108254 v hold4/X (sg13g2_dlygate4sd3_1)
                                                         net40 (net)
                      0.083548    0.000657    1.108911 v fanout75/A (sg13g2_buf_8)
     5    0.036365    0.045723    0.146104    1.255016 v fanout75/X (sg13g2_buf_8)
                                                         net75 (net)
                      0.046264    0.003872    1.258887 v fanout74/A (sg13g2_buf_8)
     5    0.027978    0.040657    0.122644    1.381531 v fanout74/X (sg13g2_buf_8)
                                                         net74 (net)
                      0.040665    0.000746    1.382278 v fanout73/A (sg13g2_buf_8)
     8    0.036954    0.045458    0.124422    1.506700 v fanout73/X (sg13g2_buf_8)
                                                         net73 (net)
                      0.045579    0.002202    1.508902 v _140_/A (sg13g2_nor2_2)
     5    0.019567    0.148594    0.155132    1.664034 ^ _140_/Y (sg13g2_nor2_2)
                                                         _109_ (net)
                      0.148604    0.001028    1.665062 ^ _225_/A2 (sg13g2_a21oi_1)
     2    0.009856    0.129349    0.185908    1.850970 v _225_/Y (sg13g2_a21oi_1)
                                                         _050_ (net)
                      0.129352    0.000882    1.851852 v _263_/B1 (sg13g2_a221oi_1)
     1    0.005279    0.208473    0.247508    2.099360 ^ _263_/Y (sg13g2_a221oi_1)
                                                         _087_ (net)
                      0.208473    0.000341    2.099701 ^ _264_/B (sg13g2_nor2_1)
     1    0.004058    0.066348    0.102026    2.201726 v _264_/Y (sg13g2_nor2_1)
                                                         _088_ (net)
                      0.066349    0.000281    2.202008 v _265_/C (sg13g2_nor3_1)
     1    0.006142    0.176245    0.173825    2.375833 ^ _265_/Y (sg13g2_nor3_1)
                                                         _089_ (net)
                      0.176245    0.000380    2.376213 ^ _274_/A2 (sg13g2_a22oi_1)
     1    0.008200    0.127320    0.194062    2.570275 v _274_/Y (sg13g2_a22oi_1)
                                                         net15 (net)
                      0.127324    0.000826    2.571101 v output15/A (sg13g2_buf_1)
     1    0.013749    0.085045    0.180302    2.751403 v output15/X (sg13g2_buf_1)
                                                         sine_out[1] (net)
                      0.085058    0.001076    2.752479 v sine_out[1] (out)
                                              2.752479   data arrival time

                                  5.000000    5.000000   clock clk (rise edge)
                                  0.000000    5.000000   clock network delay (propagated)
                                 -0.250000    4.750000   clock uncertainty
                                  0.000000    4.750000   clock reconvergence pessimism
                                 -1.000000    3.750000   output external delay
                                              3.750000   data required time
---------------------------------------------------------------------------------------------
                                              3.750000   data required time
                                             -2.752479   data arrival time
---------------------------------------------------------------------------------------------
                                              0.997521   slack (MET)




===========================================================================
report_checks --slack_max -0.01
============================================================================
======================= nom_slow_1p08V_125C Corner ===================================

No paths found.


===========================================================================
 report_check_types -max_slew -max_cap -max_fanout -violators
============================================================================
======================= nom_slow_1p08V_125C Corner ===================================



===========================================================================
report_parasitic_annotation -report_unannotated
============================================================================
Found 1 unannotated drivers.
 clkload0/Y
Found 0 partially unannotated drivers.

===========================================================================
max slew violation count 0
max fanout violation count 0
max cap violation count 0
============================================================================

===========================================================================
check_setup -verbose -unconstrained_endpoints -multiple_clock -no_clock -no_input_delay -loops -generated_clocks
===========================================================================
