Clock: clk
Sources: clk 
Generated: no
Virtual: yes
Propagated: no
Period: 5.000000

===========================================================================
report_clock_properties
============================================================================
Clock                   Period          Waveform
----------------------------------------------------
clk                   5.000000    0.000000  2.500000

===========================================================================
report_clock_latency
============================================================================
Clock clk
rise -> rise
    min     max
0.000000 0.000000 source latency
0.237191         network latency _300_/CLK
        0.237667 network latency _299_/CLK
---------------
0.237191 0.237667 latency
        0.000476 skew

fall -> fall
    min     max
0.000000 0.000000 source latency
0.243641         network latency _300_/CLK
        0.244284 network latency _299_/CLK
---------------
0.243641 0.244284 latency
        0.000643 skew



===========================================================================
report_clock_min_period
============================================================================
clk period_min = 3.69 fmax = 271.20
