
===========================================================================
report_checks -unconstrained
===========================================================================
======================= nom_typ_1p20V_25C Corner ===================================

Startpoint: rst (input port clocked by clk)
Endpoint: _297_ (recovery check against rising-edge clock clk)
Path Group: asynchronous
Path Type: max

Fanout         Cap        Slew       Delay        Time   Description
---------------------------------------------------------------------------------------------
                                  0.000000    0.000000   clock clk (rise edge)
                                  0.000000    0.000000   clock network delay (propagated)
                                  1.000000    1.000000 v input external delay
     1    0.002966    0.017166    0.002198    1.002198 v rst (in)
                                                         rst (net)
                      0.017166    0.000000    1.002198 v input1/A (sg13g2_buf_1)
     2    0.018697    0.066208    0.094706    1.096904 v input1/X (sg13g2_buf_1)
                                                         net1 (net)
                      0.066273    0.001459    1.098363 v fanout78/A (sg13g2_buf_8)
     8    0.036713    0.029810    0.097526    1.195889 v fanout78/X (sg13g2_buf_8)
                                                         net78 (net)
                      0.030226    0.003020    1.198909 v _288_/A (sg13g2_inv_1)
     1    0.007252    0.038204    0.042087    1.240996 ^ _288_/Y (sg13g2_inv_1)
                                                         _004_ (net)
                      0.038217    0.000549    1.241545 ^ _297_/RESET_B (sg13g2_dfrbpq_1)
                                              1.241545   data arrival time

                                  5.000000    5.000000   clock clk (rise edge)
                                  0.000000    5.000000   clock source latency
     1    0.014402    0.030362    0.012458    5.012459 ^ clk (in)
                                                         clk (net)
                      0.030374    0.000000    5.012459 ^ clkbuf_0_clk/A (sg13g2_buf_8)
     2    0.022245    0.024605    0.069722    5.082181 ^ clkbuf_0_clk/X (sg13g2_buf_8)
                                                         clknet_0_clk (net)
                      0.024617    0.000951    5.083132 ^ clkbuf_1_1__f_clk/A (sg13g2_buf_8)
     5    0.021176    0.023863    0.066527    5.149660 ^ clkbuf_1_1__f_clk/X (sg13g2_buf_8)
                                                         clknet_1_1__leaf_clk (net)
                      0.023864    0.000507    5.150166 ^ _297_/CLK (sg13g2_dfrbpq_1)
                                 -0.250000    4.900166   clock uncertainty
                                  0.000000    4.900166   clock reconvergence pessimism
                                 -0.125062    4.775104   library recovery time
                                              4.775104   data required time
---------------------------------------------------------------------------------------------
                                              4.775104   data required time
                                             -1.241545   data arrival time
---------------------------------------------------------------------------------------------
                                              3.533558   slack (MET)


Startpoint: _294_ (rising edge-triggered flip-flop clocked by clk)
Endpoint: sine_out[1] (output port clocked by clk)
Path Group: clk
Path Type: max

Fanout         Cap        Slew       Delay        Time   Description
---------------------------------------------------------------------------------------------
                                  0.000000    0.000000   clock clk (rise edge)
                                  0.000000    0.000000   clock source latency
     1    0.014402    0.030362    0.012459    0.012459 ^ clk (in)
                                                         clk (net)
                      0.030374    0.000000    0.012459 ^ clkbuf_0_clk/A (sg13g2_buf_8)
     2    0.022245    0.024605    0.069722    0.082181 ^ clkbuf_0_clk/X (sg13g2_buf_8)
                                                         clknet_0_clk (net)
                      0.024605    0.000423    0.082604 ^ clkbuf_1_0__f_clk/A (sg13g2_buf_8)
     5    0.021308    0.023921    0.066565    0.149169 ^ clkbuf_1_0__f_clk/X (sg13g2_buf_8)
                                                         clknet_1_0__leaf_clk (net)
                      0.023928    0.000721    0.149890 ^ _294_/CLK (sg13g2_dfrbpq_1)
     1    0.002170    0.017616    0.159703    0.309593 v _294_/Q (sg13g2_dfrbpq_1)
                                                         DPATH.SUM.fa_1.A (net)
                      0.017616    0.000081    0.309674 v hold4/A (sg13g2_dlygate4sd3_1)
     1    0.008903    0.053770    0.385580    0.695254 v hold4/X (sg13g2_dlygate4sd3_1)
                                                         net40 (net)
                      0.053770    0.000704    0.695958 v fanout75/A (sg13g2_buf_8)
     5    0.037954    0.029825    0.091360    0.787318 v fanout75/X (sg13g2_buf_8)
                                                         net75 (net)
                      0.030746    0.004018    0.791336 v fanout74/A (sg13g2_buf_8)
     5    0.029710    0.026398    0.078600    0.869936 v fanout74/X (sg13g2_buf_8)
                                                         net74 (net)
                      0.026406    0.000793    0.870729 v fanout73/A (sg13g2_buf_8)
     8    0.038721    0.029184    0.079347    0.950076 v fanout73/X (sg13g2_buf_8)
                                                         net73 (net)
                      0.029485    0.002136    0.952212 v _146_/A1 (sg13g2_o21ai_1)
     4    0.016526    0.191264    0.179212    1.131424 ^ _146_/Y (sg13g2_o21ai_1)
                                                         _114_ (net)
                      0.191272    0.001066    1.132490 ^ _234_/A2 (sg13g2_a21oi_1)
     2    0.007138    0.077792    0.127027    1.259517 v _234_/Y (sg13g2_a21oi_1)
                                                         _059_ (net)
                      0.077792    0.000219    1.259736 v _267_/A1 (sg13g2_o21ai_1)
     1    0.003713    0.076090    0.107779    1.367515 ^ _267_/Y (sg13g2_o21ai_1)
                                                         _091_ (net)
                      0.076090    0.000148    1.367663 ^ _270_/A1 (sg13g2_a21oi_1)
     1    0.005761    0.060633    0.082935    1.450597 v _270_/Y (sg13g2_a21oi_1)
                                                         _094_ (net)
                      0.060635    0.000598    1.451195 v _273_/A (sg13g2_nor2_1)
     1    0.005579    0.070212    0.082197    1.533392 ^ _273_/Y (sg13g2_nor2_1)
                                                         _097_ (net)
                      0.070212    0.000231    1.533624 ^ _274_/B1 (sg13g2_a22oi_1)
     1    0.008353    0.079831    0.089125    1.622749 v _274_/Y (sg13g2_a22oi_1)
                                                         net15 (net)
                      0.079841    0.000847    1.623595 v output15/A (sg13g2_buf_1)
     1    0.013749    0.052052    0.109852    1.733447 v output15/X (sg13g2_buf_1)
                                                         sine_out[1] (net)
                      0.052078    0.001075    1.734522 v sine_out[1] (out)
                                              1.734522   data arrival time

                                  5.000000    5.000000   clock clk (rise edge)
                                  0.000000    5.000000   clock network delay (propagated)
                                 -0.250000    4.750000   clock uncertainty
                                  0.000000    4.750000   clock reconvergence pessimism
                                 -1.000000    3.750000   output external delay
                                              3.750000   data required time
---------------------------------------------------------------------------------------------
                                              3.750000   data required time
                                             -1.734522   data arrival time
---------------------------------------------------------------------------------------------
                                              2.015478   slack (MET)




===========================================================================
report_checks --slack_max -0.01
============================================================================
======================= nom_typ_1p20V_25C Corner ===================================

No paths found.


===========================================================================
 report_check_types -max_slew -max_cap -max_fanout -violators
============================================================================
======================= nom_typ_1p20V_25C Corner ===================================



===========================================================================
report_parasitic_annotation -report_unannotated
============================================================================
Found 1 unannotated drivers.
 clkload0/Y
Found 0 partially unannotated drivers.

===========================================================================
max slew violation count 0
max fanout violation count 0
max cap violation count 0
============================================================================

===========================================================================
check_setup -verbose -unconstrained_endpoints -multiple_clock -no_clock -no_input_delay -loops -generated_clocks
===========================================================================
