 time 1ns
 capacitance 1pF
 resistance 1kohm
 voltage 1v
 current 1uA
 power 1pW
 distance 1um
== Resizer RC Values (After Set RC) ==
=== Corner nom_typ_1p20V_25C ===
==== Estimation RC Values ====
Name                Direction           Res/Unit Distance   Cap/Unit Distance   
Signal              Avg                 3.466758e-04        9.442393e-05        
Clock               Avg                 3.466758e-04        9.442393e-05        
==== Rt. Layer RC Values ====
Name                Direction           Res/Unit Distance   Cap/Unit Distance   
Metal1              HORIZONTAL          0.000000e+00        0.000000e+00        
Metal2              VERTICAL            0.000000e+00        0.000000e+00        
Metal3              HORIZONTAL          0.000000e+00        0.000000e+00        
Metal4              VERTICAL            0.000000e+00        0.000000e+00        
Metal5              HORIZONTAL          0.000000e+00        0.000000e+00        
TopMetal1           VERTICAL            0.000000e+00        0.000000e+00        
TopMetal2           HORIZONTAL          0.000000e+00        0.000000e+00        
==== Via R Values ====
Name                Res/Unit Distance   
Cont                0.000000e+00        
Via1                0.000000e+00        
Via2                0.000000e+00        
Via3                0.000000e+00        
Via4                0.000000e+00        
TopVia1             0.000000e+00        
TopVia2             0.000000e+00        
