Clock: clk
Sources: clk 
Generated: no
Virtual: yes
Propagated: no
Period: 5.000000

===========================================================================
report_clock_properties
============================================================================
Clock                   Period          Waveform
----------------------------------------------------
clk                   5.000000    0.000000  2.500000

===========================================================================
report_clock_latency
============================================================================
Clock clk
rise -> rise
    min     max
0.000000 0.000000 source latency
0.118911         network latency _297_/CLK
        0.119565 network latency _300_/CLK
---------------
0.118911 0.119565 latency
        0.000654 skew

fall -> fall
    min     max
0.000000 0.000000 source latency
0.130976         network latency _297_/CLK
        0.131448 network latency _300_/CLK
---------------
0.130976 0.131448 latency
        0.000472 skew



===========================================================================
report_clock_min_period
============================================================================
clk period_min = 1.47 fmax = 682.50
