Reading technology LEF file at '/opt/pdks/ciel/ihp-sg13g2/versions/cb7daaa8901016cf7c5d272dfa322c41f024931f/ihp-sg13g2/libs.ref/sg13g2_stdcell/lef/sg13g2_tech.lef'…
[INFO ODB-0227] LEF file: /opt/pdks/ciel/ihp-sg13g2/versions/cb7daaa8901016cf7c5d272dfa322c41f024931f/ihp-sg13g2/libs.ref/sg13g2_stdcell/lef/sg13g2_tech.lef, created 19 layers, 70 vias
Reading cell LEF file at '/opt/pdks/ciel/ihp-sg13g2/versions/cb7daaa8901016cf7c5d272dfa322c41f024931f/ihp-sg13g2/libs.ref/sg13g2_stdcell/lef/sg13g2_stdcell.lef'…
[INFO ODB-0227] LEF file: /opt/pdks/ciel/ihp-sg13g2/versions/cb7daaa8901016cf7c5d272dfa322c41f024931f/ihp-sg13g2/libs.ref/sg13g2_stdcell/lef/sg13g2_stdcell.lef, created 84 library cells
[INFO ODB-0127] Reading DEF file: /home/designer/shared/BASIC/current_generator/digital/DigitalSine/runs/RUN_2026-03-06_21-23-06/53-odb-cellfrequencytables/DigitalSine.def
[INFO ODB-0128] Design: DigitalSine
[INFO ODB-0130]     Created 24 pins.
[INFO ODB-0131]     Created 318 components and 1303 component-terminals.
[INFO ODB-0132]     Created 2 special nets and 636 connections.
[INFO ODB-0133]     Created 215 nets and 666 connections.
[INFO ODB-0134] Finished DEF file: /home/designer/shared/BASIC/current_generator/digital/DigitalSine/runs/RUN_2026-03-06_21-23-06/53-odb-cellfrequencytables/DigitalSine.def
Using RCX ruleset '/opt/pdks/ciel/ihp-sg13g2/versions/cb7daaa8901016cf7c5d272dfa322c41f024931f/ihp-sg13g2/libs.tech/librelane/IHP_rcx_patterns.rules'…
[INFO RCX-0431] Defined process_corner CURRENT_CORNER with ext_model_index 0
[INFO RCX-0029] Defined extraction corner CURRENT_CORNER
+ extract_parasitics  -ext_model_file /opt/pdks/ciel/ihp-sg13g2/versions/cb7daaa8901016cf7c5d272dfa322c41f024931f/ihp-sg13g2/libs.tech/librelane/IHP_rcx_patterns.rules -lef_res
[INFO RCX-0435] Reading extraction model file /opt/pdks/ciel/ihp-sg13g2/versions/cb7daaa8901016cf7c5d272dfa322c41f024931f/ihp-sg13g2/libs.tech/librelane/IHP_rcx_patterns.rules ...
[INFO RCX-0436] RC segment generation DigitalSine (max_merge_res 50.0) ...
[INFO RCX-0040] Final 967 rc segments
[INFO RCX-0439] Coupling Cap extraction DigitalSine ...
[INFO RCX-0440] Coupling threshhold is 0.1000 fF, coupling capacitance less than 0.1000 fF will be grounded.
[INFO RCX-0442] 46% of 1512 wires extracted
[INFO RCX-0442] 100% of 1512 wires extracted
[INFO RCX-0045] Extract 215 nets, 1182 rsegs, 1182 caps, 1752 ccs
Setting global connections for newly added cells…
[INFO] Setting global connections...
Updating metrics…
Cell type report:                       Count       Area
  Fill cell                               104     591.49
  Standard cell                           214    2647.21
  Total                                   318    3238.70
Writing extracted parasitics to '/home/designer/shared/BASIC/current_generator/digital/DigitalSine/runs/RUN_2026-03-06_21-23-06/54-openroad-rcx/nom/DigitalSine.nom.spef'…
[INFO RCX-0443] 215 nets finished
