Clock: clk
Sources: clk 
Generated: no
Virtual: yes
Propagated: no
Period: 5.000000

===========================================================================
report_clock_properties
============================================================================
Clock                   Period          Waveform
----------------------------------------------------
clk                   5.000000    0.000000  2.500000

===========================================================================
report_clock_latency
============================================================================
Clock clk
rise -> rise
    min     max
0.000000 0.000000 source latency
0.125835         network latency _294_/CLK
        0.127050 network latency _296_/CLK
---------------
0.125835 0.127050 latency
        0.001216 skew

fall -> fall
    min     max
0.000000 0.000000 source latency
0.137161         network latency _294_/CLK
        0.138386 network latency _296_/CLK
---------------
0.137161 0.138386 latency
        0.001225 skew



===========================================================================
report_clock_min_period
============================================================================
clk period_min = 1.88 fmax = 530.78
