Clock: clk
Sources: clk 
Generated: no
Virtual: yes
Propagated: no
Period: 5.000000

===========================================================================
report_clock_properties
============================================================================
Clock                   Period          Waveform
----------------------------------------------------
clk                   5.000000    0.000000  2.500000

===========================================================================
report_clock_latency
============================================================================
Clock clk
rise -> rise
    min     max
0.000000 0.000000 source latency
0.192418         network latency _299_/CLK
        0.194764 network latency _300_/CLK
---------------
0.192418 0.194764 latency
        0.002346 skew

fall -> fall
    min     max
0.000000 0.000000 source latency
0.208205         network latency _299_/CLK
        0.210218 network latency _300_/CLK
---------------
0.208205 0.210218 latency
        0.002013 skew



===========================================================================
report_clock_min_period
============================================================================
clk period_min = 2.79 fmax = 357.89
