131. Printing statistics.

=== DigitalSine ===

   Number of wires:                150
   Number of wire bits:            167
   Number of public wires:          22
   Number of public wire bits:      39
   Number of ports:                  5
   Number of port bits:             22
   Number of memories:               0
   Number of memory bits:            0
   Number of processes:              0
   Number of cells:                165
     sg13g2_a21o_1                   2
     sg13g2_a21oi_1                 22
     sg13g2_a221oi_1                 3
     sg13g2_a22oi_1                  5
     sg13g2_and2_1                   7
     sg13g2_and3_1                   2
     sg13g2_dfrbpq_1                 9
     sg13g2_inv_1                   16
     sg13g2_mux2_1                   1
     sg13g2_nand2_1                 17
     sg13g2_nand2b_1                 6
     sg13g2_nand3_1                  3
     sg13g2_nand3b_1                 2
     sg13g2_nand4_1                  1
     sg13g2_nor2_1                  15
     sg13g2_nor2b_1                  5
     sg13g2_nor3_1                   9
     sg13g2_nor4_1                   1
     sg13g2_o21ai_1                 17
     sg13g2_or2_1                    2
     sg13g2_xnor2_1                 11
     sg13g2_xor2_1                   9

   Chip area for module '\DigitalSine': 1908.559800
     of which used for sequential elements: 440.899200 (23.10%)

