Clock: clk
Sources: clk 
Generated: no
Virtual: yes
Propagated: no
Period: 5.000000

===========================================================================
report_clock_properties
============================================================================
Clock                   Period          Waveform
----------------------------------------------------
clk                   5.000000    0.000000  2.500000

===========================================================================
report_clock_latency
============================================================================
Clock clk
rise -> rise
    min     max
0.000000 0.000000 source latency
0.190565         network latency _298_/CLK
        0.191300 network latency _296_/CLK
---------------
0.190565 0.191300 latency
        0.000735 skew

fall -> fall
    min     max
0.000000 0.000000 source latency
0.206458         network latency _294_/CLK
        0.207206 network latency _296_/CLK
---------------
0.206458 0.207206 latency
        0.000749 skew



===========================================================================
report_clock_min_period
============================================================================
clk period_min = 2.78 fmax = 359.47
