Reading timing models for corner nom_fast_1p32V_m40C…
Reading timing library for the 'nom_fast_1p32V_m40C' corner at '/opt/pdks/ciel/ihp-sg13g2/versions/cb7daaa8901016cf7c5d272dfa322c41f024931f/ihp-sg13g2/libs.ref/sg13g2_stdcell/lib/sg13g2_stdcell_fast_1p32V_m40C.lib'…
Reading timing models for corner nom_slow_1p08V_125C…
Reading timing library for the 'nom_slow_1p08V_125C' corner at '/opt/pdks/ciel/ihp-sg13g2/versions/cb7daaa8901016cf7c5d272dfa322c41f024931f/ihp-sg13g2/libs.ref/sg13g2_stdcell/lib/sg13g2_stdcell_slow_1p08V_125C.lib'…
Reading timing models for corner nom_typ_1p20V_25C…
Reading timing library for the 'nom_typ_1p20V_25C' corner at '/opt/pdks/ciel/ihp-sg13g2/versions/cb7daaa8901016cf7c5d272dfa322c41f024931f/ihp-sg13g2/libs.ref/sg13g2_stdcell/lib/sg13g2_stdcell_typ_1p20V_25C.lib'…
Reading OpenROAD database at '/home/designer/shared/Bioimpedance-ASIC-for-skin-cancer-detection/current_generator/digital/DigitalSine/runs/RUN_2025-12-11_20-30-25/28-openroad-globalplacement/DigitalSine.odb'…
Reading design constraints file at '/nix/store/sfc122jplczjy5i6pd5radwb3k94mh33-python3.12-librelane-3.0.0.dev45/lib/python3.12/site-packages/librelane/scripts/base.sdc'…
[INFO] Using clock clk…
[INFO] Setting output delay to: 5
[INFO] Setting input delay to: 5
[INFO] Setting load to: 0.006
[INFO] Setting clock uncertainty to: 0.25
[INFO] Setting clock transition to: 0.15
[INFO] Setting timing derate to: 5%
[INFO RSZ-0027] Inserted 1 input buffers.
[INFO RSZ-0028] Inserted 35 output buffers.
+ repair_design -verbose -max_wire_length 0 -slew_margin 20 -cap_margin 20
[INFO RSZ-0058] Using max wire length 5028um.
Iteration |   Area    | Resized | Buffers | Nets repaired | Remaining
---------------------------------------------------------------------
        0 |     +0.0% |       0 |       0 |             0 |       239
       10 |     +0.0% |       0 |       0 |             0 |       229
       20 |     +0.0% |       0 |       0 |             0 |       219
       30 |     +0.0% |       0 |       0 |             0 |       209
       40 |     +0.0% |       0 |       0 |             0 |       199
       50 |     +0.0% |       0 |       0 |             0 |       189
       60 |     +0.0% |       0 |       0 |             0 |       179
       70 |     +0.0% |       0 |       0 |             0 |       169
       80 |     +0.0% |       0 |       0 |             0 |       159
       90 |     +0.0% |       0 |       0 |             0 |       149
      100 |     -0.1% |       1 |       0 |             0 |       139
      110 |     -0.1% |       1 |       0 |             0 |       129
      120 |     -0.3% |       3 |       0 |             0 |       119
      130 |     -0.3% |       3 |       0 |             0 |       109
      140 |     -0.3% |       3 |       0 |             0 |        99
      150 |     -0.0% |       5 |       0 |             0 |        89
      160 |     -0.1% |       6 |       0 |             0 |        79
      170 |     -0.1% |       8 |       0 |             0 |        69
      180 |     +1.6% |      13 |       0 |             0 |        59
      190 |     +1.2% |      15 |       0 |             0 |        49
      200 |     +1.2% |      16 |       0 |             0 |        39
      210 |     +4.0% |      24 |       0 |             0 |        29
      220 |     +5.3% |      30 |       0 |             0 |        19
      230 |     +5.7% |      32 |       0 |             0 |         9
    final |     +5.8% |      35 |       0 |             0 |         0
---------------------------------------------------------------------
[INFO RSZ-0039] Resized 35 instances.
+ detailed_placement -max_displacement  500 100 
Placement Analysis
---------------------------------
total displacement        917.4 u
average displacement        3.9 u
max displacement           17.2 u
original HPWL            3607.4 u
legalized HPWL           4254.0 u
delta HPWL                   18 %

[INFO DPL-0020] Mirrored 107 instances
[INFO DPL-0021] HPWL before            4254.0 u
[INFO DPL-0022] HPWL after             4135.9 u
[INFO DPL-0023] HPWL delta               -2.8 %
Setting global connections for newly added cells…
[INFO] Setting global connections...
Updating metrics…
Cell type report:                       Count       Area
  Timing Repair Buffer                     60     734.83
  Inverter                                 15      87.09
  Sequential cell                           9     448.16
  Multi-Input combinational cell          153    1422.49
  Total                                   237    2692.57
Writing OpenROAD database to '/home/designer/shared/Bioimpedance-ASIC-for-skin-cancer-detection/current_generator/digital/DigitalSine/runs/RUN_2025-12-11_20-30-25/32-openroad-repairdesignpostgpl/DigitalSine.odb'…
Writing netlist to '/home/designer/shared/Bioimpedance-ASIC-for-skin-cancer-detection/current_generator/digital/DigitalSine/runs/RUN_2025-12-11_20-30-25/32-openroad-repairdesignpostgpl/DigitalSine.nl.v'…
Writing powered netlist to '/home/designer/shared/Bioimpedance-ASIC-for-skin-cancer-detection/current_generator/digital/DigitalSine/runs/RUN_2025-12-11_20-30-25/32-openroad-repairdesignpostgpl/DigitalSine.pnl.v'…
Writing layout to '/home/designer/shared/Bioimpedance-ASIC-for-skin-cancer-detection/current_generator/digital/DigitalSine/runs/RUN_2025-12-11_20-30-25/32-openroad-repairdesignpostgpl/DigitalSine.def'…
Writing timing constraints to '/home/designer/shared/Bioimpedance-ASIC-for-skin-cancer-detection/current_generator/digital/DigitalSine/runs/RUN_2025-12-11_20-30-25/32-openroad-repairdesignpostgpl/DigitalSine.sdc'…
