Clock: clockone
Sources: clk 
Generated: no
Virtual: yes
Propagated: no
Period: 5.000000

===========================================================================
report_clock_properties
============================================================================
Clock                   Period          Waveform
----------------------------------------------------
clockone              5.000000    0.000000  1.000000

===========================================================================
report_clock_latency
============================================================================
Clock clockone
rise -> rise
    min     max
0.000000 0.000000 source latency
0.122788         network latency _295_/CLK
        0.125437 network latency _294_/CLK
---------------
0.122788 0.125437 latency
        0.002649 skew

fall -> fall
    min     max
0.000000 0.000000 source latency
0.134577         network latency _295_/CLK
        0.136857 network latency _294_/CLK
---------------
0.134577 0.136857 latency
        0.002280 skew



===========================================================================
report_clock_min_period
============================================================================
clockone period_min = 2.02 fmax = 495.81
