
===========================================================================
report_checks -path_delay max (Setup)
============================================================================
======================= nom_typ_1p20V_25C Corner ===================================

Startpoint: _295_ (rising edge-triggered flip-flop clocked by clockone)
Endpoint: _300_ (rising edge-triggered flip-flop clocked by clockone)
Path Group: clockone
Path Type: max

Fanout         Cap        Slew       Delay        Time   Description
---------------------------------------------------------------------------------------------
                                  0.000000    0.000000   clock clockone (rise edge)
                                  0.000000    0.000000   clock source latency
     1    0.017385    0.000000    0.000000    0.000000 ^ clk (in)
                                                         clk (net)
                      0.001961    0.000980    0.000980 ^ clkbuf_0_clk/A (sg13g2_buf_8)
     2    0.022174    0.023263    0.055874    0.056854 ^ clkbuf_0_clk/X (sg13g2_buf_8)
                                                         clknet_0_clk (net)
                      0.023273    0.000834    0.057689 ^ clkbuf_1_1__f_clk/A (sg13g2_buf_8)
     5    0.018804    0.022749    0.064958    0.122647 ^ clkbuf_1_1__f_clk/X (sg13g2_buf_8)
                                                         clknet_1_1__leaf_clk (net)
                      0.022749    0.000141    0.122788 ^ _295_/CLK (sg13g2_dfrbpq_1)
     1    0.002589    0.018717    0.160153    0.282941 v _295_/Q (sg13g2_dfrbpq_1)
                                                         DPATH.SUM.fa_2.A (net)
                      0.018717    0.000096    0.283038 v hold5/A (sg13g2_dlygate4sd3_1)
     1    0.009211    0.054732    0.387417    0.670454 v hold5/X (sg13g2_dlygate4sd3_1)
                                                         net42 (net)
                      0.054732    0.000388    0.670843 v fanout70/A (sg13g2_buf_8)
     8    0.055648    0.036383    0.096985    0.767827 v fanout70/X (sg13g2_buf_8)
                                                         net70 (net)
                      0.036557    0.001682    0.769509 v fanout69/A (sg13g2_buf_8)
     8    0.045124    0.031874    0.085407    0.854916 v fanout69/X (sg13g2_buf_8)
                                                         net69 (net)
                      0.032373    0.002701    0.857617 v _140_/B (sg13g2_nor2_2)
     5    0.032573    0.147608    0.130303    0.987920 ^ _140_/Y (sg13g2_nor2_2)
                                                         _109_ (net)
                      0.147761    0.003891    0.991811 ^ _144_/A (sg13g2_nand2_1)
     2    0.007542    0.073728    0.098567    1.090377 v _144_/Y (sg13g2_nand2_1)
                                                         _113_ (net)
                      0.073728    0.000227    1.090604 v _212_/B (sg13g2_nor2_1)
     2    0.009439    0.100071    0.104442    1.195046 ^ _212_/Y (sg13g2_nor2_1)
                                                         net26 (net)
                      0.100081    0.000813    1.195859 ^ _213_/C (sg13g2_nand3_1)
     2    0.010493    0.109606    0.143270    1.339130 v _213_/Y (sg13g2_nand3_1)
                                                         _040_ (net)
                      0.109607    0.000593    1.339723 v _214_/B (sg13g2_xnor2_1)
     1    0.002352    0.037055    0.113082    1.452805 v _214_/Y (sg13g2_xnor2_1)
                                                         CTRL.P1 (net)
                      0.037055    0.000176    1.452981 v hold2/A (sg13g2_dlygate4sd3_1)
     1    0.002002    0.034220    0.372615    1.825596 v hold2/X (sg13g2_dlygate4sd3_1)
                                                         net39 (net)
                      0.034221    0.000143    1.825738 v _300_/D (sg13g2_dfrbpq_1)
                                              1.825738   data arrival time

                                  5.000000    5.000000   clock clockone (rise edge)
                                  0.000000    5.000000   clock source latency
     1    0.017385    0.000000    0.000000    5.000000 ^ clk (in)
                                                         clk (net)
                      0.001961    0.000981    5.000981 ^ clkbuf_0_clk/A (sg13g2_buf_8)
     2    0.022174    0.023263    0.055874    5.056855 ^ clkbuf_0_clk/X (sg13g2_buf_8)
                                                         clknet_0_clk (net)
                      0.023267    0.000500    5.057354 ^ clkbuf_1_0__f_clk/A (sg13g2_buf_8)
     5    0.023795    0.024959    0.066703    5.124057 ^ clkbuf_1_0__f_clk/X (sg13g2_buf_8)
                                                         clknet_1_0__leaf_clk (net)
                      0.024980    0.001269    5.125327 ^ _300_/CLK (sg13g2_dfrbpq_1)
                                 -0.200000    4.925326   clock uncertainty
                                  0.000000    4.925326   clock reconvergence pessimism
                                 -0.116476    4.808850   library setup time
                                              4.808850   data required time
---------------------------------------------------------------------------------------------
                                              4.808850   data required time
                                             -1.825738   data arrival time
---------------------------------------------------------------------------------------------
                                              2.983112   slack (MET)


Startpoint: _301_ (rising edge-triggered flip-flop clocked by clockone)
Endpoint: _299_ (rising edge-triggered flip-flop clocked by clockone)
Path Group: clockone
Path Type: max

Fanout         Cap        Slew       Delay        Time   Description
---------------------------------------------------------------------------------------------
                                  0.000000    0.000000   clock clockone (rise edge)
                                  0.000000    0.000000   clock source latency
     1    0.017385    0.000000    0.000000    0.000000 ^ clk (in)
                                                         clk (net)
                      0.001961    0.000980    0.000980 ^ clkbuf_0_clk/A (sg13g2_buf_8)
     2    0.022174    0.023263    0.055874    0.056854 ^ clkbuf_0_clk/X (sg13g2_buf_8)
                                                         clknet_0_clk (net)
                      0.023267    0.000500    0.057355 ^ clkbuf_1_0__f_clk/A (sg13g2_buf_8)
     5    0.023795    0.024959    0.066702    0.124057 ^ clkbuf_1_0__f_clk/X (sg13g2_buf_8)
                                                         clknet_1_0__leaf_clk (net)
                      0.024981    0.001298    0.125355 ^ _301_/CLK (sg13g2_dfrbpq_1)
     1    0.001914    0.016938    0.159585    0.284940 v _301_/Q (sg13g2_dfrbpq_1)
                                                         CTRL.S0 (net)
                      0.016938    0.000072    0.285012 v hold3/A (sg13g2_dlygate4sd3_1)
     1    0.008771    0.053335    0.384916    0.669927 v hold3/X (sg13g2_dlygate4sd3_1)
                                                         net40 (net)
                      0.053335    0.000359    0.670286 v fanout53/A (sg13g2_buf_8)
     6    0.031421    0.027687    0.090102    0.760388 v fanout53/X (sg13g2_buf_8)
                                                         net53 (net)
                      0.027706    0.001193    0.761582 v fanout52/A (sg13g2_buf_8)
     8    0.040092    0.029699    0.080788    0.842370 v fanout52/X (sg13g2_buf_8)
                                                         net52 (net)
                      0.029786    0.001222    0.843592 v _191_/B (sg13g2_xnor2_1)
     2    0.011950    0.086975    0.120941    0.964533 v _191_/Y (sg13g2_xnor2_1)
                                                         _025_ (net)
                      0.086983    0.000680    0.965213 v _193_/A2 (sg13g2_o21ai_1)
     2    0.012626    0.158818    0.168556    1.133768 ^ _193_/Y (sg13g2_o21ai_1)
                                                         _026_ (net)
                      0.158828    0.001003    1.134771 ^ _197_/A1 (sg13g2_a21oi_1)
     2    0.011977    0.106261    0.142997    1.277768 v _197_/Y (sg13g2_a21oi_1)
                                                         _029_ (net)
                      0.106263    0.000705    1.278473 v _203_/A1 (sg13g2_o21ai_1)
     2    0.011406    0.147436    0.172431    1.450904 ^ _203_/Y (sg13g2_o21ai_1)
                                                         _034_ (net)
                      0.147445    0.000923    1.451827 ^ _207_/A2 (sg13g2_a21oi_1)
     2    0.010148    0.089998    0.130263    1.582089 v _207_/Y (sg13g2_a21oi_1)
                                                         _037_ (net)
                      0.090002    0.000706    1.582796 v _209_/A2 (sg13g2_o21ai_1)
     1    0.006239    0.102793    0.123571    1.706366 ^ _209_/Y (sg13g2_o21ai_1)
                                                         _038_ (net)
                      0.102793    0.000253    1.706620 ^ _211_/A (sg13g2_xnor2_1)
     1    0.001672    0.053997    0.107669    1.814288 ^ _211_/Y (sg13g2_xnor2_1)
                                                         DPATH.SUM.fa_6.S (net)
                      0.053997    0.000066    1.814354 ^ _299_/D (sg13g2_dfrbpq_1)
                                              1.814354   data arrival time

                                  5.000000    5.000000   clock clockone (rise edge)
                                  0.000000    5.000000   clock source latency
     1    0.017385    0.000000    0.000000    5.000000 ^ clk (in)
                                                         clk (net)
                      0.001961    0.000981    5.000981 ^ clkbuf_0_clk/A (sg13g2_buf_8)
     2    0.022174    0.023263    0.055874    5.056855 ^ clkbuf_0_clk/X (sg13g2_buf_8)
                                                         clknet_0_clk (net)
                      0.023273    0.000834    5.057689 ^ clkbuf_1_1__f_clk/A (sg13g2_buf_8)
     5    0.018804    0.022749    0.064958    5.122647 ^ clkbuf_1_1__f_clk/X (sg13g2_buf_8)
                                                         clknet_1_1__leaf_clk (net)
                      0.022754    0.000826    5.123473 ^ _299_/CLK (sg13g2_dfrbpq_1)
                                 -0.200000    4.923472   clock uncertainty
                                  0.000000    4.923472   clock reconvergence pessimism
                                 -0.123373    4.800099   library setup time
                                              4.800099   data required time
---------------------------------------------------------------------------------------------
                                              4.800099   data required time
                                             -1.814354   data arrival time
---------------------------------------------------------------------------------------------
                                              2.985745   slack (MET)


Startpoint: _301_ (rising edge-triggered flip-flop clocked by clockone)
Endpoint: _298_ (rising edge-triggered flip-flop clocked by clockone)
Path Group: clockone
Path Type: max

Fanout         Cap        Slew       Delay        Time   Description
---------------------------------------------------------------------------------------------
                                  0.000000    0.000000   clock clockone (rise edge)
                                  0.000000    0.000000   clock source latency
     1    0.017385    0.000000    0.000000    0.000000 ^ clk (in)
                                                         clk (net)
                      0.001961    0.000980    0.000980 ^ clkbuf_0_clk/A (sg13g2_buf_8)
     2    0.022174    0.023263    0.055874    0.056854 ^ clkbuf_0_clk/X (sg13g2_buf_8)
                                                         clknet_0_clk (net)
                      0.023267    0.000500    0.057355 ^ clkbuf_1_0__f_clk/A (sg13g2_buf_8)
     5    0.023795    0.024959    0.066702    0.124057 ^ clkbuf_1_0__f_clk/X (sg13g2_buf_8)
                                                         clknet_1_0__leaf_clk (net)
                      0.024981    0.001298    0.125355 ^ _301_/CLK (sg13g2_dfrbpq_1)
     1    0.001914    0.016938    0.159585    0.284940 v _301_/Q (sg13g2_dfrbpq_1)
                                                         CTRL.S0 (net)
                      0.016938    0.000072    0.285012 v hold3/A (sg13g2_dlygate4sd3_1)
     1    0.008771    0.053335    0.384916    0.669927 v hold3/X (sg13g2_dlygate4sd3_1)
                                                         net40 (net)
                      0.053335    0.000359    0.670286 v fanout53/A (sg13g2_buf_8)
     6    0.031421    0.027687    0.090102    0.760388 v fanout53/X (sg13g2_buf_8)
                                                         net53 (net)
                      0.027706    0.001193    0.761582 v fanout52/A (sg13g2_buf_8)
     8    0.040092    0.029699    0.080788    0.842370 v fanout52/X (sg13g2_buf_8)
                                                         net52 (net)
                      0.029786    0.001222    0.843592 v _191_/B (sg13g2_xnor2_1)
     2    0.011950    0.086975    0.120941    0.964533 v _191_/Y (sg13g2_xnor2_1)
                                                         _025_ (net)
                      0.086983    0.000680    0.965213 v _193_/A2 (sg13g2_o21ai_1)
     2    0.012626    0.158818    0.168556    1.133768 ^ _193_/Y (sg13g2_o21ai_1)
                                                         _026_ (net)
                      0.158828    0.001003    1.134771 ^ _197_/A1 (sg13g2_a21oi_1)
     2    0.011977    0.106261    0.142997    1.277768 v _197_/Y (sg13g2_a21oi_1)
                                                         _029_ (net)
                      0.106263    0.000705    1.278473 v _203_/A1 (sg13g2_o21ai_1)
     2    0.011406    0.147436    0.172431    1.450904 ^ _203_/Y (sg13g2_o21ai_1)
                                                         _034_ (net)
                      0.147445    0.000923    1.451827 ^ _207_/A2 (sg13g2_a21oi_1)
     2    0.010148    0.089998    0.130263    1.582089 v _207_/Y (sg13g2_a21oi_1)
                                                         _037_ (net)
                      0.090002    0.000713    1.582803 v _208_/B (sg13g2_xor2_1)
     1    0.002396    0.052199    0.113394    1.696197 v _208_/X (sg13g2_xor2_1)
                                                         DPATH.SUM.fa_5.S (net)
                      0.052199    0.000148    1.696345 v _298_/D (sg13g2_dfrbpq_2)
                                              1.696345   data arrival time

                                  5.000000    5.000000   clock clockone (rise edge)
                                  0.000000    5.000000   clock source latency
     1    0.017385    0.000000    0.000000    5.000000 ^ clk (in)
                                                         clk (net)
                      0.001961    0.000981    5.000981 ^ clkbuf_0_clk/A (sg13g2_buf_8)
     2    0.022174    0.023263    0.055874    5.056855 ^ clkbuf_0_clk/X (sg13g2_buf_8)
                                                         clknet_0_clk (net)
                      0.023273    0.000834    5.057689 ^ clkbuf_1_1__f_clk/A (sg13g2_buf_8)
     5    0.018804    0.022749    0.064958    5.122647 ^ clkbuf_1_1__f_clk/X (sg13g2_buf_8)
                                                         clknet_1_1__leaf_clk (net)
                      0.022752    0.000713    5.123360 ^ _298_/CLK (sg13g2_dfrbpq_2)
                                 -0.200000    4.923360   clock uncertainty
                                  0.000000    4.923360   clock reconvergence pessimism
                                 -0.123522    4.799838   library setup time
                                              4.799838   data required time
---------------------------------------------------------------------------------------------
                                              4.799838   data required time
                                             -1.696345   data arrival time
---------------------------------------------------------------------------------------------
                                              3.103493   slack (MET)


Startpoint: _301_ (rising edge-triggered flip-flop clocked by clockone)
Endpoint: _297_ (rising edge-triggered flip-flop clocked by clockone)
Path Group: clockone
Path Type: max

Fanout         Cap        Slew       Delay        Time   Description
---------------------------------------------------------------------------------------------
                                  0.000000    0.000000   clock clockone (rise edge)
                                  0.000000    0.000000   clock source latency
     1    0.017385    0.000000    0.000000    0.000000 ^ clk (in)
                                                         clk (net)
                      0.001961    0.000980    0.000980 ^ clkbuf_0_clk/A (sg13g2_buf_8)
     2    0.022174    0.023263    0.055874    0.056854 ^ clkbuf_0_clk/X (sg13g2_buf_8)
                                                         clknet_0_clk (net)
                      0.023267    0.000500    0.057355 ^ clkbuf_1_0__f_clk/A (sg13g2_buf_8)
     5    0.023795    0.024959    0.066702    0.124057 ^ clkbuf_1_0__f_clk/X (sg13g2_buf_8)
                                                         clknet_1_0__leaf_clk (net)
                      0.024981    0.001298    0.125355 ^ _301_/CLK (sg13g2_dfrbpq_1)
     1    0.001914    0.016938    0.159585    0.284940 v _301_/Q (sg13g2_dfrbpq_1)
                                                         CTRL.S0 (net)
                      0.016938    0.000072    0.285012 v hold3/A (sg13g2_dlygate4sd3_1)
     1    0.008771    0.053335    0.384916    0.669927 v hold3/X (sg13g2_dlygate4sd3_1)
                                                         net40 (net)
                      0.053335    0.000359    0.670286 v fanout53/A (sg13g2_buf_8)
     6    0.031421    0.027687    0.090102    0.760388 v fanout53/X (sg13g2_buf_8)
                                                         net53 (net)
                      0.027706    0.001193    0.761582 v fanout52/A (sg13g2_buf_8)
     8    0.040092    0.029699    0.080788    0.842370 v fanout52/X (sg13g2_buf_8)
                                                         net52 (net)
                      0.029786    0.001222    0.843592 v _191_/B (sg13g2_xnor2_1)
     2    0.011950    0.086975    0.120941    0.964533 v _191_/Y (sg13g2_xnor2_1)
                                                         _025_ (net)
                      0.086983    0.000680    0.965213 v _193_/A2 (sg13g2_o21ai_1)
     2    0.012626    0.158818    0.168556    1.133768 ^ _193_/Y (sg13g2_o21ai_1)
                                                         _026_ (net)
                      0.158828    0.001003    1.134771 ^ _197_/A1 (sg13g2_a21oi_1)
     2    0.011977    0.106261    0.142997    1.277768 v _197_/Y (sg13g2_a21oi_1)
                                                         _029_ (net)
                      0.106263    0.000705    1.278473 v _203_/A1 (sg13g2_o21ai_1)
     2    0.011406    0.147436    0.172431    1.450904 ^ _203_/Y (sg13g2_o21ai_1)
                                                         _034_ (net)
                      0.147443    0.000791    1.451695 ^ _204_/B (sg13g2_xor2_1)
     1    0.002914    0.059511    0.131297    1.582992 ^ _204_/X (sg13g2_xor2_1)
                                                         DPATH.SUM.fa_4.S (net)
                      0.059511    0.000170    1.583162 ^ _297_/D (sg13g2_dfrbpq_1)
                                              1.583162   data arrival time

                                  5.000000    5.000000   clock clockone (rise edge)
                                  0.000000    5.000000   clock source latency
     1    0.017385    0.000000    0.000000    5.000000 ^ clk (in)
                                                         clk (net)
                      0.001961    0.000981    5.000981 ^ clkbuf_0_clk/A (sg13g2_buf_8)
     2    0.022174    0.023263    0.055874    5.056855 ^ clkbuf_0_clk/X (sg13g2_buf_8)
                                                         clknet_0_clk (net)
                      0.023273    0.000834    5.057689 ^ clkbuf_1_1__f_clk/A (sg13g2_buf_8)
     5    0.018804    0.022749    0.064958    5.122647 ^ clkbuf_1_1__f_clk/X (sg13g2_buf_8)
                                                         clknet_1_1__leaf_clk (net)
                      0.022749    0.000371    5.123018 ^ _297_/CLK (sg13g2_dfrbpq_1)
                                 -0.200000    4.923018   clock uncertainty
                                  0.000000    4.923018   clock reconvergence pessimism
                                 -0.125165    4.797853   library setup time
                                              4.797853   data required time
---------------------------------------------------------------------------------------------
                                              4.797853   data required time
                                             -1.583162   data arrival time
---------------------------------------------------------------------------------------------
                                              3.214691   slack (MET)


Startpoint: _295_ (rising edge-triggered flip-flop clocked by clockone)
Endpoint: _301_ (rising edge-triggered flip-flop clocked by clockone)
Path Group: clockone
Path Type: max

Fanout         Cap        Slew       Delay        Time   Description
---------------------------------------------------------------------------------------------
                                  0.000000    0.000000   clock clockone (rise edge)
                                  0.000000    0.000000   clock source latency
     1    0.017385    0.000000    0.000000    0.000000 ^ clk (in)
                                                         clk (net)
                      0.001961    0.000980    0.000980 ^ clkbuf_0_clk/A (sg13g2_buf_8)
     2    0.022174    0.023263    0.055874    0.056854 ^ clkbuf_0_clk/X (sg13g2_buf_8)
                                                         clknet_0_clk (net)
                      0.023273    0.000834    0.057689 ^ clkbuf_1_1__f_clk/A (sg13g2_buf_8)
     5    0.018804    0.022749    0.064958    0.122647 ^ clkbuf_1_1__f_clk/X (sg13g2_buf_8)
                                                         clknet_1_1__leaf_clk (net)
                      0.022749    0.000141    0.122788 ^ _295_/CLK (sg13g2_dfrbpq_1)
     1    0.002589    0.018717    0.160153    0.282941 v _295_/Q (sg13g2_dfrbpq_1)
                                                         DPATH.SUM.fa_2.A (net)
                      0.018717    0.000096    0.283038 v hold5/A (sg13g2_dlygate4sd3_1)
     1    0.009211    0.054732    0.387417    0.670454 v hold5/X (sg13g2_dlygate4sd3_1)
                                                         net42 (net)
                      0.054732    0.000388    0.670843 v fanout70/A (sg13g2_buf_8)
     8    0.055648    0.036383    0.096985    0.767827 v fanout70/X (sg13g2_buf_8)
                                                         net70 (net)
                      0.036557    0.001682    0.769509 v fanout69/A (sg13g2_buf_8)
     8    0.045124    0.031874    0.085407    0.854916 v fanout69/X (sg13g2_buf_8)
                                                         net69 (net)
                      0.032373    0.002701    0.857617 v _140_/B (sg13g2_nor2_2)
     5    0.032573    0.147608    0.130303    0.987920 ^ _140_/Y (sg13g2_nor2_2)
                                                         _109_ (net)
                      0.147761    0.003891    0.991811 ^ _144_/A (sg13g2_nand2_1)
     2    0.007542    0.073728    0.098567    1.090377 v _144_/Y (sg13g2_nand2_1)
                                                         _113_ (net)
                      0.073728    0.000227    1.090604 v _212_/B (sg13g2_nor2_1)
     2    0.009439    0.100071    0.104442    1.195046 ^ _212_/Y (sg13g2_nor2_1)
                                                         net26 (net)
                      0.100081    0.000813    1.195859 ^ _213_/C (sg13g2_nand3_1)
     2    0.010493    0.109606    0.143270    1.339130 v _213_/Y (sg13g2_nand3_1)
                                                         _040_ (net)
                      0.109606    0.000304    1.339433 v _218_/B1 (sg13g2_o21ai_1)
     1    0.003792    0.074644    0.064671    1.404104 ^ _218_/Y (sg13g2_o21ai_1)
                                                         _044_ (net)
                      0.074644    0.000151    1.404255 ^ _219_/A (sg13g2_inv_1)
     1    0.002342    0.024439    0.038327    1.442582 v _219_/Y (sg13g2_inv_1)
                                                         CTRL.P0 (net)
                      0.024439    0.000151    1.442734 v _301_/D (sg13g2_dfrbpq_1)
                                              1.442734   data arrival time

                                  5.000000    5.000000   clock clockone (rise edge)
                                  0.000000    5.000000   clock source latency
     1    0.017385    0.000000    0.000000    5.000000 ^ clk (in)
                                                         clk (net)
                      0.001961    0.000981    5.000981 ^ clkbuf_0_clk/A (sg13g2_buf_8)
     2    0.022174    0.023263    0.055874    5.056855 ^ clkbuf_0_clk/X (sg13g2_buf_8)
                                                         clknet_0_clk (net)
                      0.023267    0.000500    5.057354 ^ clkbuf_1_0__f_clk/A (sg13g2_buf_8)
     5    0.023795    0.024959    0.066703    5.124057 ^ clkbuf_1_0__f_clk/X (sg13g2_buf_8)
                                                         clknet_1_0__leaf_clk (net)
                      0.024981    0.001298    5.125355 ^ _301_/CLK (sg13g2_dfrbpq_1)
                                 -0.200000    4.925355   clock uncertainty
                                  0.000000    4.925355   clock reconvergence pessimism
                                 -0.112952    4.812404   library setup time
                                              4.812404   data required time
---------------------------------------------------------------------------------------------
                                              4.812404   data required time
                                             -1.442734   data arrival time
---------------------------------------------------------------------------------------------
                                              3.369670   slack (MET)


Startpoint: _301_ (rising edge-triggered flip-flop clocked by clockone)
Endpoint: _296_ (rising edge-triggered flip-flop clocked by clockone)
Path Group: clockone
Path Type: max

Fanout         Cap        Slew       Delay        Time   Description
---------------------------------------------------------------------------------------------
                                  0.000000    0.000000   clock clockone (rise edge)
                                  0.000000    0.000000   clock source latency
     1    0.017385    0.000000    0.000000    0.000000 ^ clk (in)
                                                         clk (net)
                      0.001961    0.000980    0.000980 ^ clkbuf_0_clk/A (sg13g2_buf_8)
     2    0.022174    0.023263    0.055874    0.056854 ^ clkbuf_0_clk/X (sg13g2_buf_8)
                                                         clknet_0_clk (net)
                      0.023267    0.000500    0.057355 ^ clkbuf_1_0__f_clk/A (sg13g2_buf_8)
     5    0.023795    0.024959    0.066702    0.124057 ^ clkbuf_1_0__f_clk/X (sg13g2_buf_8)
                                                         clknet_1_0__leaf_clk (net)
                      0.024981    0.001298    0.125355 ^ _301_/CLK (sg13g2_dfrbpq_1)
     1    0.001914    0.016938    0.159585    0.284940 v _301_/Q (sg13g2_dfrbpq_1)
                                                         CTRL.S0 (net)
                      0.016938    0.000072    0.285012 v hold3/A (sg13g2_dlygate4sd3_1)
     1    0.008771    0.053335    0.384916    0.669927 v hold3/X (sg13g2_dlygate4sd3_1)
                                                         net40 (net)
                      0.053335    0.000359    0.670286 v fanout53/A (sg13g2_buf_8)
     6    0.031421    0.027687    0.090102    0.760388 v fanout53/X (sg13g2_buf_8)
                                                         net53 (net)
                      0.027706    0.001193    0.761582 v fanout52/A (sg13g2_buf_8)
     8    0.040092    0.029699    0.080788    0.842370 v fanout52/X (sg13g2_buf_8)
                                                         net52 (net)
                      0.029786    0.001222    0.843592 v _191_/B (sg13g2_xnor2_1)
     2    0.011950    0.086975    0.120941    0.964533 v _191_/Y (sg13g2_xnor2_1)
                                                         _025_ (net)
                      0.086983    0.000680    0.965213 v _193_/A2 (sg13g2_o21ai_1)
     2    0.012626    0.158818    0.168556    1.133768 ^ _193_/Y (sg13g2_o21ai_1)
                                                         _026_ (net)
                      0.158828    0.001003    1.134771 ^ _197_/A1 (sg13g2_a21oi_1)
     2    0.011977    0.106261    0.142997    1.277768 v _197_/Y (sg13g2_a21oi_1)
                                                         _029_ (net)
                      0.106264    0.000733    1.278500 v _200_/A (sg13g2_xor2_1)
     1    0.003246    0.057667    0.125268    1.403769 v _200_/X (sg13g2_xor2_1)
                                                         DPATH.SUM.fa_3.S (net)
                      0.057667    0.000187    1.403955 v _296_/D (sg13g2_dfrbpq_1)
                                              1.403955   data arrival time

                                  5.000000    5.000000   clock clockone (rise edge)
                                  0.000000    5.000000   clock source latency
     1    0.017385    0.000000    0.000000    5.000000 ^ clk (in)
                                                         clk (net)
                      0.001961    0.000981    5.000981 ^ clkbuf_0_clk/A (sg13g2_buf_8)
     2    0.022174    0.023263    0.055874    5.056855 ^ clkbuf_0_clk/X (sg13g2_buf_8)
                                                         clknet_0_clk (net)
                      0.023267    0.000500    5.057354 ^ clkbuf_1_0__f_clk/A (sg13g2_buf_8)
     5    0.023795    0.024959    0.066703    5.124057 ^ clkbuf_1_0__f_clk/X (sg13g2_buf_8)
                                                         clknet_1_0__leaf_clk (net)
                      0.024978    0.001219    5.125277 ^ _296_/CLK (sg13g2_dfrbpq_1)
                                 -0.200000    4.925276   clock uncertainty
                                  0.000000    4.925276   clock reconvergence pessimism
                                 -0.124924    4.800352   library setup time
                                              4.800352   data required time
---------------------------------------------------------------------------------------------
                                              4.800352   data required time
                                             -1.403955   data arrival time
---------------------------------------------------------------------------------------------
                                              3.396397   slack (MET)


Startpoint: _301_ (rising edge-triggered flip-flop clocked by clockone)
Endpoint: _295_ (rising edge-triggered flip-flop clocked by clockone)
Path Group: clockone
Path Type: max

Fanout         Cap        Slew       Delay        Time   Description
---------------------------------------------------------------------------------------------
                                  0.000000    0.000000   clock clockone (rise edge)
                                  0.000000    0.000000   clock source latency
     1    0.017385    0.000000    0.000000    0.000000 ^ clk (in)
                                                         clk (net)
                      0.001961    0.000980    0.000980 ^ clkbuf_0_clk/A (sg13g2_buf_8)
     2    0.022174    0.023263    0.055874    0.056854 ^ clkbuf_0_clk/X (sg13g2_buf_8)
                                                         clknet_0_clk (net)
                      0.023267    0.000500    0.057355 ^ clkbuf_1_0__f_clk/A (sg13g2_buf_8)
     5    0.023795    0.024959    0.066702    0.124057 ^ clkbuf_1_0__f_clk/X (sg13g2_buf_8)
                                                         clknet_1_0__leaf_clk (net)
                      0.024981    0.001298    0.125355 ^ _301_/CLK (sg13g2_dfrbpq_1)
     1    0.001914    0.016938    0.159585    0.284940 v _301_/Q (sg13g2_dfrbpq_1)
                                                         CTRL.S0 (net)
                      0.016938    0.000072    0.285012 v hold3/A (sg13g2_dlygate4sd3_1)
     1    0.008771    0.053335    0.384916    0.669927 v hold3/X (sg13g2_dlygate4sd3_1)
                                                         net40 (net)
                      0.053335    0.000359    0.670286 v fanout53/A (sg13g2_buf_8)
     6    0.031421    0.027687    0.090102    0.760388 v fanout53/X (sg13g2_buf_8)
                                                         net53 (net)
                      0.027706    0.001193    0.761582 v fanout52/A (sg13g2_buf_8)
     8    0.040092    0.029699    0.080788    0.842370 v fanout52/X (sg13g2_buf_8)
                                                         net52 (net)
                      0.029786    0.001222    0.843592 v _191_/B (sg13g2_xnor2_1)
     2    0.011950    0.086975    0.120941    0.964533 v _191_/Y (sg13g2_xnor2_1)
                                                         _025_ (net)
                      0.086983    0.000680    0.965213 v _193_/A2 (sg13g2_o21ai_1)
     2    0.012626    0.158818    0.168556    1.133768 ^ _193_/Y (sg13g2_o21ai_1)
                                                         _026_ (net)
                      0.158826    0.000909    1.134677 ^ _196_/A (sg13g2_xor2_1)
     1    0.003180    0.065202    0.141597    1.276274 ^ _196_/X (sg13g2_xor2_1)
                                                         DPATH.SUM.fa_2.S (net)
                      0.065202    0.000176    1.276451 ^ _295_/D (sg13g2_dfrbpq_1)
                                              1.276451   data arrival time

                                  5.000000    5.000000   clock clockone (rise edge)
                                  0.000000    5.000000   clock source latency
     1    0.017385    0.000000    0.000000    5.000000 ^ clk (in)
                                                         clk (net)
                      0.001961    0.000981    5.000981 ^ clkbuf_0_clk/A (sg13g2_buf_8)
     2    0.022174    0.023263    0.055874    5.056855 ^ clkbuf_0_clk/X (sg13g2_buf_8)
                                                         clknet_0_clk (net)
                      0.023273    0.000834    5.057689 ^ clkbuf_1_1__f_clk/A (sg13g2_buf_8)
     5    0.018804    0.022749    0.064958    5.122647 ^ clkbuf_1_1__f_clk/X (sg13g2_buf_8)
                                                         clknet_1_1__leaf_clk (net)
                      0.022749    0.000141    5.122788 ^ _295_/CLK (sg13g2_dfrbpq_1)
                                 -0.200000    4.922788   clock uncertainty
                                  0.000000    4.922788   clock reconvergence pessimism
                                 -0.127013    4.795774   library setup time
                                              4.795774   data required time
---------------------------------------------------------------------------------------------
                                              4.795774   data required time
                                             -1.276451   data arrival time
---------------------------------------------------------------------------------------------
                                              3.519324   slack (MET)


Startpoint: _301_ (rising edge-triggered flip-flop clocked by clockone)
Endpoint: _294_ (rising edge-triggered flip-flop clocked by clockone)
Path Group: clockone
Path Type: max

Fanout         Cap        Slew       Delay        Time   Description
---------------------------------------------------------------------------------------------
                                  0.000000    0.000000   clock clockone (rise edge)
                                  0.000000    0.000000   clock source latency
     1    0.017385    0.000000    0.000000    0.000000 ^ clk (in)
                                                         clk (net)
                      0.001961    0.000980    0.000980 ^ clkbuf_0_clk/A (sg13g2_buf_8)
     2    0.022174    0.023263    0.055874    0.056854 ^ clkbuf_0_clk/X (sg13g2_buf_8)
                                                         clknet_0_clk (net)
                      0.023267    0.000500    0.057355 ^ clkbuf_1_0__f_clk/A (sg13g2_buf_8)
     5    0.023795    0.024959    0.066702    0.124057 ^ clkbuf_1_0__f_clk/X (sg13g2_buf_8)
                                                         clknet_1_0__leaf_clk (net)
                      0.024981    0.001298    0.125355 ^ _301_/CLK (sg13g2_dfrbpq_1)
     1    0.001914    0.016938    0.159585    0.284940 v _301_/Q (sg13g2_dfrbpq_1)
                                                         CTRL.S0 (net)
                      0.016938    0.000072    0.285012 v hold3/A (sg13g2_dlygate4sd3_1)
     1    0.008771    0.053335    0.384916    0.669927 v hold3/X (sg13g2_dlygate4sd3_1)
                                                         net40 (net)
                      0.053335    0.000359    0.670286 v fanout53/A (sg13g2_buf_8)
     6    0.031421    0.027687    0.090102    0.760388 v fanout53/X (sg13g2_buf_8)
                                                         net53 (net)
                      0.027706    0.001193    0.761582 v fanout52/A (sg13g2_buf_8)
     8    0.040092    0.029699    0.080788    0.842370 v fanout52/X (sg13g2_buf_8)
                                                         net52 (net)
                      0.029786    0.001222    0.843592 v _191_/B (sg13g2_xnor2_1)
     2    0.012367    0.127897    0.118877    0.962469 ^ _191_/Y (sg13g2_xnor2_1)
                                                         _025_ (net)
                      0.127904    0.000796    0.963265 ^ _192_/B (sg13g2_xnor2_1)
     1    0.003434    0.075299    0.116396    1.079661 ^ _192_/Y (sg13g2_xnor2_1)
                                                         DPATH.SUM.fa_1.S (net)
                      0.075299    0.000192    1.079853 ^ _294_/D (sg13g2_dfrbpq_1)
                                              1.079853   data arrival time

                                  5.000000    5.000000   clock clockone (rise edge)
                                  0.000000    5.000000   clock source latency
     1    0.017385    0.000000    0.000000    5.000000 ^ clk (in)
                                                         clk (net)
                      0.001961    0.000981    5.000981 ^ clkbuf_0_clk/A (sg13g2_buf_8)
     2    0.022174    0.023263    0.055874    5.056855 ^ clkbuf_0_clk/X (sg13g2_buf_8)
                                                         clknet_0_clk (net)
                      0.023267    0.000500    5.057354 ^ clkbuf_1_0__f_clk/A (sg13g2_buf_8)
     5    0.023795    0.024959    0.066703    5.124057 ^ clkbuf_1_0__f_clk/X (sg13g2_buf_8)
                                                         clknet_1_0__leaf_clk (net)
                      0.024984    0.001380    5.125437 ^ _294_/CLK (sg13g2_dfrbpq_1)
                                 -0.200000    4.925437   clock uncertainty
                                  0.000000    4.925437   clock reconvergence pessimism
                                 -0.129960    4.795477   library setup time
                                              4.795477   data required time
---------------------------------------------------------------------------------------------
                                              4.795477   data required time
                                             -1.079853   data arrival time
---------------------------------------------------------------------------------------------
                                              3.715624   slack (MET)


Startpoint: _293_ (rising edge-triggered flip-flop clocked by clockone)
Endpoint: _293_ (rising edge-triggered flip-flop clocked by clockone)
Path Group: clockone
Path Type: max

Fanout         Cap        Slew       Delay        Time   Description
---------------------------------------------------------------------------------------------
                                  0.000000    0.000000   clock clockone (rise edge)
                                  0.000000    0.000000   clock source latency
     1    0.017385    0.000000    0.000000    0.000000 ^ clk (in)
                                                         clk (net)
                      0.001961    0.000980    0.000980 ^ clkbuf_0_clk/A (sg13g2_buf_8)
     2    0.022174    0.023263    0.055874    0.056854 ^ clkbuf_0_clk/X (sg13g2_buf_8)
                                                         clknet_0_clk (net)
                      0.023267    0.000500    0.057355 ^ clkbuf_1_0__f_clk/A (sg13g2_buf_8)
     5    0.023795    0.024959    0.066702    0.124057 ^ clkbuf_1_0__f_clk/X (sg13g2_buf_8)
                                                         clknet_1_0__leaf_clk (net)
                      0.024960    0.000562    0.124619 ^ _293_/CLK (sg13g2_dfrbpq_1)
     1    0.002284    0.017917    0.160477    0.285096 v _293_/Q (sg13g2_dfrbpq_1)
                                                         DPATH.SUM.Cout0 (net)
                      0.017917    0.000088    0.285183 v hold4/A (sg13g2_dlygate4sd3_1)
     1    0.009821    0.056699    0.389073    0.674256 v hold4/X (sg13g2_dlygate4sd3_1)
                                                         net41 (net)
                      0.056699    0.000421    0.674678 v fanout74/A (sg13g2_buf_8)
     7    0.039040    0.030228    0.093576    0.768254 v fanout74/X (sg13g2_buf_8)
                                                         net74 (net)
                      0.030525    0.002012    0.770265 v fanout73/A (sg13g2_buf_8)
     8    0.044348    0.031454    0.082288    0.852553 v fanout73/X (sg13g2_buf_8)
                                                         net73 (net)
                      0.031791    0.002143    0.854695 v _128_/A (sg13g2_inv_2)
     5    0.016970    0.042450    0.044859    0.899554 ^ _128_/Y (sg13g2_inv_2)
                                                         DPATH.SUM.ha_0.S (net)
                      0.042467    0.000688    0.900242 ^ _293_/D (sg13g2_dfrbpq_1)
                                              0.900242   data arrival time

                                  5.000000    5.000000   clock clockone (rise edge)
                                  0.000000    5.000000   clock source latency
     1    0.017385    0.000000    0.000000    5.000000 ^ clk (in)
                                                         clk (net)
                      0.001961    0.000981    5.000981 ^ clkbuf_0_clk/A (sg13g2_buf_8)
     2    0.022174    0.023263    0.055874    5.056855 ^ clkbuf_0_clk/X (sg13g2_buf_8)
                                                         clknet_0_clk (net)
                      0.023267    0.000500    5.057354 ^ clkbuf_1_0__f_clk/A (sg13g2_buf_8)
     5    0.023795    0.024959    0.066703    5.124057 ^ clkbuf_1_0__f_clk/X (sg13g2_buf_8)
                                                         clknet_1_0__leaf_clk (net)
                      0.024960    0.000562    5.124619 ^ _293_/CLK (sg13g2_dfrbpq_1)
                                 -0.200000    4.924619   clock uncertainty
                                  0.000000    4.924619   clock reconvergence pessimism
                                 -0.119304    4.805315   library setup time
                                              4.805315   data required time
---------------------------------------------------------------------------------------------
                                              4.805315   data required time
                                             -0.900242   data arrival time
---------------------------------------------------------------------------------------------
                                              3.905073   slack (MET)



