
===========================================================================
report_checks -path_delay min (Hold)
============================================================================
======================= nom_typ_1p20V_25C Corner ===================================

Startpoint: _296_ (rising edge-triggered flip-flop clocked by clockone)
Endpoint: _296_ (rising edge-triggered flip-flop clocked by clockone)
Path Group: clockone
Path Type: min

Fanout         Cap        Slew       Delay        Time   Description
---------------------------------------------------------------------------------------------
                                  0.000000    0.000000   clock clockone (rise edge)
                                  0.000000    0.000000   clock source latency
     1    0.017385    0.000000    0.000000    0.000000 ^ clk (in)
                                                         clk (net)
                      0.001961    0.000980    0.000980 ^ clkbuf_0_clk/A (sg13g2_buf_8)
     2    0.022174    0.023263    0.055874    0.056854 ^ clkbuf_0_clk/X (sg13g2_buf_8)
                                                         clknet_0_clk (net)
                      0.023267    0.000500    0.057355 ^ clkbuf_1_0__f_clk/A (sg13g2_buf_8)
     5    0.023795    0.024959    0.066702    0.124057 ^ clkbuf_1_0__f_clk/X (sg13g2_buf_8)
                                                         clknet_1_0__leaf_clk (net)
                      0.024978    0.001219    0.125276 ^ _296_/CLK (sg13g2_dfrbpq_1)
     2    0.011894    0.044860    0.183617    0.308893 v _296_/Q (sg13g2_dfrbpq_1)
                                                         DPATH.SUM.fa_3.A (net)
                      0.044876    0.000796    0.309689 v fanout67/A (sg13g2_buf_8)
     8    0.042956    0.031302    0.089194    0.398883 v fanout67/X (sg13g2_buf_8)
                                                         net67 (net)
                      0.031857    0.003154    0.402036 v _199_/A (sg13g2_xnor2_1)
     2    0.011249    0.076349    0.097244    0.499281 v _199_/Y (sg13g2_xnor2_1)
                                                         _031_ (net)
                      0.076357    0.000617    0.499898 v _200_/B (sg13g2_xor2_1)
     1    0.003246    0.028202    0.071231    0.571128 v _200_/X (sg13g2_xor2_1)
                                                         DPATH.SUM.fa_3.S (net)
                      0.028202    0.000187    0.571315 v _296_/D (sg13g2_dfrbpq_1)
                                              0.571315   data arrival time

                                  0.000000    0.000000   clock clockone (rise edge)
                                  0.000000    0.000000   clock source latency
     1    0.017385    0.000000    0.000000    0.000000 ^ clk (in)
                                                         clk (net)
                      0.001961    0.000980    0.000980 ^ clkbuf_0_clk/A (sg13g2_buf_8)
     2    0.022174    0.023263    0.055874    0.056854 ^ clkbuf_0_clk/X (sg13g2_buf_8)
                                                         clknet_0_clk (net)
                      0.023267    0.000500    0.057355 ^ clkbuf_1_0__f_clk/A (sg13g2_buf_8)
     5    0.023795    0.024959    0.066702    0.124057 ^ clkbuf_1_0__f_clk/X (sg13g2_buf_8)
                                                         clknet_1_0__leaf_clk (net)
                      0.024978    0.001219    0.125276 ^ _296_/CLK (sg13g2_dfrbpq_1)
                                  0.200000    0.325276   clock uncertainty
                                  0.000000    0.325276   clock reconvergence pessimism
                                 -0.035945    0.289331   library hold time
                                              0.289331   data required time
---------------------------------------------------------------------------------------------
                                              0.289331   data required time
                                             -0.571315   data arrival time
---------------------------------------------------------------------------------------------
                                              0.281984   slack (MET)


Startpoint: _298_ (rising edge-triggered flip-flop clocked by clockone)
Endpoint: _299_ (rising edge-triggered flip-flop clocked by clockone)
Path Group: clockone
Path Type: min

Fanout         Cap        Slew       Delay        Time   Description
---------------------------------------------------------------------------------------------
                                  0.000000    0.000000   clock clockone (rise edge)
                                  0.000000    0.000000   clock source latency
     1    0.017385    0.000000    0.000000    0.000000 ^ clk (in)
                                                         clk (net)
                      0.001961    0.000980    0.000980 ^ clkbuf_0_clk/A (sg13g2_buf_8)
     2    0.022174    0.023263    0.055874    0.056854 ^ clkbuf_0_clk/X (sg13g2_buf_8)
                                                         clknet_0_clk (net)
                      0.023273    0.000834    0.057689 ^ clkbuf_1_1__f_clk/A (sg13g2_buf_8)
     5    0.018804    0.022749    0.064958    0.122647 ^ clkbuf_1_1__f_clk/X (sg13g2_buf_8)
                                                         clknet_1_1__leaf_clk (net)
                      0.022752    0.000713    0.123360 ^ _298_/CLK (sg13g2_dfrbpq_2)
     3    0.023484    0.049013    0.198006    0.321366 v _298_/Q (sg13g2_dfrbpq_2)
                                                         DPATH.SUM.fa_5.A (net)
                      0.049078    0.001627    0.322993 v fanout59/A (sg13g2_buf_8)
     6    0.041715    0.031015    0.090268    0.413261 v fanout59/X (sg13g2_buf_8)
                                                         net59 (net)
                      0.031611    0.002916    0.416176 v _205_/A (sg13g2_nand2_1)
     1    0.005320    0.032881    0.039203    0.455379 ^ _205_/Y (sg13g2_nand2_1)
                                                         _035_ (net)
                      0.032882    0.000220    0.455599 ^ _209_/B1 (sg13g2_o21ai_1)
     1    0.006173    0.048517    0.056913    0.512512 v _209_/Y (sg13g2_o21ai_1)
                                                         _038_ (net)
                      0.048535    0.000251    0.512763 v _211_/A (sg13g2_xnor2_1)
     1    0.001692    0.026197    0.062494    0.575257 v _211_/Y (sg13g2_xnor2_1)
                                                         DPATH.SUM.fa_6.S (net)
                      0.026197    0.000066    0.575323 v _299_/D (sg13g2_dfrbpq_1)
                                              0.575323   data arrival time

                                  0.000000    0.000000   clock clockone (rise edge)
                                  0.000000    0.000000   clock source latency
     1    0.017385    0.000000    0.000000    0.000000 ^ clk (in)
                                                         clk (net)
                      0.001961    0.000980    0.000980 ^ clkbuf_0_clk/A (sg13g2_buf_8)
     2    0.022174    0.023263    0.055874    0.056854 ^ clkbuf_0_clk/X (sg13g2_buf_8)
                                                         clknet_0_clk (net)
                      0.023273    0.000834    0.057689 ^ clkbuf_1_1__f_clk/A (sg13g2_buf_8)
     5    0.018804    0.022749    0.064958    0.122647 ^ clkbuf_1_1__f_clk/X (sg13g2_buf_8)
                                                         clknet_1_1__leaf_clk (net)
                      0.022754    0.000826    0.123472 ^ _299_/CLK (sg13g2_dfrbpq_1)
                                  0.200000    0.323472   clock uncertainty
                                  0.000000    0.323472   clock reconvergence pessimism
                                 -0.035773    0.287699   library hold time
                                              0.287699   data required time
---------------------------------------------------------------------------------------------
                                              0.287699   data required time
                                             -0.575323   data arrival time
---------------------------------------------------------------------------------------------
                                              0.287624   slack (MET)


Startpoint: _297_ (rising edge-triggered flip-flop clocked by clockone)
Endpoint: _297_ (rising edge-triggered flip-flop clocked by clockone)
Path Group: clockone
Path Type: min

Fanout         Cap        Slew       Delay        Time   Description
---------------------------------------------------------------------------------------------
                                  0.000000    0.000000   clock clockone (rise edge)
                                  0.000000    0.000000   clock source latency
     1    0.017385    0.000000    0.000000    0.000000 ^ clk (in)
                                                         clk (net)
                      0.001961    0.000980    0.000980 ^ clkbuf_0_clk/A (sg13g2_buf_8)
     2    0.022174    0.023263    0.055874    0.056854 ^ clkbuf_0_clk/X (sg13g2_buf_8)
                                                         clknet_0_clk (net)
                      0.023273    0.000834    0.057689 ^ clkbuf_1_1__f_clk/A (sg13g2_buf_8)
     5    0.018804    0.022749    0.064958    0.122647 ^ clkbuf_1_1__f_clk/X (sg13g2_buf_8)
                                                         clknet_1_1__leaf_clk (net)
                      0.022749    0.000371    0.123018 ^ _297_/CLK (sg13g2_dfrbpq_1)
     2    0.005444    0.026265    0.167094    0.290112 v _297_/Q (sg13g2_dfrbpq_1)
                                                         DPATH.SUM.fa_4.A (net)
                      0.026265    0.000167    0.290279 v fanout64/A (sg13g2_buf_2)
     4    0.034754    0.066205    0.107457    0.397736 v fanout64/X (sg13g2_buf_2)
                                                         net64 (net)
                      0.066426    0.003023    0.400758 v _202_/A (sg13g2_xor2_1)
     2    0.011670    0.051569    0.109214    0.509973 v _202_/X (sg13g2_xor2_1)
                                                         _033_ (net)
                      0.051580    0.000745    0.510718 v _204_/A (sg13g2_xor2_1)
     1    0.002934    0.027456    0.064986    0.575705 v _204_/X (sg13g2_xor2_1)
                                                         DPATH.SUM.fa_4.S (net)
                      0.027456    0.000172    0.575877 v _297_/D (sg13g2_dfrbpq_1)
                                              0.575877   data arrival time

                                  0.000000    0.000000   clock clockone (rise edge)
                                  0.000000    0.000000   clock source latency
     1    0.017385    0.000000    0.000000    0.000000 ^ clk (in)
                                                         clk (net)
                      0.001961    0.000980    0.000980 ^ clkbuf_0_clk/A (sg13g2_buf_8)
     2    0.022174    0.023263    0.055874    0.056854 ^ clkbuf_0_clk/X (sg13g2_buf_8)
                                                         clknet_0_clk (net)
                      0.023273    0.000834    0.057689 ^ clkbuf_1_1__f_clk/A (sg13g2_buf_8)
     5    0.018804    0.022749    0.064958    0.122647 ^ clkbuf_1_1__f_clk/X (sg13g2_buf_8)
                                                         clknet_1_1__leaf_clk (net)
                      0.022749    0.000371    0.123018 ^ _297_/CLK (sg13g2_dfrbpq_1)
                                  0.200000    0.323018   clock uncertainty
                                  0.000000    0.323018   clock reconvergence pessimism
                                 -0.036174    0.286844   library hold time
                                              0.286844   data required time
---------------------------------------------------------------------------------------------
                                              0.286844   data required time
                                             -0.575877   data arrival time
---------------------------------------------------------------------------------------------
                                              0.289032   slack (MET)


Startpoint: _298_ (rising edge-triggered flip-flop clocked by clockone)
Endpoint: _298_ (rising edge-triggered flip-flop clocked by clockone)
Path Group: clockone
Path Type: min

Fanout         Cap        Slew       Delay        Time   Description
---------------------------------------------------------------------------------------------
                                  0.000000    0.000000   clock clockone (rise edge)
                                  0.000000    0.000000   clock source latency
     1    0.017385    0.000000    0.000000    0.000000 ^ clk (in)
                                                         clk (net)
                      0.001961    0.000980    0.000980 ^ clkbuf_0_clk/A (sg13g2_buf_8)
     2    0.022174    0.023263    0.055874    0.056854 ^ clkbuf_0_clk/X (sg13g2_buf_8)
                                                         clknet_0_clk (net)
                      0.023273    0.000834    0.057689 ^ clkbuf_1_1__f_clk/A (sg13g2_buf_8)
     5    0.018804    0.022749    0.064958    0.122647 ^ clkbuf_1_1__f_clk/X (sg13g2_buf_8)
                                                         clknet_1_1__leaf_clk (net)
                      0.022752    0.000713    0.123360 ^ _298_/CLK (sg13g2_dfrbpq_2)
     3    0.023484    0.049013    0.198006    0.321366 v _298_/Q (sg13g2_dfrbpq_2)
                                                         DPATH.SUM.fa_5.A (net)
                      0.049078    0.001627    0.322993 v fanout59/A (sg13g2_buf_8)
     6    0.041715    0.031015    0.090268    0.413261 v fanout59/X (sg13g2_buf_8)
                                                         net59 (net)
                      0.031752    0.003351    0.416612 v _206_/A (sg13g2_xnor2_1)
     2    0.012026    0.080523    0.100398    0.517009 v _206_/Y (sg13g2_xnor2_1)
                                                         _036_ (net)
                      0.080536    0.000843    0.517852 v _208_/A (sg13g2_xor2_1)
     1    0.002396    0.026143    0.073612    0.591465 v _208_/X (sg13g2_xor2_1)
                                                         DPATH.SUM.fa_5.S (net)
                      0.026143    0.000148    0.591613 v _298_/D (sg13g2_dfrbpq_2)
                                              0.591613   data arrival time

                                  0.000000    0.000000   clock clockone (rise edge)
                                  0.000000    0.000000   clock source latency
     1    0.017385    0.000000    0.000000    0.000000 ^ clk (in)
                                                         clk (net)
                      0.001961    0.000980    0.000980 ^ clkbuf_0_clk/A (sg13g2_buf_8)
     2    0.022174    0.023263    0.055874    0.056854 ^ clkbuf_0_clk/X (sg13g2_buf_8)
                                                         clknet_0_clk (net)
                      0.023273    0.000834    0.057689 ^ clkbuf_1_1__f_clk/A (sg13g2_buf_8)
     5    0.018804    0.022749    0.064958    0.122647 ^ clkbuf_1_1__f_clk/X (sg13g2_buf_8)
                                                         clknet_1_1__leaf_clk (net)
                      0.022752    0.000713    0.123360 ^ _298_/CLK (sg13g2_dfrbpq_2)
                                  0.200000    0.323360   clock uncertainty
                                  0.000000    0.323360   clock reconvergence pessimism
                                 -0.035794    0.287566   library hold time
                                              0.287566   data required time
---------------------------------------------------------------------------------------------
                                              0.287566   data required time
                                             -0.591613   data arrival time
---------------------------------------------------------------------------------------------
                                              0.304047   slack (MET)


Startpoint: _298_ (rising edge-triggered flip-flop clocked by clockone)
Endpoint: _301_ (rising edge-triggered flip-flop clocked by clockone)
Path Group: clockone
Path Type: min

Fanout         Cap        Slew       Delay        Time   Description
---------------------------------------------------------------------------------------------
                                  0.000000    0.000000   clock clockone (rise edge)
                                  0.000000    0.000000   clock source latency
     1    0.017385    0.000000    0.000000    0.000000 ^ clk (in)
                                                         clk (net)
                      0.001961    0.000980    0.000980 ^ clkbuf_0_clk/A (sg13g2_buf_8)
     2    0.022174    0.023263    0.055874    0.056854 ^ clkbuf_0_clk/X (sg13g2_buf_8)
                                                         clknet_0_clk (net)
                      0.023273    0.000834    0.057689 ^ clkbuf_1_1__f_clk/A (sg13g2_buf_8)
     5    0.018804    0.022749    0.064958    0.122647 ^ clkbuf_1_1__f_clk/X (sg13g2_buf_8)
                                                         clknet_1_1__leaf_clk (net)
                      0.022752    0.000713    0.123360 ^ _298_/CLK (sg13g2_dfrbpq_2)
     3    0.023484    0.049013    0.198006    0.321366 v _298_/Q (sg13g2_dfrbpq_2)
                                                         DPATH.SUM.fa_5.A (net)
                      0.049078    0.001627    0.322993 v fanout59/A (sg13g2_buf_8)
     6    0.041715    0.031015    0.090268    0.413261 v fanout59/X (sg13g2_buf_8)
                                                         net59 (net)
                      0.032366    0.004913    0.418174 v _182_/A (sg13g2_nand2_1)
     1    0.003595    0.026786    0.034251    0.452425 ^ _182_/Y (sg13g2_nand2_1)
                                                         _020_ (net)
                      0.026786    0.000142    0.452567 ^ _217_/A (sg13g2_nor3_1)
     1    0.005403    0.031054    0.041341    0.493909 v _217_/Y (sg13g2_nor3_1)
                                                         _043_ (net)
                      0.031054    0.000225    0.494133 v _218_/A2 (sg13g2_o21ai_1)
     1    0.003792    0.046286    0.082938    0.577071 ^ _218_/Y (sg13g2_o21ai_1)
                                                         _044_ (net)
                      0.046287    0.000151    0.577222 ^ _219_/A (sg13g2_inv_1)
     1    0.002342    0.019103    0.030561    0.607783 v _219_/Y (sg13g2_inv_1)
                                                         CTRL.P0 (net)
                      0.019103    0.000151    0.607934 v _301_/D (sg13g2_dfrbpq_1)
                                              0.607934   data arrival time

                                  0.000000    0.000000   clock clockone (rise edge)
                                  0.000000    0.000000   clock source latency
     1    0.017385    0.000000    0.000000    0.000000 ^ clk (in)
                                                         clk (net)
                      0.001961    0.000980    0.000980 ^ clkbuf_0_clk/A (sg13g2_buf_8)
     2    0.022174    0.023263    0.055874    0.056854 ^ clkbuf_0_clk/X (sg13g2_buf_8)
                                                         clknet_0_clk (net)
                      0.023267    0.000500    0.057355 ^ clkbuf_1_0__f_clk/A (sg13g2_buf_8)
     5    0.023795    0.024959    0.066702    0.124057 ^ clkbuf_1_0__f_clk/X (sg13g2_buf_8)
                                                         clknet_1_0__leaf_clk (net)
                      0.024981    0.001298    0.125355 ^ _301_/CLK (sg13g2_dfrbpq_1)
                                  0.200000    0.325355   clock uncertainty
                                  0.000000    0.325355   clock reconvergence pessimism
                                 -0.033061    0.292295   library hold time
                                              0.292295   data required time
---------------------------------------------------------------------------------------------
                                              0.292295   data required time
                                             -0.607934   data arrival time
---------------------------------------------------------------------------------------------
                                              0.315639   slack (MET)


Startpoint: _294_ (rising edge-triggered flip-flop clocked by clockone)
Endpoint: _294_ (rising edge-triggered flip-flop clocked by clockone)
Path Group: clockone
Path Type: min

Fanout         Cap        Slew       Delay        Time   Description
---------------------------------------------------------------------------------------------
                                  0.000000    0.000000   clock clockone (rise edge)
                                  0.000000    0.000000   clock source latency
     1    0.017385    0.000000    0.000000    0.000000 ^ clk (in)
                                                         clk (net)
                      0.001961    0.000980    0.000980 ^ clkbuf_0_clk/A (sg13g2_buf_8)
     2    0.022174    0.023263    0.055874    0.056854 ^ clkbuf_0_clk/X (sg13g2_buf_8)
                                                         clknet_0_clk (net)
                      0.023267    0.000500    0.057355 ^ clkbuf_1_0__f_clk/A (sg13g2_buf_8)
     5    0.023795    0.024959    0.066702    0.124057 ^ clkbuf_1_0__f_clk/X (sg13g2_buf_8)
                                                         clknet_1_0__leaf_clk (net)
                      0.024984    0.001380    0.125437 ^ _294_/CLK (sg13g2_dfrbpq_1)
     2    0.012227    0.045985    0.184415    0.309852 v _294_/Q (sg13g2_dfrbpq_1)
                                                         DPATH.SUM.fa_1.A (net)
                      0.045999    0.000777    0.310629 v fanout72/A (sg13g2_buf_8)
     8    0.043404    0.031491    0.089886    0.400516 v fanout72/X (sg13g2_buf_8)
                                                         net72 (net)
                      0.032120    0.003406    0.403921 v fanout71/A (sg13g2_buf_8)
     8    0.047144    0.032488    0.084537    0.488459 v fanout71/X (sg13g2_buf_8)
                                                         net71 (net)
                      0.032833    0.002518    0.490976 v _191_/A (sg13g2_xnor2_1)
     2    0.011950    0.080231    0.100567    0.591543 v _191_/Y (sg13g2_xnor2_1)
                                                         _025_ (net)
                      0.080242    0.000776    0.592319 v _192_/B (sg13g2_xnor2_1)
     1    0.003454    0.035662    0.073441    0.665760 v _192_/Y (sg13g2_xnor2_1)
                                                         DPATH.SUM.fa_1.S (net)
                      0.035662    0.000194    0.665954 v _294_/D (sg13g2_dfrbpq_1)
                                              0.665954   data arrival time

                                  0.000000    0.000000   clock clockone (rise edge)
                                  0.000000    0.000000   clock source latency
     1    0.017385    0.000000    0.000000    0.000000 ^ clk (in)
                                                         clk (net)
                      0.001961    0.000980    0.000980 ^ clkbuf_0_clk/A (sg13g2_buf_8)
     2    0.022174    0.023263    0.055874    0.056854 ^ clkbuf_0_clk/X (sg13g2_buf_8)
                                                         clknet_0_clk (net)
                      0.023267    0.000500    0.057355 ^ clkbuf_1_0__f_clk/A (sg13g2_buf_8)
     5    0.023795    0.024959    0.066702    0.124057 ^ clkbuf_1_0__f_clk/X (sg13g2_buf_8)
                                                         clknet_1_0__leaf_clk (net)
                      0.024984    0.001380    0.125437 ^ _294_/CLK (sg13g2_dfrbpq_1)
                                  0.200000    0.325437   clock uncertainty
                                  0.000000    0.325437   clock reconvergence pessimism
                                 -0.038309    0.287128   library hold time
                                              0.287128   data required time
---------------------------------------------------------------------------------------------
                                              0.287128   data required time
                                             -0.665954   data arrival time
---------------------------------------------------------------------------------------------
                                              0.378826   slack (MET)


Startpoint: _294_ (rising edge-triggered flip-flop clocked by clockone)
Endpoint: _295_ (rising edge-triggered flip-flop clocked by clockone)
Path Group: clockone
Path Type: min

Fanout         Cap        Slew       Delay        Time   Description
---------------------------------------------------------------------------------------------
                                  0.000000    0.000000   clock clockone (rise edge)
                                  0.000000    0.000000   clock source latency
     1    0.017385    0.000000    0.000000    0.000000 ^ clk (in)
                                                         clk (net)
                      0.001961    0.000980    0.000980 ^ clkbuf_0_clk/A (sg13g2_buf_8)
     2    0.022174    0.023263    0.055874    0.056854 ^ clkbuf_0_clk/X (sg13g2_buf_8)
                                                         clknet_0_clk (net)
                      0.023267    0.000500    0.057355 ^ clkbuf_1_0__f_clk/A (sg13g2_buf_8)
     5    0.023795    0.024959    0.066702    0.124057 ^ clkbuf_1_0__f_clk/X (sg13g2_buf_8)
                                                         clknet_1_0__leaf_clk (net)
                      0.024984    0.001380    0.125437 ^ _294_/CLK (sg13g2_dfrbpq_1)
     2    0.012227    0.045985    0.184415    0.309852 v _294_/Q (sg13g2_dfrbpq_1)
                                                         DPATH.SUM.fa_1.A (net)
                      0.045999    0.000777    0.310629 v fanout72/A (sg13g2_buf_8)
     8    0.043404    0.031491    0.089886    0.400516 v fanout72/X (sg13g2_buf_8)
                                                         net72 (net)
                      0.032120    0.003406    0.403921 v fanout71/A (sg13g2_buf_8)
     8    0.047144    0.032488    0.084537    0.488459 v fanout71/X (sg13g2_buf_8)
                                                         net71 (net)
                      0.032796    0.002363    0.490821 v _190_/A (sg13g2_nand2_1)
     1    0.007914    0.042923    0.047277    0.538099 ^ _190_/Y (sg13g2_nand2_1)
                                                         _024_ (net)
                      0.042937    0.000614    0.538713 ^ _193_/B1 (sg13g2_o21ai_1)
     2    0.012545    0.084951    0.088330    0.627042 v _193_/Y (sg13g2_o21ai_1)
                                                         _026_ (net)
                      0.084991    0.000900    0.627943 v _196_/A (sg13g2_xor2_1)
     1    0.003200    0.028375    0.078950    0.706893 v _196_/X (sg13g2_xor2_1)
                                                         DPATH.SUM.fa_2.S (net)
                      0.028375    0.000178    0.707071 v _295_/D (sg13g2_dfrbpq_1)
                                              0.707071   data arrival time

                                  0.000000    0.000000   clock clockone (rise edge)
                                  0.000000    0.000000   clock source latency
     1    0.017385    0.000000    0.000000    0.000000 ^ clk (in)
                                                         clk (net)
                      0.001961    0.000980    0.000980 ^ clkbuf_0_clk/A (sg13g2_buf_8)
     2    0.022174    0.023263    0.055874    0.056854 ^ clkbuf_0_clk/X (sg13g2_buf_8)
                                                         clknet_0_clk (net)
                      0.023273    0.000834    0.057689 ^ clkbuf_1_1__f_clk/A (sg13g2_buf_8)
     5    0.018804    0.022749    0.064958    0.122647 ^ clkbuf_1_1__f_clk/X (sg13g2_buf_8)
                                                         clknet_1_1__leaf_clk (net)
                      0.022749    0.000141    0.122788 ^ _295_/CLK (sg13g2_dfrbpq_1)
                                  0.200000    0.322788   clock uncertainty
                                  0.000000    0.322788   clock reconvergence pessimism
                                 -0.036465    0.286323   library hold time
                                              0.286323   data required time
---------------------------------------------------------------------------------------------
                                              0.286323   data required time
                                             -0.707071   data arrival time
---------------------------------------------------------------------------------------------
                                              0.420748   slack (MET)


Startpoint: _293_ (rising edge-triggered flip-flop clocked by clockone)
Endpoint: _293_ (rising edge-triggered flip-flop clocked by clockone)
Path Group: clockone
Path Type: min

Fanout         Cap        Slew       Delay        Time   Description
---------------------------------------------------------------------------------------------
                                  0.000000    0.000000   clock clockone (rise edge)
                                  0.000000    0.000000   clock source latency
     1    0.017385    0.000000    0.000000    0.000000 ^ clk (in)
                                                         clk (net)
                      0.001961    0.000980    0.000980 ^ clkbuf_0_clk/A (sg13g2_buf_8)
     2    0.022174    0.023263    0.055874    0.056854 ^ clkbuf_0_clk/X (sg13g2_buf_8)
                                                         clknet_0_clk (net)
                      0.023267    0.000500    0.057355 ^ clkbuf_1_0__f_clk/A (sg13g2_buf_8)
     5    0.023795    0.024959    0.066702    0.124057 ^ clkbuf_1_0__f_clk/X (sg13g2_buf_8)
                                                         clknet_1_0__leaf_clk (net)
                      0.024960    0.000562    0.124619 ^ _293_/CLK (sg13g2_dfrbpq_1)
     1    0.002247    0.021626    0.162993    0.287611 ^ _293_/Q (sg13g2_dfrbpq_1)
                                                         DPATH.SUM.Cout0 (net)
                      0.021626    0.000086    0.287697 ^ hold4/A (sg13g2_dlygate4sd3_1)
     1    0.010107    0.060131    0.378062    0.665760 ^ hold4/X (sg13g2_dlygate4sd3_1)
                                                         net41 (net)
                      0.060131    0.000434    0.666194 ^ fanout74/A (sg13g2_buf_8)
     7    0.039996    0.033572    0.090196    0.756390 ^ fanout74/X (sg13g2_buf_8)
                                                         net74 (net)
                      0.033850    0.002065    0.758455 ^ fanout73/A (sg13g2_buf_8)
     8    0.045672    0.035245    0.078928    0.837383 ^ fanout73/X (sg13g2_buf_8)
                                                         net73 (net)
                      0.035550    0.002208    0.839591 ^ _128_/A (sg13g2_inv_2)
     5    0.016734    0.033638    0.041316    0.880907 v _128_/Y (sg13g2_inv_2)
                                                         DPATH.SUM.ha_0.S (net)
                      0.033659    0.000683    0.881590 v _293_/D (sg13g2_dfrbpq_1)
                                              0.881590   data arrival time

                                  0.000000    0.000000   clock clockone (rise edge)
                                  0.000000    0.000000   clock source latency
     1    0.017385    0.000000    0.000000    0.000000 ^ clk (in)
                                                         clk (net)
                      0.001961    0.000980    0.000980 ^ clkbuf_0_clk/A (sg13g2_buf_8)
     2    0.022174    0.023263    0.055874    0.056854 ^ clkbuf_0_clk/X (sg13g2_buf_8)
                                                         clknet_0_clk (net)
                      0.023267    0.000500    0.057355 ^ clkbuf_1_0__f_clk/A (sg13g2_buf_8)
     5    0.023795    0.024959    0.066702    0.124057 ^ clkbuf_1_0__f_clk/X (sg13g2_buf_8)
                                                         clknet_1_0__leaf_clk (net)
                      0.024960    0.000562    0.124619 ^ _293_/CLK (sg13g2_dfrbpq_1)
                                  0.200000    0.324619   clock uncertainty
                                  0.000000    0.324619   clock reconvergence pessimism
                                 -0.037679    0.286940   library hold time
                                              0.286940   data required time
---------------------------------------------------------------------------------------------
                                              0.286940   data required time
                                             -0.881590   data arrival time
---------------------------------------------------------------------------------------------
                                              0.594650   slack (MET)


Startpoint: _294_ (rising edge-triggered flip-flop clocked by clockone)
Endpoint: _300_ (rising edge-triggered flip-flop clocked by clockone)
Path Group: clockone
Path Type: min

Fanout         Cap        Slew       Delay        Time   Description
---------------------------------------------------------------------------------------------
                                  0.000000    0.000000   clock clockone (rise edge)
                                  0.000000    0.000000   clock source latency
     1    0.017385    0.000000    0.000000    0.000000 ^ clk (in)
                                                         clk (net)
                      0.001961    0.000980    0.000980 ^ clkbuf_0_clk/A (sg13g2_buf_8)
     2    0.022174    0.023263    0.055874    0.056854 ^ clkbuf_0_clk/X (sg13g2_buf_8)
                                                         clknet_0_clk (net)
                      0.023267    0.000500    0.057355 ^ clkbuf_1_0__f_clk/A (sg13g2_buf_8)
     5    0.023795    0.024959    0.066702    0.124057 ^ clkbuf_1_0__f_clk/X (sg13g2_buf_8)
                                                         clknet_1_0__leaf_clk (net)
                      0.024984    0.001380    0.125437 ^ _294_/CLK (sg13g2_dfrbpq_1)
     2    0.012724    0.060391    0.193170    0.318607 ^ _294_/Q (sg13g2_dfrbpq_1)
                                                         DPATH.SUM.fa_1.A (net)
                      0.060401    0.000805    0.319412 ^ fanout72/A (sg13g2_buf_8)
     8    0.044299    0.035598    0.091949    0.411360 ^ fanout72/X (sg13g2_buf_8)
                                                         net72 (net)
                      0.035966    0.002640    0.414000 ^ _140_/A (sg13g2_nor2_2)
     5    0.031785    0.057482    0.068066    0.482066 v _140_/Y (sg13g2_nor2_2)
                                                         _109_ (net)
                      0.057859    0.003765    0.485830 v _144_/A (sg13g2_nand2_1)
     2    0.007925    0.046575    0.056332    0.542162 ^ _144_/Y (sg13g2_nand2_1)
                                                         _113_ (net)
                      0.046575    0.000239    0.542401 ^ _212_/B (sg13g2_nor2_1)
     2    0.009138    0.039462    0.051224    0.593625 v _212_/Y (sg13g2_nor2_1)
                                                         net26 (net)
                      0.039485    0.000776    0.594401 v _213_/C (sg13g2_nand3_1)
     2    0.010716    0.055648    0.068835    0.663236 ^ _213_/Y (sg13g2_nand3_1)
                                                         _040_ (net)
                      0.055658    0.000601    0.663837 ^ _214_/B (sg13g2_xnor2_1)
     1    0.002352    0.030481    0.059997    0.723835 v _214_/Y (sg13g2_xnor2_1)
                                                         CTRL.P1 (net)
                      0.030481    0.000176    0.724010 v hold2/A (sg13g2_dlygate4sd3_1)
     1    0.002002    0.034220    0.368979    1.092989 v hold2/X (sg13g2_dlygate4sd3_1)
                                                         net39 (net)
                      0.034221    0.000143    1.093132 v _300_/D (sg13g2_dfrbpq_1)
                                              1.093132   data arrival time

                                  0.000000    0.000000   clock clockone (rise edge)
                                  0.000000    0.000000   clock source latency
     1    0.017385    0.000000    0.000000    0.000000 ^ clk (in)
                                                         clk (net)
                      0.001961    0.000980    0.000980 ^ clkbuf_0_clk/A (sg13g2_buf_8)
     2    0.022174    0.023263    0.055874    0.056854 ^ clkbuf_0_clk/X (sg13g2_buf_8)
                                                         clknet_0_clk (net)
                      0.023267    0.000500    0.057355 ^ clkbuf_1_0__f_clk/A (sg13g2_buf_8)
     5    0.023795    0.024959    0.066702    0.124057 ^ clkbuf_1_0__f_clk/X (sg13g2_buf_8)
                                                         clknet_1_0__leaf_clk (net)
                      0.024980    0.001269    0.125326 ^ _300_/CLK (sg13g2_dfrbpq_1)
                                  0.200000    0.325327   clock uncertainty
                                  0.000000    0.325327   clock reconvergence pessimism
                                 -0.037853    0.287474   library hold time
                                              0.287474   data required time
---------------------------------------------------------------------------------------------
                                              0.287474   data required time
                                             -1.093132   data arrival time
---------------------------------------------------------------------------------------------
                                              0.805658   slack (MET)



