+ define_corners nom_typ_1p20V_25C
Reading timing models for corner nom_typ_1p20V_25C…
Reading cell library for the 'nom_typ_1p20V_25C' corner at '/opt/pdks/ciel/ihp-sg13g2/versions/cb7daaa8901016cf7c5d272dfa322c41f024931f/ihp-sg13g2/libs.ref/sg13g2_stdcell/lib/sg13g2_stdcell_typ_1p20V_25C.lib'…
Reading top-level netlist at '/home/designer/shared/Bioimpedance-ASIC-for-skin-cancer-detection/current_generator/digital/DigitalSine/runs/RUN_2025-12-14_10-41-31/52-openroad-fillinsertion/DigitalSine.nl.v'…
Linking design 'DigitalSine' from netlist…
Reading design constraints file at '/home/designer/shared/Bioimpedance-ASIC-for-skin-cancer-detection/current_generator/digital/DigitalSine/cons.sdc'…
Warning: cons.sdc line 4, clock arg 'clk' clock not found.
Warning: cons.sdc line 5, clock arg 'clk' clock not found.
[INFO] No information on clock propagation in input SDC file-- propagating all clocks.
Reading top-level design parasitics for the 'nom_typ_1p20V_25C' corner at '/home/designer/shared/Bioimpedance-ASIC-for-skin-cancer-detection/current_generator/digital/DigitalSine/runs/RUN_2025-12-14_10-41-31/54-openroad-rcx/nom/DigitalSine.nom.spef'…
%OL_CREATE_REPORT min.rpt

===========================================================================
report_checks -path_delay min (Hold)
============================================================================
======================= nom_typ_1p20V_25C Corner ===================================

Startpoint: _296_ (rising edge-triggered flip-flop clocked by clockone)
Endpoint: _296_ (rising edge-triggered flip-flop clocked by clockone)
Path Group: clockone
Path Type: min

Fanout         Cap        Slew       Delay        Time   Description
---------------------------------------------------------------------------------------------
                                  0.000000    0.000000   clock clockone (rise edge)
                                  0.000000    0.000000   clock source latency
     1    0.017385    0.000000    0.000000    0.000000 ^ clk (in)
                                                         clk (net)
                      0.001961    0.000980    0.000980 ^ clkbuf_0_clk/A (sg13g2_buf_8)
     2    0.022174    0.023263    0.055874    0.056854 ^ clkbuf_0_clk/X (sg13g2_buf_8)
                                                         clknet_0_clk (net)
                      0.023267    0.000500    0.057355 ^ clkbuf_1_0__f_clk/A (sg13g2_buf_8)
     5    0.023795    0.024959    0.066702    0.124057 ^ clkbuf_1_0__f_clk/X (sg13g2_buf_8)
                                                         clknet_1_0__leaf_clk (net)
                      0.024978    0.001219    0.125276 ^ _296_/CLK (sg13g2_dfrbpq_1)
     2    0.011894    0.044860    0.183617    0.308893 v _296_/Q (sg13g2_dfrbpq_1)
                                                         DPATH.SUM.fa_3.A (net)
                      0.044876    0.000796    0.309689 v fanout67/A (sg13g2_buf_8)
     8    0.042956    0.031302    0.089194    0.398883 v fanout67/X (sg13g2_buf_8)
                                                         net67 (net)
                      0.031857    0.003154    0.402036 v _199_/A (sg13g2_xnor2_1)
     2    0.011249    0.076349    0.097244    0.499281 v _199_/Y (sg13g2_xnor2_1)
                                                         _031_ (net)
                      0.076357    0.000617    0.499898 v _200_/B (sg13g2_xor2_1)
     1    0.003246    0.028202    0.071231    0.571128 v _200_/X (sg13g2_xor2_1)
                                                         DPATH.SUM.fa_3.S (net)
                      0.028202    0.000187    0.571315 v _296_/D (sg13g2_dfrbpq_1)
                                              0.571315   data arrival time

                                  0.000000    0.000000   clock clockone (rise edge)
                                  0.000000    0.000000   clock source latency
     1    0.017385    0.000000    0.000000    0.000000 ^ clk (in)
                                                         clk (net)
                      0.001961    0.000980    0.000980 ^ clkbuf_0_clk/A (sg13g2_buf_8)
     2    0.022174    0.023263    0.055874    0.056854 ^ clkbuf_0_clk/X (sg13g2_buf_8)
                                                         clknet_0_clk (net)
                      0.023267    0.000500    0.057355 ^ clkbuf_1_0__f_clk/A (sg13g2_buf_8)
     5    0.023795    0.024959    0.066702    0.124057 ^ clkbuf_1_0__f_clk/X (sg13g2_buf_8)
                                                         clknet_1_0__leaf_clk (net)
                      0.024978    0.001219    0.125276 ^ _296_/CLK (sg13g2_dfrbpq_1)
                                  0.200000    0.325276   clock uncertainty
                                  0.000000    0.325276   clock reconvergence pessimism
                                 -0.035945    0.289331   library hold time
                                              0.289331   data required time
---------------------------------------------------------------------------------------------
                                              0.289331   data required time
                                             -0.571315   data arrival time
---------------------------------------------------------------------------------------------
                                              0.281984   slack (MET)


Startpoint: _298_ (rising edge-triggered flip-flop clocked by clockone)
Endpoint: _299_ (rising edge-triggered flip-flop clocked by clockone)
Path Group: clockone
Path Type: min

Fanout         Cap        Slew       Delay        Time   Description
---------------------------------------------------------------------------------------------
                                  0.000000    0.000000   clock clockone (rise edge)
                                  0.000000    0.000000   clock source latency
     1    0.017385    0.000000    0.000000    0.000000 ^ clk (in)
                                                         clk (net)
                      0.001961    0.000980    0.000980 ^ clkbuf_0_clk/A (sg13g2_buf_8)
     2    0.022174    0.023263    0.055874    0.056854 ^ clkbuf_0_clk/X (sg13g2_buf_8)
                                                         clknet_0_clk (net)
                      0.023273    0.000834    0.057689 ^ clkbuf_1_1__f_clk/A (sg13g2_buf_8)
     5    0.018804    0.022749    0.064958    0.122647 ^ clkbuf_1_1__f_clk/X (sg13g2_buf_8)
                                                         clknet_1_1__leaf_clk (net)
                      0.022752    0.000713    0.123360 ^ _298_/CLK (sg13g2_dfrbpq_2)
     3    0.023484    0.049013    0.198006    0.321366 v _298_/Q (sg13g2_dfrbpq_2)
                                                         DPATH.SUM.fa_5.A (net)
                      0.049078    0.001627    0.322993 v fanout59/A (sg13g2_buf_8)
     6    0.041715    0.031015    0.090268    0.413261 v fanout59/X (sg13g2_buf_8)
                                                         net59 (net)
                      0.031611    0.002916    0.416176 v _205_/A (sg13g2_nand2_1)
     1    0.005320    0.032881    0.039203    0.455379 ^ _205_/Y (sg13g2_nand2_1)
                                                         _035_ (net)
                      0.032882    0.000220    0.455599 ^ _209_/B1 (sg13g2_o21ai_1)
     1    0.006173    0.048517    0.056913    0.512512 v _209_/Y (sg13g2_o21ai_1)
                                                         _038_ (net)
                      0.048535    0.000251    0.512763 v _211_/A (sg13g2_xnor2_1)
     1    0.001692    0.026197    0.062494    0.575257 v _211_/Y (sg13g2_xnor2_1)
                                                         DPATH.SUM.fa_6.S (net)
                      0.026197    0.000066    0.575323 v _299_/D (sg13g2_dfrbpq_1)
                                              0.575323   data arrival time

                                  0.000000    0.000000   clock clockone (rise edge)
                                  0.000000    0.000000   clock source latency
     1    0.017385    0.000000    0.000000    0.000000 ^ clk (in)
                                                         clk (net)
                      0.001961    0.000980    0.000980 ^ clkbuf_0_clk/A (sg13g2_buf_8)
     2    0.022174    0.023263    0.055874    0.056854 ^ clkbuf_0_clk/X (sg13g2_buf_8)
                                                         clknet_0_clk (net)
                      0.023273    0.000834    0.057689 ^ clkbuf_1_1__f_clk/A (sg13g2_buf_8)
     5    0.018804    0.022749    0.064958    0.122647 ^ clkbuf_1_1__f_clk/X (sg13g2_buf_8)
                                                         clknet_1_1__leaf_clk (net)
                      0.022754    0.000826    0.123472 ^ _299_/CLK (sg13g2_dfrbpq_1)
                                  0.200000    0.323472   clock uncertainty
                                  0.000000    0.323472   clock reconvergence pessimism
                                 -0.035773    0.287699   library hold time
                                              0.287699   data required time
---------------------------------------------------------------------------------------------
                                              0.287699   data required time
                                             -0.575323   data arrival time
---------------------------------------------------------------------------------------------
                                              0.287624   slack (MET)


Startpoint: _297_ (rising edge-triggered flip-flop clocked by clockone)
Endpoint: _297_ (rising edge-triggered flip-flop clocked by clockone)
Path Group: clockone
Path Type: min

Fanout         Cap        Slew       Delay        Time   Description
---------------------------------------------------------------------------------------------
                                  0.000000    0.000000   clock clockone (rise edge)
                                  0.000000    0.000000   clock source latency
     1    0.017385    0.000000    0.000000    0.000000 ^ clk (in)
                                                         clk (net)
                      0.001961    0.000980    0.000980 ^ clkbuf_0_clk/A (sg13g2_buf_8)
     2    0.022174    0.023263    0.055874    0.056854 ^ clkbuf_0_clk/X (sg13g2_buf_8)
                                                         clknet_0_clk (net)
                      0.023273    0.000834    0.057689 ^ clkbuf_1_1__f_clk/A (sg13g2_buf_8)
     5    0.018804    0.022749    0.064958    0.122647 ^ clkbuf_1_1__f_clk/X (sg13g2_buf_8)
                                                         clknet_1_1__leaf_clk (net)
                      0.022749    0.000371    0.123018 ^ _297_/CLK (sg13g2_dfrbpq_1)
     2    0.005444    0.026265    0.167094    0.290112 v _297_/Q (sg13g2_dfrbpq_1)
                                                         DPATH.SUM.fa_4.A (net)
                      0.026265    0.000167    0.290279 v fanout64/A (sg13g2_buf_2)
     4    0.034754    0.066205    0.107457    0.397736 v fanout64/X (sg13g2_buf_2)
                                                         net64 (net)
                      0.066426    0.003023    0.400758 v _202_/A (sg13g2_xor2_1)
     2    0.011670    0.051569    0.109214    0.509973 v _202_/X (sg13g2_xor2_1)
                                                         _033_ (net)
                      0.051580    0.000745    0.510718 v _204_/A (sg13g2_xor2_1)
     1    0.002934    0.027456    0.064986    0.575705 v _204_/X (sg13g2_xor2_1)
                                                         DPATH.SUM.fa_4.S (net)
                      0.027456    0.000172    0.575877 v _297_/D (sg13g2_dfrbpq_1)
                                              0.575877   data arrival time

                                  0.000000    0.000000   clock clockone (rise edge)
                                  0.000000    0.000000   clock source latency
     1    0.017385    0.000000    0.000000    0.000000 ^ clk (in)
                                                         clk (net)
                      0.001961    0.000980    0.000980 ^ clkbuf_0_clk/A (sg13g2_buf_8)
     2    0.022174    0.023263    0.055874    0.056854 ^ clkbuf_0_clk/X (sg13g2_buf_8)
                                                         clknet_0_clk (net)
                      0.023273    0.000834    0.057689 ^ clkbuf_1_1__f_clk/A (sg13g2_buf_8)
     5    0.018804    0.022749    0.064958    0.122647 ^ clkbuf_1_1__f_clk/X (sg13g2_buf_8)
                                                         clknet_1_1__leaf_clk (net)
                      0.022749    0.000371    0.123018 ^ _297_/CLK (sg13g2_dfrbpq_1)
                                  0.200000    0.323018   clock uncertainty
                                  0.000000    0.323018   clock reconvergence pessimism
                                 -0.036174    0.286844   library hold time
                                              0.286844   data required time
---------------------------------------------------------------------------------------------
                                              0.286844   data required time
                                             -0.575877   data arrival time
---------------------------------------------------------------------------------------------
                                              0.289032   slack (MET)


Startpoint: _298_ (rising edge-triggered flip-flop clocked by clockone)
Endpoint: _298_ (rising edge-triggered flip-flop clocked by clockone)
Path Group: clockone
Path Type: min

Fanout         Cap        Slew       Delay        Time   Description
---------------------------------------------------------------------------------------------
                                  0.000000    0.000000   clock clockone (rise edge)
                                  0.000000    0.000000   clock source latency
     1    0.017385    0.000000    0.000000    0.000000 ^ clk (in)
                                                         clk (net)
                      0.001961    0.000980    0.000980 ^ clkbuf_0_clk/A (sg13g2_buf_8)
     2    0.022174    0.023263    0.055874    0.056854 ^ clkbuf_0_clk/X (sg13g2_buf_8)
                                                         clknet_0_clk (net)
                      0.023273    0.000834    0.057689 ^ clkbuf_1_1__f_clk/A (sg13g2_buf_8)
     5    0.018804    0.022749    0.064958    0.122647 ^ clkbuf_1_1__f_clk/X (sg13g2_buf_8)
                                                         clknet_1_1__leaf_clk (net)
                      0.022752    0.000713    0.123360 ^ _298_/CLK (sg13g2_dfrbpq_2)
     3    0.023484    0.049013    0.198006    0.321366 v _298_/Q (sg13g2_dfrbpq_2)
                                                         DPATH.SUM.fa_5.A (net)
                      0.049078    0.001627    0.322993 v fanout59/A (sg13g2_buf_8)
     6    0.041715    0.031015    0.090268    0.413261 v fanout59/X (sg13g2_buf_8)
                                                         net59 (net)
                      0.031752    0.003351    0.416612 v _206_/A (sg13g2_xnor2_1)
     2    0.012026    0.080523    0.100398    0.517009 v _206_/Y (sg13g2_xnor2_1)
                                                         _036_ (net)
                      0.080536    0.000843    0.517852 v _208_/A (sg13g2_xor2_1)
     1    0.002396    0.026143    0.073612    0.591465 v _208_/X (sg13g2_xor2_1)
                                                         DPATH.SUM.fa_5.S (net)
                      0.026143    0.000148    0.591613 v _298_/D (sg13g2_dfrbpq_2)
                                              0.591613   data arrival time

                                  0.000000    0.000000   clock clockone (rise edge)
                                  0.000000    0.000000   clock source latency
     1    0.017385    0.000000    0.000000    0.000000 ^ clk (in)
                                                         clk (net)
                      0.001961    0.000980    0.000980 ^ clkbuf_0_clk/A (sg13g2_buf_8)
     2    0.022174    0.023263    0.055874    0.056854 ^ clkbuf_0_clk/X (sg13g2_buf_8)
                                                         clknet_0_clk (net)
                      0.023273    0.000834    0.057689 ^ clkbuf_1_1__f_clk/A (sg13g2_buf_8)
     5    0.018804    0.022749    0.064958    0.122647 ^ clkbuf_1_1__f_clk/X (sg13g2_buf_8)
                                                         clknet_1_1__leaf_clk (net)
                      0.022752    0.000713    0.123360 ^ _298_/CLK (sg13g2_dfrbpq_2)
                                  0.200000    0.323360   clock uncertainty
                                  0.000000    0.323360   clock reconvergence pessimism
                                 -0.035794    0.287566   library hold time
                                              0.287566   data required time
---------------------------------------------------------------------------------------------
                                              0.287566   data required time
                                             -0.591613   data arrival time
---------------------------------------------------------------------------------------------
                                              0.304047   slack (MET)


Startpoint: _298_ (rising edge-triggered flip-flop clocked by clockone)
Endpoint: _301_ (rising edge-triggered flip-flop clocked by clockone)
Path Group: clockone
Path Type: min

Fanout         Cap        Slew       Delay        Time   Description
---------------------------------------------------------------------------------------------
                                  0.000000    0.000000   clock clockone (rise edge)
                                  0.000000    0.000000   clock source latency
     1    0.017385    0.000000    0.000000    0.000000 ^ clk (in)
                                                         clk (net)
                      0.001961    0.000980    0.000980 ^ clkbuf_0_clk/A (sg13g2_buf_8)
     2    0.022174    0.023263    0.055874    0.056854 ^ clkbuf_0_clk/X (sg13g2_buf_8)
                                                         clknet_0_clk (net)
                      0.023273    0.000834    0.057689 ^ clkbuf_1_1__f_clk/A (sg13g2_buf_8)
     5    0.018804    0.022749    0.064958    0.122647 ^ clkbuf_1_1__f_clk/X (sg13g2_buf_8)
                                                         clknet_1_1__leaf_clk (net)
                      0.022752    0.000713    0.123360 ^ _298_/CLK (sg13g2_dfrbpq_2)
     3    0.023484    0.049013    0.198006    0.321366 v _298_/Q (sg13g2_dfrbpq_2)
                                                         DPATH.SUM.fa_5.A (net)
                      0.049078    0.001627    0.322993 v fanout59/A (sg13g2_buf_8)
     6    0.041715    0.031015    0.090268    0.413261 v fanout59/X (sg13g2_buf_8)
                                                         net59 (net)
                      0.032366    0.004913    0.418174 v _182_/A (sg13g2_nand2_1)
     1    0.003595    0.026786    0.034251    0.452425 ^ _182_/Y (sg13g2_nand2_1)
                                                         _020_ (net)
                      0.026786    0.000142    0.452567 ^ _217_/A (sg13g2_nor3_1)
     1    0.005403    0.031054    0.041341    0.493909 v _217_/Y (sg13g2_nor3_1)
                                                         _043_ (net)
                      0.031054    0.000225    0.494133 v _218_/A2 (sg13g2_o21ai_1)
     1    0.003792    0.046286    0.082938    0.577071 ^ _218_/Y (sg13g2_o21ai_1)
                                                         _044_ (net)
                      0.046287    0.000151    0.577222 ^ _219_/A (sg13g2_inv_1)
     1    0.002342    0.019103    0.030561    0.607783 v _219_/Y (sg13g2_inv_1)
                                                         CTRL.P0 (net)
                      0.019103    0.000151    0.607934 v _301_/D (sg13g2_dfrbpq_1)
                                              0.607934   data arrival time

                                  0.000000    0.000000   clock clockone (rise edge)
                                  0.000000    0.000000   clock source latency
     1    0.017385    0.000000    0.000000    0.000000 ^ clk (in)
                                                         clk (net)
                      0.001961    0.000980    0.000980 ^ clkbuf_0_clk/A (sg13g2_buf_8)
     2    0.022174    0.023263    0.055874    0.056854 ^ clkbuf_0_clk/X (sg13g2_buf_8)
                                                         clknet_0_clk (net)
                      0.023267    0.000500    0.057355 ^ clkbuf_1_0__f_clk/A (sg13g2_buf_8)
     5    0.023795    0.024959    0.066702    0.124057 ^ clkbuf_1_0__f_clk/X (sg13g2_buf_8)
                                                         clknet_1_0__leaf_clk (net)
                      0.024981    0.001298    0.125355 ^ _301_/CLK (sg13g2_dfrbpq_1)
                                  0.200000    0.325355   clock uncertainty
                                  0.000000    0.325355   clock reconvergence pessimism
                                 -0.033061    0.292295   library hold time
                                              0.292295   data required time
---------------------------------------------------------------------------------------------
                                              0.292295   data required time
                                             -0.607934   data arrival time
---------------------------------------------------------------------------------------------
                                              0.315639   slack (MET)


Startpoint: _294_ (rising edge-triggered flip-flop clocked by clockone)
Endpoint: _294_ (rising edge-triggered flip-flop clocked by clockone)
Path Group: clockone
Path Type: min

Fanout         Cap        Slew       Delay        Time   Description
---------------------------------------------------------------------------------------------
                                  0.000000    0.000000   clock clockone (rise edge)
                                  0.000000    0.000000   clock source latency
     1    0.017385    0.000000    0.000000    0.000000 ^ clk (in)
                                                         clk (net)
                      0.001961    0.000980    0.000980 ^ clkbuf_0_clk/A (sg13g2_buf_8)
     2    0.022174    0.023263    0.055874    0.056854 ^ clkbuf_0_clk/X (sg13g2_buf_8)
                                                         clknet_0_clk (net)
                      0.023267    0.000500    0.057355 ^ clkbuf_1_0__f_clk/A (sg13g2_buf_8)
     5    0.023795    0.024959    0.066702    0.124057 ^ clkbuf_1_0__f_clk/X (sg13g2_buf_8)
                                                         clknet_1_0__leaf_clk (net)
                      0.024984    0.001380    0.125437 ^ _294_/CLK (sg13g2_dfrbpq_1)
     2    0.012227    0.045985    0.184415    0.309852 v _294_/Q (sg13g2_dfrbpq_1)
                                                         DPATH.SUM.fa_1.A (net)
                      0.045999    0.000777    0.310629 v fanout72/A (sg13g2_buf_8)
     8    0.043404    0.031491    0.089886    0.400516 v fanout72/X (sg13g2_buf_8)
                                                         net72 (net)
                      0.032120    0.003406    0.403921 v fanout71/A (sg13g2_buf_8)
     8    0.047144    0.032488    0.084537    0.488459 v fanout71/X (sg13g2_buf_8)
                                                         net71 (net)
                      0.032833    0.002518    0.490976 v _191_/A (sg13g2_xnor2_1)
     2    0.011950    0.080231    0.100567    0.591543 v _191_/Y (sg13g2_xnor2_1)
                                                         _025_ (net)
                      0.080242    0.000776    0.592319 v _192_/B (sg13g2_xnor2_1)
     1    0.003454    0.035662    0.073441    0.665760 v _192_/Y (sg13g2_xnor2_1)
                                                         DPATH.SUM.fa_1.S (net)
                      0.035662    0.000194    0.665954 v _294_/D (sg13g2_dfrbpq_1)
                                              0.665954   data arrival time

                                  0.000000    0.000000   clock clockone (rise edge)
                                  0.000000    0.000000   clock source latency
     1    0.017385    0.000000    0.000000    0.000000 ^ clk (in)
                                                         clk (net)
                      0.001961    0.000980    0.000980 ^ clkbuf_0_clk/A (sg13g2_buf_8)
     2    0.022174    0.023263    0.055874    0.056854 ^ clkbuf_0_clk/X (sg13g2_buf_8)
                                                         clknet_0_clk (net)
                      0.023267    0.000500    0.057355 ^ clkbuf_1_0__f_clk/A (sg13g2_buf_8)
     5    0.023795    0.024959    0.066702    0.124057 ^ clkbuf_1_0__f_clk/X (sg13g2_buf_8)
                                                         clknet_1_0__leaf_clk (net)
                      0.024984    0.001380    0.125437 ^ _294_/CLK (sg13g2_dfrbpq_1)
                                  0.200000    0.325437   clock uncertainty
                                  0.000000    0.325437   clock reconvergence pessimism
                                 -0.038309    0.287128   library hold time
                                              0.287128   data required time
---------------------------------------------------------------------------------------------
                                              0.287128   data required time
                                             -0.665954   data arrival time
---------------------------------------------------------------------------------------------
                                              0.378826   slack (MET)


Startpoint: _294_ (rising edge-triggered flip-flop clocked by clockone)
Endpoint: _295_ (rising edge-triggered flip-flop clocked by clockone)
Path Group: clockone
Path Type: min

Fanout         Cap        Slew       Delay        Time   Description
---------------------------------------------------------------------------------------------
                                  0.000000    0.000000   clock clockone (rise edge)
                                  0.000000    0.000000   clock source latency
     1    0.017385    0.000000    0.000000    0.000000 ^ clk (in)
                                                         clk (net)
                      0.001961    0.000980    0.000980 ^ clkbuf_0_clk/A (sg13g2_buf_8)
     2    0.022174    0.023263    0.055874    0.056854 ^ clkbuf_0_clk/X (sg13g2_buf_8)
                                                         clknet_0_clk (net)
                      0.023267    0.000500    0.057355 ^ clkbuf_1_0__f_clk/A (sg13g2_buf_8)
     5    0.023795    0.024959    0.066702    0.124057 ^ clkbuf_1_0__f_clk/X (sg13g2_buf_8)
                                                         clknet_1_0__leaf_clk (net)
                      0.024984    0.001380    0.125437 ^ _294_/CLK (sg13g2_dfrbpq_1)
     2    0.012227    0.045985    0.184415    0.309852 v _294_/Q (sg13g2_dfrbpq_1)
                                                         DPATH.SUM.fa_1.A (net)
                      0.045999    0.000777    0.310629 v fanout72/A (sg13g2_buf_8)
     8    0.043404    0.031491    0.089886    0.400516 v fanout72/X (sg13g2_buf_8)
                                                         net72 (net)
                      0.032120    0.003406    0.403921 v fanout71/A (sg13g2_buf_8)
     8    0.047144    0.032488    0.084537    0.488459 v fanout71/X (sg13g2_buf_8)
                                                         net71 (net)
                      0.032796    0.002363    0.490821 v _190_/A (sg13g2_nand2_1)
     1    0.007914    0.042923    0.047277    0.538099 ^ _190_/Y (sg13g2_nand2_1)
                                                         _024_ (net)
                      0.042937    0.000614    0.538713 ^ _193_/B1 (sg13g2_o21ai_1)
     2    0.012545    0.084951    0.088330    0.627042 v _193_/Y (sg13g2_o21ai_1)
                                                         _026_ (net)
                      0.084991    0.000900    0.627943 v _196_/A (sg13g2_xor2_1)
     1    0.003200    0.028375    0.078950    0.706893 v _196_/X (sg13g2_xor2_1)
                                                         DPATH.SUM.fa_2.S (net)
                      0.028375    0.000178    0.707071 v _295_/D (sg13g2_dfrbpq_1)
                                              0.707071   data arrival time

                                  0.000000    0.000000   clock clockone (rise edge)
                                  0.000000    0.000000   clock source latency
     1    0.017385    0.000000    0.000000    0.000000 ^ clk (in)
                                                         clk (net)
                      0.001961    0.000980    0.000980 ^ clkbuf_0_clk/A (sg13g2_buf_8)
     2    0.022174    0.023263    0.055874    0.056854 ^ clkbuf_0_clk/X (sg13g2_buf_8)
                                                         clknet_0_clk (net)
                      0.023273    0.000834    0.057689 ^ clkbuf_1_1__f_clk/A (sg13g2_buf_8)
     5    0.018804    0.022749    0.064958    0.122647 ^ clkbuf_1_1__f_clk/X (sg13g2_buf_8)
                                                         clknet_1_1__leaf_clk (net)
                      0.022749    0.000141    0.122788 ^ _295_/CLK (sg13g2_dfrbpq_1)
                                  0.200000    0.322788   clock uncertainty
                                  0.000000    0.322788   clock reconvergence pessimism
                                 -0.036465    0.286323   library hold time
                                              0.286323   data required time
---------------------------------------------------------------------------------------------
                                              0.286323   data required time
                                             -0.707071   data arrival time
---------------------------------------------------------------------------------------------
                                              0.420748   slack (MET)


Startpoint: _293_ (rising edge-triggered flip-flop clocked by clockone)
Endpoint: _293_ (rising edge-triggered flip-flop clocked by clockone)
Path Group: clockone
Path Type: min

Fanout         Cap        Slew       Delay        Time   Description
---------------------------------------------------------------------------------------------
                                  0.000000    0.000000   clock clockone (rise edge)
                                  0.000000    0.000000   clock source latency
     1    0.017385    0.000000    0.000000    0.000000 ^ clk (in)
                                                         clk (net)
                      0.001961    0.000980    0.000980 ^ clkbuf_0_clk/A (sg13g2_buf_8)
     2    0.022174    0.023263    0.055874    0.056854 ^ clkbuf_0_clk/X (sg13g2_buf_8)
                                                         clknet_0_clk (net)
                      0.023267    0.000500    0.057355 ^ clkbuf_1_0__f_clk/A (sg13g2_buf_8)
     5    0.023795    0.024959    0.066702    0.124057 ^ clkbuf_1_0__f_clk/X (sg13g2_buf_8)
                                                         clknet_1_0__leaf_clk (net)
                      0.024960    0.000562    0.124619 ^ _293_/CLK (sg13g2_dfrbpq_1)
     1    0.002247    0.021626    0.162993    0.287611 ^ _293_/Q (sg13g2_dfrbpq_1)
                                                         DPATH.SUM.Cout0 (net)
                      0.021626    0.000086    0.287697 ^ hold4/A (sg13g2_dlygate4sd3_1)
     1    0.010107    0.060131    0.378062    0.665760 ^ hold4/X (sg13g2_dlygate4sd3_1)
                                                         net41 (net)
                      0.060131    0.000434    0.666194 ^ fanout74/A (sg13g2_buf_8)
     7    0.039996    0.033572    0.090196    0.756390 ^ fanout74/X (sg13g2_buf_8)
                                                         net74 (net)
                      0.033850    0.002065    0.758455 ^ fanout73/A (sg13g2_buf_8)
     8    0.045672    0.035245    0.078928    0.837383 ^ fanout73/X (sg13g2_buf_8)
                                                         net73 (net)
                      0.035550    0.002208    0.839591 ^ _128_/A (sg13g2_inv_2)
     5    0.016734    0.033638    0.041316    0.880907 v _128_/Y (sg13g2_inv_2)
                                                         DPATH.SUM.ha_0.S (net)
                      0.033659    0.000683    0.881590 v _293_/D (sg13g2_dfrbpq_1)
                                              0.881590   data arrival time

                                  0.000000    0.000000   clock clockone (rise edge)
                                  0.000000    0.000000   clock source latency
     1    0.017385    0.000000    0.000000    0.000000 ^ clk (in)
                                                         clk (net)
                      0.001961    0.000980    0.000980 ^ clkbuf_0_clk/A (sg13g2_buf_8)
     2    0.022174    0.023263    0.055874    0.056854 ^ clkbuf_0_clk/X (sg13g2_buf_8)
                                                         clknet_0_clk (net)
                      0.023267    0.000500    0.057355 ^ clkbuf_1_0__f_clk/A (sg13g2_buf_8)
     5    0.023795    0.024959    0.066702    0.124057 ^ clkbuf_1_0__f_clk/X (sg13g2_buf_8)
                                                         clknet_1_0__leaf_clk (net)
                      0.024960    0.000562    0.124619 ^ _293_/CLK (sg13g2_dfrbpq_1)
                                  0.200000    0.324619   clock uncertainty
                                  0.000000    0.324619   clock reconvergence pessimism
                                 -0.037679    0.286940   library hold time
                                              0.286940   data required time
---------------------------------------------------------------------------------------------
                                              0.286940   data required time
                                             -0.881590   data arrival time
---------------------------------------------------------------------------------------------
                                              0.594650   slack (MET)


Startpoint: _294_ (rising edge-triggered flip-flop clocked by clockone)
Endpoint: _300_ (rising edge-triggered flip-flop clocked by clockone)
Path Group: clockone
Path Type: min

Fanout         Cap        Slew       Delay        Time   Description
---------------------------------------------------------------------------------------------
                                  0.000000    0.000000   clock clockone (rise edge)
                                  0.000000    0.000000   clock source latency
     1    0.017385    0.000000    0.000000    0.000000 ^ clk (in)
                                                         clk (net)
                      0.001961    0.000980    0.000980 ^ clkbuf_0_clk/A (sg13g2_buf_8)
     2    0.022174    0.023263    0.055874    0.056854 ^ clkbuf_0_clk/X (sg13g2_buf_8)
                                                         clknet_0_clk (net)
                      0.023267    0.000500    0.057355 ^ clkbuf_1_0__f_clk/A (sg13g2_buf_8)
     5    0.023795    0.024959    0.066702    0.124057 ^ clkbuf_1_0__f_clk/X (sg13g2_buf_8)
                                                         clknet_1_0__leaf_clk (net)
                      0.024984    0.001380    0.125437 ^ _294_/CLK (sg13g2_dfrbpq_1)
     2    0.012724    0.060391    0.193170    0.318607 ^ _294_/Q (sg13g2_dfrbpq_1)
                                                         DPATH.SUM.fa_1.A (net)
                      0.060401    0.000805    0.319412 ^ fanout72/A (sg13g2_buf_8)
     8    0.044299    0.035598    0.091949    0.411360 ^ fanout72/X (sg13g2_buf_8)
                                                         net72 (net)
                      0.035966    0.002640    0.414000 ^ _140_/A (sg13g2_nor2_2)
     5    0.031785    0.057482    0.068066    0.482066 v _140_/Y (sg13g2_nor2_2)
                                                         _109_ (net)
                      0.057859    0.003765    0.485830 v _144_/A (sg13g2_nand2_1)
     2    0.007925    0.046575    0.056332    0.542162 ^ _144_/Y (sg13g2_nand2_1)
                                                         _113_ (net)
                      0.046575    0.000239    0.542401 ^ _212_/B (sg13g2_nor2_1)
     2    0.009138    0.039462    0.051224    0.593625 v _212_/Y (sg13g2_nor2_1)
                                                         net26 (net)
                      0.039485    0.000776    0.594401 v _213_/C (sg13g2_nand3_1)
     2    0.010716    0.055648    0.068835    0.663236 ^ _213_/Y (sg13g2_nand3_1)
                                                         _040_ (net)
                      0.055658    0.000601    0.663837 ^ _214_/B (sg13g2_xnor2_1)
     1    0.002352    0.030481    0.059997    0.723835 v _214_/Y (sg13g2_xnor2_1)
                                                         CTRL.P1 (net)
                      0.030481    0.000176    0.724010 v hold2/A (sg13g2_dlygate4sd3_1)
     1    0.002002    0.034220    0.368979    1.092989 v hold2/X (sg13g2_dlygate4sd3_1)
                                                         net39 (net)
                      0.034221    0.000143    1.093132 v _300_/D (sg13g2_dfrbpq_1)
                                              1.093132   data arrival time

                                  0.000000    0.000000   clock clockone (rise edge)
                                  0.000000    0.000000   clock source latency
     1    0.017385    0.000000    0.000000    0.000000 ^ clk (in)
                                                         clk (net)
                      0.001961    0.000980    0.000980 ^ clkbuf_0_clk/A (sg13g2_buf_8)
     2    0.022174    0.023263    0.055874    0.056854 ^ clkbuf_0_clk/X (sg13g2_buf_8)
                                                         clknet_0_clk (net)
                      0.023267    0.000500    0.057355 ^ clkbuf_1_0__f_clk/A (sg13g2_buf_8)
     5    0.023795    0.024959    0.066702    0.124057 ^ clkbuf_1_0__f_clk/X (sg13g2_buf_8)
                                                         clknet_1_0__leaf_clk (net)
                      0.024980    0.001269    0.125326 ^ _300_/CLK (sg13g2_dfrbpq_1)
                                  0.200000    0.325327   clock uncertainty
                                  0.000000    0.325327   clock reconvergence pessimism
                                 -0.037853    0.287474   library hold time
                                              0.287474   data required time
---------------------------------------------------------------------------------------------
                                              0.287474   data required time
                                             -1.093132   data arrival time
---------------------------------------------------------------------------------------------
                                              0.805658   slack (MET)



%OL_END_REPORT
%OL_CREATE_REPORT max.rpt

===========================================================================
report_checks -path_delay max (Setup)
============================================================================
======================= nom_typ_1p20V_25C Corner ===================================

Startpoint: _295_ (rising edge-triggered flip-flop clocked by clockone)
Endpoint: _300_ (rising edge-triggered flip-flop clocked by clockone)
Path Group: clockone
Path Type: max

Fanout         Cap        Slew       Delay        Time   Description
---------------------------------------------------------------------------------------------
                                  0.000000    0.000000   clock clockone (rise edge)
                                  0.000000    0.000000   clock source latency
     1    0.017385    0.000000    0.000000    0.000000 ^ clk (in)
                                                         clk (net)
                      0.001961    0.000980    0.000980 ^ clkbuf_0_clk/A (sg13g2_buf_8)
     2    0.022174    0.023263    0.055874    0.056854 ^ clkbuf_0_clk/X (sg13g2_buf_8)
                                                         clknet_0_clk (net)
                      0.023273    0.000834    0.057689 ^ clkbuf_1_1__f_clk/A (sg13g2_buf_8)
     5    0.018804    0.022749    0.064958    0.122647 ^ clkbuf_1_1__f_clk/X (sg13g2_buf_8)
                                                         clknet_1_1__leaf_clk (net)
                      0.022749    0.000141    0.122788 ^ _295_/CLK (sg13g2_dfrbpq_1)
     1    0.002589    0.018717    0.160153    0.282941 v _295_/Q (sg13g2_dfrbpq_1)
                                                         DPATH.SUM.fa_2.A (net)
                      0.018717    0.000096    0.283038 v hold5/A (sg13g2_dlygate4sd3_1)
     1    0.009211    0.054732    0.387417    0.670454 v hold5/X (sg13g2_dlygate4sd3_1)
                                                         net42 (net)
                      0.054732    0.000388    0.670843 v fanout70/A (sg13g2_buf_8)
     8    0.055648    0.036383    0.096985    0.767827 v fanout70/X (sg13g2_buf_8)
                                                         net70 (net)
                      0.036557    0.001682    0.769509 v fanout69/A (sg13g2_buf_8)
     8    0.045124    0.031874    0.085407    0.854916 v fanout69/X (sg13g2_buf_8)
                                                         net69 (net)
                      0.032373    0.002701    0.857617 v _140_/B (sg13g2_nor2_2)
     5    0.032573    0.147608    0.130303    0.987920 ^ _140_/Y (sg13g2_nor2_2)
                                                         _109_ (net)
                      0.147761    0.003891    0.991811 ^ _144_/A (sg13g2_nand2_1)
     2    0.007542    0.073728    0.098567    1.090377 v _144_/Y (sg13g2_nand2_1)
                                                         _113_ (net)
                      0.073728    0.000227    1.090604 v _212_/B (sg13g2_nor2_1)
     2    0.009439    0.100071    0.104442    1.195046 ^ _212_/Y (sg13g2_nor2_1)
                                                         net26 (net)
                      0.100081    0.000813    1.195859 ^ _213_/C (sg13g2_nand3_1)
     2    0.010493    0.109606    0.143270    1.339130 v _213_/Y (sg13g2_nand3_1)
                                                         _040_ (net)
                      0.109607    0.000593    1.339723 v _214_/B (sg13g2_xnor2_1)
     1    0.002352    0.037055    0.113082    1.452805 v _214_/Y (sg13g2_xnor2_1)
                                                         CTRL.P1 (net)
                      0.037055    0.000176    1.452981 v hold2/A (sg13g2_dlygate4sd3_1)
     1    0.002002    0.034220    0.372615    1.825596 v hold2/X (sg13g2_dlygate4sd3_1)
                                                         net39 (net)
                      0.034221    0.000143    1.825738 v _300_/D (sg13g2_dfrbpq_1)
                                              1.825738   data arrival time

                                  5.000000    5.000000   clock clockone (rise edge)
                                  0.000000    5.000000   clock source latency
     1    0.017385    0.000000    0.000000    5.000000 ^ clk (in)
                                                         clk (net)
                      0.001961    0.000981    5.000981 ^ clkbuf_0_clk/A (sg13g2_buf_8)
     2    0.022174    0.023263    0.055874    5.056855 ^ clkbuf_0_clk/X (sg13g2_buf_8)
                                                         clknet_0_clk (net)
                      0.023267    0.000500    5.057354 ^ clkbuf_1_0__f_clk/A (sg13g2_buf_8)
     5    0.023795    0.024959    0.066703    5.124057 ^ clkbuf_1_0__f_clk/X (sg13g2_buf_8)
                                                         clknet_1_0__leaf_clk (net)
                      0.024980    0.001269    5.125327 ^ _300_/CLK (sg13g2_dfrbpq_1)
                                 -0.200000    4.925326   clock uncertainty
                                  0.000000    4.925326   clock reconvergence pessimism
                                 -0.116476    4.808850   library setup time
                                              4.808850   data required time
---------------------------------------------------------------------------------------------
                                              4.808850   data required time
                                             -1.825738   data arrival time
---------------------------------------------------------------------------------------------
                                              2.983112   slack (MET)


Startpoint: _301_ (rising edge-triggered flip-flop clocked by clockone)
Endpoint: _299_ (rising edge-triggered flip-flop clocked by clockone)
Path Group: clockone
Path Type: max

Fanout         Cap        Slew       Delay        Time   Description
---------------------------------------------------------------------------------------------
                                  0.000000    0.000000   clock clockone (rise edge)
                                  0.000000    0.000000   clock source latency
     1    0.017385    0.000000    0.000000    0.000000 ^ clk (in)
                                                         clk (net)
                      0.001961    0.000980    0.000980 ^ clkbuf_0_clk/A (sg13g2_buf_8)
     2    0.022174    0.023263    0.055874    0.056854 ^ clkbuf_0_clk/X (sg13g2_buf_8)
                                                         clknet_0_clk (net)
                      0.023267    0.000500    0.057355 ^ clkbuf_1_0__f_clk/A (sg13g2_buf_8)
     5    0.023795    0.024959    0.066702    0.124057 ^ clkbuf_1_0__f_clk/X (sg13g2_buf_8)
                                                         clknet_1_0__leaf_clk (net)
                      0.024981    0.001298    0.125355 ^ _301_/CLK (sg13g2_dfrbpq_1)
     1    0.001914    0.016938    0.159585    0.284940 v _301_/Q (sg13g2_dfrbpq_1)
                                                         CTRL.S0 (net)
                      0.016938    0.000072    0.285012 v hold3/A (sg13g2_dlygate4sd3_1)
     1    0.008771    0.053335    0.384916    0.669927 v hold3/X (sg13g2_dlygate4sd3_1)
                                                         net40 (net)
                      0.053335    0.000359    0.670286 v fanout53/A (sg13g2_buf_8)
     6    0.031421    0.027687    0.090102    0.760388 v fanout53/X (sg13g2_buf_8)
                                                         net53 (net)
                      0.027706    0.001193    0.761582 v fanout52/A (sg13g2_buf_8)
     8    0.040092    0.029699    0.080788    0.842370 v fanout52/X (sg13g2_buf_8)
                                                         net52 (net)
                      0.029786    0.001222    0.843592 v _191_/B (sg13g2_xnor2_1)
     2    0.011950    0.086975    0.120941    0.964533 v _191_/Y (sg13g2_xnor2_1)
                                                         _025_ (net)
                      0.086983    0.000680    0.965213 v _193_/A2 (sg13g2_o21ai_1)
     2    0.012626    0.158818    0.168556    1.133768 ^ _193_/Y (sg13g2_o21ai_1)
                                                         _026_ (net)
                      0.158828    0.001003    1.134771 ^ _197_/A1 (sg13g2_a21oi_1)
     2    0.011977    0.106261    0.142997    1.277768 v _197_/Y (sg13g2_a21oi_1)
                                                         _029_ (net)
                      0.106263    0.000705    1.278473 v _203_/A1 (sg13g2_o21ai_1)
     2    0.011406    0.147436    0.172431    1.450904 ^ _203_/Y (sg13g2_o21ai_1)
                                                         _034_ (net)
                      0.147445    0.000923    1.451827 ^ _207_/A2 (sg13g2_a21oi_1)
     2    0.010148    0.089998    0.130263    1.582089 v _207_/Y (sg13g2_a21oi_1)
                                                         _037_ (net)
                      0.090002    0.000706    1.582796 v _209_/A2 (sg13g2_o21ai_1)
     1    0.006239    0.102793    0.123571    1.706366 ^ _209_/Y (sg13g2_o21ai_1)
                                                         _038_ (net)
                      0.102793    0.000253    1.706620 ^ _211_/A (sg13g2_xnor2_1)
     1    0.001672    0.053997    0.107669    1.814288 ^ _211_/Y (sg13g2_xnor2_1)
                                                         DPATH.SUM.fa_6.S (net)
                      0.053997    0.000066    1.814354 ^ _299_/D (sg13g2_dfrbpq_1)
                                              1.814354   data arrival time

                                  5.000000    5.000000   clock clockone (rise edge)
                                  0.000000    5.000000   clock source latency
     1    0.017385    0.000000    0.000000    5.000000 ^ clk (in)
                                                         clk (net)
                      0.001961    0.000981    5.000981 ^ clkbuf_0_clk/A (sg13g2_buf_8)
     2    0.022174    0.023263    0.055874    5.056855 ^ clkbuf_0_clk/X (sg13g2_buf_8)
                                                         clknet_0_clk (net)
                      0.023273    0.000834    5.057689 ^ clkbuf_1_1__f_clk/A (sg13g2_buf_8)
     5    0.018804    0.022749    0.064958    5.122647 ^ clkbuf_1_1__f_clk/X (sg13g2_buf_8)
                                                         clknet_1_1__leaf_clk (net)
                      0.022754    0.000826    5.123473 ^ _299_/CLK (sg13g2_dfrbpq_1)
                                 -0.200000    4.923472   clock uncertainty
                                  0.000000    4.923472   clock reconvergence pessimism
                                 -0.123373    4.800099   library setup time
                                              4.800099   data required time
---------------------------------------------------------------------------------------------
                                              4.800099   data required time
                                             -1.814354   data arrival time
---------------------------------------------------------------------------------------------
                                              2.985745   slack (MET)


Startpoint: _301_ (rising edge-triggered flip-flop clocked by clockone)
Endpoint: _298_ (rising edge-triggered flip-flop clocked by clockone)
Path Group: clockone
Path Type: max

Fanout         Cap        Slew       Delay        Time   Description
---------------------------------------------------------------------------------------------
                                  0.000000    0.000000   clock clockone (rise edge)
                                  0.000000    0.000000   clock source latency
     1    0.017385    0.000000    0.000000    0.000000 ^ clk (in)
                                                         clk (net)
                      0.001961    0.000980    0.000980 ^ clkbuf_0_clk/A (sg13g2_buf_8)
     2    0.022174    0.023263    0.055874    0.056854 ^ clkbuf_0_clk/X (sg13g2_buf_8)
                                                         clknet_0_clk (net)
                      0.023267    0.000500    0.057355 ^ clkbuf_1_0__f_clk/A (sg13g2_buf_8)
     5    0.023795    0.024959    0.066702    0.124057 ^ clkbuf_1_0__f_clk/X (sg13g2_buf_8)
                                                         clknet_1_0__leaf_clk (net)
                      0.024981    0.001298    0.125355 ^ _301_/CLK (sg13g2_dfrbpq_1)
     1    0.001914    0.016938    0.159585    0.284940 v _301_/Q (sg13g2_dfrbpq_1)
                                                         CTRL.S0 (net)
                      0.016938    0.000072    0.285012 v hold3/A (sg13g2_dlygate4sd3_1)
     1    0.008771    0.053335    0.384916    0.669927 v hold3/X (sg13g2_dlygate4sd3_1)
                                                         net40 (net)
                      0.053335    0.000359    0.670286 v fanout53/A (sg13g2_buf_8)
     6    0.031421    0.027687    0.090102    0.760388 v fanout53/X (sg13g2_buf_8)
                                                         net53 (net)
                      0.027706    0.001193    0.761582 v fanout52/A (sg13g2_buf_8)
     8    0.040092    0.029699    0.080788    0.842370 v fanout52/X (sg13g2_buf_8)
                                                         net52 (net)
                      0.029786    0.001222    0.843592 v _191_/B (sg13g2_xnor2_1)
     2    0.011950    0.086975    0.120941    0.964533 v _191_/Y (sg13g2_xnor2_1)
                                                         _025_ (net)
                      0.086983    0.000680    0.965213 v _193_/A2 (sg13g2_o21ai_1)
     2    0.012626    0.158818    0.168556    1.133768 ^ _193_/Y (sg13g2_o21ai_1)
                                                         _026_ (net)
                      0.158828    0.001003    1.134771 ^ _197_/A1 (sg13g2_a21oi_1)
     2    0.011977    0.106261    0.142997    1.277768 v _197_/Y (sg13g2_a21oi_1)
                                                         _029_ (net)
                      0.106263    0.000705    1.278473 v _203_/A1 (sg13g2_o21ai_1)
     2    0.011406    0.147436    0.172431    1.450904 ^ _203_/Y (sg13g2_o21ai_1)
                                                         _034_ (net)
                      0.147445    0.000923    1.451827 ^ _207_/A2 (sg13g2_a21oi_1)
     2    0.010148    0.089998    0.130263    1.582089 v _207_/Y (sg13g2_a21oi_1)
                                                         _037_ (net)
                      0.090002    0.000713    1.582803 v _208_/B (sg13g2_xor2_1)
     1    0.002396    0.052199    0.113394    1.696197 v _208_/X (sg13g2_xor2_1)
                                                         DPATH.SUM.fa_5.S (net)
                      0.052199    0.000148    1.696345 v _298_/D (sg13g2_dfrbpq_2)
                                              1.696345   data arrival time

                                  5.000000    5.000000   clock clockone (rise edge)
                                  0.000000    5.000000   clock source latency
     1    0.017385    0.000000    0.000000    5.000000 ^ clk (in)
                                                         clk (net)
                      0.001961    0.000981    5.000981 ^ clkbuf_0_clk/A (sg13g2_buf_8)
     2    0.022174    0.023263    0.055874    5.056855 ^ clkbuf_0_clk/X (sg13g2_buf_8)
                                                         clknet_0_clk (net)
                      0.023273    0.000834    5.057689 ^ clkbuf_1_1__f_clk/A (sg13g2_buf_8)
     5    0.018804    0.022749    0.064958    5.122647 ^ clkbuf_1_1__f_clk/X (sg13g2_buf_8)
                                                         clknet_1_1__leaf_clk (net)
                      0.022752    0.000713    5.123360 ^ _298_/CLK (sg13g2_dfrbpq_2)
                                 -0.200000    4.923360   clock uncertainty
                                  0.000000    4.923360   clock reconvergence pessimism
                                 -0.123522    4.799838   library setup time
                                              4.799838   data required time
---------------------------------------------------------------------------------------------
                                              4.799838   data required time
                                             -1.696345   data arrival time
---------------------------------------------------------------------------------------------
                                              3.103493   slack (MET)


Startpoint: _301_ (rising edge-triggered flip-flop clocked by clockone)
Endpoint: _297_ (rising edge-triggered flip-flop clocked by clockone)
Path Group: clockone
Path Type: max

Fanout         Cap        Slew       Delay        Time   Description
---------------------------------------------------------------------------------------------
                                  0.000000    0.000000   clock clockone (rise edge)
                                  0.000000    0.000000   clock source latency
     1    0.017385    0.000000    0.000000    0.000000 ^ clk (in)
                                                         clk (net)
                      0.001961    0.000980    0.000980 ^ clkbuf_0_clk/A (sg13g2_buf_8)
     2    0.022174    0.023263    0.055874    0.056854 ^ clkbuf_0_clk/X (sg13g2_buf_8)
                                                         clknet_0_clk (net)
                      0.023267    0.000500    0.057355 ^ clkbuf_1_0__f_clk/A (sg13g2_buf_8)
     5    0.023795    0.024959    0.066702    0.124057 ^ clkbuf_1_0__f_clk/X (sg13g2_buf_8)
                                                         clknet_1_0__leaf_clk (net)
                      0.024981    0.001298    0.125355 ^ _301_/CLK (sg13g2_dfrbpq_1)
     1    0.001914    0.016938    0.159585    0.284940 v _301_/Q (sg13g2_dfrbpq_1)
                                                         CTRL.S0 (net)
                      0.016938    0.000072    0.285012 v hold3/A (sg13g2_dlygate4sd3_1)
     1    0.008771    0.053335    0.384916    0.669927 v hold3/X (sg13g2_dlygate4sd3_1)
                                                         net40 (net)
                      0.053335    0.000359    0.670286 v fanout53/A (sg13g2_buf_8)
     6    0.031421    0.027687    0.090102    0.760388 v fanout53/X (sg13g2_buf_8)
                                                         net53 (net)
                      0.027706    0.001193    0.761582 v fanout52/A (sg13g2_buf_8)
     8    0.040092    0.029699    0.080788    0.842370 v fanout52/X (sg13g2_buf_8)
                                                         net52 (net)
                      0.029786    0.001222    0.843592 v _191_/B (sg13g2_xnor2_1)
     2    0.011950    0.086975    0.120941    0.964533 v _191_/Y (sg13g2_xnor2_1)
                                                         _025_ (net)
                      0.086983    0.000680    0.965213 v _193_/A2 (sg13g2_o21ai_1)
     2    0.012626    0.158818    0.168556    1.133768 ^ _193_/Y (sg13g2_o21ai_1)
                                                         _026_ (net)
                      0.158828    0.001003    1.134771 ^ _197_/A1 (sg13g2_a21oi_1)
     2    0.011977    0.106261    0.142997    1.277768 v _197_/Y (sg13g2_a21oi_1)
                                                         _029_ (net)
                      0.106263    0.000705    1.278473 v _203_/A1 (sg13g2_o21ai_1)
     2    0.011406    0.147436    0.172431    1.450904 ^ _203_/Y (sg13g2_o21ai_1)
                                                         _034_ (net)
                      0.147443    0.000791    1.451695 ^ _204_/B (sg13g2_xor2_1)
     1    0.002914    0.059511    0.131297    1.582992 ^ _204_/X (sg13g2_xor2_1)
                                                         DPATH.SUM.fa_4.S (net)
                      0.059511    0.000170    1.583162 ^ _297_/D (sg13g2_dfrbpq_1)
                                              1.583162   data arrival time

                                  5.000000    5.000000   clock clockone (rise edge)
                                  0.000000    5.000000   clock source latency
     1    0.017385    0.000000    0.000000    5.000000 ^ clk (in)
                                                         clk (net)
                      0.001961    0.000981    5.000981 ^ clkbuf_0_clk/A (sg13g2_buf_8)
     2    0.022174    0.023263    0.055874    5.056855 ^ clkbuf_0_clk/X (sg13g2_buf_8)
                                                         clknet_0_clk (net)
                      0.023273    0.000834    5.057689 ^ clkbuf_1_1__f_clk/A (sg13g2_buf_8)
     5    0.018804    0.022749    0.064958    5.122647 ^ clkbuf_1_1__f_clk/X (sg13g2_buf_8)
                                                         clknet_1_1__leaf_clk (net)
                      0.022749    0.000371    5.123018 ^ _297_/CLK (sg13g2_dfrbpq_1)
                                 -0.200000    4.923018   clock uncertainty
                                  0.000000    4.923018   clock reconvergence pessimism
                                 -0.125165    4.797853   library setup time
                                              4.797853   data required time
---------------------------------------------------------------------------------------------
                                              4.797853   data required time
                                             -1.583162   data arrival time
---------------------------------------------------------------------------------------------
                                              3.214691   slack (MET)


Startpoint: _295_ (rising edge-triggered flip-flop clocked by clockone)
Endpoint: _301_ (rising edge-triggered flip-flop clocked by clockone)
Path Group: clockone
Path Type: max

Fanout         Cap        Slew       Delay        Time   Description
---------------------------------------------------------------------------------------------
                                  0.000000    0.000000   clock clockone (rise edge)
                                  0.000000    0.000000   clock source latency
     1    0.017385    0.000000    0.000000    0.000000 ^ clk (in)
                                                         clk (net)
                      0.001961    0.000980    0.000980 ^ clkbuf_0_clk/A (sg13g2_buf_8)
     2    0.022174    0.023263    0.055874    0.056854 ^ clkbuf_0_clk/X (sg13g2_buf_8)
                                                         clknet_0_clk (net)
                      0.023273    0.000834    0.057689 ^ clkbuf_1_1__f_clk/A (sg13g2_buf_8)
     5    0.018804    0.022749    0.064958    0.122647 ^ clkbuf_1_1__f_clk/X (sg13g2_buf_8)
                                                         clknet_1_1__leaf_clk (net)
                      0.022749    0.000141    0.122788 ^ _295_/CLK (sg13g2_dfrbpq_1)
     1    0.002589    0.018717    0.160153    0.282941 v _295_/Q (sg13g2_dfrbpq_1)
                                                         DPATH.SUM.fa_2.A (net)
                      0.018717    0.000096    0.283038 v hold5/A (sg13g2_dlygate4sd3_1)
     1    0.009211    0.054732    0.387417    0.670454 v hold5/X (sg13g2_dlygate4sd3_1)
                                                         net42 (net)
                      0.054732    0.000388    0.670843 v fanout70/A (sg13g2_buf_8)
     8    0.055648    0.036383    0.096985    0.767827 v fanout70/X (sg13g2_buf_8)
                                                         net70 (net)
                      0.036557    0.001682    0.769509 v fanout69/A (sg13g2_buf_8)
     8    0.045124    0.031874    0.085407    0.854916 v fanout69/X (sg13g2_buf_8)
                                                         net69 (net)
                      0.032373    0.002701    0.857617 v _140_/B (sg13g2_nor2_2)
     5    0.032573    0.147608    0.130303    0.987920 ^ _140_/Y (sg13g2_nor2_2)
                                                         _109_ (net)
                      0.147761    0.003891    0.991811 ^ _144_/A (sg13g2_nand2_1)
     2    0.007542    0.073728    0.098567    1.090377 v _144_/Y (sg13g2_nand2_1)
                                                         _113_ (net)
                      0.073728    0.000227    1.090604 v _212_/B (sg13g2_nor2_1)
     2    0.009439    0.100071    0.104442    1.195046 ^ _212_/Y (sg13g2_nor2_1)
                                                         net26 (net)
                      0.100081    0.000813    1.195859 ^ _213_/C (sg13g2_nand3_1)
     2    0.010493    0.109606    0.143270    1.339130 v _213_/Y (sg13g2_nand3_1)
                                                         _040_ (net)
                      0.109606    0.000304    1.339433 v _218_/B1 (sg13g2_o21ai_1)
     1    0.003792    0.074644    0.064671    1.404104 ^ _218_/Y (sg13g2_o21ai_1)
                                                         _044_ (net)
                      0.074644    0.000151    1.404255 ^ _219_/A (sg13g2_inv_1)
     1    0.002342    0.024439    0.038327    1.442582 v _219_/Y (sg13g2_inv_1)
                                                         CTRL.P0 (net)
                      0.024439    0.000151    1.442734 v _301_/D (sg13g2_dfrbpq_1)
                                              1.442734   data arrival time

                                  5.000000    5.000000   clock clockone (rise edge)
                                  0.000000    5.000000   clock source latency
     1    0.017385    0.000000    0.000000    5.000000 ^ clk (in)
                                                         clk (net)
                      0.001961    0.000981    5.000981 ^ clkbuf_0_clk/A (sg13g2_buf_8)
     2    0.022174    0.023263    0.055874    5.056855 ^ clkbuf_0_clk/X (sg13g2_buf_8)
                                                         clknet_0_clk (net)
                      0.023267    0.000500    5.057354 ^ clkbuf_1_0__f_clk/A (sg13g2_buf_8)
     5    0.023795    0.024959    0.066703    5.124057 ^ clkbuf_1_0__f_clk/X (sg13g2_buf_8)
                                                         clknet_1_0__leaf_clk (net)
                      0.024981    0.001298    5.125355 ^ _301_/CLK (sg13g2_dfrbpq_1)
                                 -0.200000    4.925355   clock uncertainty
                                  0.000000    4.925355   clock reconvergence pessimism
                                 -0.112952    4.812404   library setup time
                                              4.812404   data required time
---------------------------------------------------------------------------------------------
                                              4.812404   data required time
                                             -1.442734   data arrival time
---------------------------------------------------------------------------------------------
                                              3.369670   slack (MET)


Startpoint: _301_ (rising edge-triggered flip-flop clocked by clockone)
Endpoint: _296_ (rising edge-triggered flip-flop clocked by clockone)
Path Group: clockone
Path Type: max

Fanout         Cap        Slew       Delay        Time   Description
---------------------------------------------------------------------------------------------
                                  0.000000    0.000000   clock clockone (rise edge)
                                  0.000000    0.000000   clock source latency
     1    0.017385    0.000000    0.000000    0.000000 ^ clk (in)
                                                         clk (net)
                      0.001961    0.000980    0.000980 ^ clkbuf_0_clk/A (sg13g2_buf_8)
     2    0.022174    0.023263    0.055874    0.056854 ^ clkbuf_0_clk/X (sg13g2_buf_8)
                                                         clknet_0_clk (net)
                      0.023267    0.000500    0.057355 ^ clkbuf_1_0__f_clk/A (sg13g2_buf_8)
     5    0.023795    0.024959    0.066702    0.124057 ^ clkbuf_1_0__f_clk/X (sg13g2_buf_8)
                                                         clknet_1_0__leaf_clk (net)
                      0.024981    0.001298    0.125355 ^ _301_/CLK (sg13g2_dfrbpq_1)
     1    0.001914    0.016938    0.159585    0.284940 v _301_/Q (sg13g2_dfrbpq_1)
                                                         CTRL.S0 (net)
                      0.016938    0.000072    0.285012 v hold3/A (sg13g2_dlygate4sd3_1)
     1    0.008771    0.053335    0.384916    0.669927 v hold3/X (sg13g2_dlygate4sd3_1)
                                                         net40 (net)
                      0.053335    0.000359    0.670286 v fanout53/A (sg13g2_buf_8)
     6    0.031421    0.027687    0.090102    0.760388 v fanout53/X (sg13g2_buf_8)
                                                         net53 (net)
                      0.027706    0.001193    0.761582 v fanout52/A (sg13g2_buf_8)
     8    0.040092    0.029699    0.080788    0.842370 v fanout52/X (sg13g2_buf_8)
                                                         net52 (net)
                      0.029786    0.001222    0.843592 v _191_/B (sg13g2_xnor2_1)
     2    0.011950    0.086975    0.120941    0.964533 v _191_/Y (sg13g2_xnor2_1)
                                                         _025_ (net)
                      0.086983    0.000680    0.965213 v _193_/A2 (sg13g2_o21ai_1)
     2    0.012626    0.158818    0.168556    1.133768 ^ _193_/Y (sg13g2_o21ai_1)
                                                         _026_ (net)
                      0.158828    0.001003    1.134771 ^ _197_/A1 (sg13g2_a21oi_1)
     2    0.011977    0.106261    0.142997    1.277768 v _197_/Y (sg13g2_a21oi_1)
                                                         _029_ (net)
                      0.106264    0.000733    1.278500 v _200_/A (sg13g2_xor2_1)
     1    0.003246    0.057667    0.125268    1.403769 v _200_/X (sg13g2_xor2_1)
                                                         DPATH.SUM.fa_3.S (net)
                      0.057667    0.000187    1.403955 v _296_/D (sg13g2_dfrbpq_1)
                                              1.403955   data arrival time

                                  5.000000    5.000000   clock clockone (rise edge)
                                  0.000000    5.000000   clock source latency
     1    0.017385    0.000000    0.000000    5.000000 ^ clk (in)
                                                         clk (net)
                      0.001961    0.000981    5.000981 ^ clkbuf_0_clk/A (sg13g2_buf_8)
     2    0.022174    0.023263    0.055874    5.056855 ^ clkbuf_0_clk/X (sg13g2_buf_8)
                                                         clknet_0_clk (net)
                      0.023267    0.000500    5.057354 ^ clkbuf_1_0__f_clk/A (sg13g2_buf_8)
     5    0.023795    0.024959    0.066703    5.124057 ^ clkbuf_1_0__f_clk/X (sg13g2_buf_8)
                                                         clknet_1_0__leaf_clk (net)
                      0.024978    0.001219    5.125277 ^ _296_/CLK (sg13g2_dfrbpq_1)
                                 -0.200000    4.925276   clock uncertainty
                                  0.000000    4.925276   clock reconvergence pessimism
                                 -0.124924    4.800352   library setup time
                                              4.800352   data required time
---------------------------------------------------------------------------------------------
                                              4.800352   data required time
                                             -1.403955   data arrival time
---------------------------------------------------------------------------------------------
                                              3.396397   slack (MET)


Startpoint: _301_ (rising edge-triggered flip-flop clocked by clockone)
Endpoint: _295_ (rising edge-triggered flip-flop clocked by clockone)
Path Group: clockone
Path Type: max

Fanout         Cap        Slew       Delay        Time   Description
---------------------------------------------------------------------------------------------
                                  0.000000    0.000000   clock clockone (rise edge)
                                  0.000000    0.000000   clock source latency
     1    0.017385    0.000000    0.000000    0.000000 ^ clk (in)
                                                         clk (net)
                      0.001961    0.000980    0.000980 ^ clkbuf_0_clk/A (sg13g2_buf_8)
     2    0.022174    0.023263    0.055874    0.056854 ^ clkbuf_0_clk/X (sg13g2_buf_8)
                                                         clknet_0_clk (net)
                      0.023267    0.000500    0.057355 ^ clkbuf_1_0__f_clk/A (sg13g2_buf_8)
     5    0.023795    0.024959    0.066702    0.124057 ^ clkbuf_1_0__f_clk/X (sg13g2_buf_8)
                                                         clknet_1_0__leaf_clk (net)
                      0.024981    0.001298    0.125355 ^ _301_/CLK (sg13g2_dfrbpq_1)
     1    0.001914    0.016938    0.159585    0.284940 v _301_/Q (sg13g2_dfrbpq_1)
                                                         CTRL.S0 (net)
                      0.016938    0.000072    0.285012 v hold3/A (sg13g2_dlygate4sd3_1)
     1    0.008771    0.053335    0.384916    0.669927 v hold3/X (sg13g2_dlygate4sd3_1)
                                                         net40 (net)
                      0.053335    0.000359    0.670286 v fanout53/A (sg13g2_buf_8)
     6    0.031421    0.027687    0.090102    0.760388 v fanout53/X (sg13g2_buf_8)
                                                         net53 (net)
                      0.027706    0.001193    0.761582 v fanout52/A (sg13g2_buf_8)
     8    0.040092    0.029699    0.080788    0.842370 v fanout52/X (sg13g2_buf_8)
                                                         net52 (net)
                      0.029786    0.001222    0.843592 v _191_/B (sg13g2_xnor2_1)
     2    0.011950    0.086975    0.120941    0.964533 v _191_/Y (sg13g2_xnor2_1)
                                                         _025_ (net)
                      0.086983    0.000680    0.965213 v _193_/A2 (sg13g2_o21ai_1)
     2    0.012626    0.158818    0.168556    1.133768 ^ _193_/Y (sg13g2_o21ai_1)
                                                         _026_ (net)
                      0.158826    0.000909    1.134677 ^ _196_/A (sg13g2_xor2_1)
     1    0.003180    0.065202    0.141597    1.276274 ^ _196_/X (sg13g2_xor2_1)
                                                         DPATH.SUM.fa_2.S (net)
                      0.065202    0.000176    1.276451 ^ _295_/D (sg13g2_dfrbpq_1)
                                              1.276451   data arrival time

                                  5.000000    5.000000   clock clockone (rise edge)
                                  0.000000    5.000000   clock source latency
     1    0.017385    0.000000    0.000000    5.000000 ^ clk (in)
                                                         clk (net)
                      0.001961    0.000981    5.000981 ^ clkbuf_0_clk/A (sg13g2_buf_8)
     2    0.022174    0.023263    0.055874    5.056855 ^ clkbuf_0_clk/X (sg13g2_buf_8)
                                                         clknet_0_clk (net)
                      0.023273    0.000834    5.057689 ^ clkbuf_1_1__f_clk/A (sg13g2_buf_8)
     5    0.018804    0.022749    0.064958    5.122647 ^ clkbuf_1_1__f_clk/X (sg13g2_buf_8)
                                                         clknet_1_1__leaf_clk (net)
                      0.022749    0.000141    5.122788 ^ _295_/CLK (sg13g2_dfrbpq_1)
                                 -0.200000    4.922788   clock uncertainty
                                  0.000000    4.922788   clock reconvergence pessimism
                                 -0.127013    4.795774   library setup time
                                              4.795774   data required time
---------------------------------------------------------------------------------------------
                                              4.795774   data required time
                                             -1.276451   data arrival time
---------------------------------------------------------------------------------------------
                                              3.519324   slack (MET)


Startpoint: _301_ (rising edge-triggered flip-flop clocked by clockone)
Endpoint: _294_ (rising edge-triggered flip-flop clocked by clockone)
Path Group: clockone
Path Type: max

Fanout         Cap        Slew       Delay        Time   Description
---------------------------------------------------------------------------------------------
                                  0.000000    0.000000   clock clockone (rise edge)
                                  0.000000    0.000000   clock source latency
     1    0.017385    0.000000    0.000000    0.000000 ^ clk (in)
                                                         clk (net)
                      0.001961    0.000980    0.000980 ^ clkbuf_0_clk/A (sg13g2_buf_8)
     2    0.022174    0.023263    0.055874    0.056854 ^ clkbuf_0_clk/X (sg13g2_buf_8)
                                                         clknet_0_clk (net)
                      0.023267    0.000500    0.057355 ^ clkbuf_1_0__f_clk/A (sg13g2_buf_8)
     5    0.023795    0.024959    0.066702    0.124057 ^ clkbuf_1_0__f_clk/X (sg13g2_buf_8)
                                                         clknet_1_0__leaf_clk (net)
                      0.024981    0.001298    0.125355 ^ _301_/CLK (sg13g2_dfrbpq_1)
     1    0.001914    0.016938    0.159585    0.284940 v _301_/Q (sg13g2_dfrbpq_1)
                                                         CTRL.S0 (net)
                      0.016938    0.000072    0.285012 v hold3/A (sg13g2_dlygate4sd3_1)
     1    0.008771    0.053335    0.384916    0.669927 v hold3/X (sg13g2_dlygate4sd3_1)
                                                         net40 (net)
                      0.053335    0.000359    0.670286 v fanout53/A (sg13g2_buf_8)
     6    0.031421    0.027687    0.090102    0.760388 v fanout53/X (sg13g2_buf_8)
                                                         net53 (net)
                      0.027706    0.001193    0.761582 v fanout52/A (sg13g2_buf_8)
     8    0.040092    0.029699    0.080788    0.842370 v fanout52/X (sg13g2_buf_8)
                                                         net52 (net)
                      0.029786    0.001222    0.843592 v _191_/B (sg13g2_xnor2_1)
     2    0.012367    0.127897    0.118877    0.962469 ^ _191_/Y (sg13g2_xnor2_1)
                                                         _025_ (net)
                      0.127904    0.000796    0.963265 ^ _192_/B (sg13g2_xnor2_1)
     1    0.003434    0.075299    0.116396    1.079661 ^ _192_/Y (sg13g2_xnor2_1)
                                                         DPATH.SUM.fa_1.S (net)
                      0.075299    0.000192    1.079853 ^ _294_/D (sg13g2_dfrbpq_1)
                                              1.079853   data arrival time

                                  5.000000    5.000000   clock clockone (rise edge)
                                  0.000000    5.000000   clock source latency
     1    0.017385    0.000000    0.000000    5.000000 ^ clk (in)
                                                         clk (net)
                      0.001961    0.000981    5.000981 ^ clkbuf_0_clk/A (sg13g2_buf_8)
     2    0.022174    0.023263    0.055874    5.056855 ^ clkbuf_0_clk/X (sg13g2_buf_8)
                                                         clknet_0_clk (net)
                      0.023267    0.000500    5.057354 ^ clkbuf_1_0__f_clk/A (sg13g2_buf_8)
     5    0.023795    0.024959    0.066703    5.124057 ^ clkbuf_1_0__f_clk/X (sg13g2_buf_8)
                                                         clknet_1_0__leaf_clk (net)
                      0.024984    0.001380    5.125437 ^ _294_/CLK (sg13g2_dfrbpq_1)
                                 -0.200000    4.925437   clock uncertainty
                                  0.000000    4.925437   clock reconvergence pessimism
                                 -0.129960    4.795477   library setup time
                                              4.795477   data required time
---------------------------------------------------------------------------------------------
                                              4.795477   data required time
                                             -1.079853   data arrival time
---------------------------------------------------------------------------------------------
                                              3.715624   slack (MET)


Startpoint: _293_ (rising edge-triggered flip-flop clocked by clockone)
Endpoint: _293_ (rising edge-triggered flip-flop clocked by clockone)
Path Group: clockone
Path Type: max

Fanout         Cap        Slew       Delay        Time   Description
---------------------------------------------------------------------------------------------
                                  0.000000    0.000000   clock clockone (rise edge)
                                  0.000000    0.000000   clock source latency
     1    0.017385    0.000000    0.000000    0.000000 ^ clk (in)
                                                         clk (net)
                      0.001961    0.000980    0.000980 ^ clkbuf_0_clk/A (sg13g2_buf_8)
     2    0.022174    0.023263    0.055874    0.056854 ^ clkbuf_0_clk/X (sg13g2_buf_8)
                                                         clknet_0_clk (net)
                      0.023267    0.000500    0.057355 ^ clkbuf_1_0__f_clk/A (sg13g2_buf_8)
     5    0.023795    0.024959    0.066702    0.124057 ^ clkbuf_1_0__f_clk/X (sg13g2_buf_8)
                                                         clknet_1_0__leaf_clk (net)
                      0.024960    0.000562    0.124619 ^ _293_/CLK (sg13g2_dfrbpq_1)
     1    0.002284    0.017917    0.160477    0.285096 v _293_/Q (sg13g2_dfrbpq_1)
                                                         DPATH.SUM.Cout0 (net)
                      0.017917    0.000088    0.285183 v hold4/A (sg13g2_dlygate4sd3_1)
     1    0.009821    0.056699    0.389073    0.674256 v hold4/X (sg13g2_dlygate4sd3_1)
                                                         net41 (net)
                      0.056699    0.000421    0.674678 v fanout74/A (sg13g2_buf_8)
     7    0.039040    0.030228    0.093576    0.768254 v fanout74/X (sg13g2_buf_8)
                                                         net74 (net)
                      0.030525    0.002012    0.770265 v fanout73/A (sg13g2_buf_8)
     8    0.044348    0.031454    0.082288    0.852553 v fanout73/X (sg13g2_buf_8)
                                                         net73 (net)
                      0.031791    0.002143    0.854695 v _128_/A (sg13g2_inv_2)
     5    0.016970    0.042450    0.044859    0.899554 ^ _128_/Y (sg13g2_inv_2)
                                                         DPATH.SUM.ha_0.S (net)
                      0.042467    0.000688    0.900242 ^ _293_/D (sg13g2_dfrbpq_1)
                                              0.900242   data arrival time

                                  5.000000    5.000000   clock clockone (rise edge)
                                  0.000000    5.000000   clock source latency
     1    0.017385    0.000000    0.000000    5.000000 ^ clk (in)
                                                         clk (net)
                      0.001961    0.000981    5.000981 ^ clkbuf_0_clk/A (sg13g2_buf_8)
     2    0.022174    0.023263    0.055874    5.056855 ^ clkbuf_0_clk/X (sg13g2_buf_8)
                                                         clknet_0_clk (net)
                      0.023267    0.000500    5.057354 ^ clkbuf_1_0__f_clk/A (sg13g2_buf_8)
     5    0.023795    0.024959    0.066703    5.124057 ^ clkbuf_1_0__f_clk/X (sg13g2_buf_8)
                                                         clknet_1_0__leaf_clk (net)
                      0.024960    0.000562    5.124619 ^ _293_/CLK (sg13g2_dfrbpq_1)
                                 -0.200000    4.924619   clock uncertainty
                                  0.000000    4.924619   clock reconvergence pessimism
                                 -0.119304    4.805315   library setup time
                                              4.805315   data required time
---------------------------------------------------------------------------------------------
                                              4.805315   data required time
                                             -0.900242   data arrival time
---------------------------------------------------------------------------------------------
                                              3.905073   slack (MET)



%OL_END_REPORT
%OL_CREATE_REPORT checks.rpt

===========================================================================
report_checks -unconstrained
===========================================================================
======================= nom_typ_1p20V_25C Corner ===================================

Startpoint: _295_ (rising edge-triggered flip-flop clocked by clockone)
Endpoint: _300_ (rising edge-triggered flip-flop clocked by clockone)
Path Group: clockone
Path Type: max

Fanout         Cap        Slew       Delay        Time   Description
---------------------------------------------------------------------------------------------
                                  0.000000    0.000000   clock clockone (rise edge)
                                  0.000000    0.000000   clock source latency
     1    0.017385    0.000000    0.000000    0.000000 ^ clk (in)
                                                         clk (net)
                      0.001961    0.000980    0.000980 ^ clkbuf_0_clk/A (sg13g2_buf_8)
     2    0.022174    0.023263    0.055874    0.056854 ^ clkbuf_0_clk/X (sg13g2_buf_8)
                                                         clknet_0_clk (net)
                      0.023273    0.000834    0.057689 ^ clkbuf_1_1__f_clk/A (sg13g2_buf_8)
     5    0.018804    0.022749    0.064958    0.122647 ^ clkbuf_1_1__f_clk/X (sg13g2_buf_8)
                                                         clknet_1_1__leaf_clk (net)
                      0.022749    0.000141    0.122788 ^ _295_/CLK (sg13g2_dfrbpq_1)
     1    0.002589    0.018717    0.160153    0.282941 v _295_/Q (sg13g2_dfrbpq_1)
                                                         DPATH.SUM.fa_2.A (net)
                      0.018717    0.000096    0.283038 v hold5/A (sg13g2_dlygate4sd3_1)
     1    0.009211    0.054732    0.387417    0.670454 v hold5/X (sg13g2_dlygate4sd3_1)
                                                         net42 (net)
                      0.054732    0.000388    0.670843 v fanout70/A (sg13g2_buf_8)
     8    0.055648    0.036383    0.096985    0.767827 v fanout70/X (sg13g2_buf_8)
                                                         net70 (net)
                      0.036557    0.001682    0.769509 v fanout69/A (sg13g2_buf_8)
     8    0.045124    0.031874    0.085407    0.854916 v fanout69/X (sg13g2_buf_8)
                                                         net69 (net)
                      0.032373    0.002701    0.857617 v _140_/B (sg13g2_nor2_2)
     5    0.032573    0.147608    0.130303    0.987920 ^ _140_/Y (sg13g2_nor2_2)
                                                         _109_ (net)
                      0.147761    0.003891    0.991811 ^ _144_/A (sg13g2_nand2_1)
     2    0.007542    0.073728    0.098567    1.090377 v _144_/Y (sg13g2_nand2_1)
                                                         _113_ (net)
                      0.073728    0.000227    1.090604 v _212_/B (sg13g2_nor2_1)
     2    0.009439    0.100071    0.104442    1.195046 ^ _212_/Y (sg13g2_nor2_1)
                                                         net26 (net)
                      0.100081    0.000813    1.195859 ^ _213_/C (sg13g2_nand3_1)
     2    0.010493    0.109606    0.143270    1.339130 v _213_/Y (sg13g2_nand3_1)
                                                         _040_ (net)
                      0.109607    0.000593    1.339723 v _214_/B (sg13g2_xnor2_1)
     1    0.002352    0.037055    0.113082    1.452805 v _214_/Y (sg13g2_xnor2_1)
                                                         CTRL.P1 (net)
                      0.037055    0.000176    1.452981 v hold2/A (sg13g2_dlygate4sd3_1)
     1    0.002002    0.034220    0.372615    1.825596 v hold2/X (sg13g2_dlygate4sd3_1)
                                                         net39 (net)
                      0.034221    0.000143    1.825738 v _300_/D (sg13g2_dfrbpq_1)
                                              1.825738   data arrival time

                                  5.000000    5.000000   clock clockone (rise edge)
                                  0.000000    5.000000   clock source latency
     1    0.017385    0.000000    0.000000    5.000000 ^ clk (in)
                                                         clk (net)
                      0.001961    0.000981    5.000981 ^ clkbuf_0_clk/A (sg13g2_buf_8)
     2    0.022174    0.023263    0.055874    5.056855 ^ clkbuf_0_clk/X (sg13g2_buf_8)
                                                         clknet_0_clk (net)
                      0.023267    0.000500    5.057354 ^ clkbuf_1_0__f_clk/A (sg13g2_buf_8)
     5    0.023795    0.024959    0.066703    5.124057 ^ clkbuf_1_0__f_clk/X (sg13g2_buf_8)
                                                         clknet_1_0__leaf_clk (net)
                      0.024980    0.001269    5.125327 ^ _300_/CLK (sg13g2_dfrbpq_1)
                                 -0.200000    4.925326   clock uncertainty
                                  0.000000    4.925326   clock reconvergence pessimism
                                 -0.116476    4.808850   library setup time
                                              4.808850   data required time
---------------------------------------------------------------------------------------------
                                              4.808850   data required time
                                             -1.825738   data arrival time
---------------------------------------------------------------------------------------------
                                              2.983112   slack (MET)




===========================================================================
report_checks --slack_max -0.01
============================================================================
======================= nom_typ_1p20V_25C Corner ===================================

No paths found.


===========================================================================
 report_check_types -max_slew -max_cap -max_fanout -violators
============================================================================
======================= nom_typ_1p20V_25C Corner ===================================



===========================================================================
report_parasitic_annotation -report_unannotated
============================================================================
Found 1 unannotated drivers.
 clkload0/Y
Found 0 partially unannotated drivers.

===========================================================================
max slew violation count 0
%OL_METRIC_I design__max_slew_violation__count__corner:nom_typ_1p20V_25C 0
max fanout violation count 0
%OL_METRIC_I design__max_fanout_violation__count__corner:nom_typ_1p20V_25C 0
max cap violation count 0
%OL_METRIC_I design__max_cap_violation__count__corner:nom_typ_1p20V_25C 0
============================================================================

===========================================================================
check_setup -verbose -unconstrained_endpoints -multiple_clock -no_clock -no_input_delay -loops -generated_clocks
===========================================================================
Warning: There are 35 unconstrained endpoints.
  sign
  signB
  sine_out[0]
  sine_out[10]
  sine_out[11]
  sine_out[12]
  sine_out[13]
  sine_out[14]
  sine_out[15]
  sine_out[16]
  sine_out[17]
  sine_out[18]
  sine_out[19]
  sine_out[1]
  sine_out[20]
  sine_out[21]
  sine_out[22]
  sine_out[23]
  sine_out[24]
  sine_out[25]
  sine_out[26]
  sine_out[27]
  sine_out[28]
  sine_out[29]
  sine_out[2]
  sine_out[30]
  sine_out[31]
  sine_out[32]
  sine_out[3]
  sine_out[4]
  sine_out[5]
  sine_out[6]
  sine_out[7]
  sine_out[8]
  sine_out[9]
%OL_END_REPORT
%OL_CREATE_REPORT power.rpt

===========================================================================
 report_power
============================================================================
======================= nom_typ_1p20V_25C Corner ===================================

Group                    Internal    Switching      Leakage        Total
                            Power        Power        Power        Power (Watts)
------------------------------------------------------------------------
Sequential           9.425497e-05 0.000000e+00 4.456792e-09 9.425943e-05  59.0%
Combinational        6.028774e-07 1.413504e-06 3.828855e-08 2.054670e-06   1.3%
Clock                4.466727e-05 1.865470e-05 4.306254e-08 6.336503e-05  39.7%
Macro                0.000000e+00 0.000000e+00 0.000000e+00 0.000000e+00   0.0%
Pad                  0.000000e+00 0.000000e+00 0.000000e+00 0.000000e+00   0.0%
------------------------------------------------------------------------
Total                1.395251e-04 2.006820e-05 8.580798e-08 1.596791e-04 100.0%
                            87.4%        12.6%         0.1%
%OL_METRIC_F power__internal__total 0.00013952510198578238
%OL_METRIC_F power__switching__total 2.006820432143286e-5
%OL_METRIC_F power__leakage__total 8.580798294133274e-8
%OL_METRIC_F power__total 0.0001596791116753593

%OL_END_REPORT
%OL_CREATE_REPORT skew.min.rpt

===========================================================================
Clock Skew (Hold)
============================================================================
%OL_METRIC_F clock__skew__worst_hold__corner:nom_typ_1p20V_25C -0.20256698281008337
======================= nom_typ_1p20V_25C Corner ===================================

Clock clockone
0.122788 source latency _295_/CLK ^
-0.125355 target latency _301_/CLK ^
-0.200000 clock uncertainty
0.000000 CRPR
--------------
-0.202567 hold skew

%OL_END_REPORT
%OL_CREATE_REPORT skew.max.rpt

===========================================================================
Clock Skew (Setup)
============================================================================
%OL_METRIC_F clock__skew__worst_setup__corner:nom_typ_1p20V_25C 0.20264890339382977
======================= nom_typ_1p20V_25C Corner ===================================

Clock clockone
0.125437 source latency _294_/CLK ^
-0.122788 target latency _295_/CLK ^
0.200000 clock uncertainty
0.000000 CRPR
--------------
0.202649 setup skew

%OL_END_REPORT
%OL_CREATE_REPORT ws.min.rpt

===========================================================================
Worst Slack (Hold)
============================================================================
%OL_METRIC_F timing__hold__ws__corner:nom_typ_1p20V_25C 0.28198397193178476
nom_typ_1p20V_25C: 0.28198397193178476
%OL_END_REPORT
%OL_CREATE_REPORT ws.max.rpt

===========================================================================
Worst Slack (Setup)
============================================================================
%OL_METRIC_F timing__setup__ws__corner:nom_typ_1p20V_25C 2.9831116199386734
nom_typ_1p20V_25C: 2.9831116199386734
%OL_END_REPORT
%OL_CREATE_REPORT tns.min.rpt

===========================================================================
Total Negative Slack (Hold)
============================================================================
%OL_METRIC_F timing__hold__tns__corner:nom_typ_1p20V_25C 0.0
nom_typ_1p20V_25C: 0.0
%OL_END_REPORT
%OL_CREATE_REPORT tns.max.rpt

===========================================================================
Total Negative Slack (Setup)
============================================================================
%OL_METRIC_F timing__setup__tns__corner:nom_typ_1p20V_25C 0.0
nom_typ_1p20V_25C: 0.0
%OL_END_REPORT
%OL_CREATE_REPORT wns.min.rpt

===========================================================================
Worst Negative Slack (Hold)
============================================================================
%OL_METRIC_F timing__hold__wns__corner:nom_typ_1p20V_25C 0
nom_typ_1p20V_25C: 0
%OL_END_REPORT
%OL_CREATE_REPORT wns.max.rpt

===========================================================================
Worst Negative Slack (Setup)
============================================================================
%OL_METRIC_F timing__setup__wns__corner:nom_typ_1p20V_25C 0.0
nom_typ_1p20V_25C: 0.0
%OL_END_REPORT
%OL_CREATE_REPORT violator_list.rpt

===========================================================================
Violator List
============================================================================
%OL_METRIC_I timing__hold_vio__count__corner:nom_typ_1p20V_25C 0
%OL_METRIC_F timing__hold_r2r__ws__corner:nom_typ_1p20V_25C 0.281984
%OL_METRIC_I timing__hold_r2r_vio__count__corner:nom_typ_1p20V_25C 0
%OL_METRIC_I timing__setup_vio__count__corner:nom_typ_1p20V_25C 0
%OL_METRIC_F timing__setup_r2r__ws__corner:nom_typ_1p20V_25C 2.983112
%OL_METRIC_I timing__setup_r2r_vio__count__corner:nom_typ_1p20V_25C 0
%OL_END_REPORT
%OL_CREATE_REPORT unpropagated.rpt
%OL_END_REPORT
%OL_CREATE_REPORT clock.rpt
Clock: clockone
Sources: clk 
Generated: no
Virtual: yes
Propagated: no
Period: 5.000000

===========================================================================
report_clock_properties
============================================================================
Clock                   Period          Waveform
----------------------------------------------------
clockone              5.000000    0.000000  1.000000

===========================================================================
report_clock_latency
============================================================================
Clock clockone
rise -> rise
    min     max
0.000000 0.000000 source latency
0.122788         network latency _295_/CLK
        0.125437 network latency _294_/CLK
---------------
0.122788 0.125437 latency
        0.002649 skew

fall -> fall
    min     max
0.000000 0.000000 source latency
0.134577         network latency _295_/CLK
        0.136857 network latency _294_/CLK
---------------
0.134577 0.136857 latency
        0.002280 skew



===========================================================================
report_clock_min_period
============================================================================
clockone period_min = 2.02 fmax = 495.81
%OL_END_REPORT
Writing SDF files for all corners…
Removing Clock latencies before writing libs…
Writing timing models for all corners…
Writing timing models for the nom_typ_1p20V_25C corner to /home/designer/shared/Bioimpedance-ASIC-for-skin-cancer-detection/current_generator/digital/DigitalSine/runs/RUN_2025-12-14_10-41-31/55-openroad-stapostpnr/nom_typ_1p20V_25C/DigitalSine__nom_typ_1p20V_25C.lib…
