
===========================================================================
report_checks -path_delay max (Setup)
============================================================================
======================= nom_slow_1p08V_125C Corner ===================================

Startpoint: _295_ (rising edge-triggered flip-flop clocked by clockone)
Endpoint: _300_ (rising edge-triggered flip-flop clocked by clockone)
Path Group: clockone
Path Type: max

Fanout         Cap        Slew       Delay        Time   Description
---------------------------------------------------------------------------------------------
                                  0.000000    0.000000   clock clockone (rise edge)
                                  0.000000    0.000000   clock source latency
     1    0.016836    0.000000    0.000000    0.000000 ^ clk (in)
                                                         clk (net)
                      0.001871    0.000936    0.000936 ^ clkbuf_0_clk/A (sg13g2_buf_8)
     2    0.021077    0.036097    0.086014    0.086949 ^ clkbuf_0_clk/X (sg13g2_buf_8)
                                                         clknet_0_clk (net)
                      0.036103    0.000788    0.087737 ^ clkbuf_1_1__f_clk/A (sg13g2_buf_8)
     5    0.017906    0.035070    0.103572    0.191310 ^ clkbuf_1_1__f_clk/X (sg13g2_buf_8)
                                                         clknet_1_1__leaf_clk (net)
                      0.035070    0.000134    0.191443 ^ _295_/CLK (sg13g2_dfrbpq_1)
     1    0.002504    0.029922    0.256100    0.447543 v _295_/Q (sg13g2_dfrbpq_1)
                                                         DPATH.SUM.fa_2.A (net)
                      0.029922    0.000093    0.447636 v hold5/A (sg13g2_dlygate4sd3_1)
     1    0.008637    0.085017    0.618253    1.065889 v hold5/X (sg13g2_dlygate4sd3_1)
                                                         net42 (net)
                      0.085017    0.000363    1.066252 v fanout70/A (sg13g2_buf_8)
     8    0.053180    0.055700    0.155404    1.221656 v fanout70/X (sg13g2_buf_8)
                                                         net70 (net)
                      0.055788    0.001606    1.223262 v fanout69/A (sg13g2_buf_8)
     8    0.043294    0.049318    0.135029    1.358291 v fanout69/X (sg13g2_buf_8)
                                                         net69 (net)
                      0.049618    0.002601    1.360892 v _140_/B (sg13g2_nor2_2)
     5    0.031489    0.220793    0.200768    1.561660 ^ _140_/Y (sg13g2_nor2_2)
                                                         _109_ (net)
                      0.220887    0.003754    1.565415 ^ _144_/A (sg13g2_nand2_1)
     2    0.007221    0.115729    0.157380    1.722795 v _144_/Y (sg13g2_nand2_1)
                                                         _113_ (net)
                      0.115729    0.000216    1.723011 v _212_/B (sg13g2_nor2_1)
     2    0.009079    0.149988    0.164029    1.887040 ^ _212_/Y (sg13g2_nor2_1)
                                                         net26 (net)
                      0.149995    0.000775    1.887815 ^ _213_/C (sg13g2_nand3_1)
     2    0.010009    0.173957    0.230787    2.118602 v _213_/Y (sg13g2_nand3_1)
                                                         _040_ (net)
                      0.173957    0.000563    2.119165 v _214_/B (sg13g2_xnor2_1)
     1    0.002267    0.058238    0.184466    2.303630 v _214_/Y (sg13g2_xnor2_1)
                                                         CTRL.P1 (net)
                      0.058238    0.000169    2.303799 v hold2/A (sg13g2_dlygate4sd3_1)
     1    0.001928    0.054420    0.596650    2.900449 v hold2/X (sg13g2_dlygate4sd3_1)
                                                         net39 (net)
                      0.054420    0.000136    2.900585 v _300_/D (sg13g2_dfrbpq_1)
                                              2.900585   data arrival time

                                  5.000000    5.000000   clock clockone (rise edge)
                                  0.000000    5.000000   clock source latency
     1    0.016836    0.000000    0.000000    5.000000 ^ clk (in)
                                                         clk (net)
                      0.001871    0.000936    5.000936 ^ clkbuf_0_clk/A (sg13g2_buf_8)
     2    0.021077    0.036097    0.086013    5.086949 ^ clkbuf_0_clk/X (sg13g2_buf_8)
                                                         clknet_0_clk (net)
                      0.036100    0.000474    5.087423 ^ clkbuf_1_0__f_clk/A (sg13g2_buf_8)
     5    0.022875    0.038476    0.106398    5.193820 ^ clkbuf_1_0__f_clk/X (sg13g2_buf_8)
                                                         clknet_1_0__leaf_clk (net)
                      0.038488    0.001222    5.195043 ^ _300_/CLK (sg13g2_dfrbpq_1)
                                 -0.200000    4.995043   clock uncertainty
                                  0.000000    4.995043   clock reconvergence pessimism
                                 -0.187912    4.807131   library setup time
                                              4.807131   data required time
---------------------------------------------------------------------------------------------
                                              4.807131   data required time
                                             -2.900585   data arrival time
---------------------------------------------------------------------------------------------
                                              1.906546   slack (MET)


Startpoint: _301_ (rising edge-triggered flip-flop clocked by clockone)
Endpoint: _299_ (rising edge-triggered flip-flop clocked by clockone)
Path Group: clockone
Path Type: max

Fanout         Cap        Slew       Delay        Time   Description
---------------------------------------------------------------------------------------------
                                  0.000000    0.000000   clock clockone (rise edge)
                                  0.000000    0.000000   clock source latency
     1    0.016836    0.000000    0.000000    0.000000 ^ clk (in)
                                                         clk (net)
                      0.001871    0.000936    0.000936 ^ clkbuf_0_clk/A (sg13g2_buf_8)
     2    0.021077    0.036097    0.086014    0.086949 ^ clkbuf_0_clk/X (sg13g2_buf_8)
                                                         clknet_0_clk (net)
                      0.036100    0.000474    0.087423 ^ clkbuf_1_0__f_clk/A (sg13g2_buf_8)
     5    0.022875    0.038476    0.106397    0.193820 ^ clkbuf_1_0__f_clk/X (sg13g2_buf_8)
                                                         clknet_1_0__leaf_clk (net)
                      0.038489    0.001251    0.195071 ^ _301_/CLK (sg13g2_dfrbpq_1)
     1    0.001829    0.026966    0.255330    0.450401 v _301_/Q (sg13g2_dfrbpq_1)
                                                         CTRL.S0 (net)
                      0.026966    0.000069    0.450470 v hold3/A (sg13g2_dlygate4sd3_1)
     1    0.008197    0.082803    0.614169    1.064639 v hold3/X (sg13g2_dlygate4sd3_1)
                                                         net40 (net)
                      0.082803    0.000335    1.064974 v fanout53/A (sg13g2_buf_8)
     6    0.029807    0.042220    0.143214    1.208187 v fanout53/X (sg13g2_buf_8)
                                                         net53 (net)
                      0.042234    0.001123    1.209311 v fanout52/A (sg13g2_buf_8)
     8    0.037945    0.045972    0.126133    1.335444 v fanout52/X (sg13g2_buf_8)
                                                         net52 (net)
                      0.046009    0.001158    1.336602 v _191_/B (sg13g2_xnor2_1)
     2    0.011482    0.136697    0.192292    1.528894 v _191_/Y (sg13g2_xnor2_1)
                                                         _025_ (net)
                      0.136749    0.000652    1.529546 v _193_/A2 (sg13g2_o21ai_1)
     2    0.012072    0.232787    0.255069    1.784616 ^ _193_/Y (sg13g2_o21ai_1)
                                                         _026_ (net)
                      0.232793    0.000956    1.785572 ^ _197_/A1 (sg13g2_a21oi_1)
     2    0.011277    0.162179    0.222758    2.008330 v _197_/Y (sg13g2_a21oi_1)
                                                         _029_ (net)
                      0.162179    0.000665    2.008995 v _203_/A1 (sg13g2_o21ai_1)
     2    0.010904    0.215857    0.262285    2.271280 ^ _203_/Y (sg13g2_o21ai_1)
                                                         _034_ (net)
                      0.215862    0.000876    2.272156 ^ _207_/A2 (sg13g2_a21oi_1)
     2    0.009675    0.139124    0.208981    2.481137 v _207_/Y (sg13g2_a21oi_1)
                                                         _037_ (net)
                      0.139125    0.000673    2.481810 v _209_/A2 (sg13g2_o21ai_1)
     1    0.005831    0.149098    0.186441    2.668251 ^ _209_/Y (sg13g2_o21ai_1)
                                                         _038_ (net)
                      0.149098    0.000236    2.668487 ^ _211_/A (sg13g2_xnor2_1)
     1    0.001598    0.078786    0.172601    2.841088 ^ _211_/Y (sg13g2_xnor2_1)
                                                         DPATH.SUM.fa_6.S (net)
                      0.078786    0.000063    2.841151 ^ _299_/D (sg13g2_dfrbpq_1)
                                              2.841151   data arrival time

                                  5.000000    5.000000   clock clockone (rise edge)
                                  0.000000    5.000000   clock source latency
     1    0.016836    0.000000    0.000000    5.000000 ^ clk (in)
                                                         clk (net)
                      0.001871    0.000936    5.000936 ^ clkbuf_0_clk/A (sg13g2_buf_8)
     2    0.021077    0.036097    0.086013    5.086949 ^ clkbuf_0_clk/X (sg13g2_buf_8)
                                                         clknet_0_clk (net)
                      0.036103    0.000788    5.087738 ^ clkbuf_1_1__f_clk/A (sg13g2_buf_8)
     5    0.017906    0.035070    0.103572    5.191310 ^ clkbuf_1_1__f_clk/X (sg13g2_buf_8)
                                                         clknet_1_1__leaf_clk (net)
                      0.035073    0.000787    5.192097 ^ _299_/CLK (sg13g2_dfrbpq_1)
                                 -0.200000    4.992097   clock uncertainty
                                  0.000000    4.992097   clock reconvergence pessimism
                                 -0.212244    4.779853   library setup time
                                              4.779853   data required time
---------------------------------------------------------------------------------------------
                                              4.779853   data required time
                                             -2.841151   data arrival time
---------------------------------------------------------------------------------------------
                                              1.938703   slack (MET)


Startpoint: _301_ (rising edge-triggered flip-flop clocked by clockone)
Endpoint: _298_ (rising edge-triggered flip-flop clocked by clockone)
Path Group: clockone
Path Type: max

Fanout         Cap        Slew       Delay        Time   Description
---------------------------------------------------------------------------------------------
                                  0.000000    0.000000   clock clockone (rise edge)
                                  0.000000    0.000000   clock source latency
     1    0.016836    0.000000    0.000000    0.000000 ^ clk (in)
                                                         clk (net)
                      0.001871    0.000936    0.000936 ^ clkbuf_0_clk/A (sg13g2_buf_8)
     2    0.021077    0.036097    0.086014    0.086949 ^ clkbuf_0_clk/X (sg13g2_buf_8)
                                                         clknet_0_clk (net)
                      0.036100    0.000474    0.087423 ^ clkbuf_1_0__f_clk/A (sg13g2_buf_8)
     5    0.022875    0.038476    0.106397    0.193820 ^ clkbuf_1_0__f_clk/X (sg13g2_buf_8)
                                                         clknet_1_0__leaf_clk (net)
                      0.038489    0.001251    0.195071 ^ _301_/CLK (sg13g2_dfrbpq_1)
     1    0.001829    0.026966    0.255330    0.450401 v _301_/Q (sg13g2_dfrbpq_1)
                                                         CTRL.S0 (net)
                      0.026966    0.000069    0.450470 v hold3/A (sg13g2_dlygate4sd3_1)
     1    0.008197    0.082803    0.614169    1.064639 v hold3/X (sg13g2_dlygate4sd3_1)
                                                         net40 (net)
                      0.082803    0.000335    1.064974 v fanout53/A (sg13g2_buf_8)
     6    0.029807    0.042220    0.143214    1.208187 v fanout53/X (sg13g2_buf_8)
                                                         net53 (net)
                      0.042234    0.001123    1.209311 v fanout52/A (sg13g2_buf_8)
     8    0.037945    0.045972    0.126133    1.335444 v fanout52/X (sg13g2_buf_8)
                                                         net52 (net)
                      0.046009    0.001158    1.336602 v _191_/B (sg13g2_xnor2_1)
     2    0.011482    0.136697    0.192292    1.528894 v _191_/Y (sg13g2_xnor2_1)
                                                         _025_ (net)
                      0.136749    0.000652    1.529546 v _193_/A2 (sg13g2_o21ai_1)
     2    0.012072    0.232787    0.255069    1.784616 ^ _193_/Y (sg13g2_o21ai_1)
                                                         _026_ (net)
                      0.232793    0.000956    1.785572 ^ _197_/A1 (sg13g2_a21oi_1)
     2    0.011277    0.162179    0.222758    2.008330 v _197_/Y (sg13g2_a21oi_1)
                                                         _029_ (net)
                      0.162179    0.000665    2.008995 v _203_/A1 (sg13g2_o21ai_1)
     2    0.010904    0.215857    0.262285    2.271280 ^ _203_/Y (sg13g2_o21ai_1)
                                                         _034_ (net)
                      0.215862    0.000876    2.272156 ^ _207_/A2 (sg13g2_a21oi_1)
     2    0.009675    0.139124    0.208981    2.481137 v _207_/Y (sg13g2_a21oi_1)
                                                         _037_ (net)
                      0.139125    0.000678    2.481815 v _208_/B (sg13g2_xor2_1)
     1    0.002321    0.080781    0.180415    2.662230 v _208_/X (sg13g2_xor2_1)
                                                         DPATH.SUM.fa_5.S (net)
                      0.080781    0.000142    2.662372 v _298_/D (sg13g2_dfrbpq_2)
                                              2.662372   data arrival time

                                  5.000000    5.000000   clock clockone (rise edge)
                                  0.000000    5.000000   clock source latency
     1    0.016836    0.000000    0.000000    5.000000 ^ clk (in)
                                                         clk (net)
                      0.001871    0.000936    5.000936 ^ clkbuf_0_clk/A (sg13g2_buf_8)
     2    0.021077    0.036097    0.086013    5.086949 ^ clkbuf_0_clk/X (sg13g2_buf_8)
                                                         clknet_0_clk (net)
                      0.036103    0.000788    5.087738 ^ clkbuf_1_1__f_clk/A (sg13g2_buf_8)
     5    0.017906    0.035070    0.103572    5.191310 ^ clkbuf_1_1__f_clk/X (sg13g2_buf_8)
                                                         clknet_1_1__leaf_clk (net)
                      0.035072    0.000679    5.191989 ^ _298_/CLK (sg13g2_dfrbpq_2)
                                 -0.200000    4.991989   clock uncertainty
                                  0.000000    4.991989   clock reconvergence pessimism
                                 -0.200730    4.791259   library setup time
                                              4.791259   data required time
---------------------------------------------------------------------------------------------
                                              4.791259   data required time
                                             -2.662372   data arrival time
---------------------------------------------------------------------------------------------
                                              2.128886   slack (MET)


Startpoint: _301_ (rising edge-triggered flip-flop clocked by clockone)
Endpoint: _297_ (rising edge-triggered flip-flop clocked by clockone)
Path Group: clockone
Path Type: max

Fanout         Cap        Slew       Delay        Time   Description
---------------------------------------------------------------------------------------------
                                  0.000000    0.000000   clock clockone (rise edge)
                                  0.000000    0.000000   clock source latency
     1    0.016836    0.000000    0.000000    0.000000 ^ clk (in)
                                                         clk (net)
                      0.001871    0.000936    0.000936 ^ clkbuf_0_clk/A (sg13g2_buf_8)
     2    0.021077    0.036097    0.086014    0.086949 ^ clkbuf_0_clk/X (sg13g2_buf_8)
                                                         clknet_0_clk (net)
                      0.036100    0.000474    0.087423 ^ clkbuf_1_0__f_clk/A (sg13g2_buf_8)
     5    0.022875    0.038476    0.106397    0.193820 ^ clkbuf_1_0__f_clk/X (sg13g2_buf_8)
                                                         clknet_1_0__leaf_clk (net)
                      0.038489    0.001251    0.195071 ^ _301_/CLK (sg13g2_dfrbpq_1)
     1    0.001829    0.026966    0.255330    0.450401 v _301_/Q (sg13g2_dfrbpq_1)
                                                         CTRL.S0 (net)
                      0.026966    0.000069    0.450470 v hold3/A (sg13g2_dlygate4sd3_1)
     1    0.008197    0.082803    0.614169    1.064639 v hold3/X (sg13g2_dlygate4sd3_1)
                                                         net40 (net)
                      0.082803    0.000335    1.064974 v fanout53/A (sg13g2_buf_8)
     6    0.029807    0.042220    0.143214    1.208187 v fanout53/X (sg13g2_buf_8)
                                                         net53 (net)
                      0.042234    0.001123    1.209311 v fanout52/A (sg13g2_buf_8)
     8    0.037945    0.045972    0.126133    1.335444 v fanout52/X (sg13g2_buf_8)
                                                         net52 (net)
                      0.046009    0.001158    1.336602 v _191_/B (sg13g2_xnor2_1)
     2    0.011482    0.136697    0.192292    1.528894 v _191_/Y (sg13g2_xnor2_1)
                                                         _025_ (net)
                      0.136749    0.000652    1.529546 v _193_/A2 (sg13g2_o21ai_1)
     2    0.012072    0.232787    0.255069    1.784616 ^ _193_/Y (sg13g2_o21ai_1)
                                                         _026_ (net)
                      0.232793    0.000956    1.785572 ^ _197_/A1 (sg13g2_a21oi_1)
     2    0.011277    0.162179    0.222758    2.008330 v _197_/Y (sg13g2_a21oi_1)
                                                         _029_ (net)
                      0.162179    0.000665    2.008995 v _203_/A1 (sg13g2_o21ai_1)
     2    0.010904    0.215857    0.262285    2.271280 ^ _203_/Y (sg13g2_o21ai_1)
                                                         _034_ (net)
                      0.215861    0.000753    2.272032 ^ _204_/B (sg13g2_xor2_1)
     1    0.002840    0.088321    0.209978    2.482010 ^ _204_/X (sg13g2_xor2_1)
                                                         DPATH.SUM.fa_4.S (net)
                      0.088321    0.000164    2.482174 ^ _297_/D (sg13g2_dfrbpq_1)
                                              2.482174   data arrival time

                                  5.000000    5.000000   clock clockone (rise edge)
                                  0.000000    5.000000   clock source latency
     1    0.016836    0.000000    0.000000    5.000000 ^ clk (in)
                                                         clk (net)
                      0.001871    0.000936    5.000936 ^ clkbuf_0_clk/A (sg13g2_buf_8)
     2    0.021077    0.036097    0.086013    5.086949 ^ clkbuf_0_clk/X (sg13g2_buf_8)
                                                         clknet_0_clk (net)
                      0.036103    0.000788    5.087738 ^ clkbuf_1_1__f_clk/A (sg13g2_buf_8)
     5    0.017906    0.035070    0.103572    5.191310 ^ clkbuf_1_1__f_clk/X (sg13g2_buf_8)
                                                         clknet_1_1__leaf_clk (net)
                      0.035071    0.000353    5.191663 ^ _297_/CLK (sg13g2_dfrbpq_1)
                                 -0.200000    4.991663   clock uncertainty
                                  0.000000    4.991663   clock reconvergence pessimism
                                 -0.216181    4.775482   library setup time
                                              4.775482   data required time
---------------------------------------------------------------------------------------------
                                              4.775482   data required time
                                             -2.482174   data arrival time
---------------------------------------------------------------------------------------------
                                              2.293308   slack (MET)


Startpoint: _295_ (rising edge-triggered flip-flop clocked by clockone)
Endpoint: _301_ (rising edge-triggered flip-flop clocked by clockone)
Path Group: clockone
Path Type: max

Fanout         Cap        Slew       Delay        Time   Description
---------------------------------------------------------------------------------------------
                                  0.000000    0.000000   clock clockone (rise edge)
                                  0.000000    0.000000   clock source latency
     1    0.016836    0.000000    0.000000    0.000000 ^ clk (in)
                                                         clk (net)
                      0.001871    0.000936    0.000936 ^ clkbuf_0_clk/A (sg13g2_buf_8)
     2    0.021077    0.036097    0.086014    0.086949 ^ clkbuf_0_clk/X (sg13g2_buf_8)
                                                         clknet_0_clk (net)
                      0.036103    0.000788    0.087737 ^ clkbuf_1_1__f_clk/A (sg13g2_buf_8)
     5    0.017906    0.035070    0.103572    0.191310 ^ clkbuf_1_1__f_clk/X (sg13g2_buf_8)
                                                         clknet_1_1__leaf_clk (net)
                      0.035070    0.000134    0.191443 ^ _295_/CLK (sg13g2_dfrbpq_1)
     1    0.002504    0.029922    0.256100    0.447543 v _295_/Q (sg13g2_dfrbpq_1)
                                                         DPATH.SUM.fa_2.A (net)
                      0.029922    0.000093    0.447636 v hold5/A (sg13g2_dlygate4sd3_1)
     1    0.008637    0.085017    0.618253    1.065889 v hold5/X (sg13g2_dlygate4sd3_1)
                                                         net42 (net)
                      0.085017    0.000363    1.066252 v fanout70/A (sg13g2_buf_8)
     8    0.053180    0.055700    0.155404    1.221656 v fanout70/X (sg13g2_buf_8)
                                                         net70 (net)
                      0.055788    0.001606    1.223262 v fanout69/A (sg13g2_buf_8)
     8    0.043294    0.049318    0.135029    1.358291 v fanout69/X (sg13g2_buf_8)
                                                         net69 (net)
                      0.049618    0.002601    1.360892 v _140_/B (sg13g2_nor2_2)
     5    0.031489    0.220793    0.200768    1.561660 ^ _140_/Y (sg13g2_nor2_2)
                                                         _109_ (net)
                      0.220887    0.003754    1.565415 ^ _144_/A (sg13g2_nand2_1)
     2    0.007221    0.115729    0.157380    1.722795 v _144_/Y (sg13g2_nand2_1)
                                                         _113_ (net)
                      0.115729    0.000216    1.723011 v _212_/B (sg13g2_nor2_1)
     2    0.009079    0.149988    0.164029    1.887040 ^ _212_/Y (sg13g2_nor2_1)
                                                         net26 (net)
                      0.149995    0.000775    1.887815 ^ _213_/C (sg13g2_nand3_1)
     2    0.010009    0.173957    0.230787    2.118602 v _213_/Y (sg13g2_nand3_1)
                                                         _040_ (net)
                      0.173957    0.000289    2.118891 v _218_/B1 (sg13g2_o21ai_1)
     1    0.003632    0.109801    0.104381    2.223272 ^ _218_/Y (sg13g2_o21ai_1)
                                                         _044_ (net)
                      0.109801    0.000144    2.223416 ^ _219_/A (sg13g2_inv_1)
     1    0.002267    0.039092    0.063881    2.287297 v _219_/Y (sg13g2_inv_1)
                                                         CTRL.P0 (net)
                      0.039092    0.000145    2.287442 v _301_/D (sg13g2_dfrbpq_1)
                                              2.287442   data arrival time

                                  5.000000    5.000000   clock clockone (rise edge)
                                  0.000000    5.000000   clock source latency
     1    0.016836    0.000000    0.000000    5.000000 ^ clk (in)
                                                         clk (net)
                      0.001871    0.000936    5.000936 ^ clkbuf_0_clk/A (sg13g2_buf_8)
     2    0.021077    0.036097    0.086013    5.086949 ^ clkbuf_0_clk/X (sg13g2_buf_8)
                                                         clknet_0_clk (net)
                      0.036100    0.000474    5.087423 ^ clkbuf_1_0__f_clk/A (sg13g2_buf_8)
     5    0.022875    0.038476    0.106398    5.193820 ^ clkbuf_1_0__f_clk/X (sg13g2_buf_8)
                                                         clknet_1_0__leaf_clk (net)
                      0.038489    0.001251    5.195071 ^ _301_/CLK (sg13g2_dfrbpq_1)
                                 -0.200000    4.995071   clock uncertainty
                                  0.000000    4.995071   clock reconvergence pessimism
                                 -0.180964    4.814107   library setup time
                                              4.814107   data required time
---------------------------------------------------------------------------------------------
                                              4.814107   data required time
                                             -2.287442   data arrival time
---------------------------------------------------------------------------------------------
                                              2.526665   slack (MET)


Startpoint: _301_ (rising edge-triggered flip-flop clocked by clockone)
Endpoint: _296_ (rising edge-triggered flip-flop clocked by clockone)
Path Group: clockone
Path Type: max

Fanout         Cap        Slew       Delay        Time   Description
---------------------------------------------------------------------------------------------
                                  0.000000    0.000000   clock clockone (rise edge)
                                  0.000000    0.000000   clock source latency
     1    0.016836    0.000000    0.000000    0.000000 ^ clk (in)
                                                         clk (net)
                      0.001871    0.000936    0.000936 ^ clkbuf_0_clk/A (sg13g2_buf_8)
     2    0.021077    0.036097    0.086014    0.086949 ^ clkbuf_0_clk/X (sg13g2_buf_8)
                                                         clknet_0_clk (net)
                      0.036100    0.000474    0.087423 ^ clkbuf_1_0__f_clk/A (sg13g2_buf_8)
     5    0.022875    0.038476    0.106397    0.193820 ^ clkbuf_1_0__f_clk/X (sg13g2_buf_8)
                                                         clknet_1_0__leaf_clk (net)
                      0.038489    0.001251    0.195071 ^ _301_/CLK (sg13g2_dfrbpq_1)
     1    0.001829    0.026966    0.255330    0.450401 v _301_/Q (sg13g2_dfrbpq_1)
                                                         CTRL.S0 (net)
                      0.026966    0.000069    0.450470 v hold3/A (sg13g2_dlygate4sd3_1)
     1    0.008197    0.082803    0.614169    1.064639 v hold3/X (sg13g2_dlygate4sd3_1)
                                                         net40 (net)
                      0.082803    0.000335    1.064974 v fanout53/A (sg13g2_buf_8)
     6    0.029807    0.042220    0.143214    1.208187 v fanout53/X (sg13g2_buf_8)
                                                         net53 (net)
                      0.042234    0.001123    1.209311 v fanout52/A (sg13g2_buf_8)
     8    0.037945    0.045972    0.126133    1.335444 v fanout52/X (sg13g2_buf_8)
                                                         net52 (net)
                      0.046009    0.001158    1.336602 v _191_/B (sg13g2_xnor2_1)
     2    0.011482    0.136697    0.192292    1.528894 v _191_/Y (sg13g2_xnor2_1)
                                                         _025_ (net)
                      0.136749    0.000652    1.529546 v _193_/A2 (sg13g2_o21ai_1)
     2    0.012072    0.232787    0.255069    1.784616 ^ _193_/Y (sg13g2_o21ai_1)
                                                         _026_ (net)
                      0.232793    0.000956    1.785572 ^ _197_/A1 (sg13g2_a21oi_1)
     2    0.011277    0.162179    0.222758    2.008330 v _197_/Y (sg13g2_a21oi_1)
                                                         _029_ (net)
                      0.162179    0.000684    2.009015 v _200_/A (sg13g2_xor2_1)
     1    0.003172    0.089847    0.201169    2.210184 v _200_/X (sg13g2_xor2_1)
                                                         DPATH.SUM.fa_3.S (net)
                      0.089847    0.000180    2.210364 v _296_/D (sg13g2_dfrbpq_1)
                                              2.210364   data arrival time

                                  5.000000    5.000000   clock clockone (rise edge)
                                  0.000000    5.000000   clock source latency
     1    0.016836    0.000000    0.000000    5.000000 ^ clk (in)
                                                         clk (net)
                      0.001871    0.000936    5.000936 ^ clkbuf_0_clk/A (sg13g2_buf_8)
     2    0.021077    0.036097    0.086013    5.086949 ^ clkbuf_0_clk/X (sg13g2_buf_8)
                                                         clknet_0_clk (net)
                      0.036100    0.000474    5.087423 ^ clkbuf_1_0__f_clk/A (sg13g2_buf_8)
     5    0.022875    0.038476    0.106398    5.193820 ^ clkbuf_1_0__f_clk/X (sg13g2_buf_8)
                                                         clknet_1_0__leaf_clk (net)
                      0.038487    0.001172    5.194993 ^ _296_/CLK (sg13g2_dfrbpq_1)
                                 -0.200000    4.994993   clock uncertainty
                                  0.000000    4.994993   clock reconvergence pessimism
                                 -0.203970    4.791022   library setup time
                                              4.791022   data required time
---------------------------------------------------------------------------------------------
                                              4.791022   data required time
                                             -2.210364   data arrival time
---------------------------------------------------------------------------------------------
                                              2.580658   slack (MET)


Startpoint: _301_ (rising edge-triggered flip-flop clocked by clockone)
Endpoint: _295_ (rising edge-triggered flip-flop clocked by clockone)
Path Group: clockone
Path Type: max

Fanout         Cap        Slew       Delay        Time   Description
---------------------------------------------------------------------------------------------
                                  0.000000    0.000000   clock clockone (rise edge)
                                  0.000000    0.000000   clock source latency
     1    0.016836    0.000000    0.000000    0.000000 ^ clk (in)
                                                         clk (net)
                      0.001871    0.000936    0.000936 ^ clkbuf_0_clk/A (sg13g2_buf_8)
     2    0.021077    0.036097    0.086014    0.086949 ^ clkbuf_0_clk/X (sg13g2_buf_8)
                                                         clknet_0_clk (net)
                      0.036100    0.000474    0.087423 ^ clkbuf_1_0__f_clk/A (sg13g2_buf_8)
     5    0.022875    0.038476    0.106397    0.193820 ^ clkbuf_1_0__f_clk/X (sg13g2_buf_8)
                                                         clknet_1_0__leaf_clk (net)
                      0.038489    0.001251    0.195071 ^ _301_/CLK (sg13g2_dfrbpq_1)
     1    0.001829    0.026966    0.255330    0.450401 v _301_/Q (sg13g2_dfrbpq_1)
                                                         CTRL.S0 (net)
                      0.026966    0.000069    0.450470 v hold3/A (sg13g2_dlygate4sd3_1)
     1    0.008197    0.082803    0.614169    1.064639 v hold3/X (sg13g2_dlygate4sd3_1)
                                                         net40 (net)
                      0.082803    0.000335    1.064974 v fanout53/A (sg13g2_buf_8)
     6    0.029807    0.042220    0.143214    1.208187 v fanout53/X (sg13g2_buf_8)
                                                         net53 (net)
                      0.042234    0.001123    1.209311 v fanout52/A (sg13g2_buf_8)
     8    0.037945    0.045972    0.126133    1.335444 v fanout52/X (sg13g2_buf_8)
                                                         net52 (net)
                      0.046009    0.001158    1.336602 v _191_/B (sg13g2_xnor2_1)
     2    0.011482    0.136697    0.192292    1.528894 v _191_/Y (sg13g2_xnor2_1)
                                                         _025_ (net)
                      0.136749    0.000652    1.529546 v _193_/A2 (sg13g2_o21ai_1)
     2    0.012072    0.232787    0.255069    1.784616 ^ _193_/Y (sg13g2_o21ai_1)
                                                         _026_ (net)
                      0.232792    0.000864    1.785480 ^ _196_/A (sg13g2_xor2_1)
     1    0.003106    0.096529    0.226002    2.011482 ^ _196_/X (sg13g2_xor2_1)
                                                         DPATH.SUM.fa_2.S (net)
                      0.096529    0.000170    2.011652 ^ _295_/D (sg13g2_dfrbpq_1)
                                              2.011652   data arrival time

                                  5.000000    5.000000   clock clockone (rise edge)
                                  0.000000    5.000000   clock source latency
     1    0.016836    0.000000    0.000000    5.000000 ^ clk (in)
                                                         clk (net)
                      0.001871    0.000936    5.000936 ^ clkbuf_0_clk/A (sg13g2_buf_8)
     2    0.021077    0.036097    0.086013    5.086949 ^ clkbuf_0_clk/X (sg13g2_buf_8)
                                                         clknet_0_clk (net)
                      0.036103    0.000788    5.087738 ^ clkbuf_1_1__f_clk/A (sg13g2_buf_8)
     5    0.017906    0.035070    0.103572    5.191310 ^ clkbuf_1_1__f_clk/X (sg13g2_buf_8)
                                                         clknet_1_1__leaf_clk (net)
                      0.035070    0.000133    5.191443 ^ _295_/CLK (sg13g2_dfrbpq_1)
                                 -0.200000    4.991443   clock uncertainty
                                  0.000000    4.991443   clock reconvergence pessimism
                                 -0.219570    4.771873   library setup time
                                              4.771873   data required time
---------------------------------------------------------------------------------------------
                                              4.771873   data required time
                                             -2.011652   data arrival time
---------------------------------------------------------------------------------------------
                                              2.760221   slack (MET)


Startpoint: _301_ (rising edge-triggered flip-flop clocked by clockone)
Endpoint: _294_ (rising edge-triggered flip-flop clocked by clockone)
Path Group: clockone
Path Type: max

Fanout         Cap        Slew       Delay        Time   Description
---------------------------------------------------------------------------------------------
                                  0.000000    0.000000   clock clockone (rise edge)
                                  0.000000    0.000000   clock source latency
     1    0.016836    0.000000    0.000000    0.000000 ^ clk (in)
                                                         clk (net)
                      0.001871    0.000936    0.000936 ^ clkbuf_0_clk/A (sg13g2_buf_8)
     2    0.021077    0.036097    0.086014    0.086949 ^ clkbuf_0_clk/X (sg13g2_buf_8)
                                                         clknet_0_clk (net)
                      0.036100    0.000474    0.087423 ^ clkbuf_1_0__f_clk/A (sg13g2_buf_8)
     5    0.022875    0.038476    0.106397    0.193820 ^ clkbuf_1_0__f_clk/X (sg13g2_buf_8)
                                                         clknet_1_0__leaf_clk (net)
                      0.038489    0.001251    0.195071 ^ _301_/CLK (sg13g2_dfrbpq_1)
     1    0.001829    0.026966    0.255330    0.450401 v _301_/Q (sg13g2_dfrbpq_1)
                                                         CTRL.S0 (net)
                      0.026966    0.000069    0.450470 v hold3/A (sg13g2_dlygate4sd3_1)
     1    0.008197    0.082803    0.614169    1.064639 v hold3/X (sg13g2_dlygate4sd3_1)
                                                         net40 (net)
                      0.082803    0.000335    1.064974 v fanout53/A (sg13g2_buf_8)
     6    0.029807    0.042220    0.143214    1.208187 v fanout53/X (sg13g2_buf_8)
                                                         net53 (net)
                      0.042234    0.001123    1.209311 v fanout52/A (sg13g2_buf_8)
     8    0.037945    0.045972    0.126133    1.335444 v fanout52/X (sg13g2_buf_8)
                                                         net52 (net)
                      0.046009    0.001158    1.336602 v _191_/B (sg13g2_xnor2_1)
     2    0.011835    0.190931    0.182835    1.519437 ^ _191_/Y (sg13g2_xnor2_1)
                                                         _025_ (net)
                      0.190936    0.000761    1.520198 ^ _192_/B (sg13g2_xnor2_1)
     1    0.003360    0.112858    0.187759    1.707956 ^ _192_/Y (sg13g2_xnor2_1)
                                                         DPATH.SUM.fa_1.S (net)
                      0.112858    0.000185    1.708142 ^ _294_/D (sg13g2_dfrbpq_1)
                                              1.708142   data arrival time

                                  5.000000    5.000000   clock clockone (rise edge)
                                  0.000000    5.000000   clock source latency
     1    0.016836    0.000000    0.000000    5.000000 ^ clk (in)
                                                         clk (net)
                      0.001871    0.000936    5.000936 ^ clkbuf_0_clk/A (sg13g2_buf_8)
     2    0.021077    0.036097    0.086013    5.086949 ^ clkbuf_0_clk/X (sg13g2_buf_8)
                                                         clknet_0_clk (net)
                      0.036100    0.000474    5.087423 ^ clkbuf_1_0__f_clk/A (sg13g2_buf_8)
     5    0.022875    0.038476    0.106398    5.193820 ^ clkbuf_1_0__f_clk/X (sg13g2_buf_8)
                                                         clknet_1_0__leaf_clk (net)
                      0.038490    0.001325    5.195146 ^ _294_/CLK (sg13g2_dfrbpq_1)
                                 -0.200000    4.995146   clock uncertainty
                                  0.000000    4.995146   clock reconvergence pessimism
                                 -0.225606    4.769539   library setup time
                                              4.769539   data required time
---------------------------------------------------------------------------------------------
                                              4.769539   data required time
                                             -1.708142   data arrival time
---------------------------------------------------------------------------------------------
                                              3.061398   slack (MET)


Startpoint: _293_ (rising edge-triggered flip-flop clocked by clockone)
Endpoint: _293_ (rising edge-triggered flip-flop clocked by clockone)
Path Group: clockone
Path Type: max

Fanout         Cap        Slew       Delay        Time   Description
---------------------------------------------------------------------------------------------
                                  0.000000    0.000000   clock clockone (rise edge)
                                  0.000000    0.000000   clock source latency
     1    0.016836    0.000000    0.000000    0.000000 ^ clk (in)
                                                         clk (net)
                      0.001871    0.000936    0.000936 ^ clkbuf_0_clk/A (sg13g2_buf_8)
     2    0.021077    0.036097    0.086014    0.086949 ^ clkbuf_0_clk/X (sg13g2_buf_8)
                                                         clknet_0_clk (net)
                      0.036100    0.000474    0.087423 ^ clkbuf_1_0__f_clk/A (sg13g2_buf_8)
     5    0.022875    0.038476    0.106397    0.193820 ^ clkbuf_1_0__f_clk/X (sg13g2_buf_8)
                                                         clknet_1_0__leaf_clk (net)
                      0.038476    0.000539    0.194359 ^ _293_/CLK (sg13g2_dfrbpq_1)
     1    0.002200    0.028592    0.256808    0.451167 v _293_/Q (sg13g2_dfrbpq_1)
                                                         DPATH.SUM.Cout0 (net)
                      0.028592    0.000084    0.451252 v hold4/A (sg13g2_dlygate4sd3_1)
     1    0.009247    0.088131    0.620897    1.072149 v hold4/X (sg13g2_dlygate4sd3_1)
                                                         net41 (net)
                      0.088131    0.000396    1.072544 v fanout74/A (sg13g2_buf_8)
     7    0.037247    0.046307    0.149474    1.222018 v fanout74/X (sg13g2_buf_8)
                                                         net74 (net)
                      0.046366    0.001917    1.223935 v fanout73/A (sg13g2_buf_8)
     8    0.042300    0.048622    0.129512    1.353446 v fanout73/X (sg13g2_buf_8)
                                                         net73 (net)
                      0.048823    0.002049    1.355495 v _128_/A (sg13g2_inv_2)
     5    0.016106    0.063018    0.069291    1.424786 ^ _128_/Y (sg13g2_inv_2)
                                                         DPATH.SUM.ha_0.S (net)
                      0.063028    0.000655    1.425440 ^ _293_/D (sg13g2_dfrbpq_1)
                                              1.425440   data arrival time

                                  5.000000    5.000000   clock clockone (rise edge)
                                  0.000000    5.000000   clock source latency
     1    0.016836    0.000000    0.000000    5.000000 ^ clk (in)
                                                         clk (net)
                      0.001871    0.000936    5.000936 ^ clkbuf_0_clk/A (sg13g2_buf_8)
     2    0.021077    0.036097    0.086013    5.086949 ^ clkbuf_0_clk/X (sg13g2_buf_8)
                                                         clknet_0_clk (net)
                      0.036100    0.000474    5.087423 ^ clkbuf_1_0__f_clk/A (sg13g2_buf_8)
     5    0.022875    0.038476    0.106398    5.193820 ^ clkbuf_1_0__f_clk/X (sg13g2_buf_8)
                                                         clknet_1_0__leaf_clk (net)
                      0.038476    0.000539    5.194359 ^ _293_/CLK (sg13g2_dfrbpq_1)
                                 -0.200000    4.994359   clock uncertainty
                                  0.000000    4.994359   clock reconvergence pessimism
                                 -0.205043    4.789316   library setup time
                                              4.789316   data required time
---------------------------------------------------------------------------------------------
                                              4.789316   data required time
                                             -1.425440   data arrival time
---------------------------------------------------------------------------------------------
                                              3.363876   slack (MET)



