
===========================================================================
report_checks -path_delay min (Hold)
============================================================================
======================= nom_slow_1p08V_125C Corner ===================================

Startpoint: _296_ (rising edge-triggered flip-flop clocked by clockone)
Endpoint: _296_ (rising edge-triggered flip-flop clocked by clockone)
Path Group: clockone
Path Type: min

Fanout         Cap        Slew       Delay        Time   Description
---------------------------------------------------------------------------------------------
                                  0.000000    0.000000   clock clockone (rise edge)
                                  0.000000    0.000000   clock source latency
     1    0.016836    0.000000    0.000000    0.000000 ^ clk (in)
                                                         clk (net)
                      0.001871    0.000936    0.000936 ^ clkbuf_0_clk/A (sg13g2_buf_8)
     2    0.021077    0.036097    0.086014    0.086949 ^ clkbuf_0_clk/X (sg13g2_buf_8)
                                                         clknet_0_clk (net)
                      0.036100    0.000474    0.087423 ^ clkbuf_1_0__f_clk/A (sg13g2_buf_8)
     5    0.022875    0.038476    0.106397    0.193820 ^ clkbuf_1_0__f_clk/X (sg13g2_buf_8)
                                                         clknet_1_0__leaf_clk (net)
                      0.038487    0.001172    0.194993 ^ _296_/CLK (sg13g2_dfrbpq_1)
     2    0.011167    0.070190    0.292484    0.487477 v _296_/Q (sg13g2_dfrbpq_1)
                                                         DPATH.SUM.fa_3.A (net)
                      0.070197    0.000744    0.488221 v fanout67/A (sg13g2_buf_8)
     8    0.041133    0.048096    0.142036    0.630257 v fanout67/X (sg13g2_buf_8)
                                                         net67 (net)
                      0.048631    0.003021    0.633277 v _199_/A (sg13g2_xnor2_1)
     2    0.010777    0.120923    0.155853    0.789130 v _199_/Y (sg13g2_xnor2_1)
                                                         _031_ (net)
                      0.120966    0.000588    0.789718 v _200_/B (sg13g2_xor2_1)
     1    0.003172    0.044350    0.118254    0.907972 v _200_/X (sg13g2_xor2_1)
                                                         DPATH.SUM.fa_3.S (net)
                      0.044350    0.000180    0.908152 v _296_/D (sg13g2_dfrbpq_1)
                                              0.908152   data arrival time

                                  0.000000    0.000000   clock clockone (rise edge)
                                  0.000000    0.000000   clock source latency
     1    0.016836    0.000000    0.000000    0.000000 ^ clk (in)
                                                         clk (net)
                      0.001871    0.000936    0.000936 ^ clkbuf_0_clk/A (sg13g2_buf_8)
     2    0.021077    0.036097    0.086014    0.086949 ^ clkbuf_0_clk/X (sg13g2_buf_8)
                                                         clknet_0_clk (net)
                      0.036100    0.000474    0.087423 ^ clkbuf_1_0__f_clk/A (sg13g2_buf_8)
     5    0.022875    0.038476    0.106397    0.193820 ^ clkbuf_1_0__f_clk/X (sg13g2_buf_8)
                                                         clknet_1_0__leaf_clk (net)
                      0.038487    0.001172    0.194993 ^ _296_/CLK (sg13g2_dfrbpq_1)
                                  0.200000    0.394993   clock uncertainty
                                  0.000000    0.394993   clock reconvergence pessimism
                                 -0.053542    0.341451   library hold time
                                              0.341451   data required time
---------------------------------------------------------------------------------------------
                                              0.341451   data required time
                                             -0.908152   data arrival time
---------------------------------------------------------------------------------------------
                                              0.566701   slack (MET)


Startpoint: _298_ (rising edge-triggered flip-flop clocked by clockone)
Endpoint: _299_ (rising edge-triggered flip-flop clocked by clockone)
Path Group: clockone
Path Type: min

Fanout         Cap        Slew       Delay        Time   Description
---------------------------------------------------------------------------------------------
                                  0.000000    0.000000   clock clockone (rise edge)
                                  0.000000    0.000000   clock source latency
     1    0.016836    0.000000    0.000000    0.000000 ^ clk (in)
                                                         clk (net)
                      0.001871    0.000936    0.000936 ^ clkbuf_0_clk/A (sg13g2_buf_8)
     2    0.021077    0.036097    0.086014    0.086949 ^ clkbuf_0_clk/X (sg13g2_buf_8)
                                                         clknet_0_clk (net)
                      0.036103    0.000788    0.087737 ^ clkbuf_1_1__f_clk/A (sg13g2_buf_8)
     5    0.017906    0.035070    0.103572    0.191310 ^ clkbuf_1_1__f_clk/X (sg13g2_buf_8)
                                                         clknet_1_1__leaf_clk (net)
                      0.035072    0.000679    0.191989 ^ _298_/CLK (sg13g2_dfrbpq_2)
     3    0.022182    0.075472    0.313653    0.505641 v _298_/Q (sg13g2_dfrbpq_2)
                                                         DPATH.SUM.fa_5.A (net)
                      0.075506    0.001535    0.507176 v fanout59/A (sg13g2_buf_8)
     6    0.040160    0.047768    0.143805    0.650981 v fanout59/X (sg13g2_buf_8)
                                                         net59 (net)
                      0.048130    0.002816    0.653797 v _205_/A (sg13g2_nand2_1)
     1    0.005135    0.050070    0.061781    0.715577 ^ _205_/Y (sg13g2_nand2_1)
                                                         _035_ (net)
                      0.050070    0.000211    0.715789 ^ _209_/B1 (sg13g2_o21ai_1)
     1    0.005730    0.076976    0.090737    0.806525 v _209_/Y (sg13g2_o21ai_1)
                                                         _038_ (net)
                      0.076976    0.000232    0.806757 v _211_/A (sg13g2_xnor2_1)
     1    0.001618    0.042180    0.104480    0.911237 v _211_/Y (sg13g2_xnor2_1)
                                                         DPATH.SUM.fa_6.S (net)
                      0.042180    0.000063    0.911300 v _299_/D (sg13g2_dfrbpq_1)
                                              0.911300   data arrival time

                                  0.000000    0.000000   clock clockone (rise edge)
                                  0.000000    0.000000   clock source latency
     1    0.016836    0.000000    0.000000    0.000000 ^ clk (in)
                                                         clk (net)
                      0.001871    0.000936    0.000936 ^ clkbuf_0_clk/A (sg13g2_buf_8)
     2    0.021077    0.036097    0.086014    0.086949 ^ clkbuf_0_clk/X (sg13g2_buf_8)
                                                         clknet_0_clk (net)
                      0.036103    0.000788    0.087737 ^ clkbuf_1_1__f_clk/A (sg13g2_buf_8)
     5    0.017906    0.035070    0.103572    0.191310 ^ clkbuf_1_1__f_clk/X (sg13g2_buf_8)
                                                         clknet_1_1__leaf_clk (net)
                      0.035073    0.000788    0.192097 ^ _299_/CLK (sg13g2_dfrbpq_1)
                                  0.200000    0.392097   clock uncertainty
                                  0.000000    0.392097   clock reconvergence pessimism
                                 -0.053652    0.338446   library hold time
                                              0.338446   data required time
---------------------------------------------------------------------------------------------
                                              0.338446   data required time
                                             -0.911300   data arrival time
---------------------------------------------------------------------------------------------
                                              0.572855   slack (MET)


Startpoint: _297_ (rising edge-triggered flip-flop clocked by clockone)
Endpoint: _297_ (rising edge-triggered flip-flop clocked by clockone)
Path Group: clockone
Path Type: min

Fanout         Cap        Slew       Delay        Time   Description
---------------------------------------------------------------------------------------------
                                  0.000000    0.000000   clock clockone (rise edge)
                                  0.000000    0.000000   clock source latency
     1    0.016836    0.000000    0.000000    0.000000 ^ clk (in)
                                                         clk (net)
                      0.001871    0.000936    0.000936 ^ clkbuf_0_clk/A (sg13g2_buf_8)
     2    0.021077    0.036097    0.086014    0.086949 ^ clkbuf_0_clk/X (sg13g2_buf_8)
                                                         clknet_0_clk (net)
                      0.036103    0.000788    0.087737 ^ clkbuf_1_1__f_clk/A (sg13g2_buf_8)
     5    0.017906    0.035070    0.103572    0.191310 ^ clkbuf_1_1__f_clk/X (sg13g2_buf_8)
                                                         clknet_1_1__leaf_clk (net)
                      0.035071    0.000353    0.191663 ^ _297_/CLK (sg13g2_dfrbpq_1)
     2    0.005118    0.041358    0.266566    0.458229 v _297_/Q (sg13g2_dfrbpq_1)
                                                         DPATH.SUM.fa_4.A (net)
                      0.041358    0.000156    0.458385 v fanout64/A (sg13g2_buf_2)
     4    0.033368    0.103170    0.170402    0.628787 v fanout64/X (sg13g2_buf_2)
                                                         net64 (net)
                      0.103271    0.002894    0.631681 v _202_/A (sg13g2_xor2_1)
     2    0.010980    0.079898    0.176777    0.808458 v _202_/X (sg13g2_xor2_1)
                                                         _033_ (net)
                      0.079902    0.000697    0.809155 v _204_/A (sg13g2_xor2_1)
     1    0.002859    0.043031    0.108168    0.917323 v _204_/X (sg13g2_xor2_1)
                                                         DPATH.SUM.fa_4.S (net)
                      0.043031    0.000166    0.917489 v _297_/D (sg13g2_dfrbpq_1)
                                              0.917489   data arrival time

                                  0.000000    0.000000   clock clockone (rise edge)
                                  0.000000    0.000000   clock source latency
     1    0.016836    0.000000    0.000000    0.000000 ^ clk (in)
                                                         clk (net)
                      0.001871    0.000936    0.000936 ^ clkbuf_0_clk/A (sg13g2_buf_8)
     2    0.021077    0.036097    0.086014    0.086949 ^ clkbuf_0_clk/X (sg13g2_buf_8)
                                                         clknet_0_clk (net)
                      0.036103    0.000788    0.087737 ^ clkbuf_1_1__f_clk/A (sg13g2_buf_8)
     5    0.017906    0.035070    0.103572    0.191310 ^ clkbuf_1_1__f_clk/X (sg13g2_buf_8)
                                                         clknet_1_1__leaf_clk (net)
                      0.035071    0.000353    0.191663 ^ _297_/CLK (sg13g2_dfrbpq_1)
                                  0.200000    0.391663   clock uncertainty
                                  0.000000    0.391663   clock reconvergence pessimism
                                 -0.053995    0.337668   library hold time
                                              0.337668   data required time
---------------------------------------------------------------------------------------------
                                              0.337668   data required time
                                             -0.917489   data arrival time
---------------------------------------------------------------------------------------------
                                              0.579821   slack (MET)


Startpoint: _298_ (rising edge-triggered flip-flop clocked by clockone)
Endpoint: _298_ (rising edge-triggered flip-flop clocked by clockone)
Path Group: clockone
Path Type: min

Fanout         Cap        Slew       Delay        Time   Description
---------------------------------------------------------------------------------------------
                                  0.000000    0.000000   clock clockone (rise edge)
                                  0.000000    0.000000   clock source latency
     1    0.016836    0.000000    0.000000    0.000000 ^ clk (in)
                                                         clk (net)
                      0.001871    0.000936    0.000936 ^ clkbuf_0_clk/A (sg13g2_buf_8)
     2    0.021077    0.036097    0.086014    0.086949 ^ clkbuf_0_clk/X (sg13g2_buf_8)
                                                         clknet_0_clk (net)
                      0.036103    0.000788    0.087737 ^ clkbuf_1_1__f_clk/A (sg13g2_buf_8)
     5    0.017906    0.035070    0.103572    0.191310 ^ clkbuf_1_1__f_clk/X (sg13g2_buf_8)
                                                         clknet_1_1__leaf_clk (net)
                      0.035072    0.000679    0.191989 ^ _298_/CLK (sg13g2_dfrbpq_2)
     3    0.022182    0.075472    0.313653    0.505641 v _298_/Q (sg13g2_dfrbpq_2)
                                                         DPATH.SUM.fa_5.A (net)
                      0.075506    0.001535    0.507176 v fanout59/A (sg13g2_buf_8)
     6    0.040160    0.047768    0.143805    0.650981 v fanout59/X (sg13g2_buf_8)
                                                         net59 (net)
                      0.048215    0.003231    0.654212 v _206_/A (sg13g2_xnor2_1)
     2    0.011327    0.125835    0.159404    0.813617 v _206_/Y (sg13g2_xnor2_1)
                                                         _036_ (net)
                      0.125842    0.000789    0.814405 v _208_/A (sg13g2_xor2_1)
     1    0.002321    0.041101    0.122393    0.936798 v _208_/X (sg13g2_xor2_1)
                                                         DPATH.SUM.fa_5.S (net)
                      0.041101    0.000142    0.936940 v _298_/D (sg13g2_dfrbpq_2)
                                              0.936940   data arrival time

                                  0.000000    0.000000   clock clockone (rise edge)
                                  0.000000    0.000000   clock source latency
     1    0.016836    0.000000    0.000000    0.000000 ^ clk (in)
                                                         clk (net)
                      0.001871    0.000936    0.000936 ^ clkbuf_0_clk/A (sg13g2_buf_8)
     2    0.021077    0.036097    0.086014    0.086949 ^ clkbuf_0_clk/X (sg13g2_buf_8)
                                                         clknet_0_clk (net)
                      0.036103    0.000788    0.087737 ^ clkbuf_1_1__f_clk/A (sg13g2_buf_8)
     5    0.017906    0.035070    0.103572    0.191310 ^ clkbuf_1_1__f_clk/X (sg13g2_buf_8)
                                                         clknet_1_1__leaf_clk (net)
                      0.035072    0.000679    0.191989 ^ _298_/CLK (sg13g2_dfrbpq_2)
                                  0.200000    0.391989   clock uncertainty
                                  0.000000    0.391989   clock reconvergence pessimism
                                 -0.053248    0.338741   library hold time
                                              0.338741   data required time
---------------------------------------------------------------------------------------------
                                              0.338741   data required time
                                             -0.936940   data arrival time
---------------------------------------------------------------------------------------------
                                              0.598199   slack (MET)


Startpoint: _298_ (rising edge-triggered flip-flop clocked by clockone)
Endpoint: _301_ (rising edge-triggered flip-flop clocked by clockone)
Path Group: clockone
Path Type: min

Fanout         Cap        Slew       Delay        Time   Description
---------------------------------------------------------------------------------------------
                                  0.000000    0.000000   clock clockone (rise edge)
                                  0.000000    0.000000   clock source latency
     1    0.016836    0.000000    0.000000    0.000000 ^ clk (in)
                                                         clk (net)
                      0.001871    0.000936    0.000936 ^ clkbuf_0_clk/A (sg13g2_buf_8)
     2    0.021077    0.036097    0.086014    0.086949 ^ clkbuf_0_clk/X (sg13g2_buf_8)
                                                         clknet_0_clk (net)
                      0.036103    0.000788    0.087737 ^ clkbuf_1_1__f_clk/A (sg13g2_buf_8)
     5    0.017906    0.035070    0.103572    0.191310 ^ clkbuf_1_1__f_clk/X (sg13g2_buf_8)
                                                         clknet_1_1__leaf_clk (net)
                      0.035072    0.000679    0.191989 ^ _298_/CLK (sg13g2_dfrbpq_2)
     3    0.022182    0.075472    0.313653    0.505641 v _298_/Q (sg13g2_dfrbpq_2)
                                                         DPATH.SUM.fa_5.A (net)
                      0.075506    0.001535    0.507176 v fanout59/A (sg13g2_buf_8)
     6    0.040160    0.047768    0.143805    0.650981 v fanout59/X (sg13g2_buf_8)
                                                         net59 (net)
                      0.048590    0.004769    0.655750 v _182_/A (sg13g2_nand2_1)
     1    0.003434    0.040778    0.053993    0.709743 ^ _182_/Y (sg13g2_nand2_1)
                                                         _020_ (net)
                      0.040778    0.000135    0.709879 ^ _217_/A (sg13g2_nor3_1)
     1    0.005236    0.049336    0.066924    0.776803 v _217_/Y (sg13g2_nor3_1)
                                                         _043_ (net)
                      0.049337    0.000217    0.777020 v _218_/A2 (sg13g2_o21ai_1)
     1    0.003632    0.071896    0.127120    0.904140 ^ _218_/Y (sg13g2_o21ai_1)
                                                         _044_ (net)
                      0.071896    0.000144    0.904284 ^ _219_/A (sg13g2_inv_1)
     1    0.002267    0.031568    0.051804    0.956088 v _219_/Y (sg13g2_inv_1)
                                                         CTRL.P0 (net)
                      0.031568    0.000145    0.956233 v _301_/D (sg13g2_dfrbpq_1)
                                              0.956233   data arrival time

                                  0.000000    0.000000   clock clockone (rise edge)
                                  0.000000    0.000000   clock source latency
     1    0.016836    0.000000    0.000000    0.000000 ^ clk (in)
                                                         clk (net)
                      0.001871    0.000936    0.000936 ^ clkbuf_0_clk/A (sg13g2_buf_8)
     2    0.021077    0.036097    0.086014    0.086949 ^ clkbuf_0_clk/X (sg13g2_buf_8)
                                                         clknet_0_clk (net)
                      0.036100    0.000474    0.087423 ^ clkbuf_1_0__f_clk/A (sg13g2_buf_8)
     5    0.022875    0.038476    0.106397    0.193820 ^ clkbuf_1_0__f_clk/X (sg13g2_buf_8)
                                                         clknet_1_0__leaf_clk (net)
                      0.038489    0.001251    0.195071 ^ _301_/CLK (sg13g2_dfrbpq_1)
                                  0.200000    0.395071   clock uncertainty
                                  0.000000    0.395071   clock reconvergence pessimism
                                 -0.048393    0.346678   library hold time
                                              0.346678   data required time
---------------------------------------------------------------------------------------------
                                              0.346678   data required time
                                             -0.956233   data arrival time
---------------------------------------------------------------------------------------------
                                              0.609555   slack (MET)


Startpoint: _294_ (rising edge-triggered flip-flop clocked by clockone)
Endpoint: _294_ (rising edge-triggered flip-flop clocked by clockone)
Path Group: clockone
Path Type: min

Fanout         Cap        Slew       Delay        Time   Description
---------------------------------------------------------------------------------------------
                                  0.000000    0.000000   clock clockone (rise edge)
                                  0.000000    0.000000   clock source latency
     1    0.016836    0.000000    0.000000    0.000000 ^ clk (in)
                                                         clk (net)
                      0.001871    0.000936    0.000936 ^ clkbuf_0_clk/A (sg13g2_buf_8)
     2    0.021077    0.036097    0.086014    0.086949 ^ clkbuf_0_clk/X (sg13g2_buf_8)
                                                         clknet_0_clk (net)
                      0.036100    0.000474    0.087423 ^ clkbuf_1_0__f_clk/A (sg13g2_buf_8)
     5    0.022875    0.038476    0.106397    0.193820 ^ clkbuf_1_0__f_clk/X (sg13g2_buf_8)
                                                         clknet_1_0__leaf_clk (net)
                      0.038490    0.001325    0.195146 ^ _294_/CLK (sg13g2_dfrbpq_1)
     2    0.011482    0.071726    0.293753    0.488899 v _294_/Q (sg13g2_dfrbpq_1)
                                                         DPATH.SUM.fa_1.A (net)
                      0.071732    0.000727    0.489626 v fanout72/A (sg13g2_buf_8)
     8    0.041203    0.048158    0.142904    0.632530 v fanout72/X (sg13g2_buf_8)
                                                         net72 (net)
                      0.048730    0.003248    0.635778 v fanout71/A (sg13g2_buf_8)
     8    0.045002    0.050248    0.132790    0.768568 v fanout71/X (sg13g2_buf_8)
                                                         net71 (net)
                      0.050493    0.002404    0.770972 v _191_/A (sg13g2_xnor2_1)
     2    0.011482    0.127383    0.161645    0.932616 v _191_/Y (sg13g2_xnor2_1)
                                                         _025_ (net)
                      0.127389    0.000743    0.933359 v _192_/B (sg13g2_xnor2_1)
     1    0.003379    0.057236    0.123507    1.056866 v _192_/Y (sg13g2_xnor2_1)
                                                         DPATH.SUM.fa_1.S (net)
                      0.057236    0.000187    1.057053 v _294_/D (sg13g2_dfrbpq_1)
                                              1.057053   data arrival time

                                  0.000000    0.000000   clock clockone (rise edge)
                                  0.000000    0.000000   clock source latency
     1    0.016836    0.000000    0.000000    0.000000 ^ clk (in)
                                                         clk (net)
                      0.001871    0.000936    0.000936 ^ clkbuf_0_clk/A (sg13g2_buf_8)
     2    0.021077    0.036097    0.086014    0.086949 ^ clkbuf_0_clk/X (sg13g2_buf_8)
                                                         clknet_0_clk (net)
                      0.036100    0.000474    0.087423 ^ clkbuf_1_0__f_clk/A (sg13g2_buf_8)
     5    0.022875    0.038476    0.106397    0.193820 ^ clkbuf_1_0__f_clk/X (sg13g2_buf_8)
                                                         clknet_1_0__leaf_clk (net)
                      0.038490    0.001325    0.195146 ^ _294_/CLK (sg13g2_dfrbpq_1)
                                  0.200000    0.395146   clock uncertainty
                                  0.000000    0.395146   clock reconvergence pessimism
                                 -0.058731    0.336415   library hold time
                                              0.336415   data required time
---------------------------------------------------------------------------------------------
                                              0.336415   data required time
                                             -1.057053   data arrival time
---------------------------------------------------------------------------------------------
                                              0.720638   slack (MET)


Startpoint: _294_ (rising edge-triggered flip-flop clocked by clockone)
Endpoint: _295_ (rising edge-triggered flip-flop clocked by clockone)
Path Group: clockone
Path Type: min

Fanout         Cap        Slew       Delay        Time   Description
---------------------------------------------------------------------------------------------
                                  0.000000    0.000000   clock clockone (rise edge)
                                  0.000000    0.000000   clock source latency
     1    0.016836    0.000000    0.000000    0.000000 ^ clk (in)
                                                         clk (net)
                      0.001871    0.000936    0.000936 ^ clkbuf_0_clk/A (sg13g2_buf_8)
     2    0.021077    0.036097    0.086014    0.086949 ^ clkbuf_0_clk/X (sg13g2_buf_8)
                                                         clknet_0_clk (net)
                      0.036100    0.000474    0.087423 ^ clkbuf_1_0__f_clk/A (sg13g2_buf_8)
     5    0.022875    0.038476    0.106397    0.193820 ^ clkbuf_1_0__f_clk/X (sg13g2_buf_8)
                                                         clknet_1_0__leaf_clk (net)
                      0.038490    0.001325    0.195146 ^ _294_/CLK (sg13g2_dfrbpq_1)
     2    0.011482    0.071726    0.293753    0.488899 v _294_/Q (sg13g2_dfrbpq_1)
                                                         DPATH.SUM.fa_1.A (net)
                      0.071732    0.000727    0.489626 v fanout72/A (sg13g2_buf_8)
     8    0.041203    0.048158    0.142904    0.632530 v fanout72/X (sg13g2_buf_8)
                                                         net72 (net)
                      0.048730    0.003248    0.635778 v fanout71/A (sg13g2_buf_8)
     8    0.045002    0.050248    0.132790    0.768568 v fanout71/X (sg13g2_buf_8)
                                                         net71 (net)
                      0.050472    0.002264    0.770831 v _190_/A (sg13g2_nand2_1)
     1    0.007730    0.065379    0.074804    0.845635 ^ _190_/Y (sg13g2_nand2_1)
                                                         _024_ (net)
                      0.065388    0.000597    0.846232 ^ _193_/B1 (sg13g2_o21ai_1)
     2    0.011856    0.133143    0.141320    0.987551 v _193_/Y (sg13g2_o21ai_1)
                                                         _026_ (net)
                      0.133146    0.000846    0.988397 v _196_/A (sg13g2_xor2_1)
     1    0.003126    0.044643    0.130952    1.119349 v _196_/X (sg13g2_xor2_1)
                                                         DPATH.SUM.fa_2.S (net)
                      0.044643    0.000172    1.119520 v _295_/D (sg13g2_dfrbpq_1)
                                              1.119520   data arrival time

                                  0.000000    0.000000   clock clockone (rise edge)
                                  0.000000    0.000000   clock source latency
     1    0.016836    0.000000    0.000000    0.000000 ^ clk (in)
                                                         clk (net)
                      0.001871    0.000936    0.000936 ^ clkbuf_0_clk/A (sg13g2_buf_8)
     2    0.021077    0.036097    0.086014    0.086949 ^ clkbuf_0_clk/X (sg13g2_buf_8)
                                                         clknet_0_clk (net)
                      0.036103    0.000788    0.087737 ^ clkbuf_1_1__f_clk/A (sg13g2_buf_8)
     5    0.017906    0.035070    0.103572    0.191310 ^ clkbuf_1_1__f_clk/X (sg13g2_buf_8)
                                                         clknet_1_1__leaf_clk (net)
                      0.035070    0.000134    0.191443 ^ _295_/CLK (sg13g2_dfrbpq_1)
                                  0.200000    0.391443   clock uncertainty
                                  0.000000    0.391443   clock reconvergence pessimism
                                 -0.054644    0.336799   library hold time
                                              0.336799   data required time
---------------------------------------------------------------------------------------------
                                              0.336799   data required time
                                             -1.119520   data arrival time
---------------------------------------------------------------------------------------------
                                              0.782722   slack (MET)


Startpoint: _293_ (rising edge-triggered flip-flop clocked by clockone)
Endpoint: _293_ (rising edge-triggered flip-flop clocked by clockone)
Path Group: clockone
Path Type: min

Fanout         Cap        Slew       Delay        Time   Description
---------------------------------------------------------------------------------------------
                                  0.000000    0.000000   clock clockone (rise edge)
                                  0.000000    0.000000   clock source latency
     1    0.016836    0.000000    0.000000    0.000000 ^ clk (in)
                                                         clk (net)
                      0.001871    0.000936    0.000936 ^ clkbuf_0_clk/A (sg13g2_buf_8)
     2    0.021077    0.036097    0.086014    0.086949 ^ clkbuf_0_clk/X (sg13g2_buf_8)
                                                         clknet_0_clk (net)
                      0.036100    0.000474    0.087423 ^ clkbuf_1_0__f_clk/A (sg13g2_buf_8)
     5    0.022875    0.038476    0.106397    0.193820 ^ clkbuf_1_0__f_clk/X (sg13g2_buf_8)
                                                         clknet_1_0__leaf_clk (net)
                      0.038476    0.000539    0.194359 ^ _293_/CLK (sg13g2_dfrbpq_1)
     1    0.002165    0.032980    0.258190    0.452549 ^ _293_/Q (sg13g2_dfrbpq_1)
                                                         DPATH.SUM.Cout0 (net)
                      0.032980    0.000083    0.452631 ^ hold4/A (sg13g2_dlygate4sd3_1)
     1    0.009559    0.093009    0.594155    1.046786 ^ hold4/X (sg13g2_dlygate4sd3_1)
                                                         net41 (net)
                      0.093009    0.000410    1.047196 ^ fanout74/A (sg13g2_buf_8)
     7    0.038280    0.050559    0.147344    1.194540 ^ fanout74/X (sg13g2_buf_8)
                                                         net74 (net)
                      0.050755    0.001974    1.196514 ^ fanout73/A (sg13g2_buf_8)
     8    0.043641    0.053127    0.125946    1.322460 ^ fanout73/X (sg13g2_buf_8)
                                                         net73 (net)
                      0.053309    0.002115    1.324576 ^ _128_/A (sg13g2_inv_2)
     5    0.015695    0.052118    0.065671    1.390247 v _128_/Y (sg13g2_inv_2)
                                                         DPATH.SUM.ha_0.S (net)
                      0.052129    0.000642    1.390889 v _293_/D (sg13g2_dfrbpq_1)
                                              1.390889   data arrival time

                                  0.000000    0.000000   clock clockone (rise edge)
                                  0.000000    0.000000   clock source latency
     1    0.016836    0.000000    0.000000    0.000000 ^ clk (in)
                                                         clk (net)
                      0.001871    0.000936    0.000936 ^ clkbuf_0_clk/A (sg13g2_buf_8)
     2    0.021077    0.036097    0.086014    0.086949 ^ clkbuf_0_clk/X (sg13g2_buf_8)
                                                         clknet_0_clk (net)
                      0.036100    0.000474    0.087423 ^ clkbuf_1_0__f_clk/A (sg13g2_buf_8)
     5    0.022875    0.038476    0.106397    0.193820 ^ clkbuf_1_0__f_clk/X (sg13g2_buf_8)
                                                         clknet_1_0__leaf_clk (net)
                      0.038476    0.000539    0.194359 ^ _293_/CLK (sg13g2_dfrbpq_1)
                                  0.200000    0.394359   clock uncertainty
                                  0.000000    0.394359   clock reconvergence pessimism
                                 -0.056678    0.337681   library hold time
                                              0.337681   data required time
---------------------------------------------------------------------------------------------
                                              0.337681   data required time
                                             -1.390889   data arrival time
---------------------------------------------------------------------------------------------
                                              1.053208   slack (MET)


Startpoint: _294_ (rising edge-triggered flip-flop clocked by clockone)
Endpoint: _300_ (rising edge-triggered flip-flop clocked by clockone)
Path Group: clockone
Path Type: min

Fanout         Cap        Slew       Delay        Time   Description
---------------------------------------------------------------------------------------------
                                  0.000000    0.000000   clock clockone (rise edge)
                                  0.000000    0.000000   clock source latency
     1    0.016836    0.000000    0.000000    0.000000 ^ clk (in)
                                                         clk (net)
                      0.001871    0.000936    0.000936 ^ clkbuf_0_clk/A (sg13g2_buf_8)
     2    0.021077    0.036097    0.086014    0.086949 ^ clkbuf_0_clk/X (sg13g2_buf_8)
                                                         clknet_0_clk (net)
                      0.036100    0.000474    0.087423 ^ clkbuf_1_0__f_clk/A (sg13g2_buf_8)
     5    0.022875    0.038476    0.106397    0.193820 ^ clkbuf_1_0__f_clk/X (sg13g2_buf_8)
                                                         clknet_1_0__leaf_clk (net)
                      0.038490    0.001325    0.195146 ^ _294_/CLK (sg13g2_dfrbpq_1)
     2    0.011969    0.089163    0.302561    0.497706 ^ _294_/Q (sg13g2_dfrbpq_1)
                                                         DPATH.SUM.fa_1.A (net)
                      0.089168    0.000756    0.498463 ^ fanout72/A (sg13g2_buf_8)
     8    0.042305    0.053131    0.147543    0.646006 ^ fanout72/X (sg13g2_buf_8)
                                                         net72 (net)
                      0.053550    0.002524    0.648529 ^ _140_/A (sg13g2_nor2_2)
     5    0.030725    0.090613    0.110462    0.758991 v _140_/Y (sg13g2_nor2_2)
                                                         _109_ (net)
                      0.090832    0.003642    0.762634 v _144_/A (sg13g2_nand2_1)
     2    0.007544    0.069425    0.091345    0.853979 ^ _144_/Y (sg13g2_nand2_1)
                                                         _113_ (net)
                      0.069425    0.000226    0.854205 ^ _212_/B (sg13g2_nor2_1)
     2    0.008819    0.062231    0.083289    0.937494 v _212_/Y (sg13g2_nor2_1)
                                                         net26 (net)
                      0.062268    0.000744    0.938239 v _213_/C (sg13g2_nand3_1)
     2    0.010240    0.083810    0.108123    1.046362 ^ _213_/Y (sg13g2_nand3_1)
                                                         _040_ (net)
                      0.083816    0.000572    1.046933 ^ _214_/B (sg13g2_xnor2_1)
     1    0.002267    0.048372    0.099954    1.146887 v _214_/Y (sg13g2_xnor2_1)
                                                         CTRL.P1 (net)
                      0.048372    0.000169    1.147056 v hold2/A (sg13g2_dlygate4sd3_1)
     1    0.001928    0.054401    0.591173    1.738229 v hold2/X (sg13g2_dlygate4sd3_1)
                                                         net39 (net)
                      0.054401    0.000136    1.738365 v _300_/D (sg13g2_dfrbpq_1)
                                              1.738365   data arrival time

                                  0.000000    0.000000   clock clockone (rise edge)
                                  0.000000    0.000000   clock source latency
     1    0.016836    0.000000    0.000000    0.000000 ^ clk (in)
                                                         clk (net)
                      0.001871    0.000936    0.000936 ^ clkbuf_0_clk/A (sg13g2_buf_8)
     2    0.021077    0.036097    0.086014    0.086949 ^ clkbuf_0_clk/X (sg13g2_buf_8)
                                                         clknet_0_clk (net)
                      0.036100    0.000474    0.087423 ^ clkbuf_1_0__f_clk/A (sg13g2_buf_8)
     5    0.022875    0.038476    0.106397    0.193820 ^ clkbuf_1_0__f_clk/X (sg13g2_buf_8)
                                                         clknet_1_0__leaf_clk (net)
                      0.038488    0.001222    0.195043 ^ _300_/CLK (sg13g2_dfrbpq_1)
                                  0.200000    0.395043   clock uncertainty
                                  0.000000    0.395043   clock reconvergence pessimism
                                 -0.057589    0.337453   library hold time
                                              0.337453   data required time
---------------------------------------------------------------------------------------------
                                              0.337453   data required time
                                             -1.738365   data arrival time
---------------------------------------------------------------------------------------------
                                              1.400912   slack (MET)



