Clock: clk
Sources: clk 
Generated: no
Virtual: yes
Propagated: no
Period: 5.000000

===========================================================================
report_clock_properties
============================================================================
Clock                   Period          Waveform
----------------------------------------------------
clk                   5.000000    0.000000  2.500000

===========================================================================
report_clock_latency
============================================================================
Clock clk
rise -> rise
    min     max
0.000000 0.000000 source latency
0.120464         network latency _289_/CLK
        0.120942 network latency _291_/CLK
---------------
0.120464 0.120942 latency
        0.000478 skew

fall -> fall
    min     max
0.000000 0.000000 source latency
0.132228         network latency _289_/CLK
        0.132773 network latency _291_/CLK
---------------
0.132228 0.132773 latency
        0.000546 skew



===========================================================================
report_clock_min_period
============================================================================
clk period_min = 1.49 fmax = 669.82
