Clock: clk
Sources: clk 
Generated: no
Virtual: yes
Propagated: no
Period: 5.000000

===========================================================================
report_clock_properties
============================================================================
Clock                   Period          Waveform
----------------------------------------------------
clk                   5.000000    0.000000  2.500000

===========================================================================
report_clock_latency
============================================================================
Clock clk
rise -> rise
    min     max
0.000000 0.000000 source latency
0.029682         network latency _299_/CLK
        0.030093 network latency _293_/CLK
---------------
0.029682 0.030093 latency
        0.000412 skew

fall -> fall
    min     max
0.000000 0.000000 source latency
0.022508         network latency _299_/CLK
        0.022873 network latency _293_/CLK
---------------
0.022508 0.022873 latency
        0.000365 skew



===========================================================================
report_clock_min_period
============================================================================
clk period_min = 1.53 fmax = 655.55
