
===========================================================================
report_checks -unconstrained
===========================================================================
======================= nom_slow_1p08V_125C Corner ===================================

Startpoint: rst (input port clocked by clk)
Endpoint: _298_ (recovery check against rising-edge clock clk)
Path Group: asynchronous
Path Type: max

Fanout         Cap        Slew       Delay        Time   Description
---------------------------------------------------------------------------------------------
                                  0.000000    0.000000   clock clk (rise edge)
                                  0.000000    0.000000   clock network delay (propagated)
                                  5.000000    5.000000 v input external delay
     1    0.003809    0.028488    0.004386    5.004386 v rst (in)
                                                         rst (net)
                      0.028488    0.000000    5.004386 v input1/A (sg13g2_buf_1)
     2    0.011503    0.072266    0.124886    5.129273 v input1/X (sg13g2_buf_1)
                                                         net1 (net)
                      0.072276    0.000880    5.130152 v fanout78/A (sg13g2_buf_8)
     8    0.032873    0.043746    0.138872    5.269024 v fanout78/X (sg13g2_buf_8)
                                                         net78 (net)
                      0.043801    0.002525    5.271549 v _289_/A (sg13g2_inv_1)
     1    0.006757    0.055945    0.063876    5.335425 ^ _289_/Y (sg13g2_inv_1)
                                                         _005_ (net)
                      0.055953    0.000497    5.335922 ^ _298_/RESET_B (sg13g2_dfrbpq_1)
                                              5.335922   data arrival time

                                 25.000000   25.000000   clock clk (rise edge)
                                  0.000000   25.000000   clock source latency
     1    0.013556    0.047189    0.017716   25.017715 ^ clk (in)
                                                         clk (net)
                      0.047195    0.000000   25.017715 ^ clkbuf_0_clk/A (sg13g2_buf_8)
     2    0.021038    0.037578    0.111697   25.129412 ^ clkbuf_0_clk/X (sg13g2_buf_8)
                                                         clknet_0_clk (net)
                      0.037580    0.000892   25.130304 ^ clkbuf_1_1__f_clk/A (sg13g2_buf_8)
     5    0.017411    0.034780    0.104123   25.234426 ^ clkbuf_1_1__f_clk/X (sg13g2_buf_8)
                                                         clknet_1_1__leaf_clk (net)
                      0.034781    0.000426   25.234854 ^ _298_/CLK (sg13g2_dfrbpq_1)
                                 -0.250000   24.984854   clock uncertainty
                                  0.000000   24.984854   clock reconvergence pessimism
                                 -0.214467   24.770388   library recovery time
                                             24.770388   data required time
---------------------------------------------------------------------------------------------
                                             24.770388   data required time
                                             -5.335922   data arrival time
---------------------------------------------------------------------------------------------
                                             19.434465   slack (MET)


Startpoint: _294_ (rising edge-triggered flip-flop clocked by clk)
Endpoint: sine_out[1] (output port clocked by clk)
Path Group: clk
Path Type: max

Fanout         Cap        Slew       Delay        Time   Description
---------------------------------------------------------------------------------------------
                                  0.000000    0.000000   clock clk (rise edge)
                                  0.000000    0.000000   clock source latency
     1    0.013556    0.047189    0.017716    0.017716 ^ clk (in)
                                                         clk (net)
                      0.047195    0.000000    0.017716 ^ clkbuf_0_clk/A (sg13g2_buf_8)
     2    0.021038    0.037578    0.111697    0.129414 ^ clkbuf_0_clk/X (sg13g2_buf_8)
                                                         clknet_0_clk (net)
                      0.037579    0.000799    0.130213 ^ clkbuf_1_0__f_clk/A (sg13g2_buf_8)
     5    0.019660    0.036324    0.105495    0.235708 ^ clkbuf_1_0__f_clk/X (sg13g2_buf_8)
                                                         clknet_1_0__leaf_clk (net)
                      0.036325    0.000668    0.236376 ^ _294_/CLK (sg13g2_dfrbpq_1)
     1    0.002950    0.031862    0.258582    0.494958 v _294_/Q (sg13g2_dfrbpq_1)
                                                         DPATH.SUM.fa_1.A (net)
                      0.031862    0.000181    0.495139 v hold4/A (sg13g2_dlygate4sd3_1)
     1    0.008965    0.086787    0.620973    1.116113 v hold4/X (sg13g2_dlygate4sd3_1)
                                                         net40 (net)
                      0.086787    0.000717    1.116830 v fanout75/A (sg13g2_buf_8)
     6    0.034372    0.044762    0.147183    1.264012 v fanout75/X (sg13g2_buf_8)
                                                         net75 (net)
                      0.044946    0.002629    1.266641 v fanout73/A (sg13g2_buf_8)
     8    0.033006    0.043388    0.124567    1.391208 v fanout73/X (sg13g2_buf_8)
                                                         net73 (net)
                      0.043410    0.001459    1.392667 v _146_/A1 (sg13g2_o21ai_1)
     4    0.023285    0.387275    0.347588    1.740255 ^ _146_/Y (sg13g2_o21ai_1)
                                                         _114_ (net)
                      0.387277    0.000785    1.741040 ^ _234_/A2 (sg13g2_a21oi_1)
     2    0.007720    0.141508    0.243819    1.984859 v _234_/Y (sg13g2_a21oi_1)
                                                         _059_ (net)
                      0.141508    0.000243    1.985102 v _267_/A1 (sg13g2_o21ai_1)
     1    0.006104    0.147022    0.201887    2.186989 ^ _267_/Y (sg13g2_o21ai_1)
                                                         _091_ (net)
                      0.147022    0.000465    2.187454 ^ _270_/A1 (sg13g2_a21oi_1)
     1    0.004149    0.089657    0.135149    2.322603 v _270_/Y (sg13g2_a21oi_1)
                                                         _094_ (net)
                      0.089657    0.000278    2.322881 v _273_/A (sg13g2_nor2_1)
     1    0.004869    0.099421    0.125398    2.448279 ^ _273_/Y (sg13g2_nor2_1)
                                                         _097_ (net)
                      0.099421    0.000342    2.448621 ^ _274_/B1 (sg13g2_a22oi_1)
     1    0.006387    0.111571    0.131444    2.580065 v _274_/Y (sg13g2_a22oi_1)
                                                         net15 (net)
                      0.111571    0.000406    2.580471 v output15/A (sg13g2_buf_1)
     1    0.011667    0.074256    0.166086    2.746557 v output15/X (sg13g2_buf_1)
                                                         sine_out[1] (net)
                      0.074256    0.000396    2.746953 v sine_out[1] (out)
                                              2.746953   data arrival time

                                 25.000000   25.000000   clock clk (rise edge)
                                  0.000000   25.000000   clock network delay (propagated)
                                 -0.250000   24.750000   clock uncertainty
                                  0.000000   24.750000   clock reconvergence pessimism
                                 -5.000000   19.750000   output external delay
                                             19.750000   data required time
---------------------------------------------------------------------------------------------
                                             19.750000   data required time
                                             -2.746953   data arrival time
---------------------------------------------------------------------------------------------
                                             17.003046   slack (MET)




===========================================================================
report_checks --slack_max -0.01
============================================================================
======================= nom_slow_1p08V_125C Corner ===================================

No paths found.


===========================================================================
 report_check_types -max_slew -max_cap -max_fanout -violators
============================================================================
======================= nom_slow_1p08V_125C Corner ===================================



===========================================================================
report_parasitic_annotation -report_unannotated
============================================================================
Found 1 unannotated drivers.
 clkload0/Y
Found 0 partially unannotated drivers.

===========================================================================
max slew violation count 0
max fanout violation count 0
max cap violation count 0
============================================================================

===========================================================================
check_setup -verbose -unconstrained_endpoints -multiple_clock -no_clock -no_input_delay -loops -generated_clocks
===========================================================================
