
Magic 8.3 revision 528 - Compiled on Sat Jun 21 19:19:56 UTC 2025.
Starting magic under Tcl interpreter
Using the terminal as the console.
WARNING: RLIMIT_NOFILE is above 1024 and Tcl_Version<9 this may cause runtime issues [rlim_cur=1048576]
Using NULL graphics device.
Processing system .magicrc file
Sourcing design .magicrc for technology ihp-sg13g2 ...
2 Magic internal units = 1 Lambda
Input style sg13g2(): scaleFactor=2, multiplier=2
The following types are not handled by extraction and will be treated as non-electrical types:
    fillfet sealcont difffill nemitter hvnemitter hvisodiffres sealvia1 sealvia2 sealvia3 sealvia4 sealvia5 sealvia6 pad seal thruvia 
Scaled tech values by 2 / 1 to match internal grid scaling
Loading "/nix/store/sfc122jplczjy5i6pd5radwb3k94mh33-python3.12-librelane-3.0.0.dev45/lib/python3.12/site-packages/librelane/scripts/magic/wrapper.tcl" from command line.
Warning: Calma reading is not undoable!  I hope that's OK.
Library written using GDS-II Release 3.0
Library name: DigitalSine
Reading "sg13g2_decap_8".
Reading "sg13g2_xnor2_1".
Reading "sg13g2_fill_1".
Reading "sg13g2_fill_2".
Reading "sg13g2_inv_1".
Reading "sg13g2_dfrbpq_1".
Reading "sg13g2_buf_8".
Reading "sg13g2_buf_1".
Reading "sg13g2_dlygate4sd3_1".
Reading "sg13g2_inv_2".
Reading "sg13g2_o21ai_1".
Reading "sg13g2_buf_2".
Reading "sg13g2_dfrbpq_2".
Reading "sg13g2_decap_4".
Reading "sg13g2_nand3_1".
Reading "sg13g2_xor2_1".
Reading "sg13g2_nand2_1".
Reading "sg13g2_and2_1".
Reading "sg13g2_a21oi_1".
CIF file read warning: CIF style sg13g2(): units rescaled by factor of 5 / 1
Reading "sg13g2_or2_1".
Reading "sg13g2_nor3_1".
Reading "sg13g2_nor2_1".
Reading "sg13g2_nand2b_1".
Reading "sg13g2_nand2_2".
Reading "sg13g2_a221oi_1".
Reading "sg13g2_and3_1".
Reading "sg13g2_nor4_1".
Reading "sg13g2_a22oi_1".
Reading "sg13g2_nor2b_2".
Reading "sg13g2_nor2b_1".
Reading "sg13g2_nor2_2".
Reading "sg13g2_nand2b_2".
Reading "DigitalSine".
[INFO] Loading DigitalSine

DRC style is now "drc(full)"
Loading DRC CIF style.
No errors found.
[INFO] COUNT: 0
[INFO] Should be divided by 3 or 4
[INFO] DRC Checking DONE (/home/designer/shared/Bioimpedance-ASIC-for-skin-cancer-detection/current_generator/digital/DigitalSine/runs/RUN_2025-12-12_17-31-27/63-magic-drc/reports/drc_violations.magic.rpt)
[INFO] Saving mag view with DRC errors (/home/designer/shared/Bioimpedance-ASIC-for-skin-cancer-detection/current_generator/digital/DigitalSine/runs/RUN_2025-12-12_17-31-27/63-magic-drc/views/DigitalSine.drc.mag)
[INFO] Saved
