Clock: clk
Sources: clk 
Generated: no
Virtual: yes
Propagated: no
Period: 5.000000

===========================================================================
report_clock_properties
============================================================================
Clock                   Period          Waveform
----------------------------------------------------
clk                   5.000000    0.000000  2.500000

===========================================================================
report_clock_latency
============================================================================
Clock clk
rise -> rise
    min     max
0.000000 0.000000 source latency
0.195412         network latency _297_/CLK
        0.196885 network latency _301_/CLK
---------------
0.195412 0.196885 latency
        0.001473 skew

fall -> fall
    min     max
0.000000 0.000000 source latency
0.210930         network latency _297_/CLK
        0.212130 network latency _301_/CLK
---------------
0.210930 0.212130 latency
        0.001200 skew



===========================================================================
report_clock_min_period
============================================================================
clk period_min = 2.78 fmax = 359.71
