
===========================================================================
report_checks -path_delay max (Setup)
============================================================================
======================= nom_fast_1p32V_m40C Corner ===================================

Startpoint: _294_ (rising edge-triggered flip-flop clocked by clockone)
Endpoint: _299_ (rising edge-triggered flip-flop clocked by clockone)
Path Group: clockone
Path Type: max

Fanout         Cap        Slew       Delay        Time   Description
---------------------------------------------------------------------------------------------
                      0.000000    0.000000    0.000000   clock clockone (rise edge)
                                  0.000000    0.000000   clock network delay (ideal)
                      0.000000    0.000000    0.000000 ^ _294_/CLK (sg13g2_dfrbpq_1)
    16    0.057268    0.153599    0.201032    0.201032 ^ _294_/Q (sg13g2_dfrbpq_1)
                                                         DPATH.SUM.fa_1.A (net)
                      0.153599    0.000000    0.201032 ^ _191_/A (sg13g2_xnor2_1)
     2    0.008763    0.064200    0.094271    0.295303 v _191_/Y (sg13g2_xnor2_1)
                                                         _025_ (net)
                      0.064200    0.000000    0.295303 v _193_/A2 (sg13g2_o21ai_1)
     2    0.009431    0.091199    0.095211    0.390514 ^ _193_/Y (sg13g2_o21ai_1)
                                                         _026_ (net)
                      0.091199    0.000000    0.390514 ^ _197_/A1 (sg13g2_a21oi_1)
     2    0.009798    0.065849    0.081570    0.472084 v _197_/Y (sg13g2_a21oi_1)
                                                         _029_ (net)
                      0.065849    0.000000    0.472084 v _203_/A1 (sg13g2_o21ai_1)
     2    0.008888    0.087265    0.095790    0.567874 ^ _203_/Y (sg13g2_o21ai_1)
                                                         _034_ (net)
                      0.087265    0.000000    0.567874 ^ _207_/A2 (sg13g2_a21oi_1)
     2    0.008760    0.062414    0.075824    0.643698 v _207_/Y (sg13g2_a21oi_1)
                                                         _037_ (net)
                      0.062414    0.000000    0.643698 v _209_/A2 (sg13g2_o21ai_1)
     1    0.006136    0.071221    0.078685    0.722382 ^ _209_/Y (sg13g2_o21ai_1)
                                                         _038_ (net)
                      0.071221    0.000000    0.722382 ^ _211_/A (sg13g2_xnor2_1)
     1    0.001496    0.040375    0.067536    0.789918 ^ _211_/Y (sg13g2_xnor2_1)
                                                         DPATH.SUM.fa_6.S (net)
                      0.040375    0.000000    0.789918 ^ _299_/D (sg13g2_dfrbpq_1)
                                              0.789918   data arrival time

                      0.000000    5.000000    5.000000   clock clockone (rise edge)
                                  0.000000    5.000000   clock network delay (ideal)
                                 -0.200000    4.800000   clock uncertainty
                                  0.000000    4.800000   clock reconvergence pessimism
                                              4.800000 ^ _299_/CLK (sg13g2_dfrbpq_1)
                                 -0.083195    4.716805   library setup time
                                              4.716805   data required time
---------------------------------------------------------------------------------------------
                                              4.716805   data required time
                                             -0.789918   data arrival time
---------------------------------------------------------------------------------------------
                                              3.926887   slack (MET)


Startpoint: _294_ (rising edge-triggered flip-flop clocked by clockone)
Endpoint: _298_ (rising edge-triggered flip-flop clocked by clockone)
Path Group: clockone
Path Type: max

Fanout         Cap        Slew       Delay        Time   Description
---------------------------------------------------------------------------------------------
                      0.000000    0.000000    0.000000   clock clockone (rise edge)
                                  0.000000    0.000000   clock network delay (ideal)
                      0.000000    0.000000    0.000000 ^ _294_/CLK (sg13g2_dfrbpq_1)
    16    0.057268    0.153599    0.201032    0.201032 ^ _294_/Q (sg13g2_dfrbpq_1)
                                                         DPATH.SUM.fa_1.A (net)
                      0.153599    0.000000    0.201032 ^ _191_/A (sg13g2_xnor2_1)
     2    0.008763    0.064200    0.094271    0.295303 v _191_/Y (sg13g2_xnor2_1)
                                                         _025_ (net)
                      0.064200    0.000000    0.295303 v _193_/A2 (sg13g2_o21ai_1)
     2    0.009431    0.091199    0.095211    0.390514 ^ _193_/Y (sg13g2_o21ai_1)
                                                         _026_ (net)
                      0.091199    0.000000    0.390514 ^ _197_/A1 (sg13g2_a21oi_1)
     2    0.009798    0.065849    0.081570    0.472084 v _197_/Y (sg13g2_a21oi_1)
                                                         _029_ (net)
                      0.065849    0.000000    0.472084 v _203_/A1 (sg13g2_o21ai_1)
     2    0.008888    0.087265    0.095790    0.567874 ^ _203_/Y (sg13g2_o21ai_1)
                                                         _034_ (net)
                      0.087265    0.000000    0.567874 ^ _207_/A2 (sg13g2_a21oi_1)
     2    0.008760    0.062414    0.075824    0.643698 v _207_/Y (sg13g2_a21oi_1)
                                                         _037_ (net)
                      0.062414    0.000000    0.643698 v _208_/B (sg13g2_xor2_1)
     1    0.001523    0.032668    0.068972    0.712670 v _208_/X (sg13g2_xor2_1)
                                                         DPATH.SUM.fa_5.S (net)
                      0.032668    0.000000    0.712670 v _298_/D (sg13g2_dfrbpq_1)
                                              0.712670   data arrival time

                      0.000000    5.000000    5.000000   clock clockone (rise edge)
                                  0.000000    5.000000   clock network delay (ideal)
                                 -0.200000    4.800000   clock uncertainty
                                  0.000000    4.800000   clock reconvergence pessimism
                                              4.800000 ^ _298_/CLK (sg13g2_dfrbpq_1)
                                 -0.075718    4.724282   library setup time
                                              4.724282   data required time
---------------------------------------------------------------------------------------------
                                              4.724282   data required time
                                             -0.712670   data arrival time
---------------------------------------------------------------------------------------------
                                              4.011612   slack (MET)


Startpoint: _297_ (rising edge-triggered flip-flop clocked by clockone)
Endpoint: _300_ (rising edge-triggered flip-flop clocked by clockone)
Path Group: clockone
Path Type: max

Fanout         Cap        Slew       Delay        Time   Description
---------------------------------------------------------------------------------------------
                      0.000000    0.000000    0.000000   clock clockone (rise edge)
                                  0.000000    0.000000   clock network delay (ideal)
                      0.000000    0.000000    0.000000 ^ _297_/CLK (sg13g2_dfrbpq_1)
    29    0.093787    0.198323    0.240476    0.240476 v _297_/Q (sg13g2_dfrbpq_1)
                                                         DPATH.SUM.fa_4.A (net)
                      0.198323    0.000000    0.240476 v _142_/A (sg13g2_or2_1)
     7    0.021576    0.058563    0.142426    0.382902 v _142_/X (sg13g2_or2_1)
                                                         _111_ (net)
                      0.058563    0.000000    0.382902 v _143_/B (sg13g2_nor2_1)
     2    0.006429    0.063860    0.055210    0.438112 ^ _143_/Y (sg13g2_nor2_1)
                                                         _112_ (net)
                      0.063860    0.000000    0.438112 ^ _144_/B (sg13g2_nand2_1)
     2    0.006067    0.048360    0.051439    0.489551 v _144_/Y (sg13g2_nand2_1)
                                                         _113_ (net)
                      0.048360    0.000000    0.489551 v _212_/B (sg13g2_nor2_1)
     2    0.003352    0.049312    0.040180    0.529731 ^ _212_/Y (sg13g2_nor2_1)
                                                         sine_out[2] (net)
                      0.049312    0.000000    0.529731 ^ _213_/C (sg13g2_nand3_1)
     2    0.008766    0.087533    0.081316    0.611047 v _213_/Y (sg13g2_nand3_1)
                                                         _040_ (net)
                      0.087533    0.000000    0.611047 v _214_/B (sg13g2_xnor2_1)
     1    0.001523    0.023596    0.073107    0.684154 v _214_/Y (sg13g2_xnor2_1)
                                                         CTRL.P1 (net)
                      0.023596    0.000000    0.684154 v _300_/D (sg13g2_dfrbpq_1)
                                              0.684154   data arrival time

                      0.000000    5.000000    5.000000   clock clockone (rise edge)
                                  0.000000    5.000000   clock network delay (ideal)
                                 -0.200000    4.800000   clock uncertainty
                                  0.000000    4.800000   clock reconvergence pessimism
                                              4.800000 ^ _300_/CLK (sg13g2_dfrbpq_1)
                                 -0.073286    4.726714   library setup time
                                              4.726714   data required time
---------------------------------------------------------------------------------------------
                                              4.726714   data required time
                                             -0.684154   data arrival time
---------------------------------------------------------------------------------------------
                                              4.042560   slack (MET)


Startpoint: _297_ (rising edge-triggered flip-flop clocked by clockone)
Endpoint: _301_ (rising edge-triggered flip-flop clocked by clockone)
Path Group: clockone
Path Type: max

Fanout         Cap        Slew       Delay        Time   Description
---------------------------------------------------------------------------------------------
                      0.000000    0.000000    0.000000   clock clockone (rise edge)
                                  0.000000    0.000000   clock network delay (ideal)
                      0.000000    0.000000    0.000000 ^ _297_/CLK (sg13g2_dfrbpq_1)
    29    0.093787    0.198323    0.240476    0.240476 v _297_/Q (sg13g2_dfrbpq_1)
                                                         DPATH.SUM.fa_4.A (net)
                      0.198323    0.000000    0.240476 v _142_/A (sg13g2_or2_1)
     7    0.021576    0.058563    0.142426    0.382902 v _142_/X (sg13g2_or2_1)
                                                         _111_ (net)
                      0.058563    0.000000    0.382902 v _143_/B (sg13g2_nor2_1)
     2    0.006429    0.063860    0.055210    0.438112 ^ _143_/Y (sg13g2_nor2_1)
                                                         _112_ (net)
                      0.063860    0.000000    0.438112 ^ _144_/B (sg13g2_nand2_1)
     2    0.006067    0.048360    0.051439    0.489551 v _144_/Y (sg13g2_nand2_1)
                                                         _113_ (net)
                      0.048360    0.000000    0.489551 v _212_/B (sg13g2_nor2_1)
     2    0.003352    0.049312    0.040180    0.529731 ^ _212_/Y (sg13g2_nor2_1)
                                                         sine_out[2] (net)
                      0.049312    0.000000    0.529731 ^ _213_/C (sg13g2_nand3_1)
     2    0.008766    0.087533    0.081316    0.611047 v _213_/Y (sg13g2_nand3_1)
                                                         _040_ (net)
                      0.087533    0.000000    0.611047 v _218_/B1 (sg13g2_o21ai_1)
     1    0.003101    0.056420    0.040318    0.651366 ^ _218_/Y (sg13g2_o21ai_1)
                                                         _044_ (net)
                      0.056420    0.000000    0.651366 ^ _219_/A (sg13g2_inv_1)
     1    0.001523    0.015731    0.022423    0.673788 v _219_/Y (sg13g2_inv_1)
                                                         CTRL.P0 (net)
                      0.015731    0.000000    0.673788 v _301_/D (sg13g2_dfrbpq_1)
                                              0.673788   data arrival time

                      0.000000    5.000000    5.000000   clock clockone (rise edge)
                                  0.000000    5.000000   clock network delay (ideal)
                                 -0.200000    4.800000   clock uncertainty
                                  0.000000    4.800000   clock reconvergence pessimism
                                              4.800000 ^ _301_/CLK (sg13g2_dfrbpq_1)
                                 -0.071178    4.728822   library setup time
                                              4.728822   data required time
---------------------------------------------------------------------------------------------
                                              4.728822   data required time
                                             -0.673788   data arrival time
---------------------------------------------------------------------------------------------
                                              4.055034   slack (MET)


Startpoint: _294_ (rising edge-triggered flip-flop clocked by clockone)
Endpoint: _297_ (rising edge-triggered flip-flop clocked by clockone)
Path Group: clockone
Path Type: max

Fanout         Cap        Slew       Delay        Time   Description
---------------------------------------------------------------------------------------------
                      0.000000    0.000000    0.000000   clock clockone (rise edge)
                                  0.000000    0.000000   clock network delay (ideal)
                      0.000000    0.000000    0.000000 ^ _294_/CLK (sg13g2_dfrbpq_1)
    16    0.057268    0.153599    0.201032    0.201032 ^ _294_/Q (sg13g2_dfrbpq_1)
                                                         DPATH.SUM.fa_1.A (net)
                      0.153599    0.000000    0.201032 ^ _191_/A (sg13g2_xnor2_1)
     2    0.008763    0.064200    0.094271    0.295303 v _191_/Y (sg13g2_xnor2_1)
                                                         _025_ (net)
                      0.064200    0.000000    0.295303 v _193_/A2 (sg13g2_o21ai_1)
     2    0.009431    0.091199    0.095211    0.390514 ^ _193_/Y (sg13g2_o21ai_1)
                                                         _026_ (net)
                      0.091199    0.000000    0.390514 ^ _197_/A1 (sg13g2_a21oi_1)
     2    0.009798    0.065849    0.081570    0.472084 v _197_/Y (sg13g2_a21oi_1)
                                                         _029_ (net)
                      0.065849    0.000000    0.472084 v _203_/A1 (sg13g2_o21ai_1)
     2    0.008888    0.087265    0.095790    0.567874 ^ _203_/Y (sg13g2_o21ai_1)
                                                         _034_ (net)
                      0.087265    0.000000    0.567874 ^ _204_/B (sg13g2_xor2_1)
     1    0.001496    0.034728    0.074446    0.642321 ^ _204_/X (sg13g2_xor2_1)
                                                         DPATH.SUM.fa_4.S (net)
                      0.034728    0.000000    0.642321 ^ _297_/D (sg13g2_dfrbpq_1)
                                              0.642321   data arrival time

                      0.000000    5.000000    5.000000   clock clockone (rise edge)
                                  0.000000    5.000000   clock network delay (ideal)
                                 -0.200000    4.800000   clock uncertainty
                                  0.000000    4.800000   clock reconvergence pessimism
                                              4.800000 ^ _297_/CLK (sg13g2_dfrbpq_1)
                                 -0.081817    4.718184   library setup time
                                              4.718184   data required time
---------------------------------------------------------------------------------------------
                                              4.718184   data required time
                                             -0.642321   data arrival time
---------------------------------------------------------------------------------------------
                                              4.075863   slack (MET)


Startpoint: _294_ (rising edge-triggered flip-flop clocked by clockone)
Endpoint: _296_ (rising edge-triggered flip-flop clocked by clockone)
Path Group: clockone
Path Type: max

Fanout         Cap        Slew       Delay        Time   Description
---------------------------------------------------------------------------------------------
                      0.000000    0.000000    0.000000   clock clockone (rise edge)
                                  0.000000    0.000000   clock network delay (ideal)
                      0.000000    0.000000    0.000000 ^ _294_/CLK (sg13g2_dfrbpq_1)
    16    0.057268    0.153599    0.201032    0.201032 ^ _294_/Q (sg13g2_dfrbpq_1)
                                                         DPATH.SUM.fa_1.A (net)
                      0.153599    0.000000    0.201032 ^ _191_/A (sg13g2_xnor2_1)
     2    0.008763    0.064200    0.094271    0.295303 v _191_/Y (sg13g2_xnor2_1)
                                                         _025_ (net)
                      0.064200    0.000000    0.295303 v _193_/A2 (sg13g2_o21ai_1)
     2    0.009431    0.091199    0.095211    0.390514 ^ _193_/Y (sg13g2_o21ai_1)
                                                         _026_ (net)
                      0.091199    0.000000    0.390514 ^ _197_/A1 (sg13g2_a21oi_1)
     2    0.009798    0.065849    0.081570    0.472084 v _197_/Y (sg13g2_a21oi_1)
                                                         _029_ (net)
                      0.065849    0.000000    0.472084 v _200_/A (sg13g2_xor2_1)
     1    0.001523    0.036206    0.072134    0.544218 v _200_/X (sg13g2_xor2_1)
                                                         DPATH.SUM.fa_3.S (net)
                      0.036206    0.000000    0.544218 v _296_/D (sg13g2_dfrbpq_1)
                                              0.544218   data arrival time

                      0.000000    5.000000    5.000000   clock clockone (rise edge)
                                  0.000000    5.000000   clock network delay (ideal)
                                 -0.200000    4.800000   clock uncertainty
                                  0.000000    4.800000   clock reconvergence pessimism
                                              4.800000 ^ _296_/CLK (sg13g2_dfrbpq_1)
                                 -0.076666    4.723334   library setup time
                                              4.723334   data required time
---------------------------------------------------------------------------------------------
                                              4.723334   data required time
                                             -0.544218   data arrival time
---------------------------------------------------------------------------------------------
                                              4.179116   slack (MET)


Startpoint: _294_ (rising edge-triggered flip-flop clocked by clockone)
Endpoint: _295_ (rising edge-triggered flip-flop clocked by clockone)
Path Group: clockone
Path Type: max

Fanout         Cap        Slew       Delay        Time   Description
---------------------------------------------------------------------------------------------
                      0.000000    0.000000    0.000000   clock clockone (rise edge)
                                  0.000000    0.000000   clock network delay (ideal)
                      0.000000    0.000000    0.000000 ^ _294_/CLK (sg13g2_dfrbpq_1)
    16    0.057268    0.153599    0.201032    0.201032 ^ _294_/Q (sg13g2_dfrbpq_1)
                                                         DPATH.SUM.fa_1.A (net)
                      0.153599    0.000000    0.201032 ^ _191_/A (sg13g2_xnor2_1)
     2    0.008763    0.064200    0.094271    0.295303 v _191_/Y (sg13g2_xnor2_1)
                                                         _025_ (net)
                      0.064200    0.000000    0.295303 v _193_/A2 (sg13g2_o21ai_1)
     2    0.009431    0.091199    0.095211    0.390514 ^ _193_/Y (sg13g2_o21ai_1)
                                                         _026_ (net)
                      0.091199    0.000000    0.390514 ^ _196_/A (sg13g2_xor2_1)
     1    0.001496    0.034531    0.078763    0.469277 ^ _196_/X (sg13g2_xor2_1)
                                                         DPATH.SUM.fa_2.S (net)
                      0.034531    0.000000    0.469277 ^ _295_/D (sg13g2_dfrbpq_1)
                                              0.469277   data arrival time

                      0.000000    5.000000    5.000000   clock clockone (rise edge)
                                  0.000000    5.000000   clock network delay (ideal)
                                 -0.200000    4.800000   clock uncertainty
                                  0.000000    4.800000   clock reconvergence pessimism
                                              4.800000 ^ _295_/CLK (sg13g2_dfrbpq_1)
                                 -0.081768    4.718232   library setup time
                                              4.718232   data required time
---------------------------------------------------------------------------------------------
                                              4.718232   data required time
                                             -0.469277   data arrival time
---------------------------------------------------------------------------------------------
                                              4.248955   slack (MET)


Startpoint: _294_ (rising edge-triggered flip-flop clocked by clockone)
Endpoint: _294_ (rising edge-triggered flip-flop clocked by clockone)
Path Group: clockone
Path Type: max

Fanout         Cap        Slew       Delay        Time   Description
---------------------------------------------------------------------------------------------
                      0.000000    0.000000    0.000000   clock clockone (rise edge)
                                  0.000000    0.000000   clock network delay (ideal)
                      0.000000    0.000000    0.000000 ^ _294_/CLK (sg13g2_dfrbpq_1)
    16    0.057268    0.153599    0.201032    0.201032 ^ _294_/Q (sg13g2_dfrbpq_1)
                                                         DPATH.SUM.fa_1.A (net)
                      0.153599    0.000000    0.201032 ^ _191_/A (sg13g2_xnor2_1)
     2    0.009276    0.089580    0.102081    0.303114 ^ _191_/Y (sg13g2_xnor2_1)
                                                         _025_ (net)
                      0.089580    0.000000    0.303114 ^ _192_/B (sg13g2_xnor2_1)
     1    0.001496    0.043545    0.072020    0.375134 ^ _192_/Y (sg13g2_xnor2_1)
                                                         DPATH.SUM.fa_1.S (net)
                      0.043545    0.000000    0.375134 ^ _294_/D (sg13g2_dfrbpq_1)
                                              0.375134   data arrival time

                      0.000000    5.000000    5.000000   clock clockone (rise edge)
                                  0.000000    5.000000   clock network delay (ideal)
                                 -0.200000    4.800000   clock uncertainty
                                  0.000000    4.800000   clock reconvergence pessimism
                                              4.800000 ^ _294_/CLK (sg13g2_dfrbpq_1)
                                 -0.083970    4.716031   library setup time
                                              4.716031   data required time
---------------------------------------------------------------------------------------------
                                              4.716031   data required time
                                             -0.375134   data arrival time
---------------------------------------------------------------------------------------------
                                              4.340897   slack (MET)


Startpoint: _293_ (rising edge-triggered flip-flop clocked by clockone)
Endpoint: _293_ (rising edge-triggered flip-flop clocked by clockone)
Path Group: clockone
Path Type: max

Fanout         Cap        Slew       Delay        Time   Description
---------------------------------------------------------------------------------------------
                      0.000000    0.000000    0.000000   clock clockone (rise edge)
                                  0.000000    0.000000   clock network delay (ideal)
                      0.000000    0.000000    0.000000 ^ _293_/CLK (sg13g2_dfrbpq_1)
    14    0.052955    0.142486    0.193423    0.193423 ^ _293_/Q (sg13g2_dfrbpq_1)
                                                         DPATH.SUM.Cout0 (net)
                      0.142486    0.000000    0.193423 ^ _128_/A (sg13g2_inv_1)
     5    0.015349    0.060970    0.078982    0.272405 v _128_/Y (sg13g2_inv_1)
                                                         DPATH.SUM.ha_0.S (net)
                      0.060970    0.000000    0.272405 v _293_/D (sg13g2_dfrbpq_1)
                                              0.272405   data arrival time

                      0.000000    5.000000    5.000000   clock clockone (rise edge)
                                  0.000000    5.000000   clock network delay (ideal)
                                 -0.200000    4.800000   clock uncertainty
                                  0.000000    4.800000   clock reconvergence pessimism
                                              4.800000 ^ _293_/CLK (sg13g2_dfrbpq_1)
                                 -0.083304    4.716696   library setup time
                                              4.716696   data required time
---------------------------------------------------------------------------------------------
                                              4.716696   data required time
                                             -0.272405   data arrival time
---------------------------------------------------------------------------------------------
                                              4.444290   slack (MET)



