
===========================================================================
report_checks -path_delay min (Hold)
============================================================================
======================= nom_fast_1p32V_m40C Corner ===================================

Startpoint: _300_ (rising edge-triggered flip-flop clocked by clockone)
Endpoint: _300_ (rising edge-triggered flip-flop clocked by clockone)
Path Group: clockone
Path Type: min

Fanout         Cap        Slew       Delay        Time   Description
---------------------------------------------------------------------------------------------
                      0.000000    0.000000    0.000000   clock clockone (rise edge)
                                  0.000000    0.000000   clock network delay (ideal)
                      0.000000    0.000000    0.000000 ^ _300_/CLK (sg13g2_dfrbpq_1)
     3    0.009132    0.025998    0.112510    0.112510 v _300_/Q (sg13g2_dfrbpq_1)
                                                         sign (net)
                      0.025998    0.000000    0.112510 v _214_/A (sg13g2_xnor2_1)
     1    0.001523    0.018334    0.038814    0.151324 v _214_/Y (sg13g2_xnor2_1)
                                                         CTRL.P1 (net)
                      0.018334    0.000000    0.151324 v _300_/D (sg13g2_dfrbpq_1)
                                              0.151324   data arrival time

                      0.000000    0.000000    0.000000   clock clockone (rise edge)
                                  0.000000    0.000000   clock network delay (ideal)
                                  0.200000    0.200000   clock uncertainty
                                  0.000000    0.200000   clock reconvergence pessimism
                                              0.200000 ^ _300_/CLK (sg13g2_dfrbpq_1)
                                 -0.024903    0.175097   library hold time
                                              0.175097   data required time
---------------------------------------------------------------------------------------------
                                              0.175097   data required time
                                             -0.151324   data arrival time
---------------------------------------------------------------------------------------------
                                             -0.023772   slack (VIOLATED)


Startpoint: _293_ (rising edge-triggered flip-flop clocked by clockone)
Endpoint: _294_ (rising edge-triggered flip-flop clocked by clockone)
Path Group: clockone
Path Type: min

Fanout         Cap        Slew       Delay        Time   Description
---------------------------------------------------------------------------------------------
                      0.000000    0.000000    0.000000   clock clockone (rise edge)
                                  0.000000    0.000000   clock network delay (ideal)
                      0.000000    0.000000    0.000000 ^ _293_/CLK (sg13g2_dfrbpq_1)
    14    0.051227    0.110851    0.177524    0.177524 v _293_/Q (sg13g2_dfrbpq_1)
                                                         DPATH.SUM.Cout0 (net)
                      0.110851    0.000000    0.177524 v _192_/A (sg13g2_xnor2_1)
     1    0.001523    0.018778    0.059571    0.237095 v _192_/Y (sg13g2_xnor2_1)
                                                         DPATH.SUM.fa_1.S (net)
                      0.018778    0.000000    0.237095 v _294_/D (sg13g2_dfrbpq_1)
                                              0.237095   data arrival time

                      0.000000    0.000000    0.000000   clock clockone (rise edge)
                                  0.000000    0.000000   clock network delay (ideal)
                                  0.200000    0.200000   clock uncertainty
                                  0.000000    0.200000   clock reconvergence pessimism
                                              0.200000 ^ _294_/CLK (sg13g2_dfrbpq_1)
                                 -0.025006    0.174994   library hold time
                                              0.174994   data required time
---------------------------------------------------------------------------------------------
                                              0.174994   data required time
                                             -0.237095   data arrival time
---------------------------------------------------------------------------------------------
                                              0.062101   slack (MET)


Startpoint: _293_ (rising edge-triggered flip-flop clocked by clockone)
Endpoint: _293_ (rising edge-triggered flip-flop clocked by clockone)
Path Group: clockone
Path Type: min

Fanout         Cap        Slew       Delay        Time   Description
---------------------------------------------------------------------------------------------
                      0.000000    0.000000    0.000000   clock clockone (rise edge)
                                  0.000000    0.000000   clock network delay (ideal)
                      0.000000    0.000000    0.000000 ^ _293_/CLK (sg13g2_dfrbpq_1)
    14    0.051227    0.110851    0.177524    0.177524 v _293_/Q (sg13g2_dfrbpq_1)
                                                         DPATH.SUM.Cout0 (net)
                      0.110851    0.000000    0.177524 v _128_/A (sg13g2_inv_1)
     5    0.015358    0.062804    0.073153    0.250677 ^ _128_/Y (sg13g2_inv_1)
                                                         DPATH.SUM.ha_0.S (net)
                      0.062804    0.000000    0.250677 ^ _293_/D (sg13g2_dfrbpq_1)
                                              0.250677   data arrival time

                      0.000000    0.000000    0.000000   clock clockone (rise edge)
                                  0.000000    0.000000   clock network delay (ideal)
                                  0.200000    0.200000   clock uncertainty
                                  0.000000    0.200000   clock reconvergence pessimism
                                              0.200000 ^ _293_/CLK (sg13g2_dfrbpq_1)
                                 -0.052259    0.147741   library hold time
                                              0.147741   data required time
---------------------------------------------------------------------------------------------
                                              0.147741   data required time
                                             -0.250677   data arrival time
---------------------------------------------------------------------------------------------
                                              0.102936   slack (MET)


Startpoint: _301_ (rising edge-triggered flip-flop clocked by clockone)
Endpoint: _301_ (rising edge-triggered flip-flop clocked by clockone)
Path Group: clockone
Path Type: min

Fanout         Cap        Slew       Delay        Time   Description
---------------------------------------------------------------------------------------------
                      0.000000    0.000000    0.000000   clock clockone (rise edge)
                                  0.000000    0.000000   clock network delay (ideal)
                      0.000000    0.000000    0.000000 ^ _301_/CLK (sg13g2_dfrbpq_1)
    13    0.054372    0.117300    0.182180    0.182180 v _301_/Q (sg13g2_dfrbpq_1)
                                                         CTRL.S0 (net)
                      0.117300    0.000000    0.182180 v _218_/A1 (sg13g2_o21ai_1)
     1    0.003101    0.028049    0.080352    0.262532 ^ _218_/Y (sg13g2_o21ai_1)
                                                         _044_ (net)
                      0.028049    0.000000    0.262532 ^ _219_/A (sg13g2_inv_1)
     1    0.001523    0.011006    0.017423    0.279955 v _219_/Y (sg13g2_inv_1)
                                                         CTRL.P0 (net)
                      0.011006    0.000000    0.279955 v _301_/D (sg13g2_dfrbpq_1)
                                              0.279955   data arrival time

                      0.000000    0.000000    0.000000   clock clockone (rise edge)
                                  0.000000    0.000000   clock network delay (ideal)
                                  0.200000    0.200000   clock uncertainty
                                  0.000000    0.200000   clock reconvergence pessimism
                                              0.200000 ^ _301_/CLK (sg13g2_dfrbpq_1)
                                 -0.023213    0.176787   library hold time
                                              0.176787   data required time
---------------------------------------------------------------------------------------------
                                              0.176787   data required time
                                             -0.279955   data arrival time
---------------------------------------------------------------------------------------------
                                              0.103168   slack (MET)


Startpoint: _296_ (rising edge-triggered flip-flop clocked by clockone)
Endpoint: _296_ (rising edge-triggered flip-flop clocked by clockone)
Path Group: clockone
Path Type: min

Fanout         Cap        Slew       Delay        Time   Description
---------------------------------------------------------------------------------------------
                      0.000000    0.000000    0.000000   clock clockone (rise edge)
                                  0.000000    0.000000   clock network delay (ideal)
                      0.000000    0.000000    0.000000 ^ _296_/CLK (sg13g2_dfrbpq_1)
    12    0.040454    0.088759    0.161573    0.161573 v _296_/Q (sg13g2_dfrbpq_1)
                                                         DPATH.SUM.fa_3.A (net)
                      0.088759    0.000000    0.161573 v _199_/A (sg13g2_xnor2_1)
     2    0.008760    0.046847    0.079421    0.240994 v _199_/Y (sg13g2_xnor2_1)
                                                         _031_ (net)
                      0.046847    0.000000    0.240994 v _200_/B (sg13g2_xor2_1)
     1    0.001523    0.015718    0.038929    0.279923 v _200_/X (sg13g2_xor2_1)
                                                         DPATH.SUM.fa_3.S (net)
                      0.015718    0.000000    0.279923 v _296_/D (sg13g2_dfrbpq_1)
                                              0.279923   data arrival time

                      0.000000    0.000000    0.000000   clock clockone (rise edge)
                                  0.000000    0.000000   clock network delay (ideal)
                                  0.200000    0.200000   clock uncertainty
                                  0.000000    0.200000   clock reconvergence pessimism
                                              0.200000 ^ _296_/CLK (sg13g2_dfrbpq_1)
                                 -0.024300    0.175700   library hold time
                                              0.175700   data required time
---------------------------------------------------------------------------------------------
                                              0.175700   data required time
                                             -0.279923   data arrival time
---------------------------------------------------------------------------------------------
                                              0.104223   slack (MET)


Startpoint: _296_ (rising edge-triggered flip-flop clocked by clockone)
Endpoint: _297_ (rising edge-triggered flip-flop clocked by clockone)
Path Group: clockone
Path Type: min

Fanout         Cap        Slew       Delay        Time   Description
---------------------------------------------------------------------------------------------
                      0.000000    0.000000    0.000000   clock clockone (rise edge)
                                  0.000000    0.000000   clock network delay (ideal)
                      0.000000    0.000000    0.000000 ^ _296_/CLK (sg13g2_dfrbpq_1)
    12    0.040454    0.088759    0.161573    0.161573 v _296_/Q (sg13g2_dfrbpq_1)
                                                         DPATH.SUM.fa_3.A (net)
                      0.088759    0.000000    0.161573 v _198_/A (sg13g2_nand2_1)
     1    0.003500    0.030283    0.035388    0.196961 ^ _198_/Y (sg13g2_nand2_1)
                                                         _030_ (net)
                      0.030283    0.000000    0.196961 ^ _203_/B1 (sg13g2_o21ai_1)
     2    0.008688    0.045070    0.048359    0.245320 v _203_/Y (sg13g2_o21ai_1)
                                                         _034_ (net)
                      0.045070    0.000000    0.245320 v _204_/B (sg13g2_xor2_1)
     1    0.001523    0.015883    0.038418    0.283738 v _204_/X (sg13g2_xor2_1)
                                                         DPATH.SUM.fa_4.S (net)
                      0.015883    0.000000    0.283738 v _297_/D (sg13g2_dfrbpq_1)
                                              0.283738   data arrival time

                      0.000000    0.000000    0.000000   clock clockone (rise edge)
                                  0.000000    0.000000   clock network delay (ideal)
                                  0.200000    0.200000   clock uncertainty
                                  0.000000    0.200000   clock reconvergence pessimism
                                              0.200000 ^ _297_/CLK (sg13g2_dfrbpq_1)
                                 -0.024338    0.175662   library hold time
                                              0.175662   data required time
---------------------------------------------------------------------------------------------
                                              0.175662   data required time
                                             -0.283738   data arrival time
---------------------------------------------------------------------------------------------
                                              0.108076   slack (MET)


Startpoint: _301_ (rising edge-triggered flip-flop clocked by clockone)
Endpoint: _299_ (rising edge-triggered flip-flop clocked by clockone)
Path Group: clockone
Path Type: min

Fanout         Cap        Slew       Delay        Time   Description
---------------------------------------------------------------------------------------------
                      0.000000    0.000000    0.000000   clock clockone (rise edge)
                                  0.000000    0.000000   clock network delay (ideal)
                      0.000000    0.000000    0.000000 ^ _301_/CLK (sg13g2_dfrbpq_1)
    13    0.054372    0.117300    0.182180    0.182180 v _301_/Q (sg13g2_dfrbpq_1)
                                                         CTRL.S0 (net)
                      0.117300    0.000000    0.182180 v _210_/A (sg13g2_xnor2_1)
     1    0.005424    0.035176    0.074485    0.256665 v _210_/Y (sg13g2_xnor2_1)
                                                         _039_ (net)
                      0.035176    0.000000    0.256665 v _211_/B (sg13g2_xnor2_1)
     1    0.001523    0.017904    0.035299    0.291964 v _211_/Y (sg13g2_xnor2_1)
                                                         DPATH.SUM.fa_6.S (net)
                      0.017904    0.000000    0.291964 v _299_/D (sg13g2_dfrbpq_1)
                                              0.291964   data arrival time

                      0.000000    0.000000    0.000000   clock clockone (rise edge)
                                  0.000000    0.000000   clock network delay (ideal)
                                  0.200000    0.200000   clock uncertainty
                                  0.000000    0.200000   clock reconvergence pessimism
                                              0.200000 ^ _299_/CLK (sg13g2_dfrbpq_1)
                                 -0.024804    0.175196   library hold time
                                              0.175196   data required time
---------------------------------------------------------------------------------------------
                                              0.175196   data required time
                                             -0.291964   data arrival time
---------------------------------------------------------------------------------------------
                                              0.116768   slack (MET)


Startpoint: _295_ (rising edge-triggered flip-flop clocked by clockone)
Endpoint: _295_ (rising edge-triggered flip-flop clocked by clockone)
Path Group: clockone
Path Type: min

Fanout         Cap        Slew       Delay        Time   Description
---------------------------------------------------------------------------------------------
                      0.000000    0.000000    0.000000   clock clockone (rise edge)
                                  0.000000    0.000000   clock network delay (ideal)
                      0.000000    0.000000    0.000000 ^ _295_/CLK (sg13g2_dfrbpq_1)
    15    0.052212    0.112870    0.178982    0.178982 v _295_/Q (sg13g2_dfrbpq_1)
                                                         DPATH.SUM.fa_2.A (net)
                      0.112870    0.000000    0.178982 v _195_/A (sg13g2_xor2_1)
     2    0.008688    0.031624    0.082823    0.261804 v _195_/X (sg13g2_xor2_1)
                                                         _028_ (net)
                      0.031624    0.000000    0.261804 v _196_/B (sg13g2_xor2_1)
     1    0.001523    0.016011    0.034553    0.296357 v _196_/X (sg13g2_xor2_1)
                                                         DPATH.SUM.fa_2.S (net)
                      0.016011    0.000000    0.296357 v _295_/D (sg13g2_dfrbpq_1)
                                              0.296357   data arrival time

                      0.000000    0.000000    0.000000   clock clockone (rise edge)
                                  0.000000    0.000000   clock network delay (ideal)
                                  0.200000    0.200000   clock uncertainty
                                  0.000000    0.200000   clock reconvergence pessimism
                                              0.200000 ^ _295_/CLK (sg13g2_dfrbpq_1)
                                 -0.024368    0.175632   library hold time
                                              0.175632   data required time
---------------------------------------------------------------------------------------------
                                              0.175632   data required time
                                             -0.296357   data arrival time
---------------------------------------------------------------------------------------------
                                              0.120725   slack (MET)


Startpoint: _301_ (rising edge-triggered flip-flop clocked by clockone)
Endpoint: _298_ (rising edge-triggered flip-flop clocked by clockone)
Path Group: clockone
Path Type: min

Fanout         Cap        Slew       Delay        Time   Description
---------------------------------------------------------------------------------------------
                      0.000000    0.000000    0.000000   clock clockone (rise edge)
                                  0.000000    0.000000   clock network delay (ideal)
                      0.000000    0.000000    0.000000 ^ _301_/CLK (sg13g2_dfrbpq_1)
    13    0.054372    0.117300    0.182180    0.182180 v _301_/Q (sg13g2_dfrbpq_1)
                                                         CTRL.S0 (net)
                      0.117300    0.000000    0.182180 v _206_/B (sg13g2_xnor2_1)
     2    0.009798    0.052324    0.082312    0.264492 v _206_/Y (sg13g2_xnor2_1)
                                                         _036_ (net)
                      0.052324    0.000000    0.264492 v _208_/A (sg13g2_xor2_1)
     1    0.001523    0.015786    0.043227    0.307719 v _208_/X (sg13g2_xor2_1)
                                                         DPATH.SUM.fa_5.S (net)
                      0.015786    0.000000    0.307719 v _298_/D (sg13g2_dfrbpq_1)
                                              0.307719   data arrival time

                      0.000000    0.000000    0.000000   clock clockone (rise edge)
                                  0.000000    0.000000   clock network delay (ideal)
                                  0.200000    0.200000   clock uncertainty
                                  0.000000    0.200000   clock reconvergence pessimism
                                              0.200000 ^ _298_/CLK (sg13g2_dfrbpq_1)
                                 -0.024316    0.175684   library hold time
                                              0.175684   data required time
---------------------------------------------------------------------------------------------
                                              0.175684   data required time
                                             -0.307719   data arrival time
---------------------------------------------------------------------------------------------
                                              0.132035   slack (MET)



