+ define_corners nom_fast_1p32V_m40C
Reading timing models for corner nom_fast_1p32V_m40C…
Reading cell library for the 'nom_fast_1p32V_m40C' corner at '/opt/pdks/ciel/ihp-sg13g2/versions/cb7daaa8901016cf7c5d272dfa322c41f024931f/ihp-sg13g2/libs.ref/sg13g2_stdcell/lib/sg13g2_stdcell_fast_1p32V_m40C.lib'…
Reading top-level netlist at '/home/designer/shared/Bioimpedance-ASIC-for-skin-cancer-detection/current_generator/digital/DigitalSine/runs/RUN_2025-12-14_10-41-31/06-yosys-synthesis/DigitalSine.nl.v'…
Linking design 'DigitalSine' from netlist…
Reading design constraints file at '/home/designer/shared/Bioimpedance-ASIC-for-skin-cancer-detection/current_generator/digital/DigitalSine/cons.sdc'…
Warning: cons.sdc line 4, clock arg 'clk' clock not found.
Warning: cons.sdc line 5, clock arg 'clk' clock not found.
[INFO] No information on clock propagation in input SDC file-- unpropagating all clocks.
%OL_CREATE_REPORT min.rpt

===========================================================================
report_checks -path_delay min (Hold)
============================================================================
======================= nom_fast_1p32V_m40C Corner ===================================

Startpoint: _300_ (rising edge-triggered flip-flop clocked by clockone)
Endpoint: _300_ (rising edge-triggered flip-flop clocked by clockone)
Path Group: clockone
Path Type: min

Fanout         Cap        Slew       Delay        Time   Description
---------------------------------------------------------------------------------------------
                      0.000000    0.000000    0.000000   clock clockone (rise edge)
                                  0.000000    0.000000   clock network delay (ideal)
                      0.000000    0.000000    0.000000 ^ _300_/CLK (sg13g2_dfrbpq_1)
     3    0.009132    0.025998    0.112510    0.112510 v _300_/Q (sg13g2_dfrbpq_1)
                                                         sign (net)
                      0.025998    0.000000    0.112510 v _214_/A (sg13g2_xnor2_1)
     1    0.001523    0.018334    0.038814    0.151324 v _214_/Y (sg13g2_xnor2_1)
                                                         CTRL.P1 (net)
                      0.018334    0.000000    0.151324 v _300_/D (sg13g2_dfrbpq_1)
                                              0.151324   data arrival time

                      0.000000    0.000000    0.000000   clock clockone (rise edge)
                                  0.000000    0.000000   clock network delay (ideal)
                                  0.200000    0.200000   clock uncertainty
                                  0.000000    0.200000   clock reconvergence pessimism
                                              0.200000 ^ _300_/CLK (sg13g2_dfrbpq_1)
                                 -0.024903    0.175097   library hold time
                                              0.175097   data required time
---------------------------------------------------------------------------------------------
                                              0.175097   data required time
                                             -0.151324   data arrival time
---------------------------------------------------------------------------------------------
                                             -0.023772   slack (VIOLATED)


Startpoint: _293_ (rising edge-triggered flip-flop clocked by clockone)
Endpoint: _294_ (rising edge-triggered flip-flop clocked by clockone)
Path Group: clockone
Path Type: min

Fanout         Cap        Slew       Delay        Time   Description
---------------------------------------------------------------------------------------------
                      0.000000    0.000000    0.000000   clock clockone (rise edge)
                                  0.000000    0.000000   clock network delay (ideal)
                      0.000000    0.000000    0.000000 ^ _293_/CLK (sg13g2_dfrbpq_1)
    14    0.051227    0.110851    0.177524    0.177524 v _293_/Q (sg13g2_dfrbpq_1)
                                                         DPATH.SUM.Cout0 (net)
                      0.110851    0.000000    0.177524 v _192_/A (sg13g2_xnor2_1)
     1    0.001523    0.018778    0.059571    0.237095 v _192_/Y (sg13g2_xnor2_1)
                                                         DPATH.SUM.fa_1.S (net)
                      0.018778    0.000000    0.237095 v _294_/D (sg13g2_dfrbpq_1)
                                              0.237095   data arrival time

                      0.000000    0.000000    0.000000   clock clockone (rise edge)
                                  0.000000    0.000000   clock network delay (ideal)
                                  0.200000    0.200000   clock uncertainty
                                  0.000000    0.200000   clock reconvergence pessimism
                                              0.200000 ^ _294_/CLK (sg13g2_dfrbpq_1)
                                 -0.025006    0.174994   library hold time
                                              0.174994   data required time
---------------------------------------------------------------------------------------------
                                              0.174994   data required time
                                             -0.237095   data arrival time
---------------------------------------------------------------------------------------------
                                              0.062101   slack (MET)


Startpoint: _293_ (rising edge-triggered flip-flop clocked by clockone)
Endpoint: _293_ (rising edge-triggered flip-flop clocked by clockone)
Path Group: clockone
Path Type: min

Fanout         Cap        Slew       Delay        Time   Description
---------------------------------------------------------------------------------------------
                      0.000000    0.000000    0.000000   clock clockone (rise edge)
                                  0.000000    0.000000   clock network delay (ideal)
                      0.000000    0.000000    0.000000 ^ _293_/CLK (sg13g2_dfrbpq_1)
    14    0.051227    0.110851    0.177524    0.177524 v _293_/Q (sg13g2_dfrbpq_1)
                                                         DPATH.SUM.Cout0 (net)
                      0.110851    0.000000    0.177524 v _128_/A (sg13g2_inv_1)
     5    0.015358    0.062804    0.073153    0.250677 ^ _128_/Y (sg13g2_inv_1)
                                                         DPATH.SUM.ha_0.S (net)
                      0.062804    0.000000    0.250677 ^ _293_/D (sg13g2_dfrbpq_1)
                                              0.250677   data arrival time

                      0.000000    0.000000    0.000000   clock clockone (rise edge)
                                  0.000000    0.000000   clock network delay (ideal)
                                  0.200000    0.200000   clock uncertainty
                                  0.000000    0.200000   clock reconvergence pessimism
                                              0.200000 ^ _293_/CLK (sg13g2_dfrbpq_1)
                                 -0.052259    0.147741   library hold time
                                              0.147741   data required time
---------------------------------------------------------------------------------------------
                                              0.147741   data required time
                                             -0.250677   data arrival time
---------------------------------------------------------------------------------------------
                                              0.102936   slack (MET)


Startpoint: _301_ (rising edge-triggered flip-flop clocked by clockone)
Endpoint: _301_ (rising edge-triggered flip-flop clocked by clockone)
Path Group: clockone
Path Type: min

Fanout         Cap        Slew       Delay        Time   Description
---------------------------------------------------------------------------------------------
                      0.000000    0.000000    0.000000   clock clockone (rise edge)
                                  0.000000    0.000000   clock network delay (ideal)
                      0.000000    0.000000    0.000000 ^ _301_/CLK (sg13g2_dfrbpq_1)
    13    0.054372    0.117300    0.182180    0.182180 v _301_/Q (sg13g2_dfrbpq_1)
                                                         CTRL.S0 (net)
                      0.117300    0.000000    0.182180 v _218_/A1 (sg13g2_o21ai_1)
     1    0.003101    0.028049    0.080352    0.262532 ^ _218_/Y (sg13g2_o21ai_1)
                                                         _044_ (net)
                      0.028049    0.000000    0.262532 ^ _219_/A (sg13g2_inv_1)
     1    0.001523    0.011006    0.017423    0.279955 v _219_/Y (sg13g2_inv_1)
                                                         CTRL.P0 (net)
                      0.011006    0.000000    0.279955 v _301_/D (sg13g2_dfrbpq_1)
                                              0.279955   data arrival time

                      0.000000    0.000000    0.000000   clock clockone (rise edge)
                                  0.000000    0.000000   clock network delay (ideal)
                                  0.200000    0.200000   clock uncertainty
                                  0.000000    0.200000   clock reconvergence pessimism
                                              0.200000 ^ _301_/CLK (sg13g2_dfrbpq_1)
                                 -0.023213    0.176787   library hold time
                                              0.176787   data required time
---------------------------------------------------------------------------------------------
                                              0.176787   data required time
                                             -0.279955   data arrival time
---------------------------------------------------------------------------------------------
                                              0.103168   slack (MET)


Startpoint: _296_ (rising edge-triggered flip-flop clocked by clockone)
Endpoint: _296_ (rising edge-triggered flip-flop clocked by clockone)
Path Group: clockone
Path Type: min

Fanout         Cap        Slew       Delay        Time   Description
---------------------------------------------------------------------------------------------
                      0.000000    0.000000    0.000000   clock clockone (rise edge)
                                  0.000000    0.000000   clock network delay (ideal)
                      0.000000    0.000000    0.000000 ^ _296_/CLK (sg13g2_dfrbpq_1)
    12    0.040454    0.088759    0.161573    0.161573 v _296_/Q (sg13g2_dfrbpq_1)
                                                         DPATH.SUM.fa_3.A (net)
                      0.088759    0.000000    0.161573 v _199_/A (sg13g2_xnor2_1)
     2    0.008760    0.046847    0.079421    0.240994 v _199_/Y (sg13g2_xnor2_1)
                                                         _031_ (net)
                      0.046847    0.000000    0.240994 v _200_/B (sg13g2_xor2_1)
     1    0.001523    0.015718    0.038929    0.279923 v _200_/X (sg13g2_xor2_1)
                                                         DPATH.SUM.fa_3.S (net)
                      0.015718    0.000000    0.279923 v _296_/D (sg13g2_dfrbpq_1)
                                              0.279923   data arrival time

                      0.000000    0.000000    0.000000   clock clockone (rise edge)
                                  0.000000    0.000000   clock network delay (ideal)
                                  0.200000    0.200000   clock uncertainty
                                  0.000000    0.200000   clock reconvergence pessimism
                                              0.200000 ^ _296_/CLK (sg13g2_dfrbpq_1)
                                 -0.024300    0.175700   library hold time
                                              0.175700   data required time
---------------------------------------------------------------------------------------------
                                              0.175700   data required time
                                             -0.279923   data arrival time
---------------------------------------------------------------------------------------------
                                              0.104223   slack (MET)


Startpoint: _296_ (rising edge-triggered flip-flop clocked by clockone)
Endpoint: _297_ (rising edge-triggered flip-flop clocked by clockone)
Path Group: clockone
Path Type: min

Fanout         Cap        Slew       Delay        Time   Description
---------------------------------------------------------------------------------------------
                      0.000000    0.000000    0.000000   clock clockone (rise edge)
                                  0.000000    0.000000   clock network delay (ideal)
                      0.000000    0.000000    0.000000 ^ _296_/CLK (sg13g2_dfrbpq_1)
    12    0.040454    0.088759    0.161573    0.161573 v _296_/Q (sg13g2_dfrbpq_1)
                                                         DPATH.SUM.fa_3.A (net)
                      0.088759    0.000000    0.161573 v _198_/A (sg13g2_nand2_1)
     1    0.003500    0.030283    0.035388    0.196961 ^ _198_/Y (sg13g2_nand2_1)
                                                         _030_ (net)
                      0.030283    0.000000    0.196961 ^ _203_/B1 (sg13g2_o21ai_1)
     2    0.008688    0.045070    0.048359    0.245320 v _203_/Y (sg13g2_o21ai_1)
                                                         _034_ (net)
                      0.045070    0.000000    0.245320 v _204_/B (sg13g2_xor2_1)
     1    0.001523    0.015883    0.038418    0.283738 v _204_/X (sg13g2_xor2_1)
                                                         DPATH.SUM.fa_4.S (net)
                      0.015883    0.000000    0.283738 v _297_/D (sg13g2_dfrbpq_1)
                                              0.283738   data arrival time

                      0.000000    0.000000    0.000000   clock clockone (rise edge)
                                  0.000000    0.000000   clock network delay (ideal)
                                  0.200000    0.200000   clock uncertainty
                                  0.000000    0.200000   clock reconvergence pessimism
                                              0.200000 ^ _297_/CLK (sg13g2_dfrbpq_1)
                                 -0.024338    0.175662   library hold time
                                              0.175662   data required time
---------------------------------------------------------------------------------------------
                                              0.175662   data required time
                                             -0.283738   data arrival time
---------------------------------------------------------------------------------------------
                                              0.108076   slack (MET)


Startpoint: _301_ (rising edge-triggered flip-flop clocked by clockone)
Endpoint: _299_ (rising edge-triggered flip-flop clocked by clockone)
Path Group: clockone
Path Type: min

Fanout         Cap        Slew       Delay        Time   Description
---------------------------------------------------------------------------------------------
                      0.000000    0.000000    0.000000   clock clockone (rise edge)
                                  0.000000    0.000000   clock network delay (ideal)
                      0.000000    0.000000    0.000000 ^ _301_/CLK (sg13g2_dfrbpq_1)
    13    0.054372    0.117300    0.182180    0.182180 v _301_/Q (sg13g2_dfrbpq_1)
                                                         CTRL.S0 (net)
                      0.117300    0.000000    0.182180 v _210_/A (sg13g2_xnor2_1)
     1    0.005424    0.035176    0.074485    0.256665 v _210_/Y (sg13g2_xnor2_1)
                                                         _039_ (net)
                      0.035176    0.000000    0.256665 v _211_/B (sg13g2_xnor2_1)
     1    0.001523    0.017904    0.035299    0.291964 v _211_/Y (sg13g2_xnor2_1)
                                                         DPATH.SUM.fa_6.S (net)
                      0.017904    0.000000    0.291964 v _299_/D (sg13g2_dfrbpq_1)
                                              0.291964   data arrival time

                      0.000000    0.000000    0.000000   clock clockone (rise edge)
                                  0.000000    0.000000   clock network delay (ideal)
                                  0.200000    0.200000   clock uncertainty
                                  0.000000    0.200000   clock reconvergence pessimism
                                              0.200000 ^ _299_/CLK (sg13g2_dfrbpq_1)
                                 -0.024804    0.175196   library hold time
                                              0.175196   data required time
---------------------------------------------------------------------------------------------
                                              0.175196   data required time
                                             -0.291964   data arrival time
---------------------------------------------------------------------------------------------
                                              0.116768   slack (MET)


Startpoint: _295_ (rising edge-triggered flip-flop clocked by clockone)
Endpoint: _295_ (rising edge-triggered flip-flop clocked by clockone)
Path Group: clockone
Path Type: min

Fanout         Cap        Slew       Delay        Time   Description
---------------------------------------------------------------------------------------------
                      0.000000    0.000000    0.000000   clock clockone (rise edge)
                                  0.000000    0.000000   clock network delay (ideal)
                      0.000000    0.000000    0.000000 ^ _295_/CLK (sg13g2_dfrbpq_1)
    15    0.052212    0.112870    0.178982    0.178982 v _295_/Q (sg13g2_dfrbpq_1)
                                                         DPATH.SUM.fa_2.A (net)
                      0.112870    0.000000    0.178982 v _195_/A (sg13g2_xor2_1)
     2    0.008688    0.031624    0.082823    0.261804 v _195_/X (sg13g2_xor2_1)
                                                         _028_ (net)
                      0.031624    0.000000    0.261804 v _196_/B (sg13g2_xor2_1)
     1    0.001523    0.016011    0.034553    0.296357 v _196_/X (sg13g2_xor2_1)
                                                         DPATH.SUM.fa_2.S (net)
                      0.016011    0.000000    0.296357 v _295_/D (sg13g2_dfrbpq_1)
                                              0.296357   data arrival time

                      0.000000    0.000000    0.000000   clock clockone (rise edge)
                                  0.000000    0.000000   clock network delay (ideal)
                                  0.200000    0.200000   clock uncertainty
                                  0.000000    0.200000   clock reconvergence pessimism
                                              0.200000 ^ _295_/CLK (sg13g2_dfrbpq_1)
                                 -0.024368    0.175632   library hold time
                                              0.175632   data required time
---------------------------------------------------------------------------------------------
                                              0.175632   data required time
                                             -0.296357   data arrival time
---------------------------------------------------------------------------------------------
                                              0.120725   slack (MET)


Startpoint: _301_ (rising edge-triggered flip-flop clocked by clockone)
Endpoint: _298_ (rising edge-triggered flip-flop clocked by clockone)
Path Group: clockone
Path Type: min

Fanout         Cap        Slew       Delay        Time   Description
---------------------------------------------------------------------------------------------
                      0.000000    0.000000    0.000000   clock clockone (rise edge)
                                  0.000000    0.000000   clock network delay (ideal)
                      0.000000    0.000000    0.000000 ^ _301_/CLK (sg13g2_dfrbpq_1)
    13    0.054372    0.117300    0.182180    0.182180 v _301_/Q (sg13g2_dfrbpq_1)
                                                         CTRL.S0 (net)
                      0.117300    0.000000    0.182180 v _206_/B (sg13g2_xnor2_1)
     2    0.009798    0.052324    0.082312    0.264492 v _206_/Y (sg13g2_xnor2_1)
                                                         _036_ (net)
                      0.052324    0.000000    0.264492 v _208_/A (sg13g2_xor2_1)
     1    0.001523    0.015786    0.043227    0.307719 v _208_/X (sg13g2_xor2_1)
                                                         DPATH.SUM.fa_5.S (net)
                      0.015786    0.000000    0.307719 v _298_/D (sg13g2_dfrbpq_1)
                                              0.307719   data arrival time

                      0.000000    0.000000    0.000000   clock clockone (rise edge)
                                  0.000000    0.000000   clock network delay (ideal)
                                  0.200000    0.200000   clock uncertainty
                                  0.000000    0.200000   clock reconvergence pessimism
                                              0.200000 ^ _298_/CLK (sg13g2_dfrbpq_1)
                                 -0.024316    0.175684   library hold time
                                              0.175684   data required time
---------------------------------------------------------------------------------------------
                                              0.175684   data required time
                                             -0.307719   data arrival time
---------------------------------------------------------------------------------------------
                                              0.132035   slack (MET)



%OL_END_REPORT
%OL_CREATE_REPORT max.rpt

===========================================================================
report_checks -path_delay max (Setup)
============================================================================
======================= nom_fast_1p32V_m40C Corner ===================================

Startpoint: _294_ (rising edge-triggered flip-flop clocked by clockone)
Endpoint: _299_ (rising edge-triggered flip-flop clocked by clockone)
Path Group: clockone
Path Type: max

Fanout         Cap        Slew       Delay        Time   Description
---------------------------------------------------------------------------------------------
                      0.000000    0.000000    0.000000   clock clockone (rise edge)
                                  0.000000    0.000000   clock network delay (ideal)
                      0.000000    0.000000    0.000000 ^ _294_/CLK (sg13g2_dfrbpq_1)
    16    0.057268    0.153599    0.201032    0.201032 ^ _294_/Q (sg13g2_dfrbpq_1)
                                                         DPATH.SUM.fa_1.A (net)
                      0.153599    0.000000    0.201032 ^ _191_/A (sg13g2_xnor2_1)
     2    0.008763    0.064200    0.094271    0.295303 v _191_/Y (sg13g2_xnor2_1)
                                                         _025_ (net)
                      0.064200    0.000000    0.295303 v _193_/A2 (sg13g2_o21ai_1)
     2    0.009431    0.091199    0.095211    0.390514 ^ _193_/Y (sg13g2_o21ai_1)
                                                         _026_ (net)
                      0.091199    0.000000    0.390514 ^ _197_/A1 (sg13g2_a21oi_1)
     2    0.009798    0.065849    0.081570    0.472084 v _197_/Y (sg13g2_a21oi_1)
                                                         _029_ (net)
                      0.065849    0.000000    0.472084 v _203_/A1 (sg13g2_o21ai_1)
     2    0.008888    0.087265    0.095790    0.567874 ^ _203_/Y (sg13g2_o21ai_1)
                                                         _034_ (net)
                      0.087265    0.000000    0.567874 ^ _207_/A2 (sg13g2_a21oi_1)
     2    0.008760    0.062414    0.075824    0.643698 v _207_/Y (sg13g2_a21oi_1)
                                                         _037_ (net)
                      0.062414    0.000000    0.643698 v _209_/A2 (sg13g2_o21ai_1)
     1    0.006136    0.071221    0.078685    0.722382 ^ _209_/Y (sg13g2_o21ai_1)
                                                         _038_ (net)
                      0.071221    0.000000    0.722382 ^ _211_/A (sg13g2_xnor2_1)
     1    0.001496    0.040375    0.067536    0.789918 ^ _211_/Y (sg13g2_xnor2_1)
                                                         DPATH.SUM.fa_6.S (net)
                      0.040375    0.000000    0.789918 ^ _299_/D (sg13g2_dfrbpq_1)
                                              0.789918   data arrival time

                      0.000000    5.000000    5.000000   clock clockone (rise edge)
                                  0.000000    5.000000   clock network delay (ideal)
                                 -0.200000    4.800000   clock uncertainty
                                  0.000000    4.800000   clock reconvergence pessimism
                                              4.800000 ^ _299_/CLK (sg13g2_dfrbpq_1)
                                 -0.083195    4.716805   library setup time
                                              4.716805   data required time
---------------------------------------------------------------------------------------------
                                              4.716805   data required time
                                             -0.789918   data arrival time
---------------------------------------------------------------------------------------------
                                              3.926887   slack (MET)


Startpoint: _294_ (rising edge-triggered flip-flop clocked by clockone)
Endpoint: _298_ (rising edge-triggered flip-flop clocked by clockone)
Path Group: clockone
Path Type: max

Fanout         Cap        Slew       Delay        Time   Description
---------------------------------------------------------------------------------------------
                      0.000000    0.000000    0.000000   clock clockone (rise edge)
                                  0.000000    0.000000   clock network delay (ideal)
                      0.000000    0.000000    0.000000 ^ _294_/CLK (sg13g2_dfrbpq_1)
    16    0.057268    0.153599    0.201032    0.201032 ^ _294_/Q (sg13g2_dfrbpq_1)
                                                         DPATH.SUM.fa_1.A (net)
                      0.153599    0.000000    0.201032 ^ _191_/A (sg13g2_xnor2_1)
     2    0.008763    0.064200    0.094271    0.295303 v _191_/Y (sg13g2_xnor2_1)
                                                         _025_ (net)
                      0.064200    0.000000    0.295303 v _193_/A2 (sg13g2_o21ai_1)
     2    0.009431    0.091199    0.095211    0.390514 ^ _193_/Y (sg13g2_o21ai_1)
                                                         _026_ (net)
                      0.091199    0.000000    0.390514 ^ _197_/A1 (sg13g2_a21oi_1)
     2    0.009798    0.065849    0.081570    0.472084 v _197_/Y (sg13g2_a21oi_1)
                                                         _029_ (net)
                      0.065849    0.000000    0.472084 v _203_/A1 (sg13g2_o21ai_1)
     2    0.008888    0.087265    0.095790    0.567874 ^ _203_/Y (sg13g2_o21ai_1)
                                                         _034_ (net)
                      0.087265    0.000000    0.567874 ^ _207_/A2 (sg13g2_a21oi_1)
     2    0.008760    0.062414    0.075824    0.643698 v _207_/Y (sg13g2_a21oi_1)
                                                         _037_ (net)
                      0.062414    0.000000    0.643698 v _208_/B (sg13g2_xor2_1)
     1    0.001523    0.032668    0.068972    0.712670 v _208_/X (sg13g2_xor2_1)
                                                         DPATH.SUM.fa_5.S (net)
                      0.032668    0.000000    0.712670 v _298_/D (sg13g2_dfrbpq_1)
                                              0.712670   data arrival time

                      0.000000    5.000000    5.000000   clock clockone (rise edge)
                                  0.000000    5.000000   clock network delay (ideal)
                                 -0.200000    4.800000   clock uncertainty
                                  0.000000    4.800000   clock reconvergence pessimism
                                              4.800000 ^ _298_/CLK (sg13g2_dfrbpq_1)
                                 -0.075718    4.724282   library setup time
                                              4.724282   data required time
---------------------------------------------------------------------------------------------
                                              4.724282   data required time
                                             -0.712670   data arrival time
---------------------------------------------------------------------------------------------
                                              4.011612   slack (MET)


Startpoint: _297_ (rising edge-triggered flip-flop clocked by clockone)
Endpoint: _300_ (rising edge-triggered flip-flop clocked by clockone)
Path Group: clockone
Path Type: max

Fanout         Cap        Slew       Delay        Time   Description
---------------------------------------------------------------------------------------------
                      0.000000    0.000000    0.000000   clock clockone (rise edge)
                                  0.000000    0.000000   clock network delay (ideal)
                      0.000000    0.000000    0.000000 ^ _297_/CLK (sg13g2_dfrbpq_1)
    29    0.093787    0.198323    0.240476    0.240476 v _297_/Q (sg13g2_dfrbpq_1)
                                                         DPATH.SUM.fa_4.A (net)
                      0.198323    0.000000    0.240476 v _142_/A (sg13g2_or2_1)
     7    0.021576    0.058563    0.142426    0.382902 v _142_/X (sg13g2_or2_1)
                                                         _111_ (net)
                      0.058563    0.000000    0.382902 v _143_/B (sg13g2_nor2_1)
     2    0.006429    0.063860    0.055210    0.438112 ^ _143_/Y (sg13g2_nor2_1)
                                                         _112_ (net)
                      0.063860    0.000000    0.438112 ^ _144_/B (sg13g2_nand2_1)
     2    0.006067    0.048360    0.051439    0.489551 v _144_/Y (sg13g2_nand2_1)
                                                         _113_ (net)
                      0.048360    0.000000    0.489551 v _212_/B (sg13g2_nor2_1)
     2    0.003352    0.049312    0.040180    0.529731 ^ _212_/Y (sg13g2_nor2_1)
                                                         sine_out[2] (net)
                      0.049312    0.000000    0.529731 ^ _213_/C (sg13g2_nand3_1)
     2    0.008766    0.087533    0.081316    0.611047 v _213_/Y (sg13g2_nand3_1)
                                                         _040_ (net)
                      0.087533    0.000000    0.611047 v _214_/B (sg13g2_xnor2_1)
     1    0.001523    0.023596    0.073107    0.684154 v _214_/Y (sg13g2_xnor2_1)
                                                         CTRL.P1 (net)
                      0.023596    0.000000    0.684154 v _300_/D (sg13g2_dfrbpq_1)
                                              0.684154   data arrival time

                      0.000000    5.000000    5.000000   clock clockone (rise edge)
                                  0.000000    5.000000   clock network delay (ideal)
                                 -0.200000    4.800000   clock uncertainty
                                  0.000000    4.800000   clock reconvergence pessimism
                                              4.800000 ^ _300_/CLK (sg13g2_dfrbpq_1)
                                 -0.073286    4.726714   library setup time
                                              4.726714   data required time
---------------------------------------------------------------------------------------------
                                              4.726714   data required time
                                             -0.684154   data arrival time
---------------------------------------------------------------------------------------------
                                              4.042560   slack (MET)


Startpoint: _297_ (rising edge-triggered flip-flop clocked by clockone)
Endpoint: _301_ (rising edge-triggered flip-flop clocked by clockone)
Path Group: clockone
Path Type: max

Fanout         Cap        Slew       Delay        Time   Description
---------------------------------------------------------------------------------------------
                      0.000000    0.000000    0.000000   clock clockone (rise edge)
                                  0.000000    0.000000   clock network delay (ideal)
                      0.000000    0.000000    0.000000 ^ _297_/CLK (sg13g2_dfrbpq_1)
    29    0.093787    0.198323    0.240476    0.240476 v _297_/Q (sg13g2_dfrbpq_1)
                                                         DPATH.SUM.fa_4.A (net)
                      0.198323    0.000000    0.240476 v _142_/A (sg13g2_or2_1)
     7    0.021576    0.058563    0.142426    0.382902 v _142_/X (sg13g2_or2_1)
                                                         _111_ (net)
                      0.058563    0.000000    0.382902 v _143_/B (sg13g2_nor2_1)
     2    0.006429    0.063860    0.055210    0.438112 ^ _143_/Y (sg13g2_nor2_1)
                                                         _112_ (net)
                      0.063860    0.000000    0.438112 ^ _144_/B (sg13g2_nand2_1)
     2    0.006067    0.048360    0.051439    0.489551 v _144_/Y (sg13g2_nand2_1)
                                                         _113_ (net)
                      0.048360    0.000000    0.489551 v _212_/B (sg13g2_nor2_1)
     2    0.003352    0.049312    0.040180    0.529731 ^ _212_/Y (sg13g2_nor2_1)
                                                         sine_out[2] (net)
                      0.049312    0.000000    0.529731 ^ _213_/C (sg13g2_nand3_1)
     2    0.008766    0.087533    0.081316    0.611047 v _213_/Y (sg13g2_nand3_1)
                                                         _040_ (net)
                      0.087533    0.000000    0.611047 v _218_/B1 (sg13g2_o21ai_1)
     1    0.003101    0.056420    0.040318    0.651366 ^ _218_/Y (sg13g2_o21ai_1)
                                                         _044_ (net)
                      0.056420    0.000000    0.651366 ^ _219_/A (sg13g2_inv_1)
     1    0.001523    0.015731    0.022423    0.673788 v _219_/Y (sg13g2_inv_1)
                                                         CTRL.P0 (net)
                      0.015731    0.000000    0.673788 v _301_/D (sg13g2_dfrbpq_1)
                                              0.673788   data arrival time

                      0.000000    5.000000    5.000000   clock clockone (rise edge)
                                  0.000000    5.000000   clock network delay (ideal)
                                 -0.200000    4.800000   clock uncertainty
                                  0.000000    4.800000   clock reconvergence pessimism
                                              4.800000 ^ _301_/CLK (sg13g2_dfrbpq_1)
                                 -0.071178    4.728822   library setup time
                                              4.728822   data required time
---------------------------------------------------------------------------------------------
                                              4.728822   data required time
                                             -0.673788   data arrival time
---------------------------------------------------------------------------------------------
                                              4.055034   slack (MET)


Startpoint: _294_ (rising edge-triggered flip-flop clocked by clockone)
Endpoint: _297_ (rising edge-triggered flip-flop clocked by clockone)
Path Group: clockone
Path Type: max

Fanout         Cap        Slew       Delay        Time   Description
---------------------------------------------------------------------------------------------
                      0.000000    0.000000    0.000000   clock clockone (rise edge)
                                  0.000000    0.000000   clock network delay (ideal)
                      0.000000    0.000000    0.000000 ^ _294_/CLK (sg13g2_dfrbpq_1)
    16    0.057268    0.153599    0.201032    0.201032 ^ _294_/Q (sg13g2_dfrbpq_1)
                                                         DPATH.SUM.fa_1.A (net)
                      0.153599    0.000000    0.201032 ^ _191_/A (sg13g2_xnor2_1)
     2    0.008763    0.064200    0.094271    0.295303 v _191_/Y (sg13g2_xnor2_1)
                                                         _025_ (net)
                      0.064200    0.000000    0.295303 v _193_/A2 (sg13g2_o21ai_1)
     2    0.009431    0.091199    0.095211    0.390514 ^ _193_/Y (sg13g2_o21ai_1)
                                                         _026_ (net)
                      0.091199    0.000000    0.390514 ^ _197_/A1 (sg13g2_a21oi_1)
     2    0.009798    0.065849    0.081570    0.472084 v _197_/Y (sg13g2_a21oi_1)
                                                         _029_ (net)
                      0.065849    0.000000    0.472084 v _203_/A1 (sg13g2_o21ai_1)
     2    0.008888    0.087265    0.095790    0.567874 ^ _203_/Y (sg13g2_o21ai_1)
                                                         _034_ (net)
                      0.087265    0.000000    0.567874 ^ _204_/B (sg13g2_xor2_1)
     1    0.001496    0.034728    0.074446    0.642321 ^ _204_/X (sg13g2_xor2_1)
                                                         DPATH.SUM.fa_4.S (net)
                      0.034728    0.000000    0.642321 ^ _297_/D (sg13g2_dfrbpq_1)
                                              0.642321   data arrival time

                      0.000000    5.000000    5.000000   clock clockone (rise edge)
                                  0.000000    5.000000   clock network delay (ideal)
                                 -0.200000    4.800000   clock uncertainty
                                  0.000000    4.800000   clock reconvergence pessimism
                                              4.800000 ^ _297_/CLK (sg13g2_dfrbpq_1)
                                 -0.081817    4.718184   library setup time
                                              4.718184   data required time
---------------------------------------------------------------------------------------------
                                              4.718184   data required time
                                             -0.642321   data arrival time
---------------------------------------------------------------------------------------------
                                              4.075863   slack (MET)


Startpoint: _294_ (rising edge-triggered flip-flop clocked by clockone)
Endpoint: _296_ (rising edge-triggered flip-flop clocked by clockone)
Path Group: clockone
Path Type: max

Fanout         Cap        Slew       Delay        Time   Description
---------------------------------------------------------------------------------------------
                      0.000000    0.000000    0.000000   clock clockone (rise edge)
                                  0.000000    0.000000   clock network delay (ideal)
                      0.000000    0.000000    0.000000 ^ _294_/CLK (sg13g2_dfrbpq_1)
    16    0.057268    0.153599    0.201032    0.201032 ^ _294_/Q (sg13g2_dfrbpq_1)
                                                         DPATH.SUM.fa_1.A (net)
                      0.153599    0.000000    0.201032 ^ _191_/A (sg13g2_xnor2_1)
     2    0.008763    0.064200    0.094271    0.295303 v _191_/Y (sg13g2_xnor2_1)
                                                         _025_ (net)
                      0.064200    0.000000    0.295303 v _193_/A2 (sg13g2_o21ai_1)
     2    0.009431    0.091199    0.095211    0.390514 ^ _193_/Y (sg13g2_o21ai_1)
                                                         _026_ (net)
                      0.091199    0.000000    0.390514 ^ _197_/A1 (sg13g2_a21oi_1)
     2    0.009798    0.065849    0.081570    0.472084 v _197_/Y (sg13g2_a21oi_1)
                                                         _029_ (net)
                      0.065849    0.000000    0.472084 v _200_/A (sg13g2_xor2_1)
     1    0.001523    0.036206    0.072134    0.544218 v _200_/X (sg13g2_xor2_1)
                                                         DPATH.SUM.fa_3.S (net)
                      0.036206    0.000000    0.544218 v _296_/D (sg13g2_dfrbpq_1)
                                              0.544218   data arrival time

                      0.000000    5.000000    5.000000   clock clockone (rise edge)
                                  0.000000    5.000000   clock network delay (ideal)
                                 -0.200000    4.800000   clock uncertainty
                                  0.000000    4.800000   clock reconvergence pessimism
                                              4.800000 ^ _296_/CLK (sg13g2_dfrbpq_1)
                                 -0.076666    4.723334   library setup time
                                              4.723334   data required time
---------------------------------------------------------------------------------------------
                                              4.723334   data required time
                                             -0.544218   data arrival time
---------------------------------------------------------------------------------------------
                                              4.179116   slack (MET)


Startpoint: _294_ (rising edge-triggered flip-flop clocked by clockone)
Endpoint: _295_ (rising edge-triggered flip-flop clocked by clockone)
Path Group: clockone
Path Type: max

Fanout         Cap        Slew       Delay        Time   Description
---------------------------------------------------------------------------------------------
                      0.000000    0.000000    0.000000   clock clockone (rise edge)
                                  0.000000    0.000000   clock network delay (ideal)
                      0.000000    0.000000    0.000000 ^ _294_/CLK (sg13g2_dfrbpq_1)
    16    0.057268    0.153599    0.201032    0.201032 ^ _294_/Q (sg13g2_dfrbpq_1)
                                                         DPATH.SUM.fa_1.A (net)
                      0.153599    0.000000    0.201032 ^ _191_/A (sg13g2_xnor2_1)
     2    0.008763    0.064200    0.094271    0.295303 v _191_/Y (sg13g2_xnor2_1)
                                                         _025_ (net)
                      0.064200    0.000000    0.295303 v _193_/A2 (sg13g2_o21ai_1)
     2    0.009431    0.091199    0.095211    0.390514 ^ _193_/Y (sg13g2_o21ai_1)
                                                         _026_ (net)
                      0.091199    0.000000    0.390514 ^ _196_/A (sg13g2_xor2_1)
     1    0.001496    0.034531    0.078763    0.469277 ^ _196_/X (sg13g2_xor2_1)
                                                         DPATH.SUM.fa_2.S (net)
                      0.034531    0.000000    0.469277 ^ _295_/D (sg13g2_dfrbpq_1)
                                              0.469277   data arrival time

                      0.000000    5.000000    5.000000   clock clockone (rise edge)
                                  0.000000    5.000000   clock network delay (ideal)
                                 -0.200000    4.800000   clock uncertainty
                                  0.000000    4.800000   clock reconvergence pessimism
                                              4.800000 ^ _295_/CLK (sg13g2_dfrbpq_1)
                                 -0.081768    4.718232   library setup time
                                              4.718232   data required time
---------------------------------------------------------------------------------------------
                                              4.718232   data required time
                                             -0.469277   data arrival time
---------------------------------------------------------------------------------------------
                                              4.248955   slack (MET)


Startpoint: _294_ (rising edge-triggered flip-flop clocked by clockone)
Endpoint: _294_ (rising edge-triggered flip-flop clocked by clockone)
Path Group: clockone
Path Type: max

Fanout         Cap        Slew       Delay        Time   Description
---------------------------------------------------------------------------------------------
                      0.000000    0.000000    0.000000   clock clockone (rise edge)
                                  0.000000    0.000000   clock network delay (ideal)
                      0.000000    0.000000    0.000000 ^ _294_/CLK (sg13g2_dfrbpq_1)
    16    0.057268    0.153599    0.201032    0.201032 ^ _294_/Q (sg13g2_dfrbpq_1)
                                                         DPATH.SUM.fa_1.A (net)
                      0.153599    0.000000    0.201032 ^ _191_/A (sg13g2_xnor2_1)
     2    0.009276    0.089580    0.102081    0.303114 ^ _191_/Y (sg13g2_xnor2_1)
                                                         _025_ (net)
                      0.089580    0.000000    0.303114 ^ _192_/B (sg13g2_xnor2_1)
     1    0.001496    0.043545    0.072020    0.375134 ^ _192_/Y (sg13g2_xnor2_1)
                                                         DPATH.SUM.fa_1.S (net)
                      0.043545    0.000000    0.375134 ^ _294_/D (sg13g2_dfrbpq_1)
                                              0.375134   data arrival time

                      0.000000    5.000000    5.000000   clock clockone (rise edge)
                                  0.000000    5.000000   clock network delay (ideal)
                                 -0.200000    4.800000   clock uncertainty
                                  0.000000    4.800000   clock reconvergence pessimism
                                              4.800000 ^ _294_/CLK (sg13g2_dfrbpq_1)
                                 -0.083970    4.716031   library setup time
                                              4.716031   data required time
---------------------------------------------------------------------------------------------
                                              4.716031   data required time
                                             -0.375134   data arrival time
---------------------------------------------------------------------------------------------
                                              4.340897   slack (MET)


Startpoint: _293_ (rising edge-triggered flip-flop clocked by clockone)
Endpoint: _293_ (rising edge-triggered flip-flop clocked by clockone)
Path Group: clockone
Path Type: max

Fanout         Cap        Slew       Delay        Time   Description
---------------------------------------------------------------------------------------------
                      0.000000    0.000000    0.000000   clock clockone (rise edge)
                                  0.000000    0.000000   clock network delay (ideal)
                      0.000000    0.000000    0.000000 ^ _293_/CLK (sg13g2_dfrbpq_1)
    14    0.052955    0.142486    0.193423    0.193423 ^ _293_/Q (sg13g2_dfrbpq_1)
                                                         DPATH.SUM.Cout0 (net)
                      0.142486    0.000000    0.193423 ^ _128_/A (sg13g2_inv_1)
     5    0.015349    0.060970    0.078982    0.272405 v _128_/Y (sg13g2_inv_1)
                                                         DPATH.SUM.ha_0.S (net)
                      0.060970    0.000000    0.272405 v _293_/D (sg13g2_dfrbpq_1)
                                              0.272405   data arrival time

                      0.000000    5.000000    5.000000   clock clockone (rise edge)
                                  0.000000    5.000000   clock network delay (ideal)
                                 -0.200000    4.800000   clock uncertainty
                                  0.000000    4.800000   clock reconvergence pessimism
                                              4.800000 ^ _293_/CLK (sg13g2_dfrbpq_1)
                                 -0.083304    4.716696   library setup time
                                              4.716696   data required time
---------------------------------------------------------------------------------------------
                                              4.716696   data required time
                                             -0.272405   data arrival time
---------------------------------------------------------------------------------------------
                                              4.444290   slack (MET)



%OL_END_REPORT
%OL_CREATE_REPORT checks.rpt

===========================================================================
report_checks -unconstrained
===========================================================================
======================= nom_fast_1p32V_m40C Corner ===================================

Startpoint: _294_ (rising edge-triggered flip-flop clocked by clockone)
Endpoint: _299_ (rising edge-triggered flip-flop clocked by clockone)
Path Group: clockone
Path Type: max

Fanout         Cap        Slew       Delay        Time   Description
---------------------------------------------------------------------------------------------
                      0.000000    0.000000    0.000000   clock clockone (rise edge)
                                  0.000000    0.000000   clock network delay (ideal)
                      0.000000    0.000000    0.000000 ^ _294_/CLK (sg13g2_dfrbpq_1)
    16    0.057268    0.153599    0.201032    0.201032 ^ _294_/Q (sg13g2_dfrbpq_1)
                                                         DPATH.SUM.fa_1.A (net)
                      0.153599    0.000000    0.201032 ^ _191_/A (sg13g2_xnor2_1)
     2    0.008763    0.064200    0.094271    0.295303 v _191_/Y (sg13g2_xnor2_1)
                                                         _025_ (net)
                      0.064200    0.000000    0.295303 v _193_/A2 (sg13g2_o21ai_1)
     2    0.009431    0.091199    0.095211    0.390514 ^ _193_/Y (sg13g2_o21ai_1)
                                                         _026_ (net)
                      0.091199    0.000000    0.390514 ^ _197_/A1 (sg13g2_a21oi_1)
     2    0.009798    0.065849    0.081570    0.472084 v _197_/Y (sg13g2_a21oi_1)
                                                         _029_ (net)
                      0.065849    0.000000    0.472084 v _203_/A1 (sg13g2_o21ai_1)
     2    0.008888    0.087265    0.095790    0.567874 ^ _203_/Y (sg13g2_o21ai_1)
                                                         _034_ (net)
                      0.087265    0.000000    0.567874 ^ _207_/A2 (sg13g2_a21oi_1)
     2    0.008760    0.062414    0.075824    0.643698 v _207_/Y (sg13g2_a21oi_1)
                                                         _037_ (net)
                      0.062414    0.000000    0.643698 v _209_/A2 (sg13g2_o21ai_1)
     1    0.006136    0.071221    0.078685    0.722382 ^ _209_/Y (sg13g2_o21ai_1)
                                                         _038_ (net)
                      0.071221    0.000000    0.722382 ^ _211_/A (sg13g2_xnor2_1)
     1    0.001496    0.040375    0.067536    0.789918 ^ _211_/Y (sg13g2_xnor2_1)
                                                         DPATH.SUM.fa_6.S (net)
                      0.040375    0.000000    0.789918 ^ _299_/D (sg13g2_dfrbpq_1)
                                              0.789918   data arrival time

                      0.000000    5.000000    5.000000   clock clockone (rise edge)
                                  0.000000    5.000000   clock network delay (ideal)
                                 -0.200000    4.800000   clock uncertainty
                                  0.000000    4.800000   clock reconvergence pessimism
                                              4.800000 ^ _299_/CLK (sg13g2_dfrbpq_1)
                                 -0.083195    4.716805   library setup time
                                              4.716805   data required time
---------------------------------------------------------------------------------------------
                                              4.716805   data required time
                                             -0.789918   data arrival time
---------------------------------------------------------------------------------------------
                                              3.926887   slack (MET)




===========================================================================
report_checks --slack_max -0.01
============================================================================
======================= nom_fast_1p32V_m40C Corner ===================================

No paths found.


===========================================================================
 report_check_types -max_slew -max_cap -max_fanout -violators
============================================================================
======================= nom_fast_1p32V_m40C Corner ===================================

max fanout

Pin                                   Limit Fanout  Slack
---------------------------------------------------------
_297_/Q                                   8     29    -21 (VIOLATED)
_298_/Q                                   8     25    -17 (VIOLATED)
_299_/Q                                   8     25    -17 (VIOLATED)
_294_/Q                                   8     16     -8 (VIOLATED)
_295_/Q                                   8     15     -7 (VIOLATED)
_293_/Q                                   8     14     -6 (VIOLATED)
_301_/Q                                   8     13     -5 (VIOLATED)
_296_/Q                                   8     12     -4 (VIOLATED)
_125_/Y                                   8     10     -2 (VIOLATED)



===========================================================================
report_parasitic_annotation -report_unannotated
============================================================================
Found 179 unannotated drivers.
 clk
 rst
 _125_/Y
 _126_/Y
 _127_/Y
 _128_/Y
 _129_/Y
 _130_/Y
 _131_/X
 _132_/Y
 _133_/Y
 _134_/Y
 _135_/Y
 _136_/Y
 _137_/Y
 _138_/Y
 _139_/Y
 _140_/Y
 _141_/X
 _142_/X
 _143_/Y
 _144_/Y
 _145_/Y
 _146_/Y
 _147_/Y
 _148_/Y
 _149_/Y
 _150_/X
 _151_/Y
 _152_/Y
 _153_/Y
 _154_/Y
 _155_/Y
 _156_/Y
 _157_/Y
 _158_/Y
 _159_/Y
 _160_/Y
 _161_/Y
 _162_/Y
 _163_/Y
 _164_/Y
 _165_/Y
 _166_/Y
 _167_/Y
 _168_/Y
 _169_/Y
 _170_/Y
 _171_/Y
 _172_/Y
 _173_/Y
 _174_/Y
 _175_/Y
 _176_/Y
 _177_/Y
 _178_/Y
 _179_/Y
 _180_/Y
 _181_/X
 _182_/Y
 _183_/X
 _184_/Y
 _185_/Y
 _186_/Y
 _187_/Y
 _188_/Y
 _189_/Y
 _190_/Y
 _191_/Y
 _192_/Y
 _193_/Y
 _194_/X
 _195_/X
 _196_/X
 _197_/Y
 _198_/Y
 _199_/Y
 _200_/X
 _201_/X
 _202_/X
 _203_/Y
 _204_/X
 _205_/Y
 _206_/Y
 _207_/Y
 _208_/X
 _209_/Y
 _210_/Y
 _211_/Y
 _212_/Y
 _213_/Y
 _214_/Y
 _215_/Y
 _216_/Y
 _217_/Y
 _218_/Y
 _219_/Y
 _220_/X
 _221_/Y
 _222_/Y
 _223_/X
 _224_/Y
 _225_/Y
 _226_/X
 _227_/Y
 _228_/Y
 _229_/Y
 _230_/Y
 _231_/Y
 _232_/Y
 _233_/Y
 _234_/Y
 _235_/Y
 _236_/Y
 _237_/Y
 _238_/Y
 _239_/X
 _240_/Y
 _241_/Y
 _242_/Y
 _243_/Y
 _244_/Y
 _245_/Y
 _246_/Y
 _247_/Y
 _248_/Y
 _249_/Y
 _250_/Y
 _251_/Y
 _252_/Y
 _253_/Y
 _254_/Y
 _255_/Y
 _256_/Y
 _257_/Y
 _258_/Y
 _259_/X
 _260_/Y
 _261_/Y
 _262_/Y
 _263_/Y
 _264_/Y
 _265_/Y
 _266_/X
 _267_/Y
 _268_/Y
 _269_/Y
 _270_/Y
 _271_/Y
 _272_/Y
 _273_/Y
 _274_/Y
 _275_/Y
 _276_/Y
 _277_/Y
 _278_/Y
 _279_/Y
 _280_/Y
 _281_/Y
 _282_/Y
 _283_/Y
 _284_/X
 _285_/Y
 _286_/Y
 _287_/Y
 _288_/Y
 _289_/Y
 _290_/Y
 _291_/Y
 _292_/Y
 _293_/Q
 _294_/Q
 _295_/Q
 _296_/Q
 _297_/Q
 _298_/Q
 _299_/Q
 _300_/Q
 _301_/Q
Found 0 partially unannotated drivers.

===========================================================================
max slew violation count 0
%OL_METRIC_I design__max_slew_violation__count__corner:nom_fast_1p32V_m40C 0
max fanout violation count 9
%OL_METRIC_I design__max_fanout_violation__count__corner:nom_fast_1p32V_m40C 9
max cap violation count 0
%OL_METRIC_I design__max_cap_violation__count__corner:nom_fast_1p32V_m40C 0
============================================================================

===========================================================================
check_setup -verbose -unconstrained_endpoints -multiple_clock -no_clock -no_input_delay -loops -generated_clocks
===========================================================================
Warning: There are 35 unconstrained endpoints.
  sign
  signB
  sine_out[0]
  sine_out[10]
  sine_out[11]
  sine_out[12]
  sine_out[13]
  sine_out[14]
  sine_out[15]
  sine_out[16]
  sine_out[17]
  sine_out[18]
  sine_out[19]
  sine_out[1]
  sine_out[20]
  sine_out[21]
  sine_out[22]
  sine_out[23]
  sine_out[24]
  sine_out[25]
  sine_out[26]
  sine_out[27]
  sine_out[28]
  sine_out[29]
  sine_out[2]
  sine_out[30]
  sine_out[31]
  sine_out[32]
  sine_out[3]
  sine_out[4]
  sine_out[5]
  sine_out[6]
  sine_out[7]
  sine_out[8]
  sine_out[9]
%OL_END_REPORT
%OL_CREATE_REPORT power.rpt

===========================================================================
 report_power
============================================================================
======================= nom_fast_1p32V_m40C Corner ===================================

Group                    Internal    Switching      Leakage        Total
                            Power        Power        Power        Power (Watts)
------------------------------------------------------------------------
Sequential           1.139924e-04 0.000000e+00 9.258610e-09 1.140017e-04  98.9%
Combinational        3.286850e-07 8.714438e-07 4.345063e-08 1.243580e-06   1.1%
Clock                0.000000e+00 0.000000e+00 0.000000e+00 0.000000e+00   0.0%
Macro                0.000000e+00 0.000000e+00 0.000000e+00 0.000000e+00   0.0%
Pad                  0.000000e+00 0.000000e+00 0.000000e+00 0.000000e+00   0.0%
------------------------------------------------------------------------
Total                1.143211e-04 8.714438e-07 5.270924e-08 1.152452e-04 100.0%
                            99.2%         0.8%         0.0%
%OL_METRIC_F power__internal__total 0.00011432109022280201
%OL_METRIC_F power__switching__total 8.714437740309222e-7
%OL_METRIC_F power__leakage__total 5.2709236086911915e-8
%OL_METRIC_F power__total 0.00011524523870320991

%OL_END_REPORT
%OL_CREATE_REPORT skew.min.rpt

===========================================================================
Clock Skew (Hold)
============================================================================
%OL_METRIC_F clock__skew__worst_hold__corner:nom_fast_1p32V_m40C -0.19999999444888472
======================= nom_fast_1p32V_m40C Corner ===================================

Clock clockone
0.000000 source latency _293_/CLK ^
0.000000 target latency _293_/CLK ^
-0.200000 clock uncertainty
0.000000 CRPR
--------------
-0.200000 hold skew

%OL_END_REPORT
%OL_CREATE_REPORT skew.max.rpt

===========================================================================
Clock Skew (Setup)
============================================================================
%OL_METRIC_F clock__skew__worst_setup__corner:nom_fast_1p32V_m40C 0.19999999444888472
======================= nom_fast_1p32V_m40C Corner ===================================

Clock clockone
0.000000 source latency _293_/CLK ^
0.000000 target latency _293_/CLK ^
0.200000 clock uncertainty
0.000000 CRPR
--------------
0.200000 setup skew

%OL_END_REPORT
%OL_CREATE_REPORT ws.min.rpt

===========================================================================
Worst Slack (Hold)
============================================================================
%OL_METRIC_F timing__hold__ws__corner:nom_fast_1p32V_m40C -0.02377249853145245
nom_fast_1p32V_m40C: -0.02377249853145245
%OL_END_REPORT
%OL_CREATE_REPORT ws.max.rpt

===========================================================================
Worst Slack (Setup)
============================================================================
%OL_METRIC_F timing__setup__ws__corner:nom_fast_1p32V_m40C 3.926886482690124
nom_fast_1p32V_m40C: 3.926886482690124
%OL_END_REPORT
%OL_CREATE_REPORT tns.min.rpt

===========================================================================
Total Negative Slack (Hold)
============================================================================
%OL_METRIC_F timing__hold__tns__corner:nom_fast_1p32V_m40C -0.02377249853145245
nom_fast_1p32V_m40C: -0.02377249853145245
%OL_END_REPORT
%OL_CREATE_REPORT tns.max.rpt

===========================================================================
Total Negative Slack (Setup)
============================================================================
%OL_METRIC_F timing__setup__tns__corner:nom_fast_1p32V_m40C 0.0
nom_fast_1p32V_m40C: 0.0
%OL_END_REPORT
%OL_CREATE_REPORT wns.min.rpt

===========================================================================
Worst Negative Slack (Hold)
============================================================================
%OL_METRIC_F timing__hold__wns__corner:nom_fast_1p32V_m40C -0.02377249853145245
nom_fast_1p32V_m40C: -0.02377249853145245
%OL_END_REPORT
%OL_CREATE_REPORT wns.max.rpt

===========================================================================
Worst Negative Slack (Setup)
============================================================================
%OL_METRIC_F timing__setup__wns__corner:nom_fast_1p32V_m40C 0.0
nom_fast_1p32V_m40C: 0.0
%OL_END_REPORT
%OL_CREATE_REPORT violator_list.rpt

===========================================================================
Violator List
============================================================================
[hold reg-reg] _300_/Q -> _300_/D : -0.023772
%OL_METRIC_I timing__hold_vio__count__corner:nom_fast_1p32V_m40C 1
%OL_METRIC_F timing__hold_r2r__ws__corner:nom_fast_1p32V_m40C -0.023772
%OL_METRIC_I timing__hold_r2r_vio__count__corner:nom_fast_1p32V_m40C 1
%OL_METRIC_I timing__setup_vio__count__corner:nom_fast_1p32V_m40C 0
%OL_METRIC_F timing__setup_r2r__ws__corner:nom_fast_1p32V_m40C 3.926887
%OL_METRIC_I timing__setup_r2r_vio__count__corner:nom_fast_1p32V_m40C 0
%OL_END_REPORT
%OL_CREATE_REPORT unpropagated.rpt
clockone
%OL_END_REPORT
%OL_CREATE_REPORT clock.rpt
Clock: clockone
Sources: clk 
Generated: no
Virtual: no
Propagated: no
Period: 5.000000

===========================================================================
report_clock_properties
============================================================================
Clock                   Period          Waveform
----------------------------------------------------
clockone              5.000000    0.000000  1.000000

===========================================================================
report_clock_latency
============================================================================
Clock clockone
rise -> rise
    min     max
0.000000 0.000000 source latency
0.000000         network latency _293_/CLK
        0.000000 network latency _293_/CLK
---------------
0.000000 0.000000 latency
        0.000000 skew

fall -> fall
    min     max
0.000000 0.000000 source latency
0.000000         network latency _293_/CLK
        0.000000 network latency _293_/CLK
---------------
0.000000 0.000000 latency
        0.000000 skew



===========================================================================
report_clock_min_period
============================================================================
clockone period_min = 1.07 fmax = 931.87
%OL_END_REPORT
Writing SDF files for all corners…
