Clock: clk
Sources: clk 
Generated: no
Virtual: yes
Propagated: no
Period: 25.000000

===========================================================================
report_clock_properties
============================================================================
Clock                   Period          Waveform
----------------------------------------------------
clk                  25.000000    0.000000 12.500000

===========================================================================
report_clock_latency
============================================================================
Clock clk
rise -> rise
    min     max
0.000000 0.000000 source latency
0.144446         network latency _298_/CLK
        0.144991 network latency _294_/CLK
---------------
0.144446 0.144991 latency
        0.000545 skew

fall -> fall
    min     max
0.000000 0.000000 source latency
0.151590         network latency _298_/CLK
        0.151961 network latency _294_/CLK
---------------
0.151590 0.151961 latency
        0.000371 skew



===========================================================================
report_clock_min_period
============================================================================
clk period_min = 2.28 fmax = 439.00
