
===========================================================================
report_checks -unconstrained
===========================================================================
======================= nom_typ_1p20V_25C Corner ===================================

Startpoint: _284_ (rising edge-triggered flip-flop clocked by clk)
Endpoint: sine_out[2] (output port clocked by clk)
Path Group: clk
Path Type: max

Fanout         Cap        Slew       Delay        Time   Description
---------------------------------------------------------------------------------------------
                      0.100000    0.000000    0.000000   clock clk (rise edge)
                                  0.000000    0.000000   clock network delay (ideal)
                      0.100000    0.000000    0.000000 ^ _284_/CLK (sg13g2_dfrbpq_1)
    18    0.061655    0.192634    0.332848    0.332848 v _284_/Q (sg13g2_dfrbpq_1)
                                                         DPATH.SUM.Cout0 (net)
                      0.192634    0.000000    0.332848 v _193_/A2 (sg13g2_o21ai_1)
     5    0.015350    0.202594    0.228986    0.561834 ^ _193_/Y (sg13g2_o21ai_1)
                                                         _022_ (net)
                      0.202594    0.000000    0.561834 ^ _203_/B (sg13g2_nand2b_1)
     3    0.008820    0.084407    0.124004    0.685838 v _203_/Y (sg13g2_nand2b_1)
                                                         _032_ (net)
                      0.084407    0.000000    0.685838 v _237_/B (sg13g2_nand2b_1)
     2    0.006400    0.052648    0.067244    0.753082 ^ _237_/Y (sg13g2_nand2b_1)
                                                         _064_ (net)
                      0.052648    0.000000    0.753082 ^ _244_/C (sg13g2_nand3_1)
     1    0.002954    0.057048    0.080407    0.833489 v _244_/Y (sg13g2_nand3_1)
                                                         _071_ (net)
                      0.057048    0.000000    0.833489 v _248_/A2 (sg13g2_a221oi_1)
     1    0.002927    0.108320    0.150769    0.984257 ^ _248_/Y (sg13g2_a221oi_1)
                                                         _075_ (net)
                      0.108320    0.000000    0.984257 ^ _249_/A1 (sg13g2_mux2_1)
     1    0.003300    0.036612    0.117943    1.102201 ^ _249_/X (sg13g2_mux2_1)
                                                         _076_ (net)
                      0.036612    0.000000    1.102201 ^ _250_/B1 (sg13g2_o21ai_1)
     1    0.010000    0.086162    0.075192    1.177393 v _250_/Y (sg13g2_o21ai_1)
                                                         sine_out[2] (net)
                      0.086162    0.000000    1.177393 v sine_out[2] (out)
                                              1.177393   data arrival time

                      0.100000    5.000000    5.000000   clock clk (rise edge)
                                  0.000000    5.000000   clock network delay (ideal)
                                 -0.150000    4.850000   clock uncertainty
                                  0.000000    4.850000   clock reconvergence pessimism
                                 -1.000000    3.850000   output external delay
                                              3.850000   data required time
---------------------------------------------------------------------------------------------
                                              3.850000   data required time
                                             -1.177393   data arrival time
---------------------------------------------------------------------------------------------
                                              2.672608   slack (MET)




===========================================================================
report_checks --slack_max -0.01
============================================================================
======================= nom_typ_1p20V_25C Corner ===================================

No paths found.


===========================================================================
 report_check_types -max_slew -max_cap -max_fanout -violators
============================================================================
======================= nom_typ_1p20V_25C Corner ===================================

max fanout

Pin                                   Limit Fanout  Slack
---------------------------------------------------------
_288_/Q                                   8     27    -19 (VIOLATED)
_287_/Q                                   8     25    -17 (VIOLATED)
_284_/Q                                   8     18    -10 (VIOLATED)
_286_/Q                                   8     16     -8 (VIOLATED)
_289_/Q                                   8     15     -7 (VIOLATED)
_290_/Q                                   8     15     -7 (VIOLATED)
_285_/Q                                   8     14     -6 (VIOLATED)
_292_/Q                                   8     13     -5 (VIOLATED)
_153_/X                                   8      9        (VIOLATED)



===========================================================================
report_parasitic_annotation -report_unannotated
============================================================================
Found 167 unannotated drivers.
 clk
 rst
 _128_/Y
 _129_/Y
 _130_/Y
 _131_/Y
 _132_/Y
 _133_/Y
 _134_/Y
 _135_/Y
 _136_/Y
 _137_/X
 _138_/Y
 _139_/X
 _140_/Y
 _141_/Y
 _142_/Y
 _143_/X
 _144_/Y
 _145_/Y
 _146_/Y
 _147_/X
 _148_/Y
 _149_/X
 _150_/Y
 _151_/Y
 _152_/Y
 _153_/X
 _154_/Y
 _155_/Y
 _156_/X
 _157_/Y
 _158_/Y
 _159_/Y
 _160_/X
 _161_/Y
 _162_/Y
 _163_/Y
 _164_/Y
 _165_/Y
 _166_/Y
 _167_/Y
 _168_/Y
 _169_/Y
 _170_/Y
 _171_/Y
 _172_/Y
 _173_/Y
 _174_/Y
 _175_/Y
 _176_/Y
 _177_/Y
 _178_/X
 _179_/X
 _180_/Y
 _181_/Y
 _182_/X
 _183_/Y
 _184_/Y
 _185_/Y
 _186_/Y
 _187_/Y
 _188_/Y
 _189_/Y
 _190_/Y
 _191_/Y
 _192_/Y
 _193_/Y
 _194_/Y
 _195_/Y
 _196_/Y
 _197_/X
 _198_/Y
 _199_/Y
 _200_/Y
 _201_/Y
 _202_/Y
 _203_/Y
 _204_/Y
 _205_/Y
 _206_/X
 _207_/Y
 _208_/Y
 _209_/X
 _210_/Y
 _211_/Y
 _212_/Y
 _213_/Y
 _214_/Y
 _215_/Y
 _216_/Y
 _217_/X
 _218_/Y
 _219_/Y
 _220_/Y
 _221_/Y
 _222_/Y
 _223_/Y
 _224_/Y
 _225_/Y
 _226_/Y
 _227_/Y
 _228_/Y
 _229_/Y
 _230_/Y
 _231_/Y
 _232_/Y
 _233_/Y
 _234_/Y
 _235_/Y
 _236_/Y
 _237_/Y
 _238_/Y
 _239_/Y
 _240_/Y
 _241_/Y
 _242_/X
 _243_/Y
 _244_/Y
 _245_/Y
 _246_/Y
 _247_/Y
 _248_/Y
 _249_/X
 _250_/Y
 _251_/Y
 _252_/Y
 _253_/Y
 _254_/X
 _255_/Y
 _256_/Y
 _257_/Y
 _258_/Y
 _259_/Y
 _260_/Y
 _261_/Y
 _262_/Y
 _263_/Y
 _264_/Y
 _265_/Y
 _266_/Y
 _267_/Y
 _268_/X
 _269_/X
 _270_/Y
 _271_/Y
 _272_/Y
 _273_/X
 _274_/X
 _275_/X
 _276_/Y
 _277_/Y
 _278_/Y
 _279_/Y
 _280_/Y
 _281_/Y
 _282_/Y
 _283_/Y
 _284_/Q
 _285_/Q
 _286_/Q
 _287_/Q
 _288_/Q
 _289_/Q
 _290_/Q
 _291_/Q
 _292_/Q
Found 0 partially unannotated drivers.

===========================================================================
max slew violation count 0
max fanout violation count 9
max cap violation count 0
============================================================================

===========================================================================
check_setup -verbose -unconstrained_endpoints -multiple_clock -no_clock -no_input_delay -loops -generated_clocks
===========================================================================
