
===========================================================================
report_checks -path_delay min (Hold)
============================================================================
======================= nom_typ_1p20V_25C Corner ===================================

Startpoint: _291_ (rising edge-triggered flip-flop clocked by clk)
Endpoint: sign (output port clocked by clk)
Path Group: clk
Path Type: min

Fanout         Cap        Slew       Delay        Time   Description
---------------------------------------------------------------------------------------------
                      0.100000    0.000000    0.000000   clock clk (rise edge)
                                  0.000000    0.000000   clock network delay (ideal)
                      0.100000    0.000000    0.000000 ^ _291_/CLK (sg13g2_dfrbpq_1)
     2    0.032816    0.106684    0.268935    0.268935 v _291_/Q (sg13g2_dfrbpq_1)
                                                         sign (net)
                      0.106684    0.000000    0.268935 v sign (out)
                                              0.268935   data arrival time

                      0.100000    0.000000    0.000000   clock clk (rise edge)
                                  0.000000    0.000000   clock network delay (ideal)
                                  0.150000    0.150000   clock uncertainty
                                  0.000000    0.150000   clock reconvergence pessimism
                                  0.000000    0.150000   output external delay
                                              0.150000   data required time
---------------------------------------------------------------------------------------------
                                              0.150000   data required time
                                             -0.268935   data arrival time
---------------------------------------------------------------------------------------------
                                              0.118935   slack (MET)


Startpoint: _290_ (rising edge-triggered flip-flop clocked by clk)
Endpoint: sine_out[14] (output port clocked by clk)
Path Group: clk
Path Type: min

Fanout         Cap        Slew       Delay        Time   Description
---------------------------------------------------------------------------------------------
                      0.100000    0.000000    0.000000   clock clk (rise edge)
                                  0.000000    0.000000   clock network delay (ideal)
                      0.100000    0.000000    0.000000 ^ _290_/CLK (sg13g2_dfrbpq_1)
    15    0.046671    0.147941    0.299687    0.299687 v _290_/Q (sg13g2_dfrbpq_1)
                                                         DPATH.SUM.fa_6.A (net)
                      0.147941    0.000000    0.299687 v _267_/B1 (sg13g2_o21ai_1)
     1    0.010000    0.081537    0.103685    0.403372 ^ _267_/Y (sg13g2_o21ai_1)
                                                         sine_out[14] (net)
                      0.081537    0.000000    0.403372 ^ sine_out[14] (out)
                                              0.403372   data arrival time

                      0.100000    0.000000    0.000000   clock clk (rise edge)
                                  0.000000    0.000000   clock network delay (ideal)
                                  0.150000    0.150000   clock uncertainty
                                  0.000000    0.150000   clock reconvergence pessimism
                                  0.000000    0.150000   output external delay
                                              0.150000   data required time
---------------------------------------------------------------------------------------------
                                              0.150000   data required time
                                             -0.403372   data arrival time
---------------------------------------------------------------------------------------------
                                              0.253372   slack (MET)


Startpoint: _290_ (rising edge-triggered flip-flop clocked by clk)
Endpoint: sine_out[12] (output port clocked by clk)
Path Group: clk
Path Type: min

Fanout         Cap        Slew       Delay        Time   Description
---------------------------------------------------------------------------------------------
                      0.100000    0.000000    0.000000   clock clk (rise edge)
                                  0.000000    0.000000   clock network delay (ideal)
                      0.100000    0.000000    0.000000 ^ _290_/CLK (sg13g2_dfrbpq_1)
    15    0.046671    0.147941    0.299687    0.299687 v _290_/Q (sg13g2_dfrbpq_1)
                                                         DPATH.SUM.fa_6.A (net)
                      0.147941    0.000000    0.299687 v _265_/B1 (sg13g2_a21oi_1)
     1    0.010000    0.095667    0.110953    0.410640 ^ _265_/Y (sg13g2_a21oi_1)
                                                         sine_out[12] (net)
                      0.095667    0.000000    0.410640 ^ sine_out[12] (out)
                                              0.410640   data arrival time

                      0.100000    0.000000    0.000000   clock clk (rise edge)
                                  0.000000    0.000000   clock network delay (ideal)
                                  0.150000    0.150000   clock uncertainty
                                  0.000000    0.150000   clock reconvergence pessimism
                                  0.000000    0.150000   output external delay
                                              0.150000   data required time
---------------------------------------------------------------------------------------------
                                              0.150000   data required time
                                             -0.410640   data arrival time
---------------------------------------------------------------------------------------------
                                              0.260640   slack (MET)


Startpoint: _290_ (rising edge-triggered flip-flop clocked by clk)
Endpoint: sine_out[13] (output port clocked by clk)
Path Group: clk
Path Type: min

Fanout         Cap        Slew       Delay        Time   Description
---------------------------------------------------------------------------------------------
                      0.100000    0.000000    0.000000   clock clk (rise edge)
                                  0.000000    0.000000   clock network delay (ideal)
                      0.100000    0.000000    0.000000 ^ _290_/CLK (sg13g2_dfrbpq_1)
    15    0.046671    0.147941    0.299687    0.299687 v _290_/Q (sg13g2_dfrbpq_1)
                                                         DPATH.SUM.fa_6.A (net)
                      0.147941    0.000000    0.299687 v _266_/B1 (sg13g2_a21oi_1)
     1    0.010000    0.095667    0.110953    0.410640 ^ _266_/Y (sg13g2_a21oi_1)
                                                         sine_out[13] (net)
                      0.095667    0.000000    0.410640 ^ sine_out[13] (out)
                                              0.410640   data arrival time

                      0.100000    0.000000    0.000000   clock clk (rise edge)
                                  0.000000    0.000000   clock network delay (ideal)
                                  0.150000    0.150000   clock uncertainty
                                  0.000000    0.150000   clock reconvergence pessimism
                                  0.000000    0.150000   output external delay
                                              0.150000   data required time
---------------------------------------------------------------------------------------------
                                              0.150000   data required time
                                             -0.410640   data arrival time
---------------------------------------------------------------------------------------------
                                              0.260640   slack (MET)


Startpoint: _290_ (rising edge-triggered flip-flop clocked by clk)
Endpoint: sine_out[9] (output port clocked by clk)
Path Group: clk
Path Type: min

Fanout         Cap        Slew       Delay        Time   Description
---------------------------------------------------------------------------------------------
                      0.100000    0.000000    0.000000   clock clk (rise edge)
                                  0.000000    0.000000   clock network delay (ideal)
                      0.100000    0.000000    0.000000 ^ _290_/CLK (sg13g2_dfrbpq_1)
    15    0.046671    0.147941    0.299687    0.299687 v _290_/Q (sg13g2_dfrbpq_1)
                                                         DPATH.SUM.fa_6.A (net)
                      0.147941    0.000000    0.299687 v _259_/B1 (sg13g2_a21oi_1)
     1    0.010000    0.095667    0.110953    0.410640 ^ _259_/Y (sg13g2_a21oi_1)
                                                         sine_out[9] (net)
                      0.095667    0.000000    0.410640 ^ sine_out[9] (out)
                                              0.410640   data arrival time

                      0.100000    0.000000    0.000000   clock clk (rise edge)
                                  0.000000    0.000000   clock network delay (ideal)
                                  0.150000    0.150000   clock uncertainty
                                  0.000000    0.150000   clock reconvergence pessimism
                                  0.000000    0.150000   output external delay
                                              0.150000   data required time
---------------------------------------------------------------------------------------------
                                              0.150000   data required time
                                             -0.410640   data arrival time
---------------------------------------------------------------------------------------------
                                              0.260640   slack (MET)


Startpoint: _290_ (rising edge-triggered flip-flop clocked by clk)
Endpoint: sine_out[11] (output port clocked by clk)
Path Group: clk
Path Type: min

Fanout         Cap        Slew       Delay        Time   Description
---------------------------------------------------------------------------------------------
                      0.100000    0.000000    0.000000   clock clk (rise edge)
                                  0.000000    0.000000   clock network delay (ideal)
                      0.100000    0.000000    0.000000 ^ _290_/CLK (sg13g2_dfrbpq_1)
    15    0.046671    0.147941    0.299687    0.299687 v _290_/Q (sg13g2_dfrbpq_1)
                                                         DPATH.SUM.fa_6.A (net)
                      0.147941    0.000000    0.299687 v _263_/A (sg13g2_nor2_1)
     1    0.010000    0.100667    0.133569    0.433255 ^ _263_/Y (sg13g2_nor2_1)
                                                         sine_out[11] (net)
                      0.100667    0.000000    0.433255 ^ sine_out[11] (out)
                                              0.433255   data arrival time

                      0.100000    0.000000    0.000000   clock clk (rise edge)
                                  0.000000    0.000000   clock network delay (ideal)
                                  0.150000    0.150000   clock uncertainty
                                  0.000000    0.150000   clock reconvergence pessimism
                                  0.000000    0.150000   output external delay
                                              0.150000   data required time
---------------------------------------------------------------------------------------------
                                              0.150000   data required time
                                             -0.433255   data arrival time
---------------------------------------------------------------------------------------------
                                              0.283255   slack (MET)


Startpoint: _291_ (rising edge-triggered flip-flop clocked by clk)
Endpoint: signB (output port clocked by clk)
Path Group: clk
Path Type: min

Fanout         Cap        Slew       Delay        Time   Description
---------------------------------------------------------------------------------------------
                      0.100000    0.000000    0.000000   clock clk (rise edge)
                                  0.000000    0.000000   clock network delay (ideal)
                      0.100000    0.000000    0.000000 ^ _291_/CLK (sg13g2_dfrbpq_1)
     2    0.032816    0.106684    0.268935    0.268935 v _291_/Q (sg13g2_dfrbpq_1)
                                                         sign (net)
                      0.106684    0.000000    0.268935 v _129_/A (sg13g2_inv_1)
     2    0.035655    0.157628    0.167622    0.436557 ^ _129_/Y (sg13g2_inv_1)
                                                         signB (net)
                      0.157628    0.000000    0.436557 ^ signB (out)
                                              0.436557   data arrival time

                      0.100000    0.000000    0.000000   clock clk (rise edge)
                                  0.000000    0.000000   clock network delay (ideal)
                                  0.150000    0.150000   clock uncertainty
                                  0.000000    0.150000   clock reconvergence pessimism
                                  0.000000    0.150000   output external delay
                                              0.150000   data required time
---------------------------------------------------------------------------------------------
                                              0.150000   data required time
                                             -0.436557   data arrival time
---------------------------------------------------------------------------------------------
                                              0.286557   slack (MET)


Startpoint: _292_ (rising edge-triggered flip-flop clocked by clk)
Endpoint: _292_ (rising edge-triggered flip-flop clocked by clk)
Path Group: clk
Path Type: min

Fanout         Cap        Slew       Delay        Time   Description
---------------------------------------------------------------------------------------------
                      0.100000    0.000000    0.000000   clock clk (rise edge)
                                  0.000000    0.000000   clock network delay (ideal)
                      0.100000    0.000000    0.000000 ^ _292_/CLK (sg13g2_dfrbpq_1)
    13    0.052970    0.166728    0.313627    0.313627 v _292_/Q (sg13g2_dfrbpq_1)
                                                         CTRL.S0 (net)
                      0.166728    0.000000    0.313627 v _167_/B1 (sg13g2_a21oi_1)
     1    0.002993    0.053343    0.073722    0.387348 ^ _167_/Y (sg13g2_a21oi_1)
                                                         _116_ (net)
                      0.053343    0.000000    0.387348 ^ _168_/B (sg13g2_nor2_1)
     1    0.001430    0.019384    0.032613    0.419961 v _168_/Y (sg13g2_nor2_1)
                                                         CTRL.P0 (net)
                      0.019384    0.000000    0.419961 v _292_/D (sg13g2_dfrbpq_1)
                                              0.419961   data arrival time

                      0.100000    0.000000    0.000000   clock clk (rise edge)
                                  0.000000    0.000000   clock network delay (ideal)
                                  0.150000    0.150000   clock uncertainty
                                  0.000000    0.150000   clock reconvergence pessimism
                                              0.150000 ^ _292_/CLK (sg13g2_dfrbpq_1)
                                 -0.017497    0.132503   library hold time
                                              0.132503   data required time
---------------------------------------------------------------------------------------------
                                              0.132503   data required time
                                             -0.419961   data arrival time
---------------------------------------------------------------------------------------------
                                              0.287458   slack (MET)


Startpoint: _284_ (rising edge-triggered flip-flop clocked by clk)
Endpoint: _285_ (rising edge-triggered flip-flop clocked by clk)
Path Group: clk
Path Type: min

Fanout         Cap        Slew       Delay        Time   Description
---------------------------------------------------------------------------------------------
                      0.100000    0.000000    0.000000   clock clk (rise edge)
                                  0.000000    0.000000   clock network delay (ideal)
                      0.100000    0.000000    0.000000 ^ _284_/CLK (sg13g2_dfrbpq_1)
    18    0.061655    0.192634    0.332848    0.332848 v _284_/Q (sg13g2_dfrbpq_1)
                                                         DPATH.SUM.Cout0 (net)
                      0.192634    0.000000    0.332848 v _272_/A (sg13g2_xnor2_1)
     1    0.001430    0.026488    0.101348    0.434196 v _272_/Y (sg13g2_xnor2_1)
                                                         DPATH.SUM.fa_1.S (net)
                      0.026488    0.000000    0.434196 v _285_/D (sg13g2_dfrbpq_1)
                                              0.434196   data arrival time

                      0.100000    0.000000    0.000000   clock clk (rise edge)
                                  0.000000    0.000000   clock network delay (ideal)
                                  0.150000    0.150000   clock uncertainty
                                  0.000000    0.150000   clock reconvergence pessimism
                                              0.150000 ^ _285_/CLK (sg13g2_dfrbpq_1)
                                 -0.019762    0.130238   library hold time
                                              0.130238   data required time
---------------------------------------------------------------------------------------------
                                              0.130238   data required time
                                             -0.434196   data arrival time
---------------------------------------------------------------------------------------------
                                              0.303958   slack (MET)


Startpoint: _289_ (rising edge-triggered flip-flop clocked by clk)
Endpoint: sine_out[0] (output port clocked by clk)
Path Group: clk
Path Type: min

Fanout         Cap        Slew       Delay        Time   Description
---------------------------------------------------------------------------------------------
                      0.100000    0.000000    0.000000   clock clk (rise edge)
                                  0.000000    0.000000   clock network delay (ideal)
                      0.100000    0.000000    0.000000 ^ _289_/CLK (sg13g2_dfrbpq_1)
    15    0.044615    0.141809    0.295137    0.295137 v _289_/Q (sg13g2_dfrbpq_1)
                                                         DPATH.SUM.fa_5.A (net)
                      0.141809    0.000000    0.295137 v _213_/A1 (sg13g2_o21ai_1)
     1    0.002949    0.032650    0.120622    0.415759 ^ _213_/Y (sg13g2_o21ai_1)
                                                         _042_ (net)
                      0.032650    0.000000    0.415759 ^ _214_/B1 (sg13g2_a21oi_1)
     1    0.010000    0.040391    0.048328    0.464087 v _214_/Y (sg13g2_a21oi_1)
                                                         sine_out[0] (net)
                      0.040391    0.000000    0.464087 v sine_out[0] (out)
                                              0.464087   data arrival time

                      0.100000    0.000000    0.000000   clock clk (rise edge)
                                  0.000000    0.000000   clock network delay (ideal)
                                  0.150000    0.150000   clock uncertainty
                                  0.000000    0.150000   clock reconvergence pessimism
                                  0.000000    0.150000   output external delay
                                              0.150000   data required time
---------------------------------------------------------------------------------------------
                                              0.150000   data required time
                                             -0.464087   data arrival time
---------------------------------------------------------------------------------------------
                                              0.314087   slack (MET)


Startpoint: _290_ (rising edge-triggered flip-flop clocked by clk)
Endpoint: _290_ (rising edge-triggered flip-flop clocked by clk)
Path Group: clk
Path Type: min

Fanout         Cap        Slew       Delay        Time   Description
---------------------------------------------------------------------------------------------
                      0.100000    0.000000    0.000000   clock clk (rise edge)
                                  0.000000    0.000000   clock network delay (ideal)
                      0.100000    0.000000    0.000000 ^ _290_/CLK (sg13g2_dfrbpq_1)
    15    0.046671    0.147941    0.299687    0.299687 v _290_/Q (sg13g2_dfrbpq_1)
                                                         DPATH.SUM.fa_6.A (net)
                      0.147941    0.000000    0.299687 v _151_/B (sg13g2_xnor2_1)
     1    0.005067    0.048289    0.099104    0.398790 v _151_/Y (sg13g2_xnor2_1)
                                                         _102_ (net)
                      0.048289    0.000000    0.398790 v _152_/B (sg13g2_xnor2_1)
     1    0.001430    0.025416    0.053451    0.452241 v _152_/Y (sg13g2_xnor2_1)
                                                         DPATH.SUM.fa_6.S (net)
                      0.025416    0.000000    0.452241 v _290_/D (sg13g2_dfrbpq_1)
                                              0.452241   data arrival time

                      0.100000    0.000000    0.000000   clock clk (rise edge)
                                  0.000000    0.000000   clock network delay (ideal)
                                  0.150000    0.150000   clock uncertainty
                                  0.000000    0.150000   clock reconvergence pessimism
                                              0.150000 ^ _290_/CLK (sg13g2_dfrbpq_1)
                                 -0.019420    0.130580   library hold time
                                              0.130580   data required time
---------------------------------------------------------------------------------------------
                                              0.130580   data required time
                                             -0.452241   data arrival time
---------------------------------------------------------------------------------------------
                                              0.321661   slack (MET)


Startpoint: _290_ (rising edge-triggered flip-flop clocked by clk)
Endpoint: sine_out[15] (output port clocked by clk)
Path Group: clk
Path Type: min

Fanout         Cap        Slew       Delay        Time   Description
---------------------------------------------------------------------------------------------
                      0.100000    0.000000    0.000000   clock clk (rise edge)
                                  0.000000    0.000000   clock network delay (ideal)
                      0.100000    0.000000    0.000000 ^ _290_/CLK (sg13g2_dfrbpq_1)
    15    0.046671    0.147941    0.299687    0.299687 v _290_/Q (sg13g2_dfrbpq_1)
                                                         DPATH.SUM.fa_6.A (net)
                      0.147941    0.000000    0.299687 v _128_/A (sg13g2_inv_1)
     3    0.008745    0.066331    0.081998    0.381684 ^ _128_/Y (sg13g2_inv_1)
                                                         _083_ (net)
                      0.066331    0.000000    0.381684 ^ _268_/B1 (sg13g2_a21o_1)
     1    0.010000    0.051215    0.096037    0.477721 ^ _268_/X (sg13g2_a21o_1)
                                                         sine_out[15] (net)
                      0.051215    0.000000    0.477721 ^ sine_out[15] (out)
                                              0.477721   data arrival time

                      0.100000    0.000000    0.000000   clock clk (rise edge)
                                  0.000000    0.000000   clock network delay (ideal)
                                  0.150000    0.150000   clock uncertainty
                                  0.000000    0.150000   clock reconvergence pessimism
                                  0.000000    0.150000   output external delay
                                              0.150000   data required time
---------------------------------------------------------------------------------------------
                                              0.150000   data required time
                                             -0.477721   data arrival time
---------------------------------------------------------------------------------------------
                                              0.327721   slack (MET)


Startpoint: _289_ (rising edge-triggered flip-flop clocked by clk)
Endpoint: sine_out[17] (output port clocked by clk)
Path Group: clk
Path Type: min

Fanout         Cap        Slew       Delay        Time   Description
---------------------------------------------------------------------------------------------
                      0.100000    0.000000    0.000000   clock clk (rise edge)
                                  0.000000    0.000000   clock network delay (ideal)
                      0.100000    0.000000    0.000000 ^ _289_/CLK (sg13g2_dfrbpq_1)
    15    0.044615    0.141809    0.295137    0.295137 v _289_/Q (sg13g2_dfrbpq_1)
                                                         DPATH.SUM.fa_5.A (net)
                      0.141809    0.000000    0.295137 v _209_/A (sg13g2_and2_1)
     3    0.008832    0.041049    0.122519    0.417656 v _209_/X (sg13g2_and2_1)
                                                         _038_ (net)
                      0.041049    0.000000    0.417656 v _271_/B1 (sg13g2_o21ai_1)
     1    0.010000    0.063035    0.066523    0.484179 ^ _271_/Y (sg13g2_o21ai_1)
                                                         sine_out[17] (net)
                      0.063035    0.000000    0.484179 ^ sine_out[17] (out)
                                              0.484179   data arrival time

                      0.100000    0.000000    0.000000   clock clk (rise edge)
                                  0.000000    0.000000   clock network delay (ideal)
                                  0.150000    0.150000   clock uncertainty
                                  0.000000    0.150000   clock reconvergence pessimism
                                  0.000000    0.150000   output external delay
                                              0.150000   data required time
---------------------------------------------------------------------------------------------
                                              0.150000   data required time
                                             -0.484179   data arrival time
---------------------------------------------------------------------------------------------
                                              0.334179   slack (MET)


Startpoint: _289_ (rising edge-triggered flip-flop clocked by clk)
Endpoint: sine_out[16] (output port clocked by clk)
Path Group: clk
Path Type: min

Fanout         Cap        Slew       Delay        Time   Description
---------------------------------------------------------------------------------------------
                      0.100000    0.000000    0.000000   clock clk (rise edge)
                                  0.000000    0.000000   clock network delay (ideal)
                      0.100000    0.000000    0.000000 ^ _289_/CLK (sg13g2_dfrbpq_1)
    15    0.044615    0.141809    0.295137    0.295137 v _289_/Q (sg13g2_dfrbpq_1)
                                                         DPATH.SUM.fa_5.A (net)
                      0.141809    0.000000    0.295137 v _209_/A (sg13g2_and2_1)
     3    0.008832    0.041049    0.122519    0.417656 v _209_/X (sg13g2_and2_1)
                                                         _038_ (net)
                      0.041049    0.000000    0.417656 v _270_/B1 (sg13g2_a21oi_1)
     1    0.010000    0.078286    0.076642    0.494298 ^ _270_/Y (sg13g2_a21oi_1)
                                                         sine_out[16] (net)
                      0.078286    0.000000    0.494298 ^ sine_out[16] (out)
                                              0.494298   data arrival time

                      0.100000    0.000000    0.000000   clock clk (rise edge)
                                  0.000000    0.000000   clock network delay (ideal)
                                  0.150000    0.150000   clock uncertainty
                                  0.000000    0.150000   clock reconvergence pessimism
                                  0.000000    0.150000   output external delay
                                              0.150000   data required time
---------------------------------------------------------------------------------------------
                                              0.150000   data required time
                                             -0.494298   data arrival time
---------------------------------------------------------------------------------------------
                                              0.344298   slack (MET)


Startpoint: _289_ (rising edge-triggered flip-flop clocked by clk)
Endpoint: _289_ (rising edge-triggered flip-flop clocked by clk)
Path Group: clk
Path Type: min

Fanout         Cap        Slew       Delay        Time   Description
---------------------------------------------------------------------------------------------
                      0.100000    0.000000    0.000000   clock clk (rise edge)
                                  0.000000    0.000000   clock network delay (ideal)
                      0.100000    0.000000    0.000000 ^ _289_/CLK (sg13g2_dfrbpq_1)
    15    0.044615    0.141809    0.295137    0.295137 v _289_/Q (sg13g2_dfrbpq_1)
                                                         DPATH.SUM.fa_5.A (net)
                      0.141809    0.000000    0.295137 v _136_/B (sg13g2_xnor2_1)
     2    0.008956    0.068665    0.117594    0.412732 v _136_/Y (sg13g2_xnor2_1)
                                                         _088_ (net)
                      0.068665    0.000000    0.412732 v _149_/A (sg13g2_xor2_1)
     1    0.001430    0.023487    0.064819    0.477551 v _149_/X (sg13g2_xor2_1)
                                                         DPATH.SUM.fa_5.S (net)
                      0.023487    0.000000    0.477551 v _289_/D (sg13g2_dfrbpq_1)
                                              0.477551   data arrival time

                      0.100000    0.000000    0.000000   clock clk (rise edge)
                                  0.000000    0.000000   clock network delay (ideal)
                                  0.150000    0.150000   clock uncertainty
                                  0.000000    0.150000   clock reconvergence pessimism
                                              0.150000 ^ _289_/CLK (sg13g2_dfrbpq_1)
                                 -0.018805    0.131195   library hold time
                                              0.131195   data required time
---------------------------------------------------------------------------------------------
                                              0.131195   data required time
                                             -0.477551   data arrival time
---------------------------------------------------------------------------------------------
                                              0.346356   slack (MET)


Startpoint: _284_ (rising edge-triggered flip-flop clocked by clk)
Endpoint: _284_ (rising edge-triggered flip-flop clocked by clk)
Path Group: clk
Path Type: min

Fanout         Cap        Slew       Delay        Time   Description
---------------------------------------------------------------------------------------------
                      0.100000    0.000000    0.000000   clock clk (rise edge)
                                  0.000000    0.000000   clock network delay (ideal)
                      0.100000    0.000000    0.000000 ^ _284_/CLK (sg13g2_dfrbpq_1)
    18    0.061655    0.192634    0.332848    0.332848 v _284_/Q (sg13g2_dfrbpq_1)
                                                         DPATH.SUM.Cout0 (net)
                      0.192634    0.000000    0.332848 v _133_/A (sg13g2_inv_1)
     4    0.010814    0.082316    0.101881    0.434729 ^ _133_/Y (sg13g2_inv_1)
                                                         DPATH.SUM.ha_0.S (net)
                      0.082316    0.000000    0.434729 ^ _284_/D (sg13g2_dfrbpq_1)
                                              0.434729   data arrival time

                      0.100000    0.000000    0.000000   clock clk (rise edge)
                                  0.000000    0.000000   clock network delay (ideal)
                                  0.150000    0.150000   clock uncertainty
                                  0.000000    0.150000   clock reconvergence pessimism
                                              0.150000 ^ _284_/CLK (sg13g2_dfrbpq_1)
                                 -0.067301    0.082699   library hold time
                                              0.082699   data required time
---------------------------------------------------------------------------------------------
                                              0.082699   data required time
                                             -0.434729   data arrival time
---------------------------------------------------------------------------------------------
                                              0.352030   slack (MET)


Startpoint: _292_ (rising edge-triggered flip-flop clocked by clk)
Endpoint: _291_ (rising edge-triggered flip-flop clocked by clk)
Path Group: clk
Path Type: min

Fanout         Cap        Slew       Delay        Time   Description
---------------------------------------------------------------------------------------------
                      0.100000    0.000000    0.000000   clock clk (rise edge)
                                  0.000000    0.000000   clock network delay (ideal)
                      0.100000    0.000000    0.000000 ^ _292_/CLK (sg13g2_dfrbpq_1)
    13    0.052970    0.166728    0.313627    0.313627 v _292_/Q (sg13g2_dfrbpq_1)
                                                         CTRL.S0 (net)
                      0.166728    0.000000    0.313627 v _157_/A (sg13g2_nand4_1)
     1    0.002976    0.040698    0.072834    0.386461 ^ _157_/Y (sg13g2_nand4_1)
                                                         _107_ (net)
                      0.040698    0.000000    0.386461 ^ _158_/C (sg13g2_nor3_1)
     2    0.008136    0.037375    0.048328    0.434789 v _158_/Y (sg13g2_nor3_1)
                                                         _108_ (net)
                      0.037375    0.000000    0.434789 v _159_/B (sg13g2_xnor2_1)
     1    0.001430    0.025081    0.049810    0.484599 v _159_/Y (sg13g2_xnor2_1)
                                                         CTRL.P1 (net)
                      0.025081    0.000000    0.484599 v _291_/D (sg13g2_dfrbpq_1)
                                              0.484599   data arrival time

                      0.100000    0.000000    0.000000   clock clk (rise edge)
                                  0.000000    0.000000   clock network delay (ideal)
                                  0.150000    0.150000   clock uncertainty
                                  0.000000    0.150000   clock reconvergence pessimism
                                              0.150000 ^ _291_/CLK (sg13g2_dfrbpq_1)
                                 -0.019313    0.130687   library hold time
                                              0.130687   data required time
---------------------------------------------------------------------------------------------
                                              0.130687   data required time
                                             -0.484599   data arrival time
---------------------------------------------------------------------------------------------
                                              0.353912   slack (MET)


Startpoint: _290_ (rising edge-triggered flip-flop clocked by clk)
Endpoint: sine_out[2] (output port clocked by clk)
Path Group: clk
Path Type: min

Fanout         Cap        Slew       Delay        Time   Description
---------------------------------------------------------------------------------------------
                      0.100000    0.000000    0.000000   clock clk (rise edge)
                                  0.000000    0.000000   clock network delay (ideal)
                      0.100000    0.000000    0.000000 ^ _290_/CLK (sg13g2_dfrbpq_1)
    15    0.046671    0.147941    0.299687    0.299687 v _290_/Q (sg13g2_dfrbpq_1)
                                                         DPATH.SUM.fa_6.A (net)
                      0.147941    0.000000    0.299687 v _249_/S (sg13g2_mux2_1)
     1    0.003300    0.029728    0.136118    0.435805 ^ _249_/X (sg13g2_mux2_1)
                                                         _076_ (net)
                      0.029728    0.000000    0.435805 ^ _250_/B1 (sg13g2_o21ai_1)
     1    0.010000    0.069734    0.072694    0.508499 v _250_/Y (sg13g2_o21ai_1)
                                                         sine_out[2] (net)
                      0.069734    0.000000    0.508499 v sine_out[2] (out)
                                              0.508499   data arrival time

                      0.100000    0.000000    0.000000   clock clk (rise edge)
                                  0.000000    0.000000   clock network delay (ideal)
                                  0.150000    0.150000   clock uncertainty
                                  0.000000    0.150000   clock reconvergence pessimism
                                  0.000000    0.150000   output external delay
                                              0.150000   data required time
---------------------------------------------------------------------------------------------
                                              0.150000   data required time
                                             -0.508499   data arrival time
---------------------------------------------------------------------------------------------
                                              0.358499   slack (MET)


Startpoint: _286_ (rising edge-triggered flip-flop clocked by clk)
Endpoint: _286_ (rising edge-triggered flip-flop clocked by clk)
Path Group: clk
Path Type: min

Fanout         Cap        Slew       Delay        Time   Description
---------------------------------------------------------------------------------------------
                      0.100000    0.000000    0.000000   clock clk (rise edge)
                                  0.000000    0.000000   clock network delay (ideal)
                      0.100000    0.000000    0.000000 ^ _286_/CLK (sg13g2_dfrbpq_1)
    16    0.053514    0.168352    0.314831    0.314831 v _286_/Q (sg13g2_dfrbpq_1)
                                                         DPATH.SUM.fa_2.A (net)
                      0.168352    0.000000    0.314831 v _143_/B (sg13g2_xor2_1)
     2    0.008058    0.044630    0.124822    0.439653 v _143_/X (sg13g2_xor2_1)
                                                         _095_ (net)
                      0.044630    0.000000    0.439653 v _273_/B (sg13g2_xor2_1)
     1    0.001430    0.023702    0.050750    0.490403 v _273_/X (sg13g2_xor2_1)
                                                         DPATH.SUM.fa_2.S (net)
                      0.023702    0.000000    0.490403 v _286_/D (sg13g2_dfrbpq_1)
                                              0.490403   data arrival time

                      0.100000    0.000000    0.000000   clock clk (rise edge)
                                  0.000000    0.000000   clock network delay (ideal)
                                  0.150000    0.150000   clock uncertainty
                                  0.000000    0.150000   clock reconvergence pessimism
                                              0.150000 ^ _286_/CLK (sg13g2_dfrbpq_1)
                                 -0.018874    0.131126   library hold time
                                              0.131126   data required time
---------------------------------------------------------------------------------------------
                                              0.131126   data required time
                                             -0.490403   data arrival time
---------------------------------------------------------------------------------------------
                                              0.359277   slack (MET)


Startpoint: _292_ (rising edge-triggered flip-flop clocked by clk)
Endpoint: _288_ (rising edge-triggered flip-flop clocked by clk)
Path Group: clk
Path Type: min

Fanout         Cap        Slew       Delay        Time   Description
---------------------------------------------------------------------------------------------
                      0.100000    0.000000    0.000000   clock clk (rise edge)
                                  0.000000    0.000000   clock network delay (ideal)
                      0.100000    0.000000    0.000000 ^ _292_/CLK (sg13g2_dfrbpq_1)
    13    0.052970    0.166728    0.313627    0.313627 v _292_/Q (sg13g2_dfrbpq_1)
                                                         CTRL.S0 (net)
                      0.166728    0.000000    0.313627 v _147_/A (sg13g2_xor2_1)
     2    0.008058    0.044630    0.126803    0.440430 v _147_/X (sg13g2_xor2_1)
                                                         _099_ (net)
                      0.044630    0.000000    0.440430 v _275_/B (sg13g2_xor2_1)
     1    0.001430    0.023703    0.050750    0.491180 v _275_/X (sg13g2_xor2_1)
                                                         DPATH.SUM.fa_4.S (net)
                      0.023703    0.000000    0.491180 v _288_/D (sg13g2_dfrbpq_1)
                                              0.491180   data arrival time

                      0.100000    0.000000    0.000000   clock clk (rise edge)
                                  0.000000    0.000000   clock network delay (ideal)
                                  0.150000    0.150000   clock uncertainty
                                  0.000000    0.150000   clock reconvergence pessimism
                                              0.150000 ^ _288_/CLK (sg13g2_dfrbpq_1)
                                 -0.018874    0.131126   library hold time
                                              0.131126   data required time
---------------------------------------------------------------------------------------------
                                              0.131126   data required time
                                             -0.491180   data arrival time
---------------------------------------------------------------------------------------------
                                              0.360053   slack (MET)


Startpoint: _292_ (rising edge-triggered flip-flop clocked by clk)
Endpoint: _287_ (rising edge-triggered flip-flop clocked by clk)
Path Group: clk
Path Type: min

Fanout         Cap        Slew       Delay        Time   Description
---------------------------------------------------------------------------------------------
                      0.100000    0.000000    0.000000   clock clk (rise edge)
                                  0.000000    0.000000   clock network delay (ideal)
                      0.100000    0.000000    0.000000 ^ _292_/CLK (sg13g2_dfrbpq_1)
    13    0.052970    0.166728    0.313627    0.313627 v _292_/Q (sg13g2_dfrbpq_1)
                                                         CTRL.S0 (net)
                      0.166728    0.000000    0.313627 v _145_/A (sg13g2_xnor2_1)
     2    0.008208    0.064748    0.131259    0.444885 v _145_/Y (sg13g2_xnor2_1)
                                                         _097_ (net)
                      0.064748    0.000000    0.444885 v _274_/B (sg13g2_xor2_1)
     1    0.001430    0.023340    0.058387    0.503272 v _274_/X (sg13g2_xor2_1)
                                                         DPATH.SUM.fa_3.S (net)
                      0.023340    0.000000    0.503272 v _287_/D (sg13g2_dfrbpq_1)
                                              0.503272   data arrival time

                      0.100000    0.000000    0.000000   clock clk (rise edge)
                                  0.000000    0.000000   clock network delay (ideal)
                                  0.150000    0.150000   clock uncertainty
                                  0.000000    0.150000   clock reconvergence pessimism
                                              0.150000 ^ _287_/CLK (sg13g2_dfrbpq_1)
                                 -0.018758    0.131242   library hold time
                                              0.131242   data required time
---------------------------------------------------------------------------------------------
                                              0.131242   data required time
                                             -0.503272   data arrival time
---------------------------------------------------------------------------------------------
                                              0.372030   slack (MET)


Startpoint: _288_ (rising edge-triggered flip-flop clocked by clk)
Endpoint: sine_out[6] (output port clocked by clk)
Path Group: clk
Path Type: min

Fanout         Cap        Slew       Delay        Time   Description
---------------------------------------------------------------------------------------------
                      0.100000    0.000000    0.000000   clock clk (rise edge)
                                  0.000000    0.000000   clock network delay (ideal)
                      0.100000    0.000000    0.000000 ^ _288_/CLK (sg13g2_dfrbpq_1)
    27    0.077770    0.240867    0.368462    0.368462 v _288_/Q (sg13g2_dfrbpq_1)
                                                         DPATH.SUM.fa_4.A (net)
                      0.240867    0.000000    0.368462 v _256_/A1 (sg13g2_a21oi_1)
     1    0.010000    0.086913    0.160520    0.528982 ^ _256_/Y (sg13g2_a21oi_1)
                                                         sine_out[6] (net)
                      0.086913    0.000000    0.528982 ^ sine_out[6] (out)
                                              0.528982   data arrival time

                      0.100000    0.000000    0.000000   clock clk (rise edge)
                                  0.000000    0.000000   clock network delay (ideal)
                                  0.150000    0.150000   clock uncertainty
                                  0.000000    0.150000   clock reconvergence pessimism
                                  0.000000    0.150000   output external delay
                                              0.150000   data required time
---------------------------------------------------------------------------------------------
                                              0.150000   data required time
                                             -0.528982   data arrival time
---------------------------------------------------------------------------------------------
                                              0.378982   slack (MET)


Startpoint: _288_ (rising edge-triggered flip-flop clocked by clk)
Endpoint: sine_out[7] (output port clocked by clk)
Path Group: clk
Path Type: min

Fanout         Cap        Slew       Delay        Time   Description
---------------------------------------------------------------------------------------------
                      0.100000    0.000000    0.000000   clock clk (rise edge)
                                  0.000000    0.000000   clock network delay (ideal)
                      0.100000    0.000000    0.000000 ^ _288_/CLK (sg13g2_dfrbpq_1)
    27    0.077770    0.240867    0.368462    0.368462 v _288_/Q (sg13g2_dfrbpq_1)
                                                         DPATH.SUM.fa_4.A (net)
                      0.240867    0.000000    0.368462 v _257_/A1 (sg13g2_a21oi_1)
     1    0.010000    0.086913    0.160520    0.528982 ^ _257_/Y (sg13g2_a21oi_1)
                                                         sine_out[7] (net)
                      0.086913    0.000000    0.528982 ^ sine_out[7] (out)
                                              0.528982   data arrival time

                      0.100000    0.000000    0.000000   clock clk (rise edge)
                                  0.000000    0.000000   clock network delay (ideal)
                                  0.150000    0.150000   clock uncertainty
                                  0.000000    0.150000   clock reconvergence pessimism
                                  0.000000    0.150000   output external delay
                                              0.150000   data required time
---------------------------------------------------------------------------------------------
                                              0.150000   data required time
                                             -0.528982   data arrival time
---------------------------------------------------------------------------------------------
                                              0.378982   slack (MET)


Startpoint: _288_ (rising edge-triggered flip-flop clocked by clk)
Endpoint: sine_out[8] (output port clocked by clk)
Path Group: clk
Path Type: min

Fanout         Cap        Slew       Delay        Time   Description
---------------------------------------------------------------------------------------------
                      0.100000    0.000000    0.000000   clock clk (rise edge)
                                  0.000000    0.000000   clock network delay (ideal)
                      0.100000    0.000000    0.000000 ^ _288_/CLK (sg13g2_dfrbpq_1)
    27    0.077770    0.240867    0.368462    0.368462 v _288_/Q (sg13g2_dfrbpq_1)
                                                         DPATH.SUM.fa_4.A (net)
                      0.240867    0.000000    0.368462 v _258_/A1 (sg13g2_a21oi_1)
     1    0.010000    0.086913    0.160520    0.528982 ^ _258_/Y (sg13g2_a21oi_1)
                                                         sine_out[8] (net)
                      0.086913    0.000000    0.528982 ^ sine_out[8] (out)
                                              0.528982   data arrival time

                      0.100000    0.000000    0.000000   clock clk (rise edge)
                                  0.000000    0.000000   clock network delay (ideal)
                                  0.150000    0.150000   clock uncertainty
                                  0.000000    0.150000   clock reconvergence pessimism
                                  0.000000    0.150000   output external delay
                                              0.150000   data required time
---------------------------------------------------------------------------------------------
                                              0.150000   data required time
                                             -0.528982   data arrival time
---------------------------------------------------------------------------------------------
                                              0.378982   slack (MET)


Startpoint: _290_ (rising edge-triggered flip-flop clocked by clk)
Endpoint: sine_out[10] (output port clocked by clk)
Path Group: clk
Path Type: min

Fanout         Cap        Slew       Delay        Time   Description
---------------------------------------------------------------------------------------------
                      0.100000    0.000000    0.000000   clock clk (rise edge)
                                  0.000000    0.000000   clock network delay (ideal)
                      0.100000    0.000000    0.000000 ^ _290_/CLK (sg13g2_dfrbpq_1)
    15    0.046671    0.147941    0.299687    0.299687 v _290_/Q (sg13g2_dfrbpq_1)
                                                         DPATH.SUM.fa_6.A (net)
                      0.147941    0.000000    0.299687 v _128_/A (sg13g2_inv_1)
     3    0.008745    0.066331    0.081998    0.381684 ^ _128_/Y (sg13g2_inv_1)
                                                         _083_ (net)
                      0.066331    0.000000    0.381684 ^ _260_/B (sg13g2_nand3b_1)
     1    0.002860    0.053322    0.083158    0.464842 v _260_/Y (sg13g2_nand3b_1)
                                                         _079_ (net)
                      0.053322    0.000000    0.464842 v _261_/B (sg13g2_nand2_1)
     1    0.010000    0.059426    0.066689    0.531531 ^ _261_/Y (sg13g2_nand2_1)
                                                         sine_out[10] (net)
                      0.059426    0.000000    0.531531 ^ sine_out[10] (out)
                                              0.531531   data arrival time

                      0.100000    0.000000    0.000000   clock clk (rise edge)
                                  0.000000    0.000000   clock network delay (ideal)
                                  0.150000    0.150000   clock uncertainty
                                  0.000000    0.150000   clock reconvergence pessimism
                                  0.000000    0.150000   output external delay
                                              0.150000   data required time
---------------------------------------------------------------------------------------------
                                              0.150000   data required time
                                             -0.531531   data arrival time
---------------------------------------------------------------------------------------------
                                              0.381531   slack (MET)


Startpoint: _289_ (rising edge-triggered flip-flop clocked by clk)
Endpoint: sine_out[1] (output port clocked by clk)
Path Group: clk
Path Type: min

Fanout         Cap        Slew       Delay        Time   Description
---------------------------------------------------------------------------------------------
                      0.100000    0.000000    0.000000   clock clk (rise edge)
                                  0.000000    0.000000   clock network delay (ideal)
                      0.100000    0.000000    0.000000 ^ _289_/CLK (sg13g2_dfrbpq_1)
    15    0.044615    0.141809    0.295137    0.295137 v _289_/Q (sg13g2_dfrbpq_1)
                                                         DPATH.SUM.fa_5.A (net)
                      0.141809    0.000000    0.295137 v _184_/B (sg13g2_nand2b_1)
     2    0.006477    0.048869    0.083317    0.378454 ^ _184_/Y (sg13g2_nand2b_1)
                                                         _013_ (net)
                      0.048869    0.000000    0.378454 ^ _222_/A1 (sg13g2_o21ai_1)
     1    0.002808    0.033624    0.064700    0.443154 v _222_/Y (sg13g2_o21ai_1)
                                                         _050_ (net)
                      0.033624    0.000000    0.443154 v _223_/B1 (sg13g2_a21oi_1)
     1    0.002949    0.035518    0.041970    0.485124 ^ _223_/Y (sg13g2_a21oi_1)
                                                         _051_ (net)
                      0.035518    0.000000    0.485124 ^ _233_/B1 (sg13g2_a21oi_1)
     1    0.010000    0.040918    0.049476    0.534601 v _233_/Y (sg13g2_a21oi_1)
                                                         sine_out[1] (net)
                      0.040918    0.000000    0.534601 v sine_out[1] (out)
                                              0.534601   data arrival time

                      0.100000    0.000000    0.000000   clock clk (rise edge)
                                  0.000000    0.000000   clock network delay (ideal)
                                  0.150000    0.150000   clock uncertainty
                                  0.000000    0.150000   clock reconvergence pessimism
                                  0.000000    0.150000   output external delay
                                              0.150000   data required time
---------------------------------------------------------------------------------------------
                                              0.150000   data required time
                                             -0.534601   data arrival time
---------------------------------------------------------------------------------------------
                                              0.384601   slack (MET)


Startpoint: _288_ (rising edge-triggered flip-flop clocked by clk)
Endpoint: sine_out[4] (output port clocked by clk)
Path Group: clk
Path Type: min

Fanout         Cap        Slew       Delay        Time   Description
---------------------------------------------------------------------------------------------
                      0.100000    0.000000    0.000000   clock clk (rise edge)
                                  0.000000    0.000000   clock network delay (ideal)
                      0.100000    0.000000    0.000000 ^ _288_/CLK (sg13g2_dfrbpq_1)
    27    0.079135    0.326842    0.415459    0.415459 ^ _288_/Q (sg13g2_dfrbpq_1)
                                                         DPATH.SUM.fa_4.A (net)
                      0.326842    0.000000    0.415459 ^ _253_/A (sg13g2_nor3_1)
     1    0.010000    0.053325    0.147973    0.563432 v _253_/Y (sg13g2_nor3_1)
                                                         sine_out[4] (net)
                      0.053325    0.000000    0.563432 v sine_out[4] (out)
                                              0.563432   data arrival time

                      0.100000    0.000000    0.000000   clock clk (rise edge)
                                  0.000000    0.000000   clock network delay (ideal)
                                  0.150000    0.150000   clock uncertainty
                                  0.000000    0.150000   clock reconvergence pessimism
                                  0.000000    0.150000   output external delay
                                              0.150000   data required time
---------------------------------------------------------------------------------------------
                                              0.150000   data required time
                                             -0.563432   data arrival time
---------------------------------------------------------------------------------------------
                                              0.413432   slack (MET)


Startpoint: _288_ (rising edge-triggered flip-flop clocked by clk)
Endpoint: sine_out[5] (output port clocked by clk)
Path Group: clk
Path Type: min

Fanout         Cap        Slew       Delay        Time   Description
---------------------------------------------------------------------------------------------
                      0.100000    0.000000    0.000000   clock clk (rise edge)
                                  0.000000    0.000000   clock network delay (ideal)
                      0.100000    0.000000    0.000000 ^ _288_/CLK (sg13g2_dfrbpq_1)
    27    0.079135    0.326842    0.415459    0.415459 ^ _288_/Q (sg13g2_dfrbpq_1)
                                                         DPATH.SUM.fa_4.A (net)
                      0.326842    0.000000    0.415459 ^ _255_/A (sg13g2_nor3_1)
     1    0.010000    0.043311    0.147973    0.563432 v _255_/Y (sg13g2_nor3_1)
                                                         sine_out[5] (net)
                      0.043311    0.000000    0.563432 v sine_out[5] (out)
                                              0.563432   data arrival time

                      0.100000    0.000000    0.000000   clock clk (rise edge)
                                  0.000000    0.000000   clock network delay (ideal)
                                  0.150000    0.150000   clock uncertainty
                                  0.000000    0.150000   clock reconvergence pessimism
                                  0.000000    0.150000   output external delay
                                              0.150000   data required time
---------------------------------------------------------------------------------------------
                                              0.150000   data required time
                                             -0.563432   data arrival time
---------------------------------------------------------------------------------------------
                                              0.413432   slack (MET)


Startpoint: _290_ (rising edge-triggered flip-flop clocked by clk)
Endpoint: sine_out[3] (output port clocked by clk)
Path Group: clk
Path Type: min

Fanout         Cap        Slew       Delay        Time   Description
---------------------------------------------------------------------------------------------
                      0.100000    0.000000    0.000000   clock clk (rise edge)
                                  0.000000    0.000000   clock network delay (ideal)
                      0.100000    0.000000    0.000000 ^ _290_/CLK (sg13g2_dfrbpq_1)
    15    0.047983    0.201606    0.329154    0.329154 ^ _290_/Q (sg13g2_dfrbpq_1)
                                                         DPATH.SUM.fa_6.A (net)
                      0.201606    0.000000    0.329154 ^ _153_/B (sg13g2_or2_1)
     9    0.027288    0.119697    0.191624    0.520778 ^ _153_/X (sg13g2_or2_1)
                                                         _103_ (net)
                      0.119697    0.000000    0.520778 ^ _252_/A (sg13g2_nor2_1)
     1    0.010000    0.045500    0.087225    0.608002 v _252_/Y (sg13g2_nor2_1)
                                                         sine_out[3] (net)
                      0.045500    0.000000    0.608002 v sine_out[3] (out)
                                              0.608002   data arrival time

                      0.100000    0.000000    0.000000   clock clk (rise edge)
                                  0.000000    0.000000   clock network delay (ideal)
                                  0.150000    0.150000   clock uncertainty
                                  0.000000    0.150000   clock reconvergence pessimism
                                  0.000000    0.150000   output external delay
                                              0.150000   data required time
---------------------------------------------------------------------------------------------
                                              0.150000   data required time
                                             -0.608002   data arrival time
---------------------------------------------------------------------------------------------
                                              0.458002   slack (MET)



