Reading timing models for corner nom_typ_1p20V_25C…
Reading timing library for the 'nom_typ_1p20V_25C' corner at '/opt/pdks/ciel/ihp-sg13g2/versions/cb7daaa8901016cf7c5d272dfa322c41f024931f/ihp-sg13g2/libs.ref/sg13g2_stdcell/lib/sg13g2_stdcell_typ_1p20V_25C.lib'…
Reading OpenROAD database at '/home/designer/shared/Bioimpedance-ASIC-for-skin-cancer-detection/current_generator/digital/DigitalSine/runs/RUN_2025-12-14_11-39-07/26-odb-customioplacement/DigitalSine.odb'…
Reading design constraints file at '/home/designer/shared/Bioimpedance-ASIC-for-skin-cancer-detection/current_generator/digital/DigitalSine/cons.sdc'…
[WARNING STA-0441] set_input_delay relative to a clock defined on the same port/pin not allowed.
[WARNING STA-0441] set_input_delay relative to a clock defined on the same port/pin not allowed.
[WARNING STA-0441] set_input_delay relative to a clock defined on the same port/pin not allowed.
[WARNING STA-0441] set_input_delay relative to a clock defined on the same port/pin not allowed.
[INFO] No information on clock propagation in input SDC file-- propagating all clocks.
[INFO] Setting signal min routing layer to: Metal2 and clock min routing layer to Metal2. 
[INFO] Setting signal max routing layer to: TopMetal2 and clock max routing layer to TopMetal2. 
+ global_placement -density 0.613081 -timing_driven -routability_driven -pad_right 0 -pad_left 0 -init_wirelength_coef 0.25
[INFO GPL-0002] DBU: 1000
[INFO GPL-0003] SiteSize: (  0.480  3.780 ) um
[INFO GPL-0004] CoreBBox: (  5.760 15.120 ) ( 67.680 75.600 ) um
[INFO GPL-0006] Number of instances:               177
[INFO GPL-0007] Movable instances:                 177
[INFO GPL-0008] Fixed instances:                     0
[INFO GPL-0009] Dummy instances:                     0
[INFO GPL-0010] Number of nets:                    179
[INFO GPL-0011] Number of pins:                    634
[INFO GPL-0012] Die BBox:  (  0.000  0.000 ) ( 73.510 92.230 ) um
[INFO GPL-0013] Core BBox: (  5.760 15.120 ) ( 67.680 75.600 ) um
[INFO GPL-0016] Core area:                    3744.922 um^2
[INFO GPL-0017] Fixed instances area:            0.000 um^2
[INFO GPL-0018] Movable instances area:       1921.450 um^2
[INFO GPL-0019] Utilization:                    51.308 %
[INFO GPL-0020] Standard cells area:          1921.450 um^2
[INFO GPL-0021] Large instances area:            0.000 um^2
[InitialPlace]  Iter: 1 conjugate gradient residual: 0.00000012 HPWL: 5778610
[InitialPlace]  Iter: 2 conjugate gradient residual: 0.00000012 HPWL: 2474407
[InitialPlace]  Iter: 3 conjugate gradient residual: 0.00000012 HPWL: 2249483
[InitialPlace]  Iter: 4 conjugate gradient residual: 0.00000011 HPWL: 2242463
[InitialPlace]  Iter: 5 conjugate gradient residual: 0.00000005 HPWL: 2234022
[INFO GPL-0023] Placement target density:       0.6131
[INFO GPL-0024] Movable insts average area:     10.856 um^2
[INFO GPL-0025] Ideal bin area:                 17.707 um^2
[INFO GPL-0026] Ideal bin count:                   211
[INFO GPL-0027] Total bin area:               3744.922 um^2
[INFO GPL-0028] Bin count (X, Y):           8 ,      8
[INFO GPL-0029] Bin size (W * H):       7.740 *  7.560 um
[INFO GPL-0030] Number of bins:                     64
[INFO GPL-0031] HPWL: Half-Perimeter Wirelength
Iteration | Overflow |     HPWL (um) |  HPWL(%) |   Penalty | Group
---------------------------------------------------------------
        1 |   0.8460 |  1.775685e+06 |   +0.00% |  4.40e-14 |      
       10 |   0.7905 |  1.893313e+06 |   +6.62% |  6.83e-14 |      
[INFO GPL-0100] Timing-driven iteration 1/5, virtual: true.
[INFO GPL-0101]    Iter: 14, overflow: 0.783, keep resizer changes at: 0.3, HPWL: 1905434
Iteration |   Area    | Resized | Buffers | Nets repaired | Remaining
---------------------------------------------------------------------
        0 |     +0.0% |       0 |       0 |             0 |       179
    final |    +25.0% |      75 |      24 |             9 |         0
---------------------------------------------------------------------
[INFO RSZ-0035] Found 9 fanout violations.
[INFO RSZ-0039] Resized 75 instances.
[INFO RSZ-0038] Inserted 24 buffers in 9 nets.
[INFO GPL-0106] Timing-driven: worst slack 2.59e-09
Iteration | Overflow |     HPWL (um) |  HPWL(%) |   Penalty | Group
---------------------------------------------------------------
       20 |   0.7645 |  2.036746e+06 |   +7.58% |  1.11e-13 |      
       30 |   0.7577 |  2.029828e+06 |   -0.34% |  1.81e-13 |      
       40 |   0.7639 |  2.015027e+06 |   -0.73% |  2.95e-13 |      
       50 |   0.7727 |  2.005964e+06 |   -0.45% |  4.81e-13 |      
       60 |   0.7746 |  2.002614e+06 |   -0.17% |  7.83e-13 |      
       70 |   0.7733 |  2.006042e+06 |   +0.17% |  1.28e-12 |      
       80 |   0.7696 |  2.010955e+06 |   +0.24% |  2.08e-12 |      
       90 |   0.7675 |  2.013312e+06 |   +0.12% |  3.39e-12 |      
      100 |   0.7665 |  2.014238e+06 |   +0.05% |  5.51e-12 |      
      110 |   0.7637 |  2.016515e+06 |   +0.11% |  8.98e-12 |      
      120 |   0.7574 |  2.022274e+06 |   +0.29% |  1.46e-11 |      
      130 |   0.7482 |  2.032044e+06 |   +0.48% |  2.38e-11 |      
      140 |   0.7413 |  2.046527e+06 |   +0.71% |  3.88e-11 |      
      150 |   0.7355 |  2.068249e+06 |   +1.06% |  6.32e-11 |      
      160 |   0.7270 |  2.101372e+06 |   +1.60% |  1.03e-10 |      
      170 |   0.7083 |  2.147832e+06 |   +2.21% |  1.68e-10 |      
      180 |   0.6726 |  2.196338e+06 |   +2.26% |  2.73e-10 |      
      190 |   0.6584 |  2.248016e+06 |   +2.35% |  4.45e-10 |      
      200 |   0.6403 |  2.326745e+06 |   +3.50% |  7.25e-10 |      
[INFO GPL-0100] Timing-driven iteration 2/5, virtual: true.
[INFO GPL-0101]    Iter: 201, overflow: 0.635, keep resizer changes at: 0.3, HPWL: 2333531
Iteration |   Area    | Resized | Buffers | Nets repaired | Remaining
---------------------------------------------------------------------
        0 |     +0.0% |       0 |       0 |             0 |       179
    final |    +27.0% |      81 |      28 |             9 |         0
---------------------------------------------------------------------
[INFO RSZ-0035] Found 9 fanout violations.
[INFO RSZ-0039] Resized 81 instances.
[INFO RSZ-0038] Inserted 28 buffers in 9 nets.
[INFO GPL-0106] Timing-driven: worst slack 2.47e-09
[INFO GPL-0088] Routability snapshot saved at iter = 208
Iteration | Overflow |     HPWL (um) |  HPWL(%) |   Penalty | Group
---------------------------------------------------------------
      210 |   0.5924 |  2.463158e+06 |   +5.86% |  1.18e-09 |      
      220 |   0.5874 |  2.485310e+06 |   +0.90% |  1.92e-09 |      
      230 |   0.5408 |  2.575408e+06 |   +3.63% |  3.13e-09 |      
      240 |   0.5049 |  2.637385e+06 |   +2.41% |  5.10e-09 |      
      250 |   0.4678 |  2.730341e+06 |   +3.52% |  8.31e-09 |      
      260 |   0.4234 |  2.809741e+06 |   +2.91% |  1.35e-08 |      
      270 |   0.3676 |  2.870961e+06 |   +2.18% |  2.21e-08 |      
      280 |   0.3184 |  2.928559e+06 |   +2.01% |  3.42e-08 |      
[INFO GPL-0040] Routability iteration: 1
[INFO GPL-0041] Total routing overflow: 0.0000
[INFO GPL-0042] Number of overflowed tiles: 0 (0.00%)
[INFO GPL-0043] Average top 0.5% routing congestion: 0.8658
[INFO GPL-0044] Average top 1.0% routing congestion: 0.8352
[INFO GPL-0045] Average top 2.0% routing congestion: 0.7968
[INFO GPL-0046] Average top 5.0% routing congestion: 0.7232
[INFO GPL-0047] Routability iteration weighted routing congestion: 0.8505
[INFO GPL-0050] Weighted routing congestion is lower than target routing congestion(1.0100), end routability optimization.
Iteration | Overflow |     HPWL (um) |  HPWL(%) |   Penalty | Group
---------------------------------------------------------------
      290 |   0.2832 |  2.974937e+06 |   +1.58% |  5.03e-08 |      
[INFO GPL-0100] Timing-driven iteration 3/5, virtual: false.
[INFO GPL-0101]    Iter: 290, overflow: 0.283, keep resizer changes at: 0.3, HPWL: 2974937
Iteration |   Area    | Resized | Buffers | Nets repaired | Remaining
---------------------------------------------------------------------
        0 |     +0.0% |       0 |       0 |             0 |       179
    final |    +26.2% |      82 |      25 |             9 |         0
---------------------------------------------------------------------
[INFO RSZ-0035] Found 9 fanout violations.
[INFO RSZ-0039] Resized 82 instances.
[INFO RSZ-0038] Inserted 25 buffers in 9 nets.
[INFO GPL-0106] Timing-driven: worst slack 2.47e-09
[INFO GPL-0107] Timing-driven: repair_design delta area: 502.589 um^2 (+26.16%)
[INFO GPL-0108] Timing-driven: repair_design, gpl cells created: 25 (+0.00%)
[INFO GPL-0109] Timing-driven: inserted buffers as reported by repair_design: 25
[INFO GPL-0110] Timing-driven: new target density: 0.74728644
Iteration | Overflow |     HPWL (um) |  HPWL(%) |   Penalty | Group
---------------------------------------------------------------
      300 |   0.2743 |  2.521684e+06 |  -15.24% |  7.42e-08 |      
      310 |   0.2400 |  2.396215e+06 |   -4.98% |  1.09e-07 |      
      320 |   0.2099 |  2.446782e+06 |   +2.11% |  1.61e-07 |      
[INFO GPL-0100] Timing-driven iteration 4/5, virtual: false.
[INFO GPL-0101]    Iter: 321, overflow: 0.205, keep resizer changes at: 0.3, HPWL: 2456057
Iteration |   Area    | Resized | Buffers | Nets repaired | Remaining
---------------------------------------------------------------------
        0 |     +0.0% |       0 |       0 |             0 |       179
    final |     +0.7% |      50 |       0 |             0 |         0
---------------------------------------------------------------------
[INFO RSZ-0039] Resized 50 instances.
[INFO GPL-0106] Timing-driven: worst slack 2.47e-09
[INFO GPL-0107] Timing-driven: repair_design delta area: 16.330 um^2 (+0.67%)
[INFO GPL-0108] Timing-driven: repair_design, gpl cells created: 0 (+0.00%)
[INFO GPL-0109] Timing-driven: inserted buffers as reported by repair_design: 0
[INFO GPL-0110] Timing-driven: new target density: 0.75164694
Iteration | Overflow |     HPWL (um) |  HPWL(%) |   Penalty | Group
---------------------------------------------------------------
      330 |   0.1626 |  2.472295e+06 |   +1.04% |  2.37e-07 |      
[INFO GPL-0100] Timing-driven iteration 5/5, virtual: false.
[INFO GPL-0101]    Iter: 336, overflow: 0.142, keep resizer changes at: 0.3, HPWL: 2472148
Iteration |   Area    | Resized | Buffers | Nets repaired | Remaining
---------------------------------------------------------------------
        0 |     +0.0% |       0 |       0 |             0 |       179
    final |     -0.1% |      49 |       0 |             0 |         0
---------------------------------------------------------------------
[INFO RSZ-0039] Resized 49 instances.
[INFO GPL-0106] Timing-driven: worst slack 2.47e-09
[INFO GPL-0107] Timing-driven: repair_design delta area: -1.814 um^2 (-0.07%)
[INFO GPL-0108] Timing-driven: repair_design, gpl cells created: 0 (+0.00%)
[INFO GPL-0109] Timing-driven: inserted buffers as reported by repair_design: 0
[INFO GPL-0110] Timing-driven: new target density: 0.7511624
Iteration | Overflow |     HPWL (um) |  HPWL(%) |   Penalty | Group
---------------------------------------------------------------
      340 |   0.1342 |  2.518876e+06 |   +1.88% |  3.49e-07 |      
[INFO GPL-1001] Finished with Overflow: 0.099021
[INFO GPL-1002] Placed Cell Area             2438.5536
[INFO GPL-1003] Available Free Area          3744.9216
[INFO GPL-1004] Minimum Feasible Density        0.6512 (cell_area / free_area)
[INFO GPL-1006]   Suggested Target Densities:
[INFO GPL-1007]     - For 90% usage of free space: 0.7235
[INFO GPL-1008]     - For 80% usage of free space: 0.8140
[INFO GPL-1009]     - For 50% usage of free space: 1.3023
Setting global connections for newly added cells…
[INFO] Setting global connections...
Updating metrics…
Cell type report:                       Count       Area
  Timing Repair Buffer                     25     319.33
  Inverter                                 15     103.42
  Sequential cell                           9     442.71
  Multi-Input combinational cell          153    1573.08
  Total                                   202    2438.55
Writing OpenROAD database to '/home/designer/shared/Bioimpedance-ASIC-for-skin-cancer-detection/current_generator/digital/DigitalSine/runs/RUN_2025-12-14_11-39-07/28-openroad-globalplacement/DigitalSine.odb'…
Writing netlist to '/home/designer/shared/Bioimpedance-ASIC-for-skin-cancer-detection/current_generator/digital/DigitalSine/runs/RUN_2025-12-14_11-39-07/28-openroad-globalplacement/DigitalSine.nl.v'…
Writing powered netlist to '/home/designer/shared/Bioimpedance-ASIC-for-skin-cancer-detection/current_generator/digital/DigitalSine/runs/RUN_2025-12-14_11-39-07/28-openroad-globalplacement/DigitalSine.pnl.v'…
Writing layout to '/home/designer/shared/Bioimpedance-ASIC-for-skin-cancer-detection/current_generator/digital/DigitalSine/runs/RUN_2025-12-14_11-39-07/28-openroad-globalplacement/DigitalSine.def'…
Writing timing constraints to '/home/designer/shared/Bioimpedance-ASIC-for-skin-cancer-detection/current_generator/digital/DigitalSine/runs/RUN_2025-12-14_11-39-07/28-openroad-globalplacement/DigitalSine.sdc'…
