Starting…
Running 'Verilator.Lint' at 'DigitalSine/runs/RUN_2025-12-12_17-16-50/01-verilator-lint'…
Logging subprocess to [repr.filename]'DigitalSine/runs/RUN_2025-12-12_17-16-50/01-verilator-lint/verilator-lint.log'[/repr.filename]…
Running 'Checker.LintTimingConstructs' at 'DigitalSine/runs/RUN_2025-12-12_17-16-50/02-checker-linttimingconstructs'…
Check for Lint Timing Errors clear.
Running 'Checker.LintErrors' at 'DigitalSine/runs/RUN_2025-12-12_17-16-50/03-checker-linterrors'…
Check for Lint errors clear.
Running 'Checker.LintWarnings' at 'DigitalSine/runs/RUN_2025-12-12_17-16-50/04-checker-lintwarnings'…
1 Lint warnings found.
Running 'Yosys.JsonHeader' at 'DigitalSine/runs/RUN_2025-12-12_17-16-50/05-yosys-jsonheader'…
Logging subprocess to [repr.filename]'DigitalSine/runs/RUN_2025-12-12_17-16-50/05-yosys-jsonheader/yosys-jsonheader.log'[/repr.filename]…
Running 'Yosys.Synthesis' at 'DigitalSine/runs/RUN_2025-12-12_17-16-50/06-yosys-synthesis'…
Logging subprocess to [repr.filename]'DigitalSine/runs/RUN_2025-12-12_17-16-50/06-yosys-synthesis/yosys-synthesis.log'[/repr.filename]…
Parsing synthesis checks…
Running 'Checker.YosysUnmappedCells' at 'DigitalSine/runs/RUN_2025-12-12_17-16-50/07-checker-yosysunmappedcells'…
Check for Unmapped Yosys instances clear.
Running 'Checker.YosysSynthChecks' at 'DigitalSine/runs/RUN_2025-12-12_17-16-50/08-checker-yosyssynthchecks'…
Check for Yosys check errors clear.
Running 'Checker.NetlistAssignStatements' at 'DigitalSine/runs/RUN_2025-12-12_17-16-50/09-checker-netlistassignstatements'…
Running 'OpenROAD.CheckSDCFiles' at 'DigitalSine/runs/RUN_2025-12-12_17-16-50/10-openroad-checksdcfiles'…
'PNR_SDC_FILE' is not defined. Using generic fallback SDC for OpenROAD PnR steps.
'SIGNOFF_SDC_FILE' is not defined. Using generic fallback SDC for OpenROAD PnR steps.
Running 'OpenROAD.CheckMacroInstances' at 'DigitalSine/runs/RUN_2025-12-12_17-16-50/11-openroad-checkmacroinstances'…
No macros found, skipping instance check…
Running 'OpenROAD.STAPrePNR' at 'DigitalSine/runs/RUN_2025-12-12_17-16-50/12-openroad-staprepnr'…
Starting STA for the nom_fast_1p32V_m40C timing corner…
Starting STA for the nom_slow_1p08V_125C timing corner…
Starting STA for the nom_typ_1p20V_25C timing corner…
Logging subprocess to [repr.filename]'DigitalSine/runs/RUN_2025-12-12_17-16-50/12-openroad-staprepnr/nom_fast_1p32V_m40C/sta.log'[/repr.filename]…
Logging subprocess to [repr.filename]'DigitalSine/runs/RUN_2025-12-12_17-16-50/12-openroad-staprepnr/nom_slow_1p08V_125C/sta.log'[/repr.filename]…
Logging subprocess to [repr.filename]'DigitalSine/runs/RUN_2025-12-12_17-16-50/12-openroad-staprepnr/nom_typ_1p20V_25C/sta.log'[/repr.filename]…
Finished STA for the nom_fast_1p32V_m40C timing corner.
Finished STA for the nom_slow_1p08V_125C timing corner.
Finished STA for the nom_typ_1p20V_25C timing corner.
Running 'OpenROAD.Floorplan' at 'DigitalSine/runs/RUN_2025-12-12_17-16-50/13-openroad-floorplan'…
Logging subprocess to [repr.filename]'DigitalSine/runs/RUN_2025-12-12_17-16-50/13-openroad-floorplan/openroad-floorplan.log'[/repr.filename]…
Running 'OpenROAD.DumpRCValues' at 'DigitalSine/runs/RUN_2025-12-12_17-16-50/14-openroad-dumprcvalues'…
Logging subprocess to [repr.filename]'DigitalSine/runs/RUN_2025-12-12_17-16-50/14-openroad-dumprcvalues/openroad-dumprcvalues.log'[/repr.filename]…
Running 'Odb.CheckMacroAntennaProperties' at 'DigitalSine/runs/RUN_2025-12-12_17-16-50/15-odb-checkmacroantennaproperties'…
No cells provided, skipping 'Odb.CheckMacroAntennaProperties'…
Running 'Odb.SetPowerConnections' at 'DigitalSine/runs/RUN_2025-12-12_17-16-50/16-odb-setpowerconnections'…
Logging subprocess to [repr.filename]'DigitalSine/runs/RUN_2025-12-12_17-16-50/16-odb-setpowerconnections/odb-setpowerconnections.log'[/repr.filename]…
Running 'Odb.ManualMacroPlacement' at 'DigitalSine/runs/RUN_2025-12-12_17-16-50/17-odb-manualmacroplacement'…
No instances found, skipping 'Odb.ManualMacroPlacement'…
Running 'OpenROAD.CutRows' at 'DigitalSine/runs/RUN_2025-12-12_17-16-50/18-openroad-cutrows'…
Logging subprocess to [repr.filename]'DigitalSine/runs/RUN_2025-12-12_17-16-50/18-openroad-cutrows/openroad-cutrows.log'[/repr.filename]…
Running 'OpenROAD.TapEndcapInsertion' at 'DigitalSine/runs/RUN_2025-12-12_17-16-50/19-openroad-tapendcapinsertion'…
Logging subprocess to [repr.filename]'DigitalSine/runs/RUN_2025-12-12_17-16-50/19-openroad-tapendcapinsertion/openroad-tapendcapinsertion.log'[/repr.filename]…
Running 'Odb.AddPDNObstructions' at 'DigitalSine/runs/RUN_2025-12-12_17-16-50/20-odb-addpdnobstructions'…
'PDN_OBSTRUCTIONS' is not defined. Skipping 'Odb.AddPDNObstructions'…
Running 'OpenROAD.GeneratePDN' at 'DigitalSine/runs/RUN_2025-12-12_17-16-50/21-openroad-generatepdn'…
'PDN_CFG' not explicitly set, setting it to /nix/store/sfc122jplczjy5i6pd5radwb3k94mh33-python3.12-librelane-3.0.0.dev45/lib/python3.12/site-packages/librelane/scripts/openroad/common/pdn_cfg.tcl…
Logging subprocess to [repr.filename]'DigitalSine/runs/RUN_2025-12-12_17-16-50/21-openroad-generatepdn/openroad-generatepdn.log'[/repr.filename]…
[PDN-0239] Ring shape falls outside the die bounds.
Running 'Odb.RemovePDNObstructions' at 'DigitalSine/runs/RUN_2025-12-12_17-16-50/22-odb-removepdnobstructions'…
'PDN_OBSTRUCTIONS' is not defined. Skipping 'Odb.RemovePDNObstructions'…
Running 'Odb.AddRoutingObstructions' at 'DigitalSine/runs/RUN_2025-12-12_17-16-50/23-odb-addroutingobstructions'…
'ROUTING_OBSTRUCTIONS' is not defined. Skipping 'Odb.AddRoutingObstructions'…
Running 'OpenROAD.GlobalPlacementSkipIO' at 'DigitalSine/runs/RUN_2025-12-12_17-16-50/24-openroad-globalplacementskipio'…
I/O pins to be placed from /home/designer/shared/Bioimpedance-ASIC-for-skin-cancer-detection/current_generator/digital/DigitalSine/pin_order.cfg. Returning state unaltered…
Running 'OpenROAD.IOPlacement' at 'DigitalSine/runs/RUN_2025-12-12_17-16-50/25-openroad-ioplacement'…
IO_PIN_ORDER_CFG is set. Skipping 'OpenROAD.IOPlacement'…
Running 'Odb.CustomIOPlacement' at 'DigitalSine/runs/RUN_2025-12-12_17-16-50/26-odb-customioplacement'…
Logging subprocess to [repr.filename]'DigitalSine/runs/RUN_2025-12-12_17-16-50/26-odb-customioplacement/odb-customioplacement.log'[/repr.filename]…
Running 'Odb.ApplyDEFTemplate' at 'DigitalSine/runs/RUN_2025-12-12_17-16-50/27-odb-applydeftemplate'…
No DEF template provided, skipping 'Odb.ApplyDEFTemplate'…
Running 'OpenROAD.GlobalPlacement' at 'DigitalSine/runs/RUN_2025-12-12_17-16-50/28-openroad-globalplacement'…
'PL_TARGET_DENSITY_PCT' not explicitly set, using dynamically calculated target density: 74.65200…
Logging subprocess to [repr.filename]'DigitalSine/runs/RUN_2025-12-12_17-16-50/28-openroad-globalplacement/openroad-globalplacement.log'[/repr.filename]…
Running 'Odb.WriteVerilogHeader' at 'DigitalSine/runs/RUN_2025-12-12_17-16-50/29-odb-writeverilogheader'…
Logging subprocess to [repr.filename]'DigitalSine/runs/RUN_2025-12-12_17-16-50/29-odb-writeverilogheader/odb-writeverilogheader.log'[/repr.filename]…
Running 'Checker.PowerGridViolations' at 'DigitalSine/runs/RUN_2025-12-12_17-16-50/30-checker-powergridviolations'…
Check for power grid violations (as reported by OpenROAD PSM- you may ignore these if LVS passes) clear.
Running 'OpenROAD.STAMidPNR' at 'DigitalSine/runs/RUN_2025-12-12_17-16-50/31-openroad-stamidpnr'…
Logging subprocess to [repr.filename]'DigitalSine/runs/RUN_2025-12-12_17-16-50/31-openroad-stamidpnr/openroad-stamidpnr.log'[/repr.filename]…
Running 'OpenROAD.RepairDesignPostGPL' at 'DigitalSine/runs/RUN_2025-12-12_17-16-50/32-openroad-repairdesignpostgpl'…
Logging subprocess to [repr.filename]'DigitalSine/runs/RUN_2025-12-12_17-16-50/32-openroad-repairdesignpostgpl/openroad-repairdesignpostgpl.log'[/repr.filename]…
Running 'Odb.ManualGlobalPlacement' at 'DigitalSine/runs/RUN_2025-12-12_17-16-50/33-odb-manualglobalplacement'…
'MANUAL_GLOBAL_PLACEMENTS' not set. Skipping 'Odb.ManualGlobalPlacement'…
Running 'OpenROAD.DetailedPlacement' at 'DigitalSine/runs/RUN_2025-12-12_17-16-50/34-openroad-detailedplacement'…
Logging subprocess to [repr.filename]'DigitalSine/runs/RUN_2025-12-12_17-16-50/34-openroad-detailedplacement/openroad-detailedplacement.log'[/repr.filename]…
Running 'OpenROAD.CTS' at 'DigitalSine/runs/RUN_2025-12-12_17-16-50/35-openroad-cts'…
Logging subprocess to [repr.filename]'DigitalSine/runs/RUN_2025-12-12_17-16-50/35-openroad-cts/openroad-cts.log'[/repr.filename]…
Running 'OpenROAD.STAMidPNR-1' at 'DigitalSine/runs/RUN_2025-12-12_17-16-50/36-openroad-stamidpnr-1'…
Logging subprocess to [repr.filename]'DigitalSine/runs/RUN_2025-12-12_17-16-50/36-openroad-stamidpnr-1/openroad-stamidpnr-1.log'[/repr.filename]…
Running 'OpenROAD.ResizerTimingPostCTS' at 'DigitalSine/runs/RUN_2025-12-12_17-16-50/37-openroad-resizertimingpostcts'…
Logging subprocess to [repr.filename]'DigitalSine/runs/RUN_2025-12-12_17-16-50/37-openroad-resizertimingpostcts/openroad-resizertimingpostcts.log'[/repr.filename]…
[DPL-0036] Detailed placement failed.
