Clock: clk
Sources: clk 
Generated: no
Virtual: yes
Propagated: no
Period: 5.000000

===========================================================================
report_clock_properties
============================================================================
Clock                   Period          Waveform
----------------------------------------------------
clk                   5.000000    0.000000  2.500000

===========================================================================
report_clock_latency
============================================================================
Clock clk
rise -> rise
    min     max
0.000000 0.000000 source latency
0.119501         network latency _298_/CLK
        0.120286 network latency _301_/CLK
---------------
0.119501 0.120286 latency
        0.000786 skew

fall -> fall
    min     max
0.000000 0.000000 source latency
0.131480         network latency _298_/CLK
        0.132071 network latency _301_/CLK
---------------
0.131480 0.132071 latency
        0.000592 skew



===========================================================================
report_clock_min_period
============================================================================
clk period_min = 1.46 fmax = 686.46
