Clock: clk
Sources: clk 
Generated: no
Virtual: yes
Propagated: no
Period: 5.000000

===========================================================================
report_clock_properties
============================================================================
Clock                   Period          Waveform
----------------------------------------------------
clk                   5.000000    0.000000  2.500000

===========================================================================
report_clock_latency
============================================================================
Clock clk
rise -> rise
    min     max
0.000000 0.000000 source latency
0.146760         network latency _297_/CLK
        0.147173 network latency _295_/CLK
---------------
0.146760 0.147173 latency
        0.000413 skew

fall -> fall
    min     max
0.000000 0.000000 source latency
0.153475         network latency _297_/CLK
        0.153727 network latency _295_/CLK
---------------
0.153475 0.153727 latency
        0.000253 skew



===========================================================================
report_clock_min_period
============================================================================
clk period_min = 1.57 fmax = 638.55
