+ analyze_power_grid -net VPWR -voltage_file /home/designer/shared/BASIC/current_generator/digital/DigitalSine/runs/RUN_2026-02-26_20-45-44/56-openroad-irdropreport/net-VPWR.csv
[INFO PSM-0040] All shapes on net VPWR are connected.
########## IR report #################
Net              : VPWR
Corner           : nom_typ_1p20V_25C
Supply voltage   : 1.20e+00 V
Worstcase voltage: 1.20e+00 V
Average voltage  : 1.20e+00 V
Average IR drop  : 2.01e-04 V
Worstcase IR drop: 7.71e-04 V
Percentage drop  : 0.06 %
######################################
+ analyze_power_grid -net VGND -voltage_file /home/designer/shared/BASIC/current_generator/digital/DigitalSine/runs/RUN_2026-02-26_20-45-44/56-openroad-irdropreport/net-VGND.csv
[INFO PSM-0040] All shapes on net VGND are connected.
########## IR report #################
Net              : VGND
Corner           : nom_typ_1p20V_25C
Supply voltage   : 0.00e+00 V
Worstcase voltage: 6.41e-04 V
Average voltage  : 1.74e-04 V
Average IR drop  : 1.74e-04 V
Worstcase IR drop: 6.41e-04 V
Percentage drop  : 0.05 %
######################################
