Reading timing models for corner nom_typ_1p20V_25C…
Reading timing library for the 'nom_typ_1p20V_25C' corner at '/opt/pdks/ciel/ihp-sg13g2/versions/cb7daaa8901016cf7c5d272dfa322c41f024931f/ihp-sg13g2/libs.ref/sg13g2_stdcell/lib/sg13g2_stdcell_typ_1p20V_25C.lib'…
Reading OpenROAD database at '/home/designer/shared/Bioimpedance-ASIC-for-skin-cancer-detection/current_generator/digital/DigitalSine/runs/RUN_2025-12-14_12-03-08/42-openroad-repairantennas/1-diodeinsertion/DigitalSine.odb'…
Reading design constraints file at '/home/designer/shared/Bioimpedance-ASIC-for-skin-cancer-detection/current_generator/digital/DigitalSine/cons.sdc'…
[WARNING STA-0441] set_input_delay relative to a clock defined on the same port/pin not allowed.
[WARNING STA-0441] set_input_delay relative to a clock defined on the same port/pin not allowed.
[WARNING STA-0441] set_input_delay relative to a clock defined on the same port/pin not allowed.
[WARNING STA-0441] set_input_delay relative to a clock defined on the same port/pin not allowed.
[INFO] No information on clock propagation in input SDC file-- propagating all clocks.
[INFO] Setting signal min routing layer to: Metal2 and clock min routing layer to Metal2. 
[INFO] Setting signal max routing layer to: TopMetal2 and clock max routing layer to TopMetal2. 
+ global_route -congestion_iterations 50 -verbose
[INFO GRT-0020] Min routing layer: Metal2
[INFO GRT-0021] Max routing layer: TopMetal2
[INFO GRT-0022] Global adjustment: 30%
[INFO GRT-0023] Grid origin: (0, 0)
[INFO GRT-0088] Layer Metal1  Track-Pitch = 0.4200  line-2-Via Pitch: 0.3650
[INFO GRT-0088] Layer Metal2  Track-Pitch = 0.4800  line-2-Via Pitch: 0.4150
[INFO GRT-0088] Layer Metal3  Track-Pitch = 0.4200  line-2-Via Pitch: 0.4150
[INFO GRT-0088] Layer Metal4  Track-Pitch = 0.4800  line-2-Via Pitch: 0.4150
[INFO GRT-0088] Layer Metal5  Track-Pitch = 0.4200  line-2-Via Pitch: 0.6200
[INFO GRT-0088] Layer TopMetal1 Track-Pitch = 2.2800  line-2-Via Pitch: 3.4100
[INFO GRT-0088] Layer TopMetal2 Track-Pitch = 4.0000  line-2-Via Pitch: 3.9500
[INFO GRT-0003] Macros: 0
[WARNING GRT-0041] Net VPWR has wires/vias outside die area.
[WARNING GRT-0041] Net VPWR has wires/vias outside die area.
[WARNING GRT-0041] Net VPWR has wires/vias outside die area.
[WARNING GRT-0041] Net VPWR has wires/vias outside die area.
[WARNING GRT-0041] Net VPWR has wires/vias outside die area.
[WARNING GRT-0041] Net VPWR has wires/vias outside die area.
[WARNING GRT-0041] Net VPWR has wires/vias outside die area.
[WARNING GRT-0041] Net VPWR has wires/vias outside die area.
[WARNING GRT-0041] Net VPWR has wires/vias outside die area.
[WARNING GRT-0041] Net VPWR has wires/vias outside die area.
[WARNING GRT-0041] Net VPWR has wires/vias outside die area.
[WARNING GRT-0041] Net VPWR has wires/vias outside die area.
[WARNING GRT-0041] Net VPWR has wires/vias outside die area.
[WARNING GRT-0041] Net VPWR has wires/vias outside die area.
[WARNING GRT-0041] Net VPWR has wires/vias outside die area.
[WARNING GRT-0041] Net VPWR has wires/vias outside die area.
[WARNING GRT-0041] Net VPWR has wires/vias outside die area.
[WARNING GRT-0041] Net VGND has wires/vias outside die area.
[WARNING GRT-0041] Net VGND has wires/vias outside die area.
[WARNING GRT-0041] Net VGND has wires/vias outside die area.
[WARNING GRT-0041] Net VGND has wires/vias outside die area.
[WARNING GRT-0041] Net VGND has wires/vias outside die area.
[WARNING GRT-0041] Net VGND has wires/vias outside die area.
[WARNING GRT-0041] Net VGND has wires/vias outside die area.
[WARNING GRT-0041] Net VGND has wires/vias outside die area.
[WARNING GRT-0041] Net VGND has wires/vias outside die area.
[WARNING GRT-0041] Net VGND has wires/vias outside die area.
[WARNING GRT-0041] Net VGND has wires/vias outside die area.
[WARNING GRT-0041] Net VGND has wires/vias outside die area.
[WARNING GRT-0041] Net VGND has wires/vias outside die area.
[WARNING GRT-0041] Net VGND has wires/vias outside die area.
[WARNING GRT-0041] Net VGND has wires/vias outside die area.
[WARNING GRT-0041] Net VGND has wires/vias outside die area.
[WARNING GRT-0041] Net VGND has wires/vias outside die area.
[INFO GRT-0004] Blockages: 0
[INFO GRT-0019] Found 4 clock nets.
[INFO GRT-0001] Minimum degree: 2
[INFO GRT-0002] Maximum degree: 9

[INFO GRT-0053] Routing resources analysis:
          Routing      Original      Derated      Resource
Layer     Direction    Resources     Resources    Reduction (%)
---------------------------------------------------------------
Metal1     Horizontal          0             0          0.00%
Metal2     Vertical         2069          1244          39.87%
Metal3     Horizontal       2287          1391          39.18%
Metal4     Vertical         2069          1146          44.61%
Metal5     Horizontal       1587           780          50.85%
TopMetal1    Vertical          185           156          15.68%
TopMetal2    Horizontal        151           140          7.28%
---------------------------------------------------------------

[INFO GRT-0197] Via related to pin nodes: 1330
[INFO GRT-0198] Via related Steiner nodes: 16
[INFO GRT-0199] Via filling finished.
[INFO GRT-0111] Final number of vias: 1660
[INFO GRT-0112] Final usage 3D: 5878

[INFO GRT-0096] Final congestion report:
Layer         Resource        Demand        Usage (%)    Max H / Max V / Total Overflow
---------------------------------------------------------------------------------------
Metal1               0             0            0.00%             0 /  0 /  0
Metal2            1244           465           37.38%             0 /  0 /  0
Metal3            1391           385           27.68%             0 /  0 /  0
Metal4            1146            29            2.53%             0 /  0 /  0
Metal5             780            19            2.44%             0 /  0 /  0
TopMetal1            156             0            0.00%             0 /  0 /  0
TopMetal2            140             0            0.00%             0 /  0 /  0
---------------------------------------------------------------------------------------
Total             4857           898           18.49%             0 /  0 /  0

[INFO GRT-0018] Total wirelength: 9519 um
[INFO GRT-0014] Routed nets: 247
[INFO ORD-0030] Using 12 thread(s).
+ detailed_route -bottom_routing_layer Metal2 -top_routing_layer TopMetal2 -droute_end_iter 64 -or_seed 42 -verbose 1 -output_drc /home/designer/shared/Bioimpedance-ASIC-for-skin-cancer-detection/current_generator/digital/DigitalSine/runs/RUN_2025-12-14_12-03-08/44-openroad-detailedrouting/drt-run-0/DigitalSine.drc
[INFO DRT-0149] Reading tech and libs.
[WARNING DRT-0349] LEF58_ENCLOSURE with no CUTCLASS is not supported. Skipping for layer Cont
[WARNING DRT-0349] LEF58_ENCLOSURE with no CUTCLASS is not supported. Skipping for layer Via1
[WARNING DRT-0349] LEF58_ENCLOSURE with no CUTCLASS is not supported. Skipping for layer Via1
[WARNING DRT-0349] LEF58_ENCLOSURE with no CUTCLASS is not supported. Skipping for layer Via2
[WARNING DRT-0349] LEF58_ENCLOSURE with no CUTCLASS is not supported. Skipping for layer Via3
[WARNING DRT-0349] LEF58_ENCLOSURE with no CUTCLASS is not supported. Skipping for layer Via4
[WARNING DRT-0349] LEF58_ENCLOSURE with no CUTCLASS is not supported. Skipping for layer TopVia1
[WARNING DRT-0349] LEF58_ENCLOSURE with no CUTCLASS is not supported. Skipping for layer TopVia1
[WARNING DRT-0349] LEF58_ENCLOSURE with no CUTCLASS is not supported. Skipping for layer TopVia2
[WARNING DRT-0349] LEF58_ENCLOSURE with no CUTCLASS is not supported. Skipping for layer TopVia2

Units:                1000
Number of layers:     15
Number of macros:     84
Number of vias:       77
Number of viarulegen: 6

[INFO DRT-0150] Reading design.

Design:                   DigitalSine
Die area:                 ( 0 0 ) ( 70625 89345 )
Number of track patterns: 14
Number of DEF vias:       0
Number of components:     246
Number of terminals:      39
Number of snets:          2
Number of nets:           247

[INFO DRT-0167] List of default vias:
  Layer Via2
    default via: Via2_YX
  Layer Via3
    default via: Via3_XY
  Layer Via4
    default via: Via4_YX
  Layer TopVia1
    default via: TopVia1EWNS
  Layer TopVia2
    default via: TopVia2EWNS
[INFO DRT-0162] Library cell analysis.
[INFO DRT-0163] Instance analysis.
[INFO DRT-0164] Number of unique instances = 77.
[INFO DRT-0168] Init region query.
[INFO DRT-0024]   Complete GatPoly.
[INFO DRT-0024]   Complete Cont.
[INFO DRT-0024]   Complete Metal1.
[INFO DRT-0024]   Complete Via1.
[INFO DRT-0024]   Complete Metal2.
[INFO DRT-0024]   Complete Via2.
[INFO DRT-0024]   Complete Metal3.
[INFO DRT-0024]   Complete Via3.
[INFO DRT-0024]   Complete Metal4.
[INFO DRT-0024]   Complete Via4.
[INFO DRT-0024]   Complete Metal5.
[INFO DRT-0024]   Complete TopVia1.
[INFO DRT-0024]   Complete TopMetal1.
[INFO DRT-0024]   Complete TopVia2.
[INFO DRT-0024]   Complete TopMetal2.
[INFO DRT-0033] GatPoly shape region query size = 0.
[INFO DRT-0033] Cont shape region query size = 0.
[INFO DRT-0033] Metal1 shape region query size = 4766.
[INFO DRT-0033] Via1 shape region query size = 80.
[INFO DRT-0033] Metal2 shape region query size = 65.
[INFO DRT-0033] Via2 shape region query size = 80.
[INFO DRT-0033] Metal3 shape region query size = 36.
[INFO DRT-0033] Via3 shape region query size = 80.
[INFO DRT-0033] Metal4 shape region query size = 46.
[INFO DRT-0033] Via4 shape region query size = 288.
[INFO DRT-0033] Metal5 shape region query size = 30.
[INFO DRT-0033] TopVia1 shape region query size = 0.
[INFO DRT-0033] TopMetal1 shape region query size = 0.
[INFO DRT-0033] TopVia2 shape region query size = 0.
[INFO DRT-0033] TopMetal2 shape region query size = 0.
[INFO DRT-0165] Start pin access.
[INFO DRT-0078]   Complete 397 pins.
[INFO DRT-0081]   Complete 77 unique inst patterns.
[INFO DRT-0084]   Complete 66 groups.
#scanned instances     = 246
#unique  instances     = 77
#stdCellGenAp          = 3452
#stdCellValidPlanarAp  = 0
#stdCellValidViaAp     = 2745
#stdCellPinNoAp        = 0
#stdCellPinCnt         = 734
#instTermValidViaApCnt = 0
#macroGenAp            = 0
#macroValidPlanarAp    = 0
#macroValidViaAp       = 0
#macroNoAp             = 0
[INFO DRT-0166] Complete pin access.
[INFO DRT-0267] cpu time = 00:00:38, elapsed time = 00:00:03, memory = 173.86 (MB), peak = 173.86 (MB)

[INFO DRT-0157] Number of guides:     1815

[INFO DRT-0169] Post process guides.
[INFO DRT-0176] GCELLGRID X 0 DO 11 STEP 6300 ;
[INFO DRT-0177] GCELLGRID Y 0 DO 14 STEP 6300 ;
[INFO DRT-0028]   Complete GatPoly.
[INFO DRT-0028]   Complete Cont.
[INFO DRT-0028]   Complete Metal1.
[INFO DRT-0028]   Complete Via1.
[INFO DRT-0028]   Complete Metal2.
[INFO DRT-0028]   Complete Via2.
[INFO DRT-0028]   Complete Metal3.
[INFO DRT-0028]   Complete Via3.
[INFO DRT-0028]   Complete Metal4.
[INFO DRT-0028]   Complete Via4.
[INFO DRT-0028]   Complete Metal5.
[INFO DRT-0028]   Complete TopVia1.
[INFO DRT-0028]   Complete TopMetal1.
[INFO DRT-0028]   Complete TopVia2.
[INFO DRT-0028]   Complete TopMetal2.
[INFO DRT-0178] Init guide query.
[INFO DRT-0035]   Complete GatPoly (guide).
[INFO DRT-0035]   Complete Cont (guide).
[INFO DRT-0035]   Complete Metal1 (guide).
[INFO DRT-0035]   Complete Via1 (guide).
[INFO DRT-0035]   Complete Metal2 (guide).
[INFO DRT-0035]   Complete Via2 (guide).
[INFO DRT-0035]   Complete Metal3 (guide).
[INFO DRT-0035]   Complete Via3 (guide).
[INFO DRT-0035]   Complete Metal4 (guide).
[INFO DRT-0035]   Complete Via4 (guide).
[INFO DRT-0035]   Complete Metal5 (guide).
[INFO DRT-0035]   Complete TopVia1 (guide).
[INFO DRT-0035]   Complete TopMetal1 (guide).
[INFO DRT-0035]   Complete TopVia2 (guide).
[INFO DRT-0035]   Complete TopMetal2 (guide).
[INFO DRT-0036] GatPoly guide region query size = 0.
[INFO DRT-0036] Cont guide region query size = 0.
[INFO DRT-0036] Metal1 guide region query size = 645.
[INFO DRT-0036] Via1 guide region query size = 0.
[INFO DRT-0036] Metal2 guide region query size = 577.
[INFO DRT-0036] Via2 guide region query size = 0.
[INFO DRT-0036] Metal3 guide region query size = 285.
[INFO DRT-0036] Via3 guide region query size = 0.
[INFO DRT-0036] Metal4 guide region query size = 18.
[INFO DRT-0036] Via4 guide region query size = 0.
[INFO DRT-0036] Metal5 guide region query size = 6.
[INFO DRT-0036] TopVia1 guide region query size = 0.
[INFO DRT-0036] TopMetal1 guide region query size = 0.
[INFO DRT-0036] TopVia2 guide region query size = 0.
[INFO DRT-0036] TopMetal2 guide region query size = 0.
[INFO DRT-0179] Init gr pin query.
[INFO DRT-0267] cpu time = 00:00:00, elapsed time = 00:00:00, memory = 174.11 (MB), peak = 174.11 (MB)
[INFO DRT-0245] skipped writing guide updates to database.
[INFO DRT-0185] Post process initialize RPin region query.
[INFO DRT-0181] Start track assignment.
[INFO DRT-0184] Done with 595 vertical wires in 1 frboxes and 936 horizontal wires in 1 frboxes.
[INFO DRT-0186] Done with 240 vertical wires in 1 frboxes and 156 horizontal wires in 1 frboxes.
[INFO DRT-0182] Complete track assignment.
[INFO DRT-0267] cpu time = 00:00:01, elapsed time = 00:00:00, memory = 176.73 (MB), peak = 176.73 (MB)
[INFO DRT-0187] Start routing data preparation.
[INFO DRT-0267] cpu time = 00:00:00, elapsed time = 00:00:00, memory = 176.73 (MB), peak = 176.73 (MB)
[INFO DRT-0194] Start detail routing.
[INFO DRT-0195] Start 0th optimization iteration.
    Completing 20% with 0 violations.
    elapsed time = 00:00:01, memory = 187.75 (MB).
    Completing 50% with 19 violations.
    elapsed time = 00:00:07, memory = 199.06 (MB).
    Completing 70% with 94 violations.
    elapsed time = 00:00:08, memory = 199.06 (MB).
    Completing 100% with 114 violations.
    elapsed time = 00:00:09, memory = 220.81 (MB).
[INFO DRT-0199]   Number of violations = 154.
Viol/Layer      Metal1   Via1 Metal2 Metal3 Metal4
Cut Spacing          0      1      0      0      0
Metal Spacing        4      0     37      0      0
Recheck              5      0     18     14      3
Short                2      1     66      3      0
[INFO DRT-0267] cpu time = 00:00:19, elapsed time = 00:00:09, memory = 620.68 (MB), peak = 620.68 (MB)
Total wire length = 6116 um.
Total wire length on LAYER Metal1 = 0 um.
Total wire length on LAYER Metal2 = 3139 um.
Total wire length on LAYER Metal3 = 2555 um.
Total wire length on LAYER Metal4 = 314 um.
Total wire length on LAYER Metal5 = 108 um.
Total wire length on LAYER TopMetal1 = 0 um.
Total wire length on LAYER TopMetal2 = 0 um.
Total number of vias = 1564.
Up-via summary (total 1564):

------------------
   GatPoly       0
    Metal1     744
    Metal2     735
    Metal3      73
    Metal4      12
    Metal5       0
 TopMetal1       0
------------------
          1564


[INFO DRT-0195] Start 1st optimization iteration.
    Completing 10% with 154 violations.
    elapsed time = 00:00:00, memory = 622.56 (MB).
    Completing 30% with 154 violations.
    elapsed time = 00:00:00, memory = 623.81 (MB).
    Completing 50% with 154 violations.
    elapsed time = 00:00:04, memory = 623.81 (MB).
    Completing 60% with 128 violations.
    elapsed time = 00:00:04, memory = 629.18 (MB).
    Completing 80% with 128 violations.
    elapsed time = 00:00:04, memory = 633.81 (MB).
    Completing 100% with 55 violations.
    elapsed time = 00:00:07, memory = 658.57 (MB).
[INFO DRT-0199]   Number of violations = 55.
Viol/Layer      Metal2
Metal Spacing       19
Short               36
[INFO DRT-0267] cpu time = 00:00:15, elapsed time = 00:00:07, memory = 661.57 (MB), peak = 690.31 (MB)
Total wire length = 6058 um.
Total wire length on LAYER Metal1 = 0 um.
Total wire length on LAYER Metal2 = 3056 um.
Total wire length on LAYER Metal3 = 2534 um.
Total wire length on LAYER Metal4 = 357 um.
Total wire length on LAYER Metal5 = 110 um.
Total wire length on LAYER TopMetal1 = 0 um.
Total wire length on LAYER TopMetal2 = 0 um.
Total number of vias = 1544.
Up-via summary (total 1544):

------------------
   GatPoly       0
    Metal1     742
    Metal2     705
    Metal3      85
    Metal4      12
    Metal5       0
 TopMetal1       0
------------------
          1544


[INFO DRT-0195] Start 2nd optimization iteration.
    Completing 10% with 55 violations.
    elapsed time = 00:00:00, memory = 661.57 (MB).
    Completing 20% with 55 violations.
    elapsed time = 00:00:00, memory = 661.57 (MB).
    Completing 30% with 55 violations.
    elapsed time = 00:00:00, memory = 661.57 (MB).
    Completing 40% with 55 violations.
    elapsed time = 00:00:00, memory = 667.45 (MB).
    Completing 50% with 54 violations.
    elapsed time = 00:00:00, memory = 667.45 (MB).
    Completing 60% with 54 violations.
    elapsed time = 00:00:00, memory = 667.45 (MB).
    Completing 70% with 54 violations.
    elapsed time = 00:00:00, memory = 667.45 (MB).
    Completing 80% with 54 violations.
    elapsed time = 00:00:01, memory = 667.45 (MB).
    Completing 100% with 28 violations.
    elapsed time = 00:00:06, memory = 707.12 (MB).
[INFO DRT-0199]   Number of violations = 28.
Viol/Layer      Metal2 Metal3
Metal Spacing       10      1
Short               17      0
[INFO DRT-0267] cpu time = 00:00:13, elapsed time = 00:00:06, memory = 707.12 (MB), peak = 758.82 (MB)
Total wire length = 6082 um.
Total wire length on LAYER Metal1 = 0 um.
Total wire length on LAYER Metal2 = 3067 um.
Total wire length on LAYER Metal3 = 2531 um.
Total wire length on LAYER Metal4 = 368 um.
Total wire length on LAYER Metal5 = 115 um.
Total wire length on LAYER TopMetal1 = 0 um.
Total wire length on LAYER TopMetal2 = 0 um.
Total number of vias = 1565.
Up-via summary (total 1565):

------------------
   GatPoly       0
    Metal1     742
    Metal2     706
    Metal3     103
    Metal4      14
    Metal5       0
 TopMetal1       0
------------------
          1565


[INFO DRT-0195] Start 3rd optimization iteration.
    Completing 20% with 28 violations.
    elapsed time = 00:00:00, memory = 707.12 (MB).
    Completing 50% with 27 violations.
    elapsed time = 00:00:01, memory = 761.92 (MB).
    Completing 70% with 4 violations.
    elapsed time = 00:00:01, memory = 761.92 (MB).
    Completing 100% with 0 violations.
    elapsed time = 00:00:01, memory = 777.92 (MB).
[INFO DRT-0199]   Number of violations = 0.
[INFO DRT-0267] cpu time = 00:00:08, elapsed time = 00:00:01, memory = 777.92 (MB), peak = 777.92 (MB)
Total wire length = 6087 um.
Total wire length on LAYER Metal1 = 0 um.
Total wire length on LAYER Metal2 = 2987 um.
Total wire length on LAYER Metal3 = 2497 um.
Total wire length on LAYER Metal4 = 456 um.
Total wire length on LAYER Metal5 = 145 um.
Total wire length on LAYER TopMetal1 = 0 um.
Total wire length on LAYER TopMetal2 = 0 um.
Total number of vias = 1597.
Up-via summary (total 1597):

------------------
   GatPoly       0
    Metal1     742
    Metal2     711
    Metal3     122
    Metal4      22
    Metal5       0
 TopMetal1       0
------------------
          1597


[INFO DRT-0198] Complete detail routing.
Total wire length = 6087 um.
Total wire length on LAYER Metal1 = 0 um.
Total wire length on LAYER Metal2 = 2987 um.
Total wire length on LAYER Metal3 = 2497 um.
Total wire length on LAYER Metal4 = 456 um.
Total wire length on LAYER Metal5 = 145 um.
Total wire length on LAYER TopMetal1 = 0 um.
Total wire length on LAYER TopMetal2 = 0 um.
Total number of vias = 1597.
Up-via summary (total 1597):

------------------
   GatPoly       0
    Metal1     742
    Metal2     711
    Metal3     122
    Metal4      22
    Metal5       0
 TopMetal1       0
------------------
          1597


[INFO DRT-0267] cpu time = 00:00:58, elapsed time = 00:00:25, memory = 778.05 (MB), peak = 778.05 (MB)

[INFO DRT-0180] Post processing.
+ check_antennas 
[INFO ANT-0002] Found 0 net violations.
[INFO ANT-0001] Found 0 pin violations.
Setting global connections for newly added cells…
[INFO] Setting global connections...
Updating metrics…
Cell type report:                       Count       Area
  Clock buffer                              3      70.76
  Timing Repair Buffer                     65     869.10
  Inverter                                 15      85.28
  Clock inverter                            1       5.44
  Sequential cell                           9     442.71
  Multi-Input combinational cell          153    1422.49
  Total                                   246    2895.78
Writing OpenROAD database to '/home/designer/shared/Bioimpedance-ASIC-for-skin-cancer-detection/current_generator/digital/DigitalSine/runs/RUN_2025-12-14_12-03-08/44-openroad-detailedrouting/DigitalSine.odb'…
Writing netlist to '/home/designer/shared/Bioimpedance-ASIC-for-skin-cancer-detection/current_generator/digital/DigitalSine/runs/RUN_2025-12-14_12-03-08/44-openroad-detailedrouting/DigitalSine.nl.v'…
Writing powered netlist to '/home/designer/shared/Bioimpedance-ASIC-for-skin-cancer-detection/current_generator/digital/DigitalSine/runs/RUN_2025-12-14_12-03-08/44-openroad-detailedrouting/DigitalSine.pnl.v'…
Writing layout to '/home/designer/shared/Bioimpedance-ASIC-for-skin-cancer-detection/current_generator/digital/DigitalSine/runs/RUN_2025-12-14_12-03-08/44-openroad-detailedrouting/DigitalSine.def'…
Writing timing constraints to '/home/designer/shared/Bioimpedance-ASIC-for-skin-cancer-detection/current_generator/digital/DigitalSine/runs/RUN_2025-12-14_12-03-08/44-openroad-detailedrouting/DigitalSine.sdc'…
