
===========================================================================
report_checks -unconstrained
===========================================================================
======================= nom_fast_1p32V_m40C Corner ===================================

Startpoint: _285_ (rising edge-triggered flip-flop clocked by clk)
Endpoint: sine_out[2] (output port clocked by clk)
Path Group: clk
Path Type: max

Fanout         Cap        Slew       Delay        Time   Description
---------------------------------------------------------------------------------------------
                                  0.000000    0.000000   clock clk (rise edge)
                                  0.000000    0.000000   clock source latency
     1    0.016137    0.000000    0.000000    0.000000 ^ clk (in)
                                                         clk (net)
                      0.001754    0.000877    0.000877 ^ clkbuf_0_clk/A (sg13g2_buf_8)
     2    0.024491    0.016283    0.040112    0.040989 ^ clkbuf_0_clk/X (sg13g2_buf_8)
                                                         clknet_0_clk (net)
                      0.016319    0.001192    0.042181 ^ clkbuf_1_1__f_clk/A (sg13g2_buf_8)
     5    0.027163    0.017728    0.046135    0.088316 ^ clkbuf_1_1__f_clk/X (sg13g2_buf_8)
                                                         clknet_1_1__leaf_clk (net)
                      0.017850    0.001753    0.090069 ^ _285_/CLK (sg13g2_dfrbpq_1)
     1    0.009347    0.025649    0.119284    0.209354 v _285_/Q (sg13g2_dfrbpq_1)
                                                         DPATH.SUM.fa_1.A (net)
                      0.025655    0.000380    0.209733 v fanout70/A (sg13g2_buf_8)
     7    0.046110    0.021763    0.056989    0.266722 v fanout70/X (sg13g2_buf_8)
                                                         net70 (net)
                      0.022062    0.001973    0.268696 v fanout69/A (sg13g2_buf_8)
     8    0.044719    0.021265    0.055114    0.323810 v fanout69/X (sg13g2_buf_8)
                                                         net69 (net)
                      0.021781    0.002559    0.326369 v _193_/A1 (sg13g2_o21ai_1)
     5    0.020210    0.148660    0.133657    0.460026 ^ _193_/Y (sg13g2_o21ai_1)
                                                         _022_ (net)
                      0.148668    0.000900    0.460926 ^ _203_/B (sg13g2_nand2b_1)
     3    0.011794    0.070543    0.091634    0.552560 v _203_/Y (sg13g2_nand2b_1)
                                                         _032_ (net)
                      0.070550    0.000695    0.553255 v _237_/B (sg13g2_nand2b_1)
     2    0.009724    0.044116    0.052060    0.605315 ^ _237_/Y (sg13g2_nand2b_1)
                                                         _064_ (net)
                      0.044119    0.000276    0.605591 ^ _244_/C (sg13g2_nand3_1)
     1    0.004587    0.047662    0.061875    0.667466 v _244_/Y (sg13g2_nand3_1)
                                                         _071_ (net)
                      0.047663    0.000471    0.667936 v _248_/A2 (sg13g2_a221oi_1)
     1    0.004111    0.079979    0.103667    0.771603 ^ _248_/Y (sg13g2_a221oi_1)
                                                         _075_ (net)
                      0.079979    0.000295    0.771898 ^ _249_/A1 (sg13g2_mux2_1)
     1    0.003878    0.025612    0.078706    0.850604 ^ _249_/X (sg13g2_mux2_1)
                                                         _076_ (net)
                      0.025612    0.000155    0.850759 ^ _250_/B1 (sg13g2_o21ai_1)
     1    0.003604    0.029926    0.031675    0.882434 v _250_/Y (sg13g2_o21ai_1)
                                                         net14 (net)
                      0.029926    0.000240    0.882674 v output14/A (sg13g2_buf_1)
     1    0.011693    0.030714    0.058103    0.940777 v output14/X (sg13g2_buf_1)
                                                         sine_out[2] (net)
                      0.030724    0.000526    0.941302 v sine_out[2] (out)
                                              0.941302   data arrival time

                                  5.000000    5.000000   clock clk (rise edge)
                                  0.000000    5.000000   clock network delay (propagated)
                                 -0.150000    4.850000   clock uncertainty
                                  0.000000    4.850000   clock reconvergence pessimism
                                 -1.000000    3.850000   output external delay
                                              3.850000   data required time
---------------------------------------------------------------------------------------------
                                              3.850000   data required time
                                             -0.941302   data arrival time
---------------------------------------------------------------------------------------------
                                              2.908697   slack (MET)




===========================================================================
report_checks --slack_max -0.01
============================================================================
======================= nom_fast_1p32V_m40C Corner ===================================

No paths found.


===========================================================================
 report_check_types -max_slew -max_cap -max_fanout -violators
============================================================================
======================= nom_fast_1p32V_m40C Corner ===================================



===========================================================================
report_parasitic_annotation -report_unannotated
============================================================================
Found 1 unannotated drivers.
 clkload0/Y
Found 0 partially unannotated drivers.

===========================================================================
max slew violation count 0
max fanout violation count 0
max cap violation count 0
============================================================================

===========================================================================
check_setup -verbose -unconstrained_endpoints -multiple_clock -no_clock -no_input_delay -loops -generated_clocks
===========================================================================
