Clock: clk
Sources: clk 
Generated: no
Virtual: yes
Propagated: no
Period: 5.000000

===========================================================================
report_clock_properties
============================================================================
Clock                   Period          Waveform
----------------------------------------------------
clk                   5.000000    0.000000  2.500000

===========================================================================
report_clock_latency
============================================================================
Clock clk
rise -> rise
    min     max
0.000000 0.000000 source latency
0.089000         network latency _288_/CLK
        0.090069 network latency _285_/CLK
---------------
0.089000 0.090069 latency
        0.001069 skew

fall -> fall
    min     max
0.000000 0.000000 source latency
0.094162         network latency _288_/CLK
        0.095244 network latency _285_/CLK
---------------
0.094162 0.095244 latency
        0.001083 skew



===========================================================================
report_clock_min_period
============================================================================
clk period_min = 1.11 fmax = 897.81
