[WARNING ORD-0039] .openroad ignored with -python
Top-level design name: DigitalSine
Block boundaries: 0 0 91550 110270
Horizontal Tracks Origin: 420, Count: 262, Step: 420
Vertical Tracks Origin: 480, Count: 190, Step: 480
Placement details for the N side
Virtual pin count:  0
Actual pin count:  33
Total pin count:  33
Tracks count:  95
Tracks per pin:  2
Used tracks count:  65
Unused track count:  30
Starting track index:  15
Placement details for the E side
Virtual pin count:  0
Actual pin count:  4
Total pin count:  4
Tracks count:  131
Tracks per pin:  32
Used tracks count:  97
Unused track count:  34
Starting track index:  17
