Clock: clk
Sources: clk 
Generated: no
Virtual: yes
Propagated: no
Period: 5.000000

===========================================================================
report_clock_properties
============================================================================
Clock                   Period          Waveform
----------------------------------------------------
clk                   5.000000    0.000000  2.500000

===========================================================================
report_clock_latency
============================================================================
Clock clk
rise -> rise
    min     max
0.000000 0.000000 source latency
0.000221         network latency _289_/CLK
        0.000497 network latency _284_/CLK
---------------
0.000221 0.000497 latency
        0.000276 skew

fall -> fall
    min     max
0.000000 0.000000 source latency
0.000197         network latency _289_/CLK
        0.000441 network latency _284_/CLK
---------------
0.000197 0.000441 latency
        0.000244 skew



===========================================================================
report_clock_min_period
============================================================================
clk period_min = 1.43 fmax = 701.63
