Reading timing models for corner nom_typ_1p20V_25C…
Reading timing library for the 'nom_typ_1p20V_25C' corner at '/opt/pdks/ciel/ihp-sg13g2/versions/cb7daaa8901016cf7c5d272dfa322c41f024931f/ihp-sg13g2/libs.ref/sg13g2_stdcell/lib/sg13g2_stdcell_typ_1p20V_25C.lib'…
Reading OpenROAD database at '/home/designer/shared/Bioimpedance-ASIC-for-skin-cancer-detection/current_generator/digital/DigitalSine/runs/RUN_2025-12-14_12-30-34/26-odb-customioplacement/DigitalSine.odb'…
Reading design constraints file at '/home/designer/shared/Bioimpedance-ASIC-for-skin-cancer-detection/current_generator/digital/DigitalSine/cons.sdc'…
[WARNING STA-0441] set_input_delay relative to a clock defined on the same port/pin not allowed.
[WARNING STA-0441] set_input_delay relative to a clock defined on the same port/pin not allowed.
[WARNING STA-0441] set_input_delay relative to a clock defined on the same port/pin not allowed.
[WARNING STA-0441] set_input_delay relative to a clock defined on the same port/pin not allowed.
[INFO] No information on clock propagation in input SDC file-- propagating all clocks.
[INFO] Setting signal min routing layer to: Metal2 and clock min routing layer to Metal2. 
[INFO] Setting signal max routing layer to: TopMetal2 and clock max routing layer to TopMetal2. 
+ global_placement -density 0.74652 -timing_driven -routability_driven -pad_right 0 -pad_left 0 -init_wirelength_coef 0.25
[INFO GPL-0002] DBU: 1000
[INFO GPL-0003] SiteSize: (  0.480  3.780 ) um
[INFO GPL-0004] CoreBBox: (  5.760 15.120 ) ( 61.920 68.040 ) um
[INFO GPL-0006] Number of instances:               177
[INFO GPL-0007] Movable instances:                 177
[INFO GPL-0008] Fixed instances:                     0
[INFO GPL-0009] Dummy instances:                     0
[INFO GPL-0010] Number of nets:                    179
[INFO GPL-0011] Number of pins:                    634
[INFO GPL-0012] Die BBox:  (  0.000  0.000 ) ( 68.110 86.830 ) um
[INFO GPL-0013] Core BBox: (  5.760 15.120 ) ( 61.920 68.040 ) um
[INFO GPL-0016] Core area:                    2971.987 um^2
[INFO GPL-0017] Fixed instances area:            0.000 um^2
[INFO GPL-0018] Movable instances area:       1921.450 um^2
[INFO GPL-0019] Utilization:                    64.652 %
[INFO GPL-0020] Standard cells area:          1921.450 um^2
[INFO GPL-0021] Large instances area:            0.000 um^2
[InitialPlace]  Iter: 1 conjugate gradient residual: 0.00000007 HPWL: 5512810
[InitialPlace]  Iter: 2 conjugate gradient residual: 0.00000012 HPWL: 2454403
[InitialPlace]  Iter: 3 conjugate gradient residual: 0.00000012 HPWL: 2231944
[InitialPlace]  Iter: 4 conjugate gradient residual: 0.00000009 HPWL: 2225777
[InitialPlace]  Iter: 5 conjugate gradient residual: 0.00000007 HPWL: 2217958
[INFO GPL-0023] Placement target density:       0.7465
[INFO GPL-0024] Movable insts average area:     10.856 um^2
[INFO GPL-0025] Ideal bin area:                 14.542 um^2
[INFO GPL-0026] Ideal bin count:                   204
[INFO GPL-0027] Total bin area:               2971.987 um^2
[INFO GPL-0028] Bin count (X, Y):           8 ,      8
[INFO GPL-0029] Bin size (W * H):       7.020 *  6.615 um
[INFO GPL-0030] Number of bins:                     64
[INFO GPL-0031] HPWL: Half-Perimeter Wirelength
Iteration | Overflow |     HPWL (um) |  HPWL(%) |   Penalty | Group
---------------------------------------------------------------
        1 |   0.8397 |  1.798763e+06 |   +0.00% |  5.05e-14 |      
       10 |   0.7853 |  1.910093e+06 |   +6.19% |  7.83e-14 |      
[INFO GPL-0100] Timing-driven iteration 1/5, virtual: true.
[INFO GPL-0101]    Iter: 11, overflow: 0.784, keep resizer changes at: 0.3, HPWL: 1914199
Iteration |   Area    | Resized | Buffers | Nets repaired | Remaining
---------------------------------------------------------------------
        0 |     +0.0% |       0 |       0 |             0 |       179
    final |    +24.6% |      74 |      24 |             9 |         0
---------------------------------------------------------------------
[INFO RSZ-0035] Found 9 fanout violations.
[INFO RSZ-0039] Resized 74 instances.
[INFO RSZ-0038] Inserted 24 buffers in 9 nets.
[INFO GPL-0106] Timing-driven: worst slack 1.63e-09
Iteration | Overflow |     HPWL (um) |  HPWL(%) |   Penalty | Group
---------------------------------------------------------------
       20 |   0.7696 |  2.065377e+06 |   +8.13% |  1.28e-13 |      
       30 |   0.7616 |  2.039902e+06 |   -1.23% |  2.08e-13 |      
       40 |   0.7614 |  2.036827e+06 |   -0.15% |  3.38e-13 |      
       50 |   0.7703 |  2.030614e+06 |   -0.31% |  5.51e-13 |      
       60 |   0.7722 |  2.027811e+06 |   -0.14% |  8.98e-13 |      
       70 |   0.7695 |  2.030507e+06 |   +0.13% |  1.46e-12 |      
       80 |   0.7646 |  2.033301e+06 |   +0.14% |  2.38e-12 |      
       90 |   0.7618 |  2.035205e+06 |   +0.09% |  3.88e-12 |      
      100 |   0.7602 |  2.036954e+06 |   +0.09% |  6.32e-12 |      
      110 |   0.7573 |  2.040004e+06 |   +0.15% |  1.03e-11 |      
      120 |   0.7506 |  2.045965e+06 |   +0.29% |  1.68e-11 |      
      130 |   0.7403 |  2.055531e+06 |   +0.47% |  2.73e-11 |      
      140 |   0.7314 |  2.069894e+06 |   +0.70% |  4.45e-11 |      
      150 |   0.7253 |  2.091368e+06 |   +1.04% |  7.25e-11 |      
      160 |   0.7167 |  2.122649e+06 |   +1.50% |  1.18e-10 |      
      170 |   0.6931 |  2.166138e+06 |   +2.05% |  1.92e-10 |      
      180 |   0.6621 |  2.210708e+06 |   +2.06% |  3.13e-10 |      
      190 |   0.6508 |  2.261858e+06 |   +2.31% |  5.10e-10 |      
[INFO GPL-0100] Timing-driven iteration 2/5, virtual: true.
[INFO GPL-0101]    Iter: 196, overflow: 0.635, keep resizer changes at: 0.3, HPWL: 2306766
Iteration |   Area    | Resized | Buffers | Nets repaired | Remaining
---------------------------------------------------------------------
        0 |     +0.0% |       0 |       0 |             0 |       179
    final |    +26.2% |      82 |      27 |             9 |         0
---------------------------------------------------------------------
[INFO RSZ-0035] Found 9 fanout violations.
[INFO RSZ-0039] Resized 82 instances.
[INFO RSZ-0038] Inserted 27 buffers in 9 nets.
[INFO GPL-0106] Timing-driven: worst slack 1.5e-09
Iteration | Overflow |     HPWL (um) |  HPWL(%) |   Penalty | Group
---------------------------------------------------------------
      200 |   0.6204 |  2.287309e+06 |   +1.13% |  8.31e-10 |      
[INFO GPL-0088] Routability snapshot saved at iter = 203
      210 |   0.5914 |  2.357827e+06 |   +3.08% |  1.35e-09 |      
      220 |   0.5593 |  2.450131e+06 |   +3.91% |  2.21e-09 |      
      230 |   0.5233 |  2.464292e+06 |   +0.58% |  3.59e-09 |      
      240 |   0.5007 |  2.533815e+06 |   +2.82% |  5.85e-09 |      
      250 |   0.4540 |  2.627957e+06 |   +3.72% |  9.53e-09 |      
      260 |   0.3986 |  2.663801e+06 |   +1.36% |  1.55e-08 |      
      270 |   0.3402 |  2.704074e+06 |   +1.51% |  2.53e-08 |      
      280 |   0.3056 |  2.738318e+06 |   +1.27% |  3.73e-08 |      
[INFO GPL-0040] Routability iteration: 1
[INFO GPL-0041] Total routing overflow: 0.0000
[INFO GPL-0042] Number of overflowed tiles: 0 (0.00%)
[INFO GPL-0043] Average top 0.5% routing congestion: 0.9240
[INFO GPL-0044] Average top 1.0% routing congestion: 0.8708
[INFO GPL-0045] Average top 2.0% routing congestion: 0.8425
[INFO GPL-0046] Average top 5.0% routing congestion: 0.7591
[INFO GPL-0047] Routability iteration weighted routing congestion: 0.8974
[INFO GPL-0050] Weighted routing congestion is lower than target routing congestion(1.0100), end routability optimization.
[INFO GPL-0100] Timing-driven iteration 3/5, virtual: false.
[INFO GPL-0101]    Iter: 287, overflow: 0.281, keep resizer changes at: 0.3, HPWL: 2771785
Iteration |   Area    | Resized | Buffers | Nets repaired | Remaining
---------------------------------------------------------------------
        0 |     +0.0% |       0 |       0 |             0 |       179
    final |    +25.6% |      79 |      25 |             9 |         0
---------------------------------------------------------------------
[INFO RSZ-0035] Found 9 fanout violations.
[INFO RSZ-0039] Resized 79 instances.
[INFO RSZ-0038] Inserted 25 buffers in 9 nets.
[INFO GPL-0106] Timing-driven: worst slack 1.45e-09
[INFO GPL-0107] Timing-driven: repair_design delta area: 491.702 um^2 (+25.59%)
[INFO GPL-0108] Timing-driven: repair_design, gpl cells created: 25 (+0.00%)
[INFO GPL-0109] Timing-driven: inserted buffers as reported by repair_design: 25
[INFO GPL-0110] Timing-driven: new target density: 0.91196567
Iteration | Overflow |     HPWL (um) |  HPWL(%) |   Penalty | Group
---------------------------------------------------------------
      290 |   0.2976 |  2.051652e+06 |  -25.08% |  5.49e-08 |      
      300 |   0.2611 |  2.158010e+06 |   +5.18% |  8.09e-08 |      
      310 |   0.2391 |  2.188090e+06 |   +1.39% |  1.19e-07 |      
[INFO GPL-0100] Timing-driven iteration 4/5, virtual: false.
[INFO GPL-0101]    Iter: 318, overflow: 0.203, keep resizer changes at: 0.3, HPWL: 2218529
Iteration |   Area    | Resized | Buffers | Nets repaired | Remaining
---------------------------------------------------------------------
        0 |     +0.0% |       0 |       0 |             0 |       179
    final |     +0.5% |      50 |       0 |             0 |         0
---------------------------------------------------------------------
[INFO RSZ-0039] Resized 50 instances.
[INFO GPL-0106] Timing-driven: worst slack 1.44e-09
[INFO GPL-0107] Timing-driven: repair_design delta area: 10.886 um^2 (+0.45%)
[INFO GPL-0108] Timing-driven: repair_design, gpl cells created: 0 (+0.00%)
[INFO GPL-0109] Timing-driven: inserted buffers as reported by repair_design: 0
[INFO GPL-0110] Timing-driven: new target density: 0.9156287
Iteration | Overflow |     HPWL (um) |  HPWL(%) |   Penalty | Group
---------------------------------------------------------------
      320 |   0.1918 |  2.228694e+06 |   +1.86% |  1.75e-07 |      
      330 |   0.1670 |  2.234692e+06 |   +0.27% |  2.59e-07 |      
[INFO GPL-0100] Timing-driven iteration 5/5, virtual: false.
[INFO GPL-0101]    Iter: 335, overflow: 0.140, keep resizer changes at: 0.3, HPWL: 2263992
Iteration |   Area    | Resized | Buffers | Nets repaired | Remaining
---------------------------------------------------------------------
        0 |     +0.0% |       0 |       0 |             0 |       179
    final |     +0.1% |      49 |       0 |             0 |         0
---------------------------------------------------------------------
[INFO RSZ-0039] Resized 49 instances.
[INFO GPL-0106] Timing-driven: worst slack 1.45e-09
[INFO GPL-0107] Timing-driven: repair_design delta area: 3.629 um^2 (+0.15%)
[INFO GPL-0108] Timing-driven: repair_design, gpl cells created: 0 (+0.00%)
[INFO GPL-0109] Timing-driven: inserted buffers as reported by repair_design: 0
[INFO GPL-0110] Timing-driven: new target density: 0.9168497
Iteration | Overflow |     HPWL (um) |  HPWL(%) |   Penalty | Group
---------------------------------------------------------------
      340 |   0.1208 |  2.288380e+06 |   +2.40% |  3.81e-07 |      
      350 |   0.1021 |  2.304802e+06 |   +0.72% |  5.61e-07 |      
[INFO GPL-1001] Finished with Overflow: 0.098352
[INFO GPL-1002] Placed Cell Area             2427.6672
[INFO GPL-1003] Available Free Area          2971.9872
[INFO GPL-1004] Minimum Feasible Density        0.8168 (cell_area / free_area)
[INFO GPL-1006]   Suggested Target Densities:
[INFO GPL-1007]     - For 90% usage of free space: 0.9076
[INFO GPL-1008]     - For 80% usage of free space: 1.0211
[INFO GPL-1009]     - For 50% usage of free space: 1.6337
Setting global connections for newly added cells…
[INFO] Setting global connections...
Updating metrics…
Cell type report:                       Count       Area
  Timing Repair Buffer                     25     308.45
  Inverter                                 15      97.98
  Sequential cell                           9     444.53
  Multi-Input combinational cell          153    1576.71
  Total                                   202    2427.67
Writing OpenROAD database to '/home/designer/shared/Bioimpedance-ASIC-for-skin-cancer-detection/current_generator/digital/DigitalSine/runs/RUN_2025-12-14_12-30-34/28-openroad-globalplacement/DigitalSine.odb'…
Writing netlist to '/home/designer/shared/Bioimpedance-ASIC-for-skin-cancer-detection/current_generator/digital/DigitalSine/runs/RUN_2025-12-14_12-30-34/28-openroad-globalplacement/DigitalSine.nl.v'…
Writing powered netlist to '/home/designer/shared/Bioimpedance-ASIC-for-skin-cancer-detection/current_generator/digital/DigitalSine/runs/RUN_2025-12-14_12-30-34/28-openroad-globalplacement/DigitalSine.pnl.v'…
Writing layout to '/home/designer/shared/Bioimpedance-ASIC-for-skin-cancer-detection/current_generator/digital/DigitalSine/runs/RUN_2025-12-14_12-30-34/28-openroad-globalplacement/DigitalSine.def'…
Writing timing constraints to '/home/designer/shared/Bioimpedance-ASIC-for-skin-cancer-detection/current_generator/digital/DigitalSine/runs/RUN_2025-12-14_12-30-34/28-openroad-globalplacement/DigitalSine.sdc'…
