Clock: clk
Sources: clk 
Generated: no
Virtual: yes
Propagated: no
Period: 25.000000

===========================================================================
report_clock_properties
============================================================================
Clock                   Period          Waveform
----------------------------------------------------
clk                  25.000000    0.000000 12.500000

===========================================================================
report_clock_latency
============================================================================
Clock clk
rise -> rise
    min     max
0.000000 0.000000 source latency
0.149964         network latency _296_/CLK
        0.152002 network latency _293_/CLK
---------------
0.149964 0.152002 latency
        0.002038 skew

fall -> fall
    min     max
0.000000 0.000000 source latency
0.156525         network latency _296_/CLK
        0.158253 network latency _293_/CLK
---------------
0.156525 0.158253 latency
        0.001728 skew



===========================================================================
report_clock_min_period
============================================================================
clk period_min = 2.36 fmax = 424.57
