Clock: clk
Sources: clk 
Generated: no
Virtual: yes
Propagated: no
Period: 5.000000

===========================================================================
report_clock_properties
============================================================================
Clock                   Period          Waveform
----------------------------------------------------
clk                   5.000000    0.000000  2.500000

===========================================================================
report_clock_latency
============================================================================
Clock clk
rise -> rise
    min     max
0.000000 0.000000 source latency
0.123517         network latency _293_/CLK
        0.124405 network latency _296_/CLK
---------------
0.123517 0.124405 latency
        0.000889 skew

fall -> fall
    min     max
0.000000 0.000000 source latency
0.135181         network latency _293_/CLK
        0.136099 network latency _296_/CLK
---------------
0.135181 0.136099 latency
        0.000919 skew



===========================================================================
report_clock_min_period
============================================================================
clk period_min = 1.82 fmax = 549.69
