Clock: clk
Sources: clk 
Generated: no
Virtual: yes
Propagated: no
Period: 5.000000

===========================================================================
report_clock_properties
============================================================================
Clock                   Period          Waveform
----------------------------------------------------
clk                   5.000000    0.000000  2.500000

===========================================================================
report_clock_latency
============================================================================
Clock clk
rise -> rise
    min     max
0.000000 0.000000 source latency
0.118836         network latency _290_/CLK
        0.119455 network latency _284_/CLK
---------------
0.118836 0.119455 latency
        0.000620 skew

fall -> fall
    min     max
0.000000 0.000000 source latency
0.130886         network latency _290_/CLK
        0.131327 network latency _284_/CLK
---------------
0.130886 0.131327 latency
        0.000441 skew



===========================================================================
report_clock_min_period
============================================================================
clk period_min = 1.46 fmax = 682.79
