Reading timing models for corner nom_typ_1p20V_25C…
Reading timing library for the 'nom_typ_1p20V_25C' corner at '/opt/pdks/ciel/ihp-sg13g2/versions/cb7daaa8901016cf7c5d272dfa322c41f024931f/ihp-sg13g2/libs.ref/sg13g2_stdcell/lib/sg13g2_stdcell_typ_1p20V_25C.lib'…
Reading OpenROAD database at '/home/designer/shared/BASIC/current_generator/digital/DigitalSine/runs/RUN_2025-12-15_17-28-23/26-odb-customioplacement/DigitalSine.odb'…
Reading design constraints file at '/home/designer/shared/BASIC/current_generator/digital/DigitalSine/cons.sdc'…
[WARNING STA-0441] set_input_delay relative to a clock defined on the same port/pin not allowed.
[WARNING STA-0441] set_input_delay relative to a clock defined on the same port/pin not allowed.
[WARNING STA-0441] set_input_delay relative to a clock defined on the same port/pin not allowed.
[WARNING STA-0441] set_input_delay relative to a clock defined on the same port/pin not allowed.
[INFO] No information on clock propagation in input SDC file-- propagating all clocks.
[INFO] Setting signal min routing layer to: Metal2 and clock min routing layer to Metal2. 
[INFO] Setting signal max routing layer to: TopMetal2 and clock max routing layer to TopMetal2. 
+ global_placement -density 0.6932769999999999 -timing_driven -routability_driven -pad_right 0 -pad_left 0 -init_wirelength_coef 0.25
[INFO GPL-0002] DBU: 1000
[INFO GPL-0003] SiteSize: (  0.480  3.780 ) um
[INFO GPL-0004] CoreBBox: (  5.760 15.120 ) ( 62.880 71.820 ) um
[INFO GPL-0006] Number of instances:               177
[INFO GPL-0007] Movable instances:                 177
[INFO GPL-0008] Fixed instances:                     0
[INFO GPL-0009] Dummy instances:                     0
[INFO GPL-0010] Number of nets:                    179
[INFO GPL-0011] Number of pins:                    634
[INFO GPL-0012] Die BBox:  (  0.000  0.000 ) ( 69.075 87.795 ) um
[INFO GPL-0013] Core BBox: (  5.760 15.120 ) ( 62.880 71.820 ) um
[INFO GPL-0016] Core area:                    3238.704 um^2
[INFO GPL-0017] Fixed instances area:            0.000 um^2
[INFO GPL-0018] Movable instances area:       1921.450 um^2
[INFO GPL-0019] Utilization:                    59.328 %
[INFO GPL-0020] Standard cells area:          1921.450 um^2
[INFO GPL-0021] Large instances area:            0.000 um^2
[InitialPlace]  Iter: 1 conjugate gradient residual: 0.00000009 HPWL: 5548265
[InitialPlace]  Iter: 2 conjugate gradient residual: 0.00000009 HPWL: 2444777
[InitialPlace]  Iter: 3 conjugate gradient residual: 0.00000012 HPWL: 2235711
[InitialPlace]  Iter: 4 conjugate gradient residual: 0.00000012 HPWL: 2228902
[InitialPlace]  Iter: 5 conjugate gradient residual: 0.00000007 HPWL: 2221829
[INFO GPL-0023] Placement target density:       0.6933
[INFO GPL-0024] Movable insts average area:     10.856 um^2
[INFO GPL-0025] Ideal bin area:                 15.658 um^2
[INFO GPL-0026] Ideal bin count:                   206
[INFO GPL-0027] Total bin area:               3238.704 um^2
[INFO GPL-0028] Bin count (X, Y):           8 ,      8
[INFO GPL-0029] Bin size (W * H):       7.140 *  7.088 um
[INFO GPL-0030] Number of bins:                     64
[INFO GPL-0031] HPWL: Half-Perimeter Wirelength
Iteration | Overflow |     HPWL (um) |  HPWL(%) |   Penalty | Group
---------------------------------------------------------------
        1 |   0.8438 |  1.703629e+06 |   +0.00% |  4.73e-14 |      
[INFO GPL-0100] Timing-driven iteration 1/5, virtual: true.
[INFO GPL-0101]    Iter: 9, overflow: 0.785, keep resizer changes at: 0.3, HPWL: 1841265
Iteration |   Area    | Resized | Buffers | Nets repaired | Remaining
---------------------------------------------------------------------
        0 |     +0.0% |       0 |       0 |             0 |       179
    final |    +24.7% |      76 |      23 |             9 |         0
---------------------------------------------------------------------
[INFO RSZ-0035] Found 9 fanout violations.
[INFO RSZ-0039] Resized 76 instances.
[INFO RSZ-0038] Inserted 23 buffers in 9 nets.
[INFO GPL-0106] Timing-driven: worst slack 2.63e-09
Iteration | Overflow |     HPWL (um) |  HPWL(%) |   Penalty | Group
---------------------------------------------------------------
       10 |   0.7836 |  1.845592e+06 |   +8.33% |  7.34e-14 |      
       20 |   0.7692 |  1.989398e+06 |   +7.79% |  1.20e-13 |      
       30 |   0.7579 |  1.974890e+06 |   -0.73% |  1.95e-13 |      
       40 |   0.7569 |  1.976127e+06 |   +0.06% |  3.17e-13 |      
       50 |   0.7616 |  1.971035e+06 |   -0.26% |  5.17e-13 |      
       60 |   0.7644 |  1.967877e+06 |   -0.16% |  8.42e-13 |      
       70 |   0.7649 |  1.969514e+06 |   +0.08% |  1.37e-12 |      
       80 |   0.7616 |  1.971777e+06 |   +0.11% |  2.23e-12 |      
       90 |   0.7590 |  1.974044e+06 |   +0.11% |  3.64e-12 |      
      100 |   0.7571 |  1.976192e+06 |   +0.11% |  5.93e-12 |      
      110 |   0.7540 |  1.979146e+06 |   +0.15% |  9.66e-12 |      
      120 |   0.7477 |  1.984482e+06 |   +0.27% |  1.57e-11 |      
      130 |   0.7403 |  1.993318e+06 |   +0.45% |  2.56e-11 |      
      140 |   0.7322 |  2.007070e+06 |   +0.69% |  4.17e-11 |      
      150 |   0.7253 |  2.027858e+06 |   +1.04% |  6.80e-11 |      
      160 |   0.7170 |  2.058316e+06 |   +1.50% |  1.11e-10 |      
      170 |   0.6979 |  2.101987e+06 |   +2.12% |  1.80e-10 |      
      180 |   0.6630 |  2.147991e+06 |   +2.19% |  2.94e-10 |      
      190 |   0.6486 |  2.195857e+06 |   +2.23% |  4.79e-10 |      
[INFO GPL-0100] Timing-driven iteration 2/5, virtual: true.
[INFO GPL-0101]    Iter: 199, overflow: 0.632, keep resizer changes at: 0.3, HPWL: 2262287
Iteration |   Area    | Resized | Buffers | Nets repaired | Remaining
---------------------------------------------------------------------
        0 |     +0.0% |       0 |       0 |             0 |       179
    final |    +26.8% |      82 |      28 |             9 |         0
---------------------------------------------------------------------
[INFO RSZ-0035] Found 9 fanout violations.
[INFO RSZ-0039] Resized 82 instances.
[INFO RSZ-0038] Inserted 28 buffers in 9 nets.
[INFO GPL-0106] Timing-driven: worst slack 2.5e-09
Iteration | Overflow |     HPWL (um) |  HPWL(%) |   Penalty | Group
---------------------------------------------------------------
      200 |   0.6275 |  2.270876e+06 |   +3.42% |  7.80e-10 |      
[INFO GPL-0088] Routability snapshot saved at iter = 206
      210 |   0.6006 |  2.298434e+06 |   +1.21% |  1.27e-09 |      
      220 |   0.5728 |  2.406556e+06 |   +4.70% |  2.07e-09 |      
      230 |   0.5324 |  2.437884e+06 |   +1.30% |  3.37e-09 |      
      240 |   0.4953 |  2.492481e+06 |   +2.24% |  5.49e-09 |      
      250 |   0.4616 |  2.580054e+06 |   +3.51% |  8.94e-09 |      
      260 |   0.4041 |  2.657635e+06 |   +3.01% |  1.46e-08 |      
      270 |   0.3567 |  2.695581e+06 |   +1.43% |  2.37e-08 |      
      280 |   0.3163 |  2.758163e+06 |   +2.32% |  3.60e-08 |      
[INFO GPL-0040] Routability iteration: 1
[INFO GPL-0041] Total routing overflow: 0.0000
[INFO GPL-0042] Number of overflowed tiles: 0 (0.00%)
[INFO GPL-0043] Average top 0.5% routing congestion: 0.9568
[INFO GPL-0044] Average top 1.0% routing congestion: 0.8966
[INFO GPL-0045] Average top 2.0% routing congestion: 0.8481
[INFO GPL-0046] Average top 5.0% routing congestion: 0.7460
[INFO GPL-0047] Routability iteration weighted routing congestion: 0.9267
[INFO GPL-0050] Weighted routing congestion is lower than target routing congestion(1.0100), end routability optimization.
[INFO GPL-0100] Timing-driven iteration 3/5, virtual: false.
[INFO GPL-0101]    Iter: 289, overflow: 0.281, keep resizer changes at: 0.3, HPWL: 2793894
Iteration |   Area    | Resized | Buffers | Nets repaired | Remaining
---------------------------------------------------------------------
        0 |     +0.0% |       0 |       0 |             0 |       179
    final |    +26.4% |      80 |      26 |             9 |         0
---------------------------------------------------------------------
[INFO RSZ-0035] Found 9 fanout violations.
[INFO RSZ-0039] Resized 80 instances.
[INFO RSZ-0038] Inserted 26 buffers in 9 nets.
[INFO GPL-0106] Timing-driven: worst slack 2.61e-09
[INFO GPL-0107] Timing-driven: repair_design delta area: 508.032 um^2 (+26.44%)
[INFO GPL-0108] Timing-driven: repair_design, gpl cells created: 26 (+0.00%)
[INFO GPL-0109] Timing-driven: inserted buffers as reported by repair_design: 26
[INFO GPL-0110] Timing-driven: new target density: 0.85013974
Iteration | Overflow |     HPWL (um) |  HPWL(%) |   Penalty | Group
---------------------------------------------------------------
      290 |   0.2992 |  2.273985e+06 |  -17.55% |  5.31e-08 |      
      300 |   0.2845 |  2.226965e+06 |   -2.07% |  7.82e-08 |      
      310 |   0.2228 |  2.223636e+06 |   -0.15% |  1.15e-07 |      
      320 |   0.2045 |  2.260199e+06 |   +1.64% |  1.70e-07 |      
[INFO GPL-0100] Timing-driven iteration 4/5, virtual: false.
[INFO GPL-0101]    Iter: 320, overflow: 0.205, keep resizer changes at: 0.3, HPWL: 2260199
Iteration |   Area    | Resized | Buffers | Nets repaired | Remaining
---------------------------------------------------------------------
        0 |     +0.0% |       0 |       0 |             0 |       179
    final |     +0.4% |      49 |       0 |             0 |         0
---------------------------------------------------------------------
[INFO RSZ-0039] Resized 49 instances.
[INFO GPL-0106] Timing-driven: worst slack 2.6e-09
[INFO GPL-0107] Timing-driven: repair_design delta area: 10.886 um^2 (+0.45%)
[INFO GPL-0108] Timing-driven: repair_design, gpl cells created: 0 (+0.00%)
[INFO GPL-0109] Timing-driven: inserted buffers as reported by repair_design: 0
[INFO GPL-0110] Timing-driven: new target density: 0.8535011
Iteration | Overflow |     HPWL (um) |  HPWL(%) |   Penalty | Group
---------------------------------------------------------------
      330 |   0.1665 |  2.294626e+06 |   +1.52% |  2.50e-07 |      
[INFO GPL-0100] Timing-driven iteration 5/5, virtual: false.
[INFO GPL-0101]    Iter: 336, overflow: 0.142, keep resizer changes at: 0.3, HPWL: 2312366
Iteration |   Area    | Resized | Buffers | Nets repaired | Remaining
---------------------------------------------------------------------
        0 |     +0.0% |       0 |       0 |             0 |       179
    final |     -0.3% |      49 |       0 |             0 |         0
---------------------------------------------------------------------
[INFO RSZ-0039] Resized 49 instances.
[INFO GPL-0106] Timing-driven: worst slack 2.6e-09
[INFO GPL-0107] Timing-driven: repair_design delta area: -7.258 um^2 (-0.30%)
[INFO GPL-0108] Timing-driven: repair_design, gpl cells created: 0 (+0.00%)
[INFO GPL-0109] Timing-driven: inserted buffers as reported by repair_design: 0
[INFO GPL-0110] Timing-driven: new target density: 0.8512602
Iteration | Overflow |     HPWL (um) |  HPWL(%) |   Penalty | Group
---------------------------------------------------------------
      340 |   0.1358 |  2.324787e+06 |   +1.31% |  3.68e-07 |      
      350 |   0.1053 |  2.446071e+06 |   +5.22% |  5.42e-07 |      
[INFO GPL-1001] Finished with Overflow: 0.098720
[INFO GPL-1002] Placed Cell Area             2433.1104
[INFO GPL-1003] Available Free Area          3238.7040
[INFO GPL-1004] Minimum Feasible Density        0.7513 (cell_area / free_area)
[INFO GPL-1006]   Suggested Target Densities:
[INFO GPL-1007]     - For 90% usage of free space: 0.8347
[INFO GPL-1008]     - For 80% usage of free space: 0.9391
[INFO GPL-1009]     - For 50% usage of free space: 1.5025
Setting global connections for newly added cells…
[INFO] Setting global connections...
Updating metrics…
Cell type report:                       Count       Area
  Timing Repair Buffer                     26     324.78
  Inverter                                 15      97.98
  Sequential cell                           9     442.71
  Multi-Input combinational cell          153    1567.64
  Total                                   203    2433.11
Writing OpenROAD database to '/home/designer/shared/BASIC/current_generator/digital/DigitalSine/runs/RUN_2025-12-15_17-28-23/28-openroad-globalplacement/DigitalSine.odb'…
Writing netlist to '/home/designer/shared/BASIC/current_generator/digital/DigitalSine/runs/RUN_2025-12-15_17-28-23/28-openroad-globalplacement/DigitalSine.nl.v'…
Writing powered netlist to '/home/designer/shared/BASIC/current_generator/digital/DigitalSine/runs/RUN_2025-12-15_17-28-23/28-openroad-globalplacement/DigitalSine.pnl.v'…
Writing layout to '/home/designer/shared/BASIC/current_generator/digital/DigitalSine/runs/RUN_2025-12-15_17-28-23/28-openroad-globalplacement/DigitalSine.def'…
Writing timing constraints to '/home/designer/shared/BASIC/current_generator/digital/DigitalSine/runs/RUN_2025-12-15_17-28-23/28-openroad-globalplacement/DigitalSine.sdc'…
