+ analyze_power_grid -net DVDD -voltage_file /home/designer/shared/BASIC/current_generator/digital/DigitalSine/runs/RUN_2026-03-06_21-23-06/56-openroad-irdropreport/net-DVDD.csv
[INFO PSM-0040] All shapes on net DVDD are connected.
########## IR report #################
Net              : DVDD
Corner           : nom_typ_1p20V_25C
Supply voltage   : 1.20e+00 V
Worstcase voltage: 1.20e+00 V
Average voltage  : 1.20e+00 V
Average IR drop  : 2.14e-04 V
Worstcase IR drop: 3.80e-04 V
Percentage drop  : 0.03 %
######################################
+ analyze_power_grid -net DVSS -voltage_file /home/designer/shared/BASIC/current_generator/digital/DigitalSine/runs/RUN_2026-03-06_21-23-06/56-openroad-irdropreport/net-DVSS.csv
[INFO PSM-0040] All shapes on net DVSS are connected.
########## IR report #################
Net              : DVSS
Corner           : nom_typ_1p20V_25C
Supply voltage   : 0.00e+00 V
Worstcase voltage: 5.48e-04 V
Average voltage  : 1.94e-04 V
Average IR drop  : 1.94e-04 V
Worstcase IR drop: 5.48e-04 V
Percentage drop  : 0.05 %
######################################
