Reading timing models for corner nom_typ_1p20V_25C…
Reading timing library for the 'nom_typ_1p20V_25C' corner at '/opt/pdks/ciel/ihp-sg13g2/versions/cb7daaa8901016cf7c5d272dfa322c41f024931f/ihp-sg13g2/libs.ref/sg13g2_stdcell/lib/sg13g2_stdcell_typ_1p20V_25C.lib'…
Reading OpenROAD database at '/home/designer/shared/BASIC/current_generator/digital/DigitalSine/runs/RUN_2026-03-06_21-23-06/53-odb-cellfrequencytables/DigitalSine.odb'…
Reading design constraints file at '/home/designer/shared/BASIC/current_generator/digital/DigitalSine/cons.sdc'…
[WARNING STA-0441] set_input_delay relative to a clock defined on the same port/pin not allowed.
[WARNING STA-0441] set_input_delay relative to a clock defined on the same port/pin not allowed.
[WARNING STA-0441] set_input_delay relative to a clock defined on the same port/pin not allowed.
[WARNING STA-0441] set_input_delay relative to a clock defined on the same port/pin not allowed.
[INFO] No information on clock propagation in input SDC file-- propagating all clocks.
[INFO] Using voltage extracted from lib (1.2V) for power nets and 0V for ground nets…
%OL_CREATE_REPORT irdrop.rpt
+ analyze_power_grid -net DVDD -voltage_file /home/designer/shared/BASIC/current_generator/digital/DigitalSine/runs/RUN_2026-03-06_21-23-06/56-openroad-irdropreport/net-DVDD.csv
[INFO PSM-0040] All shapes on net DVDD are connected.
########## IR report #################
Net              : DVDD
Corner           : nom_typ_1p20V_25C
Supply voltage   : 1.20e+00 V
Worstcase voltage: 1.20e+00 V
Average voltage  : 1.20e+00 V
Average IR drop  : 2.14e-04 V
Worstcase IR drop: 3.80e-04 V
Percentage drop  : 0.03 %
######################################
+ analyze_power_grid -net DVSS -voltage_file /home/designer/shared/BASIC/current_generator/digital/DigitalSine/runs/RUN_2026-03-06_21-23-06/56-openroad-irdropreport/net-DVSS.csv
[INFO PSM-0040] All shapes on net DVSS are connected.
########## IR report #################
Net              : DVSS
Corner           : nom_typ_1p20V_25C
Supply voltage   : 0.00e+00 V
Worstcase voltage: 5.48e-04 V
Average voltage  : 1.94e-04 V
Average IR drop  : 1.94e-04 V
Worstcase IR drop: 5.48e-04 V
Percentage drop  : 0.05 %
######################################
%OL_END_REPORT
