Reading timing models for corner nom_typ_1p20V_25C…
Reading timing library for the 'nom_typ_1p20V_25C' corner at '/opt/pdks/ciel/ihp-sg13g2/versions/cb7daaa8901016cf7c5d272dfa322c41f024931f/ihp-sg13g2/libs.ref/sg13g2_stdcell/lib/sg13g2_stdcell_typ_1p20V_25C.lib'…
Reading OpenROAD database at '/home/designer/shared/Bioimpedance-ASIC-for-skin-cancer-detection/current_generator/digital/DigitalSine/runs/RUN_2025-12-14_12-03-08/26-odb-customioplacement/DigitalSine.odb'…
Reading design constraints file at '/home/designer/shared/Bioimpedance-ASIC-for-skin-cancer-detection/current_generator/digital/DigitalSine/cons.sdc'…
[WARNING STA-0441] set_input_delay relative to a clock defined on the same port/pin not allowed.
[WARNING STA-0441] set_input_delay relative to a clock defined on the same port/pin not allowed.
[WARNING STA-0441] set_input_delay relative to a clock defined on the same port/pin not allowed.
[WARNING STA-0441] set_input_delay relative to a clock defined on the same port/pin not allowed.
[INFO] No information on clock propagation in input SDC file-- propagating all clocks.
[INFO] Setting signal min routing layer to: Metal2 and clock min routing layer to Metal2. 
[INFO] Setting signal max routing layer to: TopMetal2 and clock max routing layer to TopMetal2. 
+ global_placement -density 0.6739839999999999 -timing_driven -routability_driven -pad_right 0 -pad_left 0 -init_wirelength_coef 0.25
[INFO GPL-0002] DBU: 1000
[INFO GPL-0003] SiteSize: (  0.480  3.780 ) um
[INFO GPL-0004] CoreBBox: (  5.760 15.120 ) ( 64.800 71.820 ) um
[INFO GPL-0006] Number of instances:               177
[INFO GPL-0007] Movable instances:                 177
[INFO GPL-0008] Fixed instances:                     0
[INFO GPL-0009] Dummy instances:                     0
[INFO GPL-0010] Number of nets:                    179
[INFO GPL-0011] Number of pins:                    634
[INFO GPL-0012] Die BBox:  (  0.000  0.000 ) ( 70.625 89.345 ) um
[INFO GPL-0013] Core BBox: (  5.760 15.120 ) ( 64.800 71.820 ) um
[INFO GPL-0016] Core area:                    3347.568 um^2
[INFO GPL-0017] Fixed instances area:            0.000 um^2
[INFO GPL-0018] Movable instances area:       1921.450 um^2
[INFO GPL-0019] Utilization:                    57.398 %
[INFO GPL-0020] Standard cells area:          1921.450 um^2
[INFO GPL-0021] Large instances area:            0.000 um^2
[InitialPlace]  Iter: 1 conjugate gradient residual: 0.00000011 HPWL: 5639235
[InitialPlace]  Iter: 2 conjugate gradient residual: 0.00000011 HPWL: 2461454
[InitialPlace]  Iter: 3 conjugate gradient residual: 0.00000010 HPWL: 2239793
[InitialPlace]  Iter: 4 conjugate gradient residual: 0.00000010 HPWL: 2233146
[InitialPlace]  Iter: 5 conjugate gradient residual: 0.00000012 HPWL: 2224803
[INFO GPL-0023] Placement target density:       0.6740
[INFO GPL-0024] Movable insts average area:     10.856 um^2
[INFO GPL-0025] Ideal bin area:                 16.107 um^2
[INFO GPL-0026] Ideal bin count:                   207
[INFO GPL-0027] Total bin area:               3347.568 um^2
[INFO GPL-0028] Bin count (X, Y):           8 ,      8
[INFO GPL-0029] Bin size (W * H):       7.380 *  7.088 um
[INFO GPL-0030] Number of bins:                     64
[INFO GPL-0031] HPWL: Half-Perimeter Wirelength
Iteration | Overflow |     HPWL (um) |  HPWL(%) |   Penalty | Group
---------------------------------------------------------------
        1 |   0.8452 |  1.760290e+06 |   +0.00% |  4.72e-14 |      
       10 |   0.7883 |  1.895152e+06 |   +7.66% |  7.33e-14 |      
[INFO GPL-0100] Timing-driven iteration 1/5, virtual: true.
[INFO GPL-0101]    Iter: 13, overflow: 0.785, keep resizer changes at: 0.3, HPWL: 1904782
Iteration |   Area    | Resized | Buffers | Nets repaired | Remaining
---------------------------------------------------------------------
        0 |     +0.0% |       0 |       0 |             0 |       179
    final |    +25.0% |      75 |      24 |             9 |         0
---------------------------------------------------------------------
[INFO RSZ-0035] Found 9 fanout violations.
[INFO RSZ-0039] Resized 75 instances.
[INFO RSZ-0038] Inserted 24 buffers in 9 nets.
[INFO GPL-0106] Timing-driven: worst slack 1.58e-09
Iteration | Overflow |     HPWL (um) |  HPWL(%) |   Penalty | Group
---------------------------------------------------------------
       20 |   0.7675 |  2.009630e+06 |   +6.04% |  1.19e-13 |      
       30 |   0.7622 |  1.993717e+06 |   -0.79% |  1.94e-13 |      
       40 |   0.7660 |  1.987076e+06 |   -0.33% |  3.17e-13 |      
       50 |   0.7751 |  1.981433e+06 |   -0.28% |  5.16e-13 |      
       60 |   0.7786 |  1.979315e+06 |   -0.11% |  8.40e-13 |      
       70 |   0.7772 |  1.979426e+06 |   +0.01% |  1.37e-12 |      
       80 |   0.7728 |  1.982786e+06 |   +0.17% |  2.23e-12 |      
       90 |   0.7686 |  1.985680e+06 |   +0.15% |  3.63e-12 |      
      100 |   0.7652 |  1.987789e+06 |   +0.11% |  5.91e-12 |      
      110 |   0.7619 |  1.990500e+06 |   +0.14% |  9.63e-12 |      
      120 |   0.7556 |  1.995487e+06 |   +0.25% |  1.57e-11 |      
      130 |   0.7488 |  2.004116e+06 |   +0.43% |  2.56e-11 |      
      140 |   0.7438 |  2.018103e+06 |   +0.70% |  4.16e-11 |      
      150 |   0.7382 |  2.039804e+06 |   +1.08% |  6.78e-11 |      
      160 |   0.7285 |  2.072615e+06 |   +1.61% |  1.10e-10 |      
      170 |   0.7070 |  2.118547e+06 |   +2.22% |  1.80e-10 |      
      180 |   0.6775 |  2.168451e+06 |   +2.36% |  2.93e-10 |      
      190 |   0.6673 |  2.223900e+06 |   +2.56% |  4.77e-10 |      
      200 |   0.6342 |  2.301249e+06 |   +3.48% |  7.78e-10 |      
[INFO GPL-0100] Timing-driven iteration 2/5, virtual: true.
[INFO GPL-0101]    Iter: 200, overflow: 0.634, keep resizer changes at: 0.3, HPWL: 2301249
Iteration |   Area    | Resized | Buffers | Nets repaired | Remaining
---------------------------------------------------------------------
        0 |     +0.0% |       0 |       0 |             0 |       179
    final |    +26.1% |      78 |      28 |             9 |         0
---------------------------------------------------------------------
[INFO RSZ-0035] Found 9 fanout violations.
[INFO RSZ-0039] Resized 78 instances.
[INFO RSZ-0038] Inserted 28 buffers in 9 nets.
[INFO GPL-0106] Timing-driven: worst slack 1.45e-09
Iteration | Overflow |     HPWL (um) |  HPWL(%) |   Penalty | Group
---------------------------------------------------------------
      210 |   0.6174 |  2.402080e+06 |   +4.38% |  1.27e-09 |      
[INFO GPL-0088] Routability snapshot saved at iter = 217
      220 |   0.5851 |  2.465914e+06 |   +2.66% |  2.06e-09 |      
      230 |   0.5576 |  2.526635e+06 |   +2.46% |  3.36e-09 |      
      240 |   0.5176 |  2.626894e+06 |   +3.97% |  5.47e-09 |      
      250 |   0.4781 |  2.711141e+06 |   +3.21% |  8.92e-09 |      
      260 |   0.4261 |  2.772857e+06 |   +2.28% |  1.45e-08 |      
      270 |   0.3762 |  2.822051e+06 |   +1.77% |  2.37e-08 |      
      280 |   0.3389 |  2.885399e+06 |   +2.24% |  3.78e-08 |      
      290 |   0.3016 |  2.953367e+06 |   +2.36% |  5.56e-08 |      
[INFO GPL-0040] Routability iteration: 1
[INFO GPL-0041] Total routing overflow: 0.0000
[INFO GPL-0042] Number of overflowed tiles: 0 (0.00%)
[INFO GPL-0043] Average top 0.5% routing congestion: 0.8503
[INFO GPL-0044] Average top 1.0% routing congestion: 0.8438
[INFO GPL-0045] Average top 2.0% routing congestion: 0.7812
[INFO GPL-0046] Average top 5.0% routing congestion: 0.7261
[INFO GPL-0047] Routability iteration weighted routing congestion: 0.8470
[INFO GPL-0050] Weighted routing congestion is lower than target routing congestion(1.0100), end routability optimization.
[INFO GPL-0100] Timing-driven iteration 3/5, virtual: false.
[INFO GPL-0101]    Iter: 294, overflow: 0.283, keep resizer changes at: 0.3, HPWL: 2960440
Iteration |   Area    | Resized | Buffers | Nets repaired | Remaining
---------------------------------------------------------------------
        0 |     +0.0% |       0 |       0 |             0 |       179
    final |    +26.6% |      80 |      26 |             9 |         0
---------------------------------------------------------------------
[INFO RSZ-0035] Found 9 fanout violations.
[INFO RSZ-0039] Resized 80 instances.
[INFO RSZ-0038] Inserted 26 buffers in 9 nets.
[INFO GPL-0106] Timing-driven: worst slack 1.59e-09
[INFO GPL-0107] Timing-driven: repair_design delta area: 511.661 um^2 (+26.63%)
[INFO GPL-0108] Timing-driven: repair_design, gpl cells created: 26 (+0.00%)
[INFO GPL-0109] Timing-driven: inserted buffers as reported by repair_design: 26
[INFO GPL-0110] Timing-driven: new target density: 0.82682955
Iteration | Overflow |     HPWL (um) |  HPWL(%) |   Penalty | Group
---------------------------------------------------------------
      300 |   0.2463 |  2.402214e+06 |  -18.66% |  8.20e-08 |      
      310 |   0.2190 |  2.212758e+06 |   -7.89% |  1.21e-07 |      
[INFO GPL-0100] Timing-driven iteration 4/5, virtual: false.
[INFO GPL-0101]    Iter: 312, overflow: 0.198, keep resizer changes at: 0.3, HPWL: 2221206
Iteration |   Area    | Resized | Buffers | Nets repaired | Remaining
---------------------------------------------------------------------
        0 |     +0.0% |       0 |       0 |             0 |       179
    final |     +0.0% |      50 |       0 |             0 |         0
---------------------------------------------------------------------
[INFO RSZ-0039] Resized 50 instances.
[INFO GPL-0106] Timing-driven: worst slack 1.59e-09
[INFO GPL-0107] Timing-driven: repair_design delta area: 0.000 um^2 (+0.00%)
[INFO GPL-0108] Timing-driven: repair_design, gpl cells created: 0 (+0.00%)
[INFO GPL-0109] Timing-driven: inserted buffers as reported by repair_design: 0
[INFO GPL-0110] Timing-driven: new target density: 0.82682955
Iteration | Overflow |     HPWL (um) |  HPWL(%) |   Penalty | Group
---------------------------------------------------------------
      320 |   0.1840 |  2.308216e+06 |   +4.31% |  1.78e-07 |      
      330 |   0.1495 |  2.359872e+06 |   +2.24% |  2.62e-07 |      
[INFO GPL-0100] Timing-driven iteration 5/5, virtual: false.
[INFO GPL-0101]    Iter: 334, overflow: 0.144, keep resizer changes at: 0.3, HPWL: 2361366
Iteration |   Area    | Resized | Buffers | Nets repaired | Remaining
---------------------------------------------------------------------
        0 |     +0.0% |       0 |       0 |             0 |       179
    final |     +0.3% |      49 |       0 |             0 |         0
---------------------------------------------------------------------
[INFO RSZ-0039] Resized 49 instances.
[INFO GPL-0106] Timing-driven: worst slack 1.6e-09
[INFO GPL-0107] Timing-driven: repair_design delta area: 7.258 um^2 (+0.30%)
[INFO GPL-0108] Timing-driven: repair_design, gpl cells created: 0 (+0.00%)
[INFO GPL-0109] Timing-driven: inserted buffers as reported by repair_design: 0
[INFO GPL-0110] Timing-driven: new target density: 0.82899755
Iteration | Overflow |     HPWL (um) |  HPWL(%) |   Penalty | Group
---------------------------------------------------------------
      340 |   0.1084 |  2.468560e+06 |   +4.61% |  3.86e-07 |      
[INFO GPL-1001] Finished with Overflow: 0.099850
[INFO GPL-1002] Placed Cell Area             2440.3680
[INFO GPL-1003] Available Free Area          3347.5680
[INFO GPL-1004] Minimum Feasible Density        0.7290 (cell_area / free_area)
[INFO GPL-1006]   Suggested Target Densities:
[INFO GPL-1007]     - For 90% usage of free space: 0.8100
[INFO GPL-1008]     - For 80% usage of free space: 0.9112
[INFO GPL-1009]     - For 50% usage of free space: 1.4580
Setting global connections for newly added cells…
[INFO] Setting global connections...
Updating metrics…
Cell type report:                       Count       Area
  Timing Repair Buffer                     26     321.15
  Inverter                                 15      97.98
  Sequential cell                           9     442.71
  Multi-Input combinational cell          153    1578.53
  Total                                   203    2440.37
Writing OpenROAD database to '/home/designer/shared/Bioimpedance-ASIC-for-skin-cancer-detection/current_generator/digital/DigitalSine/runs/RUN_2025-12-14_12-03-08/28-openroad-globalplacement/DigitalSine.odb'…
Writing netlist to '/home/designer/shared/Bioimpedance-ASIC-for-skin-cancer-detection/current_generator/digital/DigitalSine/runs/RUN_2025-12-14_12-03-08/28-openroad-globalplacement/DigitalSine.nl.v'…
Writing powered netlist to '/home/designer/shared/Bioimpedance-ASIC-for-skin-cancer-detection/current_generator/digital/DigitalSine/runs/RUN_2025-12-14_12-03-08/28-openroad-globalplacement/DigitalSine.pnl.v'…
Writing layout to '/home/designer/shared/Bioimpedance-ASIC-for-skin-cancer-detection/current_generator/digital/DigitalSine/runs/RUN_2025-12-14_12-03-08/28-openroad-globalplacement/DigitalSine.def'…
Writing timing constraints to '/home/designer/shared/Bioimpedance-ASIC-for-skin-cancer-detection/current_generator/digital/DigitalSine/runs/RUN_2025-12-14_12-03-08/28-openroad-globalplacement/DigitalSine.sdc'…
