Reading timing models for corner nom_fast_1p32V_m40C…
Reading timing library for the 'nom_fast_1p32V_m40C' corner at '/opt/pdks/ciel/ihp-sg13g2/versions/cb7daaa8901016cf7c5d272dfa322c41f024931f/ihp-sg13g2/libs.ref/sg13g2_stdcell/lib/sg13g2_stdcell_fast_1p32V_m40C.lib'…
Reading timing models for corner nom_slow_1p08V_125C…
Reading timing library for the 'nom_slow_1p08V_125C' corner at '/opt/pdks/ciel/ihp-sg13g2/versions/cb7daaa8901016cf7c5d272dfa322c41f024931f/ihp-sg13g2/libs.ref/sg13g2_stdcell/lib/sg13g2_stdcell_slow_1p08V_125C.lib'…
Reading timing models for corner nom_typ_1p20V_25C…
Reading timing library for the 'nom_typ_1p20V_25C' corner at '/opt/pdks/ciel/ihp-sg13g2/versions/cb7daaa8901016cf7c5d272dfa322c41f024931f/ihp-sg13g2/libs.ref/sg13g2_stdcell/lib/sg13g2_stdcell_typ_1p20V_25C.lib'…
Reading OpenROAD database at '/home/designer/shared/Bioimpedance-ASIC-for-skin-cancer-detection/current_generator/digital/DigitalSine/runs/RUN_2025-12-14_11-39-07/28-openroad-globalplacement/DigitalSine.odb'…
Reading design constraints file at '/home/designer/shared/Bioimpedance-ASIC-for-skin-cancer-detection/current_generator/digital/DigitalSine/cons.sdc'…
[WARNING STA-0441] set_input_delay relative to a clock defined on the same port/pin not allowed.
[WARNING STA-0441] set_input_delay relative to a clock defined on the same port/pin not allowed.
[WARNING STA-0441] set_input_delay relative to a clock defined on the same port/pin not allowed.
[WARNING STA-0441] set_input_delay relative to a clock defined on the same port/pin not allowed.
[INFO] No information on clock propagation in input SDC file-- propagating all clocks.
[INFO RSZ-0027] Inserted 1 input buffers.
[INFO RSZ-0028] Inserted 35 output buffers.
+ repair_design -verbose -max_wire_length 0 -slew_margin 20 -cap_margin 20
[INFO RSZ-0058] Using max wire length 5028um.
Iteration |   Area    | Resized | Buffers | Nets repaired | Remaining
---------------------------------------------------------------------
        0 |     +0.0% |       0 |       0 |             0 |       240
       10 |     +0.1% |       2 |       0 |             0 |       230
       20 |     +0.3% |       4 |       0 |             0 |       220
       30 |     +0.2% |       6 |       0 |             0 |       210
       40 |     +0.1% |      11 |       0 |             0 |       200
       50 |     +0.8% |      21 |       0 |             0 |       190
       60 |     +1.5% |      31 |       0 |             0 |       180
       70 |     +0.4% |      38 |       0 |             0 |       170
       80 |     +0.3% |      39 |       0 |             0 |       160
       90 |     -0.9% |      46 |       0 |             0 |       150
      100 |     -1.9% |      55 |       0 |             0 |       140
      110 |     -1.9% |      55 |       0 |             0 |       130
      120 |     -2.1% |      56 |       0 |             0 |       120
      130 |     -2.6% |      60 |       0 |             0 |       110
      140 |     -2.3% |      65 |       0 |             0 |       100
      150 |     -2.4% |      67 |       0 |             0 |        90
      160 |     -1.7% |      71 |       0 |             0 |        80
      170 |     -1.7% |      72 |       0 |             0 |        70
      180 |     -2.2% |      77 |       0 |             0 |        60
      190 |     -0.3% |      85 |       0 |             0 |        50
      200 |     +0.1% |      86 |       0 |             0 |        40
      210 |     +1.1% |      93 |       0 |             0 |        30
      220 |     +1.3% |     103 |       0 |             0 |        20
      230 |     +1.2% |     104 |       0 |             0 |        10
      240 |     +1.5% |     105 |       1 |             1 |         0
    final |     +1.5% |     105 |       1 |             1 |         0
---------------------------------------------------------------------
[INFO RSZ-0035] Found 1 fanout violations.
[INFO RSZ-0039] Resized 105 instances.
[INFO RSZ-0038] Inserted 1 buffers in 1 nets.
+ detailed_placement -max_displacement  500 100 
Placement Analysis
---------------------------------
total displacement        991.2 u
average displacement        4.1 u
max displacement           22.3 u
original HPWL            4126.3 u
legalized HPWL           4973.5 u
delta HPWL                   21 %

[INFO DPL-0020] Mirrored 100 instances
[INFO DPL-0021] HPWL before            4973.5 u
[INFO DPL-0022] HPWL after             4859.0 u
[INFO DPL-0023] HPWL delta               -2.3 %
Setting global connections for newly added cells…
[INFO] Setting global connections...
Updating metrics…
Cell type report:                       Count       Area
  Timing Repair Buffer                     62     789.26
  Inverter                                 15      85.28
  Sequential cell                           9     440.90
  Multi-Input combinational cell          153    1426.12
  Total                                   239    2741.56
Writing OpenROAD database to '/home/designer/shared/Bioimpedance-ASIC-for-skin-cancer-detection/current_generator/digital/DigitalSine/runs/RUN_2025-12-14_11-39-07/32-openroad-repairdesignpostgpl/DigitalSine.odb'…
Writing netlist to '/home/designer/shared/Bioimpedance-ASIC-for-skin-cancer-detection/current_generator/digital/DigitalSine/runs/RUN_2025-12-14_11-39-07/32-openroad-repairdesignpostgpl/DigitalSine.nl.v'…
Writing powered netlist to '/home/designer/shared/Bioimpedance-ASIC-for-skin-cancer-detection/current_generator/digital/DigitalSine/runs/RUN_2025-12-14_11-39-07/32-openroad-repairdesignpostgpl/DigitalSine.pnl.v'…
Writing layout to '/home/designer/shared/Bioimpedance-ASIC-for-skin-cancer-detection/current_generator/digital/DigitalSine/runs/RUN_2025-12-14_11-39-07/32-openroad-repairdesignpostgpl/DigitalSine.def'…
Writing timing constraints to '/home/designer/shared/Bioimpedance-ASIC-for-skin-cancer-detection/current_generator/digital/DigitalSine/runs/RUN_2025-12-14_11-39-07/32-openroad-repairdesignpostgpl/DigitalSine.sdc'…
