Reading timing models for corner nom_typ_1p20V_25C…
Reading timing library for the 'nom_typ_1p20V_25C' corner at '/opt/pdks/ciel/ihp-sg13g2/versions/cb7daaa8901016cf7c5d272dfa322c41f024931f/ihp-sg13g2/libs.ref/sg13g2_stdcell/lib/sg13g2_stdcell_typ_1p20V_25C.lib'…
Reading OpenROAD database at '/home/designer/shared/Bioimpedance-ASIC-for-skin-cancer-detection/current_generator/digital/DigitalSine/runs/RUN_2025-12-11_20-30-25/21-openroad-generatepdn/DigitalSine.odb'…
Reading design constraints file at '/nix/store/sfc122jplczjy5i6pd5radwb3k94mh33-python3.12-librelane-3.0.0.dev45/lib/python3.12/site-packages/librelane/scripts/base.sdc'…
[INFO] Using clock clk…
[INFO] Setting output delay to: 5
[INFO] Setting input delay to: 5
[INFO] Setting load to: 0.006
[INFO] Setting clock uncertainty to: 0.25
[INFO] Setting clock transition to: 0.15
[INFO] Setting timing derate to: 5%
+ global_placement -density 0.613081 -skip_io -pad_right 0 -pad_left 0 -init_wirelength_coef 0.25
[INFO GPL-0002] DBU: 1000
[INFO GPL-0003] SiteSize: (  0.480  3.780 ) um
[INFO GPL-0004] CoreBBox: (  5.760 15.120 ) ( 67.680 75.600 ) um
[INFO GPL-0006] Number of instances:               177
[INFO GPL-0007] Movable instances:                 177
[INFO GPL-0008] Fixed instances:                     0
[INFO GPL-0009] Dummy instances:                     0
[INFO GPL-0010] Number of nets:                    179
[INFO GPL-0011] Number of pins:                    597
[INFO GPL-0012] Die BBox:  (  0.000  0.000 ) ( 73.510 92.230 ) um
[INFO GPL-0013] Core BBox: (  5.760 15.120 ) ( 67.680 75.600 ) um
[INFO GPL-0016] Core area:                    3744.922 um^2
[INFO GPL-0017] Fixed instances area:            0.000 um^2
[INFO GPL-0018] Movable instances area:       1921.450 um^2
[INFO GPL-0019] Utilization:                    51.308 %
[INFO GPL-0020] Standard cells area:          1921.450 um^2
[INFO GPL-0021] Large instances area:            0.000 um^2
[INFO GPL-0023] Placement target density:       0.6131
[INFO GPL-0024] Movable insts average area:     10.856 um^2
[INFO GPL-0025] Ideal bin area:                 17.707 um^2
[INFO GPL-0026] Ideal bin count:                   211
[INFO GPL-0027] Total bin area:               3744.922 um^2
[INFO GPL-0028] Bin count (X, Y):           8 ,      8
[INFO GPL-0029] Bin size (W * H):       7.740 *  7.560 um
[INFO GPL-0030] Number of bins:                     64
[INFO GPL-0031] HPWL: Half-Perimeter Wirelength
Iteration | Overflow |     HPWL (um) |  HPWL(%) |   Penalty | Group
---------------------------------------------------------------
        1 |   0.9229 |  3.633640e+05 |   +0.00% |  8.42e-14 |      
       10 |   0.8949 |  2.328720e+05 |  -35.91% |  1.31e-13 |      
       20 |   0.9010 |  2.336980e+05 |   +0.35% |  2.13e-13 |      
       30 |   0.9010 |  2.336010e+05 |   -0.04% |  3.46e-13 |      
       40 |   0.9002 |  2.332070e+05 |   -0.17% |  5.64e-13 |      
       50 |   0.9004 |  2.337190e+05 |   +0.22% |  9.19e-13 |      
       60 |   0.9003 |  2.344650e+05 |   +0.32% |  1.50e-12 |      
       70 |   0.9000 |  2.355710e+05 |   +0.47% |  2.44e-12 |      
       80 |   0.8995 |  2.374680e+05 |   +0.81% |  3.97e-12 |      
       90 |   0.8989 |  2.402110e+05 |   +1.16% |  6.47e-12 |      
      100 |   0.8978 |  2.427880e+05 |   +1.07% |  1.05e-11 |      
      110 |   0.8960 |  2.392120e+05 |   -1.47% |  1.72e-11 |      
      120 |   0.8929 |  2.412390e+05 |   +0.85% |  2.80e-11 |      
      130 |   0.8877 |  2.437370e+05 |   +1.04% |  4.56e-11 |      
      140 |   0.8821 |  2.472130e+05 |   +1.43% |  7.42e-11 |      
      150 |   0.8807 |  2.627040e+05 |   +6.27% |  1.21e-10 |      
      160 |   0.8416 |  4.017180e+05 |  +52.92% |  1.97e-10 |      
      170 |   0.7800 |  5.190520e+05 |  +29.21% |  3.21e-10 |      
      180 |   0.7550 |  5.423600e+05 |   +4.49% |  5.22e-10 |      
      190 |   0.7378 |  6.397820e+05 |  +17.96% |  8.51e-10 |      
      200 |   0.6970 |  7.452420e+05 |  +16.48% |  1.39e-09 |      
      210 |   0.6374 |  9.320530e+05 |  +25.07% |  2.26e-09 |      
      220 |   0.5831 |  1.027058e+06 |  +10.19% |  3.68e-09 |      
      230 |   0.5426 |  1.127289e+06 |   +9.76% |  5.99e-09 |      
      240 |   0.4935 |  1.243972e+06 |  +10.35% |  9.76e-09 |      
      250 |   0.4457 |  1.352810e+06 |   +8.75% |  1.59e-08 |      
      260 |   0.3959 |  1.448986e+06 |   +7.11% |  2.59e-08 |      
      270 |   0.3447 |  1.538790e+06 |   +6.20% |  4.22e-08 |      
      280 |   0.2994 |  1.607416e+06 |   +4.46% |  6.28e-08 |      
      290 |   0.2608 |  1.667405e+06 |   +3.73% |  9.25e-08 |      
      300 |   0.2187 |  1.718962e+06 |   +3.09% |  1.36e-07 |      
      310 |   0.1803 |  1.760983e+06 |   +2.44% |  2.01e-07 |      
      320 |   0.1350 |  1.784137e+06 |   +1.31% |  2.96e-07 |      
      330 |   0.1002 |  1.786450e+06 |   +0.13% |  4.35e-07 |      
[INFO GPL-1001] Finished with Overflow: 0.097763
[INFO GPL-1002] Placed Cell Area             1921.4496
[INFO GPL-1003] Available Free Area          3744.9216
[INFO GPL-1004] Minimum Feasible Density        0.5200 (cell_area / free_area)
[INFO GPL-1006]   Suggested Target Densities:
[INFO GPL-1007]     - For 90% usage of free space: 0.5701
[INFO GPL-1008]     - For 80% usage of free space: 0.6414
[INFO GPL-1009]     - For 50% usage of free space: 1.0262
Setting global connections for newly added cells…
[INFO] Setting global connections...
Updating metrics…
Cell type report:                       Count       Area
  Inverter                                 15      81.65
  Sequential cell                           9     440.90
  Multi-Input combinational cell          153    1398.90
  Total                                   177    1921.45
Writing OpenROAD database to '/home/designer/shared/Bioimpedance-ASIC-for-skin-cancer-detection/current_generator/digital/DigitalSine/runs/RUN_2025-12-11_20-30-25/24-openroad-globalplacementskipio/DigitalSine.odb'…
Writing netlist to '/home/designer/shared/Bioimpedance-ASIC-for-skin-cancer-detection/current_generator/digital/DigitalSine/runs/RUN_2025-12-11_20-30-25/24-openroad-globalplacementskipio/DigitalSine.nl.v'…
Writing powered netlist to '/home/designer/shared/Bioimpedance-ASIC-for-skin-cancer-detection/current_generator/digital/DigitalSine/runs/RUN_2025-12-11_20-30-25/24-openroad-globalplacementskipio/DigitalSine.pnl.v'…
Writing layout to '/home/designer/shared/Bioimpedance-ASIC-for-skin-cancer-detection/current_generator/digital/DigitalSine/runs/RUN_2025-12-11_20-30-25/24-openroad-globalplacementskipio/DigitalSine.def'…
Writing timing constraints to '/home/designer/shared/Bioimpedance-ASIC-for-skin-cancer-detection/current_generator/digital/DigitalSine/runs/RUN_2025-12-11_20-30-25/24-openroad-globalplacementskipio/DigitalSine.sdc'…
