Reading timing models for corner nom_typ_1p20V_25C…
Reading timing library for the 'nom_typ_1p20V_25C' corner at '/opt/pdks/ciel/ihp-sg13g2/versions/cb7daaa8901016cf7c5d272dfa322c41f024931f/ihp-sg13g2/libs.ref/sg13g2_stdcell/lib/sg13g2_stdcell_typ_1p20V_25C.lib'…
Reading OpenROAD database at '/home/designer/shared/BASIC/current_generator/digital/DigitalSine/runs/RUN_2026-02-26_20-53-18/26-odb-customioplacement/DigitalSine.odb'…
Reading design constraints file at '/home/designer/shared/BASIC/current_generator/digital/DigitalSine/cons.sdc'…
[WARNING STA-0441] set_input_delay relative to a clock defined on the same port/pin not allowed.
[WARNING STA-0441] set_input_delay relative to a clock defined on the same port/pin not allowed.
[WARNING STA-0441] set_input_delay relative to a clock defined on the same port/pin not allowed.
[WARNING STA-0441] set_input_delay relative to a clock defined on the same port/pin not allowed.
[INFO] No information on clock propagation in input SDC file-- propagating all clocks.
[INFO] Setting signal min routing layer to: Metal2 and clock min routing layer to Metal2. 
[INFO] Setting signal max routing layer to: TopMetal2 and clock max routing layer to TopMetal2. 
+ global_placement -density 0.689356 -timing_driven -routability_driven -pad_right 0 -pad_left 0 -init_wirelength_coef 0.25
[INFO GPL-0002] DBU: 1000
[INFO GPL-0003] SiteSize: (  0.480  3.780 ) um
[INFO GPL-0004] CoreBBox: (  5.760 15.120 ) ( 62.880 71.820 ) um
[INFO GPL-0006] Number of instances:               165
[INFO GPL-0007] Movable instances:                 165
[INFO GPL-0008] Fixed instances:                     0
[INFO GPL-0009] Dummy instances:                     0
[INFO GPL-0010] Number of nets:                    167
[INFO GPL-0011] Number of pins:                    591
[INFO GPL-0012] Die BBox:  (  0.000  0.000 ) ( 68.885 87.605 ) um
[INFO GPL-0013] Core BBox: (  5.760 15.120 ) ( 62.880 71.820 ) um
[INFO GPL-0016] Core area:                    3238.704 um^2
[INFO GPL-0017] Fixed instances area:            0.000 um^2
[INFO GPL-0018] Movable instances area:       1908.749 um^2
[INFO GPL-0019] Utilization:                    58.936 %
[INFO GPL-0020] Standard cells area:          1908.749 um^2
[INFO GPL-0021] Large instances area:            0.000 um^2
[InitialPlace]  Iter: 1 conjugate gradient residual: 0.00000003 HPWL: 3770560
[InitialPlace]  Iter: 2 conjugate gradient residual: 0.00000007 HPWL: 2223531
[InitialPlace]  Iter: 3 conjugate gradient residual: 0.00000008 HPWL: 2104414
[InitialPlace]  Iter: 4 conjugate gradient residual: 0.00000007 HPWL: 2063690
[InitialPlace]  Iter: 5 conjugate gradient residual: 0.00000012 HPWL: 2055734
[INFO GPL-0023] Placement target density:       0.6894
[INFO GPL-0024] Movable insts average area:     11.568 um^2
[INFO GPL-0025] Ideal bin area:                 16.781 um^2
[INFO GPL-0026] Ideal bin count:                   192
[INFO GPL-0027] Total bin area:               3238.704 um^2
[INFO GPL-0028] Bin count (X, Y):           8 ,      8
[INFO GPL-0029] Bin size (W * H):       7.140 *  7.088 um
[INFO GPL-0030] Number of bins:                     64
[INFO GPL-0031] HPWL: Half-Perimeter Wirelength
Iteration | Overflow |     HPWL (um) |  HPWL(%) |   Penalty | Group
---------------------------------------------------------------
        1 |   0.8527 |  1.260648e+06 |   +0.00% |  3.23e-14 |      
       10 |   0.8049 |  1.386884e+06 |  +10.01% |  5.02e-14 |      
[INFO GPL-0100] Timing-driven iteration 1/5, virtual: true.
[INFO GPL-0101]    Iter: 15, overflow: 0.779, keep resizer changes at: 0.3, HPWL: 1401462
Iteration |   Area    | Resized | Buffers | Nets repaired | Remaining
---------------------------------------------------------------------
        0 |     +0.0% |       0 |       0 |             0 |       167
    final |    +20.9% |      56 |      23 |             9 |         0
---------------------------------------------------------------------
[INFO RSZ-0035] Found 9 fanout violations.
[INFO RSZ-0039] Resized 56 instances.
[INFO RSZ-0038] Inserted 23 buffers in 9 nets.
[INFO GPL-0106] Timing-driven: worst slack 2.35e-09
Iteration | Overflow |     HPWL (um) |  HPWL(%) |   Penalty | Group
---------------------------------------------------------------
       20 |   0.7637 |  1.482799e+06 |   +6.92% |  8.17e-14 |      
       30 |   0.7626 |  1.447971e+06 |   -2.35% |  1.33e-13 |      
       40 |   0.7717 |  1.441959e+06 |   -0.42% |  2.17e-13 |      
       50 |   0.7901 |  1.431451e+06 |   -0.73% |  3.53e-13 |      
       60 |   0.7940 |  1.426320e+06 |   -0.36% |  5.75e-13 |      
       70 |   0.7938 |  1.427149e+06 |   +0.06% |  9.37e-13 |      
       80 |   0.7911 |  1.430205e+06 |   +0.21% |  1.53e-12 |      
       90 |   0.7871 |  1.433648e+06 |   +0.24% |  2.49e-12 |      
      100 |   0.7836 |  1.436085e+06 |   +0.17% |  4.05e-12 |      
      110 |   0.7810 |  1.437987e+06 |   +0.13% |  6.60e-12 |      
      120 |   0.7784 |  1.440483e+06 |   +0.17% |  1.07e-11 |      
      130 |   0.7741 |  1.445831e+06 |   +0.37% |  1.75e-11 |      
      140 |   0.7703 |  1.455485e+06 |   +0.67% |  2.85e-11 |      
      150 |   0.7638 |  1.471502e+06 |   +1.10% |  4.64e-11 |      
      160 |   0.7535 |  1.495201e+06 |   +1.61% |  7.57e-11 |      
      170 |   0.7416 |  1.528317e+06 |   +2.21% |  1.23e-10 |      
      180 |   0.7067 |  1.572490e+06 |   +2.89% |  2.01e-10 |      
      190 |   0.6887 |  1.617589e+06 |   +2.87% |  3.27e-10 |      
      200 |   0.6794 |  1.677140e+06 |   +3.68% |  5.33e-10 |      
      210 |   0.6467 |  1.755367e+06 |   +4.66% |  8.68e-10 |      
      220 |   0.6331 |  1.830761e+06 |   +4.30% |  1.41e-09 |      
[INFO GPL-0100] Timing-driven iteration 2/5, virtual: true.
[INFO GPL-0101]    Iter: 220, overflow: 0.633, keep resizer changes at: 0.3, HPWL: 1830761
Iteration |   Area    | Resized | Buffers | Nets repaired | Remaining
---------------------------------------------------------------------
        0 |     +0.0% |       0 |       0 |             0 |       167
    final |    +20.9% |      60 |      22 |             9 |         0
---------------------------------------------------------------------
[INFO RSZ-0035] Found 9 fanout violations.
[INFO RSZ-0039] Resized 60 instances.
[INFO RSZ-0038] Inserted 22 buffers in 9 nets.
[INFO GPL-0106] Timing-driven: worst slack 2.33e-09
[INFO GPL-0088] Routability snapshot saved at iter = 225
Iteration | Overflow |     HPWL (um) |  HPWL(%) |   Penalty | Group
---------------------------------------------------------------
      230 |   0.5680 |  1.945602e+06 |   +6.27% |  2.30e-09 |      
      240 |   0.5530 |  1.961856e+06 |   +0.84% |  3.75e-09 |      
      250 |   0.5125 |  2.069048e+06 |   +5.46% |  6.11e-09 |      
      260 |   0.4586 |  2.131695e+06 |   +3.03% |  9.95e-09 |      
      270 |   0.4147 |  2.220732e+06 |   +4.18% |  1.62e-08 |      
      280 |   0.3705 |  2.309939e+06 |   +4.02% |  2.64e-08 |      
      290 |   0.3303 |  2.395015e+06 |   +3.68% |  4.17e-08 |      
      300 |   0.2976 |  2.471257e+06 |   +3.18% |  6.15e-08 |      
[INFO GPL-0040] Routability iteration: 1
[INFO GPL-0041] Total routing overflow: 0.0000
[INFO GPL-0042] Number of overflowed tiles: 0 (0.00%)
[INFO GPL-0043] Average top 0.5% routing congestion: 0.9186
[INFO GPL-0044] Average top 1.0% routing congestion: 0.8692
[INFO GPL-0045] Average top 2.0% routing congestion: 0.8492
[INFO GPL-0046] Average top 5.0% routing congestion: 0.7742
[INFO GPL-0047] Routability iteration weighted routing congestion: 0.8939
[INFO GPL-0050] Weighted routing congestion is lower than target routing congestion(1.0100), end routability optimization.
[INFO GPL-0100] Timing-driven iteration 3/5, virtual: false.
[INFO GPL-0101]    Iter: 304, overflow: 0.283, keep resizer changes at: 0.3, HPWL: 2501963
Iteration |   Area    | Resized | Buffers | Nets repaired | Remaining
---------------------------------------------------------------------
        0 |     +0.0% |       0 |       0 |             0 |       167
    final |    +21.8% |      60 |      22 |             9 |         0
---------------------------------------------------------------------
[INFO RSZ-0035] Found 9 fanout violations.
[INFO RSZ-0039] Resized 60 instances.
[INFO RSZ-0038] Inserted 22 buffers in 9 nets.
[INFO GPL-0106] Timing-driven: worst slack 2.37e-09
[INFO GPL-0107] Timing-driven: repair_design delta area: 415.498 um^2 (+21.77%)
[INFO GPL-0108] Timing-driven: repair_design, gpl cells created: 22 (+0.00%)
[INFO GPL-0109] Timing-driven: inserted buffers as reported by repair_design: 22
[INFO GPL-0110] Timing-driven: new target density: 0.81764734
Iteration | Overflow |     HPWL (um) |  HPWL(%) |   Penalty | Group
---------------------------------------------------------------
      310 |   0.2762 |  2.276354e+06 |   -7.89% |  9.05e-08 |      
      320 |   0.2281 |  2.256663e+06 |   -0.87% |  1.33e-07 |      
[INFO GPL-0100] Timing-driven iteration 4/5, virtual: false.
[INFO GPL-0101]    Iter: 329, overflow: 0.201, keep resizer changes at: 0.3, HPWL: 2330278
Iteration |   Area    | Resized | Buffers | Nets repaired | Remaining
---------------------------------------------------------------------
        0 |     +0.0% |       0 |       0 |             0 |       167
    final |     +0.3% |      32 |       0 |             0 |         0
---------------------------------------------------------------------
[INFO RSZ-0039] Resized 32 instances.
[INFO GPL-0106] Timing-driven: worst slack 2.36e-09
[INFO GPL-0107] Timing-driven: repair_design delta area: 7.258 um^2 (+0.31%)
[INFO GPL-0108] Timing-driven: repair_design, gpl cells created: 0 (+0.00%)
[INFO GPL-0109] Timing-driven: inserted buffers as reported by repair_design: 0
[INFO GPL-0110] Timing-driven: new target density: 0.81988823
Iteration | Overflow |     HPWL (um) |  HPWL(%) |   Penalty | Group
---------------------------------------------------------------
      330 |   0.1980 |  2.330689e+06 |   +3.28% |  1.96e-07 |      
      340 |   0.1564 |  2.410802e+06 |   +3.44% |  2.89e-07 |      
[INFO GPL-0100] Timing-driven iteration 5/5, virtual: false.
[INFO GPL-0101]    Iter: 343, overflow: 0.143, keep resizer changes at: 0.3, HPWL: 2426963
Iteration |   Area    | Resized | Buffers | Nets repaired | Remaining
---------------------------------------------------------------------
        0 |     +0.0% |       0 |       0 |             0 |       167
    final |     +0.9% |      30 |       0 |             0 |         0
---------------------------------------------------------------------
[INFO RSZ-0039] Resized 30 instances.
[INFO GPL-0106] Timing-driven: worst slack 2.36e-09
[INFO GPL-0107] Timing-driven: repair_design delta area: 19.958 um^2 (+0.86%)
[INFO GPL-0108] Timing-driven: repair_design, gpl cells created: 0 (+0.00%)
[INFO GPL-0109] Timing-driven: inserted buffers as reported by repair_design: 0
[INFO GPL-0110] Timing-driven: new target density: 0.82605064
Iteration | Overflow |     HPWL (um) |  HPWL(%) |   Penalty | Group
---------------------------------------------------------------
      350 |   0.1081 |  2.460613e+06 |   +2.07% |  4.26e-07 |      
[INFO GPL-1001] Finished with Overflow: 0.098690
[INFO GPL-1002] Placed Cell Area             2351.4624
[INFO GPL-1003] Available Free Area          3238.7040
[INFO GPL-1004] Minimum Feasible Density        0.7261 (cell_area / free_area)
[INFO GPL-1006]   Suggested Target Densities:
[INFO GPL-1007]     - For 90% usage of free space: 0.8067
[INFO GPL-1008]     - For 80% usage of free space: 0.9076
[INFO GPL-1009]     - For 50% usage of free space: 1.4521
Setting global connections for newly added cells…
[INFO] Setting global connections...
Updating metrics…
Cell type report:                       Count       Area
  Timing Repair Buffer                     22     288.49
  Inverter                                 16     123.38
  Sequential cell                           9     444.53
  Multi-Input combinational cell          140    1495.07
  Total                                   187    2351.46
Writing OpenROAD database to '/home/designer/shared/BASIC/current_generator/digital/DigitalSine/runs/RUN_2026-02-26_20-53-18/28-openroad-globalplacement/DigitalSine.odb'…
Writing netlist to '/home/designer/shared/BASIC/current_generator/digital/DigitalSine/runs/RUN_2026-02-26_20-53-18/28-openroad-globalplacement/DigitalSine.nl.v'…
Writing powered netlist to '/home/designer/shared/BASIC/current_generator/digital/DigitalSine/runs/RUN_2026-02-26_20-53-18/28-openroad-globalplacement/DigitalSine.pnl.v'…
Writing layout to '/home/designer/shared/BASIC/current_generator/digital/DigitalSine/runs/RUN_2026-02-26_20-53-18/28-openroad-globalplacement/DigitalSine.def'…
Writing timing constraints to '/home/designer/shared/BASIC/current_generator/digital/DigitalSine/runs/RUN_2026-02-26_20-53-18/28-openroad-globalplacement/DigitalSine.sdc'…
