Clock: clk
Sources: clk 
Generated: no
Virtual: yes
Propagated: no
Period: 5.000000

===========================================================================
report_clock_properties
============================================================================
Clock                   Period          Waveform
----------------------------------------------------
clk                   5.000000    0.000000  2.500000

===========================================================================
report_clock_latency
============================================================================
Clock clk
rise -> rise
    min     max
0.000000 0.000000 source latency
0.105015         network latency _300_/CLK
        0.105537 network latency _299_/CLK
---------------
0.105015 0.105537 latency
        0.000522 skew

fall -> fall
    min     max
0.000000 0.000000 source latency
0.107116         network latency _300_/CLK
        0.107711 network latency _299_/CLK
---------------
0.107116 0.107711 latency
        0.000595 skew



===========================================================================
report_clock_min_period
============================================================================
clk period_min = 1.71 fmax = 584.47
