Clock: clk
Sources: clk 
Generated: no
Virtual: yes
Propagated: no
Period: 5.000000

===========================================================================
report_clock_properties
============================================================================
Clock                   Period          Waveform
----------------------------------------------------
clk                   5.000000    0.000000  2.500000

===========================================================================
report_clock_latency
============================================================================
Clock clk
rise -> rise
    min     max
0.000000 0.000000 source latency
0.236561         network latency _300_/CLK
        0.236990 network latency _299_/CLK
---------------
0.236561 0.236990 latency
        0.000429 skew

fall -> fall
    min     max
0.000000 0.000000 source latency
0.243113         network latency _300_/CLK
        0.243713 network latency _299_/CLK
---------------
0.243113 0.243713 latency
        0.000600 skew



===========================================================================
report_clock_min_period
============================================================================
clk period_min = 3.68 fmax = 271.63
