
===========================================================================
report_checks -unconstrained
===========================================================================
======================= nom_slow_1p08V_125C Corner ===================================

Startpoint: _286_ (rising edge-triggered flip-flop clocked by clk)
Endpoint: sine_out[0] (output port clocked by clk)
Path Group: clk
Path Type: max

Fanout         Cap        Slew       Delay        Time   Description
---------------------------------------------------------------------------------------------
                      0.100000    0.000000    0.000000   clock clk (rise edge)
                                  0.000000    0.000000   clock network delay (ideal)
                      0.100000    0.000000    0.000000 ^ _286_/CLK (sg13g2_dfrbpq_1)
    16    0.051921    0.335867    0.513449    0.513449 ^ _286_/Q (sg13g2_dfrbpq_1)
                                                         DPATH.SUM.fa_2.A (net)
                      0.335867    0.000000    0.513449 ^ _131_/A (sg13g2_inv_1)
     3    0.008674    0.111897    0.158166    0.671615 v _131_/Y (sg13g2_inv_1)
                                                         _085_ (net)
                      0.111897    0.000000    0.671615 v _162_/A (sg13g2_nor2_1)
     4    0.011384    0.180089    0.194361    0.865976 ^ _162_/Y (sg13g2_nor2_1)
                                                         _111_ (net)
                      0.180089    0.000000    0.865976 ^ _164_/B (sg13g2_nand2_1)
     4    0.010200    0.187450    0.180761    1.046737 v _164_/Y (sg13g2_nand2_1)
                                                         _113_ (net)
                      0.187450    0.000000    1.046737 v _179_/B (sg13g2_and2_1)
     1    0.002744    0.044298    0.177401    1.224138 v _179_/X (sg13g2_and2_1)
                                                         _127_ (net)
                      0.044298    0.000000    1.224138 v _180_/B2 (sg13g2_a221oi_1)
     1    0.002818    0.161001    0.199101    1.423239 ^ _180_/Y (sg13g2_a221oi_1)
                                                         _009_ (net)
                      0.161001    0.000000    1.423239 ^ _196_/C (sg13g2_nor4_1)
     1    0.002776    0.097173    0.109109    1.532349 v _196_/Y (sg13g2_nor4_1)
                                                         _025_ (net)
                      0.097173    0.000000    1.532349 v _214_/A2 (sg13g2_a21oi_1)
     1    0.080000    1.044098    0.839257    2.371606 ^ _214_/Y (sg13g2_a21oi_1)
                                                         sine_out[0] (net)
                      1.044098    0.000000    2.371606 ^ sine_out[0] (out)
                                              2.371606   data arrival time

                      0.100000    5.000000    5.000000   clock clk (rise edge)
                                  0.000000    5.000000   clock network delay (ideal)
                                 -0.150000    4.850000   clock uncertainty
                                  0.000000    4.850000   clock reconvergence pessimism
                                 -1.000000    3.850000   output external delay
                                              3.850000   data required time
---------------------------------------------------------------------------------------------
                                              3.850000   data required time
                                             -2.371606   data arrival time
---------------------------------------------------------------------------------------------
                                              1.478394   slack (MET)




===========================================================================
report_checks --slack_max -0.01
============================================================================
======================= nom_slow_1p08V_125C Corner ===================================

No paths found.


===========================================================================
 report_check_types -max_slew -max_cap -max_fanout -violators
============================================================================
======================= nom_slow_1p08V_125C Corner ===================================

max fanout

Pin                                   Limit Fanout  Slack
---------------------------------------------------------
_288_/Q                                   8     27    -19 (VIOLATED)
_287_/Q                                   8     25    -17 (VIOLATED)
_284_/Q                                   8     18    -10 (VIOLATED)
_286_/Q                                   8     16     -8 (VIOLATED)
_289_/Q                                   8     15     -7 (VIOLATED)
_290_/Q                                   8     15     -7 (VIOLATED)
_285_/Q                                   8     14     -6 (VIOLATED)
_292_/Q                                   8     13     -5 (VIOLATED)
_153_/X                                   8      9        (VIOLATED)



===========================================================================
report_parasitic_annotation -report_unannotated
============================================================================
Found 167 unannotated drivers.
 clk
 rst
 _128_/Y
 _129_/Y
 _130_/Y
 _131_/Y
 _132_/Y
 _133_/Y
 _134_/Y
 _135_/Y
 _136_/Y
 _137_/X
 _138_/Y
 _139_/X
 _140_/Y
 _141_/Y
 _142_/Y
 _143_/X
 _144_/Y
 _145_/Y
 _146_/Y
 _147_/X
 _148_/Y
 _149_/X
 _150_/Y
 _151_/Y
 _152_/Y
 _153_/X
 _154_/Y
 _155_/Y
 _156_/X
 _157_/Y
 _158_/Y
 _159_/Y
 _160_/X
 _161_/Y
 _162_/Y
 _163_/Y
 _164_/Y
 _165_/Y
 _166_/Y
 _167_/Y
 _168_/Y
 _169_/Y
 _170_/Y
 _171_/Y
 _172_/Y
 _173_/Y
 _174_/Y
 _175_/Y
 _176_/Y
 _177_/Y
 _178_/X
 _179_/X
 _180_/Y
 _181_/Y
 _182_/X
 _183_/Y
 _184_/Y
 _185_/Y
 _186_/Y
 _187_/Y
 _188_/Y
 _189_/Y
 _190_/Y
 _191_/Y
 _192_/Y
 _193_/Y
 _194_/Y
 _195_/Y
 _196_/Y
 _197_/X
 _198_/Y
 _199_/Y
 _200_/Y
 _201_/Y
 _202_/Y
 _203_/Y
 _204_/Y
 _205_/Y
 _206_/X
 _207_/Y
 _208_/Y
 _209_/X
 _210_/Y
 _211_/Y
 _212_/Y
 _213_/Y
 _214_/Y
 _215_/Y
 _216_/Y
 _217_/X
 _218_/Y
 _219_/Y
 _220_/Y
 _221_/Y
 _222_/Y
 _223_/Y
 _224_/Y
 _225_/Y
 _226_/Y
 _227_/Y
 _228_/Y
 _229_/Y
 _230_/Y
 _231_/Y
 _232_/Y
 _233_/Y
 _234_/Y
 _235_/Y
 _236_/Y
 _237_/Y
 _238_/Y
 _239_/Y
 _240_/Y
 _241_/Y
 _242_/X
 _243_/Y
 _244_/Y
 _245_/Y
 _246_/Y
 _247_/Y
 _248_/Y
 _249_/X
 _250_/Y
 _251_/Y
 _252_/Y
 _253_/Y
 _254_/X
 _255_/Y
 _256_/Y
 _257_/Y
 _258_/Y
 _259_/Y
 _260_/Y
 _261_/Y
 _262_/Y
 _263_/Y
 _264_/Y
 _265_/Y
 _266_/Y
 _267_/Y
 _268_/X
 _269_/X
 _270_/Y
 _271_/Y
 _272_/Y
 _273_/X
 _274_/X
 _275_/X
 _276_/Y
 _277_/Y
 _278_/Y
 _279_/Y
 _280_/Y
 _281_/Y
 _282_/Y
 _283_/Y
 _284_/Q
 _285_/Q
 _286_/Q
 _287_/Q
 _288_/Q
 _289_/Q
 _290_/Q
 _291_/Q
 _292_/Q
Found 0 partially unannotated drivers.

===========================================================================
max slew violation count 0
max fanout violation count 9
max cap violation count 0
============================================================================

===========================================================================
check_setup -verbose -unconstrained_endpoints -multiple_clock -no_clock -no_input_delay -loops -generated_clocks
===========================================================================
