
===========================================================================
report_checks -path_delay min (Hold)
============================================================================
======================= nom_slow_1p08V_125C Corner ===================================

Startpoint: _291_ (rising edge-triggered flip-flop clocked by clk)
Endpoint: sign (output port clocked by clk)
Path Group: clk
Path Type: min

Fanout         Cap        Slew       Delay        Time   Description
---------------------------------------------------------------------------------------------
                      0.100000    0.000000    0.000000   clock clk (rise edge)
                                  0.000000    0.000000   clock network delay (ideal)
                      0.100000    0.000000    0.000000 ^ _291_/CLK (sg13g2_dfrbpq_1)
     2    0.082646    0.422305    0.595264    0.595264 v _291_/Q (sg13g2_dfrbpq_1)
                                                         sign (net)
                      0.422305    0.000000    0.595264 v sign (out)
                                              0.595264   data arrival time

                      0.100000    0.000000    0.000000   clock clk (rise edge)
                                  0.000000    0.000000   clock network delay (ideal)
                                  0.150000    0.150000   clock uncertainty
                                  0.000000    0.150000   clock reconvergence pessimism
                                  0.000000    0.150000   output external delay
                                              0.150000   data required time
---------------------------------------------------------------------------------------------
                                              0.150000   data required time
                                             -0.595264   data arrival time
---------------------------------------------------------------------------------------------
                                              0.445265   slack (MET)


Startpoint: _292_ (rising edge-triggered flip-flop clocked by clk)
Endpoint: _292_ (rising edge-triggered flip-flop clocked by clk)
Path Group: clk
Path Type: min

Fanout         Cap        Slew       Delay        Time   Description
---------------------------------------------------------------------------------------------
                      0.100000    0.000000    0.000000   clock clk (rise edge)
                                  0.000000    0.000000   clock network delay (ideal)
                      0.100000    0.000000    0.000000 ^ _292_/CLK (sg13g2_dfrbpq_1)
    13    0.049086    0.256251    0.471540    0.471540 v _292_/Q (sg13g2_dfrbpq_1)
                                                         CTRL.S0 (net)
                      0.256251    0.000000    0.471540 v _167_/B1 (sg13g2_a21oi_1)
     1    0.002825    0.078827    0.120669    0.592209 ^ _167_/Y (sg13g2_a21oi_1)
                                                         _116_ (net)
                      0.078827    0.000000    0.592209 ^ _168_/B (sg13g2_nor2_1)
     1    0.001355    0.031240    0.054415    0.646624 v _168_/Y (sg13g2_nor2_1)
                                                         CTRL.P0 (net)
                      0.031240    0.000000    0.646624 v _292_/D (sg13g2_dfrbpq_1)
                                              0.646624   data arrival time

                      0.100000    0.000000    0.000000   clock clk (rise edge)
                                  0.000000    0.000000   clock network delay (ideal)
                                  0.150000    0.150000   clock uncertainty
                                  0.000000    0.150000   clock reconvergence pessimism
                                              0.150000 ^ _292_/CLK (sg13g2_dfrbpq_1)
                                 -0.030532    0.119468   library hold time
                                              0.119468   data required time
---------------------------------------------------------------------------------------------
                                              0.119468   data required time
                                             -0.646624   data arrival time
---------------------------------------------------------------------------------------------
                                              0.527156   slack (MET)


Startpoint: _284_ (rising edge-triggered flip-flop clocked by clk)
Endpoint: _285_ (rising edge-triggered flip-flop clocked by clk)
Path Group: clk
Path Type: min

Fanout         Cap        Slew       Delay        Time   Description
---------------------------------------------------------------------------------------------
                      0.100000    0.000000    0.000000   clock clk (rise edge)
                                  0.000000    0.000000   clock network delay (ideal)
                      0.100000    0.000000    0.000000 ^ _284_/CLK (sg13g2_dfrbpq_1)
    18    0.057710    0.298932    0.503326    0.503326 v _284_/Q (sg13g2_dfrbpq_1)
                                                         DPATH.SUM.Cout0 (net)
                      0.298932    0.000000    0.503326 v _272_/A (sg13g2_xnor2_1)
     1    0.001355    0.041767    0.172175    0.675501 v _272_/Y (sg13g2_xnor2_1)
                                                         DPATH.SUM.fa_1.S (net)
                      0.041767    0.000000    0.675501 v _285_/D (sg13g2_dfrbpq_1)
                                              0.675501   data arrival time

                      0.100000    0.000000    0.000000   clock clk (rise edge)
                                  0.000000    0.000000   clock network delay (ideal)
                                  0.150000    0.150000   clock uncertainty
                                  0.000000    0.150000   clock reconvergence pessimism
                                              0.150000 ^ _285_/CLK (sg13g2_dfrbpq_1)
                                 -0.034774    0.115226   library hold time
                                              0.115226   data required time
---------------------------------------------------------------------------------------------
                                              0.115226   data required time
                                             -0.675501   data arrival time
---------------------------------------------------------------------------------------------
                                              0.560275   slack (MET)


Startpoint: _290_ (rising edge-triggered flip-flop clocked by clk)
Endpoint: _290_ (rising edge-triggered flip-flop clocked by clk)
Path Group: clk
Path Type: min

Fanout         Cap        Slew       Delay        Time   Description
---------------------------------------------------------------------------------------------
                      0.100000    0.000000    0.000000   clock clk (rise edge)
                                  0.000000    0.000000   clock network delay (ideal)
                      0.100000    0.000000    0.000000 ^ _290_/CLK (sg13g2_dfrbpq_1)
    15    0.043627    0.229235    0.451420    0.451420 v _290_/Q (sg13g2_dfrbpq_1)
                                                         DPATH.SUM.fa_6.A (net)
                      0.229235    0.000000    0.451420 v _151_/B (sg13g2_xnor2_1)
     1    0.004766    0.075541    0.164185    0.615606 v _151_/Y (sg13g2_xnor2_1)
                                                         _102_ (net)
                      0.075541    0.000000    0.615606 v _152_/B (sg13g2_xnor2_1)
     1    0.001355    0.040645    0.089873    0.705478 v _152_/Y (sg13g2_xnor2_1)
                                                         DPATH.SUM.fa_6.S (net)
                      0.040645    0.000000    0.705478 v _290_/D (sg13g2_dfrbpq_1)
                                              0.705478   data arrival time

                      0.100000    0.000000    0.000000   clock clk (rise edge)
                                  0.000000    0.000000   clock network delay (ideal)
                                  0.150000    0.150000   clock uncertainty
                                  0.000000    0.150000   clock reconvergence pessimism
                                              0.150000 ^ _290_/CLK (sg13g2_dfrbpq_1)
                                 -0.034322    0.115678   library hold time
                                              0.115678   data required time
---------------------------------------------------------------------------------------------
                                              0.115678   data required time
                                             -0.705478   data arrival time
---------------------------------------------------------------------------------------------
                                              0.589800   slack (MET)


Startpoint: _289_ (rising edge-triggered flip-flop clocked by clk)
Endpoint: _289_ (rising edge-triggered flip-flop clocked by clk)
Path Group: clk
Path Type: min

Fanout         Cap        Slew       Delay        Time   Description
---------------------------------------------------------------------------------------------
                      0.100000    0.000000    0.000000   clock clk (rise edge)
                                  0.000000    0.000000   clock network delay (ideal)
                      0.100000    0.000000    0.000000 ^ _289_/CLK (sg13g2_dfrbpq_1)
    15    0.041698    0.219688    0.444310    0.444310 v _289_/Q (sg13g2_dfrbpq_1)
                                                         DPATH.SUM.fa_5.A (net)
                      0.219688    0.000000    0.444310 v _136_/B (sg13g2_xnor2_1)
     2    0.008256    0.105740    0.190685    0.634995 v _136_/Y (sg13g2_xnor2_1)
                                                         _088_ (net)
                      0.105740    0.000000    0.634995 v _149_/A (sg13g2_xor2_1)
     1    0.001355    0.036802    0.108289    0.743284 v _149_/X (sg13g2_xor2_1)
                                                         DPATH.SUM.fa_5.S (net)
                      0.036802    0.000000    0.743284 v _289_/D (sg13g2_dfrbpq_1)
                                              0.743284   data arrival time

                      0.100000    0.000000    0.000000   clock clk (rise edge)
                                  0.000000    0.000000   clock network delay (ideal)
                                  0.150000    0.150000   clock uncertainty
                                  0.000000    0.150000   clock reconvergence pessimism
                                              0.150000 ^ _289_/CLK (sg13g2_dfrbpq_1)
                                 -0.032773    0.117227   library hold time
                                              0.117227   data required time
---------------------------------------------------------------------------------------------
                                              0.117227   data required time
                                             -0.743284   data arrival time
---------------------------------------------------------------------------------------------
                                              0.626057   slack (MET)


Startpoint: _292_ (rising edge-triggered flip-flop clocked by clk)
Endpoint: _291_ (rising edge-triggered flip-flop clocked by clk)
Path Group: clk
Path Type: min

Fanout         Cap        Slew       Delay        Time   Description
---------------------------------------------------------------------------------------------
                      0.100000    0.000000    0.000000   clock clk (rise edge)
                                  0.000000    0.000000   clock network delay (ideal)
                      0.100000    0.000000    0.000000 ^ _292_/CLK (sg13g2_dfrbpq_1)
    13    0.049086    0.256251    0.471540    0.471540 v _292_/Q (sg13g2_dfrbpq_1)
                                                         CTRL.S0 (net)
                      0.256251    0.000000    0.471540 v _157_/A (sg13g2_nand4_1)
     1    0.002803    0.060471    0.121551    0.593090 ^ _157_/Y (sg13g2_nand4_1)
                                                         _107_ (net)
                      0.060471    0.000000    0.593090 ^ _158_/C (sg13g2_nor3_1)
     2    0.007593    0.058273    0.077010    0.670100 v _158_/Y (sg13g2_nor3_1)
                                                         _108_ (net)
                      0.058273    0.000000    0.670100 v _159_/B (sg13g2_xnor2_1)
     1    0.001355    0.040406    0.082557    0.752657 v _159_/Y (sg13g2_xnor2_1)
                                                         CTRL.P1 (net)
                      0.040406    0.000000    0.752657 v _291_/D (sg13g2_dfrbpq_1)
                                              0.752657   data arrival time

                      0.100000    0.000000    0.000000   clock clk (rise edge)
                                  0.000000    0.000000   clock network delay (ideal)
                                  0.150000    0.150000   clock uncertainty
                                  0.000000    0.150000   clock reconvergence pessimism
                                              0.150000 ^ _291_/CLK (sg13g2_dfrbpq_1)
                                 -0.034226    0.115774   library hold time
                                              0.115774   data required time
---------------------------------------------------------------------------------------------
                                              0.115774   data required time
                                             -0.752657   data arrival time
---------------------------------------------------------------------------------------------
                                              0.636882   slack (MET)


Startpoint: _286_ (rising edge-triggered flip-flop clocked by clk)
Endpoint: _286_ (rising edge-triggered flip-flop clocked by clk)
Path Group: clk
Path Type: min

Fanout         Cap        Slew       Delay        Time   Description
---------------------------------------------------------------------------------------------
                      0.100000    0.000000    0.000000   clock clk (rise edge)
                                  0.000000    0.000000   clock network delay (ideal)
                      0.100000    0.000000    0.000000 ^ _286_/CLK (sg13g2_dfrbpq_1)
    16    0.049969    0.260623    0.474796    0.474796 v _286_/Q (sg13g2_dfrbpq_1)
                                                         DPATH.SUM.fa_2.A (net)
                      0.260623    0.000000    0.474796 v _143_/B (sg13g2_xor2_1)
     2    0.007525    0.069241    0.199312    0.674107 v _143_/X (sg13g2_xor2_1)
                                                         _095_ (net)
                      0.069241    0.000000    0.674107 v _273_/B (sg13g2_xor2_1)
     1    0.001355    0.036673    0.084195    0.758302 v _273_/X (sg13g2_xor2_1)
                                                         DPATH.SUM.fa_2.S (net)
                      0.036673    0.000000    0.758302 v _286_/D (sg13g2_dfrbpq_1)
                                              0.758302   data arrival time

                      0.100000    0.000000    0.000000   clock clk (rise edge)
                                  0.000000    0.000000   clock network delay (ideal)
                                  0.150000    0.150000   clock uncertainty
                                  0.000000    0.150000   clock reconvergence pessimism
                                              0.150000 ^ _286_/CLK (sg13g2_dfrbpq_1)
                                 -0.032721    0.117279   library hold time
                                              0.117279   data required time
---------------------------------------------------------------------------------------------
                                              0.117279   data required time
                                             -0.758302   data arrival time
---------------------------------------------------------------------------------------------
                                              0.641023   slack (MET)


Startpoint: _284_ (rising edge-triggered flip-flop clocked by clk)
Endpoint: _284_ (rising edge-triggered flip-flop clocked by clk)
Path Group: clk
Path Type: min

Fanout         Cap        Slew       Delay        Time   Description
---------------------------------------------------------------------------------------------
                      0.100000    0.000000    0.000000   clock clk (rise edge)
                                  0.000000    0.000000   clock network delay (ideal)
                      0.100000    0.000000    0.000000 ^ _284_/CLK (sg13g2_dfrbpq_1)
    18    0.057710    0.298932    0.503326    0.503326 v _284_/Q (sg13g2_dfrbpq_1)
                                                         DPATH.SUM.Cout0 (net)
                      0.298932    0.000000    0.503326 v _133_/A (sg13g2_inv_1)
     4    0.010191    0.126298    0.164424    0.667750 ^ _133_/Y (sg13g2_inv_1)
                                                         DPATH.SUM.ha_0.S (net)
                      0.126298    0.000000    0.667750 ^ _284_/D (sg13g2_dfrbpq_1)
                                              0.667750   data arrival time

                      0.100000    0.000000    0.000000   clock clk (rise edge)
                                  0.000000    0.000000   clock network delay (ideal)
                                  0.150000    0.150000   clock uncertainty
                                  0.000000    0.150000   clock reconvergence pessimism
                                              0.150000 ^ _284_/CLK (sg13g2_dfrbpq_1)
                                 -0.124275    0.025725   library hold time
                                              0.025725   data required time
---------------------------------------------------------------------------------------------
                                              0.025725   data required time
                                             -0.667750   data arrival time
---------------------------------------------------------------------------------------------
                                              0.642025   slack (MET)


Startpoint: _292_ (rising edge-triggered flip-flop clocked by clk)
Endpoint: _288_ (rising edge-triggered flip-flop clocked by clk)
Path Group: clk
Path Type: min

Fanout         Cap        Slew       Delay        Time   Description
---------------------------------------------------------------------------------------------
                      0.100000    0.000000    0.000000   clock clk (rise edge)
                                  0.000000    0.000000   clock network delay (ideal)
                      0.100000    0.000000    0.000000 ^ _292_/CLK (sg13g2_dfrbpq_1)
    13    0.049086    0.256251    0.471540    0.471540 v _292_/Q (sg13g2_dfrbpq_1)
                                                         CTRL.S0 (net)
                      0.256251    0.000000    0.471540 v _147_/A (sg13g2_xor2_1)
     2    0.007525    0.069241    0.206120    0.677660 v _147_/X (sg13g2_xor2_1)
                                                         _099_ (net)
                      0.069241    0.000000    0.677660 v _275_/B (sg13g2_xor2_1)
     1    0.001355    0.036674    0.084195    0.761854 v _275_/X (sg13g2_xor2_1)
                                                         DPATH.SUM.fa_4.S (net)
                      0.036674    0.000000    0.761854 v _288_/D (sg13g2_dfrbpq_1)
                                              0.761854   data arrival time

                      0.100000    0.000000    0.000000   clock clk (rise edge)
                                  0.000000    0.000000   clock network delay (ideal)
                                  0.150000    0.150000   clock uncertainty
                                  0.000000    0.150000   clock reconvergence pessimism
                                              0.150000 ^ _288_/CLK (sg13g2_dfrbpq_1)
                                 -0.032722    0.117278   library hold time
                                              0.117278   data required time
---------------------------------------------------------------------------------------------
                                              0.117278   data required time
                                             -0.761854   data arrival time
---------------------------------------------------------------------------------------------
                                              0.644576   slack (MET)


Startpoint: _292_ (rising edge-triggered flip-flop clocked by clk)
Endpoint: _287_ (rising edge-triggered flip-flop clocked by clk)
Path Group: clk
Path Type: min

Fanout         Cap        Slew       Delay        Time   Description
---------------------------------------------------------------------------------------------
                      0.100000    0.000000    0.000000   clock clk (rise edge)
                                  0.000000    0.000000   clock network delay (ideal)
                      0.100000    0.000000    0.000000 ^ _292_/CLK (sg13g2_dfrbpq_1)
    13    0.049086    0.256251    0.471540    0.471540 v _292_/Q (sg13g2_dfrbpq_1)
                                                         CTRL.S0 (net)
                      0.256251    0.000000    0.471540 v _145_/A (sg13g2_xnor2_1)
     2    0.007735    0.101231    0.213765    0.685304 v _145_/Y (sg13g2_xnor2_1)
                                                         _097_ (net)
                      0.101231    0.000000    0.685304 v _274_/B (sg13g2_xor2_1)
     1    0.001355    0.036461    0.098019    0.783323 v _274_/X (sg13g2_xor2_1)
                                                         DPATH.SUM.fa_3.S (net)
                      0.036461    0.000000    0.783323 v _287_/D (sg13g2_dfrbpq_1)
                                              0.783323   data arrival time

                      0.100000    0.000000    0.000000   clock clk (rise edge)
                                  0.000000    0.000000   clock network delay (ideal)
                                  0.150000    0.150000   clock uncertainty
                                  0.000000    0.150000   clock reconvergence pessimism
                                              0.150000 ^ _287_/CLK (sg13g2_dfrbpq_1)
                                 -0.032636    0.117364   library hold time
                                              0.117364   data required time
---------------------------------------------------------------------------------------------
                                              0.117364   data required time
                                             -0.783323   data arrival time
---------------------------------------------------------------------------------------------
                                              0.665959   slack (MET)


Startpoint: _289_ (rising edge-triggered flip-flop clocked by clk)
Endpoint: sine_out[0] (output port clocked by clk)
Path Group: clk
Path Type: min

Fanout         Cap        Slew       Delay        Time   Description
---------------------------------------------------------------------------------------------
                      0.100000    0.000000    0.000000   clock clk (rise edge)
                                  0.000000    0.000000   clock network delay (ideal)
                      0.100000    0.000000    0.000000 ^ _289_/CLK (sg13g2_dfrbpq_1)
    15    0.041698    0.219688    0.444310    0.444310 v _289_/Q (sg13g2_dfrbpq_1)
                                                         DPATH.SUM.fa_5.A (net)
                      0.219688    0.000000    0.444310 v _213_/A1 (sg13g2_o21ai_1)
     1    0.002783    0.049707    0.188815    0.633125 ^ _213_/Y (sg13g2_o21ai_1)
                                                         _042_ (net)
                      0.049707    0.000000    0.633125 ^ _214_/B1 (sg13g2_a21oi_1)
     1    0.080000    0.408330    0.344497    0.977622 v _214_/Y (sg13g2_a21oi_1)
                                                         sine_out[0] (net)
                      0.408330    0.000000    0.977622 v sine_out[0] (out)
                                              0.977622   data arrival time

                      0.100000    0.000000    0.000000   clock clk (rise edge)
                                  0.000000    0.000000   clock network delay (ideal)
                                  0.150000    0.150000   clock uncertainty
                                  0.000000    0.150000   clock reconvergence pessimism
                                  0.000000    0.150000   output external delay
                                              0.150000   data required time
---------------------------------------------------------------------------------------------
                                              0.150000   data required time
                                             -0.977622   data arrival time
---------------------------------------------------------------------------------------------
                                              0.827622   slack (MET)


Startpoint: _290_ (rising edge-triggered flip-flop clocked by clk)
Endpoint: sine_out[12] (output port clocked by clk)
Path Group: clk
Path Type: min

Fanout         Cap        Slew       Delay        Time   Description
---------------------------------------------------------------------------------------------
                      0.100000    0.000000    0.000000   clock clk (rise edge)
                                  0.000000    0.000000   clock network delay (ideal)
                      0.100000    0.000000    0.000000 ^ _290_/CLK (sg13g2_dfrbpq_1)
    15    0.045112    0.293714    0.483924    0.483924 ^ _290_/Q (sg13g2_dfrbpq_1)
                                                         DPATH.SUM.fa_6.A (net)
                      0.293714    0.000000    0.483924 ^ _265_/B1 (sg13g2_a21oi_1)
     1    0.080000    0.433356    0.499734    0.983659 v _265_/Y (sg13g2_a21oi_1)
                                                         sine_out[12] (net)
                      0.433356    0.000000    0.983659 v sine_out[12] (out)
                                              0.983659   data arrival time

                      0.100000    0.000000    0.000000   clock clk (rise edge)
                                  0.000000    0.000000   clock network delay (ideal)
                                  0.150000    0.150000   clock uncertainty
                                  0.000000    0.150000   clock reconvergence pessimism
                                  0.000000    0.150000   output external delay
                                              0.150000   data required time
---------------------------------------------------------------------------------------------
                                              0.150000   data required time
                                             -0.983659   data arrival time
---------------------------------------------------------------------------------------------
                                              0.833659   slack (MET)


Startpoint: _290_ (rising edge-triggered flip-flop clocked by clk)
Endpoint: sine_out[13] (output port clocked by clk)
Path Group: clk
Path Type: min

Fanout         Cap        Slew       Delay        Time   Description
---------------------------------------------------------------------------------------------
                      0.100000    0.000000    0.000000   clock clk (rise edge)
                                  0.000000    0.000000   clock network delay (ideal)
                      0.100000    0.000000    0.000000 ^ _290_/CLK (sg13g2_dfrbpq_1)
    15    0.045112    0.293714    0.483924    0.483924 ^ _290_/Q (sg13g2_dfrbpq_1)
                                                         DPATH.SUM.fa_6.A (net)
                      0.293714    0.000000    0.483924 ^ _266_/B1 (sg13g2_a21oi_1)
     1    0.080000    0.433356    0.499734    0.983659 v _266_/Y (sg13g2_a21oi_1)
                                                         sine_out[13] (net)
                      0.433356    0.000000    0.983659 v sine_out[13] (out)
                                              0.983659   data arrival time

                      0.100000    0.000000    0.000000   clock clk (rise edge)
                                  0.000000    0.000000   clock network delay (ideal)
                                  0.150000    0.150000   clock uncertainty
                                  0.000000    0.150000   clock reconvergence pessimism
                                  0.000000    0.150000   output external delay
                                              0.150000   data required time
---------------------------------------------------------------------------------------------
                                              0.150000   data required time
                                             -0.983659   data arrival time
---------------------------------------------------------------------------------------------
                                              0.833659   slack (MET)


Startpoint: _290_ (rising edge-triggered flip-flop clocked by clk)
Endpoint: sine_out[9] (output port clocked by clk)
Path Group: clk
Path Type: min

Fanout         Cap        Slew       Delay        Time   Description
---------------------------------------------------------------------------------------------
                      0.100000    0.000000    0.000000   clock clk (rise edge)
                                  0.000000    0.000000   clock network delay (ideal)
                      0.100000    0.000000    0.000000 ^ _290_/CLK (sg13g2_dfrbpq_1)
    15    0.045112    0.293714    0.483924    0.483924 ^ _290_/Q (sg13g2_dfrbpq_1)
                                                         DPATH.SUM.fa_6.A (net)
                      0.293714    0.000000    0.483924 ^ _259_/B1 (sg13g2_a21oi_1)
     1    0.080000    0.433356    0.499734    0.983659 v _259_/Y (sg13g2_a21oi_1)
                                                         sine_out[9] (net)
                      0.433356    0.000000    0.983659 v sine_out[9] (out)
                                              0.983659   data arrival time

                      0.100000    0.000000    0.000000   clock clk (rise edge)
                                  0.000000    0.000000   clock network delay (ideal)
                                  0.150000    0.150000   clock uncertainty
                                  0.000000    0.150000   clock reconvergence pessimism
                                  0.000000    0.150000   output external delay
                                              0.150000   data required time
---------------------------------------------------------------------------------------------
                                              0.150000   data required time
                                             -0.983659   data arrival time
---------------------------------------------------------------------------------------------
                                              0.833659   slack (MET)


Startpoint: _290_ (rising edge-triggered flip-flop clocked by clk)
Endpoint: sine_out[11] (output port clocked by clk)
Path Group: clk
Path Type: min

Fanout         Cap        Slew       Delay        Time   Description
---------------------------------------------------------------------------------------------
                      0.100000    0.000000    0.000000   clock clk (rise edge)
                                  0.000000    0.000000   clock network delay (ideal)
                      0.100000    0.000000    0.000000 ^ _290_/CLK (sg13g2_dfrbpq_1)
    15    0.045112    0.293714    0.483924    0.483924 ^ _290_/Q (sg13g2_dfrbpq_1)
                                                         DPATH.SUM.fa_6.A (net)
                      0.293714    0.000000    0.483924 ^ _263_/A (sg13g2_nor2_1)
     1    0.080000    0.406931    0.504542    0.988466 v _263_/Y (sg13g2_nor2_1)
                                                         sine_out[11] (net)
                      0.406931    0.000000    0.988466 v sine_out[11] (out)
                                              0.988466   data arrival time

                      0.100000    0.000000    0.000000   clock clk (rise edge)
                                  0.000000    0.000000   clock network delay (ideal)
                                  0.150000    0.150000   clock uncertainty
                                  0.000000    0.150000   clock reconvergence pessimism
                                  0.000000    0.150000   output external delay
                                              0.150000   data required time
---------------------------------------------------------------------------------------------
                                              0.150000   data required time
                                             -0.988466   data arrival time
---------------------------------------------------------------------------------------------
                                              0.838466   slack (MET)


Startpoint: _290_ (rising edge-triggered flip-flop clocked by clk)
Endpoint: sine_out[14] (output port clocked by clk)
Path Group: clk
Path Type: min

Fanout         Cap        Slew       Delay        Time   Description
---------------------------------------------------------------------------------------------
                      0.100000    0.000000    0.000000   clock clk (rise edge)
                                  0.000000    0.000000   clock network delay (ideal)
                      0.100000    0.000000    0.000000 ^ _290_/CLK (sg13g2_dfrbpq_1)
    15    0.043627    0.229235    0.451420    0.451420 v _290_/Q (sg13g2_dfrbpq_1)
                                                         DPATH.SUM.fa_6.A (net)
                      0.229235    0.000000    0.451420 v _267_/B1 (sg13g2_o21ai_1)
     1    0.080000    0.602594    0.567523    1.018943 ^ _267_/Y (sg13g2_o21ai_1)
                                                         sine_out[14] (net)
                      0.602594    0.000000    1.018943 ^ sine_out[14] (out)
                                              1.018943   data arrival time

                      0.100000    0.000000    0.000000   clock clk (rise edge)
                                  0.000000    0.000000   clock network delay (ideal)
                                  0.150000    0.150000   clock uncertainty
                                  0.000000    0.150000   clock reconvergence pessimism
                                  0.000000    0.150000   output external delay
                                              0.150000   data required time
---------------------------------------------------------------------------------------------
                                              0.150000   data required time
                                             -1.018943   data arrival time
---------------------------------------------------------------------------------------------
                                              0.868943   slack (MET)


Startpoint: _290_ (rising edge-triggered flip-flop clocked by clk)
Endpoint: sine_out[15] (output port clocked by clk)
Path Group: clk
Path Type: min

Fanout         Cap        Slew       Delay        Time   Description
---------------------------------------------------------------------------------------------
                      0.100000    0.000000    0.000000   clock clk (rise edge)
                                  0.000000    0.000000   clock network delay (ideal)
                      0.100000    0.000000    0.000000 ^ _290_/CLK (sg13g2_dfrbpq_1)
    15    0.043627    0.229235    0.451420    0.451420 v _290_/Q (sg13g2_dfrbpq_1)
                                                         DPATH.SUM.fa_6.A (net)
                      0.229235    0.000000    0.451420 v _128_/A (sg13g2_inv_1)
     3    0.008195    0.101251    0.131178    0.582599 ^ _128_/Y (sg13g2_inv_1)
                                                         _083_ (net)
                      0.101251    0.000000    0.582599 ^ _268_/B1 (sg13g2_a21o_1)
     1    0.080000    0.510101    0.464201    1.046799 ^ _268_/X (sg13g2_a21o_1)
                                                         sine_out[15] (net)
                      0.510101    0.000000    1.046799 ^ sine_out[15] (out)
                                              1.046799   data arrival time

                      0.100000    0.000000    0.000000   clock clk (rise edge)
                                  0.000000    0.000000   clock network delay (ideal)
                                  0.150000    0.150000   clock uncertainty
                                  0.000000    0.150000   clock reconvergence pessimism
                                  0.000000    0.150000   output external delay
                                              0.150000   data required time
---------------------------------------------------------------------------------------------
                                              0.150000   data required time
                                             -1.046799   data arrival time
---------------------------------------------------------------------------------------------
                                              0.896799   slack (MET)


Startpoint: _289_ (rising edge-triggered flip-flop clocked by clk)
Endpoint: sine_out[16] (output port clocked by clk)
Path Group: clk
Path Type: min

Fanout         Cap        Slew       Delay        Time   Description
---------------------------------------------------------------------------------------------
                      0.100000    0.000000    0.000000   clock clk (rise edge)
                                  0.000000    0.000000   clock network delay (ideal)
                      0.100000    0.000000    0.000000 ^ _289_/CLK (sg13g2_dfrbpq_1)
    15    0.043191    0.281821    0.475594    0.475594 ^ _289_/Q (sg13g2_dfrbpq_1)
                                                         DPATH.SUM.fa_5.A (net)
                      0.281821    0.000000    0.475594 ^ _209_/A (sg13g2_and2_1)
     3    0.008807    0.081362    0.238373    0.713968 ^ _209_/X (sg13g2_and2_1)
                                                         _038_ (net)
                      0.081362    0.000000    0.713968 ^ _270_/B1 (sg13g2_a21oi_1)
     1    0.080000    0.408399    0.364940    1.078908 v _270_/Y (sg13g2_a21oi_1)
                                                         sine_out[16] (net)
                      0.408399    0.000000    1.078908 v sine_out[16] (out)
                                              1.078908   data arrival time

                      0.100000    0.000000    0.000000   clock clk (rise edge)
                                  0.000000    0.000000   clock network delay (ideal)
                                  0.150000    0.150000   clock uncertainty
                                  0.000000    0.150000   clock reconvergence pessimism
                                  0.000000    0.150000   output external delay
                                              0.150000   data required time
---------------------------------------------------------------------------------------------
                                              0.150000   data required time
                                             -1.078908   data arrival time
---------------------------------------------------------------------------------------------
                                              0.928908   slack (MET)


Startpoint: _289_ (rising edge-triggered flip-flop clocked by clk)
Endpoint: sine_out[1] (output port clocked by clk)
Path Group: clk
Path Type: min

Fanout         Cap        Slew       Delay        Time   Description
---------------------------------------------------------------------------------------------
                      0.100000    0.000000    0.000000   clock clk (rise edge)
                                  0.000000    0.000000   clock network delay (ideal)
                      0.100000    0.000000    0.000000 ^ _289_/CLK (sg13g2_dfrbpq_1)
    15    0.041698    0.219688    0.444310    0.444310 v _289_/Q (sg13g2_dfrbpq_1)
                                                         DPATH.SUM.fa_5.A (net)
                      0.219688    0.000000    0.444310 v _184_/B (sg13g2_nand2b_1)
     2    0.006072    0.072945    0.134748    0.579058 ^ _184_/Y (sg13g2_nand2b_1)
                                                         _013_ (net)
                      0.072945    0.000000    0.579058 ^ _222_/A1 (sg13g2_o21ai_1)
     1    0.002653    0.053183    0.106110    0.685168 v _222_/Y (sg13g2_o21ai_1)
                                                         _050_ (net)
                      0.053183    0.000000    0.685168 v _223_/B1 (sg13g2_a21oi_1)
     1    0.002783    0.054371    0.066807    0.751974 ^ _223_/Y (sg13g2_a21oi_1)
                                                         _051_ (net)
                      0.054371    0.000000    0.751974 ^ _233_/B1 (sg13g2_a21oi_1)
     1    0.080000    0.408340    0.347509    1.099483 v _233_/Y (sg13g2_a21oi_1)
                                                         sine_out[1] (net)
                      0.408340    0.000000    1.099483 v sine_out[1] (out)
                                              1.099483   data arrival time

                      0.100000    0.000000    0.000000   clock clk (rise edge)
                                  0.000000    0.000000   clock network delay (ideal)
                                  0.150000    0.150000   clock uncertainty
                                  0.000000    0.150000   clock reconvergence pessimism
                                  0.000000    0.150000   output external delay
                                              0.150000   data required time
---------------------------------------------------------------------------------------------
                                              0.150000   data required time
                                             -1.099483   data arrival time
---------------------------------------------------------------------------------------------
                                              0.949483   slack (MET)


Startpoint: _289_ (rising edge-triggered flip-flop clocked by clk)
Endpoint: sine_out[17] (output port clocked by clk)
Path Group: clk
Path Type: min

Fanout         Cap        Slew       Delay        Time   Description
---------------------------------------------------------------------------------------------
                      0.100000    0.000000    0.000000   clock clk (rise edge)
                                  0.000000    0.000000   clock network delay (ideal)
                      0.100000    0.000000    0.000000 ^ _289_/CLK (sg13g2_dfrbpq_1)
    15    0.041698    0.219688    0.444310    0.444310 v _289_/Q (sg13g2_dfrbpq_1)
                                                         DPATH.SUM.fa_5.A (net)
                      0.219688    0.000000    0.444310 v _209_/A (sg13g2_and2_1)
     3    0.008323    0.063993    0.198313    0.642623 v _209_/X (sg13g2_and2_1)
                                                         _038_ (net)
                      0.063993    0.000000    0.642623 v _271_/B1 (sg13g2_o21ai_1)
     1    0.080000    0.598063    0.470554    1.113177 ^ _271_/Y (sg13g2_o21ai_1)
                                                         sine_out[17] (net)
                      0.598063    0.000000    1.113177 ^ sine_out[17] (out)
                                              1.113177   data arrival time

                      0.100000    0.000000    0.000000   clock clk (rise edge)
                                  0.000000    0.000000   clock network delay (ideal)
                                  0.150000    0.150000   clock uncertainty
                                  0.000000    0.150000   clock reconvergence pessimism
                                  0.000000    0.150000   output external delay
                                              0.150000   data required time
---------------------------------------------------------------------------------------------
                                              0.150000   data required time
                                             -1.113177   data arrival time
---------------------------------------------------------------------------------------------
                                              0.963177   slack (MET)


Startpoint: _290_ (rising edge-triggered flip-flop clocked by clk)
Endpoint: sine_out[10] (output port clocked by clk)
Path Group: clk
Path Type: min

Fanout         Cap        Slew       Delay        Time   Description
---------------------------------------------------------------------------------------------
                      0.100000    0.000000    0.000000   clock clk (rise edge)
                                  0.000000    0.000000   clock network delay (ideal)
                      0.100000    0.000000    0.000000 ^ _290_/CLK (sg13g2_dfrbpq_1)
    15    0.043627    0.229235    0.451420    0.451420 v _290_/Q (sg13g2_dfrbpq_1)
                                                         DPATH.SUM.fa_6.A (net)
                      0.229235    0.000000    0.451420 v _128_/A (sg13g2_inv_1)
     3    0.008195    0.101251    0.131178    0.582599 ^ _128_/Y (sg13g2_inv_1)
                                                         _083_ (net)
                      0.101251    0.000000    0.582599 ^ _260_/B (sg13g2_nand3b_1)
     1    0.002693    0.085107    0.136583    0.719181 v _260_/Y (sg13g2_nand3b_1)
                                                         _079_ (net)
                      0.085107    0.000000    0.719181 v _261_/B (sg13g2_nand2_1)
     1    0.080000    0.511185    0.419430    1.138612 ^ _261_/Y (sg13g2_nand2_1)
                                                         sine_out[10] (net)
                      0.511185    0.000000    1.138612 ^ sine_out[10] (out)
                                              1.138612   data arrival time

                      0.100000    0.000000    0.000000   clock clk (rise edge)
                                  0.000000    0.000000   clock network delay (ideal)
                                  0.150000    0.150000   clock uncertainty
                                  0.000000    0.150000   clock reconvergence pessimism
                                  0.000000    0.150000   output external delay
                                              0.150000   data required time
---------------------------------------------------------------------------------------------
                                              0.150000   data required time
                                             -1.138612   data arrival time
---------------------------------------------------------------------------------------------
                                              0.988612   slack (MET)


Startpoint: _290_ (rising edge-triggered flip-flop clocked by clk)
Endpoint: sine_out[2] (output port clocked by clk)
Path Group: clk
Path Type: min

Fanout         Cap        Slew       Delay        Time   Description
---------------------------------------------------------------------------------------------
                      0.100000    0.000000    0.000000   clock clk (rise edge)
                                  0.000000    0.000000   clock network delay (ideal)
                      0.100000    0.000000    0.000000 ^ _290_/CLK (sg13g2_dfrbpq_1)
    15    0.043627    0.229235    0.451420    0.451420 v _290_/Q (sg13g2_dfrbpq_1)
                                                         DPATH.SUM.fa_6.A (net)
                      0.229235    0.000000    0.451420 v _249_/S (sg13g2_mux2_1)
     1    0.002937    0.047483    0.257715    0.709136 v _249_/X (sg13g2_mux2_1)
                                                         _076_ (net)
                      0.047483    0.000000    0.709136 v _250_/B1 (sg13g2_o21ai_1)
     1    0.080000    0.598062    0.461182    1.170318 ^ _250_/Y (sg13g2_o21ai_1)
                                                         sine_out[2] (net)
                      0.598062    0.000000    1.170318 ^ sine_out[2] (out)
                                              1.170318   data arrival time

                      0.100000    0.000000    0.000000   clock clk (rise edge)
                                  0.000000    0.000000   clock network delay (ideal)
                                  0.150000    0.150000   clock uncertainty
                                  0.000000    0.150000   clock reconvergence pessimism
                                  0.000000    0.150000   output external delay
                                              0.150000   data required time
---------------------------------------------------------------------------------------------
                                              0.150000   data required time
                                             -1.170318   data arrival time
---------------------------------------------------------------------------------------------
                                              1.020318   slack (MET)


Startpoint: _284_ (rising edge-triggered flip-flop clocked by clk)
Endpoint: sine_out[5] (output port clocked by clk)
Path Group: clk
Path Type: min

Fanout         Cap        Slew       Delay        Time   Description
---------------------------------------------------------------------------------------------
                      0.100000    0.000000    0.000000   clock clk (rise edge)
                                  0.000000    0.000000   clock network delay (ideal)
                      0.100000    0.000000    0.000000 ^ _284_/CLK (sg13g2_dfrbpq_1)
    18    0.060122    0.386636    0.549008    0.549008 ^ _284_/Q (sg13g2_dfrbpq_1)
                                                         DPATH.SUM.Cout0 (net)
                      0.386636    0.000000    0.549008 ^ _254_/B (sg13g2_and3_1)
     2    0.005684    0.067822    0.311420    0.860429 ^ _254_/X (sg13g2_and3_1)
                                                         _078_ (net)
                      0.067822    0.000000    0.860429 ^ _255_/C (sg13g2_nor3_1)
     1    0.080000    0.394756    0.346343    1.206772 v _255_/Y (sg13g2_nor3_1)
                                                         sine_out[5] (net)
                      0.394756    0.000000    1.206772 v sine_out[5] (out)
                                              1.206772   data arrival time

                      0.100000    0.000000    0.000000   clock clk (rise edge)
                                  0.000000    0.000000   clock network delay (ideal)
                                  0.150000    0.150000   clock uncertainty
                                  0.000000    0.150000   clock reconvergence pessimism
                                  0.000000    0.150000   output external delay
                                              0.150000   data required time
---------------------------------------------------------------------------------------------
                                              0.150000   data required time
                                             -1.206772   data arrival time
---------------------------------------------------------------------------------------------
                                              1.056772   slack (MET)


Startpoint: _290_ (rising edge-triggered flip-flop clocked by clk)
Endpoint: sine_out[4] (output port clocked by clk)
Path Group: clk
Path Type: min

Fanout         Cap        Slew       Delay        Time   Description
---------------------------------------------------------------------------------------------
                      0.100000    0.000000    0.000000   clock clk (rise edge)
                                  0.000000    0.000000   clock network delay (ideal)
                      0.100000    0.000000    0.000000 ^ _290_/CLK (sg13g2_dfrbpq_1)
    15    0.045112    0.293714    0.483924    0.483924 ^ _290_/Q (sg13g2_dfrbpq_1)
                                                         DPATH.SUM.fa_6.A (net)
                      0.293714    0.000000    0.483924 ^ _153_/B (sg13g2_or2_1)
     9    0.025737    0.175624    0.301979    0.785903 ^ _153_/X (sg13g2_or2_1)
                                                         _103_ (net)
                      0.175624    0.000000    0.785903 ^ _253_/B (sg13g2_nor3_1)
     1    0.080000    0.398183    0.422237    1.208141 v _253_/Y (sg13g2_nor3_1)
                                                         sine_out[4] (net)
                      0.398183    0.000000    1.208141 v sine_out[4] (out)
                                              1.208141   data arrival time

                      0.100000    0.000000    0.000000   clock clk (rise edge)
                                  0.000000    0.000000   clock network delay (ideal)
                                  0.150000    0.150000   clock uncertainty
                                  0.000000    0.150000   clock reconvergence pessimism
                                  0.000000    0.150000   output external delay
                                              0.150000   data required time
---------------------------------------------------------------------------------------------
                                              0.150000   data required time
                                             -1.208141   data arrival time
---------------------------------------------------------------------------------------------
                                              1.058141   slack (MET)


Startpoint: _290_ (rising edge-triggered flip-flop clocked by clk)
Endpoint: sine_out[6] (output port clocked by clk)
Path Group: clk
Path Type: min

Fanout         Cap        Slew       Delay        Time   Description
---------------------------------------------------------------------------------------------
                      0.100000    0.000000    0.000000   clock clk (rise edge)
                                  0.000000    0.000000   clock network delay (ideal)
                      0.100000    0.000000    0.000000 ^ _290_/CLK (sg13g2_dfrbpq_1)
    15    0.045112    0.293714    0.483924    0.483924 ^ _290_/Q (sg13g2_dfrbpq_1)
                                                         DPATH.SUM.fa_6.A (net)
                      0.293714    0.000000    0.483924 ^ _153_/B (sg13g2_or2_1)
     9    0.025737    0.175624    0.301979    0.785903 ^ _153_/X (sg13g2_or2_1)
                                                         _103_ (net)
                      0.175624    0.000000    0.785903 ^ _256_/B1 (sg13g2_a21oi_1)
     1    0.080000    0.413771    0.425838    1.211741 v _256_/Y (sg13g2_a21oi_1)
                                                         sine_out[6] (net)
                      0.413771    0.000000    1.211741 v sine_out[6] (out)
                                              1.211741   data arrival time

                      0.100000    0.000000    0.000000   clock clk (rise edge)
                                  0.000000    0.000000   clock network delay (ideal)
                                  0.150000    0.150000   clock uncertainty
                                  0.000000    0.150000   clock reconvergence pessimism
                                  0.000000    0.150000   output external delay
                                              0.150000   data required time
---------------------------------------------------------------------------------------------
                                              0.150000   data required time
                                             -1.211741   data arrival time
---------------------------------------------------------------------------------------------
                                              1.061741   slack (MET)


Startpoint: _290_ (rising edge-triggered flip-flop clocked by clk)
Endpoint: sine_out[7] (output port clocked by clk)
Path Group: clk
Path Type: min

Fanout         Cap        Slew       Delay        Time   Description
---------------------------------------------------------------------------------------------
                      0.100000    0.000000    0.000000   clock clk (rise edge)
                                  0.000000    0.000000   clock network delay (ideal)
                      0.100000    0.000000    0.000000 ^ _290_/CLK (sg13g2_dfrbpq_1)
    15    0.045112    0.293714    0.483924    0.483924 ^ _290_/Q (sg13g2_dfrbpq_1)
                                                         DPATH.SUM.fa_6.A (net)
                      0.293714    0.000000    0.483924 ^ _153_/B (sg13g2_or2_1)
     9    0.025737    0.175624    0.301979    0.785903 ^ _153_/X (sg13g2_or2_1)
                                                         _103_ (net)
                      0.175624    0.000000    0.785903 ^ _257_/B1 (sg13g2_a21oi_1)
     1    0.080000    0.413771    0.425838    1.211741 v _257_/Y (sg13g2_a21oi_1)
                                                         sine_out[7] (net)
                      0.413771    0.000000    1.211741 v sine_out[7] (out)
                                              1.211741   data arrival time

                      0.100000    0.000000    0.000000   clock clk (rise edge)
                                  0.000000    0.000000   clock network delay (ideal)
                                  0.150000    0.150000   clock uncertainty
                                  0.000000    0.150000   clock reconvergence pessimism
                                  0.000000    0.150000   output external delay
                                              0.150000   data required time
---------------------------------------------------------------------------------------------
                                              0.150000   data required time
                                             -1.211741   data arrival time
---------------------------------------------------------------------------------------------
                                              1.061741   slack (MET)


Startpoint: _290_ (rising edge-triggered flip-flop clocked by clk)
Endpoint: sine_out[8] (output port clocked by clk)
Path Group: clk
Path Type: min

Fanout         Cap        Slew       Delay        Time   Description
---------------------------------------------------------------------------------------------
                      0.100000    0.000000    0.000000   clock clk (rise edge)
                                  0.000000    0.000000   clock network delay (ideal)
                      0.100000    0.000000    0.000000 ^ _290_/CLK (sg13g2_dfrbpq_1)
    15    0.045112    0.293714    0.483924    0.483924 ^ _290_/Q (sg13g2_dfrbpq_1)
                                                         DPATH.SUM.fa_6.A (net)
                      0.293714    0.000000    0.483924 ^ _153_/B (sg13g2_or2_1)
     9    0.025737    0.175624    0.301979    0.785903 ^ _153_/X (sg13g2_or2_1)
                                                         _103_ (net)
                      0.175624    0.000000    0.785903 ^ _258_/B1 (sg13g2_a21oi_1)
     1    0.080000    0.413771    0.425838    1.211741 v _258_/Y (sg13g2_a21oi_1)
                                                         sine_out[8] (net)
                      0.413771    0.000000    1.211741 v sine_out[8] (out)
                                              1.211741   data arrival time

                      0.100000    0.000000    0.000000   clock clk (rise edge)
                                  0.000000    0.000000   clock network delay (ideal)
                                  0.150000    0.150000   clock uncertainty
                                  0.000000    0.150000   clock reconvergence pessimism
                                  0.000000    0.150000   output external delay
                                              0.150000   data required time
---------------------------------------------------------------------------------------------
                                              0.150000   data required time
                                             -1.211741   data arrival time
---------------------------------------------------------------------------------------------
                                              1.061741   slack (MET)


Startpoint: _290_ (rising edge-triggered flip-flop clocked by clk)
Endpoint: sine_out[3] (output port clocked by clk)
Path Group: clk
Path Type: min

Fanout         Cap        Slew       Delay        Time   Description
---------------------------------------------------------------------------------------------
                      0.100000    0.000000    0.000000   clock clk (rise edge)
                                  0.000000    0.000000   clock network delay (ideal)
                      0.100000    0.000000    0.000000 ^ _290_/CLK (sg13g2_dfrbpq_1)
    15    0.045112    0.293714    0.483924    0.483924 ^ _290_/Q (sg13g2_dfrbpq_1)
                                                         DPATH.SUM.fa_6.A (net)
                      0.293714    0.000000    0.483924 ^ _153_/B (sg13g2_or2_1)
     9    0.025737    0.175624    0.301979    0.785903 ^ _153_/X (sg13g2_or2_1)
                                                         _103_ (net)
                      0.175624    0.000000    0.785903 ^ _252_/A (sg13g2_nor2_1)
     1    0.080000    0.406994    0.430385    1.216288 v _252_/Y (sg13g2_nor2_1)
                                                         sine_out[3] (net)
                      0.406994    0.000000    1.216288 v sine_out[3] (out)
                                              1.216288   data arrival time

                      0.100000    0.000000    0.000000   clock clk (rise edge)
                                  0.000000    0.000000   clock network delay (ideal)
                                  0.150000    0.150000   clock uncertainty
                                  0.000000    0.150000   clock reconvergence pessimism
                                  0.000000    0.150000   output external delay
                                              0.150000   data required time
---------------------------------------------------------------------------------------------
                                              0.150000   data required time
                                             -1.216288   data arrival time
---------------------------------------------------------------------------------------------
                                              1.066288   slack (MET)


Startpoint: _291_ (rising edge-triggered flip-flop clocked by clk)
Endpoint: signB (output port clocked by clk)
Path Group: clk
Path Type: min

Fanout         Cap        Slew       Delay        Time   Description
---------------------------------------------------------------------------------------------
                      0.100000    0.000000    0.000000   clock clk (rise edge)
                                  0.000000    0.000000   clock network delay (ideal)
                      0.100000    0.000000    0.000000 ^ _291_/CLK (sg13g2_dfrbpq_1)
     2    0.082646    0.422305    0.595264    0.595264 v _291_/Q (sg13g2_dfrbpq_1)
                                                         sign (net)
                      0.422305    0.000000    0.595264 v _129_/A (sg13g2_inv_1)
     2    0.085247    0.573232    0.626092    1.221357 ^ _129_/Y (sg13g2_inv_1)
                                                         signB (net)
                      0.573232    0.000000    1.221357 ^ signB (out)
                                              1.221357   data arrival time

                      0.100000    0.000000    0.000000   clock clk (rise edge)
                                  0.000000    0.000000   clock network delay (ideal)
                                  0.150000    0.150000   clock uncertainty
                                  0.000000    0.150000   clock reconvergence pessimism
                                  0.000000    0.150000   output external delay
                                              0.150000   data required time
---------------------------------------------------------------------------------------------
                                              0.150000   data required time
                                             -1.221357   data arrival time
---------------------------------------------------------------------------------------------
                                              1.071357   slack (MET)



