Using 12 threads…
Using a tile size of (500 µm)²…
Reading /home/designer/shared/Bioimpedance-ASIC-for-skin-cancer-detection/current_generator/digital/DigitalSine/runs/RUN_2025-12-12_17-17-45/57-magic-streamout/DigitalSine.magic.gds ..
Reading /home/designer/shared/Bioimpedance-ASIC-for-skin-cancer-detection/current_generator/digital/DigitalSine/runs/RUN_2025-12-12_17-17-45/58-klayout-streamout/DigitalSine.klayout.gds ..
--- Running XOR for layer 1/0 ---
"input" in: xor.drc:109
    Polygons (raw): 2529 (flat)  149 (hierarchical)
    Elapsed: 0.000s  Memory: 413.00M
"input" in: xor.drc:109
    Polygons (raw): 2529 (flat)  149 (hierarchical)
    Elapsed: 0.000s  Memory: 413.00M
"^" in: xor.drc:109
    Polygons (raw): 0 (flat)  0 (hierarchical)
    Elapsed: 0.010s  Memory: 416.00M
XOR differences: 0
"output" in: xor.drc:86
    Polygons (raw): 0 (flat)  0 (hierarchical)
    Elapsed: 0.000s  Memory: 416.00M
--- Running XOR for layer 10/0 ---
"input" in: xor.drc:109
    Polygons (raw): 2094 (flat)  2094 (hierarchical)
    Elapsed: 0.000s  Memory: 416.00M
"input" in: xor.drc:109
    Polygons (raw): 2674 (flat)  1224 (hierarchical)
    Elapsed: 0.000s  Memory: 416.00M
"^" in: xor.drc:109
    Polygons (raw): 0 (flat)  0 (hierarchical)
    Elapsed: 0.020s  Memory: 418.00M
XOR differences: 0
"output" in: xor.drc:86
    Polygons (raw): 0 (flat)  0 (hierarchical)
    Elapsed: 0.000s  Memory: 418.00M
--- Running XOR for layer 10/2 ---
"input" in: xor.drc:109
    Polygons (raw): 33 (flat)  33 (hierarchical)
    Elapsed: 0.000s  Memory: 418.00M
"input" in: xor.drc:109
    Polygons (raw): 33 (flat)  33 (hierarchical)
    Elapsed: 0.000s  Memory: 418.00M
"^" in: xor.drc:109
    Polygons (raw): 0 (flat)  0 (hierarchical)
    Elapsed: 0.010s  Memory: 418.00M
XOR differences: 0
"output" in: xor.drc:86
    Polygons (raw): 0 (flat)  0 (hierarchical)
    Elapsed: 0.000s  Memory: 418.00M
--- Running XOR for layer 10/25 ---
"input" in: xor.drc:109
    Polygons (raw): 0 (flat)  0 (hierarchical)
    Elapsed: 0.000s  Memory: 418.00M
"input" in: xor.drc:109
    Polygons (raw): 0 (flat)  0 (hierarchical)
    Elapsed: 0.000s  Memory: 418.00M
"^" in: xor.drc:109
    Polygons (raw): 0 (flat)  0 (hierarchical)
    Elapsed: 0.000s  Memory: 418.00M
XOR differences: 0
"output" in: xor.drc:86
    Polygons (raw): 0 (flat)  0 (hierarchical)
    Elapsed: 0.010s  Memory: 419.00M
--- Running XOR for layer 125/0 ---
"input" in: xor.drc:109
    Polygons (raw): 44 (flat)  44 (hierarchical)
    Elapsed: 0.000s  Memory: 419.00M
"input" in: xor.drc:109
    Polygons (raw): 44 (flat)  2 (hierarchical)
    Elapsed: 0.000s  Memory: 419.00M
"^" in: xor.drc:109
    Polygons (raw): 0 (flat)  0 (hierarchical)
    Elapsed: 0.000s  Memory: 419.00M
XOR differences: 0
"output" in: xor.drc:86
    Polygons (raw): 0 (flat)  0 (hierarchical)
    Elapsed: 0.000s  Memory: 419.00M
--- Running XOR for layer 126/0 ---
"input" in: xor.drc:109
    Polygons (raw): 6 (flat)  6 (hierarchical)
    Elapsed: 0.000s  Memory: 419.00M
"input" in: xor.drc:109
    Polygons (raw): 52 (flat)  17 (hierarchical)
    Elapsed: 0.000s  Memory: 419.00M
"^" in: xor.drc:109
    Polygons (raw): 0 (flat)  0 (hierarchical)
    Elapsed: 0.000s  Memory: 419.00M
XOR differences: 0
"output" in: xor.drc:86
    Polygons (raw): 0 (flat)  0 (hierarchical)
    Elapsed: 0.000s  Memory: 419.00M
--- Running XOR for layer 126/2 ---
"input" in: xor.drc:109
    Polygons (raw): 6 (flat)  6 (hierarchical)
    Elapsed: 0.000s  Memory: 420.00M
"input" in: xor.drc:109
    Polygons (raw): 6 (flat)  6 (hierarchical)
    Elapsed: 0.000s  Memory: 420.00M
"^" in: xor.drc:109
    Polygons (raw): 0 (flat)  0 (hierarchical)
    Elapsed: 0.010s  Memory: 420.00M
XOR differences: 0
"output" in: xor.drc:86
    Polygons (raw): 0 (flat)  0 (hierarchical)
    Elapsed: 0.000s  Memory: 420.00M
--- Running XOR for layer 126/25 ---
"input" in: xor.drc:109
    Polygons (raw): 0 (flat)  0 (hierarchical)
    Elapsed: 0.000s  Memory: 420.00M
"input" in: xor.drc:109
    Polygons (raw): 0 (flat)  0 (hierarchical)
    Elapsed: 0.000s  Memory: 420.00M
"^" in: xor.drc:109
    Polygons (raw): 0 (flat)  0 (hierarchical)
    Elapsed: 0.010s  Memory: 420.00M
XOR differences: 0
"output" in: xor.drc:86
    Polygons (raw): 0 (flat)  0 (hierarchical)
    Elapsed: 0.000s  Memory: 420.00M
--- Running XOR for layer 133/0 ---
"input" in: xor.drc:109
    Polygons (raw): 18 (flat)  18 (hierarchical)
    Elapsed: 0.000s  Memory: 420.00M
"input" in: xor.drc:109
    Polygons (raw): 18 (flat)  4 (hierarchical)
    Elapsed: 0.000s  Memory: 420.00M
"^" in: xor.drc:109
    Polygons (raw): 0 (flat)  0 (hierarchical)
    Elapsed: 0.000s  Memory: 421.00M
XOR differences: 0
"output" in: xor.drc:86
    Polygons (raw): 0 (flat)  0 (hierarchical)
    Elapsed: 0.000s  Memory: 421.00M
--- Running XOR for layer 134/0 ---
"input" in: xor.drc:109
    Polygons (raw): 6 (flat)  6 (hierarchical)
    Elapsed: 0.000s  Memory: 421.00M
"input" in: xor.drc:109
    Polygons (raw): 30 (flat)  16 (hierarchical)
    Elapsed: 0.000s  Memory: 421.00M
"^" in: xor.drc:109
    Polygons (raw): 0 (flat)  0 (hierarchical)
    Elapsed: 0.010s  Memory: 421.00M
XOR differences: 0
"output" in: xor.drc:86
    Polygons (raw): 0 (flat)  0 (hierarchical)
    Elapsed: 0.000s  Memory: 421.00M
--- Running XOR for layer 134/2 ---
"input" in: xor.drc:109
    Polygons (raw): 6 (flat)  6 (hierarchical)
    Elapsed: 0.000s  Memory: 421.00M
"input" in: xor.drc:109
    Polygons (raw): 6 (flat)  6 (hierarchical)
    Elapsed: 0.000s  Memory: 421.00M
"^" in: xor.drc:109
    Polygons (raw): 0 (flat)  0 (hierarchical)
    Elapsed: 0.000s  Memory: 421.00M
XOR differences: 0
"output" in: xor.drc:86
    Polygons (raw): 0 (flat)  0 (hierarchical)
    Elapsed: 0.000s  Memory: 421.00M
--- Running XOR for layer 134/25 ---
"input" in: xor.drc:109
    Polygons (raw): 0 (flat)  0 (hierarchical)
    Elapsed: 0.000s  Memory: 422.00M
"input" in: xor.drc:109
    Polygons (raw): 0 (flat)  0 (hierarchical)
    Elapsed: 0.000s  Memory: 422.00M
"^" in: xor.drc:109
    Polygons (raw): 0 (flat)  0 (hierarchical)
    Elapsed: 0.000s  Memory: 422.00M
XOR differences: 0
"output" in: xor.drc:86
    Polygons (raw): 0 (flat)  0 (hierarchical)
    Elapsed: 0.000s  Memory: 422.00M
--- Running XOR for layer 14/0 ---
"input" in: xor.drc:109
    Polygons (raw): 1270 (flat)  63 (hierarchical)
    Elapsed: 0.000s  Memory: 422.00M
"input" in: xor.drc:109
    Polygons (raw): 1270 (flat)  63 (hierarchical)
    Elapsed: 0.000s  Memory: 422.00M
"^" in: xor.drc:109
    Polygons (raw): 0 (flat)  0 (hierarchical)
    Elapsed: 0.010s  Memory: 423.00M
XOR differences: 0
"output" in: xor.drc:86
    Polygons (raw): 0 (flat)  0 (hierarchical)
    Elapsed: 0.000s  Memory: 423.00M
--- Running XOR for layer 189/4 ---
"input" in: xor.drc:109
    Polygons (raw): 633 (flat)  32 (hierarchical)
    Elapsed: 0.000s  Memory: 423.00M
"input" in: xor.drc:109
    Polygons (raw): 633 (flat)  32 (hierarchical)
    Elapsed: 0.000s  Memory: 423.00M
"^" in: xor.drc:109
    Polygons (raw): 0 (flat)  0 (hierarchical)
    Elapsed: 0.010s  Memory: 424.00M
XOR differences: 0
"output" in: xor.drc:86
    Polygons (raw): 0 (flat)  0 (hierarchical)
    Elapsed: 0.000s  Memory: 424.00M
--- Running XOR for layer 19/0 ---
"input" in: xor.drc:109
    Polygons (raw): 864 (flat)  864 (hierarchical)
    Elapsed: 0.000s  Memory: 424.00M
"input" in: xor.drc:109
    Polygons (raw): 864 (flat)  7 (hierarchical)
    Elapsed: 0.000s  Memory: 424.00M
"^" in: xor.drc:109
    Polygons (raw): 0 (flat)  0 (hierarchical)
    Elapsed: 0.010s  Memory: 425.00M
XOR differences: 0
"output" in: xor.drc:86
    Polygons (raw): 0 (flat)  0 (hierarchical)
    Elapsed: 0.000s  Memory: 425.00M
--- Running XOR for layer 29/0 ---
"input" in: xor.drc:109
    Polygons (raw): 767 (flat)  767 (hierarchical)
    Elapsed: 0.000s  Memory: 425.00M
"input" in: xor.drc:109
    Polygons (raw): 767 (flat)  6 (hierarchical)
    Elapsed: 0.000s  Memory: 425.00M
"^" in: xor.drc:109
    Polygons (raw): 0 (flat)  0 (hierarchical)
    Elapsed: 0.010s  Memory: 425.00M
XOR differences: 0
"output" in: xor.drc:86
    Polygons (raw): 0 (flat)  0 (hierarchical)
    Elapsed: 0.000s  Memory: 425.00M
--- Running XOR for layer 30/0 ---
"input" in: xor.drc:109
    Polygons (raw): 529 (flat)  529 (hierarchical)
    Elapsed: 0.000s  Memory: 425.00M
"input" in: xor.drc:109
    Polygons (raw): 1257 (flat)  506 (hierarchical)
    Elapsed: 0.000s  Memory: 426.00M
"^" in: xor.drc:109
    Polygons (raw): 0 (flat)  0 (hierarchical)
    Elapsed: 0.020s  Memory: 426.00M
XOR differences: 0
"output" in: xor.drc:86
    Polygons (raw): 0 (flat)  0 (hierarchical)
    Elapsed: 0.000s  Memory: 426.00M
--- Running XOR for layer 30/2 ---
"input" in: xor.drc:109
    Polygons (raw): 4 (flat)  4 (hierarchical)
    Elapsed: 0.000s  Memory: 426.00M
"input" in: xor.drc:109
    Polygons (raw): 4 (flat)  4 (hierarchical)
    Elapsed: 0.000s  Memory: 426.00M
"^" in: xor.drc:109
    Polygons (raw): 0 (flat)  0 (hierarchical)
    Elapsed: 0.000s  Memory: 426.00M
XOR differences: 0
"output" in: xor.drc:86
    Polygons (raw): 0 (flat)  0 (hierarchical)
    Elapsed: 0.010s  Memory: 426.00M
--- Running XOR for layer 30/25 ---
"input" in: xor.drc:109
    Polygons (raw): 0 (flat)  0 (hierarchical)
    Elapsed: 0.000s  Memory: 426.00M
"input" in: xor.drc:109
    Polygons (raw): 0 (flat)  0 (hierarchical)
    Elapsed: 0.000s  Memory: 426.00M
"^" in: xor.drc:109
    Polygons (raw): 0 (flat)  0 (hierarchical)
    Elapsed: 0.010s  Memory: 427.00M
XOR differences: 0
"output" in: xor.drc:86
    Polygons (raw): 0 (flat)  0 (hierarchical)
    Elapsed: 0.000s  Memory: 427.00M
--- Running XOR for layer 31/0 ---
"input" in: xor.drc:109
    Polygons (raw): 632 (flat)  31 (hierarchical)
    Elapsed: 0.000s  Memory: 427.00M
"input" in: xor.drc:109
    Polygons (raw): 632 (flat)  31 (hierarchical)
    Elapsed: 0.000s  Memory: 427.00M
"^" in: xor.drc:109
    Polygons (raw): 0 (flat)  0 (hierarchical)
    Elapsed: 0.010s  Memory: 427.00M
XOR differences: 0
"output" in: xor.drc:86
    Polygons (raw): 0 (flat)  0 (hierarchical)
    Elapsed: 0.000s  Memory: 427.00M
--- Running XOR for layer 49/0 ---
"input" in: xor.drc:109
    Polygons (raw): 164 (flat)  164 (hierarchical)
    Elapsed: 0.000s  Memory: 427.00M
"input" in: xor.drc:109
    Polygons (raw): 164 (flat)  6 (hierarchical)
    Elapsed: 0.000s  Memory: 427.00M
"^" in: xor.drc:109
    Polygons (raw): 0 (flat)  0 (hierarchical)
    Elapsed: 0.010s  Memory: 427.00M
XOR differences: 0
"output" in: xor.drc:86
    Polygons (raw): 0 (flat)  0 (hierarchical)
    Elapsed: 0.000s  Memory: 427.00M
--- Running XOR for layer 5/0 ---
"input" in: xor.drc:109
    Polygons (raw): 1621 (flat)  111 (hierarchical)
    Elapsed: 0.000s  Memory: 427.00M
"input" in: xor.drc:109
    Polygons (raw): 1621 (flat)  111 (hierarchical)
    Elapsed: 0.000s  Memory: 427.00M
"^" in: xor.drc:109
    Polygons (raw): 0 (flat)  0 (hierarchical)
    Elapsed: 0.020s  Memory: 428.00M
XOR differences: 0
"output" in: xor.drc:86
    Polygons (raw): 0 (flat)  0 (hierarchical)
    Elapsed: 0.000s  Memory: 428.00M
--- Running XOR for layer 50/0 ---
"input" in: xor.drc:109
    Polygons (raw): 62 (flat)  62 (hierarchical)
    Elapsed: 0.000s  Memory: 428.00M
"input" in: xor.drc:109
    Polygons (raw): 140 (flat)  38 (hierarchical)
    Elapsed: 0.000s  Memory: 428.00M
"^" in: xor.drc:109
    Polygons (raw): 0 (flat)  0 (hierarchical)
    Elapsed: 0.000s  Memory: 428.00M
XOR differences: 0
"output" in: xor.drc:86
    Polygons (raw): 0 (flat)  0 (hierarchical)
    Elapsed: 0.000s  Memory: 428.00M
--- Running XOR for layer 50/25 ---
"input" in: xor.drc:109
    Polygons (raw): 0 (flat)  0 (hierarchical)
    Elapsed: 0.000s  Memory: 428.00M
"input" in: xor.drc:109
    Polygons (raw): 0 (flat)  0 (hierarchical)
    Elapsed: 0.000s  Memory: 428.00M
"^" in: xor.drc:109
    Polygons (raw): 0 (flat)  0 (hierarchical)
    Elapsed: 0.000s  Memory: 428.00M
XOR differences: 0
"output" in: xor.drc:86
    Polygons (raw): 0 (flat)  0 (hierarchical)
    Elapsed: 0.000s  Memory: 428.00M
--- Running XOR for layer 6/0 ---
"input" in: xor.drc:109
    Polygons (raw): 18542 (flat)  1334 (hierarchical)
    Elapsed: 0.010s  Memory: 428.00M
"input" in: xor.drc:109
    Polygons (raw): 18542 (flat)  1334 (hierarchical)
    Elapsed: 0.000s  Memory: 428.00M
"^" in: xor.drc:109
    Polygons (raw): 0 (flat)  0 (hierarchical)
    Elapsed: 0.060s  Memory: 428.00M
XOR differences: 0
"output" in: xor.drc:86
    Polygons (raw): 0 (flat)  0 (hierarchical)
    Elapsed: 0.000s  Memory: 428.00M
--- Running XOR for layer 66/0 ---
"input" in: xor.drc:109
    Polygons (raw): 118 (flat)  118 (hierarchical)
    Elapsed: 0.000s  Memory: 428.00M
"input" in: xor.drc:109
    Polygons (raw): 118 (flat)  6 (hierarchical)
    Elapsed: 0.000s  Memory: 428.00M
"^" in: xor.drc:109
    Polygons (raw): 0 (flat)  0 (hierarchical)
    Elapsed: 0.000s  Memory: 428.00M
XOR differences: 0
"output" in: xor.drc:86
    Polygons (raw): 0 (flat)  0 (hierarchical)
    Elapsed: 0.000s  Memory: 428.00M
--- Running XOR for layer 67/0 ---
"input" in: xor.drc:109
    Polygons (raw): 26 (flat)  26 (hierarchical)
    Elapsed: 0.000s  Memory: 428.00M
"input" in: xor.drc:109
    Polygons (raw): 78 (flat)  29 (hierarchical)
    Elapsed: 0.000s  Memory: 428.00M
"^" in: xor.drc:109
    Polygons (raw): 0 (flat)  0 (hierarchical)
    Elapsed: 0.000s  Memory: 428.00M
XOR differences: 0
"output" in: xor.drc:86
    Polygons (raw): 0 (flat)  0 (hierarchical)
    Elapsed: 0.000s  Memory: 428.00M
--- Running XOR for layer 8/0 ---
"input" in: xor.drc:109
    Polygons (raw): 3108 (flat)  978 (hierarchical)
    Elapsed: 0.000s  Memory: 428.00M
"input" in: xor.drc:109
    Polygons (raw): 3130 (flat)  227 (hierarchical)
    Elapsed: 0.000s  Memory: 428.00M
"^" in: xor.drc:109
    Polygons (raw): 0 (flat)  0 (hierarchical)
    Elapsed: 0.040s  Memory: 432.00M
XOR differences: 0
"output" in: xor.drc:86
    Polygons (raw): 0 (flat)  0 (hierarchical)
    Elapsed: 0.000s  Memory: 432.00M
--- Running XOR for layer 8/2 ---
"input" in: xor.drc:109
    Polygons (raw): 2049 (flat)  152 (hierarchical)
    Elapsed: 0.000s  Memory: 432.00M
"input" in: xor.drc:109
    Polygons (raw): 2049 (flat)  152 (hierarchical)
    Elapsed: 0.000s  Memory: 432.00M
"^" in: xor.drc:109
    Polygons (raw): 0 (flat)  0 (hierarchical)
    Elapsed: 0.010s  Memory: 432.00M
XOR differences: 0
"output" in: xor.drc:86
    Polygons (raw): 0 (flat)  0 (hierarchical)
    Elapsed: 0.000s  Memory: 432.00M
--- Running XOR for layer 8/25 ---
"input" in: xor.drc:109
    Polygons (raw): 0 (flat)  0 (hierarchical)
    Elapsed: 0.000s  Memory: 432.00M
"input" in: xor.drc:109
    Polygons (raw): 0 (flat)  0 (hierarchical)
    Elapsed: 0.000s  Memory: 432.00M
"^" in: xor.drc:109
    Polygons (raw): 0 (flat)  0 (hierarchical)
    Elapsed: 0.000s  Memory: 432.00M
XOR differences: 0
"output" in: xor.drc:86
    Polygons (raw): 0 (flat)  0 (hierarchical)
    Elapsed: 0.000s  Memory: 432.00M
---
Total XOR differences: 0
Writing report database: /home/designer/shared/Bioimpedance-ASIC-for-skin-cancer-detection/current_generator/digital/DigitalSine/runs/RUN_2025-12-12_17-17-45/61-klayout-xor/xor.xml ..
Total elapsed: 0.460s  Memory: 432.00M
/home/designer/shared/Bioimpedance-ASIC-for-skin-cancer-detection/current_generator/digital/DigitalSine/runs/RUN_2025-12-12_17-17-45/57-magic-streamout/DigitalSine.magic.gds
/home/designer/shared/Bioimpedance-ASIC-for-skin-cancer-detection/current_generator/digital/DigitalSine/runs/RUN_2025-12-12_17-17-45/58-klayout-streamout/DigitalSine.klayout.gds
%OL_METRIC_I design__xor_difference__count 0
