Clock: clk
Sources: clk 
Generated: no
Virtual: yes
Propagated: no
Period: 5.000000

===========================================================================
report_clock_properties
============================================================================
Clock                   Period          Waveform
----------------------------------------------------
clk                   5.000000    0.000000  2.500000

===========================================================================
report_clock_latency
============================================================================
Clock clk
rise -> rise
    min     max
0.000000 0.000000 source latency
0.086088         network latency _297_/CLK
        0.087545 network latency _296_/CLK
---------------
0.086088 0.087545 latency
        0.001458 skew

fall -> fall
    min     max
0.000000 0.000000 source latency
0.091547         network latency _297_/CLK
        0.092822 network latency _296_/CLK
---------------
0.091547 0.092822 latency
        0.001276 skew



===========================================================================
report_clock_min_period
============================================================================
clk period_min = 1.26 fmax = 790.73
