Reading timing models for corner nom_typ_1p20V_25C…
Reading timing library for the 'nom_typ_1p20V_25C' corner at '/opt/pdks/ciel/ihp-sg13g2/versions/cb7daaa8901016cf7c5d272dfa322c41f024931f/ihp-sg13g2/libs.ref/sg13g2_stdcell/lib/sg13g2_stdcell_typ_1p20V_25C.lib'…
Reading OpenROAD database at '/home/designer/shared/Bioimpedance-ASIC-for-skin-cancer-detection/current_generator/digital/DigitalSine/runs/RUN_2025-12-11_20-30-25/24-openroad-globalplacementskipio/DigitalSine.odb'…
Reading design constraints file at '/nix/store/sfc122jplczjy5i6pd5radwb3k94mh33-python3.12-librelane-3.0.0.dev45/lib/python3.12/site-packages/librelane/scripts/base.sdc'…
[INFO] Using clock clk…
[INFO] Setting output delay to: 5
[INFO] Setting input delay to: 5
[INFO] Setting load to: 0.006
[INFO] Setting clock uncertainty to: 0.25
[INFO] Setting clock transition to: 0.15
[INFO] Setting timing derate to: 5%
+ place_pins -random_seed 42 -hor_layers Metal3 -ver_layers Metal2
Found 0 macro blocks.
Using 2 tracks default min distance between IO pins.
[INFO PPL-0001] Number of available slots 356
[INFO PPL-0002] Number of I/O             37
[INFO PPL-0003] Number of I/O w/sink      37
[INFO PPL-0004] Number of I/O w/o sink    0
[INFO PPL-0005] Slots per section         200
[INFO PPL-0008] Successfully assigned pins to sections.
[INFO PPL-0012] I/O nets HPWL: 995.97 um.
Setting global connections for newly added cells…
[INFO] Setting global connections...
Updating metrics…
Cell type report:                       Count       Area
  Inverter                                 15      81.65
  Sequential cell                           9     440.90
  Multi-Input combinational cell          153    1398.90
  Total                                   177    1921.45
Writing OpenROAD database to '/home/designer/shared/Bioimpedance-ASIC-for-skin-cancer-detection/current_generator/digital/DigitalSine/runs/RUN_2025-12-11_20-30-25/25-openroad-ioplacement/DigitalSine.odb'…
Writing netlist to '/home/designer/shared/Bioimpedance-ASIC-for-skin-cancer-detection/current_generator/digital/DigitalSine/runs/RUN_2025-12-11_20-30-25/25-openroad-ioplacement/DigitalSine.nl.v'…
Writing powered netlist to '/home/designer/shared/Bioimpedance-ASIC-for-skin-cancer-detection/current_generator/digital/DigitalSine/runs/RUN_2025-12-11_20-30-25/25-openroad-ioplacement/DigitalSine.pnl.v'…
Writing layout to '/home/designer/shared/Bioimpedance-ASIC-for-skin-cancer-detection/current_generator/digital/DigitalSine/runs/RUN_2025-12-11_20-30-25/25-openroad-ioplacement/DigitalSine.def'…
Writing timing constraints to '/home/designer/shared/Bioimpedance-ASIC-for-skin-cancer-detection/current_generator/digital/DigitalSine/runs/RUN_2025-12-11_20-30-25/25-openroad-ioplacement/DigitalSine.sdc'…
