Clock: clk
Sources: clk 
Generated: no
Virtual: yes
Propagated: no
Period: 5.000000

===========================================================================
report_clock_properties
============================================================================
Clock                   Period          Waveform
----------------------------------------------------
clk                   5.000000    0.000000  2.500000

===========================================================================
report_clock_latency
============================================================================
Clock clk
rise -> rise
    min     max
0.000000 0.000000 source latency
0.124672         network latency _294_/CLK
        0.125225 network latency _295_/CLK
---------------
0.124672 0.125225 latency
        0.000553 skew

fall -> fall
    min     max
0.000000 0.000000 source latency
0.136259         network latency _294_/CLK
        0.136754 network latency _295_/CLK
---------------
0.136259 0.136754 latency
        0.000495 skew



===========================================================================
report_clock_min_period
============================================================================
clk period_min = 1.81 fmax = 552.53
