Reading timing models for corner nom_typ_1p20V_25C…
Reading timing library for the 'nom_typ_1p20V_25C' corner at '/opt/pdks/ciel/ihp-sg13g2/versions/cb7daaa8901016cf7c5d272dfa322c41f024931f/ihp-sg13g2/libs.ref/sg13g2_stdcell/lib/sg13g2_stdcell_typ_1p20V_25C.lib'…
Reading OpenROAD database at '/home/designer/shared/BASIC/current_generator/digital/DigitalSine/runs/RUN_2026-03-06_21-23-06/26-odb-customioplacement/DigitalSine.odb'…
Reading design constraints file at '/home/designer/shared/BASIC/current_generator/digital/DigitalSine/cons.sdc'…
[WARNING STA-0441] set_input_delay relative to a clock defined on the same port/pin not allowed.
[WARNING STA-0441] set_input_delay relative to a clock defined on the same port/pin not allowed.
[WARNING STA-0441] set_input_delay relative to a clock defined on the same port/pin not allowed.
[WARNING STA-0441] set_input_delay relative to a clock defined on the same port/pin not allowed.
[INFO] No information on clock propagation in input SDC file-- propagating all clocks.
[INFO] Setting signal min routing layer to: Metal2 and clock min routing layer to Metal2. 
[INFO] Setting signal max routing layer to: TopMetal2 and clock max routing layer to TopMetal2. 
+ global_placement -density 0.689356 -timing_driven -routability_driven -pad_right 0 -pad_left 0 -init_wirelength_coef 0.25
[INFO GPL-0002] DBU: 1000
[INFO GPL-0003] SiteSize: (  0.480  3.780 ) um
[INFO GPL-0004] CoreBBox: (  5.760 15.120 ) ( 62.880 71.820 ) um
[INFO GPL-0006] Number of instances:               165
[INFO GPL-0007] Movable instances:                 165
[INFO GPL-0008] Fixed instances:                     0
[INFO GPL-0009] Dummy instances:                     0
[INFO GPL-0010] Number of nets:                    167
[INFO GPL-0011] Number of pins:                    591
[INFO GPL-0012] Die BBox:  (  0.000  0.000 ) ( 68.885 87.605 ) um
[INFO GPL-0013] Core BBox: (  5.760 15.120 ) ( 62.880 71.820 ) um
[INFO GPL-0016] Core area:                    3238.704 um^2
[INFO GPL-0017] Fixed instances area:            0.000 um^2
[INFO GPL-0018] Movable instances area:       1908.749 um^2
[INFO GPL-0019] Utilization:                    58.936 %
[INFO GPL-0020] Standard cells area:          1908.749 um^2
[INFO GPL-0021] Large instances area:            0.000 um^2
[InitialPlace]  Iter: 1 conjugate gradient residual: 0.00000004 HPWL: 3578880
[InitialPlace]  Iter: 2 conjugate gradient residual: 0.00000010 HPWL: 2088748
[InitialPlace]  Iter: 3 conjugate gradient residual: 0.00000006 HPWL: 2019708
[InitialPlace]  Iter: 4 conjugate gradient residual: 0.00000006 HPWL: 2019007
[InitialPlace]  Iter: 5 conjugate gradient residual: 0.00000010 HPWL: 2016868
[INFO GPL-0023] Placement target density:       0.6894
[INFO GPL-0024] Movable insts average area:     11.568 um^2
[INFO GPL-0025] Ideal bin area:                 16.781 um^2
[INFO GPL-0026] Ideal bin count:                   192
[INFO GPL-0027] Total bin area:               3238.704 um^2
[INFO GPL-0028] Bin count (X, Y):           8 ,      8
[INFO GPL-0029] Bin size (W * H):       7.140 *  7.088 um
[INFO GPL-0030] Number of bins:                     64
[INFO GPL-0031] HPWL: Half-Perimeter Wirelength
Iteration | Overflow |     HPWL (um) |  HPWL(%) |   Penalty | Group
---------------------------------------------------------------
        1 |   0.8794 |  1.173207e+06 |   +0.00% |  3.74e-14 |      
       10 |   0.7876 |  1.298325e+06 |  +10.66% |  5.81e-14 |      
[INFO GPL-0100] Timing-driven iteration 1/5, virtual: true.
[INFO GPL-0101]    Iter: 11, overflow: 0.784, keep resizer changes at: 0.3, HPWL: 1299005
Iteration |   Area    | Resized | Buffers | Nets repaired | Remaining
---------------------------------------------------------------------
        0 |     +0.0% |       0 |       0 |             0 |       167
    final |    +18.0% |      35 |      25 |             9 |         0
---------------------------------------------------------------------
[INFO RSZ-0035] Found 9 fanout violations.
[INFO RSZ-0039] Resized 35 instances.
[INFO RSZ-0038] Inserted 25 buffers in 9 nets.
[INFO GPL-0106] Timing-driven: worst slack 2.59e-09
Iteration | Overflow |     HPWL (um) |  HPWL(%) |   Penalty | Group
---------------------------------------------------------------
       20 |   0.7770 |  1.360634e+06 |   +4.80% |  9.46e-14 |      
       30 |   0.7805 |  1.341592e+06 |   -1.40% |  1.54e-13 |      
       40 |   0.7814 |  1.339903e+06 |   -0.13% |  2.51e-13 |      
       50 |   0.7815 |  1.337305e+06 |   -0.19% |  4.09e-13 |      
       60 |   0.7809 |  1.336600e+06 |   -0.05% |  6.66e-13 |      
       70 |   0.7808 |  1.337379e+06 |   +0.06% |  1.08e-12 |      
       80 |   0.7805 |  1.338420e+06 |   +0.08% |  1.77e-12 |      
       90 |   0.7805 |  1.339101e+06 |   +0.05% |  2.88e-12 |      
      100 |   0.7803 |  1.339773e+06 |   +0.05% |  4.69e-12 |      
      110 |   0.7794 |  1.341090e+06 |   +0.10% |  7.64e-12 |      
      120 |   0.7774 |  1.343458e+06 |   +0.18% |  1.24e-11 |      
      130 |   0.7735 |  1.347428e+06 |   +0.30% |  2.03e-11 |      
      140 |   0.7673 |  1.354153e+06 |   +0.50% |  3.30e-11 |      
      150 |   0.7580 |  1.364983e+06 |   +0.80% |  5.38e-11 |      
      160 |   0.7500 |  1.382910e+06 |   +1.31% |  8.76e-11 |      
      170 |   0.7389 |  1.416447e+06 |   +2.43% |  1.43e-10 |      
      180 |   0.7112 |  1.462719e+06 |   +3.27% |  2.32e-10 |      
      190 |   0.6992 |  1.521841e+06 |   +4.04% |  3.78e-10 |      
      200 |   0.6598 |  1.591319e+06 |   +4.57% |  6.17e-10 |      
      210 |   0.6420 |  1.650328e+06 |   +3.71% |  1.00e-09 |      
[INFO GPL-0100] Timing-driven iteration 2/5, virtual: true.
[INFO GPL-0101]    Iter: 214, overflow: 0.634, keep resizer changes at: 0.3, HPWL: 1682865
Iteration |   Area    | Resized | Buffers | Nets repaired | Remaining
---------------------------------------------------------------------
        0 |     +0.0% |       0 |       0 |             0 |       167
    final |    +17.9% |      40 |      25 |             9 |         0
---------------------------------------------------------------------
[INFO RSZ-0035] Found 9 fanout violations.
[INFO RSZ-0039] Resized 40 instances.
[INFO RSZ-0038] Inserted 25 buffers in 9 nets.
[INFO GPL-0106] Timing-driven: worst slack 2.67e-09
Iteration | Overflow |     HPWL (um) |  HPWL(%) |   Penalty | Group
---------------------------------------------------------------
      220 |   0.6126 |  1.747617e+06 |   +5.90% |  1.64e-09 |      
[INFO GPL-0088] Routability snapshot saved at iter = 222
      230 |   0.5703 |  1.790386e+06 |   +2.45% |  2.66e-09 |      
      240 |   0.5387 |  1.886363e+06 |   +5.36% |  4.34e-09 |      
      250 |   0.4996 |  1.969752e+06 |   +4.42% |  7.07e-09 |      
      260 |   0.4594 |  2.076454e+06 |   +5.42% |  1.15e-08 |      
      270 |   0.4147 |  2.151298e+06 |   +3.60% |  1.88e-08 |      
      280 |   0.3668 |  2.238170e+06 |   +4.04% |  3.06e-08 |      
      290 |   0.3164 |  2.309220e+06 |   +3.17% |  4.73e-08 |      
[INFO GPL-0040] Routability iteration: 1
[INFO GPL-0041] Total routing overflow: 0.0000
[INFO GPL-0042] Number of overflowed tiles: 0 (0.00%)
[INFO GPL-0043] Average top 0.5% routing congestion: 0.8419
[INFO GPL-0044] Average top 1.0% routing congestion: 0.7999
[INFO GPL-0045] Average top 2.0% routing congestion: 0.7730
[INFO GPL-0046] Average top 5.0% routing congestion: 0.6926
[INFO GPL-0047] Routability iteration weighted routing congestion: 0.8209
[INFO GPL-0050] Weighted routing congestion is lower than target routing congestion(1.0100), end routability optimization.
[INFO GPL-0100] Timing-driven iteration 3/5, virtual: false.
[INFO GPL-0101]    Iter: 298, overflow: 0.284, keep resizer changes at: 0.3, HPWL: 2350362
Iteration |   Area    | Resized | Buffers | Nets repaired | Remaining
---------------------------------------------------------------------
        0 |     +0.0% |       0 |       0 |             0 |       167
    final |    +18.5% |      41 |      22 |             9 |         0
---------------------------------------------------------------------
[INFO RSZ-0035] Found 9 fanout violations.
[INFO RSZ-0039] Resized 41 instances.
[INFO RSZ-0038] Inserted 22 buffers in 9 nets.
[INFO GPL-0106] Timing-driven: worst slack 2.67e-09
[INFO GPL-0107] Timing-driven: repair_design delta area: 353.808 um^2 (+18.54%)
[INFO GPL-0108] Timing-driven: repair_design, gpl cells created: 22 (+0.00%)
[INFO GPL-0109] Timing-driven: inserted buffers as reported by repair_design: 22
[INFO GPL-0110] Timing-driven: new target density: 0.7985998
Iteration | Overflow |     HPWL (um) |  HPWL(%) |   Penalty | Group
---------------------------------------------------------------
      300 |   0.2914 |  2.191410e+06 |   -5.10% |  6.97e-08 |      
      310 |   0.2490 |  2.225045e+06 |   +1.53% |  1.03e-07 |      
[INFO GPL-0100] Timing-driven iteration 4/5, virtual: false.
[INFO GPL-0101]    Iter: 319, overflow: 0.203, keep resizer changes at: 0.3, HPWL: 2308560
Iteration |   Area    | Resized | Buffers | Nets repaired | Remaining
---------------------------------------------------------------------
        0 |     +0.0% |       0 |       0 |             0 |       167
    final |     +1.8% |      19 |       0 |             0 |         0
---------------------------------------------------------------------
[INFO RSZ-0039] Resized 19 instances.
[INFO GPL-0106] Timing-driven: worst slack 2.66e-09
[INFO GPL-0107] Timing-driven: repair_design delta area: 41.731 um^2 (+1.84%)
[INFO GPL-0108] Timing-driven: repair_design, gpl cells created: 0 (+0.00%)
[INFO GPL-0109] Timing-driven: inserted buffers as reported by repair_design: 0
[INFO GPL-0110] Timing-driven: new target density: 0.8114849
Iteration | Overflow |     HPWL (um) |  HPWL(%) |   Penalty | Group
---------------------------------------------------------------
      320 |   0.2024 |  2.303980e+06 |   +3.55% |  1.51e-07 |      
      330 |   0.1636 |  2.376174e+06 |   +3.13% |  2.23e-07 |      
[INFO GPL-0100] Timing-driven iteration 5/5, virtual: false.
[INFO GPL-0101]    Iter: 335, overflow: 0.144, keep resizer changes at: 0.3, HPWL: 2407620
Iteration |   Area    | Resized | Buffers | Nets repaired | Remaining
---------------------------------------------------------------------
        0 |     +0.0% |       0 |       0 |             0 |       167
    final |     -0.2% |      15 |       0 |             0 |         0
---------------------------------------------------------------------
[INFO RSZ-0039] Resized 15 instances.
[INFO GPL-0106] Timing-driven: worst slack 2.67e-09
[INFO GPL-0107] Timing-driven: repair_design delta area: -5.443 um^2 (-0.24%)
[INFO GPL-0108] Timing-driven: repair_design, gpl cells created: 0 (+0.00%)
[INFO GPL-0109] Timing-driven: inserted buffers as reported by repair_design: 0
[INFO GPL-0110] Timing-driven: new target density: 0.80980426
Iteration | Overflow |     HPWL (um) |  HPWL(%) |   Penalty | Group
---------------------------------------------------------------
      340 |   0.1364 |  2.433876e+06 |   +2.43% |  3.28e-07 |      
      350 |   0.1046 |  2.475454e+06 |   +1.71% |  4.84e-07 |      
[INFO GPL-1001] Finished with Overflow: 0.098937
[INFO GPL-1002] Placed Cell Area             2298.8448
[INFO GPL-1003] Available Free Area          3238.7040
[INFO GPL-1004] Minimum Feasible Density        0.7098 (cell_area / free_area)
[INFO GPL-1006]   Suggested Target Densities:
[INFO GPL-1007]     - For 90% usage of free space: 0.7887
[INFO GPL-1008]     - For 80% usage of free space: 0.8873
[INFO GPL-1009]     - For 50% usage of free space: 1.4196
Setting global connections for newly added cells…
[INFO] Setting global connections...
Updating metrics…
Cell type report:                       Count       Area
  Timing Repair Buffer                     22     293.93
  Inverter                                 16      99.79
  Sequential cell                           9     444.53
  Multi-Input combinational cell          140    1460.59
  Total                                   187    2298.84
Writing OpenROAD database to '/home/designer/shared/BASIC/current_generator/digital/DigitalSine/runs/RUN_2026-03-06_21-23-06/28-openroad-globalplacement/DigitalSine.odb'…
Writing netlist to '/home/designer/shared/BASIC/current_generator/digital/DigitalSine/runs/RUN_2026-03-06_21-23-06/28-openroad-globalplacement/DigitalSine.nl.v'…
Writing powered netlist to '/home/designer/shared/BASIC/current_generator/digital/DigitalSine/runs/RUN_2026-03-06_21-23-06/28-openroad-globalplacement/DigitalSine.pnl.v'…
Writing layout to '/home/designer/shared/BASIC/current_generator/digital/DigitalSine/runs/RUN_2026-03-06_21-23-06/28-openroad-globalplacement/DigitalSine.def'…
Writing timing constraints to '/home/designer/shared/BASIC/current_generator/digital/DigitalSine/runs/RUN_2026-03-06_21-23-06/28-openroad-globalplacement/DigitalSine.sdc'…
