Clock: clk
Sources: clk 
Generated: no
Virtual: yes
Propagated: no
Period: 5.000000

===========================================================================
report_clock_properties
============================================================================
Clock                   Period          Waveform
----------------------------------------------------
clk                   5.000000    0.000000  2.500000

===========================================================================
report_clock_latency
============================================================================
Clock clk
rise -> rise
    min     max
0.000000 0.000000 source latency
0.126235         network latency _288_/CLK
        0.127406 network latency _285_/CLK
---------------
0.126235 0.127406 latency
        0.001171 skew

fall -> fall
    min     max
0.000000 0.000000 source latency
0.137579         network latency _288_/CLK
        0.138777 network latency _285_/CLK
---------------
0.137579 0.138777 latency
        0.001198 skew



===========================================================================
report_clock_min_period
============================================================================
clk period_min = 1.59 fmax = 629.89
