Reading technology LEF file at '/opt/pdks/ciel/ihp-sg13g2/versions/cb7daaa8901016cf7c5d272dfa322c41f024931f/ihp-sg13g2/libs.ref/sg13g2_stdcell/lef/sg13g2_tech.lef'…
[INFO ODB-0227] LEF file: /opt/pdks/ciel/ihp-sg13g2/versions/cb7daaa8901016cf7c5d272dfa322c41f024931f/ihp-sg13g2/libs.ref/sg13g2_stdcell/lef/sg13g2_tech.lef, created 19 layers, 70 vias
Reading cell LEF file at '/opt/pdks/ciel/ihp-sg13g2/versions/cb7daaa8901016cf7c5d272dfa322c41f024931f/ihp-sg13g2/libs.ref/sg13g2_stdcell/lef/sg13g2_stdcell.lef'…
[INFO ODB-0227] LEF file: /opt/pdks/ciel/ihp-sg13g2/versions/cb7daaa8901016cf7c5d272dfa322c41f024931f/ihp-sg13g2/libs.ref/sg13g2_stdcell/lef/sg13g2_stdcell.lef, created 84 library cells
[INFO ODB-0127] Reading DEF file: /home/designer/shared/Bioimpedance-ASIC-for-skin-cancer-detection/current_generator/digital/DigitalSine/runs/RUN_2025-12-11_20-30-25/53-odb-cellfrequencytables/DigitalSine.def
[INFO ODB-0128] Design: DigitalSine
[INFO ODB-0130]     Created 39 pins.
[INFO ODB-0131]     Created 396 components and 1541 component-terminals.
[INFO ODB-0132]     Created 2 special nets and 792 connections.
[INFO ODB-0133]     Created 254 nets and 748 connections.
[INFO ODB-0134] Finished DEF file: /home/designer/shared/Bioimpedance-ASIC-for-skin-cancer-detection/current_generator/digital/DigitalSine/runs/RUN_2025-12-11_20-30-25/53-odb-cellfrequencytables/DigitalSine.def
Using RCX ruleset '/opt/pdks/ciel/ihp-sg13g2/versions/cb7daaa8901016cf7c5d272dfa322c41f024931f/ihp-sg13g2/libs.tech/librelane/IHP_rcx_patterns.rules'…
[INFO RCX-0431] Defined process_corner CURRENT_CORNER with ext_model_index 0
[INFO RCX-0029] Defined extraction corner CURRENT_CORNER
+ extract_parasitics  -ext_model_file /opt/pdks/ciel/ihp-sg13g2/versions/cb7daaa8901016cf7c5d272dfa322c41f024931f/ihp-sg13g2/libs.tech/librelane/IHP_rcx_patterns.rules -lef_res
[INFO RCX-0435] Reading extraction model file /opt/pdks/ciel/ihp-sg13g2/versions/cb7daaa8901016cf7c5d272dfa322c41f024931f/ihp-sg13g2/libs.tech/librelane/IHP_rcx_patterns.rules ...
[INFO RCX-0436] RC segment generation DigitalSine (max_merge_res 50.0) ...
[INFO RCX-0040] Final 1032 rc segments
[INFO RCX-0439] Coupling Cap extraction DigitalSine ...
[INFO RCX-0440] Coupling threshhold is 0.1000 fF, coupling capacitance less than 0.1000 fF will be grounded.
[INFO RCX-0442] 46% of 1563 wires extracted
[INFO RCX-0442] 100% of 1563 wires extracted
[INFO RCX-0045] Extract 254 nets, 1286 rsegs, 1286 caps, 1664 ccs
Setting global connections for newly added cells…
[INFO] Setting global connections...
Updating metrics…
Cell type report:                       Count       Area
  Fill cell                               143     780.19
  Standard cell                           253    2964.73
  Total                                   396    3744.92
Writing extracted parasitics to '/home/designer/shared/Bioimpedance-ASIC-for-skin-cancer-detection/current_generator/digital/DigitalSine/runs/RUN_2025-12-11_20-30-25/54-openroad-rcx/nom/DigitalSine.nom.spef'…
[INFO RCX-0443] 254 nets finished
