Clock: clk
Sources: clk 
Generated: no
Virtual: yes
Propagated: no
Period: 5.000000

===========================================================================
report_clock_properties
============================================================================
Clock                   Period          Waveform
----------------------------------------------------
clk                   5.000000    0.000000  2.500000

===========================================================================
report_clock_latency
============================================================================
Clock clk
rise -> rise
    min     max
0.000000 0.000000 source latency
0.029182         network latency _297_/CLK
        0.029392 network latency _294_/CLK
---------------
0.029182 0.029392 latency
        0.000210 skew

fall -> fall
    min     max
0.000000 0.000000 source latency
0.022088         network latency _297_/CLK
        0.022273 network latency _294_/CLK
---------------
0.022088 0.022273 latency
        0.000185 skew



===========================================================================
report_clock_min_period
============================================================================
clk period_min = 1.55 fmax = 645.90
