Clock: clk
Sources: clk 
Generated: no
Virtual: yes
Propagated: no
Period: 5.000000

===========================================================================
report_clock_properties
============================================================================
Clock                   Period          Waveform
----------------------------------------------------
clk                   5.000000    0.000000  2.500000

===========================================================================
report_clock_latency
============================================================================
Clock clk
rise -> rise
    min     max
0.000000 0.000000 source latency
0.121993         network latency _297_/CLK
        0.123787 network latency _296_/CLK
---------------
0.121993 0.123787 latency
        0.001794 skew

fall -> fall
    min     max
0.000000 0.000000 source latency
0.133879         network latency _297_/CLK
        0.135400 network latency _296_/CLK
---------------
0.133879 0.135400 latency
        0.001521 skew



===========================================================================
report_clock_min_period
============================================================================
clk period_min = 1.81 fmax = 551.87
