Clock: clk
Sources: clk 
Generated: no
Virtual: yes
Propagated: no
Period: 5.000000

===========================================================================
report_clock_properties
============================================================================
Clock                   Period          Waveform
----------------------------------------------------
clk                   5.000000    0.000000  2.500000

===========================================================================
report_clock_latency
============================================================================
Clock clk
rise -> rise
    min     max
0.000000 0.000000 source latency
0.000333         network latency _299_/CLK
        0.000676 network latency _301_/CLK
---------------
0.000333 0.000676 latency
        0.000343 skew

fall -> fall
    min     max
0.000000 0.000000 source latency
0.000297         network latency _299_/CLK
        0.000602 network latency _301_/CLK
---------------
0.000297 0.000602 latency
        0.000305 skew



===========================================================================
report_clock_min_period
============================================================================
clk period_min = 1.51 fmax = 663.56
