[WARNING ORD-0039] .openroad ignored with -python
                                Cells by Master                                 
┏━━━━━━━━━━━━━━━━━━━━━━━━━━━━━━━━━━━━━━━━━━━━━━━━━━━━━━━━━━━┳━━━━━━━━━━━━━━━━━━┓
┃ Cell                                                      ┃ Count            ┃
┡━━━━━━━━━━━━━━━━━━━━━━━━━━━━━━━━━━━━━━━━━━━━━━━━━━━━━━━━━━━╇━━━━━━━━━━━━━━━━━━┩
│ sg13g2_a21o_1                                             │ 2                │
│ sg13g2_a21oi_1                                            │ 22               │
│ sg13g2_a221oi_1                                           │ 3                │
│ sg13g2_a22oi_1                                            │ 5                │
│ sg13g2_and2_1                                             │ 7                │
│ sg13g2_and3_1                                             │ 2                │
│ sg13g2_buf_1                                              │ 20               │
│ sg13g2_buf_2                                              │ 6                │
│ sg13g2_buf_8                                              │ 21               │
│ sg13g2_decap_4                                            │ 6                │
│ sg13g2_decap_8                                            │ 28               │
│ sg13g2_dfrbpq_1                                           │ 7                │
│ sg13g2_dfrbpq_2                                           │ 2                │
│ sg13g2_dlygate4sd3_1                                      │ 1                │
│ sg13g2_fill_1                                             │ 34               │
│ sg13g2_fill_2                                             │ 36               │
│ sg13g2_inv_1                                              │ 13               │
│ sg13g2_inv_2                                              │ 4                │
│ sg13g2_mux2_1                                             │ 1                │
│ sg13g2_nand2_1                                            │ 17               │
│ sg13g2_nand2b_1                                           │ 6                │
│ sg13g2_nand3_1                                            │ 3                │
│ sg13g2_nand3b_1                                           │ 2                │
│ sg13g2_nand4_1                                            │ 1                │
│ sg13g2_nor2_1                                             │ 12               │
│ sg13g2_nor2_2                                             │ 3                │
│ sg13g2_nor2b_1                                            │ 5                │
│ sg13g2_nor3_1                                             │ 9                │
│ sg13g2_nor4_1                                             │ 1                │
│ sg13g2_o21ai_1                                            │ 17               │
│ sg13g2_or2_1                                              │ 2                │
│ sg13g2_xnor2_1                                            │ 11               │
│ sg13g2_xor2_1                                             │ 9                │
└───────────────────────────────────────────────────────────┴──────────────────┘
                               Cells by Function                                
┏━━━━━━━━━━━━━━━━━━━━━━━━━━━━━━━━━━━━━━━━━━━━━━━━━━━━━┳━━━━━━━━━━━━━━━━━━━━━━━━┓
┃ Cell Function                                       ┃ Count                  ┃
┡━━━━━━━━━━━━━━━━━━━━━━━━━━━━━━━━━━━━━━━━━━━━━━━━━━━━━╇━━━━━━━━━━━━━━━━━━━━━━━━┩
└─────────────────────────────────────────────────────┴────────────────────────┘
                                  Cells by SCL                                  
┏━━━━━━━━━━━━━━━━━━━━━━━━━━━━━━━━━┳━━━━━━━━━━━━━━━━━━━━━━━━━━━━━━━━━━━━━━━━━━━━┓
┃ SCL                             ┃ Count                                      ┃
┡━━━━━━━━━━━━━━━━━━━━━━━━━━━━━━━━━╇━━━━━━━━━━━━━━━━━━━━━━━━━━━━━━━━━━━━━━━━━━━━┩
└─────────────────────────────────┴────────────────────────────────────────────┘
                             Buffers by Cell Master                             
┏━━━━━━━━━━━━━━━━━━━━━━━━━━━━━━━━━━━━━━━━━━━━━━━━━━━━━━━━━━━┳━━━━━━━━━━━━━━━━━━┓
┃ Buffer                                                    ┃ Count            ┃
┡━━━━━━━━━━━━━━━━━━━━━━━━━━━━━━━━━━━━━━━━━━━━━━━━━━━━━━━━━━━╇━━━━━━━━━━━━━━━━━━┩
│ sg13g2_buf_1                                              │ 20               │
│ sg13g2_buf_2                                              │ 6                │
│ sg13g2_buf_8                                              │ 21               │
│ sg13g2_dlygate4sd3_1                                      │ 1                │
└───────────────────────────────────────────────────────────┴──────────────────┘
