Clock: clk
Sources: clk 
Generated: no
Virtual: yes
Propagated: no
Period: 25.000000

===========================================================================
report_clock_properties
============================================================================
Clock                   Period          Waveform
----------------------------------------------------
clk                  25.000000    0.000000 12.500000

===========================================================================
report_clock_latency
============================================================================
Clock clk
rise -> rise
    min     max
0.000000 0.000000 source latency
0.237308         network latency _296_/CLK
        0.240152 network latency _293_/CLK
---------------
0.237308 0.240152 latency
        0.002844 skew

fall -> fall
    min     max
0.000000 0.000000 source latency
0.243915         network latency _296_/CLK
        0.246373 network latency _293_/CLK
---------------
0.243915 0.246373 latency
        0.002458 skew



===========================================================================
report_clock_min_period
============================================================================
clk period_min = 3.57 fmax = 279.74
