Reading timing models for corner nom_typ_1p20V_25C…
Reading timing library for the 'nom_typ_1p20V_25C' corner at '/opt/pdks/ciel/ihp-sg13g2/versions/cb7daaa8901016cf7c5d272dfa322c41f024931f/ihp-sg13g2/libs.ref/sg13g2_stdcell/lib/sg13g2_stdcell_typ_1p20V_25C.lib'…
Reading OpenROAD database at '/home/designer/shared/BASIC/current_generator/digital/DigitalSine/runs/RUN_2026-03-06_21-23-06/37-openroad-resizertimingpostcts/DigitalSine.odb'…
Reading design constraints file at '/home/designer/shared/BASIC/current_generator/digital/DigitalSine/cons.sdc'…
[WARNING STA-0441] set_input_delay relative to a clock defined on the same port/pin not allowed.
[WARNING STA-0441] set_input_delay relative to a clock defined on the same port/pin not allowed.
[WARNING STA-0441] set_input_delay relative to a clock defined on the same port/pin not allowed.
[WARNING STA-0441] set_input_delay relative to a clock defined on the same port/pin not allowed.
[INFO] No information on clock propagation in input SDC file-- propagating all clocks.
[INFO] Setting signal min routing layer to: Metal2 and clock min routing layer to Metal2. 
[INFO] Setting signal max routing layer to: TopMetal2 and clock max routing layer to TopMetal2. 
+ global_route -congestion_iterations 50 -verbose
[INFO GRT-0020] Min routing layer: Metal2
[INFO GRT-0021] Max routing layer: TopMetal2
[INFO GRT-0022] Global adjustment: 30%
[INFO GRT-0023] Grid origin: (0, 0)
[INFO GRT-0088] Layer Metal1  Track-Pitch = 0.4200  line-2-Via Pitch: 0.3650
[INFO GRT-0088] Layer Metal2  Track-Pitch = 0.4800  line-2-Via Pitch: 0.4150
[INFO GRT-0088] Layer Metal3  Track-Pitch = 0.4200  line-2-Via Pitch: 0.4150
[INFO GRT-0088] Layer Metal4  Track-Pitch = 0.4800  line-2-Via Pitch: 0.4150
[INFO GRT-0088] Layer Metal5  Track-Pitch = 0.4200  line-2-Via Pitch: 0.6200
[INFO GRT-0088] Layer TopMetal1 Track-Pitch = 2.2800  line-2-Via Pitch: 3.4100
[INFO GRT-0088] Layer TopMetal2 Track-Pitch = 4.0000  line-2-Via Pitch: 3.9500
[INFO GRT-0003] Macros: 0
[WARNING GRT-0041] Net DVDD has wires/vias outside die area.
[WARNING GRT-0041] Net DVDD has wires/vias outside die area.
[WARNING GRT-0041] Net DVDD has wires/vias outside die area.
[WARNING GRT-0041] Net DVDD has wires/vias outside die area.
[WARNING GRT-0041] Net DVDD has wires/vias outside die area.
[WARNING GRT-0041] Net DVDD has wires/vias outside die area.
[WARNING GRT-0041] Net DVDD has wires/vias outside die area.
[WARNING GRT-0041] Net DVDD has wires/vias outside die area.
[WARNING GRT-0041] Net DVDD has wires/vias outside die area.
[WARNING GRT-0041] Net DVDD has wires/vias outside die area.
[WARNING GRT-0041] Net DVDD has wires/vias outside die area.
[WARNING GRT-0041] Net DVDD has wires/vias outside die area.
[WARNING GRT-0041] Net DVDD has wires/vias outside die area.
[WARNING GRT-0041] Net DVDD has wires/vias outside die area.
[WARNING GRT-0041] Net DVDD has wires/vias outside die area.
[WARNING GRT-0041] Net DVDD has wires/vias outside die area.
[WARNING GRT-0041] Net DVDD has wires/vias outside die area.
[WARNING GRT-0041] Net DVSS has wires/vias outside die area.
[WARNING GRT-0041] Net DVSS has wires/vias outside die area.
[WARNING GRT-0041] Net DVSS has wires/vias outside die area.
[WARNING GRT-0041] Net DVSS has wires/vias outside die area.
[WARNING GRT-0041] Net DVSS has wires/vias outside die area.
[WARNING GRT-0041] Net DVSS has wires/vias outside die area.
[WARNING GRT-0041] Net DVSS has wires/vias outside die area.
[WARNING GRT-0041] Net DVSS has wires/vias outside die area.
[WARNING GRT-0041] Net DVSS has wires/vias outside die area.
[WARNING GRT-0041] Net DVSS has wires/vias outside die area.
[WARNING GRT-0041] Net DVSS has wires/vias outside die area.
[WARNING GRT-0041] Net DVSS has wires/vias outside die area.
[WARNING GRT-0041] Net DVSS has wires/vias outside die area.
[WARNING GRT-0041] Net DVSS has wires/vias outside die area.
[WARNING GRT-0041] Net DVSS has wires/vias outside die area.
[WARNING GRT-0041] Net DVSS has wires/vias outside die area.
[WARNING GRT-0041] Net DVSS has wires/vias outside die area.
[INFO GRT-0004] Blockages: 0
[INFO GRT-0019] Found 4 clock nets.
[INFO GRT-0001] Minimum degree: 2
[INFO GRT-0002] Maximum degree: 9

[INFO GRT-0053] Routing resources analysis:
          Routing      Original      Derated      Resource
Layer     Direction    Resources     Resources    Reduction (%)
---------------------------------------------------------------
Metal1     Horizontal          0             0          0.00%
Metal2     Vertical         1885          1120          40.58%
Metal3     Horizontal       2035          1232          39.46%
Metal4     Vertical         1885          1034          45.15%
Metal5     Horizontal       1450           684          52.83%
TopMetal1    Vertical          185           144          22.16%
TopMetal2    Horizontal        147           126          14.29%
---------------------------------------------------------------

[INFO GRT-0197] Via related to pin nodes: 1197
[INFO GRT-0198] Via related Steiner nodes: 20
[INFO GRT-0199] Via filling finished.
[INFO GRT-0111] Final number of vias: 1480
[INFO GRT-0112] Final usage 3D: 5252

[INFO GRT-0096] Final congestion report:
Layer         Resource        Demand        Usage (%)    Max H / Max V / Total Overflow
---------------------------------------------------------------------------------------
Metal1               0             0            0.00%             0 /  0 /  0
Metal2            1120           401           35.80%             0 /  0 /  0
Metal3            1232           360           29.22%             0 /  0 /  0
Metal4            1034            38            3.68%             0 /  0 /  0
Metal5             684            13            1.90%             0 /  0 /  0
TopMetal1            144             0            0.00%             0 /  0 /  0
TopMetal2            126             0            0.00%             0 /  0 /  0
---------------------------------------------------------------------------------------
Total             4340           812           18.71%             0 /  0 /  0

[INFO GRT-0018] Total wirelength: 8442 um
[INFO GRT-0014] Routed nets: 215
%OL_CREATE_REPORT antenna.rpt
[INFO ANT-0002] Found 0 net violations.
[INFO ANT-0001] Found 0 pin violations.
%OL_END_REPORT
Setting global connections for newly added cells…
[INFO] Setting global connections...
Updating metrics…
Cell type report:                       Count       Area
  Clock buffer                              3      70.76
  Timing Repair Buffer                     45     640.48
  Inverter                                 16      94.35
  Clock inverter                            1       5.44
  Sequential cell                           9     444.53
  Multi-Input combinational cell          140    1391.64
  Total                                   214    2647.21
Writing OpenROAD database to '/home/designer/shared/BASIC/current_generator/digital/DigitalSine/runs/RUN_2026-03-06_21-23-06/39-openroad-globalrouting/DigitalSine.odb'…
Writing layout to '/home/designer/shared/BASIC/current_generator/digital/DigitalSine/runs/RUN_2026-03-06_21-23-06/39-openroad-globalrouting/DigitalSine.def'…
