Clock: clk
Sources: clk 
Generated: no
Virtual: yes
Propagated: no
Period: 25.000000

===========================================================================
report_clock_properties
============================================================================
Clock                   Period          Waveform
----------------------------------------------------
clk                  25.000000    0.000000 12.500000

===========================================================================
report_clock_latency
============================================================================
Clock clk
rise -> rise
    min     max
0.000000 0.000000 source latency
0.029855         network latency _295_/CLK
        0.030341 network latency _293_/CLK
---------------
0.029855 0.030341 latency
        0.000486 skew

fall -> fall
    min     max
0.000000 0.000000 source latency
0.022650         network latency _295_/CLK
        0.023083 network latency _293_/CLK
---------------
0.022650 0.023083 latency
        0.000433 skew



===========================================================================
report_clock_min_period
============================================================================
clk period_min = 1.53 fmax = 652.85
