Clock: clk
Sources: clk 
Generated: no
Virtual: yes
Propagated: no
Period: 5.000000

===========================================================================
report_clock_properties
============================================================================
Clock                   Period          Waveform
----------------------------------------------------
clk                   5.000000    0.000000  2.500000

===========================================================================
report_clock_latency
============================================================================
Clock clk
rise -> rise
    min     max
0.000000 0.000000 source latency
0.102142         network latency _300_/CLK
        0.102685 network latency _299_/CLK
---------------
0.102142 0.102685 latency
        0.000543 skew

fall -> fall
    min     max
0.000000 0.000000 source latency
0.104632         network latency _300_/CLK
        0.105247 network latency _299_/CLK
---------------
0.104632 0.105247 latency
        0.000615 skew



===========================================================================
report_clock_min_period
============================================================================
clk period_min = 1.71 fmax = 585.21
