Clock: clk
Sources: clk 
Generated: no
Virtual: yes
Propagated: no
Period: 5.000000

===========================================================================
report_clock_properties
============================================================================
Clock                   Period          Waveform
----------------------------------------------------
clk                   5.000000    0.000000  2.500000

===========================================================================
report_clock_latency
============================================================================
Clock clk
rise -> rise
    min     max
0.000000 0.000000 source latency
0.124179         network latency _296_/CLK
        0.124717 network latency _301_/CLK
---------------
0.124179 0.124717 latency
        0.000538 skew

fall -> fall
    min     max
0.000000 0.000000 source latency
0.135835         network latency _294_/CLK
        0.136244 network latency _301_/CLK
---------------
0.135835 0.136244 latency
        0.000409 skew



===========================================================================
report_clock_min_period
============================================================================
clk period_min = 1.80 fmax = 557.07
