Reading timing models for corner nom_typ_1p20V_25C…
Reading timing library for the 'nom_typ_1p20V_25C' corner at '/opt/pdks/ciel/ihp-sg13g2/versions/cb7daaa8901016cf7c5d272dfa322c41f024931f/ihp-sg13g2/libs.ref/sg13g2_stdcell/lib/sg13g2_stdcell_typ_1p20V_25C.lib'…
Reading OpenROAD database at '/home/designer/shared/BASIC/current_generator/digital/DigitalSine/runs/RUN_2026-02-05_17-34-19/26-odb-customioplacement/DigitalSine.odb'…
Reading design constraints file at '/home/designer/shared/BASIC/current_generator/digital/DigitalSine/cons.sdc'…
[WARNING STA-0441] set_input_delay relative to a clock defined on the same port/pin not allowed.
[WARNING STA-0441] set_input_delay relative to a clock defined on the same port/pin not allowed.
[WARNING STA-0441] set_input_delay relative to a clock defined on the same port/pin not allowed.
[WARNING STA-0441] set_input_delay relative to a clock defined on the same port/pin not allowed.
[INFO] No information on clock propagation in input SDC file-- propagating all clocks.
[INFO] Setting signal min routing layer to: Metal2 and clock min routing layer to Metal2. 
[INFO] Setting signal max routing layer to: TopMetal2 and clock max routing layer to TopMetal2. 
+ global_placement -density 0.6932769999999999 -timing_driven -routability_driven -pad_right 0 -pad_left 0 -init_wirelength_coef 0.25
[INFO GPL-0002] DBU: 1000
[INFO GPL-0003] SiteSize: (  0.480  3.780 ) um
[INFO GPL-0004] CoreBBox: (  5.760 15.120 ) ( 62.880 71.820 ) um
[INFO GPL-0006] Number of instances:               177
[INFO GPL-0007] Movable instances:                 177
[INFO GPL-0008] Fixed instances:                     0
[INFO GPL-0009] Dummy instances:                     0
[INFO GPL-0010] Number of nets:                    179
[INFO GPL-0011] Number of pins:                    634
[INFO GPL-0012] Die BBox:  (  0.000  0.000 ) ( 69.075 87.795 ) um
[INFO GPL-0013] Core BBox: (  5.760 15.120 ) ( 62.880 71.820 ) um
[INFO GPL-0016] Core area:                    3238.704 um^2
[INFO GPL-0017] Fixed instances area:            0.000 um^2
[INFO GPL-0018] Movable instances area:       1921.450 um^2
[INFO GPL-0019] Utilization:                    59.328 %
[INFO GPL-0020] Standard cells area:          1921.450 um^2
[INFO GPL-0021] Large instances area:            0.000 um^2
[InitialPlace]  Iter: 1 conjugate gradient residual: 0.00000009 HPWL: 5548265
[InitialPlace]  Iter: 2 conjugate gradient residual: 0.00000009 HPWL: 2444777
[InitialPlace]  Iter: 3 conjugate gradient residual: 0.00000012 HPWL: 2235711
[InitialPlace]  Iter: 4 conjugate gradient residual: 0.00000012 HPWL: 2228902
[InitialPlace]  Iter: 5 conjugate gradient residual: 0.00000007 HPWL: 2221829
[INFO GPL-0023] Placement target density:       0.6933
[INFO GPL-0024] Movable insts average area:     10.856 um^2
[INFO GPL-0025] Ideal bin area:                 15.658 um^2
[INFO GPL-0026] Ideal bin count:                   206
[INFO GPL-0027] Total bin area:               3238.704 um^2
[INFO GPL-0028] Bin count (X, Y):           8 ,      8
[INFO GPL-0029] Bin size (W * H):       7.140 *  7.088 um
[INFO GPL-0030] Number of bins:                     64
[INFO GPL-0031] HPWL: Half-Perimeter Wirelength
Iteration | Overflow |     HPWL (um) |  HPWL(%) |   Penalty | Group
---------------------------------------------------------------
        1 |   0.8438 |  1.703629e+06 |   +0.00% |  4.73e-14 |      
[INFO GPL-0100] Timing-driven iteration 1/5, virtual: true.
[INFO GPL-0101]    Iter: 9, overflow: 0.785, keep resizer changes at: 0.3, HPWL: 1841265
Iteration |   Area    | Resized | Buffers | Nets repaired | Remaining
---------------------------------------------------------------------
        0 |     +0.0% |       0 |       0 |             0 |       179
    final |    +24.7% |      76 |      23 |             9 |         0
---------------------------------------------------------------------
[INFO RSZ-0035] Found 9 fanout violations.
[INFO RSZ-0039] Resized 76 instances.
[INFO RSZ-0038] Inserted 23 buffers in 9 nets.
[INFO GPL-0106] Timing-driven: worst slack 2.46e-09
Iteration | Overflow |     HPWL (um) |  HPWL(%) |   Penalty | Group
---------------------------------------------------------------
       10 |   0.7836 |  1.845600e+06 |   +8.33% |  7.34e-14 |      
       20 |   0.7751 |  1.988577e+06 |   +7.75% |  1.20e-13 |      
       30 |   0.7628 |  1.971696e+06 |   -0.85% |  1.95e-13 |      
       40 |   0.7604 |  1.973779e+06 |   +0.11% |  3.17e-13 |      
       50 |   0.7656 |  1.969019e+06 |   -0.24% |  5.17e-13 |      
       60 |   0.7682 |  1.965737e+06 |   -0.17% |  8.42e-13 |      
       70 |   0.7691 |  1.966873e+06 |   +0.06% |  1.37e-12 |      
       80 |   0.7658 |  1.969278e+06 |   +0.12% |  2.23e-12 |      
       90 |   0.7629 |  1.971756e+06 |   +0.13% |  3.64e-12 |      
      100 |   0.7608 |  1.973948e+06 |   +0.11% |  5.93e-12 |      
      110 |   0.7577 |  1.976861e+06 |   +0.15% |  9.66e-12 |      
      120 |   0.7513 |  1.982158e+06 |   +0.27% |  1.57e-11 |      
      130 |   0.7440 |  1.990672e+06 |   +0.43% |  2.56e-11 |      
      140 |   0.7359 |  2.004138e+06 |   +0.68% |  4.17e-11 |      
      150 |   0.7291 |  2.024592e+06 |   +1.02% |  6.80e-11 |      
      160 |   0.7205 |  2.054513e+06 |   +1.48% |  1.11e-10 |      
      170 |   0.7002 |  2.097971e+06 |   +2.12% |  1.80e-10 |      
      180 |   0.6663 |  2.145804e+06 |   +2.28% |  2.94e-10 |      
      190 |   0.6526 |  2.196908e+06 |   +2.38% |  4.79e-10 |      
[INFO GPL-0100] Timing-driven iteration 2/5, virtual: true.
[INFO GPL-0101]    Iter: 199, overflow: 0.635, keep resizer changes at: 0.3, HPWL: 2268330
Iteration |   Area    | Resized | Buffers | Nets repaired | Remaining
---------------------------------------------------------------------
        0 |     +0.0% |       0 |       0 |             0 |       179
    final |    +26.2% |      83 |      26 |             9 |         0
---------------------------------------------------------------------
[INFO RSZ-0035] Found 9 fanout violations.
[INFO RSZ-0039] Resized 83 instances.
[INFO RSZ-0038] Inserted 26 buffers in 9 nets.
[INFO GPL-0106] Timing-driven: worst slack 2.32e-09
Iteration | Overflow |     HPWL (um) |  HPWL(%) |   Penalty | Group
---------------------------------------------------------------
      200 |   0.6299 |  2.276508e+06 |   +3.62% |  7.80e-10 |      
[INFO GPL-0088] Routability snapshot saved at iter = 206
      210 |   0.5984 |  2.297916e+06 |   +0.94% |  1.27e-09 |      
      220 |   0.5754 |  2.406891e+06 |   +4.74% |  2.07e-09 |      
      230 |   0.5321 |  2.442431e+06 |   +1.48% |  3.37e-09 |      
      240 |   0.4950 |  2.496087e+06 |   +2.20% |  5.49e-09 |      
      250 |   0.4615 |  2.581896e+06 |   +3.44% |  8.94e-09 |      
      260 |   0.4040 |  2.658680e+06 |   +2.97% |  1.46e-08 |      
      270 |   0.3567 |  2.702932e+06 |   +1.66% |  2.37e-08 |      
      280 |   0.3171 |  2.764989e+06 |   +2.30% |  3.60e-08 |      
[INFO GPL-0040] Routability iteration: 1
[INFO GPL-0041] Total routing overflow: 0.0000
[INFO GPL-0042] Number of overflowed tiles: 0 (0.00%)
[INFO GPL-0043] Average top 0.5% routing congestion: 0.9367
[INFO GPL-0044] Average top 1.0% routing congestion: 0.8906
[INFO GPL-0045] Average top 2.0% routing congestion: 0.8504
[INFO GPL-0046] Average top 5.0% routing congestion: 0.7458
[INFO GPL-0047] Routability iteration weighted routing congestion: 0.9136
[INFO GPL-0050] Weighted routing congestion is lower than target routing congestion(1.0100), end routability optimization.
[INFO GPL-0100] Timing-driven iteration 3/5, virtual: false.
[INFO GPL-0101]    Iter: 289, overflow: 0.282, keep resizer changes at: 0.3, HPWL: 2800133
Iteration |   Area    | Resized | Buffers | Nets repaired | Remaining
---------------------------------------------------------------------
        0 |     +0.0% |       0 |       0 |             0 |       179
    final |    +26.6% |      82 |      26 |             9 |         0
---------------------------------------------------------------------
[INFO RSZ-0035] Found 9 fanout violations.
[INFO RSZ-0039] Resized 82 instances.
[INFO RSZ-0038] Inserted 26 buffers in 9 nets.
[INFO GPL-0106] Timing-driven: worst slack 2.35e-09
[INFO GPL-0107] Timing-driven: repair_design delta area: 511.661 um^2 (+26.63%)
[INFO GPL-0108] Timing-driven: repair_design, gpl cells created: 26 (+0.00%)
[INFO GPL-0109] Timing-driven: inserted buffers as reported by repair_design: 26
[INFO GPL-0110] Timing-driven: new target density: 0.8512602
Iteration | Overflow |     HPWL (um) |  HPWL(%) |   Penalty | Group
---------------------------------------------------------------
      290 |   0.2999 |  2.275410e+06 |  -17.71% |  5.31e-08 |      
      300 |   0.2767 |  2.268726e+06 |   -0.29% |  7.82e-08 |      
      310 |   0.2300 |  2.272363e+06 |   +0.16% |  1.15e-07 |      
      320 |   0.2026 |  2.288760e+06 |   +0.72% |  1.70e-07 |      
[INFO GPL-0100] Timing-driven iteration 4/5, virtual: false.
[INFO GPL-0101]    Iter: 320, overflow: 0.203, keep resizer changes at: 0.3, HPWL: 2288760
Iteration |   Area    | Resized | Buffers | Nets repaired | Remaining
---------------------------------------------------------------------
        0 |     +0.0% |       0 |       0 |             0 |       179
    final |     +0.4% |      50 |       0 |             0 |         0
---------------------------------------------------------------------
[INFO RSZ-0039] Resized 50 instances.
[INFO GPL-0106] Timing-driven: worst slack 2.34e-09
[INFO GPL-0107] Timing-driven: repair_design delta area: 9.072 um^2 (+0.37%)
[INFO GPL-0108] Timing-driven: repair_design, gpl cells created: 0 (+0.00%)
[INFO GPL-0109] Timing-driven: inserted buffers as reported by repair_design: 0
[INFO GPL-0110] Timing-driven: new target density: 0.8540613
Iteration | Overflow |     HPWL (um) |  HPWL(%) |   Penalty | Group
---------------------------------------------------------------
      330 |   0.1639 |  2.289119e+06 |   +0.02% |  2.50e-07 |      
[INFO GPL-0100] Timing-driven iteration 5/5, virtual: false.
[INFO GPL-0101]    Iter: 337, overflow: 0.143, keep resizer changes at: 0.3, HPWL: 2321497
Iteration |   Area    | Resized | Buffers | Nets repaired | Remaining
---------------------------------------------------------------------
        0 |     +0.0% |       0 |       0 |             0 |       179
    final |     +0.0% |      49 |       0 |             0 |         0
---------------------------------------------------------------------
[INFO RSZ-0039] Resized 49 instances.
[INFO GPL-0106] Timing-driven: worst slack 2.35e-09
[INFO GPL-0107] Timing-driven: repair_design delta area: 0.000 um^2 (+0.00%)
[INFO GPL-0108] Timing-driven: repair_design, gpl cells created: 0 (+0.00%)
[INFO GPL-0109] Timing-driven: inserted buffers as reported by repair_design: 0
[INFO GPL-0110] Timing-driven: new target density: 0.8540613
Iteration | Overflow |     HPWL (um) |  HPWL(%) |   Penalty | Group
---------------------------------------------------------------
      340 |   0.1296 |  2.337886e+06 |   +2.13% |  3.68e-07 |      
      350 |   0.0990 |  2.367066e+06 |   +1.25% |  5.42e-07 |      
[INFO GPL-1001] Finished with Overflow: 0.099042
[INFO GPL-1002] Placed Cell Area             2442.1824
[INFO GPL-1003] Available Free Area          3238.7040
[INFO GPL-1004] Minimum Feasible Density        0.7541 (cell_area / free_area)
[INFO GPL-1006]   Suggested Target Densities:
[INFO GPL-1007]     - For 90% usage of free space: 0.8378
[INFO GPL-1008]     - For 80% usage of free space: 0.9426
[INFO GPL-1009]     - For 50% usage of free space: 1.5081
Setting global connections for newly added cells…
[INFO] Setting global connections...
Updating metrics…
Cell type report:                       Count       Area
  Timing Repair Buffer                     26     328.41
  Inverter                                 15      97.98
  Sequential cell                           9     442.71
  Multi-Input combinational cell          153    1573.08
  Total                                   203    2442.18
Writing OpenROAD database to '/home/designer/shared/BASIC/current_generator/digital/DigitalSine/runs/RUN_2026-02-05_17-34-19/28-openroad-globalplacement/DigitalSine.odb'…
Writing netlist to '/home/designer/shared/BASIC/current_generator/digital/DigitalSine/runs/RUN_2026-02-05_17-34-19/28-openroad-globalplacement/DigitalSine.nl.v'…
Writing powered netlist to '/home/designer/shared/BASIC/current_generator/digital/DigitalSine/runs/RUN_2026-02-05_17-34-19/28-openroad-globalplacement/DigitalSine.pnl.v'…
Writing layout to '/home/designer/shared/BASIC/current_generator/digital/DigitalSine/runs/RUN_2026-02-05_17-34-19/28-openroad-globalplacement/DigitalSine.def'…
Writing timing constraints to '/home/designer/shared/BASIC/current_generator/digital/DigitalSine/runs/RUN_2026-02-05_17-34-19/28-openroad-globalplacement/DigitalSine.sdc'…
