Clock: clk
Sources: clk 
Generated: no
Virtual: yes
Propagated: no
Period: 5.000000

===========================================================================
report_clock_properties
============================================================================
Clock                   Period          Waveform
----------------------------------------------------
clk                   5.000000    0.000000  2.500000

===========================================================================
report_clock_latency
============================================================================
Clock clk
rise -> rise
    min     max
0.000000 0.000000 source latency
0.119145         network latency _298_/CLK
        0.119732 network latency _300_/CLK
---------------
0.119145 0.119732 latency
        0.000587 skew

fall -> fall
    min     max
0.000000 0.000000 source latency
0.131171         network latency _298_/CLK
        0.131582 network latency _300_/CLK
---------------
0.131171 0.131582 latency
        0.000411 skew



===========================================================================
report_clock_min_period
============================================================================
clk period_min = 2.03 fmax = 493.49
