
===========================================================================
report_checks -unconstrained
===========================================================================
======================= nom_slow_1p08V_125C Corner ===================================

Startpoint: rst (input port clocked by clk)
Endpoint: _297_ (recovery check against rising-edge clock clk)
Path Group: asynchronous
Path Type: max

Fanout         Cap        Slew       Delay        Time   Description
---------------------------------------------------------------------------------------------
                                  0.000000    0.000000   clock clk (rise edge)
                                  0.000000    0.000000   clock network delay (propagated)
                                  1.000000    1.000000 v input external delay
     1    0.002805    0.027314    0.003231    1.003231 v rst (in)
                                                         rst (net)
                      0.027314    0.000000    1.003231 v input1/A (sg13g2_buf_1)
     2    0.017953    0.104517    0.149918    1.153149 v input1/X (sg13g2_buf_1)
                                                         net1 (net)
                      0.104537    0.001391    1.154540 v fanout78/A (sg13g2_buf_8)
     8    0.035248    0.045758    0.156608    1.311148 v fanout78/X (sg13g2_buf_8)
                                                         net78 (net)
                      0.045892    0.002907    1.314054 v _288_/A (sg13g2_inv_1)
     1    0.006812    0.056632    0.064970    1.379025 ^ _288_/Y (sg13g2_inv_1)
                                                         _004_ (net)
                      0.056640    0.000511    1.379536 ^ _297_/RESET_B (sg13g2_dfrbpq_1)
                                              1.379536   data arrival time

                                  5.000000    5.000000   clock clk (rise edge)
                                  0.000000    5.000000   clock source latency
     1    0.017014    0.051789    0.022538    5.022538 ^ clk (in)
                                                         clk (net)
                      0.051797    0.000000    5.022538 ^ clkbuf_0_clk/A (sg13g2_buf_8)
     2    0.021145    0.037811    0.114430    5.136968 ^ clkbuf_0_clk/X (sg13g2_buf_8)
                                                         clknet_0_clk (net)
                      0.037812    0.000901    5.137869 ^ clkbuf_1_1__f_clk/A (sg13g2_buf_8)
     5    0.020132    0.036652    0.105886    5.243755 ^ clkbuf_1_1__f_clk/X (sg13g2_buf_8)
                                                         clknet_1_1__leaf_clk (net)
                      0.036652    0.000481    5.244236 ^ _297_/CLK (sg13g2_dfrbpq_1)
                                 -0.250000    4.994236   clock uncertainty
                                  0.000000    4.994236   clock reconvergence pessimism
                                 -0.214367    4.779869   library recovery time
                                              4.779869   data required time
---------------------------------------------------------------------------------------------
                                              4.779869   data required time
                                             -1.379536   data arrival time
---------------------------------------------------------------------------------------------
                                              3.400333   slack (MET)


Startpoint: _294_ (rising edge-triggered flip-flop clocked by clk)
Endpoint: sine_out[1] (output port clocked by clk)
Path Group: clk
Path Type: max

Fanout         Cap        Slew       Delay        Time   Description
---------------------------------------------------------------------------------------------
                                  0.000000    0.000000   clock clk (rise edge)
                                  0.000000    0.000000   clock source latency
     1    0.017014    0.051789    0.022538    0.022538 ^ clk (in)
                                                         clk (net)
                      0.051797    0.000000    0.022538 ^ clkbuf_0_clk/A (sg13g2_buf_8)
     2    0.021145    0.037811    0.114430    0.136968 ^ clkbuf_0_clk/X (sg13g2_buf_8)
                                                         clknet_0_clk (net)
                      0.037811    0.000398    0.137366 ^ clkbuf_1_0__f_clk/A (sg13g2_buf_8)
     5    0.020384    0.036824    0.106029    0.243395 ^ clkbuf_1_0__f_clk/X (sg13g2_buf_8)
                                                         clknet_1_0__leaf_clk (net)
                      0.036824    0.000686    0.244081 ^ _294_/CLK (sg13g2_dfrbpq_1)
     1    0.002086    0.028093    0.255417    0.499498 v _294_/Q (sg13g2_dfrbpq_1)
                                                         DPATH.SUM.fa_1.A (net)
                      0.028093    0.000077    0.499575 v hold4/A (sg13g2_dlygate4sd3_1)
     1    0.008329    0.083548    0.615370    1.114945 v hold4/X (sg13g2_dlygate4sd3_1)
                                                         net40 (net)
                      0.083548    0.000657    1.115602 v fanout75/A (sg13g2_buf_8)
     5    0.036286    0.045683    0.146065    1.261667 v fanout75/X (sg13g2_buf_8)
                                                         net75 (net)
                      0.046217    0.003864    1.265532 v fanout74/A (sg13g2_buf_8)
     5    0.028257    0.040807    0.122770    1.388301 v fanout74/X (sg13g2_buf_8)
                                                         net74 (net)
                      0.040814    0.000752    1.389053 v fanout73/A (sg13g2_buf_8)
     8    0.037210    0.045598    0.124642    1.513696 v fanout73/X (sg13g2_buf_8)
                                                         net73 (net)
                      0.045727    0.002209    1.515905 v _140_/A (sg13g2_nor2_2)
     5    0.019597    0.148778    0.155338    1.671243 ^ _140_/Y (sg13g2_nor2_2)
                                                         _109_ (net)
                      0.148789    0.001030    1.672273 ^ _225_/A2 (sg13g2_a21oi_1)
     2    0.009878    0.129557    0.186145    1.858419 v _225_/Y (sg13g2_a21oi_1)
                                                         _050_ (net)
                      0.129561    0.000884    1.859303 v _263_/B1 (sg13g2_a221oi_1)
     1    0.005242    0.207931    0.247064    2.106366 ^ _263_/Y (sg13g2_a221oi_1)
                                                         _087_ (net)
                      0.207931    0.000338    2.106704 ^ _264_/B (sg13g2_nor2_1)
     1    0.004073    0.066318    0.102009    2.208714 v _264_/Y (sg13g2_nor2_1)
                                                         _088_ (net)
                      0.066319    0.000284    2.208998 v _265_/C (sg13g2_nor3_1)
     1    0.006036    0.174371    0.172316    2.381314 ^ _265_/Y (sg13g2_nor3_1)
                                                         _089_ (net)
                      0.174371    0.000373    2.381687 ^ _274_/A2 (sg13g2_a22oi_1)
     1    0.008194    0.127025    0.193369    2.575057 v _274_/Y (sg13g2_a22oi_1)
                                                         net15 (net)
                      0.127030    0.000825    2.575882 v output15/A (sg13g2_buf_1)
     1    0.014232    0.087420    0.182126    2.758008 v output15/X (sg13g2_buf_1)
                                                         sine_out[1] (net)
                      0.087434    0.001120    2.759128 v sine_out[1] (out)
                                              2.759128   data arrival time

                                  5.000000    5.000000   clock clk (rise edge)
                                  0.000000    5.000000   clock network delay (propagated)
                                 -0.250000    4.750000   clock uncertainty
                                  0.000000    4.750000   clock reconvergence pessimism
                                 -1.000000    3.750000   output external delay
                                              3.750000   data required time
---------------------------------------------------------------------------------------------
                                              3.750000   data required time
                                             -2.759128   data arrival time
---------------------------------------------------------------------------------------------
                                              0.990872   slack (MET)




===========================================================================
report_checks --slack_max -0.01
============================================================================
======================= nom_slow_1p08V_125C Corner ===================================

No paths found.


===========================================================================
 report_check_types -max_slew -max_cap -max_fanout -violators
============================================================================
======================= nom_slow_1p08V_125C Corner ===================================



===========================================================================
report_parasitic_annotation -report_unannotated
============================================================================
Found 1 unannotated drivers.
 clkload0/Y
Found 0 partially unannotated drivers.

===========================================================================
max slew violation count 0
max fanout violation count 0
max cap violation count 0
============================================================================

===========================================================================
check_setup -verbose -unconstrained_endpoints -multiple_clock -no_clock -no_input_delay -loops -generated_clocks
===========================================================================
