Clock: clk
Sources: clk 
Generated: no
Virtual: yes
Propagated: no
Period: 5.000000

===========================================================================
report_clock_properties
============================================================================
Clock                   Period          Waveform
----------------------------------------------------
clk                   5.000000    0.000000  2.500000

===========================================================================
report_clock_latency
============================================================================
Clock clk
rise -> rise
    min     max
0.000000 0.000000 source latency
0.243880         network latency _300_/CLK
        0.244266 network latency _299_/CLK
---------------
0.243880 0.244266 latency
        0.000387 skew

fall -> fall
    min     max
0.000000 0.000000 source latency
0.249214         network latency _300_/CLK
        0.249774 network latency _299_/CLK
---------------
0.249214 0.249774 latency
        0.000560 skew



===========================================================================
report_clock_min_period
============================================================================
clk period_min = 3.69 fmax = 271.22
