
===========================================================================
report_checks -unconstrained
===========================================================================
======================= nom_slow_1p08V_125C Corner ===================================

Startpoint: rst (input port clocked by clk)
Endpoint: _298_ (recovery check against rising-edge clock clk)
Path Group: asynchronous
Path Type: max

Fanout         Cap        Slew       Delay        Time   Description
---------------------------------------------------------------------------------------------
                                  0.000000    0.000000   clock clk (rise edge)
                                  0.000000    0.000000   clock network delay (propagated)
                                  1.000000    1.000000 v input external delay
     1    0.002817    0.027328    0.003244    1.003244 v rst (in)
                                                         rst (net)
                      0.027328    0.000000    1.003244 v input1/A (sg13g2_buf_1)
     2    0.012989    0.079519    0.130526    1.133771 v input1/X (sg13g2_buf_1)
                                                         net1 (net)
                      0.079520    0.000455    1.134226 v fanout80/A (sg13g2_buf_8)
     8    0.038626    0.046897    0.145558    1.279785 v fanout80/X (sg13g2_buf_8)
                                                         net80 (net)
                      0.047254    0.002588    1.282372 v _289_/A (sg13g2_inv_1)
     1    0.006027    0.052219    0.061929    1.344301 ^ _289_/Y (sg13g2_inv_1)
                                                         _005_ (net)
                      0.052219    0.000248    1.344549 ^ _298_/RESET_B (sg13g2_dfrbpq_1)
                                              1.344549   data arrival time

                                  5.000000    5.000000   clock clk (rise edge)
                                  0.000000    5.000000   clock source latency
     1    0.014425    0.048341    0.019226    5.019226 ^ clk (in)
                                                         clk (net)
                      0.048353    0.000000    5.019226 ^ clkbuf_0_clk/A (sg13g2_buf_8)
     2    0.022037    0.038307    0.112797    5.132023 ^ clkbuf_0_clk/X (sg13g2_buf_8)
                                                         clknet_0_clk (net)
                      0.038322    0.001383    5.133406 ^ clkbuf_1_1__f_clk/A (sg13g2_buf_8)
     5    0.018602    0.035625    0.105290    5.238696 ^ clkbuf_1_1__f_clk/X (sg13g2_buf_8)
                                                         clknet_1_1__leaf_clk (net)
                      0.035625    0.000396    5.239091 ^ _298_/CLK (sg13g2_dfrbpq_1)
                                 -0.250000    4.989091   clock uncertainty
                                  0.000000    4.989091   clock reconvergence pessimism
                                 -0.212831    4.776260   library recovery time
                                              4.776260   data required time
---------------------------------------------------------------------------------------------
                                              4.776260   data required time
                                             -1.344549   data arrival time
---------------------------------------------------------------------------------------------
                                              3.431711   slack (MET)


Startpoint: _294_ (rising edge-triggered flip-flop clocked by clk)
Endpoint: sine_out[1] (output port clocked by clk)
Path Group: clk
Path Type: max

Fanout         Cap        Slew       Delay        Time   Description
---------------------------------------------------------------------------------------------
                                  0.000000    0.000000   clock clk (rise edge)
                                  0.000000    0.000000   clock source latency
     1    0.014425    0.048341    0.019226    0.019226 ^ clk (in)
                                                         clk (net)
                      0.048353    0.000000    0.019226 ^ clkbuf_0_clk/A (sg13g2_buf_8)
     2    0.022037    0.038307    0.112797    0.132023 ^ clkbuf_0_clk/X (sg13g2_buf_8)
                                                         clknet_0_clk (net)
                      0.038322    0.001397    0.133420 ^ clkbuf_1_0__f_clk/A (sg13g2_buf_8)
     5    0.020979    0.037246    0.106661    0.240080 ^ clkbuf_1_0__f_clk/X (sg13g2_buf_8)
                                                         clknet_1_0__leaf_clk (net)
                      0.037246    0.000642    0.240722 ^ _294_/CLK (sg13g2_dfrbpq_1)
     2    0.005449    0.042849    0.269112    0.509834 v _294_/Q (sg13g2_dfrbpq_1)
                                                         DPATH.SUM.fa_1.A (net)
                      0.042849    0.000080    0.509915 v hold6/A (sg13g2_dlygate4sd3_1)
     1    0.008227    0.082980    0.623154    1.133069 v hold6/X (sg13g2_dlygate4sd3_1)
                                                         net42 (net)
                      0.082980    0.000337    1.133406 v fanout77/A (sg13g2_buf_8)
     8    0.047618    0.052347    0.151966    1.285372 v fanout77/X (sg13g2_buf_8)
                                                         net77 (net)
                      0.052729    0.003315    1.288687 v fanout76/A (sg13g2_buf_8)
     8    0.044011    0.049785    0.133680    1.422366 v fanout76/X (sg13g2_buf_8)
                                                         net76 (net)
                      0.050581    0.004821    1.427188 v _146_/A1 (sg13g2_o21ai_1)
     4    0.016766    0.293605    0.281054    1.708241 ^ _146_/Y (sg13g2_o21ai_1)
                                                         _114_ (net)
                      0.293606    0.000424    1.708665 ^ _234_/A2 (sg13g2_a21oi_1)
     2    0.007406    0.126637    0.215920    1.924585 v _234_/Y (sg13g2_a21oi_1)
                                                         _059_ (net)
                      0.126637    0.000364    1.924949 v _267_/A1 (sg13g2_o21ai_1)
     1    0.004271    0.121310    0.176581    2.101530 ^ _267_/Y (sg13g2_o21ai_1)
                                                         _091_ (net)
                      0.121310    0.000293    2.101822 ^ _270_/A1 (sg13g2_a21oi_1)
     1    0.003449    0.079669    0.120698    2.222521 v _270_/Y (sg13g2_a21oi_1)
                                                         _094_ (net)
                      0.079670    0.000258    2.222779 v _273_/A (sg13g2_nor2_1)
     1    0.004306    0.089289    0.116149    2.338928 ^ _273_/Y (sg13g2_nor2_1)
                                                         _097_ (net)
                      0.089289    0.000325    2.339253 ^ _274_/B1 (sg13g2_a22oi_1)
     1    0.007685    0.119436    0.136389    2.475642 v _274_/Y (sg13g2_a22oi_1)
                                                         net15 (net)
                      0.119441    0.000703    2.476345 v output15/A (sg13g2_buf_1)
     1    0.008619    0.059838    0.156624    2.632969 v output15/X (sg13g2_buf_1)
                                                         sine_out[1] (net)
                      0.059842    0.000557    2.633527 v sine_out[1] (out)
                                              2.633527   data arrival time

                                  5.000000    5.000000   clock clk (rise edge)
                                  0.000000    5.000000   clock network delay (propagated)
                                 -0.250000    4.750000   clock uncertainty
                                  0.000000    4.750000   clock reconvergence pessimism
                                 -1.000000    3.750000   output external delay
                                              3.750000   data required time
---------------------------------------------------------------------------------------------
                                              3.750000   data required time
                                             -2.633527   data arrival time
---------------------------------------------------------------------------------------------
                                              1.116473   slack (MET)




===========================================================================
report_checks --slack_max -0.01
============================================================================
======================= nom_slow_1p08V_125C Corner ===================================

No paths found.


===========================================================================
 report_check_types -max_slew -max_cap -max_fanout -violators
============================================================================
======================= nom_slow_1p08V_125C Corner ===================================



===========================================================================
report_parasitic_annotation -report_unannotated
============================================================================
Found 1 unannotated drivers.
 clkload0/Y
Found 0 partially unannotated drivers.

===========================================================================
max slew violation count 0
max fanout violation count 0
max cap violation count 0
============================================================================

===========================================================================
check_setup -verbose -unconstrained_endpoints -multiple_clock -no_clock -no_input_delay -loops -generated_clocks
===========================================================================
