Clock: clk
Sources: clk 
Generated: no
Virtual: yes
Propagated: no
Period: 5.000000

===========================================================================
report_clock_properties
============================================================================
Clock                   Period          Waveform
----------------------------------------------------
clk                   5.000000    0.000000  2.500000

===========================================================================
report_clock_latency
============================================================================
Clock clk
rise -> rise
    min     max
0.000000 0.000000 source latency
0.239086         network latency _297_/CLK
        0.240818 network latency _301_/CLK
---------------
0.239086 0.240818 latency
        0.001732 skew

fall -> fall
    min     max
0.000000 0.000000 source latency
0.245464         network latency _297_/CLK
        0.246897 network latency _301_/CLK
---------------
0.245464 0.246897 latency
        0.001433 skew



===========================================================================
report_clock_min_period
============================================================================
clk period_min = 3.23 fmax = 309.27
