Clock: clk
Sources: clk 
Generated: no
Virtual: yes
Propagated: no
Period: 5.000000

===========================================================================
report_clock_properties
============================================================================
Clock                   Period          Waveform
----------------------------------------------------
clk                   5.000000    0.000000  2.500000

===========================================================================
report_clock_latency
============================================================================
Clock clk
rise -> rise
    min     max
0.000000 0.000000 source latency
0.000335         network latency _294_/CLK
        0.000609 network latency _293_/CLK
---------------
0.000335 0.000609 latency
        0.000273 skew

fall -> fall
    min     max
0.000000 0.000000 source latency
0.000300         network latency _294_/CLK
        0.000544 network latency _293_/CLK
---------------
0.000300 0.000544 latency
        0.000243 skew



===========================================================================
report_clock_min_period
============================================================================
clk period_min = 1.56 fmax = 640.46
