Reading timing models for corner nom_fast_1p32V_m40C…
Reading timing library for the 'nom_fast_1p32V_m40C' corner at '/opt/pdks/ciel/ihp-sg13g2/versions/cb7daaa8901016cf7c5d272dfa322c41f024931f/ihp-sg13g2/libs.ref/sg13g2_stdcell/lib/sg13g2_stdcell_fast_1p32V_m40C.lib'…
Reading timing models for corner nom_slow_1p08V_125C…
Reading timing library for the 'nom_slow_1p08V_125C' corner at '/opt/pdks/ciel/ihp-sg13g2/versions/cb7daaa8901016cf7c5d272dfa322c41f024931f/ihp-sg13g2/libs.ref/sg13g2_stdcell/lib/sg13g2_stdcell_slow_1p08V_125C.lib'…
Reading timing models for corner nom_typ_1p20V_25C…
Reading timing library for the 'nom_typ_1p20V_25C' corner at '/opt/pdks/ciel/ihp-sg13g2/versions/cb7daaa8901016cf7c5d272dfa322c41f024931f/ihp-sg13g2/libs.ref/sg13g2_stdcell/lib/sg13g2_stdcell_typ_1p20V_25C.lib'…
Reading OpenROAD database at '/home/designer/shared/Bioimpedance-ASIC-for-skin-cancer-detection/current_generator/digital/DigitalSine/runs/RUN_2025-12-14_10-41-31/28-openroad-globalplacement/DigitalSine.odb'…
Reading design constraints file at '/home/designer/shared/Bioimpedance-ASIC-for-skin-cancer-detection/current_generator/digital/DigitalSine/cons.sdc'…
[WARNING STA-0138] clock arg 'clk' clock not found.
[WARNING STA-0138] clock arg 'clk' clock not found.
[INFO] No information on clock propagation in input SDC file-- propagating all clocks.
[INFO RSZ-0027] Inserted 1 input buffers.
[INFO RSZ-0028] Inserted 35 output buffers.
+ repair_design -verbose -max_wire_length 0 -slew_margin 20 -cap_margin 20
[INFO RSZ-0058] Using max wire length 5028um.
Iteration |   Area    | Resized | Buffers | Nets repaired | Remaining
---------------------------------------------------------------------
        0 |     +0.0% |       0 |       0 |             0 |       239
       10 |     +0.0% |       0 |       0 |             0 |       229
       20 |     +0.0% |       0 |       0 |             0 |       219
       30 |     +0.0% |       0 |       0 |             0 |       209
       40 |     +0.0% |       0 |       0 |             0 |       199
       50 |     +0.0% |       0 |       0 |             0 |       189
       60 |     +0.0% |       0 |       0 |             0 |       179
       70 |     +0.0% |       0 |       0 |             0 |       169
       80 |     +0.0% |       0 |       0 |             0 |       159
       90 |     +0.0% |       0 |       0 |             0 |       149
      100 |     +0.0% |       0 |       0 |             0 |       139
      110 |     +0.0% |       0 |       0 |             0 |       129
      120 |     +0.0% |       0 |       0 |             0 |       119
      130 |     +0.0% |       0 |       0 |             0 |       109
      140 |     +0.0% |       0 |       0 |             0 |        99
      150 |     +0.0% |       1 |       0 |             0 |        89
      160 |     +0.7% |       3 |       0 |             0 |        79
      170 |     +0.7% |       3 |       0 |             0 |        69
      180 |     +0.6% |       7 |       0 |             0 |        59
      190 |     +1.9% |      13 |       0 |             0 |        49
      200 |     +2.1% |      18 |       0 |             0 |        39
      210 |     +3.6% |      23 |       0 |             0 |        29
      220 |     +5.2% |      29 |       0 |             0 |        19
      230 |     +5.2% |      30 |       0 |             0 |         9
    final |     +5.6% |      31 |       1 |             1 |         0
---------------------------------------------------------------------
[INFO RSZ-0035] Found 1 fanout violations.
[INFO RSZ-0039] Resized 31 instances.
[INFO RSZ-0038] Inserted 1 buffers in 1 nets.
+ detailed_placement -max_displacement  500 100 
Placement Analysis
---------------------------------
total displacement       1138.8 u
average displacement        4.8 u
max displacement           30.2 u
original HPWL            4007.7 u
legalized HPWL           5069.2 u
delta HPWL                   26 %

[INFO DPL-0020] Mirrored 103 instances
[INFO DPL-0021] HPWL before            5069.2 u
[INFO DPL-0022] HPWL after             4972.0 u
[INFO DPL-0023] HPWL delta               -1.9 %
Setting global connections for newly added cells…
[INFO] Setting global connections...
Updating metrics…
Cell type report:                       Count       Area
  Timing Repair Buffer                     61     713.06
  Inverter                                 15      87.09
  Sequential cell                           9     442.71
  Multi-Input combinational cell          153    1429.75
  Total                                   238    2672.61
Writing OpenROAD database to '/home/designer/shared/Bioimpedance-ASIC-for-skin-cancer-detection/current_generator/digital/DigitalSine/runs/RUN_2025-12-14_10-41-31/32-openroad-repairdesignpostgpl/DigitalSine.odb'…
Writing netlist to '/home/designer/shared/Bioimpedance-ASIC-for-skin-cancer-detection/current_generator/digital/DigitalSine/runs/RUN_2025-12-14_10-41-31/32-openroad-repairdesignpostgpl/DigitalSine.nl.v'…
Writing powered netlist to '/home/designer/shared/Bioimpedance-ASIC-for-skin-cancer-detection/current_generator/digital/DigitalSine/runs/RUN_2025-12-14_10-41-31/32-openroad-repairdesignpostgpl/DigitalSine.pnl.v'…
Writing layout to '/home/designer/shared/Bioimpedance-ASIC-for-skin-cancer-detection/current_generator/digital/DigitalSine/runs/RUN_2025-12-14_10-41-31/32-openroad-repairdesignpostgpl/DigitalSine.def'…
Writing timing constraints to '/home/designer/shared/Bioimpedance-ASIC-for-skin-cancer-detection/current_generator/digital/DigitalSine/runs/RUN_2025-12-14_10-41-31/32-openroad-repairdesignpostgpl/DigitalSine.sdc'…
